[600, 300.0, 150.0, 75.0]
predictive decrease 1.1253753862900324 actual decrease 0.15248892627523436
objective value with out tv norm 0.38739629492270755
[600, 300.0, 150.0, 75.0, 37.5]
predictive decrease 0.8580488840606578 actual decrease 0.0806764478624512
objective value with out tv norm 0.30671984706025635
[600, 300.0, 150.0, 75.0, 37.5]
predictive decrease 0.7819090000345752 actual decrease 0.09550040598550114
objective value with out tv norm 0.2112194410747552
[600, 300.0, 150.0, 75.0, 37.5, 30, 29]
predictive decrease 0.570492603264934 actual decrease 0.02365856265653954
objective value with out tv norm 0.18756087841821567
[600, 300.0, 150.0, 75.0, 37.5, 30, 29, 28, 27, 26]
predictive decrease 0.5010123751922914 actual decrease 0.0021985964426866067
objective value with out tv norm 0.18536228197552906
[600, 300.0, 150.0, 75.0, 37.5, 30, 29, 28, 27, 26, 25]
predictive decrease 0.4940219895494607 actual decrease 0.014560473170650123
objective value with out tv norm 0.17080180880487894
[600, 300.0, 150.0, 75.0, 37.5, 30, 29, 28, 27, 26, 25, 24, 23]
predictive decrease 0.4265519131426068 actual decrease 0.01261795062701443
objective value with out tv norm 0.1581838581778645
[600, 300.0, 150.0, 75.0, 37.5, 30, 29, 28, 27, 26, 25, 24, 23, 22]
predictive decrease 0.4002780578865843 actual decrease 0.006782476739451648
objective value with out tv norm 0.15140138143841286
[600, 300.0, 150.0, 75.0, 37.5, 30, 29, 28, 27, 26, 25, 24, 23, 22, 21, 20]
predictive decrease 0.35386587147748305 actual decrease 0.013570015561266024
objective value with out tv norm 0.13783136587714684
[600, 300.0, 150.0, 75.0, 37.5, 30, 29, 28, 27, 26, 25, 24, 23, 22, 21, 20, 19]
predictive decrease 0.3214565334254272 actual decrease 0.003626522082631034
objective value with out tv norm 0.1342048437945158
[600, 300.0, 150.0, 75.0, 37.5, 30, 29, 28, 27, 26, 25, 24, 23, 22, 21, 20, 19, 18]
predictive decrease 0.2960472738143669 actual decrease 0.015552067438578399
objective value with out tv norm 0.1186527763559374
[600, 300.0, 150.0, 75.0, 37.5, 30, 29, 28, 27, 26, 25, 24, 23, 22, 21, 20, 19, 18, 17, 16]
predictive decrease 0.24504391260687342 actual decrease 0.009671841815000137
objective value with out tv norm 0.10898093454093727
[600, 300.0, 150.0, 75.0, 37.5, 30, 29, 28, 27, 26, 25, 24, 23, 22, 21, 20, 19, 18, 17, 16, 15]
predictive decrease 0.21300659381310452 actual decrease 0.01152558257887315
objective value with out tv norm 0.09745535196206412
[600, 300.0, 150.0, 75.0, 37.5, 30, 29, 28, 27, 26, 25, 24, 23, 22, 21, 20, 19, 18, 17, 16, 15, 14, 13]
predictive decrease 0.16983140487374934 actual decrease 0.009783682495476675
objective value with out tv norm 0.08767166946658744
[600, 300.0, 150.0, 75.0, 37.5, 30, 29, 28, 27, 26, 25, 24, 23, 22, 21, 20, 19, 18, 17, 16, 15, 14]
predictive decrease 0.16248547215633408 actual decrease 0.0006229904705168376
objective value with out tv norm 0.0870486789960706
[600, 300.0, 150.0, 75.0, 37.5, 30, 29, 28, 27, 26, 25, 24, 23, 22, 21, 20, 19, 18, 17, 16, 15, 14, 13]
predictive decrease 0.1536636443769679 actual decrease 0.00464474906554968
objective value with out tv norm 0.08240392993052092
[600, 300.0, 150.0, 75.0, 37.5, 30, 29, 28, 27, 26, 25, 24, 23, 22, 21, 20, 19, 18, 17, 16, 15, 14, 13, 12]
predictive decrease 0.14056532764421156 actual decrease 0.004216107782382239
objective value with out tv norm 0.07818782214813869
[600, 300.0, 150.0, 75.0, 37.5, 30, 29, 28, 27, 26, 25, 24, 23, 22, 21, 20, 19, 18, 17, 16, 15, 14, 13, 12, 11]
predictive decrease 0.11996664690226475 actual decrease 0.005022486962020012
objective value with out tv norm 0.07316533518611867
[600, 300.0, 150.0, 75.0, 37.5, 30, 29, 28, 27, 26, 25, 24, 23, 22, 21, 20, 19, 18, 17, 16, 15, 14, 13]
predictive decrease 0.12797223677246902 actual decrease 0.00022469239879563396
objective value with out tv norm 0.07294064278732304
[600, 300.0, 150.0, 75.0, 37.5, 30, 29, 28, 27, 26, 25, 24, 23, 22, 21, 20, 19, 18, 17, 16, 15, 14, 13]
predictive decrease 0.14600215827037558 actual decrease 0.004639707708128715
objective value with out tv norm 0.06830093507919432
[600, 300.0, 150.0, 75.0, 37.5, 30, 29, 28, 27, 26, 25, 24, 23, 22, 21, 20, 19, 18, 17, 16, 15, 14, 13, 12]
predictive decrease 0.14080369307684987 actual decrease 0.0027388273989070733
objective value with out tv norm 0.06556210768028725
[600, 300.0, 150.0, 75.0, 37.5, 30, 29, 28, 27, 26, 25, 24, 23, 22, 21, 20, 19, 18, 17, 16, 15, 14, 13, 12, 11]
predictive decrease 0.12489636847716137 actual decrease 0.006570780593607939
objective value with out tv norm 0.05899132708667931
[600, 300.0, 150.0, 75.0, 37.5, 30, 29, 28, 27, 26, 25, 24, 23, 22, 21, 20, 19, 18, 17, 16, 15, 14, 13, 12, 11, 10]
predictive decrease 0.10380562422351328 actual decrease 0.0022124463770759606
objective value with out tv norm 0.05677888070960335
[600, 300.0, 150.0, 75.0, 37.5, 30, 29, 28, 27, 26, 25, 24, 23, 22, 21, 20, 19, 18, 17, 16, 15, 14, 13, 12, 11, 10, 9]
predictive decrease 0.0735125258876409 actual decrease 0.013133317128061761
objective value with out tv norm 0.04364556358154159
[600, 300.0, 150.0, 75.0, 37.5, 30, 29, 28, 27, 26, 25, 24, 23, 22, 21, 20, 19, 18, 17, 16, 15, 14, 13, 12, 11, 10, 9, 8, 7, 6]
predictive decrease 0.04009647994642975 actual decrease 0.00023640187535045598
objective value with out tv norm 0.043409161706191135
[600, 300.0, 150.0, 75.0, 37.5, 30, 29, 28, 27, 26, 25, 24, 23, 22, 21, 20, 19, 18, 17, 16, 15, 14, 13, 12, 11, 10, 9, 8, 7]
predictive decrease 0.0515857007883453 actual decrease 0.0053714803763162955
objective value with out tv norm 0.03803768132987484
[600, 300.0, 150.0, 75.0, 37.5, 30, 29, 28, 27, 26, 25, 24, 23, 22, 21, 20, 19, 18, 17, 16, 15, 14, 13, 12, 11, 10, 9, 8, 7]
predictive decrease 0.04242618129868806 actual decrease 0.00031341611162605254
objective value with out tv norm 0.03772426521824879
[600, 300.0, 150.0, 75.0, 37.5, 30, 29, 28, 27, 26, 25, 24, 23, 22, 21, 20, 19, 18, 17, 16, 15, 14, 13, 12, 11, 10, 9, 8, 7]
predictive decrease 0.04867725532083099 actual decrease 0.002939110444127646
objective value with out tv norm 0.03478515477412114
[600, 300.0, 150.0, 75.0, 37.5, 30, 29, 28, 27, 26, 25, 24, 23, 22, 21, 20, 19, 18, 17, 16, 15, 14, 13, 12, 11, 10, 9, 8, 7, 6]
predictive decrease 0.04175223910626846 actual decrease 0.0007329894509385815
objective value with out tv norm 0.03405216532318256
[600, 300.0, 150.0, 75.0, 37.5, 30, 29, 28, 27, 26, 25, 24, 23, 22, 21, 20, 19, 18, 17, 16, 15, 14, 13, 12, 11, 10, 9, 8, 7, 6, 5]
predictive decrease 0.03373840338687527 actual decrease 0.004725669796587395
objective value with out tv norm 0.029326495526595164
[600, 300.0, 150.0, 75.0, 37.5, 30, 29, 28, 27, 26, 25, 24, 23, 22, 21, 20, 19, 18, 17, 16, 15, 14, 13, 12, 11, 10, 9, 8, 7, 6, 5, 4]
predictive decrease 0.019436860016417243 actual decrease 0.0005365682190098253
objective value with out tv norm 0.02878992730758534
[600, 300.0, 150.0, 75.0, 37.5, 30, 29, 28, 27, 26, 25, 24, 23, 22, 21, 20, 19, 18, 17, 16, 15, 14, 13, 12, 11, 10, 9, 8, 7, 6, 5, 4, 3]
predictive decrease 0.013612621298162193 actual decrease 0.0028494530598975887
objective value with out tv norm 0.02594047424768775
[600, 300.0, 150.0, 75.0, 37.5, 30, 29, 28, 27, 26, 25, 24, 23, 22, 21, 20, 19, 18, 17, 16, 15, 14, 13, 12, 11, 10, 9, 8]
predictive decrease 0.026317343884422528 actual decrease 0.00179935310688506
objective value with out tv norm 0.02414112114080269
[600, 300.0, 150.0, 75.0, 37.5, 30, 29, 28, 27, 26, 25, 24, 23, 22, 21, 20, 19, 18, 17, 16, 15, 14, 13, 12, 11, 10, 9, 8, 7, 6]
predictive decrease 0.04162928018271693 actual decrease 0.00010023106812639959
objective value with out tv norm 0.02404089007267629
[600, 300.0, 150.0, 75.0, 37.5, 30, 29, 28, 27, 26, 25, 24, 23, 22, 21, 20, 19, 18, 17, 16, 15, 14, 13, 12, 11, 10, 9, 8, 7, 6]
predictive decrease 0.045369397746650615 actual decrease 0.0037409888275166114
objective value with out tv norm 0.02029990124515968
[600, 300.0, 150.0, 75.0, 37.5, 30, 29, 28, 27, 26, 25, 24, 23, 22, 21, 20, 19, 18, 17, 16, 15, 14, 13, 12, 11, 10, 9, 8, 7, 6, 5]
predictive decrease 0.032262959132938696 actual decrease 0.0037227238497362647
objective value with out tv norm 0.016577177395423415
[600, 300.0, 150.0, 75.0, 37.5, 30, 29, 28, 27, 26, 25, 24, 23, 22, 21, 20, 19, 18, 17, 16, 15, 14, 13, 12, 11, 10, 9, 8, 7, 6, 5, 4]
predictive decrease 0.020914181022180987 actual decrease 0.0015651548412748406
objective value with out tv norm 0.015012022554148574
[600, 300.0, 150.0, 75.0, 37.5, 30, 29, 28, 27, 26, 25, 24, 23, 22, 21, 20, 19, 18, 17, 16, 15, 14, 13, 12, 11, 10, 9, 8, 7, 6, 5, 4, 3]
predictive decrease 0.013350885107402625 actual decrease 0.002352116130480364
objective value with out tv norm 0.01265990642366821
[600, 300.0, 150.0, 75.0, 37.5, 30, 29, 28, 27, 26, 25, 24, 23, 22, 21, 20, 19, 18, 17, 16, 15, 14, 13, 12, 11, 10, 9, 8, 7, 6, 5, 4]
predictive decrease 0.013551628263034078 actual decrease 0.001029193105741233
objective value with out tv norm 0.011630713317926977
[600, 300.0, 150.0, 75.0, 37.5, 30, 29, 28, 27, 26, 25, 24, 23, 22, 21, 20, 19, 18, 17, 16, 15, 14, 13, 12, 11, 10, 9, 8, 7, 6, 5, 4, 3]
predictive decrease 0.009688817788169652 actual decrease 0.0012285921430544855
objective value with out tv norm 0.010402121174872492
[600, 300.0, 150.0, 75.0, 37.5, 30, 29, 28, 27, 26, 25, 24, 23, 22, 21, 20, 19, 18, 17, 16, 15, 14, 13, 12, 11, 10, 9, 8, 7, 6, 5, 4, 3]
predictive decrease 0.008599302349170017 actual decrease 0.0008357400422616124
objective value with out tv norm 0.00956638113261088
[600, 300.0, 150.0, 75.0, 37.5, 30, 29, 28, 27, 26, 25, 24, 23, 22, 21, 20, 19, 18, 17, 16, 15, 14, 13, 12, 11, 10, 9, 8, 7, 6, 5, 4, 3, 2]
predictive decrease 0.005856060881127862 actual decrease 0.000911920448231518
objective value with out tv norm 0.008654460684379361
[600, 300.0, 150.0, 75.0, 37.5, 30, 29, 28, 27, 26, 25, 24, 23, 22, 21, 20, 19, 18, 17, 16, 15, 14, 13, 12, 11, 10, 9, 8, 7, 6, 5, 4, 3, 2, 1]
predictive decrease 0.0020435355879450164 actual decrease 0.0008030746218833373
objective value with out tv norm 0.007851386062496024
[600, 300.0, 150.0, 75.0, 37.5, 30, 29, 28, 27, 26, 25, 24, 23, 22, 21, 20, 19, 18, 17, 16, 15, 14, 13, 12, 11, 10, 9, 8, 7, 6, 5, 4, 3, 2, 1]
predictive decrease 0.0016250406642065944 actual decrease 0.00038594698067206945
objective value with out tv norm 0.007465439081823955
[600, 300.0, 150.0, 75.0, 37.5, 30, 29, 28, 27, 26, 25, 24, 23, 22, 21, 20, 19, 18, 17, 16, 15, 14, 13, 12, 11, 10, 9, 8, 7, 6, 5, 4, 3, 2]
predictive decrease 0.0032770993497281565 actual decrease 6.529241663799645e-05
objective value with out tv norm 0.007400146665185958
[600, 300.0, 150.0, 75.0, 37.5, 30, 29, 28, 27, 26, 25, 24, 23, 22, 21, 20, 19, 18, 17, 16, 15, 14, 13, 12, 11, 10, 9, 8, 7, 6, 5, 4, 3, 2]
predictive decrease 0.00351377014779756 actual decrease 0.00020262024186412653
objective value with out tv norm 0.007197526423321832
[600, 300.0, 150.0, 75.0, 37.5, 30, 29, 28, 27, 26, 25, 24, 23, 22, 21, 20, 19, 18, 17, 16, 15, 14, 13, 12, 11, 10, 9, 8, 7, 6, 5, 4, 3, 2, 1]
predictive decrease 0.002178648576274369 actual decrease 0.0009408298439130824
objective value with out tv norm 0.006256696579408749
[600, 300.0, 150.0, 75.0, 37.5, 30, 29, 28, 27, 26, 25, 24, 23, 22, 21, 20, 19, 18, 17, 16, 15, 14, 13, 12, 11, 10, 9, 8, 7, 6, 5, 4, 3, 2, 1, 0.5]
predictive decrease 0.0 actual decrease 0.0
objective value with out tv norm 0.006256696579408749
objective value without tv norm 0.006256696579408749
norm 33.0
computational time 150.2503218650818
total iterations 1238
