[600, 300.0, 150.0, 75.0, 37.5, 30, 29]
predictive decrease 0.46246022098723405 actual decrease 0.014709865885048634
objective value with out tv norm 0.275486136469986
[600, 300.0, 150.0, 75.0, 37.5, 30, 29, 28, 27, 26]
predictive decrease 0.492368943514339 actual decrease 0.004037238925715614
objective value with out tv norm 0.2714488975442704
[600, 300.0, 150.0, 75.0, 37.5, 30, 29, 28, 27]
predictive decrease 0.5214864258513607 actual decrease 0.009499032482113923
objective value with out tv norm 0.26194986506215645
[600, 300.0, 150.0, 75.0, 37.5, 30, 29, 28, 27, 26, 25]
predictive decrease 0.4879242234331326 actual decrease 0.0007822500462218995
objective value with out tv norm 0.26116761501593455
[600, 300.0, 150.0, 75.0, 37.5, 30, 29, 28, 27, 26, 25, 24]
predictive decrease 0.45672365987240915 actual decrease 0.0068871702006194635
objective value with out tv norm 0.2542804448153151
[600, 300.0, 150.0, 75.0, 37.5, 30, 29, 28, 27, 26, 25, 24, 23]
predictive decrease 0.43525036430783914 actual decrease 0.001387329402283588
objective value with out tv norm 0.2528931154130315
[600, 300.0, 150.0, 75.0, 37.5, 30, 29, 28, 27, 26, 25, 24, 23, 22]
predictive decrease 0.4050459419190056 actual decrease 0.006687358394165455
objective value with out tv norm 0.24620575701886604
[600, 300.0, 150.0, 75.0, 37.5, 30, 29, 28, 27, 26, 25, 24, 23, 22, 21]
predictive decrease 0.3795895232456482 actual decrease 0.008036267835036859
objective value with out tv norm 0.23816948918382919
[600, 300.0, 150.0, 75.0, 37.5, 30, 29, 28, 27, 26, 25]
predictive decrease 0.4362804347329681 actual decrease 0.07534710606501926
objective value with out tv norm 0.16282238311880992
[600, 300.0, 150.0, 75.0, 37.5, 30, 29, 28, 27, 26]
predictive decrease 0.33644974530639093 actual decrease 0.00368718039223892
objective value with out tv norm 0.159135202726571
[600, 300.0, 150.0, 75.0, 37.5, 30, 29, 28, 27, 26, 25, 24, 23, 22, 21]
predictive decrease 0.35958967600381564 actual decrease 0.03015120309332353
objective value with out tv norm 0.12898399963324747
[600, 300.0, 150.0, 75.0, 37.5, 30, 29, 28, 27, 26, 25, 24, 23, 22, 21, 20, 19, 18]
predictive decrease 0.27113210534703636 actual decrease 0.002299301139668919
objective value with out tv norm 0.12668469849357855
[600, 300.0, 150.0, 75.0, 37.5, 30, 29, 28, 27, 26, 25, 24, 23, 22, 21, 20, 19]
predictive decrease 0.27713126458148285 actual decrease 0.011487766939018207
objective value with out tv norm 0.11519693155456034
[600, 300.0, 150.0, 75.0, 37.5, 30, 29, 28, 27, 26, 25, 24, 23, 22, 21, 20, 19, 18, 17, 16]
predictive decrease 0.23748171999474293 actual decrease 0.0012964779908486435
objective value with out tv norm 0.1139004535637117
[600, 300.0, 150.0, 75.0, 37.5, 30, 29, 28, 27, 26, 25, 24, 23, 22, 21, 20, 19, 18, 17, 16, 15]
predictive decrease 0.22541915265861243 actual decrease 0.012882942659627528
objective value with out tv norm 0.10101751090408417
[600, 300.0, 150.0, 75.0, 37.5, 30, 29, 28, 27, 26, 25, 24, 23, 22, 21, 20, 19, 18, 17, 16, 15, 14]
predictive decrease 0.18946121606832533 actual decrease 0.0020004367631163422
objective value with out tv norm 0.09901707414096783
[600, 300.0, 150.0, 75.0, 37.5, 30, 29, 28, 27, 26, 25, 24, 23, 22, 21, 20, 19, 18, 17, 16, 15, 14, 13]
predictive decrease 0.17726493010602418 actual decrease 0.010946401435170228
objective value with out tv norm 0.0880706727057976
[600, 300.0, 150.0, 75.0, 37.5, 30, 29, 28, 27, 26, 25, 24, 23, 22, 21, 20, 19, 18, 17, 16, 15, 14, 13, 12]
predictive decrease 0.1456979714286047 actual decrease 0.0017089380469913484
objective value with out tv norm 0.08636173465880626
[600, 300.0, 150.0, 75.0, 37.5, 30, 29, 28, 27, 26, 25, 24, 23, 22, 21, 20, 19, 18, 17, 16, 15, 14, 13, 12, 11]
predictive decrease 0.13557207909813065 actual decrease 0.009653173818594762
objective value with out tv norm 0.07670856084021149
[600, 300.0, 150.0, 75.0, 37.5, 30, 29, 28, 27, 26, 25, 24, 23, 22, 21, 20, 19, 18, 17, 16, 15, 14, 13, 12, 11, 10]
predictive decrease 0.10731344382559498 actual decrease 0.0024100588239944765
objective value with out tv norm 0.07429850201621702
[600, 300.0, 150.0, 75.0, 37.5, 30, 29, 28, 27, 26, 25, 24, 23, 22, 21, 20, 19, 18, 17, 16, 15, 14, 13, 12, 11, 10, 9]
predictive decrease 0.09760056637549097 actual decrease 0.007034103974472572
objective value with out tv norm 0.06726439804174444
[600, 300.0, 150.0, 75.0, 37.5, 30, 29, 28, 27, 26, 25, 24, 23, 22, 21, 20, 19, 18, 17, 16, 15, 14, 13, 12, 11, 10, 9, 8]
predictive decrease 0.0752786118431473 actual decrease 0.003099514834641992
objective value with out tv norm 0.06416488320710245
[600, 300.0, 150.0, 75.0, 37.5, 30, 29, 28, 27, 26, 25, 24, 23, 22, 21, 20, 19, 18, 17, 16, 15, 14, 13, 12, 11, 10]
predictive decrease 0.07877740460920589 actual decrease 0.000267194356349143
objective value with out tv norm 0.06389768885075331
[600, 300.0, 150.0, 75.0, 37.5, 30, 29, 28, 27, 26, 25, 24, 23, 22, 21, 20, 19, 18, 17, 16, 15, 14, 13, 12, 11, 10, 9, 8]
predictive decrease 0.0771629348113375 actual decrease 0.004685820377814287
objective value with out tv norm 0.05921186847293902
[600, 300.0, 150.0, 75.0, 37.5, 30, 29, 28, 27, 26, 25, 24, 23, 22, 21, 20, 19, 18, 17, 16, 15, 14, 13, 12, 11, 10, 9, 8, 7]
predictive decrease 0.060852821097898704 actual decrease 0.004884292277179458
objective value with out tv norm 0.054327576195759564
[600, 300.0, 150.0, 75.0, 37.5, 30, 29, 28, 27, 26, 25, 24, 23, 22, 21, 20, 19, 18, 17, 16, 15, 14, 13, 12, 11, 10, 9, 8, 7]
predictive decrease 0.05174654022022261 actual decrease 0.0017367008577261478
objective value with out tv norm 0.052590875338033416
[600, 300.0, 150.0, 75.0, 37.5, 30, 29, 28, 27, 26, 25, 24, 23, 22, 21, 20, 19, 18, 17, 16, 15, 14, 13, 12, 11, 10, 9]
predictive decrease 0.06285522807325755 actual decrease 0.004646298525881942
objective value with out tv norm 0.047944576812151474
[600, 300.0, 150.0, 75.0, 37.5, 30, 29, 28, 27, 26, 25, 24, 23, 22, 21, 20, 19, 18, 17, 16, 15, 14, 13, 12, 11, 10]
predictive decrease 0.06538824551335615 actual decrease 0.00196634659626449
objective value with out tv norm 0.045978230215886984
[600, 300.0, 150.0, 75.0, 37.5, 30, 29, 28, 27, 26, 25, 24, 23, 22, 21, 20, 19, 18, 17, 16, 15, 14, 13, 12, 11, 10, 9]
predictive decrease 0.06754410248275142 actual decrease 0.004017606537064844
objective value with out tv norm 0.04196062367882214
[600, 300.0, 150.0, 75.0, 37.5, 30, 29, 28, 27, 26, 25, 24, 23, 22, 21, 20, 19, 18, 17, 16, 15, 14, 13, 12, 11, 10, 9, 8]
predictive decrease 0.06838982441091455 actual decrease 0.003920222863185052
objective value with out tv norm 0.03804040081563709
[600, 300.0, 150.0, 75.0, 37.5, 30, 29, 28, 27, 26, 25, 24, 23, 22, 21, 20, 19, 18, 17, 16, 15, 14, 13, 12, 11, 10, 9, 8, 7]
predictive decrease 0.05470802834337395 actual decrease 0.004331155951227683
objective value with out tv norm 0.033709244864409404
[600, 300.0, 150.0, 75.0, 37.5, 30, 29, 28, 27, 26, 25, 24, 23, 22, 21, 20, 19, 18, 17, 16, 15, 14, 13, 12, 11, 10, 9, 8, 7, 6]
predictive decrease 0.041488471119303004 actual decrease 0.0006890182632041109
objective value with out tv norm 0.033020226601205294
[600, 300.0, 150.0, 75.0, 37.5, 30, 29, 28, 27, 26, 25, 24, 23, 22, 21, 20, 19, 18, 17, 16, 15, 14, 13, 12, 11, 10, 9, 8, 7, 6, 5]
predictive decrease 0.03344468823765648 actual decrease 0.004528041554176965
objective value with out tv norm 0.02849218504702833
[600, 300.0, 150.0, 75.0, 37.5, 30, 29, 28, 27, 26, 25, 24, 23, 22, 21, 20, 19, 18, 17, 16, 15, 14, 13, 12, 11, 10, 9, 8, 7, 6, 5]
predictive decrease 0.024759840879363143 actual decrease 0.002515206085203281
objective value with out tv norm 0.025976978961825048
[600, 300.0, 150.0, 75.0, 37.5, 30, 29, 28, 27, 26, 25, 24, 23, 22, 21, 20, 19, 18, 17, 16, 15, 14, 13, 12, 11, 10, 9, 8, 7, 6, 5, 4]
predictive decrease 0.020620056821132448 actual decrease 0.0016943391519230744
objective value with out tv norm 0.024282639809901974
[600, 300.0, 150.0, 75.0, 37.5, 30, 29, 28, 27, 26, 25, 24, 23, 22, 21, 20, 19, 18, 17, 16, 15, 14, 13, 12, 11, 10, 9, 8, 7, 6, 5, 4, 3]
predictive decrease 0.012796597680882111 actual decrease 0.002006424609219959
objective value with out tv norm 0.022276215200682015
[600, 300.0, 150.0, 75.0, 37.5, 30, 29, 28, 27, 26, 25, 24, 23, 22, 21, 20, 19, 18, 17, 16, 15, 14, 13, 12, 11, 10, 9, 8, 7, 6]
predictive decrease 0.01916588653128416 actual decrease 0.0003458692300528643
objective value with out tv norm 0.02193034597062915
[600, 300.0, 150.0, 75.0, 37.5, 30, 29, 28, 27, 26, 25, 24, 23, 22, 21, 20, 19, 18, 17, 16, 15, 14, 13, 12, 11, 10, 9, 8, 7, 6, 5]
predictive decrease 0.028232400578048947 actual decrease 0.00300967681673292
objective value with out tv norm 0.01892066915389623
[600, 300.0, 150.0, 75.0, 37.5, 30, 29, 28, 27, 26, 25, 24, 23, 22, 21, 20, 19, 18, 17, 16, 15, 14, 13, 12, 11, 10, 9, 8, 7, 6, 5, 4]
predictive decrease 0.01813674914596624 actual decrease 0.002673806635690945
objective value with out tv norm 0.016246862518205285
[600, 300.0, 150.0, 75.0, 37.5, 30, 29, 28, 27, 26, 25, 24, 23, 22, 21, 20, 19, 18, 17, 16, 15, 14, 13, 12, 11, 10, 9, 8, 7, 6, 5, 4, 3, 2]
predictive decrease 0.007201285036814379 actual decrease 0.0022964343178810687
objective value with out tv norm 0.013950428200324216
[600, 300.0, 150.0, 75.0, 37.5, 30, 29, 28, 27, 26, 25, 24, 23, 22, 21, 20, 19, 18, 17, 16, 15, 14, 13, 12, 11, 10, 9, 8, 7, 6, 5, 4, 3, 2, 1]
predictive decrease 0.00227412014852443 actual decrease 0.001041110515469068
objective value with out tv norm 0.012909317684855148
[600, 300.0, 150.0, 75.0, 37.5, 30, 29, 28, 27, 26, 25, 24, 23, 22, 21, 20, 19, 18, 17, 16, 15, 14, 13, 12, 11, 10, 9, 8, 7, 6, 5, 4, 3, 2, 1]
predictive decrease 0.001903912247521726 actual decrease 0.0006691478069811296
objective value with out tv norm 0.012240169877874019
[600, 300.0, 150.0, 75.0, 37.5, 30, 29, 28, 27, 26, 25, 24, 23, 22, 21, 20, 19, 18, 17, 16, 15, 14, 13, 12, 11, 10, 9, 8, 7, 6, 5, 4, 3, 2]
predictive decrease 0.005568881302852284 actual decrease 0.0006942434186776314
objective value with out tv norm 0.011545926459196387
[600, 300.0, 150.0, 75.0, 37.5, 30, 29, 28, 27, 26, 25, 24, 23, 22, 21, 20, 19, 18, 17, 16, 15, 14, 13, 12, 11, 10, 9, 8, 7, 6, 5, 4, 3]
predictive decrease 0.007853543565227147 actual decrease 0.0002843733202970711
objective value with out tv norm 0.011261553138899316
[600, 300.0, 150.0, 75.0, 37.5, 30, 29, 28, 27, 26, 25, 24, 23, 22, 21, 20, 19, 18, 17, 16, 15, 14, 13, 12, 11, 10, 9, 8, 7, 6, 5, 4, 3, 2]
predictive decrease 0.006641817194908861 actual decrease 0.001701934677845851
objective value with out tv norm 0.009559618461053465
[600, 300.0, 150.0, 75.0, 37.5, 30, 29, 28, 27, 26, 25, 24, 23, 22, 21, 20, 19, 18, 17, 16, 15, 14, 13, 12, 11, 10, 9, 8, 7, 6, 5, 4, 3, 2, 1]
predictive decrease 0.001959391439851164 actual decrease 0.0007210299204961634
objective value with out tv norm 0.008838588540557302
[600, 300.0, 150.0, 75.0, 37.5, 30, 29, 28, 27, 26, 25, 24, 23, 22, 21, 20, 19, 18, 17, 16, 15, 14, 13, 12, 11, 10, 9, 8, 7, 6, 5, 4, 3, 2, 1]
predictive decrease 0.0024126423760238024 actual decrease 0.0011768285669085943
objective value with out tv norm 0.007661759973648707
[600, 300.0, 150.0, 75.0, 37.5, 30, 29, 28, 27, 26, 25, 24, 23, 22, 21, 20, 19, 18, 17, 16, 15, 14, 13, 12, 11, 10, 9, 8, 7, 6, 5, 4, 3, 2, 1]
predictive decrease 0.0013809469827310902 actual decrease 0.0001415595454231644
objective value with out tv norm 0.007520200428225543
[600, 300.0, 150.0, 75.0, 37.5, 30, 29, 28, 27, 26, 25, 24, 23, 22, 21, 20, 19, 18, 17, 16, 15, 14, 13, 12, 11, 10, 9, 8, 7, 6, 5, 4, 3, 2, 1]
predictive decrease 0.0014068883945727154 actual decrease 0.00016800934951222146
objective value with out tv norm 0.0073521910787133216
[600, 300.0, 150.0, 75.0, 37.5, 30, 29, 28, 27, 26, 25, 24, 23, 22, 21, 20, 19, 18, 17, 16, 15, 14, 13, 12, 11, 10, 9, 8, 7, 6, 5, 4, 3, 2, 1]
predictive decrease 0.002276596321082708 actual decrease 0.0010370929229090997
objective value with out tv norm 0.006315098155804222
[600, 300.0, 150.0, 75.0, 37.5, 30, 29, 28, 27, 26, 25, 24, 23, 22, 21, 20, 19, 18, 17, 16, 15, 14, 13, 12, 11, 10, 9, 8, 7, 6, 5, 4, 3, 2, 1, 0.5]
predictive decrease 0.0 actual decrease 0.0
objective value with out tv norm 0.006315098155804222
objective value without tv norm 0.006315098155804222
norm 34.0
computational time 169.47776007652283
total iterations 1335
