[400, 200.0, 100.0, 50.0, 30, 29, 28, 27, 26, 25, 24, 23, 22, 21, 20, 19, 18, 17, 16, 15, 14, 13, 12, 11, 10, 9, 8, 7, 6, 5, 4, 3]
predictive decrease 0.01153150728174649 actual decrease 0.003188300347865991
objective value with out tv norm 0.008716983850644122
[400, 200.0, 100.0, 50.0, 30, 29, 28, 27, 26, 25, 24, 23, 22, 21, 20, 19, 18, 17, 16, 15, 14, 13, 12, 11, 10, 9, 8, 7, 6, 5, 4, 3, 2]
predictive decrease 0.00685681541658462 actual decrease 0.0019113069889316048
objective value with out tv norm 0.006805676861712517
[400, 200.0, 100.0, 50.0, 30, 29, 28, 27, 26, 25, 24, 23, 22, 21, 20, 19, 18, 17, 16, 15, 14, 13, 12, 11, 10, 9, 8, 7, 6, 5, 4, 3]
predictive decrease 0.011711203088467603 actual decrease 0.0007204133987022132
objective value with out tv norm 0.006085263463010304
[400, 200.0, 100.0, 50.0, 30, 29, 28, 27, 26, 25, 24, 23, 22, 21, 20, 19, 18, 17, 16, 15, 14, 13, 12, 11, 10, 9, 8, 7, 6, 5, 4, 3, 2]
predictive decrease 0.006614429076650359 actual decrease 0.0016787513521577813
objective value with out tv norm 0.004406512110852523
[400, 200.0, 100.0, 50.0, 30, 29, 28, 27, 26, 25, 24, 23, 22, 21, 20, 19, 18, 17, 16, 15, 14, 13, 12, 11, 10, 9, 8, 7, 6, 5, 4, 3, 2]
predictive decrease 0.005659714921229039 actual decrease 0.0007129822767418803
objective value with out tv norm 0.0036935298341106426
[400, 200.0, 100.0, 50.0, 30, 29, 28, 27, 26, 25, 24, 23, 22, 21, 20, 19, 18, 17, 16, 15, 14, 13, 12, 11, 10, 9, 8, 7, 6, 5, 4, 3, 2, 1]
predictive decrease 0.0023520266176205373 actual decrease 0.001108775075014834
objective value with out tv norm 0.0025847547590958087
[400, 200.0, 100.0, 50.0, 30, 29, 28, 27, 26, 25, 24, 23, 22, 21, 20, 19, 18, 17, 16, 15, 14, 13, 12, 11, 10, 9, 8, 7, 6, 5, 4, 3, 2, 1]
predictive decrease 0.002390378737939634 actual decrease 0.0011460453533103099
objective value with out tv norm 0.0014387094057854988
[400, 200.0, 100.0, 50.0, 30, 29, 28, 27, 26, 25, 24, 23, 22, 21, 20, 19, 18, 17, 16, 15, 14, 13, 12, 11, 10, 9, 8, 7, 6, 5, 4, 3, 2, 1]
predictive decrease 0.0017040475412918878 actual decrease 0.00045890427863337635
objective value with out tv norm 0.0009798051271521224
[400, 200.0, 100.0, 50.0, 30, 29, 28, 27, 26, 25, 24, 23, 22, 21, 20, 19, 18, 17, 16, 15, 14, 13, 12, 11, 10, 9, 8, 7, 6, 5, 4, 3, 2, 1, 0.5]
predictive decrease 0.0 actual decrease 0.0
objective value with out tv norm 0.0009798051271521224
objective value without tv norm 0.0009798051271521224
norm 39.0
computational time 19.899317026138306
total iterations 301
