[400, 200.0, 100.0, 50.0]
predictive decrease 0.7442474466056349 actual decrease 0.15612156472707506
objective value with out tv norm 0.16752118649634373
[400, 200.0, 100.0, 50.0, 30, 29, 28, 27, 26, 25, 24]
predictive decrease 0.37635363163945085 actual decrease 0.0005949897772801194
objective value with out tv norm 0.1669261967190636
[400, 200.0, 100.0, 50.0, 30, 29, 28, 27]
predictive decrease 0.46687498179754533 actual decrease 0.012619690534010464
objective value with out tv norm 0.15430650618505315
[400, 200.0, 100.0, 50.0, 30, 29, 28, 27, 26, 25, 24]
predictive decrease 0.46686806355315635 actual decrease 0.012243710917908102
objective value with out tv norm 0.14206279526714505
[400, 200.0, 100.0, 50.0, 30, 29, 28, 27, 26, 25, 24, 23]
predictive decrease 0.4344229140786673 actual decrease 0.0009377431596968577
objective value with out tv norm 0.1411250521074482
[400, 200.0, 100.0, 50.0, 30, 29, 28, 27, 26, 25, 24, 23, 22, 21]
predictive decrease 0.4052958149131229 actual decrease 0.01754194838447587
objective value with out tv norm 0.12358310372297232
[400, 200.0, 100.0, 50.0, 30, 29, 28, 27, 26, 25, 24, 23, 22, 21, 20]
predictive decrease 0.35486773281241885 actual decrease 0.00149770873249222
objective value with out tv norm 0.1220853949904801
[400, 200.0, 100.0, 50.0, 30, 29, 28, 27, 26, 25, 24, 23, 22, 21, 20, 19]
predictive decrease 0.34056926017386546 actual decrease 0.009342612091056468
objective value with out tv norm 0.11274278289942363
[400, 200.0, 100.0, 50.0, 30, 29, 28, 27, 26, 25, 24, 23, 22, 21, 20, 19, 18]
predictive decrease 0.3058449145330027 actual decrease 0.007594768930434204
objective value with out tv norm 0.10514801396898943
[400, 200.0, 100.0, 50.0, 30, 29, 28, 27, 26, 25, 24, 23, 22, 21, 20, 19, 18, 17]
predictive decrease 0.27947170546332323 actual decrease 0.009365327048852401
objective value with out tv norm 0.09578268692013703
[400, 200.0, 100.0, 50.0, 30, 29, 28, 27, 26, 25, 24, 23, 22, 21, 20, 19, 18, 17, 16]
predictive decrease 0.2459619424617751 actual decrease 0.005143645467464819
objective value with out tv norm 0.09063904145267221
[400, 200.0, 100.0, 50.0, 30, 29, 28, 27, 26, 25, 24, 23, 22, 21, 20, 19, 18, 17, 16, 15]
predictive decrease 0.2239234043613479 actual decrease 0.010316825421608944
objective value with out tv norm 0.08032221603106326
[400, 200.0, 100.0, 50.0, 30, 29, 28, 27, 26, 25, 24, 23, 22, 21, 20, 19, 18, 17, 16, 15, 14]
predictive decrease 0.1898929802799935 actual decrease 0.0017994609521270188
objective value with out tv norm 0.07852275507893625
[400, 200.0, 100.0, 50.0, 30, 29, 28, 27, 26, 25, 24, 23, 22, 21, 20, 19, 18, 17, 16, 15, 14]
predictive decrease 0.18835694849062354 actual decrease 0.01042086346801352
objective value with out tv norm 0.06810189161092273
[400, 200.0, 100.0, 50.0, 30, 29, 28, 27, 26, 25, 24, 23, 22, 21, 20, 19, 18, 17, 16, 15, 14, 13, 12]
predictive decrease 0.14529002198273305 actual decrease 0.0075257652188783775
objective value with out tv norm 0.06057612639204435
[400, 200.0, 100.0, 50.0, 30, 29, 28, 27, 26, 25, 24, 23, 22, 21, 20, 19, 18, 17, 16, 15, 14, 13, 12, 11]
predictive decrease 0.1270660721585652 actual decrease 0.0027490940360762606
objective value with out tv norm 0.05782703235596809
[400, 200.0, 100.0, 50.0, 30, 29, 28, 27, 26, 25, 24, 23, 22, 21, 20, 19, 18, 17, 16, 15, 14, 13, 12, 11, 10]
predictive decrease 0.1106911693785306 actual decrease 0.005668401500875886
objective value with out tv norm 0.0521586308550922
[400, 200.0, 100.0, 50.0, 30, 29, 28, 27, 26, 25, 24, 23, 22, 21, 20, 19, 18, 17, 16, 15, 14, 13, 12, 11, 10, 9]
predictive decrease 0.07062668599863559 actual decrease 0.0008220380810717298
objective value with out tv norm 0.05133659277402047
[400, 200.0, 100.0, 50.0, 30, 29, 28, 27, 26, 25, 24, 23, 22, 21, 20, 19, 18, 17, 16, 15, 14, 13, 12, 11, 10, 9]
predictive decrease 0.07128131208256712 actual decrease 0.011307606242095702
objective value with out tv norm 0.04002898653192477
[400, 200.0, 100.0, 50.0, 30, 29, 28, 27, 26, 25, 24, 23, 22, 21, 20, 19, 18, 17, 16, 15, 14, 13, 12, 11, 10, 9]
predictive decrease 0.05873832232950739 actual decrease 0.004863655413104295
objective value with out tv norm 0.035165331118820475
[400, 200.0, 100.0, 50.0, 30, 29, 28, 27, 26, 25, 24, 23, 22, 21, 20, 19, 18, 17, 16, 15, 14, 13, 12, 11, 10, 9, 8, 7]
predictive decrease 0.04952437389132859 actual decrease 0.0012310828378371275
objective value with out tv norm 0.03393424828098335
[400, 200.0, 100.0, 50.0, 30, 29, 28, 27, 26, 25, 24, 23, 22, 21, 20, 19, 18, 17, 16, 15, 14, 13, 12, 11, 10, 9, 8, 7]
predictive decrease 0.04774232188345469 actual decrease 0.000552688958559755
objective value with out tv norm 0.03338155932242359
[400, 200.0, 100.0, 50.0, 30, 29, 28, 27, 26, 25, 24, 23, 22, 21, 20, 19, 18, 17, 16, 15, 14, 13, 12, 11, 10, 9, 8]
predictive decrease 0.05328173361760122 actual decrease 0.001641032988085378
objective value with out tv norm 0.031740526334338215
[400, 200.0, 100.0, 50.0, 30, 29, 28, 27, 26, 25, 24, 23, 22, 21, 20, 19, 18, 17, 16, 15, 14, 13, 12, 11, 10, 9, 8, 7]
predictive decrease 0.049554699408786644 actual decrease 0.0011493231382933011
objective value with out tv norm 0.030591203196044914
[400, 200.0, 100.0, 50.0, 30, 29, 28, 27, 26, 25, 24, 23, 22, 21, 20, 19, 18, 17, 16, 15, 14, 13, 12, 11, 10, 9, 8, 7, 6]
predictive decrease 0.04323685300427134 actual decrease 0.0024089653677775713
objective value with out tv norm 0.028182237828267342
[400, 200.0, 100.0, 50.0, 30, 29, 28, 27, 26, 25, 24, 23, 22, 21, 20, 19, 18, 17, 16, 15, 14, 13, 12, 11, 10, 9, 8, 7]
predictive decrease 0.04343409597429066 actual decrease 0.0013138929429512558
objective value with out tv norm 0.026868344885316087
[400, 200.0, 100.0, 50.0, 30, 29, 28, 27, 26, 25, 24, 23, 22, 21, 20, 19, 18, 17, 16, 15, 14, 13, 12, 11, 10, 9, 8, 7, 6, 5]
predictive decrease 0.03242258774045878 actual decrease 0.0033286855402652193
objective value with out tv norm 0.023539659345050867
[400, 200.0, 100.0, 50.0, 30, 29, 28, 27, 26, 25, 24, 23, 22, 21, 20, 19, 18, 17, 16, 15, 14, 13, 12, 11, 10, 9, 8, 7, 6, 5, 4]
predictive decrease 0.021817610272910487 actual decrease 0.0028273491107917437
objective value with out tv norm 0.020712310234259124
[400, 200.0, 100.0, 50.0, 30, 29, 28, 27, 26, 25, 24, 23, 22, 21, 20, 19, 18, 17, 16, 15, 14, 13, 12, 11, 10, 9, 8, 7, 6, 5, 4]
predictive decrease 0.016295844885596364 actual decrease 0.00050744034972805
objective value with out tv norm 0.020204869884531074
[400, 200.0, 100.0, 50.0, 30, 29, 28, 27, 26, 25, 24, 23, 22, 21, 20, 19, 18, 17, 16, 15, 14, 13, 12, 11, 10, 9, 8, 7, 6, 5, 4, 3]
predictive decrease 0.012660360572845778 actual decrease 0.0018071197186344534
objective value with out tv norm 0.01839775016589662
[400, 200.0, 100.0, 50.0, 30, 29, 28, 27, 26, 25, 24, 23, 22, 21, 20, 19, 18, 17, 16, 15, 14, 13, 12, 11, 10, 9, 8, 7, 6, 5, 4, 3, 2]
predictive decrease 0.006355355224167802 actual decrease 0.0014861016321859877
objective value with out tv norm 0.016911648533710633
[400, 200.0, 100.0, 50.0, 30, 29, 28, 27, 26, 25, 24, 23, 22, 21, 20, 19, 18, 17, 16, 15, 14, 13, 12, 11, 10, 9, 8, 7, 6, 5, 4, 3]
predictive decrease 0.005823393637952753 actual decrease 0.00036151293689767883
objective value with out tv norm 0.016550135596812954
[400, 200.0, 100.0, 50.0, 30, 29, 28, 27, 26, 25, 24, 23, 22, 21, 20, 19, 18, 17, 16, 15, 14, 13, 12, 11, 10, 9, 8, 7, 6, 5, 4, 3]
predictive decrease 0.011666170979261687 actual decrease 0.0008727157287139464
objective value with out tv norm 0.015677419868099007
[400, 200.0, 100.0, 50.0, 30, 29, 28, 27, 26, 25, 24, 23, 22, 21, 20, 19, 18, 17, 16, 15, 14, 13, 12, 11, 10, 9, 8, 7, 6, 5, 4, 3, 2]
predictive decrease 0.0063676305735393115 actual decrease 0.0015018280908291048
objective value with out tv norm 0.014175591777269902
[400, 200.0, 100.0, 50.0, 30, 29, 28, 27, 26, 25, 24, 23, 22, 21, 20, 19, 18, 17, 16, 15, 14, 13, 12, 11, 10, 9, 8, 7, 6, 5, 4, 3]
predictive decrease 0.006326611778827306 actual decrease 0.00031552862620864985
objective value with out tv norm 0.013860063151061253
[400, 200.0, 100.0, 50.0, 30, 29, 28, 27, 26, 25, 24, 23, 22, 21, 20, 19, 18, 17, 16, 15, 14, 13, 12, 11, 10, 9, 8, 7, 6, 5, 4, 3, 2]
predictive decrease 0.006018216583512746 actual decrease 0.0011250743813490116
objective value with out tv norm 0.012734988769712241
[400, 200.0, 100.0, 50.0, 30, 29, 28, 27, 26, 25, 24, 23, 22, 21, 20, 19, 18, 17, 16, 15, 14, 13, 12, 11, 10, 9, 8, 7, 6, 5, 4, 3, 2, 1]
predictive decrease 0.0018783166502443736 actual decrease 0.0006474739494827242
objective value with out tv norm 0.012087514820229517
[400, 200.0, 100.0, 50.0, 30, 29, 28, 27, 26, 25, 24, 23, 22, 21, 20, 19, 18, 17, 16, 15, 14, 13, 12, 11, 10, 9, 8, 7, 6, 5, 4, 3, 2, 1]
predictive decrease 0.0017532128801474676 actual decrease 0.0005215718973161643
objective value with out tv norm 0.011565942922913353
[400, 200.0, 100.0, 50.0, 30, 29, 28, 27, 26, 25, 24, 23, 22, 21, 20, 19, 18, 17, 16, 15, 14, 13, 12, 11, 10, 9, 8, 7, 6, 5, 4, 3, 2]
predictive decrease 0.0032521920594114806 actual decrease 0.0019431324259692184
objective value with out tv norm 0.009622810496944134
[400, 200.0, 100.0, 50.0, 30, 29, 28, 27, 26, 25, 24, 23, 22, 21, 20, 19, 18, 17, 16, 15, 14, 13, 12, 11, 10, 9, 8, 7, 6, 5, 4, 3, 2, 1]
predictive decrease 0.0014275844019110359 actual decrease 0.00019132442478464462
objective value with out tv norm 0.00943148607215949
[400, 200.0, 100.0, 50.0, 30, 29, 28, 27, 26, 25, 24, 23, 22, 21, 20, 19, 18, 17, 16, 15, 14, 13, 12, 11, 10, 9, 8, 7, 6, 5, 4, 3, 2, 1, 0.5]
predictive decrease 0.0 actual decrease 0.0
objective value with out tv norm 0.00943148607215949
objective value without tv norm 0.00943148607215949
norm 16.0
computational time 86.533888834
total iterations 1050
