[400, 200.0, 100.0, 50.0, 30, 29, 28, 27, 26, 25, 24, 23, 22, 21, 20, 19, 18, 17, 16, 15, 14, 13, 12, 11, 10, 9, 8, 7, 6, 5, 4, 3, 2, 1]
predictive decrease 0.0019387059753407515 actual decrease 0.0009946264415310185
objective value without tv norm 0.021215287126504667
objective value with tv norm 0.085489305184027
[400, 200.0, 100.0, 50.0, 30, 29, 28, 27, 26, 25, 24, 23, 22, 21, 20, 19, 18, 17, 16, 15, 14, 13, 12, 11, 10, 9, 8, 7, 6, 5, 4, 3, 2, 1]
predictive decrease 0.0010259133271549592 actual decrease 0.0003782190202014091
objective value without tv norm 0.020858843709810393
objective value with tv norm 0.0851110861638256
[400, 200.0, 100.0, 50.0, 30, 29, 28, 27, 26, 25, 24, 23, 22, 21, 20, 19, 18, 17, 16, 15, 14, 13, 12, 11, 10, 9, 8, 7, 6, 5, 4, 3, 2, 1]
predictive decrease 0.0010551491839384253 actual decrease 0.00048048340314769955
objective value without tv norm 0.019629761491271158
objective value with tv norm 0.0846306027606779
[400, 200.0, 100.0, 50.0, 30, 29, 28, 27, 26, 25, 24, 23, 22, 21, 20, 19, 18, 17, 16, 15, 14, 13, 12, 11, 10, 9, 8, 7, 6, 5, 4, 3, 2, 1]
predictive decrease 0.0009457002192861802 actual decrease 0.000418153322724768
objective value without tv norm 0.01921160816854639
objective value with tv norm 0.08421244943795313
[400, 200.0, 100.0, 50.0, 30, 29, 28, 27, 26, 25, 24, 23, 22, 21, 20, 19, 18, 17, 16, 15, 14, 13, 12, 11, 10, 9, 8, 7, 6, 5, 4, 3, 2, 1]
predictive decrease 0.0008540485435904327 actual decrease 0.00028837494047538603
objective value without tv norm 0.018808537996351404
objective value with tv norm 0.08392407449747774
[400, 200.0, 100.0, 50.0, 30, 29, 28, 27, 26, 25, 24, 23, 22, 21, 20, 19, 18, 17, 16, 15, 14, 13, 12, 11, 10, 9, 8, 7, 6, 5, 4, 3, 2, 1]
predictive decrease 0.0010677619133390853 actual decrease 5.310138192890501e-05
objective value without tv norm 0.02041841078776141
objective value with tv norm 0.08387097311554884
[400, 200.0, 100.0, 50.0, 30, 29, 28, 27, 26, 25, 24, 23, 22, 21, 20, 19, 18, 17, 16, 15, 14, 13, 12, 11, 10, 9, 8, 7, 6, 5, 4, 3, 2, 1]
predictive decrease 0.0012279520756794948 actual decrease 5.9178308460500206e-05
objective value without tv norm 0.018692565812634232
objective value with tv norm 0.08381179480708834
[400, 200.0, 100.0, 50.0, 30, 29, 28, 27, 26, 25, 24, 23, 22, 21, 20, 19, 18, 17, 16, 15, 14, 13, 12, 11, 10, 9, 8, 7, 6, 5, 4, 3, 2, 1, 0.5]
predictive decrease 0.0005551908135156131 actual decrease 0.000262717632436113
objective value without tv norm 0.019263181513531458
objective value with tv norm 0.08354907717465222
[400, 200.0, 100.0, 50.0, 30, 29, 28, 27, 26, 25, 24, 23, 22, 21, 20, 19, 18, 17, 16, 15, 14, 13, 12, 11, 10, 9, 8, 7, 6, 5, 4, 3, 2, 1]
predictive decrease 0.0005684705882890995 actual decrease 0.00028253482189631585
objective value without tv norm 0.018404826172832345
objective value with tv norm 0.0832665423527559
[400, 200.0, 100.0, 50.0, 30, 29, 28, 27, 26, 25, 24, 23, 22, 21, 20, 19, 18, 17, 16, 15, 14, 13, 12, 11, 10, 9, 8, 7, 6, 5, 4, 3, 2, 1, 0.5]
predictive decrease 0.00027121914765412813 actual decrease 0.0001392277328385455
objective value without tv norm 0.018064511073710654
objective value with tv norm 0.08312731461991736
[400, 200.0, 100.0, 50.0, 30, 29, 28, 27, 26, 25, 24, 23, 22, 21, 20, 19, 18, 17, 16, 15, 14, 13, 12, 11, 10, 9, 8, 7, 6, 5, 4, 3, 2, 1, 0.5]
predictive decrease 0.00026184654323239964 actual decrease 0.00010678510392447826
objective value without tv norm 0.017957725969786176
objective value with tv norm 0.08302052951599288
[400, 200.0, 100.0, 50.0, 30, 29, 28, 27, 26, 25, 24, 23, 22, 21, 20, 19, 18, 17, 16, 15, 14, 13, 12, 11, 10, 9, 8, 7, 6, 5, 4, 3, 2, 1, 0.5]
predictive decrease 0.0003135915660894689 actual decrease 0.00013966395274553345
objective value without tv norm 0.017688191887170523
objective value with tv norm 0.08288086556324735
[400, 200.0, 100.0, 50.0, 30, 29, 28, 27, 26, 25, 24, 23, 22, 21, 20, 19, 18, 17, 16, 15, 14, 13, 12, 11, 10, 9, 8, 7, 6, 5, 4, 3, 2, 1, 0.5]
predictive decrease 0.000278457498115503 actual decrease 6.521602818072847e-05
objective value without tv norm 0.01809769830586372
objective value with tv norm 0.08281564953506662
[400, 200.0, 100.0, 50.0, 30, 29, 28, 27, 26, 25, 24, 23, 22, 21, 20, 19, 18, 17, 16, 15, 14, 13, 12, 11, 10, 9, 8, 7, 6, 5, 4, 3, 2, 1, 0.5]
predictive decrease 0.00045817704832067097 actual decrease 0.0001517594749255169
objective value without tv norm 0.017945938830938202
objective value with tv norm 0.0826638900601411
[400, 200.0, 100.0, 50.0, 30, 29, 28, 27, 26, 25, 24, 23, 22, 21, 20, 19, 18, 17, 16, 15, 14, 13, 12, 11, 10, 9, 8, 7, 6, 5, 4, 3, 2, 1, 0.5, 0.25]
predictive decrease 0.0001314291805570439 actual decrease 5.629986592103897e-05
objective value without tv norm 0.017889638965017163
objective value with tv norm 0.08260759019422007
[400, 200.0, 100.0, 50.0, 30, 29, 28, 27, 26, 25, 24, 23, 22, 21, 20, 19, 18, 17, 16, 15, 14, 13, 12, 11, 10, 9, 8, 7, 6, 5, 4, 3, 2, 1, 0.5, 0.25]
predictive decrease 0.00011645230542729756 actual decrease 4.0139302043940006e-05
objective value without tv norm 0.017849499662973223
objective value with tv norm 0.08256745089217613
[400, 200.0, 100.0, 50.0, 30, 29, 28, 27, 26, 25, 24, 23, 22, 21, 20, 19, 18, 17, 16, 15, 14, 13, 12, 11, 10, 9, 8, 7, 6, 5, 4, 3, 2, 1, 0.5]
predictive decrease 0.00029359369071561836 actual decrease 0.00011951143636321215
objective value without tv norm 0.01760180472180317
objective value with tv norm 0.08244793945581291
[400, 200.0, 100.0, 50.0, 30, 29, 28, 27, 26, 25, 24, 23, 22, 21, 20, 19, 18, 17, 16, 15, 14, 13, 12, 11, 10, 9, 8, 7, 6, 5, 4, 3, 2, 1]
predictive decrease 0.0007018141305630277 actual decrease 7.881232721285159e-05
objective value without tv norm 0.01752299239459032
objective value with tv norm 0.08236912712860006
[400, 200.0, 100.0, 50.0, 30, 29, 28, 27, 26, 25, 24, 23, 22, 21, 20, 19, 18, 17, 16, 15, 14, 13, 12, 11, 10, 9, 8, 7, 6, 5, 4, 3, 2, 1]
predictive decrease 0.0009869989798152734 actual decrease 0.00028743300693492846
objective value without tv norm 0.016975819127915126
objective value with tv norm 0.08208169412166513
[400, 200.0, 100.0, 50.0, 30, 29, 28, 27, 26, 25, 24, 23, 22, 21, 20, 19, 18, 17, 16, 15, 14, 13, 12, 11, 10, 9, 8, 7, 6, 5, 4, 3, 2, 1]
predictive decrease 0.0012055987802443435 actual decrease 0.00022027038181154923
objective value without tv norm 0.01829401028456512
objective value with tv norm 0.08186142373985358
[400, 200.0, 100.0, 50.0, 30, 29, 28, 27, 26, 25, 24, 23, 22, 21, 20, 19, 18, 17, 16, 15, 14, 13, 12, 11, 10, 9, 8, 7, 6, 5, 4, 3, 2, 1, 0.5]
predictive decrease 0.0005713936242980333 actual decrease 0.00026600724414005406
objective value without tv norm 0.018028003040425067
objective value with tv norm 0.08159541649571353
[400, 200.0, 100.0, 50.0, 30, 29, 28, 27, 26, 25, 24, 23, 22, 21, 20, 19, 18, 17, 16, 15, 14, 13, 12, 11, 10, 9, 8, 7, 6, 5, 4, 3, 2, 1, 0.5]
predictive decrease 0.000276168972861493 actual decrease 0.00012078678780635954
objective value without tv norm 0.017907216252618707
objective value with tv norm 0.08147462970790717
[400, 200.0, 100.0, 50.0, 30, 29, 28, 27, 26, 25, 24, 23, 22, 21, 20, 19, 18, 17, 16, 15, 14, 13, 12, 11, 10, 9, 8, 7, 6, 5, 4, 3, 2, 1]
predictive decrease 0.0007098362906671762 actual decrease 5.1941867759003335e-06
objective value without tv norm 0.01763886417110594
objective value with tv norm 0.08146943552113127
[400, 200.0, 100.0, 50.0, 30, 29, 28, 27, 26, 25, 24, 23, 22, 21, 20, 19, 18, 17, 16, 15, 14, 13, 12, 11, 10, 9, 8, 7, 6, 5, 4, 3, 2, 1]
predictive decrease 0.0010217124126249005 actual decrease 0.00041586770992851907
objective value without tv norm 0.01722299646117742
objective value with tv norm 0.08105356781120275
[400, 200.0, 100.0, 50.0, 30, 29, 28, 27, 26, 25, 24, 23, 22, 21, 20, 19, 18, 17, 16, 15, 14, 13, 12, 11, 10, 9, 8, 7, 6, 5, 4, 3, 2, 1]
predictive decrease 0.0009431823818986523 actual decrease 0.00014570256888686572
objective value without tv norm 0.015743960558957215
objective value with tv norm 0.08090786524231589
[400, 200.0, 100.0, 50.0, 30, 29, 28, 27, 26, 25, 24, 23, 22, 21, 20, 19, 18, 17, 16, 15, 14, 13, 12, 11, 10, 9, 8, 7, 6, 5, 4, 3, 2, 1]
predictive decrease 0.0006740077671056888 actual decrease 1.0110319487999231e-05
objective value without tv norm 0.01651790908113493
objective value with tv norm 0.08089775492282789
[400, 200.0, 100.0, 50.0, 30, 29, 28, 27, 26, 25, 24, 23, 22, 21, 20, 19, 18, 17, 16, 15, 14, 13, 12, 11, 10, 9, 8, 7, 6, 5, 4, 3, 2, 1, 0.5]
predictive decrease 0.00046221254183537175 actual decrease 0.00022530182039348645
objective value without tv norm 0.017006670022693182
objective value with tv norm 0.0806724531024344
[400, 200.0, 100.0, 50.0, 30, 29, 28, 27, 26, 25, 24, 23, 22, 21, 20, 19, 18, 17, 16, 15, 14, 13, 12, 11, 10, 9, 8, 7, 6, 5, 4, 3, 2, 1]
predictive decrease 0.0005706979285903524 actual decrease 2.6095399196887636e-05
objective value without tv norm 0.016111009406104992
objective value with tv norm 0.08064635770323751
[400, 200.0, 100.0, 50.0, 30, 29, 28, 27, 26, 25, 24, 23, 22, 21, 20, 19, 18, 17, 16, 15, 14, 13, 12, 11, 10, 9, 8, 7, 6, 5, 4, 3, 2, 1]
predictive decrease 0.0008408879863645857 actual decrease 0.0002005453464032636
objective value without tv norm 0.016052438846017925
objective value with tv norm 0.08044581235683425
[400, 200.0, 100.0, 50.0, 30, 29, 28, 27, 26, 25, 24, 23, 22, 21, 20, 19, 18, 17, 16, 15, 14, 13, 12, 11, 10, 9, 8, 7, 6, 5, 4, 3, 2, 1]
predictive decrease 0.0006401106441331489 actual decrease 5.650097303870616e-05
objective value without tv norm 0.01599593787297926
objective value with tv norm 0.08038931138379554
[400, 200.0, 100.0, 50.0, 30, 29, 28, 27, 26, 25, 24, 23, 22, 21, 20, 19, 18, 17, 16, 15, 14, 13, 12, 11, 10, 9, 8, 7, 6, 5, 4, 3, 2, 1]
predictive decrease 0.0009634242499754891 actual decrease 0.0002574222174342444
objective value without tv norm 0.015482193030801339
objective value with tv norm 0.0801318891663613
[400, 200.0, 100.0, 50.0, 30, 29, 28, 27, 26, 25, 24, 23, 22, 21, 20, 19, 18, 17, 16, 15, 14, 13, 12, 11, 10, 9, 8, 7, 6, 5, 4, 3, 2, 1]
predictive decrease 0.0010897893998158825 actual decrease 0.0001727963361875806
objective value without tv norm 0.016109317125392875
objective value with tv norm 0.07995909283017372
[400, 200.0, 100.0, 50.0, 30, 29, 28, 27, 26, 25, 24, 23, 22, 21, 20, 19, 18, 17, 16, 15, 14, 13, 12, 11, 10, 9, 8, 7, 6, 5, 4, 3, 2, 1]
predictive decrease 0.0008469963084395404 actual decrease 7.777936222472248e-05
objective value without tv norm 0.015669532146832865
objective value with tv norm 0.079881313467949
[400, 200.0, 100.0, 50.0, 30, 29, 28, 27, 26, 25, 24, 23, 22, 21, 20, 19, 18, 17, 16, 15, 14, 13, 12, 11, 10, 9, 8, 7, 6, 5, 4, 3, 2, 1, 0.5]
predictive decrease 0.000483725417962072 actual decrease 0.00019539833465613554
objective value without tv norm 0.01618841952646244
objective value with tv norm 0.07968591513329286
[400, 200.0, 100.0, 50.0, 30, 29, 28, 27, 26, 25, 24, 23, 22, 21, 20, 19, 18, 17, 16, 15, 14, 13, 12, 11, 10, 9, 8, 7, 6, 5, 4, 3, 2, 1]
predictive decrease 0.000515226771503452 actual decrease 0.00010467276741545073
objective value without tv norm 0.016083746759047002
objective value with tv norm 0.07958124236587741
[400, 200.0, 100.0, 50.0, 30, 29, 28, 27, 26, 25, 24, 23, 22, 21, 20, 19, 18, 17, 16, 15, 14, 13, 12, 11, 10, 9, 8, 7, 6, 5, 4, 3, 2, 1]
predictive decrease 0.0008425126301834923 actual decrease 0.00012976833119951459
objective value without tv norm 0.01569082053311066
objective value with tv norm 0.0794514740346779
[400, 200.0, 100.0, 50.0, 30, 29, 28, 27, 26, 25, 24, 23, 22, 21, 20, 19, 18, 17, 16, 15, 14, 13, 12, 11, 10, 9, 8, 7, 6, 5, 4, 3, 2, 1]
predictive decrease 0.0008287331691361893 actual decrease 0.00019101288378409187
objective value without tv norm 0.015341937228016245
objective value with tv norm 0.0792604611508938
[400, 200.0, 100.0, 50.0, 30, 29, 28, 27, 26, 25, 24, 23, 22, 21, 20, 19, 18, 17, 16, 15, 14, 13, 12, 11, 10, 9, 8, 7, 6, 5, 4, 3, 2, 1, 0.5]
predictive decrease 0.00029247925587461143 actual decrease 0.00014455536484081488
objective value without tv norm 0.01519738186317543
objective value with tv norm 0.07911590578605299
[400, 200.0, 100.0, 50.0, 30, 29, 28, 27, 26, 25, 24, 23, 22, 21, 20, 19, 18, 17, 16, 15, 14, 13, 12, 11, 10, 9, 8, 7, 6, 5, 4, 3, 2, 1, 0.5]
predictive decrease 0.0003609925015681942 actual decrease 0.0001539811291781379
objective value without tv norm 0.014347912012192765
objective value with tv norm 0.07896192465687485
[400, 200.0, 100.0, 50.0, 30, 29, 28, 27, 26, 25, 24, 23, 22, 21, 20, 19, 18, 17, 16, 15, 14, 13, 12, 11, 10, 9, 8, 7, 6, 5, 4, 3, 2, 1, 0.5]
predictive decrease 0.00023650904523637994 actual decrease 4.896565085724114e-05
objective value without tv norm 0.013666911729300901
objective value with tv norm 0.07891295900601761
[400, 200.0, 100.0, 50.0, 30, 29, 28, 27, 26, 25, 24, 23, 22, 21, 20, 19, 18, 17, 16, 15, 14, 13, 12, 11, 10, 9, 8, 7, 6, 5, 4, 3, 2, 1, 0.5, 0.25]
predictive decrease 9.876407161195366e-05 actual decrease 2.2004349004678403e-05
objective value without tv norm 0.013644907380296223
objective value with tv norm 0.07889095465701293
[400, 200.0, 100.0, 50.0, 30, 29, 28, 27, 26, 25, 24, 23, 22, 21, 20, 19, 18, 17, 16, 15, 14, 13, 12, 11, 10, 9, 8, 7, 6, 5, 4, 3, 2, 1, 0.5]
predictive decrease 0.00020257685288457838 actual decrease 2.381345222350617e-05
objective value without tv norm 0.013489514980704276
objective value with tv norm 0.07886714120478942
[400, 200.0, 100.0, 50.0, 30, 29, 28, 27, 26, 25, 24, 23, 22, 21, 20, 19, 18, 17, 16, 15, 14, 13, 12, 11, 10, 9, 8, 7, 6, 5, 4, 3, 2, 1]
predictive decrease 0.0006171320325380758 actual decrease 4.5532978250051315e-05
objective value without tv norm 0.013443982002454224
objective value with tv norm 0.07882160822653937
[400, 200.0, 100.0, 50.0, 30, 29, 28, 27, 26, 25, 24, 23, 22, 21, 20, 19, 18, 17, 16, 15, 14, 13, 12, 11, 10, 9, 8, 7, 6, 5, 4, 3, 2, 1]
predictive decrease 0.0007943161602414206 actual decrease 0.00015346424095534494
objective value without tv norm 0.013097570675225545
objective value with tv norm 0.07866814398558403
[400, 200.0, 100.0, 50.0, 30, 29, 28, 27, 26, 25, 24, 23, 22, 21, 20, 19, 18, 17, 16, 15, 14, 13, 12, 11, 10, 9, 8, 7, 6, 5, 4, 3, 2, 1, 0.5]
predictive decrease 0.00046886149205817296 actual decrease 0.00016063317746140005
objective value without tv norm 0.012936937497764145
objective value with tv norm 0.07850751080812263
[400, 200.0, 100.0, 50.0, 30, 29, 28, 27, 26, 25, 24, 23, 22, 21, 20, 19, 18, 17, 16, 15, 14, 13, 12, 11, 10, 9, 8, 7, 6, 5, 4, 3, 2, 1, 0.5, 0.25]
predictive decrease 0.000132532274943295 actual decrease 5.545010299934372e-05
objective value without tv norm 0.012881487394764801
objective value with tv norm 0.07845206070512328
[400, 200.0, 100.0, 50.0, 30, 29, 28, 27, 26, 25, 24, 23, 22, 21, 20, 19, 18, 17, 16, 15, 14, 13, 12, 11, 10, 9, 8, 7, 6, 5, 4, 3, 2, 1, 0.5]
predictive decrease 0.00021873849946488222 actual decrease 8.181028628775899e-05
objective value without tv norm 0.012364894499781398
objective value with tv norm 0.07837025041883552
[400, 200.0, 100.0, 50.0, 30, 29, 28, 27, 26, 25, 24, 23, 22, 21, 20, 19, 18, 17, 16, 15, 14, 13, 12, 11, 10, 9, 8, 7, 6, 5, 4, 3, 2, 1, 0.5, 0.25]
predictive decrease 0.0001112224467520323 actual decrease 3.431522787955554e-05
objective value without tv norm 0.012330579271901843
objective value with tv norm 0.07833593519095597
[400, 200.0, 100.0, 50.0, 30, 29, 28, 27, 26, 25, 24, 23, 22, 21, 20, 19, 18, 17, 16, 15, 14, 13, 12, 11, 10, 9, 8, 7, 6, 5, 4, 3, 2, 1, 0.5]
predictive decrease 0.00024468655635309644 actual decrease 1.9434941274390494e-05
objective value without tv norm 0.012994374144292054
objective value with tv norm 0.07831650024968158
[400, 200.0, 100.0, 50.0, 30, 29, 28, 27, 26, 25, 24, 23, 22, 21, 20, 19, 18, 17, 16, 15, 14, 13, 12, 11, 10, 9, 8, 7, 6, 5, 4, 3, 2, 1, 0.5, 0.25]
predictive decrease 0.0001357589312851598 actual decrease 5.8725943854698315e-05
objective value without tv norm 0.012935648200437355
objective value with tv norm 0.07825777430582688
[400, 200.0, 100.0, 50.0, 30, 29, 28, 27, 26, 25, 24, 23, 22, 21, 20, 19, 18, 17, 16, 15, 14, 13, 12, 11, 10, 9, 8, 7, 6, 5, 4, 3, 2, 1, 0.5, 0.25]
predictive decrease 7.057132109694608e-05 actual decrease 3.193912950394395e-05
objective value without tv norm 0.012903709070933411
objective value with tv norm 0.07822583517632294
[400, 200.0, 100.0, 50.0, 30, 29, 28, 27, 26, 25, 24, 23, 22, 21, 20, 19, 18, 17, 16, 15, 14, 13, 12, 11, 10, 9, 8, 7, 6, 5, 4, 3, 2, 1, 0.5, 0.25]
predictive decrease 9.017191022633875e-05 actual decrease 2.4772261768224446e-05
objective value without tv norm 0.012544974382996732
objective value with tv norm 0.07820106291455471
[400, 200.0, 100.0, 50.0, 30, 29, 28, 27, 26, 25, 24, 23, 22, 21, 20, 19, 18, 17, 16, 15, 14, 13, 12, 11, 10, 9, 8, 7, 6, 5, 4, 3, 2, 1, 0.5, 0.25]
predictive decrease 6.155273428384844e-05 actual decrease 2.208307917112018e-06
objective value without tv norm 0.012899908932222481
objective value with tv norm 0.0781988546066376
[400, 200.0, 100.0, 50.0, 30, 29, 28, 27, 26, 25, 24, 23, 22, 21, 20, 19, 18, 17, 16, 15, 14, 13, 12, 11, 10, 9, 8, 7, 6, 5, 4, 3, 2, 1, 0.5]
predictive decrease 0.0001817377803342013 actual decrease 1.8921325642684561e-06
objective value without tv norm 0.012768146669788094
objective value with tv norm 0.07819696247407333
[400, 200.0, 100.0, 50.0, 30, 29, 28, 27, 26, 25, 24, 23, 22, 21, 20, 19, 18, 17, 16, 15, 14, 13, 12, 11, 10, 9, 8, 7, 6, 5, 4, 3, 2, 1, 0.5]
predictive decrease 0.0003324922397103941 actual decrease 2.8253510879761023e-05
objective value without tv norm 0.012739893158908333
objective value with tv norm 0.07816870896319357
[400, 200.0, 100.0, 50.0, 30, 29, 28, 27, 26, 25, 24, 23, 22, 21, 20, 19, 18, 17, 16, 15, 14, 13, 12, 11, 10, 9, 8, 7, 6, 5, 4, 3, 2, 1, 0.5, 0.25]
predictive decrease 0.00014054043985051168 actual decrease 6.382109574387673e-05
objective value without tv norm 0.012676072063164456
objective value with tv norm 0.0781048878674497
[400, 200.0, 100.0, 50.0, 30, 29, 28, 27, 26, 25, 24, 23, 22, 21, 20, 19, 18, 17, 16, 15, 14, 13, 12, 11, 10, 9, 8, 7, 6, 5, 4, 3, 2, 1, 0.5]
predictive decrease 0.00019472961404891354 actual decrease 3.845106147881694e-05
objective value without tv norm 0.01263762100168564
objective value with tv norm 0.07806643680597088
[400, 200.0, 100.0, 50.0, 30, 29, 28, 27, 26, 25, 24, 23, 22, 21, 20, 19, 18, 17, 16, 15, 14, 13, 12, 11, 10, 9, 8, 7, 6, 5, 4, 3, 2, 1, 0.5]
predictive decrease 0.00024518973063374083 actual decrease 6.543404124111085e-05
objective value without tv norm 0.012443981832239381
objective value with tv norm 0.07800100276472977
[400, 200.0, 100.0, 50.0, 30, 29, 28, 27, 26, 25, 24, 23, 22, 21, 20, 19, 18, 17, 16, 15, 14, 13, 12, 11, 10, 9, 8, 7, 6, 5, 4, 3, 2, 1, 0.5, 0.25]
predictive decrease 0.00012236710015685326 actual decrease 4.5264766923236444e-05
objective value without tv norm 0.012398717065316145
objective value with tv norm 0.07795573799780653
[400, 200.0, 100.0, 50.0, 30, 29, 28, 27, 26, 25, 24, 23, 22, 21, 20, 19, 18, 17, 16, 15, 14, 13, 12, 11, 10, 9, 8, 7, 6, 5, 4, 3, 2, 1, 0.5]
predictive decrease 0.00020840277704516075 actual decrease 7.212021901904786e-05
objective value without tv norm 0.011891814237601439
objective value with tv norm 0.07788361777878748
[400, 200.0, 100.0, 50.0, 30, 29, 28, 27, 26, 25, 24, 23, 22, 21, 20, 19, 18, 17, 16, 15, 14, 13, 12, 11, 10, 9, 8, 7, 6, 5, 4, 3, 2, 1, 0.5, 0.25, 0.125]
predictive decrease 3.2901112880165395e-05 actual decrease 1.807781143903231e-05
objective value without tv norm 0.011873736426162407
objective value with tv norm 0.07786553996734845
[400, 200.0, 100.0, 50.0, 30, 29, 28, 27, 26, 25, 24, 23, 22, 21, 20, 19, 18, 17, 16, 15, 14, 13, 12, 11, 10, 9, 8, 7, 6, 5, 4, 3, 2, 1, 0.5, 0.25]
predictive decrease 6.483642390128774e-05 actual decrease 1.1351906194431716e-05
objective value without tv norm 0.012188471476489715
objective value with tv norm 0.07785418806115402
[400, 200.0, 100.0, 50.0, 30, 29, 28, 27, 26, 25, 24, 23, 22, 21, 20, 19, 18, 17, 16, 15, 14, 13, 12, 11, 10, 9, 8, 7, 6, 5, 4, 3, 2, 1, 0.5, 0.25]
predictive decrease 0.00011254561140006114 actual decrease 3.543234223502001e-05
objective value without tv norm 0.012153039134254695
objective value with tv norm 0.077818755718919
[400, 200.0, 100.0, 50.0, 30, 29, 28, 27, 26, 25, 24, 23, 22, 21, 20, 19, 18, 17, 16, 15, 14, 13, 12, 11, 10, 9, 8, 7, 6, 5, 4, 3, 2, 1, 0.5, 0.25]
predictive decrease 7.752739704501577e-05 actual decrease 3.878780438093532e-05
objective value without tv norm 0.01211425132987376
objective value with tv norm 0.07777996791453806
[400, 200.0, 100.0, 50.0, 30, 29, 28, 27, 26, 25, 24, 23, 22, 21, 20, 19, 18, 17, 16, 15, 14, 13, 12, 11, 10, 9, 8, 7, 6, 5, 4, 3, 2, 1, 0.5, 0.25]
predictive decrease 6.337895024255413e-05 actual decrease 1.6295163866350548e-05
objective value without tv norm 0.0120603551546411
objective value with tv norm 0.07776367275067171
[400, 200.0, 100.0, 50.0, 30, 29, 28, 27, 26, 25, 24, 23, 22, 21, 20, 19, 18, 17, 16, 15, 14, 13, 12, 11, 10, 9, 8, 7, 6, 5, 4, 3, 2, 1, 0.5]
predictive decrease 0.00018363627719207576 actual decrease 2.8690267185882412e-05
objective value without tv norm 0.012031664887455218
objective value with tv norm 0.07773498248348583
[400, 200.0, 100.0, 50.0, 30, 29, 28, 27, 26, 25, 24, 23, 22, 21, 20, 19, 18, 17, 16, 15, 14, 13, 12, 11, 10, 9, 8, 7, 6, 5, 4, 3, 2, 1, 0.5]
predictive decrease 0.00020068628826587498 actual decrease 2.0056470548701633e-05
objective value without tv norm 0.01188340328870141
objective value with tv norm 0.07771492601293713
[400, 200.0, 100.0, 50.0, 30, 29, 28, 27, 26, 25, 24, 23, 22, 21, 20, 19, 18, 17, 16, 15, 14, 13, 12, 11, 10, 9, 8, 7, 6, 5, 4, 3, 2, 1, 0.5, 0.25]
predictive decrease 0.0001345397538324994 actual decrease 5.737502526159677e-05
objective value without tv norm 0.011826028263439814
objective value with tv norm 0.07765755098767553
[400, 200.0, 100.0, 50.0, 30, 29, 28, 27, 26, 25, 24, 23, 22, 21, 20, 19, 18, 17, 16, 15, 14, 13, 12, 11, 10, 9, 8, 7, 6, 5, 4, 3, 2, 1, 0.5, 0.25]
predictive decrease 6.953018710789682e-05 actual decrease 2.0747450660829614e-06
objective value without tv norm 0.011823953518373731
objective value with tv norm 0.07765547624260945
[400, 200.0, 100.0, 50.0, 30, 29, 28, 27, 26, 25, 24, 23, 22, 21, 20, 19, 18, 17, 16, 15, 14, 13, 12, 11, 10, 9, 8, 7, 6, 5, 4, 3, 2, 1, 0.5, 0.25, 0.125]
predictive decrease 3.6719729117173916e-05 actual decrease 1.748176483484798e-05
objective value without tv norm 0.011806471753538883
objective value with tv norm 0.0776379944777746
[400, 200.0, 100.0, 50.0, 30, 29, 28, 27, 26, 25, 24, 23, 22, 21, 20, 19, 18, 17, 16, 15, 14, 13, 12, 11, 10, 9, 8, 7, 6, 5, 4, 3, 2, 1, 0.5, 0.25]
predictive decrease 6.92849257899475e-05 actual decrease 9.70259179113031e-06
objective value without tv norm 0.0121539120188906
objective value with tv norm 0.07762829188598347
[400, 200.0, 100.0, 50.0, 30, 29, 28, 27, 26, 25, 24, 23, 22, 21, 20, 19, 18, 17, 16, 15, 14, 13, 12, 11, 10, 9, 8, 7, 6, 5, 4, 3, 2, 1, 0.5, 0.25]
predictive decrease 8.557845562927324e-05 actual decrease 4.035072007815832e-05
objective value without tv norm 0.011835783521034648
objective value with tv norm 0.07758794116590531
[400, 200.0, 100.0, 50.0, 30, 29, 28, 27, 26, 25, 24, 23, 22, 21, 20, 19, 18, 17, 16, 15, 14, 13, 12, 11, 10, 9, 8, 7, 6, 5, 4, 3, 2, 1, 0.5, 0.25, 0.125]
predictive decrease 3.2809232985264725e-05 actual decrease 1.3569921609946078e-05
objective value without tv norm 0.011822213599424702
objective value with tv norm 0.07757437124429536
[400, 200.0, 100.0, 50.0, 30, 29, 28, 27, 26, 25, 24, 23, 22, 21, 20, 19, 18, 17, 16, 15, 14, 13, 12, 11, 10, 9, 8, 7, 6, 5, 4, 3, 2, 1, 0.5, 0.25]
predictive decrease 5.631567867454834e-05 actual decrease 1.1735433787171679e-05
objective value without tv norm 0.011767374717361667
objective value with tv norm 0.0775626358105082
[400, 200.0, 100.0, 50.0, 30, 29, 28, 27, 26, 25, 24, 23, 22, 21, 20, 19, 18, 17, 16, 15, 14, 13, 12, 11, 10, 9, 8, 7, 6, 5, 4, 3, 2, 1, 0.5, 0.25]
predictive decrease 6.647897469254371e-05 actual decrease 2.1296790446379e-05
objective value without tv norm 0.01168197536281268
objective value with tv norm 0.07754133902006181
[400, 200.0, 100.0, 50.0, 30, 29, 28, 27, 26, 25, 24, 23, 22, 21, 20, 19, 18, 17, 16, 15, 14, 13, 12, 11, 10, 9, 8, 7, 6, 5, 4, 3, 2, 1, 0.5]
predictive decrease 0.0001976579244332699 actual decrease 4.1891797988330426e-05
objective value without tv norm 0.011640083564824377
objective value with tv norm 0.07749944722207348
[400, 200.0, 100.0, 50.0, 30, 29, 28, 27, 26, 25, 24, 23, 22, 21, 20, 19, 18, 17, 16, 15, 14, 13, 12, 11, 10, 9, 8, 7, 6, 5, 4, 3, 2, 1, 0.5, 0.25]
predictive decrease 7.03735672960698e-05 actual decrease 2.5129963083486695e-05
objective value without tv norm 0.01155085103763831
objective value with tv norm 0.07747431725899
[400, 200.0, 100.0, 50.0, 30, 29, 28, 27, 26, 25, 24, 23, 22, 21, 20, 19, 18, 17, 16, 15, 14, 13, 12, 11, 10, 9, 8, 7, 6, 5, 4, 3, 2, 1, 0.5, 0.25]
predictive decrease 7.995194381192616e-05 actual decrease 2.7372052133906033e-06
objective value without tv norm 0.011548113832424933
objective value with tv norm 0.0774715800537766
[400, 200.0, 100.0, 50.0, 30, 29, 28, 27, 26, 25, 24, 23, 22, 21, 20, 19, 18, 17, 16, 15, 14, 13, 12, 11, 10, 9, 8, 7, 6, 5, 4, 3, 2, 1, 0.5, 0.25]
predictive decrease 8.759526175347587e-05 actual decrease 3.804492631347134e-05
objective value without tv norm 0.0118434022394448
objective value with tv norm 0.07743353512746314
[400, 200.0, 100.0, 50.0, 30, 29, 28, 27, 26, 25, 24, 23, 22, 21, 20, 19, 18, 17, 16, 15, 14, 13, 12, 11, 10, 9, 8, 7, 6, 5, 4, 3, 2, 1, 0.5, 0.25, 0.125]
predictive decrease 2.2782746713731483e-05 actual decrease 3.483356897371337e-06
objective value without tv norm 0.011839918882547429
objective value with tv norm 0.07743005177056576
[400, 200.0, 100.0, 50.0, 30, 29, 28, 27, 26, 25, 24, 23, 22, 21, 20, 19, 18, 17, 16, 15, 14, 13, 12, 11, 10, 9, 8, 7, 6, 5, 4, 3, 2, 1, 0.5, 0.25]
predictive decrease 7.338629376929529e-05 actual decrease 1.1894865707143265e-05
objective value without tv norm 0.012212639401455672
objective value with tv norm 0.07741815690485862
[400, 200.0, 100.0, 50.0, 30, 29, 28, 27, 26, 25, 24, 23, 22, 21, 20, 19, 18, 17, 16, 15, 14, 13, 12, 11, 10, 9, 8, 7, 6, 5, 4, 3, 2, 1, 0.5, 0.25, 0.125]
predictive decrease 3.71344800193657e-05 actual decrease 1.7851369212507073e-05
objective value without tv norm 0.012194788032243165
objective value with tv norm 0.07740030553564611
[400, 200.0, 100.0, 50.0, 30, 29, 28, 27, 26, 25, 24, 23, 22, 21, 20, 19, 18, 17, 16, 15, 14, 13, 12, 11, 10, 9, 8, 7, 6, 5, 4, 3, 2, 1, 0.5, 0.25]
predictive decrease 4.6977112553373e-05 actual decrease 1.823589067150022e-05
objective value without tv norm 0.011970309109241684
objective value with tv norm 0.07738206964497461
[400, 200.0, 100.0, 50.0, 30, 29, 28, 27, 26, 25, 24, 23, 22, 21, 20, 19, 18, 17, 16, 15, 14, 13, 12, 11, 10, 9, 8, 7, 6, 5, 4, 3, 2, 1, 0.5, 0.25, 0.125]
predictive decrease 3.509922277211697e-05 actual decrease 1.586093832806057e-05
objective value without tv norm 0.011954448170913623
objective value with tv norm 0.07736620870664655
[400, 200.0, 100.0, 50.0, 30, 29, 28, 27, 26, 25, 24, 23, 22, 21, 20, 19, 18, 17, 16, 15, 14, 13, 12, 11, 10, 9, 8, 7, 6, 5, 4, 3, 2, 1, 0.5, 0.25]
predictive decrease 4.185889662904063e-05 actual decrease 5.348654625092486e-06
objective value without tv norm 0.01194909951628853
objective value with tv norm 0.07736086005202146
[400, 200.0, 100.0, 50.0, 30, 29, 28, 27, 26, 25, 24, 23, 22, 21, 20, 19, 18, 17, 16, 15, 14, 13, 12, 11, 10, 9, 8, 7, 6, 5, 4, 3, 2, 1, 0.5, 0.25]
predictive decrease 7.554230704594211e-05 actual decrease 2.743825840413605e-05
objective value without tv norm 0.011884506649025406
objective value with tv norm 0.07733342179361732
[400, 200.0, 100.0, 50.0, 30, 29, 28, 27, 26, 25, 24, 23, 22, 21, 20, 19, 18, 17, 16, 15, 14, 13, 12, 11, 10, 9, 8, 7, 6, 5, 4, 3, 2, 1, 0.5, 0.25]
predictive decrease 7.068509897956154e-05 actual decrease 3.1491599512767365e-05
objective value without tv norm 0.011853015049512639
objective value with tv norm 0.07730193019410456
[400, 200.0, 100.0, 50.0, 30, 29, 28, 27, 26, 25, 24, 23, 22, 21, 20, 19, 18, 17, 16, 15, 14, 13, 12, 11, 10, 9, 8, 7, 6, 5, 4, 3, 2, 1, 0.5, 0.25, 0.125]
predictive decrease 2.7530105271608707e-05 actual decrease 1.2172659634240857e-05
objective value without tv norm 0.012033150082186084
objective value with tv norm 0.07728975753447032
[400, 200.0, 100.0, 50.0, 30, 29, 28, 27, 26, 25, 24, 23, 22, 21, 20, 19, 18, 17, 16, 15, 14, 13, 12, 11, 10, 9, 8, 7, 6, 5, 4, 3, 2, 1, 0.5, 0.25]
predictive decrease 6.622238107620304e-05 actual decrease 2.1031302220364534e-05
objective value without tv norm 0.011948827640725246
objective value with tv norm 0.07726872623224995
[400, 200.0, 100.0, 50.0, 30, 29, 28, 27, 26, 25, 24, 23, 22, 21, 20, 19, 18, 17, 16, 15, 14, 13, 12, 11, 10, 9, 8, 7, 6, 5, 4, 3, 2, 1, 0.5, 0.25]
predictive decrease 6.258043342638464e-05 actual decrease 1.7963556423458704e-05
objective value without tv norm 0.011887760636025924
objective value with tv norm 0.07725076267582649
[400, 200.0, 100.0, 50.0, 30, 29, 28, 27, 26, 25, 24, 23, 22, 21, 20, 19, 18, 17, 16, 15, 14, 13, 12, 11, 10, 9, 8, 7, 6, 5, 4, 3, 2, 1, 0.5, 0.25]
predictive decrease 7.779324814015387e-05 actual decrease 8.337425529969522e-07
objective value without tv norm 0.011886926893472927
objective value with tv norm 0.0772499289332735
[400, 200.0, 100.0, 50.0, 30, 29, 28, 27, 26, 25, 24, 23, 22, 21, 20, 19, 18, 17, 16, 15, 14, 13, 12, 11, 10, 9, 8, 7, 6, 5, 4, 3, 2, 1, 0.5, 0.25]
predictive decrease 7.636717362237422e-05 actual decrease 2.789185614138212e-06
objective value without tv norm 0.011884137707858788
objective value with tv norm 0.07724713974765936
[400, 200.0, 100.0, 50.0, 30, 29, 28, 27, 26, 25, 24, 23, 22, 21, 20, 19, 18, 17, 16, 15, 14, 13, 12, 11, 10, 9, 8, 7, 6, 5, 4, 3, 2, 1, 0.5, 0.25, 0.125]
predictive decrease 3.710665159270543e-05 actual decrease 1.7866702318625194e-05
objective value without tv norm 0.011866271005540163
objective value with tv norm 0.07722927304534073
[400, 200.0, 100.0, 50.0, 30, 29, 28, 27, 26, 25, 24, 23, 22, 21, 20, 19, 18, 17, 16, 15, 14, 13, 12, 11, 10, 9, 8, 7, 6, 5, 4, 3, 2, 1, 0.5, 0.25]
predictive decrease 5.3785093575300924e-05 actual decrease 1.5453752662333842e-05
objective value without tv norm 0.01203461376968784
objective value with tv norm 0.0772138192926784
[400, 200.0, 100.0, 50.0, 30, 29, 28, 27, 26, 25, 24, 23, 22, 21, 20, 19, 18, 17, 16, 15, 14, 13, 12, 11, 10, 9, 8, 7, 6, 5, 4, 3, 2, 1, 0.5, 0.25]
predictive decrease 4.743279745594853e-05 actual decrease 1.462375540488281e-05
objective value without tv norm 0.011811656680949634
objective value with tv norm 0.07719919553727352
[400, 200.0, 100.0, 50.0, 30, 29, 28, 27, 26, 25, 24, 23, 22, 21, 20, 19, 18, 17, 16, 15, 14, 13, 12, 11, 10, 9, 8, 7, 6, 5, 4, 3, 2, 1, 0.5, 0.25, 0.125]
predictive decrease 2.046538568109546e-05 actual decrease 1.2257492387757196e-06
objective value without tv norm 0.011810430931710858
objective value with tv norm 0.07719796978803474
[400, 200.0, 100.0, 50.0, 30, 29, 28, 27, 26, 25, 24, 23, 22, 21, 20, 19, 18, 17, 16, 15, 14, 13, 12, 11, 10, 9, 8, 7, 6, 5, 4, 3, 2, 1, 0.5, 0.25, 0.125]
predictive decrease 2.1965109128996296e-05 actual decrease 2.729194791606382e-06
objective value without tv norm 0.011807701736919252
objective value with tv norm 0.07719524059324313
[400, 200.0, 100.0, 50.0, 30, 29, 28, 27, 26, 25, 24, 23, 22, 21, 20, 19, 18, 17, 16, 15, 14, 13, 12, 11, 10, 9, 8, 7, 6, 5, 4, 3, 2, 1, 0.5, 0.25, 0.125]
predictive decrease 2.1226277151578654e-05 actual decrease 2.0037539958384087e-06
objective value without tv norm 0.011805697982923413
objective value with tv norm 0.0771932368392473
[400, 200.0, 100.0, 50.0, 30, 29, 28, 27, 26, 25, 24, 23, 22, 21, 20, 19, 18, 17, 16, 15, 14, 13, 12, 11, 10, 9, 8, 7, 6, 5, 4, 3, 2, 1, 0.5, 0.25]
predictive decrease 6.682327714330194e-05 actual decrease 2.167067544721346e-05
objective value without tv norm 0.011720736168235657
objective value with tv norm 0.07717156616380008
[400, 200.0, 100.0, 50.0, 30, 29, 28, 27, 26, 25, 24, 23, 22, 21, 20, 19, 18, 17, 16, 15, 14, 13, 12, 11, 10, 9, 8, 7, 6, 5, 4, 3, 2, 1, 0.5, 0.25]
predictive decrease 6.44583637080115e-05 actual decrease 2.522422696815685e-05
objective value without tv norm 0.0116955119412675
objective value with tv norm 0.07714634193683192
objective value without tv norm 0.0116955119412675
alpha 0.01
objective value with tv norm 0.07714634193683192
norm 6.545082999556442
computational time 202.1471676826477
total iterations 3575
