[600, 300.0, 150.0, 75.0, 37.5, 30]
predictive decrease 0.5864029080846681 actual decrease 0.004193105321345536
objective value with out tv norm 0.2800010233898552
[600, 300.0, 150.0, 75.0, 37.5]
predictive decrease 0.7244535338729319 actual decrease 0.007717394530647348
objective value with out tv norm 0.27228362885920787
[600, 300.0, 150.0, 75.0, 37.5, 30]
predictive decrease 0.7424787308886408 actual decrease 0.07373415673842187
objective value with out tv norm 0.198549472120786
[600, 300.0, 150.0, 75.0, 37.5, 30, 29, 28, 27, 26, 25]
predictive decrease 0.4973896197858111 actual decrease 0.0016082114872747466
objective value with out tv norm 0.19694126063351125
[600, 300.0, 150.0, 75.0, 37.5, 30, 29, 28, 27, 26, 25]
predictive decrease 0.51653242863543 actual decrease 0.017411961948026633
objective value with out tv norm 0.17952929868548462
[600, 300.0, 150.0, 75.0, 37.5, 30, 29, 28, 27, 26, 25, 24, 23]
predictive decrease 0.44153967412940304 actual decrease 0.01618762142805319
objective value with out tv norm 0.16334167725743143
[600, 300.0, 150.0, 75.0, 37.5, 30, 29, 28, 27, 26, 25, 24, 23, 22, 21]
predictive decrease 0.3996268704377466 actual decrease 0.012238798969441578
objective value with out tv norm 0.15110287828798985
[600, 300.0, 150.0, 75.0, 37.5, 30, 29, 28, 27, 26, 25, 24, 23, 22, 21, 20]
predictive decrease 0.35063385614050463 actual decrease 0.0050645308373863385
objective value with out tv norm 0.1460383474506035
[600, 300.0, 150.0, 75.0, 37.5, 30, 29, 28, 27, 26, 25, 24, 23, 22, 21, 20, 19]
predictive decrease 0.33541466106304596 actual decrease 0.009513921184755358
objective value with out tv norm 0.13652442626584815
[600, 300.0, 150.0, 75.0, 37.5, 30, 29, 28, 27, 26, 25, 24, 23, 22, 21, 20, 19, 18]
predictive decrease 0.2953207355796988 actual decrease 0.004679220667657469
objective value with out tv norm 0.13184520559819068
[600, 300.0, 150.0, 75.0, 37.5, 30, 29, 28, 27, 26, 25, 24, 23, 22, 21, 20, 19, 18, 17]
predictive decrease 0.2781239291754045 actual decrease 0.00886156085730172
objective value with out tv norm 0.12298364474088896
[600, 300.0, 150.0, 75.0, 37.5, 30, 29, 28, 27, 26, 25, 24, 23, 22, 21, 20, 19, 18, 17, 16]
predictive decrease 0.24377179191028198 actual decrease 0.0036611042363210444
objective value with out tv norm 0.11932254050456792
[600, 300.0, 150.0, 75.0, 37.5, 30, 29, 28, 27, 26, 25, 24, 23, 22, 21, 20, 19, 18, 17, 16]
predictive decrease 0.24080327964334292 actual decrease 0.0024367360825955364
objective value with out tv norm 0.11688580442197238
[600, 300.0, 150.0, 75.0, 37.5, 30, 29, 28, 27, 26, 25, 24, 23, 22, 21, 20, 19, 18, 17, 16, 15]
predictive decrease 0.23339676315905844 actual decrease 0.008556082328511017
objective value with out tv norm 0.10832972209346137
[600, 300.0, 150.0, 75.0, 37.5, 30, 29, 28, 27, 26, 25, 24, 23, 22, 21, 20, 19, 18, 17, 16, 15, 14]
predictive decrease 0.20490763169666595 actual decrease 0.0058793912050646435
objective value with out tv norm 0.10245033088839672
[600, 300.0, 150.0, 75.0, 37.5, 30, 29, 28, 27, 26, 25, 24, 23, 22, 21, 20, 19, 18, 17, 16, 15, 14, 13]
predictive decrease 0.1814598457604451 actual decrease 0.007742189598887506
objective value with out tv norm 0.09470814128950922
[600, 300.0, 150.0, 75.0, 37.5, 30, 29, 28, 27, 26, 25, 24, 23, 22, 21, 20, 19, 18, 17, 16, 15, 14, 13, 12]
predictive decrease 0.15609522208712176 actual decrease 0.005742846151606473
objective value with out tv norm 0.08896529513790274
[600, 300.0, 150.0, 75.0, 37.5, 30, 29, 28, 27, 26, 25, 24, 23, 22, 21, 20, 19, 18, 17, 16, 15, 14, 13]
predictive decrease 0.1567270035473047 actual decrease 0.009112882007048295
objective value with out tv norm 0.07985241313085445
[600, 300.0, 150.0, 75.0, 37.5, 30, 29, 28, 27, 26, 25, 24, 23, 22, 21, 20, 19, 18, 17, 16, 15, 14, 13]
predictive decrease 0.16338757350818808 actual decrease 0.0009470273328291423
objective value with out tv norm 0.07890538579802531
[600, 300.0, 150.0, 75.0, 37.5, 30, 29, 28, 27, 26, 25, 24, 23, 22, 21, 20, 19, 18, 17, 16, 15]
predictive decrease 0.1928728709548677 actual decrease 0.0029884353551916654
objective value with out tv norm 0.07591695044283364
[600, 300.0, 150.0, 75.0, 37.5, 30, 29, 28, 27, 26, 25, 24, 23, 22, 21, 20, 19, 18, 17, 16, 15, 14]
predictive decrease 0.19767644306925838 actual decrease 0.0012675946653492032
objective value with out tv norm 0.07464935577748444
[600, 300.0, 150.0, 75.0, 37.5, 30, 29, 28, 27, 26, 25, 24, 23, 22, 21, 20, 19, 18, 17, 16, 15, 14, 13]
predictive decrease 0.1849194271037752 actual decrease 0.006341781182935047
objective value with out tv norm 0.06830757459454939
[600, 300.0, 150.0, 75.0, 37.5, 30, 29, 28, 27, 26, 25, 24, 23, 22, 21, 20, 19, 18, 17, 16, 15, 14, 13, 12]
predictive decrease 0.16013856383082284 actual decrease 0.007350934471850756
objective value with out tv norm 0.060956640122698635
[600, 300.0, 150.0, 75.0, 37.5, 30, 29, 28, 27, 26, 25, 24, 23, 22, 21, 20, 19, 18, 17, 16, 15, 14, 13, 12, 11]
predictive decrease 0.13489438096028275 actual decrease 0.0008366463292714954
objective value with out tv norm 0.06011999379342714
[600, 300.0, 150.0, 75.0, 37.5, 30, 29, 28, 27, 26, 25, 24, 23, 22, 21, 20, 19, 18, 17, 16, 15, 14, 13, 12, 11]
predictive decrease 0.13578699713082076 actual decrease 0.0013495370748448643
objective value with out tv norm 0.058770456718582276
[600, 300.0, 150.0, 75.0, 37.5, 30, 29, 28, 27, 26, 25, 24, 23, 22, 21, 20, 19, 18, 17, 16, 15, 14, 13, 12, 11]
predictive decrease 0.1358285685230117 actual decrease 0.0029275654955174257
objective value with out tv norm 0.05584289122306485
[600, 300.0, 150.0, 75.0, 37.5, 30, 29, 28, 27, 26, 25, 24, 23, 22, 21, 20, 19, 18, 17, 16, 15, 14, 13, 12, 11, 10]
predictive decrease 0.11857762894523485 actual decrease 0.007857372057212042
objective value with out tv norm 0.04798551916585281
[600, 300.0, 150.0, 75.0, 37.5, 30, 29, 28, 27, 26, 25, 24, 23, 22, 21, 20, 19, 18, 17, 16, 15, 14, 13, 12, 11, 10, 9]
predictive decrease 0.09343189516359526 actual decrease 0.0034297095097886032
objective value with out tv norm 0.044555809656064205
[600, 300.0, 150.0, 75.0, 37.5, 30, 29, 28, 27, 26, 25, 24, 23, 22, 21, 20, 19, 18, 17, 16, 15, 14, 13, 12, 11, 10, 9, 8]
predictive decrease 0.07706744212090019 actual decrease 0.0050958613990989
objective value with out tv norm 0.039459948256965305
[600, 300.0, 150.0, 75.0, 37.5, 30, 29, 28, 27, 26, 25, 24, 23, 22, 21, 20, 19, 18, 17, 16, 15, 14, 13, 12, 11, 10, 9, 8, 7]
predictive decrease 0.0585309633100874 actual decrease 0.002283439000937082
objective value with out tv norm 0.03717650925602822
[600, 300.0, 150.0, 75.0, 37.5, 30, 29, 28, 27, 26, 25, 24, 23, 22, 21, 20, 19, 18, 17, 16, 15, 14, 13, 12, 11, 10, 9, 8, 7, 6]
predictive decrease 0.04762490003602435 actual decrease 0.0055400878262588105
objective value with out tv norm 0.03163642142976941
[600, 300.0, 150.0, 75.0, 37.5, 30, 29, 28, 27, 26, 25, 24, 23, 22, 21, 20, 19, 18, 17, 16, 15, 14, 13, 12, 11, 10, 9, 8, 7, 6]
predictive decrease 0.04162857219796183 actual decrease 0.0003533808480254974
objective value with out tv norm 0.031283040581743915
[600, 300.0, 150.0, 75.0, 37.5, 30, 29, 28, 27, 26, 25, 24, 23, 22, 21, 20, 19, 18, 17, 16, 15, 14, 13, 12, 11, 10, 9, 8, 7, 6, 5]
predictive decrease 0.03379971084919889 actual decrease 0.004601912145543174
objective value with out tv norm 0.02668112843620074
[600, 300.0, 150.0, 75.0, 37.5, 30, 29, 28, 27, 26, 25, 24, 23, 22, 21, 20, 19, 18, 17, 16, 15, 14, 13, 12, 11, 10, 9]
predictive decrease 0.05062912596836437 actual decrease 0.0023816940205434456
objective value with out tv norm 0.024299434415657295
[600, 300.0, 150.0, 75.0, 37.5, 30, 29, 28, 27, 26, 25, 24, 23, 22, 21, 20, 19, 18, 17, 16, 15, 14, 13, 12, 11, 10, 9, 8, 7, 6, 5]
predictive decrease 0.0326292971877636 actual decrease 0.003988154247731468
objective value with out tv norm 0.020311280167925827
[600, 300.0, 150.0, 75.0, 37.5, 30, 29, 28, 27, 26, 25, 24, 23, 22, 21, 20, 19, 18, 17, 16, 15, 14, 13, 12, 11, 10, 9, 8, 7, 6, 5, 4]
predictive decrease 0.021678301016372418 actual decrease 0.0026604730096644325
objective value with out tv norm 0.017650807158261395
[600, 300.0, 150.0, 75.0, 37.5, 30, 29, 28, 27, 26, 25, 24, 23, 22, 21, 20, 19, 18, 17, 16, 15, 14, 13, 12, 11, 10, 9, 8, 7, 6, 5, 4]
predictive decrease 0.019950470270092883 actual decrease 0.0007396353307350667
objective value with out tv norm 0.016911171827526328
[600, 300.0, 150.0, 75.0, 37.5, 30, 29, 28, 27, 26, 25, 24, 23, 22, 21, 20, 19, 18, 17, 16, 15, 14, 13, 12, 11, 10, 9, 8, 7, 6, 5, 4, 3]
predictive decrease 0.014096204863284754 actual decrease 0.0031657616412020806
objective value with out tv norm 0.013745410186324247
[600, 300.0, 150.0, 75.0, 37.5, 30, 29, 28, 27, 26, 25, 24, 23, 22, 21, 20, 19, 18, 17, 16, 15, 14, 13, 12, 11, 10, 9, 8, 7, 6, 5, 4]
predictive decrease 0.014429128850374706 actual decrease 0.0015215391039167248
objective value with out tv norm 0.012223871082407523
[600, 300.0, 150.0, 75.0, 37.5, 30, 29, 28, 27, 26, 25, 24, 23, 22, 21, 20, 19, 18, 17, 16, 15, 14, 13, 12, 11, 10, 9, 8, 7, 6, 5, 4, 3]
predictive decrease 0.011317056922263051 actual decrease 0.0004139082106190406
objective value with out tv norm 0.011809962871788482
[600, 300.0, 150.0, 75.0, 37.5, 30, 29, 28, 27, 26, 25, 24, 23, 22, 21, 20, 19, 18, 17, 16, 15, 14, 13, 12, 11, 10, 9, 8, 7, 6, 5, 4, 3]
predictive decrease 0.012481561025045215 actual decrease 0.001573311869837335
objective value with out tv norm 0.010236651001951147
[600, 300.0, 150.0, 75.0, 37.5, 30, 29, 28, 27, 26, 25, 24, 23, 22, 21, 20, 19, 18, 17, 16, 15, 14, 13, 12, 11, 10, 9, 8, 7, 6, 5, 4, 3, 2]
predictive decrease 0.006157831772327143 actual decrease 0.001248597466680157
objective value with out tv norm 0.00898805353527099
[600, 300.0, 150.0, 75.0, 37.5, 30, 29, 28, 27, 26, 25, 24, 23, 22, 21, 20, 19, 18, 17, 16, 15, 14, 13, 12, 11, 10, 9, 8, 7, 6, 5, 4, 3, 2]
predictive decrease 0.005306894722948036 actual decrease 0.00037716419441213844
objective value with out tv norm 0.008610889340858852
[600, 300.0, 150.0, 75.0, 37.5, 30, 29, 28, 27, 26, 25, 24, 23, 22, 21, 20, 19, 18, 17, 16, 15, 14, 13, 12, 11, 10, 9, 8, 7, 6, 5, 4, 3, 2, 1]
predictive decrease 0.0024041951257882986 actual decrease 0.0011665497289508053
objective value with out tv norm 0.007444339611908046
[600, 300.0, 150.0, 75.0, 37.5, 30, 29, 28, 27, 26, 25, 24, 23, 22, 21, 20, 19, 18, 17, 16, 15, 14, 13, 12, 11, 10, 9, 8, 7, 6, 5, 4, 3, 2, 1]
predictive decrease 0.0021280810548030774 actual decrease 0.0008884827332094059
objective value with out tv norm 0.00655585687869864
[600, 300.0, 150.0, 75.0, 37.5, 30, 29, 28, 27, 26, 25, 24, 23, 22, 21, 20, 19, 18, 17, 16, 15, 14, 13, 12, 11, 10, 9, 8, 7, 6, 5, 4, 3, 2, 1]
predictive decrease 0.00184272421284118 actual decrease 0.0006009276894588522
objective value with out tv norm 0.005954929189239788
[600, 300.0, 150.0, 75.0, 37.5, 30, 29, 28, 27, 26, 25, 24, 23, 22, 21, 20, 19, 18, 17, 16, 15, 14, 13, 12, 11, 10, 9, 8, 7, 6, 5, 4, 3, 2, 1]
predictive decrease 0.001907003845639498 actual decrease 0.0006671988409313601
objective value with out tv norm 0.005287730348308428
[600, 300.0, 150.0, 75.0, 37.5, 30, 29, 28, 27, 26, 25, 24, 23, 22, 21, 20, 19, 18, 17, 16, 15, 14, 13, 12, 11, 10, 9, 8, 7, 6, 5, 4, 3, 2]
predictive decrease 0.0036036660439003176 actual decrease 0.0005874561556712399
objective value with out tv norm 0.004700274192637188
[600, 300.0, 150.0, 75.0, 37.5, 30, 29, 28, 27, 26, 25, 24, 23, 22, 21, 20, 19, 18, 17, 16, 15, 14, 13, 12, 11, 10, 9, 8, 7, 6, 5, 4, 3, 2, 1]
predictive decrease 0.0022240939044458766 actual decrease 0.0009789709228908983
objective value with out tv norm 0.00372130326974629
[600, 300.0, 150.0, 75.0, 37.5, 30, 29, 28, 27, 26, 25, 24, 23, 22, 21, 20, 19, 18, 17, 16, 15, 14, 13, 12, 11, 10, 9, 8, 7, 6, 5, 4, 3, 2, 1, 0.5]
predictive decrease 0.0 actual decrease 0.0
objective value with out tv norm 0.00372130326974629
objective value without tv norm 0.00372130326974629
norm 39.0
computational time 129.2170250415802
total iterations 1288
