[800, 400.0, 200.0, 100.0, 50.0, 30, 29, 28, 27, 26, 25, 24, 23, 22, 21, 20, 19, 18, 17, 16, 15, 14, 13, 12, 11, 10, 9, 8, 7, 6, 5, 4, 3, 2, 1]
predictive decrease 0.0001115903699285309 actual decrease 3.926834758775401e-05
objective value without tv norm 7.227589485092611e-05
objective value with tv norm 0.0025770297688678125
[800, 400.0, 200.0, 100.0, 50.0, 30, 29, 28, 27, 26, 25, 24, 23, 22, 21, 20, 19, 18, 17, 16, 15, 14, 13, 12, 11, 10, 9, 8, 7, 6, 5, 4, 3, 2, 1, 0.5, 0.25]
predictive decrease 8.060499740203137e-05 actual decrease 5.641201186845635e-06
objective value without tv norm 6.663469366408048e-05
objective value with tv norm 0.002571388567680967
[800, 400.0, 200.0, 100.0, 50.0, 30, 29, 28, 27, 26, 25, 24, 23, 22, 21, 20, 19, 18, 17, 16, 15, 14, 13, 12, 11, 10, 9, 8, 7, 6, 5, 4, 3, 2, 1, 0.5, 0.25]
predictive decrease 8.547246686910768e-05 actual decrease 2.202314468624511e-05
objective value without tv norm 4.461154897783537e-05
objective value with tv norm 0.0025493654229947218
[800, 400.0, 200.0, 100.0, 50.0, 30, 29, 28, 27, 26, 25, 24, 23, 22, 21, 20, 19, 18, 17, 16, 15, 14, 13, 12, 11, 10, 9, 8, 7, 6, 5, 4, 3, 2, 1, 0.5, 0.25]
predictive decrease 7.507475636435446e-05 actual decrease 4.30952923728559e-06
objective value without tv norm 4.3844193347020166e-05
objective value with tv norm 0.002545055893757436
[800, 400.0, 200.0, 100.0, 50.0, 30, 29, 28, 27, 26, 25, 24, 23, 22, 21, 20, 19, 18, 17, 16, 15, 14, 13, 12, 11, 10, 9, 8, 7, 6, 5, 4, 3, 2, 1, 0.5, 0.25]
predictive decrease 7.866703735789167e-05 actual decrease 1.5233625537680595e-06
objective value without tv norm 4.232083079325211e-05
objective value with tv norm 0.002543532531203668
[800, 400.0, 200.0, 100.0, 50.0, 30, 29, 28, 27, 26, 25, 24, 23, 22, 21, 20, 19, 18, 17, 16, 15, 14, 13, 12, 11, 10, 9, 8, 7, 6, 5, 4, 3, 2, 1, 0.5, 0.25, 0.125]
predictive decrease 3.877535821210235e-05 actual decrease 1.9422588936834906e-05
objective value without tv norm 2.28982418564172e-05
objective value with tv norm 0.002524109942266833
[800, 400.0, 200.0, 100.0, 50.0, 30, 29, 28, 27, 26, 25, 24, 23, 22, 21, 20, 19, 18, 17, 16, 15, 14, 13, 12, 11, 10, 9, 8, 7, 6, 5, 4, 3, 2, 1, 0.5, 0.25, 0.125]
predictive decrease 2.9807478574279782e-05 actual decrease 1.1392303561398066e-05
objective value without tv norm 1.1505938295020002e-05
objective value with tv norm 0.002512717638705435
[800, 400.0, 200.0, 100.0, 50.0, 30, 29, 28, 27, 26, 25, 24, 23, 22, 21, 20, 19, 18, 17, 16, 15, 14, 13, 12, 11, 10, 9, 8, 7, 6, 5, 4, 3, 2, 1, 0.5, 0.25, 0.125]
predictive decrease 2.0580513746997712e-05 actual decrease 1.1869586823420875e-06
objective value without tv norm 1.0318979612677914e-05
objective value with tv norm 0.002511530680023093
[800, 400.0, 200.0, 100.0, 50.0, 30, 29, 28, 27, 26, 25, 24, 23, 22, 21, 20, 19, 18, 17, 16, 15, 14, 13, 12, 11, 10, 9, 8, 7, 6, 5, 4, 3, 2, 1, 0.5, 0.25, 0.125]
predictive decrease 2.2989599797610186e-05 actual decrease 6.370099084076347e-06
objective value without tv norm 7.058941946191943e-06
objective value with tv norm 0.0025051605809390167
[800, 400.0, 200.0, 100.0, 50.0, 30, 29, 28, 27, 26, 25, 24, 23, 22, 21, 20, 19, 18, 17, 16, 15, 14, 13, 12, 11, 10, 9, 8, 7, 6, 5, 4, 3, 2, 1, 0.5, 0.25, 0.125, 0.0625]
predictive decrease 7.830456457135013e-06 actual decrease 3.7937480020988276e-06
objective value without tv norm 4.452272191701745e-06
objective value with tv norm 0.002501366832936918
[800, 400.0, 200.0, 100.0, 50.0, 30, 29, 28, 27, 26, 25, 24, 23, 22, 21, 20, 19, 18, 17, 16, 15, 14, 13, 12, 11, 10, 9, 8, 7, 6, 5, 4, 3, 2, 1, 0.5, 0.25, 0.125]
predictive decrease 1.2665923926990716e-05 actual decrease 2.504339836908575e-06
objective value without tv norm 8.86697720570151e-06
objective value with tv norm 0.0024988624931000093
[800, 400.0, 200.0, 100.0, 50.0, 30, 29, 28, 27, 26, 25, 24, 23, 22, 21, 20, 19, 18, 17, 16, 15, 14, 13, 12, 11, 10, 9, 8, 7, 6, 5, 4, 3, 2, 1, 0.5, 0.25, 0.125]
predictive decrease 1.9427514265238713e-05 actual decrease 2.4374456254984064e-06
objective value without tv norm 7.362050130299558e-06
objective value with tv norm 0.002496425047474511
[800, 400.0, 200.0, 100.0, 50.0, 30, 29, 28, 27, 26, 25, 24, 23, 22, 21, 20, 19, 18, 17, 16, 15, 14, 13, 12, 11, 10, 9, 8, 7, 6, 5, 4, 3, 2, 1, 0.5, 0.25, 0.125]
predictive decrease 1.8476035044917398e-05 actual decrease 4.254031742177006e-06
objective value without tv norm 8.686308787031471e-06
objective value with tv norm 0.002492171015732334
[800, 400.0, 200.0, 100.0, 50.0, 30, 29, 28, 27, 26, 25, 24, 23, 22, 21, 20, 19, 18, 17, 16, 15, 14, 13, 12, 11, 10, 9, 8, 7, 6, 5, 4, 3, 2, 1, 0.5, 0.25, 0.125, 0.0625]
predictive decrease 9.764562805950495e-06 actual decrease 4.987294617429111e-06
objective value without tv norm 6.856773953622941e-06
objective value with tv norm 0.002487183721114905
[800, 400.0, 200.0, 100.0, 50.0, 30, 29, 28, 27, 26, 25, 24, 23, 22, 21, 20, 19, 18, 17, 16, 15, 14, 13, 12, 11, 10, 9, 8, 7, 6, 5, 4, 3, 2, 1, 0.5, 0.25, 0.125]
predictive decrease 1.0765371714623311e-05 actual decrease 4.770880933826615e-06
objective value without tv norm 4.696628080225196e-06
objective value with tv norm 0.002482412840181078
[800, 400.0, 200.0, 100.0, 50.0, 30, 29, 28, 27, 26, 25, 24, 23, 22, 21, 20, 19, 18, 17, 16, 15, 14, 13, 12, 11, 10, 9, 8, 7, 6, 5, 4, 3, 2, 1, 0.5, 0.25, 0.125, 0.0625]
predictive decrease 7.027403620115356e-06 actual decrease 2.864148038921391e-06
objective value without tv norm 5.177038085779628e-06
objective value with tv norm 0.0024795486921421568
[800, 400.0, 200.0, 100.0, 50.0, 30, 29, 28, 27, 26, 25, 24, 23, 22, 21, 20, 19, 18, 17, 16, 15, 14, 13, 12, 11, 10, 9, 8, 7, 6, 5, 4, 3, 2, 1, 0.5, 0.25, 0.125, 0.0625]
predictive decrease 5.683503356700755e-06 actual decrease 1.2145281471642733e-06
objective value without tv norm 3.962509938615355e-06
objective value with tv norm 0.0024783341639949925
[800, 400.0, 200.0, 100.0, 50.0, 30, 29, 28, 27, 26, 25, 24, 23, 22, 21, 20, 19, 18, 17, 16, 15, 14, 13, 12, 11, 10, 9, 8, 7, 6, 5, 4, 3, 2, 1, 0.5, 0.25, 0.125]
predictive decrease 1.0469031220590713e-05 actual decrease 1.0734188129355934e-06
objective value without tv norm 6.856796565757328e-06
objective value with tv norm 0.002477260745182057
[800, 400.0, 200.0, 100.0, 50.0, 30, 29, 28, 27, 26, 25, 24, 23, 22, 21, 20, 19, 18, 17, 16, 15, 14, 13, 12, 11, 10, 9, 8, 7, 6, 5, 4, 3, 2, 1, 0.5, 0.25, 0.125]
predictive decrease 2.063396019435018e-05 actual decrease 2.940897603058608e-06
objective value without tv norm 1.065694906698944e-05
objective value with tv norm 0.0024743198475789983
[800, 400.0, 200.0, 100.0, 50.0, 30, 29, 28, 27, 26, 25, 24, 23, 22, 21, 20, 19, 18, 17, 16, 15, 14, 13, 12, 11, 10, 9, 8, 7, 6, 5, 4, 3, 2, 1, 0.5, 0.25, 0.125]
predictive decrease 2.2016264028791154e-05 actual decrease 3.897131011454391e-06
objective value without tv norm 6.7598180555350496e-06
objective value with tv norm 0.002470422716567544
[800, 400.0, 200.0, 100.0, 50.0, 30, 29, 28, 27, 26, 25, 24, 23, 22, 21, 20, 19, 18, 17, 16, 15, 14, 13, 12, 11, 10, 9, 8, 7, 6, 5, 4, 3, 2, 1, 0.5, 0.25, 0.125]
predictive decrease 2.0481734818428472e-05 actual decrease 1.1987722465800488e-06
objective value without tv norm 5.561045808955001e-06
objective value with tv norm 0.002469223944320964
[800, 400.0, 200.0, 100.0, 50.0, 30, 29, 28, 27, 26, 25, 24, 23, 22, 21, 20, 19, 18, 17, 16, 15, 14, 13, 12, 11, 10, 9, 8, 7, 6, 5, 4, 3, 2, 1, 0.5, 0.25, 0.125]
predictive decrease 1.9158791488813748e-05 actual decrease 2.847806230709196e-06
objective value without tv norm 5.668898276134371e-06
objective value with tv norm 0.0024663761380902547
[800, 400.0, 200.0, 100.0, 50.0, 30, 29, 28, 27, 26, 25, 24, 23, 22, 21, 20, 19, 18, 17, 16, 15, 14, 13, 12, 11, 10, 9, 8, 7, 6, 5, 4, 3, 2, 1, 0.5, 0.25, 0.125, 0.0625]
predictive decrease 8.77816373767151e-06 actual decrease 3.974497399417132e-06
objective value without tv norm 1.6944008767172392e-06
objective value with tv norm 0.0024624016406908375
[800, 400.0, 200.0, 100.0, 50.0, 30, 29, 28, 27, 26, 25, 24, 23, 22, 21, 20, 19, 18, 17, 16, 15, 14, 13, 12, 11, 10, 9, 8, 7, 6, 5, 4, 3, 2, 1, 0.5, 0.25, 0.125, 0.0625, 0.03125]
predictive decrease 2.25679867755851e-06 actual decrease 1.1024973987912128e-06
objective value without tv norm 2.251789014251493e-06
objective value with tv norm 0.0024612991432920463
[800, 400.0, 200.0, 100.0, 50.0, 30, 29, 28, 27, 26, 25, 24, 23, 22, 21, 20, 19, 18, 17, 16, 15, 14, 13, 12, 11, 10, 9, 8, 7, 6, 5, 4, 3, 2, 1, 0.5, 0.25, 0.125, 0.0625]
predictive decrease 4.619501452556973e-06 actual decrease 1.6388450786611157e-06
objective value without tv norm 2.5834470723795633e-06
objective value with tv norm 0.002459660298213385
[800, 400.0, 200.0, 100.0, 50.0, 30, 29, 28, 27, 26, 25, 24, 23, 22, 21, 20, 19, 18, 17, 16, 15, 14, 13, 12, 11, 10, 9, 8, 7, 6, 5, 4, 3, 2, 1, 0.5, 0.25, 0.125, 0.0625]
predictive decrease 5.223373684469599e-06 actual decrease 1.6782312557417356e-06
objective value without tv norm 1.9210068578079387e-06
objective value with tv norm 0.0024579820669576435
[800, 400.0, 200.0, 100.0, 50.0, 30, 29, 28, 27, 26, 25, 24, 23, 22, 21, 20, 19, 18, 17, 16, 15, 14, 13, 12, 11, 10, 9, 8, 7, 6, 5, 4, 3, 2, 1, 0.5, 0.25, 0.125, 0.0625]
predictive decrease 5.541779888579897e-06 actual decrease 2.016661579080231e-06
objective value without tv norm 3.4236279935484504e-06
objective value with tv norm 0.0024559654053785632
[800, 400.0, 200.0, 100.0, 50.0, 30, 29, 28, 27, 26, 25, 24, 23, 22, 21, 20, 19, 18, 17, 16, 15, 14, 13, 12, 11, 10, 9, 8, 7, 6, 5, 4, 3, 2, 1, 0.5, 0.25, 0.125]
predictive decrease 1.1562285295604099e-05 actual decrease 1.21631949293044e-06
objective value without tv norm 7.687624385188663e-06
objective value with tv norm 0.002454749085885633
[800, 400.0, 200.0, 100.0, 50.0, 30, 29, 28, 27, 26, 25, 24, 23, 22, 21, 20, 19, 18, 17, 16, 15, 14, 13, 12, 11, 10, 9, 8, 7, 6, 5, 4, 3, 2, 1, 0.5, 0.25, 0.125, 0.0625]
predictive decrease 8.023344149790494e-06 actual decrease 3.704215221556062e-06
objective value without tv norm 3.983409163632601e-06
objective value with tv norm 0.0024510448706640767
[800, 400.0, 200.0, 100.0, 50.0, 30, 29, 28, 27, 26, 25, 24, 23, 22, 21, 20, 19, 18, 17, 16, 15, 14, 13, 12, 11, 10, 9, 8, 7, 6, 5, 4, 3, 2, 1, 0.5, 0.25, 0.125, 0.0625]
predictive decrease 6.8099830010347195e-06 actual decrease 1.9637443262610077e-06
objective value without tv norm 2.019664837371593e-06
objective value with tv norm 0.0024490811263378157
[800, 400.0, 200.0, 100.0, 50.0, 30, 29, 28, 27, 26, 25, 24, 23, 22, 21, 20, 19, 18, 17, 16, 15, 14, 13, 12, 11, 10, 9, 8, 7, 6, 5, 4, 3, 2, 1, 0.5, 0.25, 0.125, 0.0625]
predictive decrease 5.282801217067201e-06 actual decrease 1.5598847413166028e-06
objective value without tv norm 4.1588566930261806e-06
objective value with tv norm 0.002447521241596499
[800, 400.0, 200.0, 100.0, 50.0, 30, 29, 28, 27, 26, 25, 24, 23, 22, 21, 20, 19, 18, 17, 16, 15, 14, 13, 12, 11, 10, 9, 8, 7, 6, 5, 4, 3, 2, 1, 0.5, 0.25, 0.125, 0.0625]
predictive decrease 6.794399407737857e-06 actual decrease 1.9383765244018747e-06
objective value without tv norm 2.220480168624306e-06
objective value with tv norm 0.0024455828650720973
[800, 400.0, 200.0, 100.0, 50.0, 30, 29, 28, 27, 26, 25, 24, 23, 22, 21, 20, 19, 18, 17, 16, 15, 14, 13, 12, 11, 10, 9, 8, 7, 6, 5, 4, 3, 2, 1, 0.5, 0.25, 0.125, 0.0625]
predictive decrease 5.376423380071965e-06 actual decrease 2.2464867025181502e-06
objective value without tv norm 3.550519934725216e-06
objective value with tv norm 0.002443336378369579
[800, 400.0, 200.0, 100.0, 50.0, 30, 29, 28, 27, 26, 25, 24, 23, 22, 21, 20, 19, 18, 17, 16, 15, 14, 13, 12, 11, 10, 9, 8, 7, 6, 5, 4, 3, 2, 1, 0.5, 0.25, 0.125]
predictive decrease 1.0806590645949608e-05 actual decrease 1.2401168193341625e-06
objective value without tv norm 7.331178539904393e-06
objective value with tv norm 0.002442096261550245
[800, 400.0, 200.0, 100.0, 50.0, 30, 29, 28, 27, 26, 25, 24, 23, 22, 21, 20, 19, 18, 17, 16, 15, 14, 13, 12, 11, 10, 9, 8, 7, 6, 5, 4, 3, 2, 1, 0.5, 0.25, 0.125]
predictive decrease 1.859615096085109e-05 actual decrease 2.2648866734799496e-06
objective value without tv norm 1.1616083162468982e-05
objective value with tv norm 0.002439831374876765
[800, 400.0, 200.0, 100.0, 50.0, 30, 29, 28, 27, 26, 25, 24, 23, 22, 21, 20, 19, 18, 17, 16, 15, 14, 13, 12, 11, 10, 9, 8, 7, 6, 5, 4, 3, 2, 1, 0.5, 0.25, 0.125]
predictive decrease 2.2259789201787422e-05 actual decrease 4.512297800185038e-06
objective value without tv norm 7.10378536228351e-06
objective value with tv norm 0.00243531907707658
[800, 400.0, 200.0, 100.0, 50.0, 30, 29, 28, 27, 26, 25, 24, 23, 22, 21, 20, 19, 18, 17, 16, 15, 14, 13, 12, 11, 10, 9, 8, 7, 6, 5, 4, 3, 2, 1, 0.5, 0.25, 0.125]
predictive decrease 1.668756975741056e-05 actual decrease 3.1039958228993615e-06
objective value without tv norm 9.255128213703223e-06
objective value with tv norm 0.0024322150812536806
[800, 400.0, 200.0, 100.0, 50.0, 30, 29, 28, 27, 26, 25, 24, 23, 22, 21, 20, 19, 18, 17, 16, 15, 14, 13, 12, 11, 10, 9, 8, 7, 6, 5, 4, 3, 2, 1, 0.5, 0.25, 0.125, 0.0625]
predictive decrease 8.209470502611171e-06 actual decrease 3.3352677706322e-06
objective value without tv norm 5.919860443071023e-06
objective value with tv norm 0.0024288798134830484
[800, 400.0, 200.0, 100.0, 50.0, 30, 29, 28, 27, 26, 25, 24, 23, 22, 21, 20, 19, 18, 17, 16, 15, 14, 13, 12, 11, 10, 9, 8, 7, 6, 5, 4, 3, 2, 1, 0.5, 0.25, 0.125, 0.0625]
predictive decrease 6.757641659056648e-06 actual decrease 1.910713706142729e-06
objective value without tv norm 4.009146736927427e-06
objective value with tv norm 0.0024269690997769057
[800, 400.0, 200.0, 100.0, 50.0, 30, 29, 28, 27, 26, 25, 24, 23, 22, 21, 20, 19, 18, 17, 16, 15, 14, 13, 12, 11, 10, 9, 8, 7, 6, 5, 4, 3, 2, 1, 0.5, 0.25, 0.125, 0.0625]
predictive decrease 4.580109139024329e-06 actual decrease 1.2348284701172926e-06
objective value without tv norm 4.808780456055928e-06
objective value with tv norm 0.0024257342713067884
[800, 400.0, 200.0, 100.0, 50.0, 30, 29, 28, 27, 26, 25, 24, 23, 22, 21, 20, 19, 18, 17, 16, 15, 14, 13, 12, 11, 10, 9, 8, 7, 6, 5, 4, 3, 2, 1, 0.5, 0.25, 0.125]
predictive decrease 8.619803907029561e-06 actual decrease 7.401613967292567e-07
objective value without tv norm 4.068619059327538e-06
objective value with tv norm 0.002424994109910059
[800, 400.0, 200.0, 100.0, 50.0, 30, 29, 28, 27, 26, 25, 24, 23, 22, 21, 20, 19, 18, 17, 16, 15, 14, 13, 12, 11, 10, 9, 8, 7, 6, 5, 4, 3, 2, 1, 0.5, 0.25, 0.125, 0.0625]
predictive decrease 7.006183993966703e-06 actual decrease 2.4174268352999614e-06
objective value without tv norm 3.862827792744383e-06
objective value with tv norm 0.002422576683074759
[800, 400.0, 200.0, 100.0, 50.0, 30, 29, 28, 27, 26, 25, 24, 23, 22, 21, 20, 19, 18, 17, 16, 15, 14, 13, 12, 11, 10, 9, 8, 7, 6, 5, 4, 3, 2, 1, 0.5, 0.25, 0.125, 0.0625]
predictive decrease 6.5002634860710645e-06 actual decrease 2.0274368017049807e-06
objective value without tv norm 2.277976266618076e-06
objective value with tv norm 0.002420549246273054
[800, 400.0, 200.0, 100.0, 50.0, 30, 29, 28, 27, 26, 25, 24, 23, 22, 21, 20, 19, 18, 17, 16, 15, 14, 13, 12, 11, 10, 9, 8, 7, 6, 5, 4, 3, 2, 1, 0.5, 0.25, 0.125, 0.0625]
predictive decrease 4.8553696030198545e-06 actual decrease 1.044738258200624e-07
objective value without tv norm 5.298502440798103e-06
objective value with tv norm 0.002420444772447234
[800, 400.0, 200.0, 100.0, 50.0, 30, 29, 28, 27, 26, 25, 24, 23, 22, 21, 20, 19, 18, 17, 16, 15, 14, 13, 12, 11, 10, 9, 8, 7, 6, 5, 4, 3, 2, 1, 0.5, 0.25, 0.125, 0.0625]
predictive decrease 7.696583843265579e-06 actual decrease 2.992896827258562e-06
objective value without tv norm 2.305605613539541e-06
objective value with tv norm 0.0024174518756199755
[800, 400.0, 200.0, 100.0, 50.0, 30, 29, 28, 27, 26, 25, 24, 23, 22, 21, 20, 19, 18, 17, 16, 15, 14, 13, 12, 11, 10, 9, 8, 7, 6, 5, 4, 3, 2, 1, 0.5, 0.25, 0.125, 0.0625]
predictive decrease 4.480997645037177e-06 actual decrease 1.592211917936237e-07
objective value without tv norm 5.271384421745573e-06
objective value with tv norm 0.002417292654428182
[800, 400.0, 200.0, 100.0, 50.0, 30, 29, 28, 27, 26, 25, 24, 23, 22, 21, 20, 19, 18, 17, 16, 15, 14, 13, 12, 11, 10, 9, 8, 7, 6, 5, 4, 3, 2, 1, 0.5, 0.25, 0.125, 0.0625]
predictive decrease 7.3368439219051625e-06 actual decrease 2.486467799545089e-06
objective value without tv norm 2.784916622200484e-06
objective value with tv norm 0.002414806186628637
[800, 400.0, 200.0, 100.0, 50.0, 30, 29, 28, 27, 26, 25, 24, 23, 22, 21, 20, 19, 18, 17, 16, 15, 14, 13, 12, 11, 10, 9, 8, 7, 6, 5, 4, 3, 2, 1, 0.5, 0.25, 0.125, 0.0625]
predictive decrease 5.695829750065971e-06 actual decrease 1.0202123926555604e-06
objective value without tv norm 4.278588079720258e-06
objective value with tv norm 0.0024137859742359813
[800, 400.0, 200.0, 100.0, 50.0, 30, 29, 28, 27, 26, 25, 24, 23, 22, 21, 20, 19, 18, 17, 16, 15, 14, 13, 12, 11, 10, 9, 8, 7, 6, 5, 4, 3, 2, 1, 0.5, 0.25, 0.125, 0.0625]
predictive decrease 7.405426790012444e-06 actual decrease 2.97035935442223e-06
objective value without tv norm 3.093943011012179e-06
objective value with tv norm 0.002410815614881559
[800, 400.0, 200.0, 100.0, 50.0, 30, 29, 28, 27, 26, 25, 24, 23, 22, 21, 20, 19, 18, 17, 16, 15, 14, 13, 12, 11, 10, 9, 8, 7, 6, 5, 4, 3, 2, 1, 0.5, 0.25, 0.125]
predictive decrease 8.002964608910985e-06 actual decrease 3.2031640733506256e-07
objective value without tv norm 8.014327363303764e-06
objective value with tv norm 0.002410495298474224
[800, 400.0, 200.0, 100.0, 50.0, 30, 29, 28, 27, 26, 25, 24, 23, 22, 21, 20, 19, 18, 17, 16, 15, 14, 13, 12, 11, 10, 9, 8, 7, 6, 5, 4, 3, 2, 1, 0.5, 0.25, 0.125, 0.0625]
predictive decrease 8.678023325870993e-06 actual decrease 4.398587272524956e-06
objective value without tv norm 3.6157400907788073e-06
objective value with tv norm 0.002406096711201699
[800, 400.0, 200.0, 100.0, 50.0, 30, 29, 28, 27, 26, 25, 24, 23, 22, 21, 20, 19, 18, 17, 16, 15, 14, 13, 12, 11, 10, 9, 8, 7, 6, 5, 4, 3, 2, 1, 0.5, 0.25, 0.125, 0.0625]
predictive decrease 4.996972683724964e-06 actual decrease 1.6341730502134055e-07
objective value without tv norm 3.4523227857574668e-06
objective value with tv norm 0.0024059332938966777
[800, 400.0, 200.0, 100.0, 50.0, 30, 29, 28, 27, 26, 25, 24, 23, 22, 21, 20, 19, 18, 17, 16, 15, 14, 13, 12, 11, 10, 9, 8, 7, 6, 5, 4, 3, 2, 1, 0.5, 0.25, 0.125, 0.0625]
predictive decrease 5.877722532032521e-06 actual decrease 1.1753859386000494e-06
objective value without tv norm 5.288557911597991e-06
objective value with tv norm 0.0024047579079580776
[800, 400.0, 200.0, 100.0, 50.0, 30, 29, 28, 27, 26, 25, 24, 23, 22, 21, 20, 19, 18, 17, 16, 15, 14, 13, 12, 11, 10, 9, 8, 7, 6, 5, 4, 3, 2, 1, 0.5, 0.25, 0.125, 0.0625]
predictive decrease 7.095778520082533e-06 actual decrease 2.555836593365335e-06
objective value without tv norm 2.732721318232656e-06
objective value with tv norm 0.0024022020713647123
[800, 400.0, 200.0, 100.0, 50.0, 30, 29, 28, 27, 26, 25, 24, 23, 22, 21, 20, 19, 18, 17, 16, 15, 14, 13, 12, 11, 10, 9, 8, 7, 6, 5, 4, 3, 2, 1, 0.5, 0.25, 0.125, 0.0625, 0.03125]
predictive decrease 1.885528315088373e-06 actual decrease 6.670068881664548e-07
objective value without tv norm 2.065714430066201e-06
objective value with tv norm 0.002401535064476546
[800, 400.0, 200.0, 100.0, 50.0, 30, 29, 28, 27, 26, 25, 24, 23, 22, 21, 20, 19, 18, 17, 16, 15, 14, 13, 12, 11, 10, 9, 8, 7, 6, 5, 4, 3, 2, 1, 0.5, 0.25, 0.125, 0.0625]
predictive decrease 3.517270328475073e-06 actual decrease 1.7664942690916348e-06
objective value without tv norm 3.424220160974656e-06
objective value with tv norm 0.002399768570207454
[800, 400.0, 200.0, 100.0, 50.0, 30, 29, 28, 27, 26, 25, 24, 23, 22, 21, 20, 19, 18, 17, 16, 15, 14, 13, 12, 11, 10, 9, 8, 7, 6, 5, 4, 3, 2, 1, 0.5, 0.25, 0.125, 0.0625, 0.03125]
predictive decrease 1.9790112362597957e-06 actual decrease 7.652217213216517e-07
objective value without tv norm 2.658998439653004e-06
objective value with tv norm 0.0023990033484861326
[800, 400.0, 200.0, 100.0, 50.0, 30, 29, 28, 27, 26, 25, 24, 23, 22, 21, 20, 19, 18, 17, 16, 15, 14, 13, 12, 11, 10, 9, 8, 7, 6, 5, 4, 3, 2, 1, 0.5, 0.25, 0.125, 0.0625]
predictive decrease 4.226275574127289e-06 actual decrease 1.1740617262721506e-07
objective value without tv norm 2.8560379524700252e-06
objective value with tv norm 0.0023988859423135053
[800, 400.0, 200.0, 100.0, 50.0, 30, 29, 28, 27, 26, 25, 24, 23, 22, 21, 20, 19, 18, 17, 16, 15, 14, 13, 12, 11, 10, 9, 8, 7, 6, 5, 4, 3, 2, 1, 0.5, 0.25, 0.125, 0.0625]
predictive decrease 5.391927574671142e-06 actual decrease 1.002769890841998e-06
objective value without tv norm 3.638982347342612e-06
objective value with tv norm 0.0023978831724226633
[800, 400.0, 200.0, 100.0, 50.0, 30, 29, 28, 27, 26, 25, 24, 23, 22, 21, 20, 19, 18, 17, 16, 15, 14, 13, 12, 11, 10, 9, 8, 7, 6, 5, 4, 3, 2, 1, 0.5, 0.25, 0.125, 0.0625]
predictive decrease 5.178264774220558e-06 actual decrease 8.693633498646491e-07
objective value without tv norm 2.769618997477963e-06
objective value with tv norm 0.0023970138090727987
[800, 400.0, 200.0, 100.0, 50.0, 30, 29, 28, 27, 26, 25, 24, 23, 22, 21, 20, 19, 18, 17, 16, 15, 14, 13, 12, 11, 10, 9, 8, 7, 6, 5, 4, 3, 2, 1, 0.5, 0.25, 0.125, 0.0625]
predictive decrease 5.891386167603593e-06 actual decrease 1.3733775707101999e-06
objective value without tv norm 3.4795747601013005e-06
objective value with tv norm 0.0023956404315020885
[800, 400.0, 200.0, 100.0, 50.0, 30, 29, 28, 27, 26, 25, 24, 23, 22, 21, 20, 19, 18, 17, 16, 15, 14, 13, 12, 11, 10, 9, 8, 7, 6, 5, 4, 3, 2, 1, 0.5, 0.25, 0.125, 0.0625]
predictive decrease 4.935925071553396e-06 actual decrease 9.056617389369137e-08
objective value without tv norm 3.389008586207609e-06
objective value with tv norm 0.002395549865328195
[800, 400.0, 200.0, 100.0, 50.0, 30, 29, 28, 27, 26, 25, 24, 23, 22, 21, 20, 19, 18, 17, 16, 15, 14, 13, 12, 11, 10, 9, 8, 7, 6, 5, 4, 3, 2, 1, 0.5, 0.25, 0.125, 0.0625]
predictive decrease 7.055041324221557e-06 actual decrease 2.3582421280893273e-06
objective value without tv norm 3.969339179010767e-06
objective value with tv norm 0.0023931916232001055
[800, 400.0, 200.0, 100.0, 50.0, 30, 29, 28, 27, 26, 25, 24, 23, 22, 21, 20, 19, 18, 17, 16, 15, 14, 13, 12, 11, 10, 9, 8, 7, 6, 5, 4, 3, 2, 1, 0.5, 0.25, 0.125, 0.0625]
predictive decrease 5.063682950459669e-06 actual decrease 8.516754250731395e-07
objective value without tv norm 3.1176637539376273e-06
objective value with tv norm 0.0023923399477750323
[800, 400.0, 200.0, 100.0, 50.0, 30, 29, 28, 27, 26, 25, 24, 23, 22, 21, 20, 19, 18, 17, 16, 15, 14, 13, 12, 11, 10, 9, 8, 7, 6, 5, 4, 3, 2, 1, 0.5, 0.25, 0.125, 0.0625]
predictive decrease 5.15155824066995e-06 actual decrease 2.781971012523303e-06
objective value without tv norm 1.5117893233940194e-06
objective value with tv norm 0.002389557976762509
[800, 400.0, 200.0, 100.0, 50.0, 30, 29, 28, 27, 26, 25, 24, 23, 22, 21, 20, 19, 18, 17, 16, 15, 14, 13, 12, 11, 10, 9, 8, 7, 6, 5, 4, 3, 2, 1, 0.5, 0.25, 0.125, 0.0625, 0.03125]
predictive decrease 1.902293349210181e-06 actual decrease 7.318961339677216e-07
objective value without tv norm 2.029893189425813e-06
objective value with tv norm 0.0023888260806285413
[800, 400.0, 200.0, 100.0, 50.0, 30, 29, 28, 27, 26, 25, 24, 23, 22, 21, 20, 19, 18, 17, 16, 15, 14, 13, 12, 11, 10, 9, 8, 7, 6, 5, 4, 3, 2, 1, 0.5, 0.25, 0.125, 0.0625]
predictive decrease 3.988528950866089e-06 actual decrease 1.6115748434561428e-06
objective value without tv norm 1.6483899466512852e-06
objective value with tv norm 0.002387214505785085
[800, 400.0, 200.0, 100.0, 50.0, 30, 29, 28, 27, 26, 25, 24, 23, 22, 21, 20, 19, 18, 17, 16, 15, 14, 13, 12, 11, 10, 9, 8, 7, 6, 5, 4, 3, 2, 1, 0.5, 0.25, 0.125, 0.0625, 0.03125]
predictive decrease 2.3169648869668033e-06 actual decrease 1.1465365913816174e-06
objective value without tv norm 1.751853355269617e-06
objective value with tv norm 0.0023860679691937036
[800, 400.0, 200.0, 100.0, 50.0, 30, 29, 28, 27, 26, 25, 24, 23, 22, 21, 20, 19, 18, 17, 16, 15, 14, 13, 12, 11, 10, 9, 8, 7, 6, 5, 4, 3, 2, 1, 0.5, 0.25, 0.125, 0.0625, 0.03125]
predictive decrease 2.016323283501615e-06 actual decrease 8.058959388196514e-07
objective value without tv norm 2.508457416450227e-06
objective value with tv norm 0.002385262073254884
[800, 400.0, 200.0, 100.0, 50.0, 30, 29, 28, 27, 26, 25, 24, 23, 22, 21, 20, 19, 18, 17, 16, 15, 14, 13, 12, 11, 10, 9, 8, 7, 6, 5, 4, 3, 2, 1, 0.5, 0.25, 0.125, 0.0625, 0.03125]
predictive decrease 2.0024601345924008e-06 actual decrease 7.840177129736503e-07
objective value without tv norm 1.7244397034765768e-06
objective value with tv norm 0.0023844780555419103
[800, 400.0, 200.0, 100.0, 50.0, 30, 29, 28, 27, 26, 25, 24, 23, 22, 21, 20, 19, 18, 17, 16, 15, 14, 13, 12, 11, 10, 9, 8, 7, 6, 5, 4, 3, 2, 1, 0.5, 0.25, 0.125, 0.0625, 0.03125]
predictive decrease 1.8729073160742536e-06 actual decrease 7.245016876091144e-07
objective value without tv norm 2.041604682534448e-06
objective value with tv norm 0.002383753553854301
[800, 400.0, 200.0, 100.0, 50.0, 30, 29, 28, 27, 26, 25, 24, 23, 22, 21, 20, 19, 18, 17, 16, 15, 14, 13, 12, 11, 10, 9, 8, 7, 6, 5, 4, 3, 2, 1, 0.5, 0.25, 0.125, 0.0625, 0.03125]
predictive decrease 2.191607071529676e-06 actual decrease 1.0785532127111606e-06
objective value without tv norm 1.855908612680146e-06
objective value with tv norm 0.00238267500064159
[800, 400.0, 200.0, 100.0, 50.0, 30, 29, 28, 27, 26, 25, 24, 23, 22, 21, 20, 19, 18, 17, 16, 15, 14, 13, 12, 11, 10, 9, 8, 7, 6, 5, 4, 3, 2, 1, 0.5, 0.25, 0.125, 0.0625, 0.03125]
predictive decrease 1.914591801746926e-06 actual decrease 7.544046854357153e-07
objective value without tv norm 2.3515039272448135e-06
objective value with tv norm 0.0023819205959561543
[800, 400.0, 200.0, 100.0, 50.0, 30, 29, 28, 27, 26, 25, 24, 23, 22, 21, 20, 19, 18, 17, 16, 15, 14, 13, 12, 11, 10, 9, 8, 7, 6, 5, 4, 3, 2, 1, 0.5, 0.25, 0.125, 0.0625, 0.03125]
predictive decrease 1.8383573132541714e-06 actual decrease 6.279128509957543e-07
objective value without tv norm 3.286091076248887e-06
objective value with tv norm 0.0023812926831051585
[800, 400.0, 200.0, 100.0, 50.0, 30, 29, 28, 27, 26, 25, 24, 23, 22, 21, 20, 19, 18, 17, 16, 15, 14, 13, 12, 11, 10, 9, 8, 7, 6, 5, 4, 3, 2, 1, 0.5, 0.25, 0.125, 0.0625, 0.03125]
predictive decrease 2.0885951803120695e-06 actual decrease 8.755760618761599e-07
objective value without tv norm 2.410515014372727e-06
objective value with tv norm 0.0023804171070432823
[800, 400.0, 200.0, 100.0, 50.0, 30, 29, 28, 27, 26, 25, 24, 23, 22, 21, 20, 19, 18, 17, 16, 15, 14, 13, 12, 11, 10, 9, 8, 7, 6, 5, 4, 3, 2, 1, 0.5, 0.25, 0.125, 0.0625, 0.03125]
predictive decrease 1.8145343899911813e-06 actual decrease 6.86584162494161e-07
objective value without tv norm 2.6167879947358585e-06
objective value with tv norm 0.002379730522880788
[800, 400.0, 200.0, 100.0, 50.0, 30, 29, 28, 27, 26, 25, 24, 23, 22, 21, 20, 19, 18, 17, 16, 15, 14, 13, 12, 11, 10, 9, 8, 7, 6, 5, 4, 3, 2, 1, 0.5, 0.25, 0.125, 0.0625, 0.03125]
predictive decrease 1.8086284440015435e-06 actual decrease 8.099019657755585e-07
objective value without tv norm 2.2964014811943656e-06
objective value with tv norm 0.0023789206209150126
[800, 400.0, 200.0, 100.0, 50.0, 30, 29, 28, 27, 26, 25, 24, 23, 22, 21, 20, 19, 18, 17, 16, 15, 14, 13, 12, 11, 10, 9, 8, 7, 6, 5, 4, 3, 2, 1, 0.5, 0.25, 0.125, 0.0625]
predictive decrease 4.085357265126363e-06 actual decrease 3.7316989635839334e-07
objective value without tv norm 4.157283913897025e-06
objective value with tv norm 0.0023785474510186542
[800, 400.0, 200.0, 100.0, 50.0, 30, 29, 28, 27, 26, 25, 24, 23, 22, 21, 20, 19, 18, 17, 16, 15, 14, 13, 12, 11, 10, 9, 8, 7, 6, 5, 4, 3, 2, 1, 0.5, 0.25, 0.125, 0.0625]
predictive decrease 5.583699796275592e-06 actual decrease 2.1152757577274327e-06
objective value without tv norm 3.1779637056361665e-06
objective value with tv norm 0.002376432175260927
[800, 400.0, 200.0, 100.0, 50.0, 30, 29, 28, 27, 26, 25, 24, 23, 22, 21, 20, 19, 18, 17, 16, 15, 14, 13, 12, 11, 10, 9, 8, 7, 6, 5, 4, 3, 2, 1, 0.5, 0.25, 0.125, 0.0625, 0.03125]
predictive decrease 2.155204264857845e-06 actual decrease 9.447162647203966e-07
objective value without tv norm 3.795747440915598e-06
objective value with tv norm 0.0023754874589962064
[800, 400.0, 200.0, 100.0, 50.0, 30, 29, 28, 27, 26, 25, 24, 23, 22, 21, 20, 19, 18, 17, 16, 15, 14, 13, 12, 11, 10, 9, 8, 7, 6, 5, 4, 3, 2, 1, 0.5, 0.25, 0.125, 0.0625]
predictive decrease 4.8533229000473875e-06 actual decrease 2.1162181716456036e-07
objective value without tv norm 6.0841256237509356e-06
objective value with tv norm 0.002375275837179042
[800, 400.0, 200.0, 100.0, 50.0, 30, 29, 28, 27, 26, 25, 24, 23, 22, 21, 20, 19, 18, 17, 16, 15, 14, 13, 12, 11, 10, 9, 8, 7, 6, 5, 4, 3, 2, 1, 0.5, 0.25, 0.125, 0.0625]
predictive decrease 6.810180411229681e-06 actual decrease 1.951040028091988e-06
objective value without tv norm 4.133085595658947e-06
objective value with tv norm 0.00237332479715095
[800, 400.0, 200.0, 100.0, 50.0, 30, 29, 28, 27, 26, 25, 24, 23, 22, 21, 20, 19, 18, 17, 16, 15, 14, 13, 12, 11, 10, 9, 8, 7, 6, 5, 4, 3, 2, 1, 0.5, 0.25, 0.125, 0.0625]
predictive decrease 5.202195077905376e-06 actual decrease 3.524125644638332e-07
objective value without tv norm 3.7806730311951142e-06
objective value with tv norm 0.002372972384586486
[800, 400.0, 200.0, 100.0, 50.0, 30, 29, 28, 27, 26, 25, 24, 23, 22, 21, 20, 19, 18, 17, 16, 15, 14, 13, 12, 11, 10, 9, 8, 7, 6, 5, 4, 3, 2, 1, 0.5, 0.25, 0.125, 0.0625]
predictive decrease 5.524409407403619e-06 actual decrease 1.46375316950869e-06
objective value without tv norm 4.452680063105063e-06
objective value with tv norm 0.0023715086314169773
[800, 400.0, 200.0, 100.0, 50.0, 30, 29, 28, 27, 26, 25, 24, 23, 22, 21, 20, 19, 18, 17, 16, 15, 14, 13, 12, 11, 10, 9, 8, 7, 6, 5, 4, 3, 2, 1, 0.5, 0.25, 0.125, 0.0625]
predictive decrease 5.548486481858454e-06 actual decrease 6.88005618920684e-07
objective value without tv norm 3.7646744441843794e-06
objective value with tv norm 0.0023708206257980566
[800, 400.0, 200.0, 100.0, 50.0, 30, 29, 28, 27, 26, 25, 24, 23, 22, 21, 20, 19, 18, 17, 16, 15, 14, 13, 12, 11, 10, 9, 8, 7, 6, 5, 4, 3, 2, 1, 0.5, 0.25, 0.125, 0.0625]
predictive decrease 6.1563077837539955e-06 actual decrease 2.1246017711845817e-06
objective value without tv norm 3.978223081402277e-06
objective value with tv norm 0.002368696024026872
[800, 400.0, 200.0, 100.0, 50.0, 30, 29, 28, 27, 26, 25, 24, 23, 22, 21, 20, 19, 18, 17, 16, 15, 14, 13, 12, 11, 10, 9, 8, 7, 6, 5, 4, 3, 2, 1, 0.5, 0.25, 0.125, 0.0625]
predictive decrease 5.086098172559124e-06 actual decrease 2.8115289001139424e-07
objective value without tv norm 5.78040352472442e-06
objective value with tv norm 0.0023684148711368607
[800, 400.0, 200.0, 100.0, 50.0, 30, 29, 28, 27, 26, 25, 24, 23, 22, 21, 20, 19, 18, 17, 16, 15, 14, 13, 12, 11, 10, 9, 8, 7, 6, 5, 4, 3, 2, 1, 0.5, 0.25, 0.125, 0.0625]
predictive decrease 6.339529392668328e-06 actual decrease 1.466298965469015e-06
objective value without tv norm 4.314104559255405e-06
objective value with tv norm 0.0023669485721713917
[800, 400.0, 200.0, 100.0, 50.0, 30, 29, 28, 27, 26, 25, 24, 23, 22, 21, 20, 19, 18, 17, 16, 15, 14, 13, 12, 11, 10, 9, 8, 7, 6, 5, 4, 3, 2, 1, 0.5, 0.25, 0.125, 0.0625]
predictive decrease 4.949248406846494e-06 actual decrease 4.186684687125346e-07
objective value without tv norm 5.978769423875541e-06
objective value with tv norm 0.002366529903702679
[800, 400.0, 200.0, 100.0, 50.0, 30, 29, 28, 27, 26, 25, 24, 23, 22, 21, 20, 19, 18, 17, 16, 15, 14, 13, 12, 11, 10, 9, 8, 7, 6, 5, 4, 3, 2, 1, 0.5, 0.25, 0.125, 0.0625]
predictive decrease 6.528122538033976e-06 actual decrease 1.6718088693412625e-06
objective value without tv norm 4.306960554534278e-06
objective value with tv norm 0.002364858094833338
[800, 400.0, 200.0, 100.0, 50.0, 30, 29, 28, 27, 26, 25, 24, 23, 22, 21, 20, 19, 18, 17, 16, 15, 14, 13, 12, 11, 10, 9, 8, 7, 6, 5, 4, 3, 2, 1, 0.5, 0.25, 0.125, 0.0625]
predictive decrease 6.305636164417004e-06 actual decrease 1.4527117232487896e-06
objective value without tv norm 2.8542488312854886e-06
objective value with tv norm 0.002363405383110089
[800, 400.0, 200.0, 100.0, 50.0, 30, 29, 28, 27, 26, 25, 24, 23, 22, 21, 20, 19, 18, 17, 16, 15, 14, 13, 12, 11, 10, 9, 8, 7, 6, 5, 4, 3, 2, 1, 0.5, 0.25, 0.125, 0.0625]
predictive decrease 5.766594295610484e-06 actual decrease 1.0845839646224723e-06
objective value without tv norm 4.2696648666629144e-06
objective value with tv norm 0.0023623207991454666
[800, 400.0, 200.0, 100.0, 50.0, 30, 29, 28, 27, 26, 25, 24, 23, 22, 21, 20, 19, 18, 17, 16, 15, 14, 13, 12, 11, 10, 9, 8, 7, 6, 5, 4, 3, 2, 1, 0.5, 0.25, 0.125, 0.0625]
predictive decrease 6.648163192519985e-06 actual decrease 2.011847604886565e-06
objective value without tv norm 3.626531390743537e-06
objective value with tv norm 0.00236030895154058
[800, 400.0, 200.0, 100.0, 50.0, 30, 29, 28, 27, 26, 25, 24, 23, 22, 21, 20, 19, 18, 17, 16, 15, 14, 13, 12, 11, 10, 9, 8, 7, 6, 5, 4, 3, 2, 1, 0.5, 0.25, 0.125, 0.0625, 0.03125]
predictive decrease 2.2955750110138784e-06 actual decrease 1.1444468493650335e-06
objective value without tv norm 3.523751208045489e-06
objective value with tv norm 0.002359164504691215
[800, 400.0, 200.0, 100.0, 50.0, 30, 29, 28, 27, 26, 25, 24, 23, 22, 21, 20, 19, 18, 17, 16, 15, 14, 13, 12, 11, 10, 9, 8, 7, 6, 5, 4, 3, 2, 1, 0.5, 0.25, 0.125, 0.0625]
predictive decrease 5.241640511571312e-06 actual decrease 1.2028507526194547e-06
objective value without tv norm 4.764867577500276e-06
objective value with tv norm 0.0023579616539385955
[800, 400.0, 200.0, 100.0, 50.0, 30, 29, 28, 27, 26, 25, 24, 23, 22, 21, 20, 19, 18, 17, 16, 15, 14, 13, 12, 11, 10, 9, 8, 7, 6, 5, 4, 3, 2, 1, 0.5, 0.25, 0.125, 0.0625]
predictive decrease 6.261442379751781e-06 actual decrease 1.9096732125937696e-06
objective value without tv norm 4.435057256224617e-06
objective value with tv norm 0.0023560519807260018
[800, 400.0, 200.0, 100.0, 50.0, 30, 29, 28, 27, 26, 25, 24, 23, 22, 21, 20, 19, 18, 17, 16, 15, 14, 13, 12, 11, 10, 9, 8, 7, 6, 5, 4, 3, 2, 1, 0.5, 0.25, 0.125, 0.0625, 0.03125]
predictive decrease 2.2101477278541407e-06 actual decrease 9.920530216200873e-07
objective value without tv norm 3.4430042346045298e-06
objective value with tv norm 0.0023550599277043817
[800, 400.0, 200.0, 100.0, 50.0, 30, 29, 28, 27, 26, 25, 24, 23, 22, 21, 20, 19, 18, 17, 16, 15, 14, 13, 12, 11, 10, 9, 8, 7, 6, 5, 4, 3, 2, 1, 0.5, 0.25, 0.125, 0.0625, 0.03125]
predictive decrease 2.253038090209176e-06 actual decrease 1.1065785548644569e-06
objective value without tv norm 3.378092346406625e-06
objective value with tv norm 0.0023539533491495172
[800, 400.0, 200.0, 100.0, 50.0, 30, 29, 28, 27, 26, 25, 24, 23, 22, 21, 20, 19, 18, 17, 16, 15, 14, 13, 12, 11, 10, 9, 8, 7, 6, 5, 4, 3, 2, 1, 0.5, 0.25, 0.125, 0.0625, 0.03125]
predictive decrease 1.822776783855836e-06 actual decrease 6.04566539053053e-07
objective value without tv norm 2.773525807353572e-06
objective value with tv norm 0.002353348782610464
[800, 400.0, 200.0, 100.0, 50.0, 30, 29, 28, 27, 26, 25, 24, 23, 22, 21, 20, 19, 18, 17, 16, 15, 14, 13, 12, 11, 10, 9, 8, 7, 6, 5, 4, 3, 2, 1, 0.5, 0.25, 0.125, 0.0625]
predictive decrease 4.27191236523905e-06 actual decrease 6.107409354981323e-07
objective value without tv norm 4.603798517077706e-06
objective value with tv norm 0.002352738041674966
objective value without tv norm 4.603798517077706e-06
alpha 0.0001
objective value with tv norm 0.002352738041674966
norm 23.48134243157888
computational time 432.7352788448334
total iterations 3929
