[800]
predictive decrease 3.2047857894016203 actual decrease 0.2166508194287491
objective value with out tv norm 0.5650557528507336
[800, 400.0]
predictive decrease 4.127793425492457 actual decrease 0.26421911538828624
objective value with out tv norm 0.3008366374624474
[800, 400.0, 200.0, 100.0, 50.0]
predictive decrease 0.7330552148039734 actual decrease 0.05174070294108157
objective value with out tv norm 0.2490959345213658
[800, 400.0, 200.0, 100.0, 50.0, 30, 29, 28]
predictive decrease 0.5870997436725347 actual decrease 0.007262656633229558
objective value with out tv norm 0.24183327788813624
[800, 400.0, 200.0, 100.0, 50.0, 30, 29, 28, 27, 26, 25]
predictive decrease 0.5295461217391974 actual decrease 0.07587790556948848
objective value with out tv norm 0.16595537231864776
[800, 400.0, 200.0, 100.0, 50.0, 30, 29, 28, 27, 26, 25, 24, 23, 22, 21, 20, 19]
predictive decrease 0.33858912298536126 actual decrease 0.015185660280757629
objective value with out tv norm 0.15076971203789014
[800, 400.0, 200.0, 100.0, 50.0, 30, 29, 28, 27, 26, 25, 24, 23, 22, 21]
predictive decrease 0.33032305726749 actual decrease 0.023527898125331514
objective value with out tv norm 0.12724181391255862
[800, 400.0, 200.0, 100.0, 50.0, 30, 29, 28, 27, 26, 25, 24, 23, 22, 21, 20, 19, 18, 17]
predictive decrease 0.283287908434318 actual decrease 0.014550075345815427
objective value with out tv norm 0.1126917385667432
[800, 400.0, 200.0, 100.0, 50.0, 30, 29, 28, 27, 26, 25, 24, 23, 22, 21, 20, 19, 18, 17, 16]
predictive decrease 0.24647933346822323 actual decrease 0.0028521995471529893
objective value with out tv norm 0.1098395390195902
[800, 400.0, 200.0, 100.0, 50.0, 30, 29, 28, 27, 26, 25, 24, 23, 22, 21, 20, 19, 18, 17, 16, 15]
predictive decrease 0.22539639506407683 actual decrease 0.006348217802918943
objective value with out tv norm 0.10349132121667126
[800, 400.0, 200.0, 100.0, 50.0, 30, 29, 28, 27, 26, 25, 24, 23, 22, 21, 20, 19, 18]
predictive decrease 0.23715031756737473 actual decrease 0.0031175460250433273
objective value with out tv norm 0.10037377519162793
[800, 400.0, 200.0, 100.0, 50.0, 30, 29, 28, 27, 26, 25, 24, 23, 22, 21, 20, 19, 18, 17, 16, 15]
predictive decrease 0.22642664885823954 actual decrease 0.0020021913402931135
objective value with out tv norm 0.09837158385133482
[800, 400.0, 200.0, 100.0, 50.0, 30, 29, 28, 27, 26, 25, 24, 23, 22, 21, 20, 19, 18, 17, 16, 15, 14]
predictive decrease 0.2100051599723119 actual decrease 0.009139148902929328
objective value with out tv norm 0.08923243494840549
[800, 400.0, 200.0, 100.0, 50.0, 30, 29, 28, 27, 26, 25, 24, 23, 22, 21, 20, 19, 18, 17, 16, 15, 14, 13]
predictive decrease 0.17836409097021666 actual decrease 0.00944400713332183
objective value with out tv norm 0.07978842781508366
[800, 400.0, 200.0, 100.0, 50.0, 30, 29, 28, 27, 26, 25, 24, 23, 22, 21, 20, 19, 18, 17, 16, 15, 14, 13, 12]
predictive decrease 0.1499050220601419 actual decrease 0.00015942802289814484
objective value with out tv norm 0.07962899979218552
[800, 400.0, 200.0, 100.0, 50.0, 30, 29, 28, 27, 26, 25, 24, 23, 22, 21, 20, 19, 18, 17, 16, 15, 14, 13, 12]
predictive decrease 0.14801978051555031 actual decrease 0.022595836792235424
objective value with out tv norm 0.05703316299995009
[800, 400.0, 200.0, 100.0, 50.0, 30, 29, 28, 27, 26, 25, 24, 23, 22, 21, 20, 19, 18, 17, 16, 15, 14, 13, 12, 11, 10, 9]
predictive decrease 0.08733461543532031 actual decrease 0.002429761070856795
objective value with out tv norm 0.0546034019290933
[800, 400.0, 200.0, 100.0, 50.0, 30, 29, 28, 27, 26, 25, 24, 23, 22, 21, 20, 19, 18, 17, 16, 15, 14, 13, 12]
predictive decrease 0.11287444077523165 actual decrease 0.0010051762958309673
objective value with out tv norm 0.05359822563326233
[800, 400.0, 200.0, 100.0, 50.0, 30, 29, 28, 27, 26, 25, 24, 23, 22, 21, 20, 19, 18, 17, 16, 15, 14, 13, 12]
predictive decrease 0.12965565401204382 actual decrease 0.001228522822829703
objective value with out tv norm 0.05236970281043263
[800, 400.0, 200.0, 100.0, 50.0, 30, 29, 28, 27, 26, 25, 24, 23, 22, 21, 20, 19, 18, 17, 16, 15, 14, 13]
predictive decrease 0.13543943715581314 actual decrease 0.005144179927487613
objective value with out tv norm 0.047225522882945015
[800, 400.0, 200.0, 100.0, 50.0, 30, 29, 28, 27, 26, 25, 24, 23, 22, 21, 20, 19, 18, 17, 16, 15, 14, 13, 12, 11]
predictive decrease 0.11224116975516459 actual decrease 0.0037636630849937625
objective value with out tv norm 0.04346185979795125
[800, 400.0, 200.0, 100.0, 50.0, 30, 29, 28, 27, 26, 25, 24, 23, 22, 21, 20, 19, 18, 17, 16, 15, 14, 13, 12]
predictive decrease 0.11310808661741145 actual decrease 0.004687903215526368
objective value with out tv norm 0.038773956582424884
[800, 400.0, 200.0, 100.0, 50.0, 30, 29, 28, 27, 26, 25, 24, 23, 22, 21, 20, 19, 18, 17, 16, 15, 14, 13, 12, 11, 10]
predictive decrease 0.09910885927642248 actual decrease 0.0038599634224296686
objective value with out tv norm 0.034913993159995216
[800, 400.0, 200.0, 100.0, 50.0, 30, 29, 28, 27, 26, 25, 24, 23, 22, 21, 20, 19, 18, 17, 16, 15, 14, 13, 12, 11, 10, 9]
predictive decrease 0.057925246544248715 actual decrease 0.005066594358476784
objective value with out tv norm 0.029847398801518432
[800, 400.0, 200.0, 100.0, 50.0, 30, 29, 28, 27, 26, 25, 24, 23, 22, 21, 20, 19, 18, 17, 16, 15, 14, 13, 12, 11]
predictive decrease 0.08380859260811631 actual decrease 0.0008737512837420081
objective value with out tv norm 0.028973647517776424
[800, 400.0, 200.0, 100.0, 50.0, 30, 29, 28, 27, 26, 25, 24, 23, 22, 21, 20, 19, 18, 17, 16, 15, 14, 13, 12, 11, 10, 9, 8, 7]
predictive decrease 0.05754552313253455 actual decrease 0.005490081352015452
objective value with out tv norm 0.023483566165760972
[800, 400.0, 200.0, 100.0, 50.0, 30, 29, 28, 27, 26, 25, 24, 23, 22, 21, 20, 19, 18, 17, 16, 15, 14, 13, 12, 11, 10, 9, 8, 7, 6]
predictive decrease 0.04192877691368817 actual decrease 0.0007255989640880811
objective value with out tv norm 0.02275796720167289
[800, 400.0, 200.0, 100.0, 50.0, 30, 29, 28, 27, 26, 25, 24, 23, 22, 21, 20, 19, 18, 17, 16, 15, 14, 13, 12, 11, 10, 9, 8, 7]
predictive decrease 0.046182602381973234 actual decrease 0.0037292172244887123
objective value with out tv norm 0.01902874997718418
[800, 400.0, 200.0, 100.0, 50.0, 30, 29, 28, 27, 26, 25, 24, 23, 22, 21, 20, 19, 18, 17, 16, 15, 14, 13, 12, 11, 10, 9, 8, 7]
predictive decrease 0.042016299268321844 actual decrease 0.001831894950922841
objective value with out tv norm 0.017196855026261337
[800, 400.0, 200.0, 100.0, 50.0, 30, 29, 28, 27, 26, 25, 24, 23, 22, 21, 20, 19, 18, 17, 16, 15, 14, 13, 12, 11, 10, 9, 8, 7, 6]
predictive decrease 0.032931594456031964 actual decrease 0.0020402568168577107
objective value with out tv norm 0.015156598209403627
[800, 400.0, 200.0, 100.0, 50.0, 30, 29, 28, 27, 26, 25, 24, 23, 22, 21, 20, 19, 18, 17, 16, 15, 14, 13, 12, 11, 10, 9, 8, 7, 6, 5]
predictive decrease 0.026990748298132916 actual decrease 0.0023846384795995768
objective value with out tv norm 0.01277195972980405
[800, 400.0, 200.0, 100.0, 50.0, 30, 29, 28, 27, 26, 25, 24, 23, 22, 21, 20, 19, 18, 17, 16, 15, 14, 13, 12, 11, 10, 9, 8, 7, 6, 5, 4]
predictive decrease 0.019668313069122745 actual decrease 0.0008423741948435648
objective value with out tv norm 0.011929585534960485
[800, 400.0, 200.0, 100.0, 50.0, 30, 29, 28, 27, 26, 25, 24, 23, 22, 21, 20, 19, 18, 17, 16, 15, 14, 13, 12, 11, 10, 9, 8, 7, 6, 5, 4, 3]
predictive decrease 0.0130174530277544 actual decrease 0.0022149669362230284
objective value with out tv norm 0.009714618598737457
[800, 400.0, 200.0, 100.0, 50.0, 30, 29, 28, 27, 26, 25, 24, 23, 22, 21, 20, 19, 18, 17, 16, 15, 14, 13, 12, 11, 10, 9, 8, 7, 6, 5, 4, 3, 2]
predictive decrease 0.006323204368562733 actual decrease 0.001393155077887398
objective value with out tv norm 0.008321463520850059
[800, 400.0, 200.0, 100.0, 50.0, 30, 29, 28, 27, 26, 25, 24, 23, 22, 21, 20, 19, 18, 17, 16, 15, 14, 13, 12, 11, 10, 9, 8, 7, 6, 5, 4, 3, 2]
predictive decrease 0.006293277975814766 actual decrease 0.0013778807758606515
objective value with out tv norm 0.006943582744989407
[800, 400.0, 200.0, 100.0, 50.0, 30, 29, 28, 27, 26, 25, 24, 23, 22, 21, 20, 19, 18, 17, 16, 15, 14, 13, 12, 11, 10, 9, 8, 7, 6, 5, 4, 3, 2]
predictive decrease 0.00409230493352801 actual decrease 0.0015133453892176574
objective value with out tv norm 0.00543023735577175
[800, 400.0, 200.0, 100.0, 50.0, 30, 29, 28, 27, 26, 25, 24, 23, 22, 21, 20, 19, 18, 17, 16, 15, 14, 13, 12, 11, 10, 9, 8, 7, 6, 5, 4, 3, 2]
predictive decrease 0.005172933288572614 actual decrease 0.0002473350110810957
objective value with out tv norm 0.005182902344690654
[800, 400.0, 200.0, 100.0, 50.0, 30, 29, 28, 27, 26, 25, 24, 23, 22, 21, 20, 19, 18, 17, 16, 15, 14, 13, 12, 11, 10, 9, 8, 7, 6, 5, 4, 3, 2]
predictive decrease 0.005898711950794845 actual decrease 0.0009722426719703803
objective value with out tv norm 0.004210659672720274
[800, 400.0, 200.0, 100.0, 50.0, 30, 29, 28, 27, 26, 25, 24, 23, 22, 21, 20, 19, 18, 17, 16, 15, 14, 13, 12, 11, 10, 9, 8, 7, 6, 5, 4, 3, 2]
predictive decrease 0.005383614108690068 actual decrease 0.0004397862430181032
objective value with out tv norm 0.0037708734297021707
[800, 400.0, 200.0, 100.0, 50.0, 30, 29, 28, 27, 26, 25, 24, 23, 22, 21, 20, 19, 18, 17, 16, 15, 14, 13, 12, 11, 10, 9, 8, 7, 6, 5, 4, 3, 2, 1]
predictive decrease 0.002181679715070104 actual decrease 0.0009383462006943288
objective value with out tv norm 0.002832527229007842
[800, 400.0, 200.0, 100.0, 50.0, 30, 29, 28, 27, 26, 25, 24, 23, 22, 21, 20, 19, 18, 17, 16, 15, 14, 13, 12, 11, 10, 9, 8, 7, 6, 5, 4, 3, 2, 1]
predictive decrease 0.0020571519324610816 actual decrease 0.0008126898805934646
objective value with out tv norm 0.0020198373484143772
[800, 400.0, 200.0, 100.0, 50.0, 30, 29, 28, 27, 26, 25, 24, 23, 22, 21, 20, 19, 18, 17, 16, 15, 14, 13, 12, 11, 10, 9, 8, 7, 6, 5, 4, 3, 2, 1]
predictive decrease 0.0015388399195885847 actual decrease 0.00029335345657965917
objective value with out tv norm 0.001726483891834718
[800, 400.0, 200.0, 100.0, 50.0, 30, 29, 28, 27, 26, 25, 24, 23, 22, 21, 20, 19, 18, 17, 16, 15, 14, 13, 12, 11, 10, 9, 8, 7, 6, 5, 4, 3, 2, 1]
predictive decrease 0.0012863900810374492 actual decrease 4.130667316171177e-05
objective value with out tv norm 0.0016851772186730063
[800, 400.0, 200.0, 100.0, 50.0, 30, 29, 28, 27, 26, 25, 24, 23, 22, 21, 20, 19, 18, 17, 16, 15, 14, 13, 12, 11, 10, 9, 8, 7, 6, 5, 4, 3, 2, 1]
predictive decrease 0.001261294038732914 actual decrease 1.6413863693887087e-05
objective value with out tv norm 0.0016687633549791192
[800, 400.0, 200.0, 100.0, 50.0, 30, 29, 28, 27, 26, 25, 24, 23, 22, 21, 20, 19, 18, 17, 16, 15, 14, 13, 12, 11, 10, 9, 8, 7, 6, 5, 4, 3, 2, 1]
predictive decrease 0.0014769464438047063 actual decrease 0.00023144763633009546
objective value with out tv norm 0.0014373157186490237
[800, 400.0, 200.0, 100.0, 50.0, 30, 29, 28, 27, 26, 25, 24, 23, 22, 21, 20, 19, 18, 17, 16, 15, 14, 13, 12, 11, 10, 9, 8, 7, 6, 5, 4, 3, 2, 1]
predictive decrease 0.0014863904969107055 actual decrease 0.0002395238923921239
objective value with out tv norm 0.0011977918262568998
[800, 400.0, 200.0, 100.0, 50.0, 30, 29, 28, 27, 26, 25, 24, 23, 22, 21, 20, 19, 18, 17, 16, 15, 14, 13, 12, 11, 10, 9, 8, 7, 6, 5, 4, 3, 2, 1, 0.5]
predictive decrease 0.0 actual decrease 0.0
objective value with out tv norm 0.0011977918262568998
objective value without tv norm 0.0011977918262568998
norm 38.0
computational time 208.79919004440308
total iterations 1246
