[600, 300.0, 150.0, 75.0, 37.5, 30, 29, 28, 27]
predictive decrease 0.4045304834294252 actual decrease 0.0025344891558477523
objective value with out tv norm 0.2116933592483351
[600, 300.0, 150.0, 75.0, 37.5, 30]
predictive decrease 0.5943959860968085 actual decrease 0.003260626790661192
objective value with out tv norm 0.2084327324576739
[600, 300.0, 150.0, 75.0, 37.5, 30, 29, 28, 27]
predictive decrease 0.6458643296037044 actual decrease 0.011085890407035226
objective value with out tv norm 0.19734684205063868
[600, 300.0, 150.0, 75.0, 37.5, 30, 29, 28, 27, 26]
predictive decrease 0.6012538842650772 actual decrease 0.00786327493236183
objective value with out tv norm 0.18948356711827685
[600, 300.0, 150.0, 75.0, 37.5, 30, 29, 28, 27, 26, 25]
predictive decrease 0.5829438801184488 actual decrease 0.011422669813458741
objective value with out tv norm 0.1780608973048181
[600, 300.0, 150.0, 75.0, 37.5, 30, 29, 28, 27, 26, 25, 24]
predictive decrease 0.5320970900215142 actual decrease 0.0078015872588665935
objective value with out tv norm 0.17025931004595152
[600, 300.0, 150.0, 75.0, 37.5, 30, 29, 28, 27, 26, 25, 24, 23]
predictive decrease 0.5123033612125008 actual decrease 0.008081654420156625
objective value with out tv norm 0.1621776556257949
[600, 300.0, 150.0, 75.0, 37.5, 30, 29, 28, 27, 26, 25, 24, 23, 22]
predictive decrease 0.4700936234762711 actual decrease 0.01265255155537115
objective value with out tv norm 0.14952510407042374
[600, 300.0, 150.0, 75.0, 37.5, 30, 29, 28, 27, 26, 25, 24, 23, 22, 21]
predictive decrease 0.43519109284734786 actual decrease 0.007043682871383017
objective value with out tv norm 0.14248142119904073
[600, 300.0, 150.0, 75.0, 37.5, 30, 29, 28, 27, 26, 25, 24, 23, 22, 21, 20]
predictive decrease 0.3991455004107233 actual decrease 0.01467095584169209
objective value with out tv norm 0.12781046535734863
[600, 300.0, 150.0, 75.0, 37.5, 30, 29, 28, 27, 26, 25, 24, 23, 22, 21, 20, 19]
predictive decrease 0.3586675380584121 actual decrease 0.004489251050683318
objective value with out tv norm 0.12332121430666532
[600, 300.0, 150.0, 75.0, 37.5, 30, 29, 28, 27, 26, 25, 24, 23, 22, 21, 20, 19, 18]
predictive decrease 0.3291797078977845 actual decrease 0.012063155111263546
objective value with out tv norm 0.11125805919540177
[600, 300.0, 150.0, 75.0, 37.5, 30, 29, 28, 27, 26, 25, 24, 23, 22, 21, 20, 19, 18, 17]
predictive decrease 0.29380101398822783 actual decrease 0.00541503416415634
objective value with out tv norm 0.10584302503124543
[600, 300.0, 150.0, 75.0, 37.5, 30, 29, 28, 27, 26, 25, 24, 23, 22, 21, 20, 19, 18, 17, 16]
predictive decrease 0.26493525914103994 actual decrease 0.010143479921381648
objective value with out tv norm 0.09569954510986378
[600, 300.0, 150.0, 75.0, 37.5, 30, 29, 28, 27, 26, 25, 24, 23, 22, 21, 20, 19, 18, 17, 16, 15]
predictive decrease 0.2336238018941223 actual decrease 0.004683150083370613
objective value with out tv norm 0.09101639502649317
[600, 300.0, 150.0, 75.0, 37.5, 30, 29, 28, 27, 26, 25, 24, 23, 22, 21, 20, 19, 18, 17, 16, 15, 14]
predictive decrease 0.2089474051447683 actual decrease 0.008593959465450496
objective value with out tv norm 0.08242243556104267
[600, 300.0, 150.0, 75.0, 37.5, 30, 29, 28, 27, 26, 25, 24, 23, 22, 21, 20, 19, 18, 17, 16, 15, 14, 13]
predictive decrease 0.18051678742572408 actual decrease 0.00518716873405789
objective value with out tv norm 0.07723526682698478
[600, 300.0, 150.0, 75.0, 37.5, 30, 29, 28, 27, 26, 25, 24, 23, 22, 21, 20, 19, 18, 17, 16, 15, 14, 13]
predictive decrease 0.1704539786725972 actual decrease 0.0029039061825822943
objective value with out tv norm 0.07433136064440249
[600, 300.0, 150.0, 75.0, 37.5, 30, 29, 28, 27, 26, 25, 24, 23, 22, 21, 20, 19, 18, 17, 16, 15, 14, 13, 12]
predictive decrease 0.15928826640805493 actual decrease 0.006146809738011738
objective value with out tv norm 0.06818455090639075
[600, 300.0, 150.0, 75.0, 37.5, 30, 29, 28, 27, 26, 25, 24, 23, 22, 21, 20, 19, 18, 17, 16, 15, 14, 13, 12, 11]
predictive decrease 0.13559211428300388 actual decrease 0.004575993264870903
objective value with out tv norm 0.06360855764151985
[600, 300.0, 150.0, 75.0, 37.5, 30, 29, 28, 27, 26, 25, 24, 23, 22, 21, 20, 19, 18, 17, 16, 15, 14, 13, 12, 11, 10]
predictive decrease 0.1161088398785241 actual decrease 0.005873594533402415
objective value with out tv norm 0.05773496310811743
[600, 300.0, 150.0, 75.0, 37.5, 30, 29, 28, 27, 26, 25, 24, 23, 22, 21, 20, 19, 18, 17, 16, 15, 14, 13, 12, 11, 10, 9]
predictive decrease 0.0939126024127505 actual decrease 0.0035408857030427843
objective value with out tv norm 0.05419407740507465
[600, 300.0, 150.0, 75.0, 37.5, 30, 29, 28, 27, 26, 25, 24, 23, 22, 21, 20, 19, 18, 17, 16, 15, 14, 13, 12, 11, 10, 9, 8]
predictive decrease 0.07736874521073572 actual decrease 0.005184268513493184
objective value with out tv norm 0.04900980889158146
[600, 300.0, 150.0, 75.0, 37.5, 30, 29, 28, 27, 26, 25, 24, 23, 22, 21, 20, 19, 18, 17, 16, 15, 14, 13, 12, 11, 10, 9, 8]
predictive decrease 0.067509380199864 actual decrease 0.0031109041648083036
objective value with out tv norm 0.04589890472677316
[600, 300.0, 150.0, 75.0, 37.5, 30, 29, 28, 27, 26, 25, 24, 23, 22, 21, 20, 19, 18, 17, 16, 15, 14, 13, 12, 11, 10, 9, 8, 7]
predictive decrease 0.057998286774634644 actual decrease 0.0039999676854738375
objective value with out tv norm 0.04189893704129932
[600, 300.0, 150.0, 75.0, 37.5, 30, 29, 28, 27, 26, 25, 24, 23, 22, 21, 20, 19, 18, 17, 16, 15, 14, 13, 12, 11, 10, 9, 8, 7, 6]
predictive decrease 0.04326396124932819 actual decrease 0.0025002618710409097
objective value with out tv norm 0.03939867517025841
[600, 300.0, 150.0, 75.0, 37.5, 30, 29, 28, 27, 26, 25, 24, 23, 22, 21, 20, 19, 18, 17, 16, 15, 14, 13, 12, 11, 10, 9, 8, 7, 6]
predictive decrease 0.04196986456454589 actual decrease 0.0029210065800580054
objective value with out tv norm 0.03647766859020041
[600, 300.0, 150.0, 75.0, 37.5, 30, 29, 28, 27, 26, 25, 24, 23, 22, 21, 20, 19, 18, 17, 16, 15, 14, 13, 12, 11, 10]
predictive decrease 0.08282068220923643 actual decrease 0.00984597707391155
objective value with out tv norm 0.026631691516288858
[600, 300.0, 150.0, 75.0, 37.5, 30, 29, 28, 27, 26, 25, 24, 23, 22, 21, 20, 19, 18, 17, 16, 15, 14, 13, 12, 11, 10, 9, 8, 7]
predictive decrease 0.060316031882056226 actual decrease 0.007138427486280574
objective value with out tv norm 0.019493264030008284
[600, 300.0, 150.0, 75.0, 37.5, 30, 29, 28, 27, 26, 25, 24, 23, 22, 21, 20, 19, 18, 17, 16, 15, 14, 13, 12, 11, 10, 9, 8]
predictive decrease 0.05662985485488735 actual decrease 0.0008972180308948197
objective value with out tv norm 0.018596045999113464
[600, 300.0, 150.0, 75.0, 37.5, 30, 29, 28, 27, 26, 25, 24, 23, 22, 21, 20, 19, 18, 17, 16, 15, 14, 13, 12, 11, 10, 9, 8, 7]
predictive decrease 0.05515278945068873 actual decrease 0.001578418759220157
objective value with out tv norm 0.017017627239893307
[600, 300.0, 150.0, 75.0, 37.5, 30, 29, 28, 27, 26, 25, 24, 23, 22, 21, 20, 19, 18, 17, 16, 15, 14, 13, 12, 11, 10, 9, 8, 7, 6]
predictive decrease 0.044902044046533446 actual decrease 0.0035245871602592738
objective value with out tv norm 0.013493040079634033
[600, 300.0, 150.0, 75.0, 37.5, 30, 29, 28, 27, 26, 25, 24, 23, 22, 21, 20, 19, 18, 17, 16, 15, 14, 13, 12, 11, 10, 9, 8, 7, 6, 5]
predictive decrease 0.032036841124675114 actual decrease 0.0027963358041217523
objective value with out tv norm 0.010696704275512281
[600, 300.0, 150.0, 75.0, 37.5, 30, 29, 28, 27, 26, 25, 24, 23, 22, 21, 20, 19, 18, 17, 16, 15, 14, 13, 12, 11, 10, 9, 8, 7, 6, 5, 4]
predictive decrease 0.021443683626445338 actual decrease 0.0024399325363473334
objective value with out tv norm 0.008256771739164948
[600, 300.0, 150.0, 75.0, 37.5, 30, 29, 28, 27, 26, 25, 24, 23, 22, 21, 20, 19, 18, 17, 16, 15, 14, 13, 12, 11, 10, 9, 8, 7, 6, 5, 4]
predictive decrease 0.016732995259634384 actual decrease 0.0026530740091159632
objective value with out tv norm 0.005603697730048984
[600, 300.0, 150.0, 75.0, 37.5, 30, 29, 28, 27, 26, 25, 24, 23, 22, 21, 20, 19, 18, 17, 16, 15, 14, 13, 12, 11, 10, 9, 8, 7, 6, 5, 4, 3]
predictive decrease 0.011241875313221152 actual decrease 0.00032599737222582803
objective value with out tv norm 0.005277700357823156
[600, 300.0, 150.0, 75.0, 37.5, 30, 29, 28, 27, 26, 25, 24, 23, 22, 21, 20, 19, 18, 17, 16, 15, 14, 13, 12, 11, 10, 9, 8, 7, 6, 5, 4, 3, 2]
predictive decrease 0.00711158232097983 actual decrease 0.002193569419003172
objective value with out tv norm 0.0030841309388199845
[600, 300.0, 150.0, 75.0, 37.5, 30, 29, 28, 27, 26, 25, 24, 23, 22, 21, 20, 19, 18, 17, 16, 15, 14, 13, 12, 11, 10, 9, 8, 7, 6, 5, 4, 3, 2, 1]
predictive decrease 0.0024182018046465933 actual decrease 0.0011756545187050493
objective value with out tv norm 0.0019084764201149351
[600, 300.0, 150.0, 75.0, 37.5, 30, 29, 28, 27, 26, 25, 24, 23, 22, 21, 20, 19, 18, 17, 16, 15, 14, 13, 12, 11, 10, 9, 8, 7, 6, 5, 4, 3, 2, 1, 0.5]
predictive decrease 0.0 actual decrease 0.0
objective value with out tv norm 0.0019084764201149351
objective value without tv norm 0.0019084764201149351
norm 40.0
computational time 82.44439911842346
total iterations 935
