[800, 400.0, 200.0, 100.0, 50.0, 30, 29, 28, 27, 26, 25, 24, 23, 22, 21, 20, 19, 18, 17, 16, 15, 14, 13, 12, 11, 10, 9, 8, 7, 6, 5, 4, 3, 2, 1]
predictive decrease 0.002171539068171975 actual decrease 0.0009261857330833678
objective value without tv norm 0.0007275017622002666
objective value with tv norm 0.049627501762200266
[800, 400.0, 200.0, 100.0, 50.0, 30, 29, 28, 27, 26, 25, 24, 23, 22, 21, 20, 19, 18, 17, 16, 15, 14, 13, 12, 11, 10, 9, 8, 7, 6, 5, 4, 3, 2, 1]
predictive decrease 0.0015336645192928974 actual decrease 0.00028785257285548344
objective value without tv norm 0.000639649189344782
objective value with tv norm 0.04933964918934478
[800, 400.0, 200.0, 100.0, 50.0, 30, 29, 28, 27, 26, 25, 24, 23, 22, 21, 20, 19, 18, 17, 16, 15, 14, 13, 12, 11, 10, 9, 8, 7, 6, 5, 4, 3, 2, 1]
predictive decrease 0.00139549605976437 actual decrease 0.0001487419432050427
objective value without tv norm 0.0006909072461397381
objective value with tv norm 0.04919090724613974
[800, 400.0, 200.0, 100.0, 50.0, 30, 29, 28, 27, 26, 25, 24, 23, 22, 21, 20, 19, 18, 17, 16, 15, 14, 13, 12, 11, 10, 9, 8, 7, 6, 5, 4, 3, 2, 1]
predictive decrease 0.0014412662382866925 actual decrease 0.00019432937917964604
objective value without tv norm 0.0006965778669600908
objective value with tv norm 0.048996577866960093
[800, 400.0, 200.0, 100.0, 50.0, 30, 29, 28, 27, 26, 25, 24, 23, 22, 21, 20, 19, 18, 17, 16, 15, 14, 13, 12, 11, 10, 9, 8, 7, 6, 5, 4, 3, 2, 1]
predictive decrease 0.001270894104385814 actual decrease 2.4967773353722078e-05
objective value without tv norm 0.0008716100936063675
objective value with tv norm 0.04897161009360637
[800, 400.0, 200.0, 100.0, 50.0, 30, 29, 28, 27, 26, 25, 24, 23, 22, 21, 20, 19, 18, 17, 16, 15, 14, 13, 12, 11, 10, 9, 8, 7, 6, 5, 4, 3, 2, 1]
predictive decrease 0.001861945230864602 actual decrease 0.0006159876029604647
objective value without tv norm 0.00045562249064590166
objective value with tv norm 0.04835562249064591
[800, 400.0, 200.0, 100.0, 50.0, 30, 29, 28, 27, 26, 25, 24, 23, 22, 21, 20, 19, 18, 17, 16, 15, 14, 13, 12, 11, 10, 9, 8, 7, 6, 5, 4, 3, 2, 1, 0.5]
predictive decrease 0.0 actual decrease 0.0
objective value without tv norm 0.00045562249064590166
objective value with tv norm 0.04835562249064591
objective value without tv norm 0.00045562249064590166
alpha 0.0001
objective value with tv norm 0.04835562249064591
norm 479.0
computational time 27.825029134750366
total iterations 249
