[400, 200.0, 100.0, 50.0, 30, 29, 28, 27, 26, 25, 24, 23, 22, 21, 20, 19, 18, 17, 16, 15, 14, 13, 12, 11, 10, 9, 8, 7, 6]
predictive decrease 0.03744701484650469 actual decrease 0.004055484811170129
objective value with out tv norm 0.01522883275238629
[400, 200.0, 100.0, 50.0, 30, 29, 28, 27, 26, 25, 24, 23, 22, 21, 20, 19, 18, 17, 16, 15, 14, 13, 12, 11, 10, 9, 8, 7, 6, 5]
predictive decrease 0.027031482352739264 actual decrease 0.0005940400685378044
objective value with out tv norm 0.014634792683848485
[400, 200.0, 100.0, 50.0, 30, 29, 28, 27, 26, 25, 24, 23, 22, 21, 20, 19, 18, 17, 16, 15, 14, 13, 12, 11, 10, 9, 8, 7, 6, 5, 4]
predictive decrease 0.022592006696108936 actual decrease 0.003448540790125243
objective value with out tv norm 0.011186251893723242
[400, 200.0, 100.0, 50.0, 30, 29, 28, 27, 26, 25, 24, 23, 22, 21, 20, 19, 18, 17, 16, 15, 14, 13, 12, 11, 10, 9, 8, 7, 6, 5, 4]
predictive decrease 0.019428466963765885 actual decrease 0.0032773208815803923
objective value with out tv norm 0.00790893101214285
[400, 200.0, 100.0, 50.0, 30, 29, 28, 27, 26, 25, 24, 23, 22, 21, 20, 19, 18, 17, 16, 15, 14, 13, 12, 11, 10, 9, 8, 7, 6, 5]
predictive decrease 0.016195431308266044 actual decrease 0.002211196417294503
objective value with out tv norm 0.005697734594848347
[400, 200.0, 100.0, 50.0, 30, 29, 28, 27, 26, 25, 24, 23, 22, 21, 20, 19, 18, 17, 16, 15, 14, 13, 12, 11, 10, 9, 8, 7, 6, 5, 4, 3]
predictive decrease 0.011922302671255004 actual decrease 0.0009723095206870536
objective value with out tv norm 0.0047254250741612935
[400, 200.0, 100.0, 50.0, 30, 29, 28, 27, 26, 25, 24, 23, 22, 21, 20, 19, 18, 17, 16, 15, 14, 13, 12, 11, 10, 9, 8, 7, 6, 5, 4, 3]
predictive decrease 0.010280371935465719 actual decrease 0.0005616651514734894
objective value with out tv norm 0.004163759922687804
[400, 200.0, 100.0, 50.0, 30, 29, 28, 27, 26, 25, 24, 23, 22, 21, 20, 19, 18, 17, 16, 15, 14, 13, 12, 11, 10, 9, 8, 7, 6, 5, 4, 3, 2]
predictive decrease 0.00336475624199806 actual decrease 0.0021217530647703597
objective value with out tv norm 0.0020420068579174444
[400, 200.0, 100.0, 50.0, 30, 29, 28, 27, 26, 25, 24, 23, 22, 21, 20, 19, 18, 17, 16, 15, 14, 13, 12, 11, 10, 9, 8, 7, 6, 5, 4, 3, 2, 1]
predictive decrease 0.001978471773174801 actual decrease 0.0007345266027297681
objective value with out tv norm 0.0013074802551876763
[400, 200.0, 100.0, 50.0, 30, 29, 28, 27, 26, 25, 24, 23, 22, 21, 20, 19, 18, 17, 16, 15, 14, 13, 12, 11, 10, 9, 8, 7, 6, 5, 4, 3, 2, 1, 0.5]
predictive decrease 0.0 actual decrease 0.0
objective value with out tv norm 0.0013074802551876763
objective value without tv norm 0.0013074802551876763
norm 38.0
computational time 23.620680667
total iterations 323
