[400, 200.0, 100.0, 50.0, 30]
predictive decrease 0.3847136480807878 actual decrease 0.04909412591912121
objective value with out tv norm 0.10964542928985188
[400, 200.0, 100.0, 50.0, 30, 29, 28, 27, 26, 25, 24, 23, 22, 21, 20, 19]
predictive decrease 0.26537230160500963 actual decrease 0.013835315458221698
objective value with out tv norm 0.09581011383163018
[400, 200.0, 100.0, 50.0, 30, 29, 28, 27, 26, 25, 24, 23, 22, 21, 20, 19, 18, 17, 16, 15]
predictive decrease 0.22011643727121383 actual decrease 0.008294567491360594
objective value with out tv norm 0.08751554634026959
[400, 200.0, 100.0, 50.0, 30, 29, 28, 27, 26, 25, 24, 23, 22, 21, 20, 19, 18, 17, 16, 15, 14]
predictive decrease 0.18968965091989964 actual decrease 0.004773062121131377
objective value with out tv norm 0.08274248421913821
[400, 200.0, 100.0, 50.0, 30, 29, 28, 27, 26, 25, 24, 23, 22, 21, 20, 19, 18, 17, 16, 15, 14, 13]
predictive decrease 0.17005455474274062 actual decrease 0.005898088616386632
objective value with out tv norm 0.07684439560275158
[400, 200.0, 100.0, 50.0, 30, 29, 28, 27, 26, 25, 24, 23, 22, 21, 20, 19, 18, 17, 16, 15, 14, 13, 12]
predictive decrease 0.14631727499848107 actual decrease 0.005357996076293836
objective value with out tv norm 0.07148639952645774
[400, 200.0, 100.0, 50.0, 30, 29, 28, 27, 26, 25, 24, 23, 22, 21, 20, 19, 18, 17, 16, 15, 14, 13, 12, 11]
predictive decrease 0.1267914407812156 actual decrease 0.0035288596624776236
objective value with out tv norm 0.06795753986398012
[400, 200.0, 100.0, 50.0, 30, 29, 28, 27, 26, 25, 24, 23, 22, 21, 20, 19, 18, 17, 16, 15, 14, 13, 12]
predictive decrease 0.12794600707084236 actual decrease 0.00035580452895001
objective value with out tv norm 0.06760173533503011
[400, 200.0, 100.0, 50.0, 30, 29, 28, 27, 26, 25, 24, 23, 22, 21, 20, 19, 18, 17, 16, 15, 14, 13, 12, 11]
predictive decrease 0.12983956461140364 actual decrease 0.00605649806183417
objective value with out tv norm 0.06154523727319594
[400, 200.0, 100.0, 50.0, 30, 29, 28, 27, 26, 25, 24, 23, 22, 21, 20, 19, 18, 17, 16, 15, 14, 13, 12, 11, 10]
predictive decrease 0.11023249724981739 actual decrease 0.004188717796481667
objective value with out tv norm 0.057356519476714274
[400, 200.0, 100.0, 50.0, 30, 29, 28, 27, 26, 25, 24, 23, 22, 21, 20, 19, 18, 17, 16, 15, 14, 13, 12, 11, 10, 9]
predictive decrease 0.07531259383993859 actual decrease 0.011597903022796618
objective value with out tv norm 0.045758616453917655
[400, 200.0, 100.0, 50.0, 30, 29, 28, 27, 26, 25, 24, 23, 22, 21, 20, 19, 18, 17, 16, 15, 14, 13, 12, 11, 10, 9, 8]
predictive decrease 0.06956318323294958 actual decrease 0.002930116416565598
objective value with out tv norm 0.04282850003735206
[400, 200.0, 100.0, 50.0, 30, 29, 28, 27, 26, 25, 24, 23, 22, 21, 20, 19, 18, 17, 16, 15, 14, 13, 12, 11, 10, 9]
predictive decrease 0.06819757937862357 actual decrease 0.001887303016022357
objective value with out tv norm 0.0409411970213297
[400, 200.0, 100.0, 50.0, 30, 29, 28, 27, 26, 25, 24, 23, 22, 21, 20, 19, 18, 17, 16, 15, 14, 13, 12, 11, 10, 9, 8]
predictive decrease 0.06819192042132056 actual decrease 0.0014530355400456108
objective value with out tv norm 0.03948816148128409
[400, 200.0, 100.0, 50.0, 30, 29, 28, 27, 26, 25, 24, 23, 22, 21, 20, 19, 18, 17, 16, 15, 14, 13, 12, 11, 10, 9, 8, 7]
predictive decrease 0.05678653884879885 actual decrease 0.004170668978059844
objective value with out tv norm 0.035317492503224246
[400, 200.0, 100.0, 50.0, 30, 29, 28, 27, 26, 25, 24, 23, 22, 21, 20, 19, 18, 17, 16, 15, 14, 13, 12, 11, 10, 9, 8, 7, 6]
predictive decrease 0.041407734425668585 actual decrease 0.0014343991700163095
objective value with out tv norm 0.033883093333207936
[400, 200.0, 100.0, 50.0, 30, 29, 28, 27, 26, 25, 24, 23, 22, 21, 20, 19, 18, 17, 16, 15, 14, 13, 12, 11, 10, 9, 8, 7, 6, 5]
predictive decrease 0.03120260290350369 actual decrease 0.002704206532729736
objective value with out tv norm 0.0311788868004782
[400, 200.0, 100.0, 50.0, 30, 29, 28, 27, 26, 25, 24, 23, 22, 21, 20, 19, 18, 17, 16, 15, 14, 13, 12, 11, 10, 9, 8, 7, 6, 5, 4]
predictive decrease 0.02183798904157007 actual decrease 0.00298050836745567
objective value with out tv norm 0.02819837843302253
[400, 200.0, 100.0, 50.0, 30, 29, 28, 27, 26, 25, 24, 23, 22, 21, 20, 19, 18, 17, 16, 15, 14, 13, 12, 11, 10, 9, 8, 7, 6, 5, 4]
predictive decrease 0.022259928398408728 actual decrease 0.0038732283814414403
objective value with out tv norm 0.02432515005158109
[400, 200.0, 100.0, 50.0, 30, 29, 28, 27, 26, 25, 24, 23, 22, 21, 20, 19, 18, 17, 16, 15, 14, 13, 12, 11, 10, 9, 8, 7, 6, 5, 4, 3]
predictive decrease 0.012195928416472785 actual decrease 0.001638849639488349
objective value with out tv norm 0.02268630041209274
[400, 200.0, 100.0, 50.0, 30, 29, 28, 27, 26, 25, 24, 23, 22, 21, 20, 19, 18, 17, 16, 15, 14, 13, 12, 11, 10, 9, 8, 7, 6, 5, 4]
predictive decrease 0.020636794284844634 actual decrease 0.004455429832475044
objective value with out tv norm 0.018230870579617697
[400, 200.0, 100.0, 50.0, 30, 29, 28, 27, 26, 25, 24, 23, 22, 21, 20, 19, 18, 17, 16, 15, 14, 13, 12, 11, 10, 9, 8, 7, 6, 5, 4]
predictive decrease 0.02098196447198948 actual decrease 0.002976807422362726
objective value with out tv norm 0.015254063157254971
[400, 200.0, 100.0, 50.0, 30, 29, 28, 27, 26, 25, 24, 23, 22, 21, 20, 19, 18, 17, 16, 15, 14, 13, 12, 11, 10, 9, 8, 7, 6, 5, 4]
predictive decrease 0.01798648472787372 actual decrease 0.001158732958877251
objective value with out tv norm 0.01409533019837772
[400, 200.0, 100.0, 50.0, 30, 29, 28, 27, 26, 25, 24, 23, 22, 21, 20, 19, 18, 17, 16, 15, 14, 13, 12, 11, 10, 9, 8, 7, 6, 5, 4, 3]
predictive decrease 0.014031822204498987 actual decrease 0.0030708192325019645
objective value with out tv norm 0.011024510965875756
[400, 200.0, 100.0, 50.0, 30, 29, 28, 27, 26, 25, 24, 23, 22, 21, 20, 19, 18, 17, 16, 15, 14, 13, 12, 11, 10, 9, 8, 7, 6, 5, 4]
predictive decrease 0.011685205821839495 actual decrease 0.002857995317406936
objective value with out tv norm 0.00816651564846882
[400, 200.0, 100.0, 50.0, 30, 29, 28, 27, 26, 25, 24, 23, 22, 21, 20, 19, 18, 17, 16, 15, 14, 13, 12, 11, 10, 9, 8, 7, 6, 5, 4, 3, 2]
predictive decrease 0.005858175814818713 actual decrease 0.0009589100914889626
objective value with out tv norm 0.007207605556979857
[400, 200.0, 100.0, 50.0, 30, 29, 28, 27, 26, 25, 24, 23, 22, 21, 20, 19, 18, 17, 16, 15, 14, 13, 12, 11, 10, 9, 8, 7, 6, 5, 4, 3, 2, 1]
predictive decrease 0.0019879499688641488 actual decrease 0.0007491806253024924
objective value with out tv norm 0.0064584249316773645
[400, 200.0, 100.0, 50.0, 30, 29, 28, 27, 26, 25, 24, 23, 22, 21, 20, 19, 18, 17, 16, 15, 14, 13, 12, 11, 10, 9, 8, 7, 6, 5, 4, 3, 2, 1]
predictive decrease 0.0015190249209337784 actual decrease 0.00027682778059334723
objective value with out tv norm 0.006181597151084017
[400, 200.0, 100.0, 50.0, 30, 29, 28, 27, 26, 25, 24, 23, 22, 21, 20, 19, 18, 17, 16, 15, 14, 13, 12, 11, 10, 9, 8, 7, 6, 5, 4, 3, 2, 1]
predictive decrease 0.001641161746534911 actual decrease 0.0004018773597596059
objective value with out tv norm 0.005779719791324411
[400, 200.0, 100.0, 50.0, 30, 29, 28, 27, 26, 25, 24, 23, 22, 21, 20, 19, 18, 17, 16, 15, 14, 13, 12, 11, 10, 9, 8, 7, 6, 5, 4, 3, 2]
predictive decrease 0.0024883930243739913 actual decrease 0.0006411802267235478
objective value with out tv norm 0.005138539564600864
[400, 200.0, 100.0, 50.0, 30, 29, 28, 27, 26, 25, 24, 23, 22, 21, 20, 19, 18, 17, 16, 15, 14, 13, 12, 11, 10, 9, 8, 7, 6, 5, 4, 3, 2, 1]
predictive decrease 0.0021302297437716918 actual decrease 0.0008912575764392638
objective value with out tv norm 0.0042472819881616
[400, 200.0, 100.0, 50.0, 30, 29, 28, 27, 26, 25, 24, 23, 22, 21, 20, 19, 18, 17, 16, 15, 14, 13, 12, 11, 10, 9, 8, 7, 6, 5, 4, 3, 2, 1]
predictive decrease 0.0014194211160595935 actual decrease 0.00017965298017941222
objective value with out tv norm 0.0040676290079821875
[400, 200.0, 100.0, 50.0, 30, 29, 28, 27, 26, 25, 24, 23, 22, 21, 20, 19, 18, 17, 16, 15, 14, 13, 12, 11, 10, 9, 8, 7, 6, 5, 4, 3, 2, 1, 0.5]
predictive decrease 0.0 actual decrease 0.0
objective value with out tv norm 0.0040676290079821875
objective value without tv norm 0.0040676290079821875
norm 23.0
computational time 74.83160710334778
total iterations 945
