[800, 400.0, 200.0, 100.0, 50.0, 30]
predictive decrease 0.3777451274992793 actual decrease 0.11267974363673927
objective value with out tv norm 0.5847750640206328
[800, 400.0, 200.0, 100.0, 50.0, 30]
predictive decrease 0.30652749247681393 actual decrease 0.004361948012187922
objective value with out tv norm 0.5804131160084449
[800, 400.0, 200.0, 100.0, 50.0, 30, 29, 28, 27, 26, 25, 24, 23, 22, 21]
predictive decrease 0.2416949752847904 actual decrease 0.008596904097161184
objective value with out tv norm 0.5718162119112837
[800, 400.0, 200.0]
predictive decrease 1.4406730509155494 actual decrease 0.09849840730092851
objective value with out tv norm 0.4733178046103552
[800, 400.0, 200.0, 100.0, 50.0, 30]
predictive decrease 0.8075322264547705 actual decrease 0.3497880390772655
objective value with out tv norm 0.1235297655330897
[800, 400.0, 200.0, 100.0, 50.0, 30, 29, 28, 27, 26, 25, 24, 23, 22, 21, 20, 19, 18, 17, 16]
predictive decrease 0.16891167881312247 actual decrease 0.0064174409407179445
objective value with out tv norm 0.11711232459237175
[800, 400.0, 200.0, 100.0, 50.0, 30, 29, 28, 27, 26, 25, 24, 23, 22, 21, 20, 19, 18, 17]
predictive decrease 0.19226634352779945 actual decrease 0.006043785314295724
objective value with out tv norm 0.11106853927807603
[800, 400.0, 200.0, 100.0, 50.0, 30, 29, 28, 27, 26, 25, 24, 23, 22, 21, 20, 19, 18, 17, 16, 15, 14]
predictive decrease 0.18433532167583014 actual decrease 0.0023644690795804335
objective value with out tv norm 0.1087040701984956
[800, 400.0, 200.0, 100.0, 50.0, 30, 29, 28, 27, 26, 25, 24, 23, 22, 21, 20, 19, 18, 17, 16, 15, 14, 13]
predictive decrease 0.17238696293675462 actual decrease 0.006032198939390332
objective value with out tv norm 0.10267187125910526
[800, 400.0, 200.0, 100.0, 50.0, 30, 29, 28, 27, 26, 25, 24, 23]
predictive decrease 0.28704786739239774 actual decrease 0.004594775395641348
objective value with out tv norm 0.09807709586346391
[800, 400.0, 200.0, 100.0, 50.0, 30, 29, 28, 27, 26, 25, 24, 23, 22, 21, 20, 19, 18, 17, 16]
predictive decrease 0.23437647628379052 actual decrease 0.006390184833700796
objective value with out tv norm 0.09168691102976312
[800, 400.0, 200.0, 100.0, 50.0, 30, 29, 28, 27, 26, 25, 24, 23, 22, 21, 20, 19, 18, 17, 16, 15]
predictive decrease 0.24722393497854997 actual decrease 0.0076009332671115315
objective value with out tv norm 0.08408597776265159
[800, 400.0, 200.0, 100.0, 50.0, 30, 29, 28, 27, 26, 25, 24, 23, 22, 21, 20, 19, 18, 17, 16, 15, 14]
predictive decrease 0.21856295421208569 actual decrease 0.004702054000629063
objective value with out tv norm 0.07938392376202252
[800, 400.0, 200.0, 100.0, 50.0, 30, 29, 28, 27, 26, 25, 24, 23, 22, 21, 20, 19, 18, 17, 16, 15, 14, 13]
predictive decrease 0.19665358753855336 actual decrease 0.00876724700368503
objective value with out tv norm 0.0706166767583375
[800, 400.0, 200.0, 100.0, 50.0, 30, 29, 28, 27, 26, 25, 24, 23, 22, 21, 20, 19, 18, 17, 16, 15, 14, 13, 12]
predictive decrease 0.16540016715187394 actual decrease 0.005409815798959494
objective value with out tv norm 0.065206860959378
[800, 400.0, 200.0, 100.0, 50.0, 30, 29, 28, 27, 26, 25, 24, 23, 22, 21, 20, 19, 18, 17, 16, 15, 14, 13, 12, 11]
predictive decrease 0.1434870400300746 actual decrease 0.006921643850494208
objective value with out tv norm 0.05828521710888379
[800, 400.0, 200.0, 100.0, 50.0, 30, 29, 28, 27, 26, 25, 24, 23, 22, 21, 20, 19, 18, 17, 16, 15, 14, 13, 12, 11, 10]
predictive decrease 0.11822148382953958 actual decrease 0.0034732753647209735
objective value with out tv norm 0.05481194174416282
[800, 400.0, 200.0, 100.0, 50.0, 30, 29, 28, 27, 26, 25, 24, 23, 22, 21, 20, 19, 18, 17, 16, 15, 14, 13, 12, 11, 10, 9]
predictive decrease 0.10098368723176107 actual decrease 0.006975755829891073
objective value with out tv norm 0.047836185914271745
[800, 400.0, 200.0, 100.0, 50.0, 30, 29, 28, 27, 26, 25, 24, 23, 22, 21, 20, 19, 18, 17, 16, 15, 14, 13, 12, 11, 10, 9, 8]
predictive decrease 0.07766401612713478 actual decrease 0.0028414293112191125
objective value with out tv norm 0.04499475660305263
[800, 400.0, 200.0, 100.0, 50.0, 30, 29, 28, 27, 26, 25, 24, 23, 22, 21, 20, 19, 18, 17, 16, 15, 14, 13, 12, 11, 10, 9, 8, 7]
predictive decrease 0.06342359254404793 actual decrease 0.005590920111998354
objective value with out tv norm 0.03940383649105428
[800, 400.0, 200.0, 100.0, 50.0, 30, 29, 28, 27, 26, 25, 24, 23, 22, 21, 20, 19, 18, 17, 16, 15, 14, 13, 12, 11, 10, 9, 8, 7, 6]
predictive decrease 0.044913876473235664 actual decrease 0.0022032510170999497
objective value with out tv norm 0.03720058547395433
[800, 400.0, 200.0, 100.0, 50.0, 30, 29, 28, 27, 26, 25, 24, 23, 22, 21, 20, 19, 18, 17, 16, 15, 14, 13, 12, 11, 10, 9, 8, 7, 6, 5]
predictive decrease 0.03393840673544468 actual decrease 0.004051093295187158
objective value with out tv norm 0.03314949217876717
[800, 400.0, 200.0, 100.0, 50.0, 30, 29, 28, 27, 26, 25, 24, 23, 22, 21, 20, 19, 18, 17, 16, 15, 14, 13, 12, 11, 10, 9, 8, 7, 6, 5]
predictive decrease 0.027176815462444565 actual decrease 0.0052172973572550685
objective value with out tv norm 0.027932194821512102
[800, 400.0, 200.0, 100.0, 50.0, 30, 29, 28, 27, 26, 25, 24, 23, 22, 21, 20, 19, 18, 17, 16, 15, 14, 13, 12, 11, 10, 9, 8, 7, 6, 5]
predictive decrease 0.022683763757658112 actual decrease 0.0016550662248274728
objective value with out tv norm 0.02627712859668463
[800, 400.0, 200.0, 100.0, 50.0, 30, 29, 28, 27, 26, 25, 24, 23, 22, 21, 20, 19, 18, 17, 16, 15, 14, 13, 12, 11, 10, 9, 8, 7, 6, 5]
predictive decrease 0.02726477017386965 actual decrease 0.0053197123246445654
objective value with out tv norm 0.020957416272040064
[800, 400.0, 200.0, 100.0, 50.0, 30, 29, 28, 27, 26, 25, 24, 23, 22, 21, 20, 19, 18, 17, 16, 15, 14, 13, 12, 11, 10, 9, 8, 7, 6, 5]
predictive decrease 0.02066860736824768 actual decrease 0.003835114744581758
objective value with out tv norm 0.017122301527458306
[800, 400.0, 200.0, 100.0, 50.0, 30, 29, 28, 27, 26, 25, 24, 23, 22, 21, 20, 19, 18, 17, 16, 15, 14, 13, 12, 11, 10, 9, 8, 7, 6, 5, 4]
predictive decrease 0.016590002097625057 actual decrease 0.0007858516269412252
objective value with out tv norm 0.01633644990051708
[800, 400.0, 200.0, 100.0, 50.0, 30, 29, 28, 27, 26, 25, 24, 23, 22, 21, 20, 19, 18, 17, 16, 15, 14, 13, 12, 11, 10, 9, 8, 7, 6, 5, 4]
predictive decrease 0.0197644369323988 actual decrease 0.00274883169370288
objective value with out tv norm 0.0135876182068142
[800, 400.0, 200.0, 100.0, 50.0, 30, 29, 28, 27, 26, 25, 24, 23, 22, 21, 20, 19, 18, 17, 16, 15, 14, 13, 12, 11, 10, 9, 8, 7, 6, 5, 4, 3]
predictive decrease 0.01137541129337678 actual decrease 0.0005992593629515763
objective value with out tv norm 0.012988358843862624
[800, 400.0, 200.0, 100.0, 50.0, 30, 29, 28, 27, 26, 25, 24, 23, 22, 21, 20, 19, 18, 17, 16, 15, 14, 13, 12, 11, 10, 9, 8, 7, 6, 5, 4, 3]
predictive decrease 0.012205389157377908 actual decrease 0.0012774937323082325
objective value with out tv norm 0.011710865111554392
[800, 400.0, 200.0, 100.0, 50.0, 30, 29, 28, 27, 26, 25, 24, 23, 22, 21, 20, 19, 18, 17, 16, 15, 14, 13, 12, 11, 10, 9, 8, 7, 6, 5, 4, 3]
predictive decrease 0.010642156103047959 actual decrease 0.0022467619420940554
objective value with out tv norm 0.009464103169460336
[800, 400.0, 200.0, 100.0, 50.0, 30, 29, 28, 27, 26, 25, 24, 23, 22, 21, 20, 19, 18, 17, 16, 15, 14, 13, 12, 11, 10, 9, 8, 7, 6, 5, 4, 3]
predictive decrease 0.0074858673539635245 actual decrease 0.0007390889624167007
objective value with out tv norm 0.008725014207043635
[800, 400.0, 200.0, 100.0, 50.0, 30, 29, 28, 27, 26, 25, 24, 23, 22, 21, 20, 19, 18, 17, 16, 15, 14, 13, 12, 11, 10, 9, 8, 7, 6, 5, 4, 3, 2]
predictive decrease 0.005372260152017491 actual decrease 0.00043693452677018296
objective value with out tv norm 0.008288079680273452
[800, 400.0, 200.0, 100.0, 50.0, 30, 29, 28, 27, 26, 25, 24, 23, 22, 21, 20, 19, 18, 17, 16, 15, 14, 13, 12, 11, 10, 9, 8, 7, 6, 5, 4, 3]
predictive decrease 0.006705523740009871 actual decrease 0.00021480323090738995
objective value with out tv norm 0.008073276449366062
[800, 400.0, 200.0, 100.0, 50.0, 30, 29, 28, 27, 26, 25, 24, 23, 22, 21, 20, 19, 18, 17, 16, 15, 14, 13, 12, 11, 10, 9, 8, 7, 6, 5, 4, 3, 2]
predictive decrease 0.005682012095930751 actual decrease 0.0007533166213562481
objective value with out tv norm 0.007319959828009814
[800, 400.0, 200.0, 100.0, 50.0, 30, 29, 28, 27, 26, 25, 24, 23, 22, 21, 20, 19, 18, 17, 16, 15, 14, 13, 12, 11, 10, 9, 8, 7, 6, 5, 4, 3, 2]
predictive decrease 0.005240516964087597 actual decrease 0.0002995679981619981
objective value with out tv norm 0.007020391829847816
[800, 400.0, 200.0, 100.0, 50.0, 30, 29, 28, 27, 26, 25, 24, 23, 22, 21, 20, 19, 18, 17, 16, 15, 14, 13, 12, 11, 10, 9, 8, 7, 6, 5, 4, 3, 2]
predictive decrease 0.005625625288973802 actual decrease 0.0006942260917367493
objective value with out tv norm 0.006326165738111067
[800, 400.0, 200.0, 100.0, 50.0, 30, 29, 28, 27, 26, 25, 24, 23, 22, 21, 20, 19, 18, 17, 16, 15, 14, 13, 12, 11, 10, 9, 8, 7, 6, 5, 4, 3, 2]
predictive decrease 0.006505889003167867 actual decrease 0.0015851203807115688
objective value with out tv norm 0.004741045357399498
[800, 400.0, 200.0, 100.0, 50.0, 30, 29, 28, 27, 26, 25, 24, 23, 22, 21, 20, 19, 18, 17, 16, 15, 14, 13, 12, 11, 10, 9, 8, 7, 6, 5, 4, 3, 2, 1]
predictive decrease 0.001971174388937397 actual decrease 0.0007279123642482954
objective value with out tv norm 0.004013132993151203
[800, 400.0, 200.0, 100.0, 50.0, 30, 29, 28, 27, 26, 25, 24, 23, 22, 21, 20, 19, 18, 17, 16, 15, 14, 13, 12, 11, 10, 9, 8, 7, 6, 5, 4, 3, 2, 1]
predictive decrease 0.001992471629346036 actual decrease 0.0007476841671589796
objective value with out tv norm 0.003265448825992223
[800, 400.0, 200.0, 100.0, 50.0, 30, 29, 28, 27, 26, 25, 24, 23, 22, 21, 20, 19, 18, 17, 16, 15, 14, 13, 12, 11, 10, 9, 8, 7, 6, 5, 4, 3, 2, 1]
predictive decrease 0.001701614775529955 actual decrease 0.0004582735246432268
objective value with out tv norm 0.0028071753013489964
[800, 400.0, 200.0, 100.0, 50.0, 30, 29, 28, 27, 26, 25, 24, 23, 22, 21, 20, 19, 18, 17, 16, 15, 14, 13, 12, 11, 10, 9, 8, 7, 6, 5, 4, 3, 2, 1, 0.5]
predictive decrease 0.0 actual decrease 0.0
objective value with out tv norm 0.0028071753013489964
objective value without tv norm 0.0028071753013489964
norm 40.0
computational time 155.07642793655396
total iterations 1138
