[400, 200.0, 100.0, 50.0, 30, 29, 28, 27, 26, 25, 24, 23, 22, 21, 20, 19, 18, 17, 16, 15, 14, 13, 12, 11, 10, 9, 8, 7, 6, 5, 4, 3, 2]
predictive decrease 0.0002489400895115002 actual decrease 2.9333659233164028e-05
objective value without tv norm 0.000294915391513606
objective value with tv norm 0.011347921635737316
[400, 200.0, 100.0, 50.0, 30, 29, 28, 27, 26, 25, 24, 23, 22, 21, 20, 19, 18, 17, 16, 15, 14, 13, 12, 11, 10, 9, 8, 7, 6, 5, 4, 3, 2, 1, 0.5, 0.25]
predictive decrease 0.00011656793314541829 actual decrease 3.8897503488621865e-05
objective value without tv norm 0.00025601788802498415
objective value with tv norm 0.011309024132248694
[400, 200.0, 100.0, 50.0, 30, 29, 28, 27, 26, 25, 24, 23, 22, 21, 20, 19, 18, 17, 16, 15, 14, 13, 12, 11, 10, 9, 8, 7, 6, 5, 4, 3, 2, 1, 0.5, 0.25]
predictive decrease 0.0001148489199907874 actual decrease 5.740116121077943e-05
objective value without tv norm 0.00019861672681420472
objective value with tv norm 0.011251622971037914
[400, 200.0, 100.0, 50.0, 30, 29, 28, 27, 26, 25, 24, 23, 22, 21, 20, 19, 18, 17, 16, 15, 14, 13, 12, 11, 10, 9, 8, 7, 6, 5, 4, 3, 2, 1, 0.5, 0.25]
predictive decrease 9.57722944839156e-05 actual decrease 1.7872184819744952e-05
objective value without tv norm 0.00018074454199445977
objective value with tv norm 0.01123375078621817
[400, 200.0, 100.0, 50.0, 30, 29, 28, 27, 26, 25, 24, 23, 22, 21, 20, 19, 18, 17, 16, 15, 14, 13, 12, 11, 10, 9, 8, 7, 6, 5, 4, 3, 2, 1, 0.5, 0.25]
predictive decrease 8.207199850173569e-05 actual decrease 2.8221896267445826e-05
objective value without tv norm 0.00018221196632095538
objective value with tv norm 0.011205528889950724
[400, 200.0, 100.0, 50.0, 30, 29, 28, 27, 26, 25, 24, 23, 22, 21, 20, 19, 18, 17, 16, 15, 14, 13, 12, 11, 10, 9, 8, 7, 6, 5, 4, 3, 2, 1, 0.5, 0.25]
predictive decrease 8.265410157042713e-05 actual decrease 1.7061350032876454e-05
objective value without tv norm 0.00016515061628807892
objective value with tv norm 0.011188467539917847
[400, 200.0, 100.0, 50.0, 30, 29, 28, 27, 26, 25, 24, 23, 22, 21, 20, 19, 18, 17, 16, 15, 14, 13, 12, 11, 10, 9, 8, 7, 6, 5, 4, 3, 2, 1, 0.5, 0.25]
predictive decrease 8.339710187839702e-05 actual decrease 1.79073062830451e-05
objective value without tv norm 0.00019724331000503526
objective value with tv norm 0.011170560233634802
[400, 200.0, 100.0, 50.0, 30, 29, 28, 27, 26, 25, 24, 23, 22, 21, 20, 19, 18, 17, 16, 15, 14, 13, 12, 11, 10, 9, 8, 7, 6, 5, 4, 3, 2, 1, 0.5, 0.25, 0.125]
predictive decrease 3.109349377290391e-05 actual decrease 1.5285465790659813e-05
objective value without tv norm 0.00018195784421437544
objective value with tv norm 0.011155274767844142
[400, 200.0, 100.0, 50.0, 30, 29, 28, 27, 26, 25, 24, 23, 22, 21, 20, 19, 18, 17, 16, 15, 14, 13, 12, 11, 10, 9, 8, 7, 6, 5, 4, 3, 2, 1, 0.5, 0.25]
predictive decrease 6.981348048989977e-05 actual decrease 1.1059269095281543e-05
objective value without tv norm 0.0001708985751190939
objective value with tv norm 0.01114421549874886
[400, 200.0, 100.0, 50.0, 30, 29, 28, 27, 26, 25, 24, 23, 22, 21, 20, 19, 18, 17, 16, 15, 14, 13, 12, 11, 10, 9, 8, 7, 6, 5, 4, 3, 2, 1, 0.5, 0.25, 0.125]
predictive decrease 3.080764125442184e-05 actual decrease 1.1669990492735316e-05
objective value without tv norm 0.00015922858462635858
objective value with tv norm 0.011132545508256125
[400, 200.0, 100.0, 50.0, 30, 29, 28, 27, 26, 25, 24, 23, 22, 21, 20, 19, 18, 17, 16, 15, 14, 13, 12, 11, 10, 9, 8, 7, 6, 5, 4, 3, 2, 1, 0.5, 0.25, 0.125]
predictive decrease 2.5977439557059098e-05 actual decrease 9.267407351689141e-06
objective value without tv norm 0.00017496117727466842
objective value with tv norm 0.011123278100904436
[400, 200.0, 100.0, 50.0, 30, 29, 28, 27, 26, 25, 24, 23, 22, 21, 20, 19, 18, 17, 16, 15, 14, 13, 12, 11, 10, 9, 8, 7, 6, 5, 4, 3, 2, 1, 0.5, 0.25, 0.125]
predictive decrease 2.0047836001468172e-05 actual decrease 4.660051023289841e-06
objective value without tv norm 0.00017030112625138205
objective value with tv norm 0.011118618049881146
[400, 200.0, 100.0, 50.0, 30, 29, 28, 27, 26, 25, 24, 23, 22, 21, 20, 19, 18, 17, 16, 15, 14, 13, 12, 11, 10, 9, 8, 7, 6, 5, 4, 3, 2, 1, 0.5, 0.25, 0.125]
predictive decrease 1.7740931250781813e-05 actual decrease 5.4577191629344435e-06
objective value without tv norm 0.00016484340708844414
objective value with tv norm 0.011113160330718212
[400, 200.0, 100.0, 50.0, 30, 29, 28, 27, 26, 25, 24, 23, 22, 21, 20, 19, 18, 17, 16, 15, 14, 13, 12, 11, 10, 9, 8, 7, 6, 5, 4, 3, 2, 1, 0.5, 0.25, 0.125]
predictive decrease 2.3162534138611995e-05 actual decrease 7.704720489875097e-06
objective value without tv norm 0.00017986595932584226
objective value with tv norm 0.011105455610228337
[400, 200.0, 100.0, 50.0, 30, 29, 28, 27, 26, 25, 24, 23, 22, 21, 20, 19, 18, 17, 16, 15, 14, 13, 12, 11, 10, 9, 8, 7, 6, 5, 4, 3, 2, 1, 0.5, 0.25, 0.125, 0.0625]
predictive decrease 8.062719249227537e-06 actual decrease 3.189901578215526e-06
objective value without tv norm 0.00017667605774762674
objective value with tv norm 0.011102265708650121
[400, 200.0, 100.0, 50.0, 30, 29, 28, 27, 26, 25, 24, 23, 22, 21, 20, 19, 18, 17, 16, 15, 14, 13, 12, 11, 10, 9, 8, 7, 6, 5, 4, 3, 2, 1, 0.5, 0.25, 0.125, 0.0625]
predictive decrease 9.640958447916514e-06 actual decrease 4.767945394279494e-06
objective value without tv norm 0.00017190811235334724
objective value with tv norm 0.011097497763255842
[400, 200.0, 100.0, 50.0, 30, 29, 28, 27, 26, 25, 24, 23, 22, 21, 20, 19, 18, 17, 16, 15, 14, 13, 12, 11, 10, 9, 8, 7, 6, 5, 4, 3, 2, 1, 0.5, 0.25, 0.125, 0.0625]
predictive decrease 6.846080054655201e-06 actual decrease 1.9716937846858684e-06
objective value without tv norm 0.00016993641856866137
objective value with tv norm 0.011095526069471156
[400, 200.0, 100.0, 50.0, 30, 29, 28, 27, 26, 25, 24, 23, 22, 21, 20, 19, 18, 17, 16, 15, 14, 13, 12, 11, 10, 9, 8, 7, 6, 5, 4, 3, 2, 1, 0.5, 0.25, 0.125]
predictive decrease 1.6717257759327198e-05 actual decrease 3.816848297855807e-07
objective value without tv norm 0.00019228200646614901
objective value with tv norm 0.01109514438464137
[400, 200.0, 100.0, 50.0, 30, 29, 28, 27, 26, 25, 24, 23, 22, 21, 20, 19, 18, 17, 16, 15, 14, 13, 12, 11, 10, 9, 8, 7, 6, 5, 4, 3, 2, 1, 0.5, 0.25, 0.125]
predictive decrease 2.2319446123164263e-05 actual decrease 2.8233301025970547e-06
objective value without tv norm 0.00018945867636355196
objective value with tv norm 0.011092321054538773
[400, 200.0, 100.0, 50.0, 30, 29, 28, 27, 26, 25, 24, 23, 22, 21, 20, 19, 18, 17, 16, 15, 14, 13, 12, 11, 10, 9, 8, 7, 6, 5, 4, 3, 2, 1, 0.5, 0.25, 0.125]
predictive decrease 2.9336969093173362e-05 actual decrease 9.841435171131785e-06
objective value without tv norm 0.00017961724119242017
objective value with tv norm 0.011082479619367641
[400, 200.0, 100.0, 50.0, 30, 29, 28, 27, 26, 25, 24, 23, 22, 21, 20, 19, 18, 17, 16, 15, 14, 13, 12, 11, 10, 9, 8, 7, 6, 5, 4, 3, 2, 1, 0.5, 0.25, 0.125]
predictive decrease 2.078965531908221e-05 actual decrease 1.2934306412581975e-06
objective value without tv norm 0.00017832381055116198
objective value with tv norm 0.011081186188726383
[400, 200.0, 100.0, 50.0, 30, 29, 28, 27, 26, 25, 24, 23, 22, 21, 20, 19, 18, 17, 16, 15, 14, 13, 12, 11, 10, 9, 8, 7, 6, 5, 4, 3, 2, 1, 0.5, 0.25, 0.125]
predictive decrease 2.780818922272152e-05 actual decrease 8.312425050505112e-06
objective value without tv norm 0.00017001138550065686
objective value with tv norm 0.011072873763675878
[400, 200.0, 100.0, 50.0, 30, 29, 28, 27, 26, 25, 24, 23, 22, 21, 20, 19, 18, 17, 16, 15, 14, 13, 12, 11, 10, 9, 8, 7, 6, 5, 4, 3, 2, 1, 0.5, 0.25, 0.125]
predictive decrease 1.863427044584455e-05 actual decrease 6.540108675890527e-06
objective value without tv norm 0.00017488628198814027
objective value with tv norm 0.011066333654999988
[400, 200.0, 100.0, 50.0, 30, 29, 28, 27, 26, 25, 24, 23, 22, 21, 20, 19, 18, 17, 16, 15, 14, 13, 12, 11, 10, 9, 8, 7, 6, 5, 4, 3, 2, 1, 0.5, 0.25, 0.125]
predictive decrease 1.5293515401061664e-05 actual decrease 2.371259564860201e-06
objective value without tv norm 0.00017902979927253426
objective value with tv norm 0.011063962395435127
[400, 200.0, 100.0, 50.0, 30, 29, 28, 27, 26, 25, 24, 23, 22, 21, 20, 19, 18, 17, 16, 15, 14, 13, 12, 11, 10, 9, 8, 7, 6, 5, 4, 3, 2, 1, 0.5, 0.25, 0.125]
predictive decrease 2.401776228545295e-05 actual decrease 4.521353132114214e-06
objective value without tv norm 0.00017450844614042005
objective value with tv norm 0.011059441042303013
[400, 200.0, 100.0, 50.0, 30, 29, 28, 27, 26, 25, 24, 23, 22, 21, 20, 19, 18, 17, 16, 15, 14, 13, 12, 11, 10, 9, 8, 7, 6, 5, 4, 3, 2, 1, 0.5, 0.25, 0.125]
predictive decrease 2.077612754871304e-05 actual decrease 2.3372430822694162e-06
objective value without tv norm 0.0001930045363914834
objective value with tv norm 0.011057103799220744
[400, 200.0, 100.0, 50.0, 30, 29, 28, 27, 26, 25, 24, 23, 22, 21, 20, 19, 18, 17, 16, 15, 14, 13, 12, 11, 10, 9, 8, 7, 6, 5, 4, 3, 2, 1, 0.5, 0.25, 0.125, 0.0625]
predictive decrease 9.367720723183967e-06 actual decrease 4.493822930218272e-06
objective value without tv norm 0.00018851071346126513
objective value with tv norm 0.011052609976290526
[400, 200.0, 100.0, 50.0, 30, 29, 28, 27, 26, 25, 24, 23, 22, 21, 20, 19, 18, 17, 16, 15, 14, 13, 12, 11, 10, 9, 8, 7, 6, 5, 4, 3, 2, 1, 0.5, 0.25, 0.125, 0.0625]
predictive decrease 6.948267442713485e-06 actual decrease 2.0743683473156693e-06
objective value without tv norm 0.00018643634511394946
objective value with tv norm 0.01105053560794321
[400, 200.0, 100.0, 50.0, 30, 29, 28, 27, 26, 25, 24, 23, 22, 21, 20, 19, 18, 17, 16, 15, 14, 13, 12, 11, 10, 9, 8, 7, 6, 5, 4, 3, 2, 1, 0.5, 0.25, 0.125]
predictive decrease 1.6815933949461057e-05 actual decrease 1.9957123005513028e-06
objective value without tv norm 0.00017987436662580958
objective value with tv norm 0.011048539895642659
[400, 200.0, 100.0, 50.0, 30, 29, 28, 27, 26, 25, 24, 23, 22, 21, 20, 19, 18, 17, 16, 15, 14, 13, 12, 11, 10, 9, 8, 7, 6, 5, 4, 3, 2, 1, 0.5, 0.25, 0.125]
predictive decrease 2.6162038698231832e-05 actual decrease 6.817668731451398e-06
objective value without tv norm 0.00017305669789435818
objective value with tv norm 0.011041722226911207
[400, 200.0, 100.0, 50.0, 30, 29, 28, 27, 26, 25, 24, 23, 22, 21, 20, 19, 18, 17, 16, 15, 14, 13, 12, 11, 10, 9, 8, 7, 6, 5, 4, 3, 2, 1, 0.5, 0.25, 0.125, 0.0625]
predictive decrease 7.98866266121974e-06 actual decrease 3.1192685707726042e-06
objective value without tv norm 0.00016993742932358558
objective value with tv norm 0.011038602958340435
[400, 200.0, 100.0, 50.0, 30, 29, 28, 27, 26, 25, 24, 23, 22, 21, 20, 19, 18, 17, 16, 15, 14, 13, 12, 11, 10, 9, 8, 7, 6, 5, 4, 3, 2, 1, 0.5, 0.25, 0.125, 0.0625]
predictive decrease 6.607040553819471e-06 actual decrease 1.7376188026219097e-06
objective value without tv norm 0.00016819981052096367
objective value with tv norm 0.011036865339537813
[400, 200.0, 100.0, 50.0, 30, 29, 28, 27, 26, 25, 24, 23, 22, 21, 20, 19, 18, 17, 16, 15, 14, 13, 12, 11, 10, 9, 8, 7, 6, 5, 4, 3, 2, 1, 0.5, 0.25, 0.125]
predictive decrease 1.643267817010366e-05 actual decrease 3.5134311052748696e-06
objective value without tv norm 0.00018135304608235536
objective value with tv norm 0.011033351908432538
[400, 200.0, 100.0, 50.0, 30, 29, 28, 27, 26, 25, 24, 23, 22, 21, 20, 19, 18, 17, 16, 15, 14, 13, 12, 11, 10, 9, 8, 7, 6, 5, 4, 3, 2, 1, 0.5, 0.25, 0.125]
predictive decrease 1.9955825001095537e-05 actual decrease 4.796660846295708e-07
objective value without tv norm 0.0001808733799977258
objective value with tv norm 0.011032872242347908
[400, 200.0, 100.0, 50.0, 30, 29, 28, 27, 26, 25, 24, 23, 22, 21, 20, 19, 18, 17, 16, 15, 14, 13, 12, 11, 10, 9, 8, 7, 6, 5, 4, 3, 2, 1, 0.5, 0.25, 0.125]
predictive decrease 2.4361333339936037e-05 actual decrease 4.8843423190447766e-06
objective value without tv norm 0.00017598903767868102
objective value with tv norm 0.011027987900028863
[400, 200.0, 100.0, 50.0, 30, 29, 28, 27, 26, 25, 24, 23, 22, 21, 20, 19, 18, 17, 16, 15, 14, 13, 12, 11, 10, 9, 8, 7, 6, 5, 4, 3, 2, 1, 0.5, 0.25, 0.125]
predictive decrease 2.1015395283322663e-05 actual decrease 1.5177676366828763e-06
objective value without tv norm 0.00017447127004199814
objective value with tv norm 0.01102647013239218
[400, 200.0, 100.0, 50.0, 30, 29, 28, 27, 26, 25, 24, 23, 22, 21, 20, 19, 18, 17, 16, 15, 14, 13, 12, 11, 10, 9, 8, 7, 6, 5, 4, 3, 2, 1, 0.5, 0.25, 0.125]
predictive decrease 2.2031315482604064e-05 actual decrease 2.533940278381941e-06
objective value without tv norm 0.0001719373297636162
objective value with tv norm 0.011023936192113799
[400, 200.0, 100.0, 50.0, 30, 29, 28, 27, 26, 25, 24, 23, 22, 21, 20, 19, 18, 17, 16, 15, 14, 13, 12, 11, 10, 9, 8, 7, 6, 5, 4, 3, 2, 1, 0.5, 0.25, 0.125, 0.0625]
predictive decrease 1.0317791306408558e-05 actual decrease 5.443383186976014e-06
objective value without tv norm 0.00016649394657664018
objective value with tv norm 0.011018492808926823
[400, 200.0, 100.0, 50.0, 30, 29, 28, 27, 26, 25, 24, 23, 22, 21, 20, 19, 18, 17, 16, 15, 14, 13, 12, 11, 10, 9, 8, 7, 6, 5, 4, 3, 2, 1, 0.5, 0.25, 0.125]
predictive decrease 1.3465033442565388e-05 actual decrease 7.103225418981715e-06
objective value without tv norm 0.00017356316290528806
objective value with tv norm 0.011011389583507841
[400, 200.0, 100.0, 50.0, 30, 29, 28, 27, 26, 25, 24, 23, 22, 21, 20, 19, 18, 17, 16, 15, 14, 13, 12, 11, 10, 9, 8, 7, 6, 5, 4, 3, 2, 1, 0.5, 0.25, 0.125]
predictive decrease 2.1104166711293296e-05 actual decrease 7.978057136873856e-06
objective value without tv norm 0.00017552947299914745
objective value with tv norm 0.011003411526370967
[400, 200.0, 100.0, 50.0, 30, 29, 28, 27, 26, 25, 24, 23, 22, 21, 20, 19, 18, 17, 16, 15, 14, 13, 12, 11, 10, 9, 8, 7, 6, 5, 4, 3, 2, 1, 0.5, 0.25, 0.125, 0.0625]
predictive decrease 8.067613338266083e-06 actual decrease 3.1948854953833816e-06
objective value without tv norm 0.00017233458750376407
objective value with tv norm 0.011000216640875584
[400, 200.0, 100.0, 50.0, 30, 29, 28, 27, 26, 25, 24, 23, 22, 21, 20, 19, 18, 17, 16, 15, 14, 13, 12, 11, 10, 9, 8, 7, 6, 5, 4, 3, 2, 1, 0.5, 0.25, 0.125, 0.0625]
predictive decrease 5.724451382398826e-06 actual decrease 2.318255809621167e-06
objective value without tv norm 0.00017963171630952512
objective value with tv norm 0.010997898385065962
[400, 200.0, 100.0, 50.0, 30, 29, 28, 27, 26, 25, 24, 23, 22, 21, 20, 19, 18, 17, 16, 15, 14, 13, 12, 11, 10, 9, 8, 7, 6, 5, 4, 3, 2, 1, 0.5, 0.25, 0.125, 0.0625]
predictive decrease 6.236882499810817e-06 actual decrease 1.3655787258759489e-06
objective value without tv norm 0.00017826613758364918
objective value with tv norm 0.010996532806340087
[400, 200.0, 100.0, 50.0, 30, 29, 28, 27, 26, 25, 24, 23, 22, 21, 20, 19, 18, 17, 16, 15, 14, 13, 12, 11, 10, 9, 8, 7, 6, 5, 4, 3, 2, 1, 0.5, 0.25, 0.125, 0.0625]
predictive decrease 8.583645778286256e-06 actual decrease 3.7129337248087424e-06
objective value without tv norm 0.00017455320385884043
objective value with tv norm 0.010992819872615278
[400, 200.0, 100.0, 50.0, 30, 29, 28, 27, 26, 25, 24, 23, 22, 21, 20, 19, 18, 17, 16, 15, 14, 13, 12, 11, 10, 9, 8, 7, 6, 5, 4, 3, 2, 1, 0.5, 0.25, 0.125, 0.0625]
predictive decrease 7.1856530452739376e-06 actual decrease 2.312327888720489e-06
objective value without tv norm 0.00017224087597011994
objective value with tv norm 0.010990507544726557
[400, 200.0, 100.0, 50.0, 30, 29, 28, 27, 26, 25, 24, 23, 22, 21, 20, 19, 18, 17, 16, 15, 14, 13, 12, 11, 10, 9, 8, 7, 6, 5, 4, 3, 2, 1, 0.5, 0.25, 0.125, 0.0625]
predictive decrease 7.166749402954045e-06 actual decrease 2.2933274065328746e-06
objective value without tv norm 0.00016994754856358707
objective value with tv norm 0.010988214217320024
[400, 200.0, 100.0, 50.0, 30, 29, 28, 27, 26, 25, 24, 23, 22, 21, 20, 19, 18, 17, 16, 15, 14, 13, 12, 11, 10, 9, 8, 7, 6, 5, 4, 3, 2, 1, 0.5, 0.25, 0.125, 0.0625]
predictive decrease 8.549109331852656e-06 actual decrease 3.676637647886949e-06
objective value without tv norm 0.00016627091091570012
objective value with tv norm 0.010984537579672137
[400, 200.0, 100.0, 50.0, 30, 29, 28, 27, 26, 25, 24, 23, 22, 21, 20, 19, 18, 17, 16, 15, 14, 13, 12, 11, 10, 9, 8, 7, 6, 5, 4, 3, 2, 1, 0.5, 0.25, 0.125]
predictive decrease 1.7839599719413415e-05 actual decrease 2.7364821847848664e-06
objective value without tv norm 0.0001862617014581902
objective value with tv norm 0.010981801097487353
[400, 200.0, 100.0, 50.0, 30, 29, 28, 27, 26, 25, 24, 23, 22, 21, 20, 19, 18, 17, 16, 15, 14, 13, 12, 11, 10, 9, 8, 7, 6, 5, 4, 3, 2, 1, 0.5, 0.25, 0.125]
predictive decrease 2.019610032526903e-05 actual decrease 7.046987412495653e-07
objective value without tv norm 0.00018555700271694064
objective value with tv norm 0.010981096398746103
[400, 200.0, 100.0, 50.0, 30, 29, 28, 27, 26, 25, 24, 23, 22, 21, 20, 19, 18, 17, 16, 15, 14, 13, 12, 11, 10, 9, 8, 7, 6, 5, 4, 3, 2, 1, 0.5, 0.25, 0.125]
predictive decrease 2.4087863090840878e-05 actual decrease 4.59619998571803e-06
objective value without tv norm 0.00018096080273122261
objective value with tv norm 0.010976500198760385
[400, 200.0, 100.0, 50.0, 30, 29, 28, 27, 26, 25, 24, 23, 22, 21, 20, 19, 18, 17, 16, 15, 14, 13, 12, 11, 10, 9, 8, 7, 6, 5, 4, 3, 2, 1, 0.5, 0.25, 0.125]
predictive decrease 1.915361561664365e-05 actual decrease 4.913150170929997e-06
objective value without tv norm 0.00017604765256029609
objective value with tv norm 0.010971587048589455
[400, 200.0, 100.0, 50.0, 30, 29, 28, 27, 26, 25, 24, 23, 22, 21, 20, 19, 18, 17, 16, 15, 14, 13, 12, 11, 10, 9, 8, 7, 6, 5, 4, 3, 2, 1, 0.5, 0.25, 0.125, 0.0625]
predictive decrease 9.921878436520981e-06 actual decrease 5.05890030755296e-06
objective value without tv norm 0.00017098875225274313
objective value with tv norm 0.010966528148281902
[400, 200.0, 100.0, 50.0, 30, 29, 28, 27, 26, 25, 24, 23, 22, 21, 20, 19, 18, 17, 16, 15, 14, 13, 12, 11, 10, 9, 8, 7, 6, 5, 4, 3, 2, 1, 0.5, 0.25, 0.125, 0.0625]
predictive decrease 6.423141612907357e-06 actual decrease 3.1892829248092447e-06
objective value without tv norm 0.0001761328026612663
objective value with tv norm 0.010963338865357093
[400, 200.0, 100.0, 50.0, 30, 29, 28, 27, 26, 25, 24, 23, 22, 21, 20, 19, 18, 17, 16, 15, 14, 13, 12, 11, 10, 9, 8, 7, 6, 5, 4, 3, 2, 1, 0.5, 0.25, 0.125, 0.0625]
predictive decrease 7.84727037881662e-06 actual decrease 2.9731900289542423e-06
objective value without tv norm 0.00017315961263231205
objective value with tv norm 0.010960365675328139
[400, 200.0, 100.0, 50.0, 30, 29, 28, 27, 26, 25, 24, 23, 22, 21, 20, 19, 18, 17, 16, 15, 14, 13, 12, 11, 10, 9, 8, 7, 6, 5, 4, 3, 2, 1, 0.5, 0.25, 0.125, 0.0625]
predictive decrease 5.794457984771573e-06 actual decrease 3.064677100872437e-06
objective value without tv norm 0.00017009493553143962
objective value with tv norm 0.010957300998227266
[400, 200.0, 100.0, 50.0, 30, 29, 28, 27, 26, 25, 24, 23, 22, 21, 20, 19, 18, 17, 16, 15, 14, 13, 12, 11, 10, 9, 8, 7, 6, 5, 4, 3, 2, 1, 0.5, 0.25, 0.125, 0.0625]
predictive decrease 7.058717458551661e-06 actual decrease 2.188348737885981e-06
objective value without tv norm 0.00016790658679355364
objective value with tv norm 0.01095511264948938
[400, 200.0, 100.0, 50.0, 30, 29, 28, 27, 26, 25, 24, 23, 22, 21, 20, 19, 18, 17, 16, 15, 14, 13, 12, 11, 10, 9, 8, 7, 6, 5, 4, 3, 2, 1, 0.5, 0.25, 0.125, 0.0625]
predictive decrease 9.633162390658423e-06 actual decrease 4.765186861432902e-06
objective value without tv norm 0.00016314139993212073
objective value with tv norm 0.010950347462627947
[400, 200.0, 100.0, 50.0, 30, 29, 28, 27, 26, 25, 24, 23, 22, 21, 20, 19, 18, 17, 16, 15, 14, 13, 12, 11, 10, 9, 8, 7, 6, 5, 4, 3, 2, 1, 0.5, 0.25, 0.125, 0.0625]
predictive decrease 6.098453271808496e-06 actual decrease 1.226128235609636e-06
objective value without tv norm 0.0001619152716965111
objective value with tv norm 0.010949121334392338
[400, 200.0, 100.0, 50.0, 30, 29, 28, 27, 26, 25, 24, 23, 22, 21, 20, 19, 18, 17, 16, 15, 14, 13, 12, 11, 10, 9, 8, 7, 6, 5, 4, 3, 2, 1, 0.5, 0.25, 0.125, 0.0625]
predictive decrease 7.073623656671246e-06 actual decrease 3.4233917193867563e-06
objective value without tv norm 0.00016890057075735765
objective value with tv norm 0.010945697942672951
[400, 200.0, 100.0, 50.0, 30, 29, 28, 27, 26, 25, 24, 23, 22, 21, 20, 19, 18, 17, 16, 15, 14, 13, 12, 11, 10, 9, 8, 7, 6, 5, 4, 3, 2, 1, 0.5, 0.25, 0.125, 0.0625]
predictive decrease 7.711063715868174e-06 actual decrease 3.7827528732593124e-06
objective value without tv norm 0.0001755344845507656
objective value with tv norm 0.010941915189799692
[400, 200.0, 100.0, 50.0, 30, 29, 28, 27, 26, 25, 24, 23, 22, 21, 20, 19, 18, 17, 16, 15, 14, 13, 12, 11, 10, 9, 8, 7, 6, 5, 4, 3, 2, 1, 0.5, 0.25, 0.125, 0.0625]
predictive decrease 5.927360188397526e-06 actual decrease 1.0597253037314402e-06
objective value without tv norm 0.00017447475924703415
objective value with tv norm 0.01094085546449596
[400, 200.0, 100.0, 50.0, 30, 29, 28, 27, 26, 25, 24, 23, 22, 21, 20, 19, 18, 17, 16, 15, 14, 13, 12, 11, 10, 9, 8, 7, 6, 5, 4, 3, 2, 1, 0.5, 0.25, 0.125]
predictive decrease 2.0243081578535244e-05 actual decrease 1.1031476012668406e-06
objective value without tv norm 0.0001733716116457673
objective value with tv norm 0.010939752316894693
[400, 200.0, 100.0, 50.0, 30, 29, 28, 27, 26, 25, 24, 23, 22, 21, 20, 19, 18, 17, 16, 15, 14, 13, 12, 11, 10, 9, 8, 7, 6, 5, 4, 3, 2, 1, 0.5, 0.25, 0.125]
predictive decrease 2.532419780951374e-05 actual decrease 6.0061643855080504e-06
objective value without tv norm 0.00016736544726025926
objective value with tv norm 0.010933746152509185
[400, 200.0, 100.0, 50.0, 30, 29, 28, 27, 26, 25, 24, 23, 22, 21, 20, 19, 18, 17, 16, 15, 14, 13, 12, 11, 10, 9, 8, 7, 6, 5, 4, 3, 2, 1, 0.5, 0.25, 0.125, 0.0625]
predictive decrease 8.490606448167612e-06 actual decrease 3.905002546435513e-06
objective value without tv norm 0.00016346044471382548
objective value with tv norm 0.01092984114996275
[400, 200.0, 100.0, 50.0, 30, 29, 28, 27, 26, 25, 24, 23, 22, 21, 20, 19, 18, 17, 16, 15, 14, 13, 12, 11, 10, 9, 8, 7, 6, 5, 4, 3, 2, 1, 0.5, 0.25, 0.125, 0.0625]
predictive decrease 6.791181246390207e-06 actual decrease 3.3072854172828264e-06
objective value without tv norm 0.00016976854391193008
objective value with tv norm 0.010926533864545467
[400, 200.0, 100.0, 50.0, 30, 29, 28, 27, 26, 25, 24, 23, 22, 21, 20, 19, 18, 17, 16, 15, 14, 13, 12, 11, 10, 9, 8, 7, 6, 5, 4, 3, 2, 1, 0.5, 0.25, 0.125, 0.0625]
predictive decrease 6.142840246229145e-06 actual decrease 2.2148593363646024e-06
objective value without tv norm 0.00017797035124222926
objective value with tv norm 0.010924319005209102
[400, 200.0, 100.0, 50.0, 30, 29, 28, 27, 26, 25, 24, 23, 22, 21, 20, 19, 18, 17, 16, 15, 14, 13, 12, 11, 10, 9, 8, 7, 6, 5, 4, 3, 2, 1, 0.5, 0.25, 0.125]
predictive decrease 1.2291246608040624e-05 actual decrease 1.5056287203663032e-06
objective value without tv norm 0.00017646472252186296
objective value with tv norm 0.010922813376488736
[400, 200.0, 100.0, 50.0, 30, 29, 28, 27, 26, 25, 24, 23, 22, 21, 20, 19, 18, 17, 16, 15, 14, 13, 12, 11, 10, 9, 8, 7, 6, 5, 4, 3, 2, 1, 0.5, 0.25, 0.125, 0.0625]
predictive decrease 7.014185314915822e-06 actual decrease 3.5997240047779683e-06
objective value without tv norm 0.00018136316596051305
objective value with tv norm 0.010919213652483958
[400, 200.0, 100.0, 50.0, 30, 29, 28, 27, 26, 25, 24, 23, 22, 21, 20, 19, 18, 17, 16, 15, 14, 13, 12, 11, 10, 9, 8, 7, 6, 5, 4, 3, 2, 1, 0.5, 0.25, 0.125, 0.0625]
predictive decrease 6.032022191045441e-06 actual decrease 1.158959067271148e-06
objective value without tv norm 0.0001802042068932419
objective value with tv norm 0.010918054693416687
[400, 200.0, 100.0, 50.0, 30, 29, 28, 27, 26, 25, 24, 23, 22, 21, 20, 19, 18, 17, 16, 15, 14, 13, 12, 11, 10, 9, 8, 7, 6, 5, 4, 3, 2, 1, 0.5, 0.25, 0.125, 0.0625]
predictive decrease 8.145565239028527e-06 actual decrease 3.272581001412256e-06
objective value without tv norm 0.00017693162589182965
objective value with tv norm 0.010914782112415275
[400, 200.0, 100.0, 50.0, 30, 29, 28, 27, 26, 25, 24, 23, 22, 21, 20, 19, 18, 17, 16, 15, 14, 13, 12, 11, 10, 9, 8, 7, 6, 5, 4, 3, 2, 1, 0.5, 0.25, 0.125, 0.0625]
predictive decrease 5.880780250157661e-06 actual decrease 2.012962582918776e-06
objective value without tv norm 0.00018628229967254661
objective value with tv norm 0.010912769149832356
[400, 200.0, 100.0, 50.0, 30, 29, 28, 27, 26, 25, 24, 23, 22, 21, 20, 19, 18, 17, 16, 15, 14, 13, 12, 11, 10, 9, 8, 7, 6, 5, 4, 3, 2, 1, 0.5, 0.25, 0.125, 0.0625]
predictive decrease 9.4465645416094e-06 actual decrease 4.575038739851323e-06
objective value without tv norm 0.0001817072609326953
objective value with tv norm 0.010908194111092505
[400, 200.0, 100.0, 50.0, 30, 29, 28, 27, 26, 25, 24, 23, 22, 21, 20, 19, 18, 17, 16, 15, 14, 13, 12, 11, 10, 9, 8, 7, 6, 5, 4, 3, 2, 1, 0.5, 0.25, 0.125, 0.0625]
predictive decrease 5.972718006405989e-06 actual decrease 1.1021262527055598e-06
objective value without tv norm 0.00018060513467998973
objective value with tv norm 0.010907091984839799
[400, 200.0, 100.0, 50.0, 30, 29, 28, 27, 26, 25, 24, 23, 22, 21, 20, 19, 18, 17, 16, 15, 14, 13, 12, 11, 10, 9, 8, 7, 6, 5, 4, 3, 2, 1, 0.5, 0.25, 0.125, 0.0625]
predictive decrease 8.259397657604806e-06 actual decrease 3.38927081144913e-06
objective value without tv norm 0.0001772158638685406
objective value with tv norm 0.01090370271402835
[400, 200.0, 100.0, 50.0, 30, 29, 28, 27, 26, 25, 24, 23, 22, 21, 20, 19, 18, 17, 16, 15, 14, 13, 12, 11, 10, 9, 8, 7, 6, 5, 4, 3, 2, 1, 0.5, 0.25, 0.125, 0.0625]
predictive decrease 6.91492013916474e-06 actual decrease 2.979796716644223e-06
objective value without tv norm 0.00017944440048522914
objective value with tv norm 0.010900722917311706
[400, 200.0, 100.0, 50.0, 30, 29, 28, 27, 26, 25, 24, 23, 22, 21, 20, 19, 18, 17, 16, 15, 14, 13, 12, 11, 10, 9, 8, 7, 6, 5, 4, 3, 2, 1, 0.5, 0.25, 0.125, 0.0625]
predictive decrease 6.180955838539989e-06 actual decrease 1.3084002521424054e-06
objective value without tv norm 0.00017813600023308673
objective value with tv norm 0.010899414517059563
[400, 200.0, 100.0, 50.0, 30, 29, 28, 27, 26, 25, 24, 23, 22, 21, 20, 19, 18, 17, 16, 15, 14, 13, 12, 11, 10, 9, 8, 7, 6, 5, 4, 3, 2, 1, 0.5, 0.25, 0.125, 0.0625]
predictive decrease 5.436424386500924e-06 actual decrease 5.638142409614133e-07
objective value without tv norm 0.00017757218599212532
objective value with tv norm 0.010898850702818602
[400, 200.0, 100.0, 50.0, 30, 29, 28, 27, 26, 25, 24, 23, 22, 21, 20, 19, 18, 17, 16, 15, 14, 13, 12, 11, 10, 9, 8, 7, 6, 5, 4, 3, 2, 1, 0.5, 0.25, 0.125, 0.0625]
predictive decrease 6.703606647602209e-06 actual decrease 3.3501609669698423e-06
objective value without tv norm 0.0001820435027435341
objective value with tv norm 0.010895500541851632
[400, 200.0, 100.0, 50.0, 30, 29, 28, 27, 26, 25, 24, 23, 22, 21, 20, 19, 18, 17, 16, 15, 14, 13, 12, 11, 10, 9, 8, 7, 6, 5, 4, 3, 2, 1, 0.5, 0.25, 0.125, 0.0625]
predictive decrease 6.9847745256257365e-06 actual decrease 2.1765920030798053e-06
objective value without tv norm 0.00017986691074045602
objective value with tv norm 0.010893323949848552
[400, 200.0, 100.0, 50.0, 30, 29, 28, 27, 26, 25, 24, 23, 22, 21, 20, 19, 18, 17, 16, 15, 14, 13, 12, 11, 10, 9, 8, 7, 6, 5, 4, 3, 2, 1, 0.5, 0.25, 0.125, 0.0625]
predictive decrease 7.68221416763866e-06 actual decrease 3.057285521190778e-06
objective value without tv norm 0.00017680962521926524
objective value with tv norm 0.010890266664327361
[400, 200.0, 100.0, 50.0, 30, 29, 28, 27, 26, 25, 24, 23, 22, 21, 20, 19, 18, 17, 16, 15, 14, 13, 12, 11, 10, 9, 8, 7, 6, 5, 4, 3, 2, 1, 0.5, 0.25, 0.125, 0.0625]
predictive decrease 6.6406031991837755e-06 actual decrease 1.7716489998376161e-06
objective value without tv norm 0.00017503797621942763
objective value with tv norm 0.010888495015327524
[400, 200.0, 100.0, 50.0, 30, 29, 28, 27, 26, 25, 24, 23, 22, 21, 20, 19, 18, 17, 16, 15, 14, 13, 12, 11, 10, 9, 8, 7, 6, 5, 4, 3, 2, 1, 0.5, 0.25, 0.125, 0.0625]
predictive decrease 5.2810968192550795e-06 actual decrease 1.7950199949212653e-06
objective value without tv norm 0.00018157628955783878
objective value with tv norm 0.010886699995332602
[400, 200.0, 100.0, 50.0, 30, 29, 28, 27, 26, 25, 24, 23, 22, 21, 20, 19, 18, 17, 16, 15, 14, 13, 12, 11, 10, 9, 8, 7, 6, 5, 4, 3, 2, 1, 0.5, 0.25, 0.125, 0.0625]
predictive decrease 5.462314220616021e-06 actual decrease 1.899205060960918e-06
objective value without tv norm 0.00018402139384698923
objective value with tv norm 0.010884800790271642
[400, 200.0, 100.0, 50.0, 30, 29, 28, 27, 26, 25, 24, 23, 22, 21, 20, 19, 18, 17, 16, 15, 14, 13, 12, 11, 10, 9, 8, 7, 6, 5, 4, 3, 2, 1, 0.5, 0.25, 0.125, 0.0625]
predictive decrease 6.301548089124656e-06 actual decrease 1.4293361814132766e-06
objective value without tv norm 0.00018259205766557596
objective value with tv norm 0.010883371454090228
[400, 200.0, 100.0, 50.0, 30, 29, 28, 27, 26, 25, 24, 23, 22, 21, 20, 19, 18, 17, 16, 15, 14, 13, 12, 11, 10, 9, 8, 7, 6, 5, 4, 3, 2, 1, 0.5, 0.25, 0.125, 0.0625]
predictive decrease 6.005287057121028e-06 actual decrease 1.1345500467996317e-06
objective value without tv norm 0.00018145750761877633
objective value with tv norm 0.010882236904043429
[400, 200.0, 100.0, 50.0, 30, 29, 28, 27, 26, 25, 24, 23, 22, 21, 20, 19, 18, 17, 16, 15, 14, 13, 12, 11, 10, 9, 8, 7, 6, 5, 4, 3, 2, 1, 0.5, 0.25, 0.125, 0.0625]
predictive decrease 6.528258599192843e-06 actual decrease 1.6552747723608263e-06
objective value without tv norm 0.0001798022328464155
objective value with tv norm 0.010880581629271068
[400, 200.0, 100.0, 50.0, 30, 29, 28, 27, 26, 25, 24, 23, 22, 21, 20, 19, 18, 17, 16, 15, 14, 13, 12, 11, 10, 9, 8, 7, 6, 5, 4, 3, 2, 1, 0.5, 0.25, 0.125, 0.0625]
predictive decrease 5.094328827719152e-06 actual decrease 2.201348751063037e-07
objective value without tv norm 0.0001795820979713092
objective value with tv norm 0.010880361494395962
[400, 200.0, 100.0, 50.0, 30, 29, 28, 27, 26, 25, 24, 23, 22, 21, 20, 19, 18, 17, 16, 15, 14, 13, 12, 11, 10, 9, 8, 7, 6, 5, 4, 3, 2, 1, 0.5, 0.25, 0.125, 0.0625]
predictive decrease 4.831376555363559e-06 actual decrease 1.3795849689718365e-06
objective value without tv norm 0.00017135377402655028
objective value with tv norm 0.01087898190942699
[400, 200.0, 100.0, 50.0, 30, 29, 28, 27, 26, 25, 24, 23, 22, 21, 20, 19, 18, 17, 16, 15, 14, 13, 12, 11, 10, 9, 8, 7, 6, 5, 4, 3, 2, 1, 0.5, 0.25, 0.125, 0.0625]
predictive decrease 6.958109329970041e-06 actual decrease 2.1475973648772684e-06
objective value without tv norm 0.00016867935322462113
objective value with tv norm 0.010876834312062112
[400, 200.0, 100.0, 50.0, 30, 29, 28, 27, 26, 25, 24, 23, 22, 21, 20, 19, 18, 17, 16, 15, 14, 13, 12, 11, 10, 9, 8, 7, 6, 5, 4, 3, 2, 1, 0.5, 0.25, 0.125, 0.0625]
predictive decrease 5.700671456984607e-06 actual decrease 8.313621457922693e-07
objective value without tv norm 0.00016784799107882886
objective value with tv norm 0.01087600294991632
[400, 200.0, 100.0, 50.0, 30, 29, 28, 27, 26, 25, 24, 23, 22, 21, 20, 19, 18, 17, 16, 15, 14, 13, 12, 11, 10, 9, 8, 7, 6, 5, 4, 3, 2, 1, 0.5, 0.25, 0.125]
predictive decrease 8.834192687837139e-06 actual decrease 1.3525273374528218e-06
objective value without tv norm 0.0001782235862923809
objective value with tv norm 0.010874650422578867
[400, 200.0, 100.0, 50.0, 30, 29, 28, 27, 26, 25, 24, 23, 22, 21, 20, 19, 18, 17, 16, 15, 14, 13, 12, 11, 10, 9, 8, 7, 6, 5, 4, 3, 2, 1, 0.5, 0.25, 0.125]
predictive decrease 1.3962941908349236e-05 actual decrease 1.5162328875772957e-06
objective value without tv norm 0.0001767073534048036
objective value with tv norm 0.01087313418969129
[400, 200.0, 100.0, 50.0, 30, 29, 28, 27, 26, 25, 24, 23, 22, 21, 20, 19, 18, 17, 16, 15, 14, 13, 12, 11, 10, 9, 8, 7, 6, 5, 4, 3, 2, 1, 0.5, 0.25, 0.125, 0.0625]
predictive decrease 9.406858056421052e-06 actual decrease 4.556806808220237e-06
objective value without tv norm 0.00017215054659658335
objective value with tv norm 0.01086857738288307
[400, 200.0, 100.0, 50.0, 30, 29, 28, 27, 26, 25, 24, 23, 22, 21, 20, 19, 18, 17, 16, 15, 14, 13, 12, 11, 10, 9, 8, 7, 6, 5, 4, 3, 2, 1, 0.5, 0.25, 0.125, 0.0625]
predictive decrease 5.251770449974172e-06 actual decrease 1.4560536984713907e-06
objective value without tv norm 0.00018030987751349592
objective value with tv norm 0.010867121329184598
[400, 200.0, 100.0, 50.0, 30, 29, 28, 27, 26, 25, 24, 23, 22, 21, 20, 19, 18, 17, 16, 15, 14, 13, 12, 11, 10, 9, 8, 7, 6, 5, 4, 3, 2, 1, 0.5, 0.25, 0.125, 0.0625]
predictive decrease 6.244929589099141e-06 actual decrease 1.3756045736945666e-06
objective value without tv norm 0.00017893427293980135
objective value with tv norm 0.010865745724610904
[400, 200.0, 100.0, 50.0, 30, 29, 28, 27, 26, 25, 24, 23, 22, 21, 20, 19, 18, 17, 16, 15, 14, 13, 12, 11, 10, 9, 8, 7, 6, 5, 4, 3, 2, 1, 0.5, 0.25, 0.125, 0.0625]
predictive decrease 5.291016277953961e-06 actual decrease 4.5371562429341594e-07
objective value without tv norm 0.00017848055731550794
objective value with tv norm 0.01086529200898661
[400, 200.0, 100.0, 50.0, 30, 29, 28, 27, 26, 25, 24, 23, 22, 21, 20, 19, 18, 17, 16, 15, 14, 13, 12, 11, 10, 9, 8, 7, 6, 5, 4, 3, 2, 1, 0.5, 0.25, 0.125, 0.0625]
predictive decrease 7.243929494946816e-06 actual decrease 2.37378023026924e-06
objective value without tv norm 0.0001761067770852387
objective value with tv norm 0.010862918228756341
[400, 200.0, 100.0, 50.0, 30, 29, 28, 27, 26, 25, 24, 23, 22, 21, 20, 19, 18, 17, 16, 15, 14, 13, 12, 11, 10, 9, 8, 7, 6, 5, 4, 3, 2, 1, 0.5, 0.25, 0.125, 0.0625, 0.03125]
predictive decrease 2.2220389319267675e-06 actual decrease 1.0045421082738315e-06
objective value without tv norm 0.00017510223497696487
objective value with tv norm 0.010861913686648067
[400, 200.0, 100.0, 50.0, 30, 29, 28, 27, 26, 25, 24, 23, 22, 21, 20, 19, 18, 17, 16, 15, 14, 13, 12, 11, 10, 9, 8, 7, 6, 5, 4, 3, 2, 1, 0.5, 0.25, 0.125, 0.0625]
predictive decrease 5.95048772502986e-06 actual decrease 2.016054037427828e-06
objective value without tv norm 0.0001782945142728698
objective value with tv norm 0.01085989763261064
[400, 200.0, 100.0, 50.0, 30, 29, 28, 27, 26, 25, 24, 23, 22, 21, 20, 19, 18, 17, 16, 15, 14, 13, 12, 11, 10, 9, 8, 7, 6, 5, 4, 3, 2, 1, 0.5, 0.25, 0.125, 0.0625, 0.03125]
predictive decrease 2.276776967494523e-06 actual decrease 1.058844296575323e-06
objective value without tv norm 0.00017723566997629447
objective value with tv norm 0.010858838788314064
objective value without tv norm 0.00017723566997629447
alpha 0.001
objective value with tv norm 0.010858838788314064
norm 10.681603118337769
computational time 206.09202885627747
total iterations 3789
