[800, 400.0, 200.0, 100.0]
predictive decrease 1.2914429819624416 actual decrease 0.07737718742682032
objective value with out tv norm 0.43965811073875627
[800, 400.0, 200.0, 100.0, 50.0]
predictive decrease 0.9114593370125208 actual decrease 0.05761530266148884
objective value with out tv norm 0.3820428080772674
[800, 400.0, 200.0, 100.0, 50.0, 30]
predictive decrease 0.7955117327772564 actual decrease 0.17247738107923005
objective value with out tv norm 0.20956542699803737
[800, 400.0, 200.0, 100.0, 50.0, 30, 29, 28, 27, 26, 25]
predictive decrease 0.4179159458356543 actual decrease 0.0009539408598366883
objective value with out tv norm 0.20861148613820069
[800, 400.0, 200.0, 100.0, 50.0, 30, 29, 28, 27, 26, 25]
predictive decrease 0.47354235465885464 actual decrease 0.008130153161171272
objective value with out tv norm 0.20048133297702941
[800, 400.0, 200.0, 100.0, 50.0, 30, 29, 28, 27, 26, 25, 24, 23]
predictive decrease 0.4444921317684004 actual decrease 0.012376230953938472
objective value with out tv norm 0.18810510202309094
[800, 400.0, 200.0, 100.0, 50.0, 30, 29, 28, 27, 26, 25, 24, 23, 22]
predictive decrease 0.397498491293256 actual decrease 0.009228825139936614
objective value with out tv norm 0.17887627688315433
[800, 400.0, 200.0, 100.0, 50.0, 30, 29, 28, 27, 26, 25, 24, 23, 22, 21]
predictive decrease 0.374102581301351 actual decrease 0.006038662715593723
objective value with out tv norm 0.1728376141675606
[800, 400.0, 200.0, 100.0, 50.0, 30, 29, 28, 27, 26, 25, 24, 23, 22, 21, 20]
predictive decrease 0.3403018473675044 actual decrease 0.013492333825633085
objective value with out tv norm 0.15934528034192752
[800, 400.0, 200.0, 100.0, 50.0, 30, 29, 28, 27, 26, 25, 24, 23, 22, 21, 20, 19]
predictive decrease 0.3073983645089034 actual decrease 0.0006603392717308143
objective value with out tv norm 0.1586849410701967
[800, 400.0, 200.0, 100.0, 50.0, 30, 29, 28, 27, 26, 25, 24, 23, 22, 21, 20, 19, 18]
predictive decrease 0.2866687219762753 actual decrease 0.01635211715418483
objective value with out tv norm 0.14233282391601187
[800, 400.0, 200.0, 100.0, 50.0, 30, 29, 28, 27, 26, 25, 24, 23, 22, 21, 20, 19, 18, 17, 16]
predictive decrease 0.23535882672533856 actual decrease 0.005830118408161611
objective value with out tv norm 0.13650270550785026
[800, 400.0, 200.0, 100.0, 50.0, 30, 29, 28, 27, 26, 25, 24, 23, 22, 21, 20, 19, 18, 17, 16, 15]
predictive decrease 0.20941092520770832 actual decrease 0.037815429460026584
objective value with out tv norm 0.09868727604782368
[800, 400.0, 200.0, 100.0, 50.0, 30, 29, 28, 27, 26, 25, 24]
predictive decrease 0.24401727912140314 actual decrease 0.0013955166756380866
objective value with out tv norm 0.0972917593721856
[800, 400.0, 200.0, 100.0, 50.0, 30, 29, 28, 27, 26, 25, 24, 23, 22, 21, 20, 19, 18]
predictive decrease 0.2608475766819618 actual decrease 0.0009566844023406462
objective value with out tv norm 0.09633507496984495
[800, 400.0, 200.0, 100.0, 50.0, 30, 29, 28, 27, 26, 25, 24, 23, 22, 21, 20, 19, 18, 17]
predictive decrease 0.26324159336517516 actual decrease 0.00791423129502511
objective value with out tv norm 0.08842084367481984
[800, 400.0, 200.0, 100.0, 50.0, 30, 29, 28, 27, 26, 25, 24, 23, 22, 21, 20, 19, 18, 17, 16, 15]
predictive decrease 0.22444278738600348 actual decrease 0.0197364736412996
objective value with out tv norm 0.06868437003352024
[800, 400.0, 200.0, 100.0, 50.0, 30, 29, 28, 27, 26, 25, 24, 23, 22, 21, 20, 19, 18, 17, 16, 15, 14, 13]
predictive decrease 0.1598621408530645 actual decrease 0.002455421868389207
objective value with out tv norm 0.06622894816513103
[800, 400.0, 200.0, 100.0, 50.0, 30, 29, 28, 27, 26, 25, 24, 23, 22, 21, 20, 19, 18, 17, 16, 15, 14, 13, 12]
predictive decrease 0.14855390324870862 actual decrease 0.002606224099124921
objective value with out tv norm 0.06362272406600611
[800, 400.0, 200.0, 100.0, 50.0, 30, 29, 28, 27, 26, 25, 24, 23, 22, 21, 20, 19, 18, 17, 16, 15, 14, 13, 12, 11]
predictive decrease 0.133624036004216 actual decrease 0.009024025533307722
objective value with out tv norm 0.054598698532698386
[800, 400.0, 200.0, 100.0, 50.0, 30, 29, 28, 27, 26, 25, 24, 23, 22, 21, 20, 19, 18, 17, 16, 15, 14, 13, 12, 11]
predictive decrease 0.11659346892231393 actual decrease 0.005726299791663059
objective value with out tv norm 0.04887239874103533
[800, 400.0, 200.0, 100.0, 50.0, 30, 29, 28, 27, 26, 25, 24, 23, 22, 21, 20, 19, 18, 17, 16, 15, 14, 13, 12, 11, 10]
predictive decrease 0.10623066768954414 actual decrease 0.003904625221342495
objective value with out tv norm 0.04496777351969283
[800, 400.0, 200.0, 100.0, 50.0, 30, 29, 28, 27, 26, 25, 24, 23, 22, 21, 20, 19, 18, 17, 16, 15, 14, 13, 12, 11, 10, 9]
predictive decrease 0.08793393530646673 actual decrease 0.010894853500924118
objective value with out tv norm 0.034072920018768715
[800, 400.0, 200.0, 100.0, 50.0, 30, 29, 28, 27, 26, 25, 24, 23, 22, 21, 20, 19, 18, 17, 16, 15, 14, 13, 12, 11, 10, 9, 8, 7, 6]
predictive decrease 0.0440189869618696 actual decrease 0.0023663993790106197
objective value with out tv norm 0.031706520639758096
[800, 400.0, 200.0, 100.0, 50.0, 30, 29, 28, 27, 26, 25, 24, 23, 22, 21, 20, 19, 18, 17, 16, 15, 14, 13, 12, 11, 10, 9, 8, 7]
predictive decrease 0.056199043697776174 actual decrease 0.0017515502468629096
objective value with out tv norm 0.029954970392895186
[800, 400.0, 200.0, 100.0, 50.0, 30, 29, 28, 27, 26, 25, 24, 23, 22, 21, 20, 19, 18, 17, 16, 15, 14, 13, 12, 11, 10, 9, 8, 7, 6]
predictive decrease 0.04456140366667841 actual decrease 0.0036533149553983346
objective value with out tv norm 0.02630165543749685
[800, 400.0, 200.0, 100.0, 50.0, 30, 29, 28, 27, 26, 25, 24, 23, 22, 21, 20, 19, 18, 17, 16, 15, 14, 13, 12, 11, 10, 9, 8, 7]
predictive decrease 0.045947939154883176 actual decrease 0.005439019825040803
objective value with out tv norm 0.02086263561245605
[800, 400.0, 200.0, 100.0, 50.0, 30, 29, 28, 27, 26, 25, 24, 23, 22, 21, 20, 19, 18, 17, 16, 15, 14, 13, 12, 11, 10, 9, 8, 7, 6, 5]
predictive decrease 0.03319507247600388 actual decrease 0.0033952120081058856
objective value with out tv norm 0.017467423604350163
[800, 400.0, 200.0, 100.0, 50.0, 30, 29, 28, 27, 26, 25, 24, 23, 22, 21, 20, 19, 18, 17, 16, 15, 14, 13, 12, 11, 10, 9, 8, 7, 6, 5, 4]
predictive decrease 0.020849077214218963 actual decrease 0.001498309428478839
objective value with out tv norm 0.015969114175871324
[800, 400.0, 200.0, 100.0, 50.0, 30, 29, 28, 27, 26, 25, 24, 23, 22, 21, 20, 19, 18, 17, 16, 15, 14, 13, 12, 11, 10, 9, 8, 7, 6, 5]
predictive decrease 0.025434446022132982 actual decrease 0.0016986942762464707
objective value with out tv norm 0.014270419899624853
[800, 400.0, 200.0, 100.0, 50.0, 30, 29, 28, 27, 26, 25, 24, 23, 22, 21, 20, 19, 18, 17, 16, 15, 14, 13, 12, 11, 10, 9, 8, 7, 6, 5, 4]
predictive decrease 0.020192021029346138 actual decrease 0.0010911422320279973
objective value with out tv norm 0.013179277667596856
[800, 400.0, 200.0, 100.0, 50.0, 30, 29, 28, 27, 26, 25, 24, 23, 22, 21, 20, 19, 18, 17, 16, 15, 14, 13, 12, 11, 10, 9, 8, 7, 6, 5]
predictive decrease 0.022772470390809565 actual decrease 0.0023904484129169123
objective value with out tv norm 0.010788829254679944
[800, 400.0, 200.0, 100.0, 50.0, 30, 29, 28, 27, 26, 25, 24, 23, 22, 21, 20, 19, 18, 17, 16, 15, 14, 13, 12, 11, 10, 9, 8, 7, 6, 5, 4, 3]
predictive decrease 0.013062170593207554 actual decrease 0.002160656624395574
objective value with out tv norm 0.00862817263028437
[800, 400.0, 200.0, 100.0, 50.0, 30, 29, 28, 27, 26, 25, 24, 23, 22, 21, 20, 19, 18, 17, 16, 15, 14, 13, 12, 11, 10, 9, 8, 7, 6, 5, 4, 3, 2]
predictive decrease 0.006542591126948798 actual decrease 0.0016014318361187163
objective value with out tv norm 0.0070267407941656534
[800, 400.0, 200.0, 100.0, 50.0, 30, 29, 28, 27, 26, 25, 24, 23, 22, 21, 20, 19, 18, 17, 16, 15, 14, 13, 12, 11, 10, 9, 8, 7, 6, 5, 4]
predictive decrease 0.01240529399096707 actual decrease 0.00045500052918268086
objective value with out tv norm 0.006571740264982973
[800, 400.0, 200.0, 100.0, 50.0, 30, 29, 28, 27, 26, 25, 24, 23, 22, 21, 20, 19, 18, 17, 16, 15, 14, 13, 12, 11, 10, 9, 8, 7, 6, 5, 4]
predictive decrease 0.012232812418207294 actual decrease 0.0028766038880172484
objective value with out tv norm 0.003695136376965724
[800, 400.0, 200.0, 100.0, 50.0, 30, 29, 28, 27, 26, 25, 24, 23, 22, 21, 20, 19, 18, 17, 16, 15, 14, 13, 12, 11, 10, 9, 8, 7, 6, 5, 4, 3, 2]
predictive decrease 0.0058692990959882865 actual decrease 0.0008941529705627227
objective value with out tv norm 0.0028009834064030015
[800, 400.0, 200.0, 100.0, 50.0, 30, 29, 28, 27, 26, 25, 24, 23, 22, 21, 20, 19, 18, 17, 16, 15, 14, 13, 12, 11, 10, 9, 8, 7, 6, 5, 4, 3, 2, 1]
predictive decrease 0.00202259883434683 actual decrease 0.0007749255960167734
objective value with out tv norm 0.002026057810386228
[800, 400.0, 200.0, 100.0, 50.0, 30, 29, 28, 27, 26, 25, 24, 23, 22, 21, 20, 19, 18, 17, 16, 15, 14, 13, 12, 11, 10, 9, 8, 7, 6, 5, 4, 3, 2, 1]
predictive decrease 0.0018355584021111518 actual decrease 0.0005898709652087941
objective value with out tv norm 0.001436186845177434
[800, 400.0, 200.0, 100.0, 50.0, 30, 29, 28, 27, 26, 25, 24, 23, 22, 21, 20, 19, 18, 17, 16, 15, 14, 13, 12, 11, 10, 9, 8, 7, 6, 5, 4, 3, 2, 1]
predictive decrease 0.0013285373875446468 actual decrease 8.374523555854108e-05
objective value with out tv norm 0.001352441609618893
[800, 400.0, 200.0, 100.0, 50.0, 30, 29, 28, 27, 26, 25, 24, 23, 22, 21, 20, 19, 18, 17, 16, 15, 14, 13, 12, 11, 10, 9, 8, 7, 6, 5, 4, 3, 2, 1, 0.5]
predictive decrease 0.0 actual decrease 0.0
objective value with out tv norm 0.001352441609618893
objective value without tv norm 0.001352441609618893
norm 48.0
computational time 157.57530689239502
total iterations 1009
