[800, 400.0, 200.0, 100.0, 50.0, 30, 29, 28, 27, 26, 25, 24, 23, 22, 21, 20, 19, 18, 17, 16, 15, 14, 13, 12, 11, 10, 9, 8, 7, 6, 5, 4, 3, 2, 1, 0.5, 0.25, 0.125, 0.0625, 0.03125]
predictive decrease 9.841066918683285e-07 actual decrease 5.951029082773215e-07
objective value without tv norm 5.200840241803562e-07
objective value with tv norm 0.0015101601085967724
[800, 400.0, 200.0, 100.0, 50.0, 30, 29, 28, 27, 26, 25, 24, 23, 22, 21, 20, 19, 18, 17, 16, 15, 14, 13, 12, 11, 10, 9, 8, 7, 6, 5, 4, 3, 2, 1, 0.5, 0.25, 0.125, 0.0625, 0.03125]
predictive decrease 1.5428398002581903e-06 actual decrease 4.0159410057355807e-07
objective value without tv norm 1.3691102781487885e-06
objective value with tv norm 0.0015097585144961988
[800, 400.0, 200.0, 100.0, 50.0, 30, 29, 28, 27, 26, 25, 24, 23, 22, 21, 20, 19, 18, 17, 16, 15, 14, 13, 12, 11, 10, 9, 8, 7, 6, 5, 4, 3, 2, 1, 0.5, 0.25, 0.125, 0.0625, 0.03125]
predictive decrease 1.8368236814460346e-06 actual decrease 8.263182575967039e-07
objective value without tv norm 5.427920205525183e-07
objective value with tv norm 0.0015089321962386021
[800, 400.0, 200.0, 100.0, 50.0, 30, 29, 28, 27, 26, 25, 24, 23, 22, 21, 20, 19, 18, 17, 16, 15, 14, 13, 12, 11, 10, 9, 8, 7, 6, 5, 4, 3, 2, 1, 0.5, 0.25, 0.125, 0.0625, 0.03125]
predictive decrease 1.3217813943635845e-06 actual decrease 1.561892723404932e-07
objective value without tv norm 1.6366027482117573e-06
objective value with tv norm 0.0015087760069662616
[800, 400.0, 200.0, 100.0, 50.0, 30, 29, 28, 27, 26, 25, 24, 23, 22, 21, 20, 19, 18, 17, 16, 15, 14, 13, 12, 11, 10, 9, 8, 7, 6, 5, 4, 3, 2, 1, 0.5, 0.25, 0.125, 0.0625, 0.03125]
predictive decrease 1.9111766759950712e-06 actual decrease 8.898120795741704e-07
objective value without tv norm 7.467906686375869e-07
objective value with tv norm 0.0015078861948866875
[800, 400.0, 200.0, 100.0, 50.0, 30, 29, 28, 27, 26, 25, 24, 23, 22, 21, 20, 19, 18, 17, 16, 15, 14, 13, 12, 11, 10, 9, 8, 7, 6, 5, 4, 3, 2, 1, 0.5, 0.25, 0.125, 0.0625, 0.03125]
predictive decrease 1.3426855953635637e-06 actual decrease 1.7893091457674495e-07
objective value without tv norm 1.817859754060791e-06
objective value with tv norm 0.0015077072639721107
[800, 400.0, 200.0, 100.0, 50.0, 30, 29, 28, 27, 26, 25, 24, 23, 22, 21, 20, 19, 18, 17, 16, 15, 14, 13, 12, 11, 10, 9, 8, 7, 6, 5, 4, 3, 2, 1, 0.5, 0.25, 0.125, 0.0625, 0.03125]
predictive decrease 2.0314912154970922e-06 actual decrease 9.154833451319178e-07
objective value without tv norm 9.023764089288733e-07
objective value with tv norm 0.0015067917806269788
[800, 400.0, 200.0, 100.0, 50.0, 30, 29, 28, 27, 26, 25, 24, 23, 22, 21, 20, 19, 18, 17, 16, 15, 14, 13, 12, 11, 10, 9, 8, 7, 6, 5, 4, 3, 2, 1, 0.5, 0.25, 0.125, 0.0625, 0.03125]
predictive decrease 1.3052841071749081e-06 actual decrease 9.27088354973904e-08
objective value without tv norm 8.096675734314829e-07
objective value with tv norm 0.0015066990717914814
[800, 400.0, 200.0, 100.0, 50.0, 30, 29, 28, 27, 26, 25, 24, 23, 22, 21, 20, 19, 18, 17, 16, 15, 14, 13, 12, 11, 10, 9, 8, 7, 6, 5, 4, 3, 2, 1, 0.5, 0.25, 0.125, 0.0625, 0.03125]
predictive decrease 2.0648466258334306e-06 actual decrease 9.442810932241193e-07
objective value without tv norm 9.079404509337863e-07
objective value with tv norm 0.0015057547906982573
[800, 400.0, 200.0, 100.0, 50.0, 30, 29, 28, 27, 26, 25, 24, 23, 22, 21, 20, 19, 18, 17, 16, 15, 14, 13, 12, 11, 10, 9, 8, 7, 6, 5, 4, 3, 2, 1, 0.5, 0.25, 0.125, 0.0625, 0.03125]
predictive decrease 1.2212198463286764e-06 actual decrease 1.155513751373554e-07
objective value without tv norm 8.005722874626642e-07
objective value with tv norm 0.00150563923932312
[800, 400.0, 200.0, 100.0, 50.0, 30, 29, 28, 27, 26, 25, 24, 23, 22, 21, 20, 19, 18, 17, 16, 15, 14, 13, 12, 11, 10, 9, 8, 7, 6, 5, 4, 3, 2, 1, 0.5, 0.25, 0.125, 0.0625]
predictive decrease 3.7767041759224733e-06 actual decrease 7.273237451416517e-08
objective value without tv norm 3.0174020269058133e-06
objective value with tv norm 0.0015055665069486058
[800, 400.0, 200.0, 100.0, 50.0, 30, 29, 28, 27, 26, 25, 24, 23, 22, 21, 20, 19, 18, 17, 16, 15, 14, 13, 12, 11, 10, 9, 8, 7, 6, 5, 4, 3, 2, 1, 0.5, 0.25, 0.125, 0.0625]
predictive decrease 5.910813398265439e-06 actual decrease 1.4139856598927025e-06
objective value without tv norm 1.6034163670131107e-06
objective value with tv norm 0.001504152521288713
[800, 400.0, 200.0, 100.0, 50.0, 30, 29, 28, 27, 26, 25, 24, 23, 22, 21, 20, 19, 18, 17, 16, 15, 14, 13, 12, 11, 10, 9, 8, 7, 6, 5, 4, 3, 2, 1, 0.5, 0.25, 0.125, 0.0625]
predictive decrease 5.025302771567448e-06 actual decrease 1.623522521976284e-07
objective value without tv norm 1.4410641148154824e-06
objective value with tv norm 0.0015039901690365154
[800, 400.0, 200.0, 100.0, 50.0, 30, 29, 28, 27, 26, 25, 24, 23, 22, 21, 20, 19, 18, 17, 16, 15, 14, 13, 12, 11, 10, 9, 8, 7, 6, 5, 4, 3, 2, 1, 0.5, 0.25, 0.125, 0.0625]
predictive decrease 5.578284324701593e-06 actual decrease 1.0698086318160476e-06
objective value without tv norm 2.2128919680008963e-06
objective value with tv norm 0.0015029203604046994
[800, 400.0, 200.0, 100.0, 50.0, 30, 29, 28, 27, 26, 25, 24, 23, 22, 21, 20, 19, 18, 17, 16, 15, 14, 13, 12, 11, 10, 9, 8, 7, 6, 5, 4, 3, 2, 1, 0.5, 0.25, 0.125, 0.0625]
predictive decrease 5.295714124547253e-06 actual decrease 4.6352180305109757e-07
objective value without tv norm 1.7493701649495819e-06
objective value with tv norm 0.0015024568386016483
[800, 400.0, 200.0, 100.0, 50.0, 30, 29, 28, 27, 26, 25, 24, 23, 22, 21, 20, 19, 18, 17, 16, 15, 14, 13, 12, 11, 10, 9, 8, 7, 6, 5, 4, 3, 2, 1, 0.5, 0.25, 0.125, 0.0625]
predictive decrease 5.374831734161626e-06 actual decrease 5.024441870331731e-07
objective value without tv norm 1.2482085101073181e-06
objective value with tv norm 0.0015019543944146151
[800, 400.0, 200.0, 100.0, 50.0, 30, 29, 28, 27, 26, 25, 24, 23, 22, 21, 20, 19, 18, 17, 16, 15, 14, 13, 12, 11, 10, 9, 8, 7, 6, 5, 4, 3, 2, 1, 0.5, 0.25, 0.125, 0.0625]
predictive decrease 6.120397809438903e-06 actual decrease 1.8277571075366386e-06
objective value without tv norm 1.9204514025705777e-06
objective value with tv norm 0.0015001266373070785
[800, 400.0, 200.0, 100.0, 50.0, 30, 29, 28, 27, 26, 25, 24, 23, 22, 21, 20, 19, 18, 17, 16, 15, 14, 13, 12, 11, 10, 9, 8, 7, 6, 5, 4, 3, 2, 1, 0.5, 0.25, 0.125, 0.0625]
predictive decrease 4.881315229588075e-06 actual decrease 4.183839530380595e-08
objective value without tv norm 1.8786130072667717e-06
objective value with tv norm 0.0015000847989117747
[800, 400.0, 200.0, 100.0, 50.0, 30, 29, 28, 27, 26, 25, 24, 23, 22, 21, 20, 19, 18, 17, 16, 15, 14, 13, 12, 11, 10, 9, 8, 7, 6, 5, 4, 3, 2, 1, 0.5, 0.25, 0.125, 0.0625]
predictive decrease 6.114581789062011e-06 actual decrease 1.5539819525995854e-06
objective value without tv norm 2.3145249243849975e-06
objective value with tv norm 0.001498530816959175
[800, 400.0, 200.0, 100.0, 50.0, 30, 29, 28, 27, 26, 25, 24, 23, 22, 21, 20, 19, 18, 17, 16, 15, 14, 13, 12, 11, 10, 9, 8, 7, 6, 5, 4, 3, 2, 1, 0.5, 0.25, 0.125, 0.0625]
predictive decrease 5.517795461860032e-06 actual decrease 6.740668111460124e-07
objective value without tv norm 1.640458113238985e-06
objective value with tv norm 0.001497856750148029
[800, 400.0, 200.0, 100.0, 50.0, 30, 29, 28, 27, 26, 25, 24, 23, 22, 21, 20, 19, 18, 17, 16, 15, 14, 13, 12, 11, 10, 9, 8, 7, 6, 5, 4, 3, 2, 1, 0.5, 0.25, 0.125, 0.0625]
predictive decrease 5.646251667281842e-06 actual decrease 1.1464110367081885e-06
objective value without tv norm 2.2797613622449475e-06
objective value with tv norm 0.001496710339111321
[800, 400.0, 200.0, 100.0, 50.0, 30, 29, 28, 27, 26, 25, 24, 23, 22, 21, 20, 19, 18, 17, 16, 15, 14, 13, 12, 11, 10, 9, 8, 7, 6, 5, 4, 3, 2, 1, 0.5, 0.25, 0.125, 0.0625, 0.03125]
predictive decrease 2.332028077378168e-06 actual decrease 1.1299391474706155e-06
objective value without tv norm 1.149822214774332e-06
objective value with tv norm 0.0014955803999638503
[800, 400.0, 200.0, 100.0, 50.0, 30, 29, 28, 27, 26, 25, 24, 23, 22, 21, 20, 19, 18, 17, 16, 15, 14, 13, 12, 11, 10, 9, 8, 7, 6, 5, 4, 3, 2, 1, 0.5, 0.25, 0.125, 0.0625, 0.03125]
predictive decrease 1.5222718067451919e-06 actual decrease 3.5736249886239926e-07
objective value without tv norm 2.042459715911882e-06
objective value with tv norm 0.0014952230374649879
[800, 400.0, 200.0, 100.0, 50.0, 30, 29, 28, 27, 26, 25, 24, 23, 22, 21, 20, 19, 18, 17, 16, 15, 14, 13, 12, 11, 10, 9, 8, 7, 6, 5, 4, 3, 2, 1, 0.5, 0.25, 0.125, 0.0625, 0.03125]
predictive decrease 1.7971052620575304e-06 actual decrease 7.064068187068173e-07
objective value without tv norm 1.3360528972050645e-06
objective value with tv norm 0.001494516630646281
[800, 400.0, 200.0, 100.0, 50.0, 30, 29, 28, 27, 26, 25, 24, 23, 22, 21, 20, 19, 18, 17, 16, 15, 14, 13, 12, 11, 10, 9, 8, 7, 6, 5, 4, 3, 2, 1, 0.5, 0.25, 0.125, 0.0625, 0.03125]
predictive decrease 1.2608491973950184e-06 actual decrease 4.7864020065327764e-08
objective value without tv norm 1.291288174720684e-06
objective value with tv norm 0.0014944687666262157
[800, 400.0, 200.0, 100.0, 50.0, 30, 29, 28, 27, 26, 25, 24, 23, 22, 21, 20, 19, 18, 17, 16, 15, 14, 13, 12, 11, 10, 9, 8, 7, 6, 5, 4, 3, 2, 1, 0.5, 0.25, 0.125, 0.0625, 0.03125]
predictive decrease 2.0115816905315765e-06 actual decrease 9.079543072502711e-07
objective value without tv norm 1.3110631945645324e-06
objective value with tv norm 0.0014935608123189655
[800, 400.0, 200.0, 100.0, 50.0, 30, 29, 28, 27, 26, 25, 24, 23, 22, 21, 20, 19, 18, 17, 16, 15, 14, 13, 12, 11, 10, 9, 8, 7, 6, 5, 4, 3, 2, 1, 0.5, 0.25, 0.125, 0.0625, 0.03125]
predictive decrease 1.5439420297130337e-06 actual decrease 3.253611680076318e-07
objective value without tv norm 9.857020265569005e-07
objective value with tv norm 0.0014932354511509578
[800, 400.0, 200.0, 100.0, 50.0, 30, 29, 28, 27, 26, 25, 24, 23, 22, 21, 20, 19, 18, 17, 16, 15, 14, 13, 12, 11, 10, 9, 8, 7, 6, 5, 4, 3, 2, 1, 0.5, 0.25, 0.125, 0.0625, 0.03125]
predictive decrease 1.870952187235913e-06 actual decrease 8.579063312740779e-07
objective value without tv norm 1.1694623619495914e-06
objective value with tv norm 0.0014923775448196838
[800, 400.0, 200.0, 100.0, 50.0, 30, 29, 28, 27, 26, 25, 24, 23, 22, 21, 20, 19, 18, 17, 16, 15, 14, 13, 12, 11, 10, 9, 8, 7, 6, 5, 4, 3, 2, 1, 0.5, 0.25, 0.125, 0.0625, 0.03125, 0.015625]
predictive decrease 5.575057808852608e-07 actual decrease 2.564162588111849e-07
objective value without tv norm 9.15668297518657e-07
objective value with tv norm 0.0014921211285608726
[800, 400.0, 200.0, 100.0, 50.0, 30, 29, 28, 27, 26, 25, 24, 23, 22, 21, 20, 19, 18, 17, 16, 15, 14, 13, 12, 11, 10, 9, 8, 7, 6, 5, 4, 3, 2, 1, 0.5, 0.25, 0.125, 0.0625, 0.03125]
predictive decrease 1.293351639436403e-06 actual decrease 1.3003519252412048e-07
objective value without tv norm 2.023386688976281e-06
objective value with tv norm 0.0014919910933683484
[800, 400.0, 200.0, 100.0, 50.0, 30, 29, 28, 27, 26, 25, 24, 23, 22, 21, 20, 19, 18, 17, 16, 15, 14, 13, 12, 11, 10, 9, 8, 7, 6, 5, 4, 3, 2, 1, 0.5, 0.25, 0.125, 0.0625]
predictive decrease 4.011746554623838e-06 actual decrease 1.9697677389185486e-07
objective value without tv norm 1.826409915084426e-06
objective value with tv norm 0.0014917941165944566
[800, 400.0, 200.0, 100.0, 50.0, 30, 29, 28, 27, 26, 25, 24, 23, 22, 21, 20, 19, 18, 17, 16, 15, 14, 13, 12, 11, 10, 9, 8, 7, 6, 5, 4, 3, 2, 1, 0.5, 0.25, 0.125, 0.0625]
predictive decrease 5.278968821025628e-06 actual decrease 1.276930745464349e-06
objective value without tv norm 2.222320837574898e-06
objective value with tv norm 0.0014905171858489922
[800, 400.0, 200.0, 100.0, 50.0, 30, 29, 28, 27, 26, 25, 24, 23, 22, 21, 20, 19, 18, 17, 16, 15, 14, 13, 12, 11, 10, 9, 8, 7, 6, 5, 4, 3, 2, 1, 0.5, 0.25, 0.125, 0.0625]
predictive decrease 3.819983559521329e-06 actual decrease 1.3381262542466743e-07
objective value without tv norm 2.0885082121502307e-06
objective value with tv norm 0.0014903833732235676
[800, 400.0, 200.0, 100.0, 50.0, 30, 29, 28, 27, 26, 25, 24, 23, 22, 21, 20, 19, 18, 17, 16, 15, 14, 13, 12, 11, 10, 9, 8, 7, 6, 5, 4, 3, 2, 1, 0.5, 0.25, 0.125, 0.0625]
predictive decrease 5.050721063960643e-06 actual decrease 2.0240005971228214e-07
objective value without tv norm 1.8861081524379486e-06
objective value with tv norm 0.0014901809731638553
[800, 400.0, 200.0, 100.0, 50.0, 30, 29, 28, 27, 26, 25, 24, 23, 22, 21, 20, 19, 18, 17, 16, 15, 14, 13, 12, 11, 10, 9, 8, 7, 6, 5, 4, 3, 2, 1, 0.5, 0.25, 0.125, 0.0625]
predictive decrease 4.94262826536071e-06 actual decrease 4.3806985233372717e-07
objective value without tv norm 3.2337525858183724e-06
objective value with tv norm 0.0014897429033115216
[800, 400.0, 200.0, 100.0, 50.0, 30, 29, 28, 27, 26, 25, 24, 23, 22, 21, 20, 19, 18, 17, 16, 15, 14, 13, 12, 11, 10, 9, 8, 7, 6, 5, 4, 3, 2, 1, 0.5, 0.25, 0.125, 0.0625]
predictive decrease 6.194514784124347e-06 actual decrease 2.041766193228156e-06
objective value without tv norm 1.1919863925902163e-06
objective value with tv norm 0.0014877011371182934
[800, 400.0, 200.0, 100.0, 50.0, 30, 29, 28, 27, 26, 25, 24, 23, 22, 21, 20, 19, 18, 17, 16, 15, 14, 13, 12, 11, 10, 9, 8, 7, 6, 5, 4, 3, 2, 1, 0.5, 0.25, 0.125, 0.0625, 0.03125]
predictive decrease 1.8156196106319626e-06 actual decrease 6.075840210950645e-07
objective value without tv norm 5.844023714951518e-07
objective value with tv norm 0.0014870935530971983
[800, 400.0, 200.0, 100.0, 50.0, 30, 29, 28, 27, 26, 25, 24, 23, 22, 21, 20, 19, 18, 17, 16, 15, 14, 13, 12, 11, 10, 9, 8, 7, 6, 5, 4, 3, 2, 1, 0.5, 0.25, 0.125, 0.0625, 0.03125]
predictive decrease 1.504577542491307e-06 actual decrease 3.8591415415871987e-07
objective value without tv norm 1.0913453601935075e-06
objective value with tv norm 0.0014867076389430396
[800, 400.0, 200.0, 100.0, 50.0, 30, 29, 28, 27, 26, 25, 24, 23, 22, 21, 20, 19, 18, 17, 16, 15, 14, 13, 12, 11, 10, 9, 8, 7, 6, 5, 4, 3, 2, 1, 0.5, 0.25, 0.125, 0.0625, 0.03125]
predictive decrease 1.597263666187074e-06 actual decrease 3.7870713354148933e-07
objective value without tv norm 7.126382266520181e-07
objective value with tv norm 0.0014863289318094981
[800, 400.0, 200.0, 100.0, 50.0, 30, 29, 28, 27, 26, 25, 24, 23, 22, 21, 20, 19, 18, 17, 16, 15, 14, 13, 12, 11, 10, 9, 8, 7, 6, 5, 4, 3, 2, 1, 0.5, 0.25, 0.125, 0.0625, 0.03125]
predictive decrease 1.463941240030086e-06 actual decrease 2.457000213285099e-07
objective value without tv norm 4.6693820532350827e-07
objective value with tv norm 0.0014860832317881696
[800, 400.0, 200.0, 100.0, 50.0, 30, 29, 28, 27, 26, 25, 24, 23, 22, 21, 20, 19, 18, 17, 16, 15, 14, 13, 12, 11, 10, 9, 8, 7, 6, 5, 4, 3, 2, 1, 0.5, 0.25, 0.125, 0.0625, 0.03125]
predictive decrease 1.7009378766045993e-06 actual decrease 6.676035871635254e-07
objective value without tv norm 7.703297681960208e-07
objective value with tv norm 0.001485415628201006
[800, 400.0, 200.0, 100.0, 50.0, 30, 29, 28, 27, 26, 25, 24, 23, 22, 21, 20, 19, 18, 17, 16, 15, 14, 13, 12, 11, 10, 9, 8, 7, 6, 5, 4, 3, 2, 1, 0.5, 0.25, 0.125, 0.0625, 0.03125]
predictive decrease 1.2665025109711864e-06 actual decrease 1.7549570149161774e-07
objective value without tv norm 5.982004632754112e-07
objective value with tv norm 0.0014852401324995145
[800, 400.0, 200.0, 100.0, 50.0, 30, 29, 28, 27, 26, 25, 24, 23, 22, 21, 20, 19, 18, 17, 16, 15, 14, 13, 12, 11, 10, 9, 8, 7, 6, 5, 4, 3, 2, 1, 0.5, 0.25, 0.125, 0.0625, 0.03125]
predictive decrease 1.4041461822021824e-06 actual decrease 3.376687106333015e-07
objective value without tv norm 1.0417817526420237e-06
objective value with tv norm 0.0014849024637888812
[800, 400.0, 200.0, 100.0, 50.0, 30, 29, 28, 27, 26, 25, 24, 23, 22, 21, 20, 19, 18, 17, 16, 15, 14, 13, 12, 11, 10, 9, 8, 7, 6, 5, 4, 3, 2, 1, 0.5, 0.25, 0.125, 0.0625, 0.03125]
predictive decrease 1.4711288872555368e-06 actual decrease 3.461275334122431e-07
objective value without tv norm 6.956542192293469e-07
objective value with tv norm 0.001484556336255469
[800, 400.0, 200.0, 100.0, 50.0, 30, 29, 28, 27, 26, 25, 24, 23, 22, 21, 20, 19, 18, 17, 16, 15, 14, 13, 12, 11, 10, 9, 8, 7, 6, 5, 4, 3, 2, 1, 0.5, 0.25, 0.125, 0.0625, 0.03125]
predictive decrease 1.2729370454599674e-06 actual decrease 1.9722316088859743e-07
objective value without tv norm 1.2799268119811913e-06
objective value with tv norm 0.0014843591130945803
[800, 400.0, 200.0, 100.0, 50.0, 30, 29, 28, 27, 26, 25, 24, 23, 22, 21, 20, 19, 18, 17, 16, 15, 14, 13, 12, 11, 10, 9, 8, 7, 6, 5, 4, 3, 2, 1, 0.5, 0.25, 0.125, 0.0625, 0.03125]
predictive decrease 1.5021048908173996e-06 actual decrease 2.8390762030205963e-07
objective value without tv norm 9.960191916791317e-07
objective value with tv norm 0.0014840752054742783
[800, 400.0, 200.0, 100.0, 50.0, 30, 29, 28, 27, 26, 25, 24, 23, 22, 21, 20, 19, 18, 17, 16, 15, 14, 13, 12, 11, 10, 9, 8, 7, 6, 5, 4, 3, 2, 1, 0.5, 0.25, 0.125, 0.0625, 0.03125]
predictive decrease 1.4843847193398828e-06 actual decrease 2.6632950067551064e-07
objective value without tv norm 7.29689691003621e-07
objective value with tv norm 0.0014838088759736028
[800, 400.0, 200.0, 100.0, 50.0, 30, 29, 28, 27, 26, 25, 24, 23, 22, 21, 20, 19, 18, 17, 16, 15, 14, 13, 12, 11, 10, 9, 8, 7, 6, 5, 4, 3, 2, 1, 0.5, 0.25, 0.125, 0.0625, 0.03125]
predictive decrease 1.6458320504211723e-06 actual decrease 5.263309926484792e-07
objective value without tv norm 1.0962158412120004e-06
objective value with tv norm 0.0014832825449809543
[800, 400.0, 200.0, 100.0, 50.0, 30, 29, 28, 27, 26, 25, 24, 23, 22, 21, 20, 19, 18, 17, 16, 15, 14, 13, 12, 11, 10, 9, 8, 7, 6, 5, 4, 3, 2, 1, 0.5, 0.25, 0.125, 0.0625, 0.03125]
predictive decrease 1.4241470947305799e-06 actual decrease 2.0553738444561986e-07
objective value without tv norm 8.906784567663806e-07
objective value with tv norm 0.0014830770075965087
[800, 400.0, 200.0, 100.0, 50.0, 30, 29, 28, 27, 26, 25, 24, 23, 22, 21, 20, 19, 18, 17, 16, 15, 14, 13, 12, 11, 10, 9, 8, 7, 6, 5, 4, 3, 2, 1, 0.5, 0.25, 0.125, 0.0625, 0.03125]
predictive decrease 1.6745703509686138e-06 actual decrease 5.03928202325336e-07
objective value without tv norm 1.6367502544412105e-06
objective value with tv norm 0.0014825730793941833
[800, 400.0, 200.0, 100.0, 50.0, 30, 29, 28, 27, 26, 25, 24, 23, 22, 21, 20, 19, 18, 17, 16, 15, 14, 13, 12, 11, 10, 9, 8, 7, 6, 5, 4, 3, 2, 1, 0.5, 0.25, 0.125, 0.0625, 0.03125]
predictive decrease 1.7555961506997547e-06 actual decrease 9.56323969014683e-07
objective value without tv norm 6.804262854265275e-07
objective value with tv norm 0.0014816167554251687
[800, 400.0, 200.0, 100.0, 50.0, 30, 29, 28, 27, 26, 25, 24, 23, 22, 21, 20, 19, 18, 17, 16, 15, 14, 13, 12, 11, 10, 9, 8, 7, 6, 5, 4, 3, 2, 1, 0.5, 0.25, 0.125, 0.0625, 0.03125]
predictive decrease 1.1966650674147348e-06 actual decrease 3.795715076363587e-08
objective value without tv norm 6.438477967440903e-07
objective value with tv norm 0.001481578798274405
[800, 400.0, 200.0, 100.0, 50.0, 30, 29, 28, 27, 26, 25, 24, 23, 22, 21, 20, 19, 18, 17, 16, 15, 14, 13, 12, 11, 10, 9, 8, 7, 6, 5, 4, 3, 2, 1, 0.5, 0.25, 0.125, 0.0625, 0.03125]
predictive decrease 1.8022279389380905e-06 actual decrease 6.765867972251954e-07
objective value without tv norm 8.601181423761872e-07
objective value with tv norm 0.0014809022114771798
[800, 400.0, 200.0, 100.0, 50.0, 30, 29, 28, 27, 26, 25, 24, 23, 22, 21, 20, 19, 18, 17, 16, 15, 14, 13, 12, 11, 10, 9, 8, 7, 6, 5, 4, 3, 2, 1, 0.5, 0.25, 0.125, 0.0625, 0.03125]
predictive decrease 1.458627712396356e-06 actual decrease 2.4001783860416737e-07
objective value without tv norm 6.201003037720199e-07
objective value with tv norm 0.0014806621936385757
[800, 400.0, 200.0, 100.0, 50.0, 30, 29, 28, 27, 26, 25, 24, 23, 22, 21, 20, 19, 18, 17, 16, 15, 14, 13, 12, 11, 10, 9, 8, 7, 6, 5, 4, 3, 2, 1, 0.5, 0.25, 0.125, 0.0625, 0.03125]
predictive decrease 1.6194510047168754e-06 actual decrease 5.090155544540918e-07
objective value without tv norm 1.0039418921747867e-06
objective value with tv norm 0.0014801531780841216
[800, 400.0, 200.0, 100.0, 50.0, 30, 29, 28, 27, 26, 25, 24, 23, 22, 21, 20, 19, 18, 17, 16, 15, 14, 13, 12, 11, 10, 9, 8, 7, 6, 5, 4, 3, 2, 1, 0.5, 0.25, 0.125, 0.0625, 0.03125]
predictive decrease 1.3885693850171701e-06 actual decrease 3.1348812212826996e-07
objective value without tv norm 6.95484073109931e-07
objective value with tv norm 0.0014798396899619933
[800, 400.0, 200.0, 100.0, 50.0, 30, 29, 28, 27, 26, 25, 24, 23, 22, 21, 20, 19, 18, 17, 16, 15, 14, 13, 12, 11, 10, 9, 8, 7, 6, 5, 4, 3, 2, 1, 0.5, 0.25, 0.125, 0.0625, 0.03125]
predictive decrease 1.5254986242042596e-06 actual decrease 4.0522610940895397e-07
objective value without tv norm 1.183590519815425e-06
objective value with tv norm 0.0014794344638525843
[800, 400.0, 200.0, 100.0, 50.0, 30, 29, 28, 27, 26, 25, 24, 23, 22, 21, 20, 19, 18, 17, 16, 15, 14, 13, 12, 11, 10, 9, 8, 7, 6, 5, 4, 3, 2, 1, 0.5, 0.25, 0.125, 0.0625, 0.03125]
predictive decrease 1.4231606377819016e-06 actual decrease 3.3273412181067386e-07
objective value without tv norm 8.508563980047512e-07
objective value with tv norm 0.0014791017297307737
[800, 400.0, 200.0, 100.0, 50.0, 30, 29, 28, 27, 26, 25, 24, 23, 22, 21, 20, 19, 18, 17, 16, 15, 14, 13, 12, 11, 10, 9, 8, 7, 6, 5, 4, 3, 2, 1, 0.5, 0.25, 0.125, 0.0625, 0.03125]
predictive decrease 1.4305678301830115e-06 actual decrease 2.1202226296868076e-07
objective value without tv norm 6.388341350360704e-07
objective value with tv norm 0.001478889707467805
[800, 400.0, 200.0, 100.0, 50.0, 30, 29, 28, 27, 26, 25, 24, 23, 22, 21, 20, 19, 18, 17, 16, 15, 14, 13, 12, 11, 10, 9, 8, 7, 6, 5, 4, 3, 2, 1, 0.5, 0.25, 0.125, 0.0625, 0.03125]
predictive decrease 1.7613652026292857e-06 actual decrease 6.149833590917645e-07
objective value without tv norm 1.0655174426110747e-06
objective value with tv norm 0.0014782747241087132
[800, 400.0, 200.0, 100.0, 50.0, 30, 29, 28, 27, 26, 25, 24, 23, 22, 21, 20, 19, 18, 17, 16, 15, 14, 13, 12, 11, 10, 9, 8, 7, 6, 5, 4, 3, 2, 1, 0.5, 0.25, 0.125, 0.0625, 0.03125]
predictive decrease 1.5442888503603217e-06 actual decrease 3.7266305219496587e-07
objective value without tv norm 6.928543904161089e-07
objective value with tv norm 0.0014779020610565183
[800, 400.0, 200.0, 100.0, 50.0, 30, 29, 28, 27, 26, 25, 24, 23, 22, 21, 20, 19, 18, 17, 16, 15, 14, 13, 12, 11, 10, 9, 8, 7, 6, 5, 4, 3, 2, 1, 0.5, 0.25, 0.125, 0.0625, 0.03125]
predictive decrease 1.3992904551657966e-06 actual decrease 2.6057046882905013e-07
objective value without tv norm 1.435722203568801e-06
objective value with tv norm 0.0014776414905876892
[800, 400.0, 200.0, 100.0, 50.0, 30, 29, 28, 27, 26, 25, 24, 23, 22, 21, 20, 19, 18, 17, 16, 15, 14, 13, 12, 11, 10, 9, 8, 7, 6, 5, 4, 3, 2, 1, 0.5, 0.25, 0.125, 0.0625, 0.03125]
predictive decrease 1.6526233124294389e-06 actual decrease 5.73412772819637e-07
objective value without tv norm 8.623094307491641e-07
objective value with tv norm 0.0014770680778148696
[800, 400.0, 200.0, 100.0, 50.0, 30, 29, 28, 27, 26, 25, 24, 23, 22, 21, 20, 19, 18, 17, 16, 15, 14, 13, 12, 11, 10, 9, 8, 7, 6, 5, 4, 3, 2, 1, 0.5, 0.25, 0.125, 0.0625, 0.03125]
predictive decrease 1.881619023154802e-06 actual decrease 7.345236318833607e-07
objective value without tv norm 1.1694524655325722e-06
objective value with tv norm 0.0014763335541829862
[800, 400.0, 200.0, 100.0, 50.0, 30, 29, 28, 27, 26, 25, 24, 23, 22, 21, 20, 19, 18, 17, 16, 15, 14, 13, 12, 11, 10, 9, 8, 7, 6, 5, 4, 3, 2, 1, 0.5, 0.25, 0.125, 0.0625, 0.03125]
predictive decrease 1.2402544715701264e-06 actual decrease 3.4712883312248977e-07
objective value without tv norm 8.223236324100824e-07
objective value with tv norm 0.0014759864253498637
[800, 400.0, 200.0, 100.0, 50.0, 30, 29, 28, 27, 26, 25, 24, 23, 22, 21, 20, 19, 18, 17, 16, 15, 14, 13, 12, 11, 10, 9, 8, 7, 6, 5, 4, 3, 2, 1, 0.5, 0.25, 0.125, 0.0625, 0.03125]
predictive decrease 1.254437773713776e-06 actual decrease 1.1544922118300605e-07
objective value without tv norm 7.068744112270764e-07
objective value with tv norm 0.0014758709761286807
[800, 400.0, 200.0, 100.0, 50.0, 30, 29, 28, 27, 26, 25, 24, 23, 22, 21, 20, 19, 18, 17, 16, 15, 14, 13, 12, 11, 10, 9, 8, 7, 6, 5, 4, 3, 2, 1, 0.5, 0.25, 0.125, 0.0625, 0.03125]
predictive decrease 1.6798062051864675e-06 actual decrease 6.988138914671739e-07
objective value without tv norm 8.406681271111438e-07
objective value with tv norm 0.0014751721622372135
[800, 400.0, 200.0, 100.0, 50.0, 30, 29, 28, 27, 26, 25, 24, 23, 22, 21, 20, 19, 18, 17, 16, 15, 14, 13, 12, 11, 10, 9, 8, 7, 6, 5, 4, 3, 2, 1, 0.5, 0.25, 0.125, 0.0625, 0.03125, 0.015625]
predictive decrease 5.225484846845159e-07 actual decrease 2.295396087511562e-07
objective value without tv norm 6.183663185943544e-07
objective value with tv norm 0.0014749426226284624
[800, 400.0, 200.0, 100.0, 50.0, 30, 29, 28, 27, 26, 25, 24, 23, 22, 21, 20, 19, 18, 17, 16, 15, 14, 13, 12, 11, 10, 9, 8, 7, 6, 5, 4, 3, 2, 1, 0.5, 0.25, 0.125, 0.0625, 0.03125]
predictive decrease 1.2847380978222786e-06 actual decrease 2.2275635132252766e-07
objective value without tv norm 1.6282369007525332e-06
objective value with tv norm 0.0014747198662771399
[800, 400.0, 200.0, 100.0, 50.0, 30, 29, 28, 27, 26, 25, 24, 23, 22, 21, 20, 19, 18, 17, 16, 15, 14, 13, 12, 11, 10, 9, 8, 7, 6, 5, 4, 3, 2, 1, 0.5, 0.25, 0.125, 0.0625, 0.03125]
predictive decrease 2.018296171491527e-06 actual decrease 8.05019161332016e-07
objective value without tv norm 8.232177394207341e-07
objective value with tv norm 0.0014739148471158078
[800, 400.0, 200.0, 100.0, 50.0, 30, 29, 28, 27, 26, 25, 24, 23, 22, 21, 20, 19, 18, 17, 16, 15, 14, 13, 12, 11, 10, 9, 8, 7, 6, 5, 4, 3, 2, 1, 0.5, 0.25, 0.125, 0.0625, 0.03125]
predictive decrease 1.2363915482603398e-06 actual decrease 2.3793910397529316e-08
objective value without tv norm 7.994238290232047e-07
objective value with tv norm 0.0014738910532054103
[800, 400.0, 200.0, 100.0, 50.0, 30, 29, 28, 27, 26, 25, 24, 23, 22, 21, 20, 19, 18, 17, 16, 15, 14, 13, 12, 11, 10, 9, 8, 7, 6, 5, 4, 3, 2, 1, 0.5, 0.25, 0.125, 0.0625, 0.03125]
predictive decrease 1.8846654790156004e-06 actual decrease 7.953094957402831e-07
objective value without tv norm 7.927029186394208e-07
objective value with tv norm 0.00147309574370967
[800, 400.0, 200.0, 100.0, 50.0, 30, 29, 28, 27, 26, 25, 24, 23, 22, 21, 20, 19, 18, 17, 16, 15, 14, 13, 12, 11, 10, 9, 8, 7, 6, 5, 4, 3, 2, 1, 0.5, 0.25, 0.125, 0.0625, 0.03125, 0.015625]
predictive decrease 4.96254681695658e-07 actual decrease 2.0988524618292814e-07
objective value without tv norm 5.828176724564926e-07
objective value with tv norm 0.001472885858463487
[800, 400.0, 200.0, 100.0, 50.0, 30, 29, 28, 27, 26, 25, 24, 23, 22, 21, 20, 19, 18, 17, 16, 15, 14, 13, 12, 11, 10, 9, 8, 7, 6, 5, 4, 3, 2, 1, 0.5, 0.25, 0.125, 0.0625, 0.03125]
predictive decrease 9.711417918458441e-07 actual decrease 6.802142260564636e-08
objective value without tv norm 5.147962498508463e-07
objective value with tv norm 0.0014728178370408814
[800, 400.0, 200.0, 100.0, 50.0, 30, 29, 28, 27, 26, 25, 24, 23, 22, 21, 20, 19, 18, 17, 16, 15, 14, 13, 12, 11, 10, 9, 8, 7, 6, 5, 4, 3, 2, 1, 0.5, 0.25, 0.125, 0.0625, 0.03125]
predictive decrease 1.3384700429653045e-06 actual decrease 2.1927112300694496e-07
objective value without tv norm 1.1883822697011936e-06
objective value with tv norm 0.0014725985659178745
[800, 400.0, 200.0, 100.0, 50.0, 30, 29, 28, 27, 26, 25, 24, 23, 22, 21, 20, 19, 18, 17, 16, 15, 14, 13, 12, 11, 10, 9, 8, 7, 6, 5, 4, 3, 2, 1, 0.5, 0.25, 0.125, 0.0625, 0.03125]
predictive decrease 1.5421722634391833e-06 actual decrease 3.236095994507693e-07
objective value without tv norm 8.647726702504244e-07
objective value with tv norm 0.0014722749563184237
[800, 400.0, 200.0, 100.0, 50.0, 30, 29, 28, 27, 26, 25, 24, 23, 22, 21, 20, 19, 18, 17, 16, 15, 14, 13, 12, 11, 10, 9, 8, 7, 6, 5, 4, 3, 2, 1, 0.5, 0.25, 0.125, 0.0625, 0.03125]
predictive decrease 1.6646894477616477e-06 actual decrease 4.461035850722439e-07
objective value without tv norm 4.1866908517818047e-07
objective value with tv norm 0.0014718288527333515
[800, 400.0, 200.0, 100.0, 50.0, 30, 29, 28, 27, 26, 25, 24, 23, 22, 21, 20, 19, 18, 17, 16, 15, 14, 13, 12, 11, 10, 9, 8, 7, 6, 5, 4, 3, 2, 1, 0.5, 0.25, 0.125, 0.0625]
predictive decrease 3.3597099089212323e-06 actual decrease 1.1495436308666535e-07
objective value without tv norm 2.0105416896898376e-06
objective value with tv norm 0.0014717138983702648
[800, 400.0, 200.0, 100.0, 50.0, 30, 29, 28, 27, 26, 25, 24, 23, 22, 21, 20, 19, 18, 17, 16, 15, 14, 13, 12, 11, 10, 9, 8, 7, 6, 5, 4, 3, 2, 1, 0.5, 0.25, 0.125, 0.0625, 0.03125]
predictive decrease 2.4081677494846264e-06 actual decrease 1.1912628771208918e-06
objective value without tv norm 8.192788125693795e-07
objective value with tv norm 0.001470522635493144
[800, 400.0, 200.0, 100.0, 50.0, 30, 29, 28, 27, 26, 25, 24, 23, 22, 21, 20, 19, 18, 17, 16, 15, 14, 13, 12, 11, 10, 9, 8, 7, 6, 5, 4, 3, 2, 1, 0.5, 0.25, 0.125, 0.0625, 0.03125]
predictive decrease 1.1481347935041273e-06 actual decrease 1.3262536955336093e-07
objective value without tv norm 8.276310003996201e-07
objective value with tv norm 0.0014703900101235906
[800, 400.0, 200.0, 100.0, 50.0, 30, 29, 28, 27, 26, 25, 24, 23, 22, 21, 20, 19, 18, 17, 16, 15, 14, 13, 12, 11, 10, 9, 8, 7, 6, 5, 4, 3, 2, 1, 0.5, 0.25, 0.125, 0.0625]
predictive decrease 3.2278045636656514e-06 actual decrease 5.4705710936719595e-08
objective value without tv norm 2.287663962263764e-06
objective value with tv norm 0.0014703353044126539
[800, 400.0, 200.0, 100.0, 50.0, 30, 29, 28, 27, 26, 25, 24, 23, 22, 21, 20, 19, 18, 17, 16, 15, 14, 13, 12, 11, 10, 9, 8, 7, 6, 5, 4, 3, 2, 1, 0.5, 0.25, 0.125, 0.0625]
predictive decrease 5.058961901968726e-06 actual decrease 2.7481132647277917e-07
objective value without tv norm 2.012852635790985e-06
objective value with tv norm 0.001470060493086181
[800, 400.0, 200.0, 100.0, 50.0, 30, 29, 28, 27, 26, 25, 24, 23, 22, 21, 20, 19, 18, 17, 16, 15, 14, 13, 12, 11, 10, 9, 8, 7, 6, 5, 4, 3, 2, 1, 0.5, 0.25, 0.125, 0.0625, 0.03125]
predictive decrease 2.325119465057708e-06 actual decrease 1.1128419548089852e-06
objective value without tv norm 9.000106809819997e-07
objective value with tv norm 0.001468947651131372
[800, 400.0, 200.0, 100.0, 50.0, 30, 29, 28, 27, 26, 25, 24, 23, 22, 21, 20, 19, 18, 17, 16, 15, 14, 13, 12, 11, 10, 9, 8, 7, 6, 5, 4, 3, 2, 1, 0.5, 0.25, 0.125, 0.0625, 0.03125]
predictive decrease 1.4247933236225929e-06 actual decrease 5.444567046947874e-07
objective value without tv norm 1.1368039762871263e-06
objective value with tv norm 0.0014684031944266773
[800, 400.0, 200.0, 100.0, 50.0, 30, 29, 28, 27, 26, 25, 24, 23, 22, 21, 20, 19, 18, 17, 16, 15, 14, 13, 12, 11, 10, 9, 8, 7, 6, 5, 4, 3, 2, 1, 0.5, 0.25, 0.125, 0.0625, 0.03125, 0.015625]
predictive decrease 5.984493466875546e-07 actual decrease 3.008854468509927e-07
objective value without tv norm 8.430396470915369e-07
objective value with tv norm 0.0014681023089798263
[800, 400.0, 200.0, 100.0, 50.0, 30, 29, 28, 27, 26, 25, 24, 23, 22, 21, 20, 19, 18, 17, 16, 15, 14, 13, 12, 11, 10, 9, 8, 7, 6, 5, 4, 3, 2, 1, 0.5, 0.25, 0.125, 0.0625, 0.03125]
predictive decrease 1.071924776928487e-06 actual decrease 2.38096518006322e-07
objective value without tv norm 1.3585137965677063e-06
objective value with tv norm 0.00146786421246182
[800, 400.0, 200.0, 100.0, 50.0, 30, 29, 28, 27, 26, 25, 24, 23, 22, 21, 20, 19, 18, 17, 16, 15, 14, 13, 12, 11, 10, 9, 8, 7, 6, 5, 4, 3, 2, 1, 0.5, 0.25, 0.125, 0.0625, 0.03125]
predictive decrease 1.3602877062424568e-06 actual decrease 1.4182716401300866e-07
objective value without tv norm 1.2166866325546977e-06
objective value with tv norm 0.001467722385297807
[800, 400.0, 200.0, 100.0, 50.0, 30, 29, 28, 27, 26, 25, 24, 23, 22, 21, 20, 19, 18, 17, 16, 15, 14, 13, 12, 11, 10, 9, 8, 7, 6, 5, 4, 3, 2, 1, 0.5, 0.25, 0.125, 0.0625, 0.03125]
predictive decrease 1.5752077891669197e-06 actual decrease 3.5661900432693017e-07
objective value without tv norm 8.600676282277675e-07
objective value with tv norm 0.00146736576629348
[800, 400.0, 200.0, 100.0, 50.0, 30, 29, 28, 27, 26, 25, 24, 23, 22, 21, 20, 19, 18, 17, 16, 15, 14, 13, 12, 11, 10, 9, 8, 7, 6, 5, 4, 3, 2, 1, 0.5, 0.25, 0.125, 0.0625, 0.03125]
predictive decrease 1.509606244610301e-06 actual decrease 3.957969239836573e-07
objective value without tv norm 1.3571278471014026e-06
objective value with tv norm 0.0014669699693694964
[800, 400.0, 200.0, 100.0, 50.0, 30, 29, 28, 27, 26, 25, 24, 23, 22, 21, 20, 19, 18, 17, 16, 15, 14, 13, 12, 11, 10, 9, 8, 7, 6, 5, 4, 3, 2, 1, 0.5, 0.25, 0.125, 0.0625, 0.03125]
predictive decrease 1.4674569631374732e-06 actual decrease 3.8723137496532445e-07
objective value without tv norm 9.69896472136078e-07
objective value with tv norm 0.001466582737994531
[800, 400.0, 200.0, 100.0, 50.0, 30, 29, 28, 27, 26, 25, 24, 23, 22, 21, 20, 19, 18, 17, 16, 15, 14, 13, 12, 11, 10, 9, 8, 7, 6, 5, 4, 3, 2, 1, 0.5, 0.25, 0.125, 0.0625, 0.03125]
predictive decrease 1.4984603043811506e-06 actual decrease 3.5003850703402284e-07
objective value without tv norm 1.6615246317686072e-06
objective value with tv norm 0.001466232699487497
[800, 400.0, 200.0, 100.0, 50.0, 30, 29, 28, 27, 26, 25, 24, 23, 22, 21, 20, 19, 18, 17, 16, 15, 14, 13, 12, 11, 10, 9, 8, 7, 6, 5, 4, 3, 2, 1, 0.5, 0.25, 0.125, 0.0625, 0.03125]
predictive decrease 1.92301146186534e-06 actual decrease 7.092074889580857e-07
objective value without tv norm 9.523171428105215e-07
objective value with tv norm 0.001465523491998539
[800, 400.0, 200.0, 100.0, 50.0, 30, 29, 28, 27, 26, 25, 24, 23, 22, 21, 20, 19, 18, 17, 16, 15, 14, 13, 12, 11, 10, 9, 8, 7, 6, 5, 4, 3, 2, 1, 0.5, 0.25, 0.125, 0.0625, 0.03125, 0.015625]
predictive decrease 5.33669118019716e-07 actual decrease 2.5253945189142486e-07
objective value without tv norm 1.1462062623479596e-06
objective value with tv norm 0.0014652709525466475
[800, 400.0, 200.0, 100.0, 50.0, 30, 29, 28, 27, 26, 25, 24, 23, 22, 21, 20, 19, 18, 17, 16, 15, 14, 13, 12, 11, 10, 9, 8, 7, 6, 5, 4, 3, 2, 1, 0.5, 0.25, 0.125, 0.0625, 0.03125]
predictive decrease 1.3648155074506407e-06 actual decrease 1.491939640718698e-07
objective value without tv norm 9.970122982760898e-07
objective value with tv norm 0.0014651217585825757
[800, 400.0, 200.0, 100.0, 50.0, 30, 29, 28, 27, 26, 25, 24, 23, 22, 21, 20, 19, 18, 17, 16, 15, 14, 13, 12, 11, 10, 9, 8, 7, 6, 5, 4, 3, 2, 1, 0.5, 0.25, 0.125, 0.0625, 0.03125]
predictive decrease 1.8205284748925698e-06 actual decrease 7.314836616163084e-07
objective value without tv norm 1.0467786366596954e-06
objective value with tv norm 0.0014643902749209594
[800, 400.0, 200.0, 100.0, 50.0, 30, 29, 28, 27, 26, 25, 24, 23, 22, 21, 20, 19, 18, 17, 16, 15, 14, 13, 12, 11, 10, 9, 8, 7, 6, 5, 4, 3, 2, 1, 0.5, 0.25, 0.125, 0.0625, 0.03125]
predictive decrease 1.2668827928355615e-06 actual decrease 7.792514664269057e-08
objective value without tv norm 1.7501034900169188e-06
objective value with tv norm 0.0014643123497743167
[800, 400.0, 200.0, 100.0, 50.0, 30, 29, 28, 27, 26, 25, 24, 23, 22, 21, 20, 19, 18, 17, 16, 15, 14, 13, 12, 11, 10, 9, 8, 7, 6, 5, 4, 3, 2, 1, 0.5, 0.25, 0.125, 0.0625, 0.03125]
predictive decrease 1.7869318340664377e-06 actual decrease 5.711401578345487e-07
objective value without tv norm 1.17896333218237e-06
objective value with tv norm 0.0014637412096164821
[800, 400.0, 200.0, 100.0, 50.0, 30, 29, 28, 27, 26, 25, 24, 23, 22, 21, 20, 19, 18, 17, 16, 15, 14, 13, 12, 11, 10, 9, 8, 7, 6, 5, 4, 3, 2, 1, 0.5, 0.25, 0.125, 0.0625, 0.03125]
predictive decrease 1.3432249023393773e-06 actual decrease 1.292304276923062e-07
objective value without tv norm 1.0497329044900638e-06
objective value with tv norm 0.0014636119791887898
[800, 400.0, 200.0, 100.0, 50.0, 30, 29, 28, 27, 26, 25, 24, 23, 22, 21, 20, 19, 18, 17, 16, 15, 14, 13, 12, 11, 10, 9, 8, 7, 6, 5, 4, 3, 2, 1, 0.5, 0.25, 0.125, 0.0625, 0.03125]
predictive decrease 1.6912453905280553e-06 actual decrease 5.859299400925912e-07
objective value without tv norm 1.3566601072545481e-06
objective value with tv norm 0.0014630260492486972
[800, 400.0, 200.0, 100.0, 50.0, 30, 29, 28, 27, 26, 25, 24, 23, 22, 21, 20, 19, 18, 17, 16, 15, 14, 13, 12, 11, 10, 9, 8, 7, 6, 5, 4, 3, 2, 1, 0.5, 0.25, 0.125, 0.0625, 0.03125]
predictive decrease 1.2816355251304631e-06 actual decrease 6.343966740818274e-08
objective value without tv norm 1.2932204398463654e-06
objective value with tv norm 0.001462962609581289
objective value without tv norm 1.2932204398463654e-06
alpha 0.0001
objective value with tv norm 0.001462962609581289
norm 14.616693891414426
computational time 456.44395208358765
total iterations 4041
