[800, 400.0, 200.0, 100.0, 50.0, 30]
predictive decrease 0.6094962690611736 actual decrease 0.17723452242822824
objective value with out tv norm 0.47746995327113695
[800, 400.0, 200.0, 100.0, 50.0, 30]
predictive decrease 0.5742058809984006 actual decrease 0.15452318915295393
objective value with out tv norm 0.322946764118183
[800, 400.0, 200.0, 100.0, 50.0, 30]
predictive decrease 0.5769896541338039 actual decrease 0.10876571484722941
objective value with out tv norm 0.2141810492709536
[800, 400.0, 200.0, 100.0, 50.0, 30, 29, 28, 27, 26, 25]
predictive decrease 0.45874416277196933 actual decrease 0.025651338394218626
objective value with out tv norm 0.18852971087673498
[800, 400.0, 200.0, 100.0, 50.0, 30, 29, 28, 27, 26, 25, 24]
predictive decrease 0.3985170663670865 actual decrease 0.003487198132499869
objective value with out tv norm 0.1850425127442351
[800, 400.0, 200.0, 100.0, 50.0, 30, 29, 28, 27, 26, 25, 24]
predictive decrease 0.44357179258061236 actual decrease 0.00913264042945039
objective value with out tv norm 0.17590987231478472
[800, 400.0, 200.0, 100.0, 50.0, 30, 29, 28]
predictive decrease 0.5050380843099009 actual decrease 0.020463901394913053
objective value with out tv norm 0.15544597091987167
[800, 400.0, 200.0, 100.0, 50.0, 30, 29, 28, 27, 26, 25, 24]
predictive decrease 0.49209577482254363 actual decrease 0.008182672194273044
objective value with out tv norm 0.14726329872559862
[800, 400.0, 200.0, 100.0, 50.0, 30, 29, 28, 27, 26, 25]
predictive decrease 0.49250901660592833 actual decrease 0.004444465965669053
objective value with out tv norm 0.14281883275992957
[800, 400.0, 200.0, 100.0, 50.0, 30, 29, 28, 27, 26, 25, 24, 23]
predictive decrease 0.4936202399582784 actual decrease 0.016968013377628544
objective value with out tv norm 0.12585081938230103
[800, 400.0, 200.0, 100.0, 50.0, 30, 29, 28, 27, 26, 25, 24, 23, 22, 21]
predictive decrease 0.42067873851422455 actual decrease 0.01721165671833569
objective value with out tv norm 0.10863916266396534
[800, 400.0, 200.0, 100.0, 50.0, 30, 29, 28, 27, 26, 25, 24, 23, 22, 21, 20, 19]
predictive decrease 0.3685394540092552 actual decrease 0.010582132673358169
objective value with out tv norm 0.09805702999060717
[800, 400.0, 200.0, 100.0, 50.0, 30, 29, 28, 27, 26, 25, 24, 23, 22, 21, 20, 19, 18]
predictive decrease 0.33101837633018816 actual decrease 0.00588944982773798
objective value with out tv norm 0.09216758016286919
[800, 400.0, 200.0, 100.0, 50.0, 30, 29, 28, 27, 26, 25, 24, 23, 22, 21, 20, 19, 18, 17]
predictive decrease 0.306589160589476 actual decrease 0.008369657152766607
objective value with out tv norm 0.08379792301010258
[800, 400.0, 200.0, 100.0, 50.0, 30, 29, 28, 27, 26, 25, 24, 23, 22, 21, 20, 19, 18, 17, 16]
predictive decrease 0.2734228419079983 actual decrease 0.0072914805422101825
objective value with out tv norm 0.0765064424678924
[800, 400.0, 200.0, 100.0, 50.0, 30, 29, 28, 27, 26, 25, 24, 23, 22, 21, 20, 19, 18, 17, 16, 15]
predictive decrease 0.24651607160308825 actual decrease 0.007545077867602168
objective value with out tv norm 0.06896136460029023
[800, 400.0, 200.0, 100.0, 50.0, 30, 29, 28, 27, 26, 25, 24, 23, 22, 21, 20, 19, 18, 17, 16, 15, 14]
predictive decrease 0.21621981254937517 actual decrease 0.00581796483994268
objective value with out tv norm 0.06314339976034755
[800, 400.0, 200.0, 100.0, 50.0, 30, 29, 28, 27, 26, 25, 24, 23, 22, 21, 20, 19, 18, 17, 16, 15, 14, 13]
predictive decrease 0.19198385097012627 actual decrease 0.007555588619681308
objective value with out tv norm 0.05558781114066624
[800, 400.0, 200.0, 100.0, 50.0, 30, 29, 28, 27, 26, 25, 24, 23, 22, 21, 20, 19, 18, 17, 16, 15, 14, 13, 12]
predictive decrease 0.16321927759871432 actual decrease 0.0053926201829345155
objective value with out tv norm 0.05019519095773173
[800, 400.0, 200.0, 100.0, 50.0, 30, 29, 28, 27, 26, 25, 24, 23, 22, 21, 20, 19, 18, 17, 16, 15, 14, 13, 12, 11]
predictive decrease 0.14106812257126858 actual decrease 0.005519315529175617
objective value with out tv norm 0.04467587542855611
[800, 400.0, 200.0, 100.0, 50.0, 30, 29, 28, 27, 26, 25, 24, 23, 22, 21, 20, 19, 18, 17, 16, 15, 14, 13, 12, 11, 10]
predictive decrease 0.11770966349916764 actual decrease 0.005613546163706462
objective value with out tv norm 0.03906232926484965
[800, 400.0, 200.0, 100.0, 50.0, 30, 29, 28, 27, 26, 25, 24, 23, 22, 21, 20, 19, 18, 17, 16, 15, 14, 13, 12, 11, 10, 9]
predictive decrease 0.0962207361808613 actual decrease 0.004472181663801922
objective value with out tv norm 0.03459014760104773
[800, 400.0, 200.0, 100.0, 50.0, 30, 29, 28, 27, 26, 25, 24, 23, 22, 21, 20, 19, 18, 17, 16, 15, 14, 13, 12, 11, 10, 9, 8]
predictive decrease 0.07696324939343709 actual decrease 0.0037088989730792443
objective value with out tv norm 0.030881248627968483
[800, 400.0, 200.0, 100.0, 50.0, 30, 29, 28, 27, 26, 25, 24, 23, 22, 21, 20, 19, 18, 17, 16, 15, 14, 13, 12, 11, 10, 9, 8]
predictive decrease 0.07029157390185585 actual decrease 0.0006534914581202145
objective value with out tv norm 0.03022775716984827
[800, 400.0, 200.0, 100.0, 50.0, 30, 29, 28, 27, 26, 25, 24, 23, 22, 21, 20, 19, 18, 17, 16, 15, 14, 13, 12, 11, 10, 9, 8, 7]
predictive decrease 0.0598058058540087 actual decrease 0.005181532710673342
objective value with out tv norm 0.025046224459174926
[800, 400.0, 200.0, 100.0, 50.0, 30, 29, 28, 27, 26, 25, 24, 23, 22, 21, 20, 19, 18, 17, 16, 15, 14, 13, 12, 11, 10, 9, 8, 7, 6]
predictive decrease 0.04249546138918808 actual decrease 0.002080348331961246
objective value with out tv norm 0.02296587612721368
[800, 400.0, 200.0, 100.0, 50.0, 30, 29, 28, 27, 26, 25, 24, 23, 22, 21, 20, 19, 18, 17, 16, 15, 14, 13, 12, 11, 10, 9, 8, 7, 6, 5]
predictive decrease 0.03093047465195933 actual decrease 0.0024569846658947236
objective value with out tv norm 0.020508891461318957
[800, 400.0, 200.0, 100.0, 50.0, 30, 29, 28, 27, 26, 25, 24, 23, 22, 21, 20, 19, 18, 17, 16, 15, 14, 13, 12, 11, 10, 9, 8, 7, 6, 5]
predictive decrease 0.026548796512823925 actual decrease 0.0020080881556628905
objective value with out tv norm 0.018500803305656066
[800, 400.0, 200.0, 100.0, 50.0, 30, 29, 28, 27, 26, 25, 24, 23, 22, 21, 20, 19, 18, 17, 16, 15, 14, 13, 12, 11, 10, 9, 8, 7, 6, 5, 4]
predictive decrease 0.02121137176205855 actual decrease 0.003009723553972221
objective value with out tv norm 0.015491079751683845
[800, 400.0, 200.0, 100.0, 50.0, 30, 29, 28, 27, 26, 25, 24, 23, 22, 21, 20, 19, 18, 17, 16, 15, 14, 13, 12, 11, 10, 9, 8, 7, 6, 5, 4, 3]
predictive decrease 0.01105178474068424 actual decrease 0.0009138801805395058
objective value with out tv norm 0.01457719957114434
[800, 400.0, 200.0, 100.0, 50.0, 30, 29, 28, 27, 26, 25, 24, 23, 22, 21, 20, 19, 18, 17, 16, 15, 14, 13, 12, 11, 10, 9, 8, 7, 6, 5, 4, 3]
predictive decrease 0.011634270180613655 actual decrease 0.0007730110781711819
objective value with out tv norm 0.013804188492973157
[800, 400.0, 200.0, 100.0, 50.0, 30, 29, 28, 27, 26, 25, 24, 23, 22, 21, 20, 19, 18, 17, 16, 15, 14, 13, 12, 11, 10, 9, 8, 7, 6, 5, 4, 3]
predictive decrease 0.011712290943894667 actual decrease 0.0007407092007708505
objective value with out tv norm 0.013063479292202307
[800, 400.0, 200.0, 100.0, 50.0, 30, 29, 28, 27, 26, 25, 24, 23, 22, 21, 20, 19, 18, 17, 16, 15, 14, 13, 12, 11, 10, 9, 8, 7, 6, 5]
predictive decrease 0.02490301690734123 actual decrease 0.0009552788359328268
objective value with out tv norm 0.01210820045626948
[800, 400.0, 200.0, 100.0, 50.0, 30, 29, 28, 27, 26, 25, 24, 23, 22, 21, 20, 19, 18, 17, 16, 15, 14, 13, 12, 11, 10, 9, 8, 7, 6, 5, 4]
predictive decrease 0.021518379565109016 actual decrease 0.002387227210012277
objective value with out tv norm 0.009720973246257203
[800, 400.0, 200.0, 100.0, 50.0, 30, 29, 28, 27, 26, 25, 24, 23, 22, 21, 20, 19, 18, 17, 16, 15, 14, 13, 12, 11, 10, 9, 8, 7, 6, 5, 4, 3]
predictive decrease 0.012951133112919493 actual decrease 0.0020026765443575956
objective value with out tv norm 0.007718296701899607
[800, 400.0, 200.0, 100.0, 50.0, 30, 29, 28, 27, 26, 25, 24, 23, 22, 21, 20, 19, 18, 17, 16, 15, 14, 13, 12, 11, 10, 9, 8, 7, 6, 5, 4, 3, 2]
predictive decrease 0.006263264215375415 actual decrease 0.0013184733891957734
objective value with out tv norm 0.006399823312703834
[800, 400.0, 200.0, 100.0, 50.0, 30, 29, 28, 27, 26, 25, 24, 23, 22, 21, 20, 19, 18, 17, 16, 15, 14, 13, 12, 11, 10, 9, 8, 7, 6, 5, 4, 3, 2]
predictive decrease 0.0059300008270553334 actual decrease 0.0009845074026663125
objective value with out tv norm 0.0054153159100375214
[800, 400.0, 200.0, 100.0, 50.0, 30, 29, 28, 27, 26, 25, 24, 23, 22, 21, 20, 19, 18, 17, 16, 15, 14, 13, 12, 11, 10, 9, 8, 7, 6, 5, 4, 3, 2]
predictive decrease 0.00516982915935825 actual decrease 0.0018387151351190179
objective value with out tv norm 0.0035766007749185036
[800, 400.0, 200.0, 100.0, 50.0, 30, 29, 28, 27, 26, 25, 24, 23, 22, 21, 20, 19, 18, 17, 16, 15, 14, 13, 12, 11, 10, 9, 8, 7, 6, 5, 4, 3, 2]
predictive decrease 0.00534960028473851 actual decrease 0.0003906569480625066
objective value with out tv norm 0.003185943826855997
[800, 400.0, 200.0, 100.0, 50.0, 30, 29, 28, 27, 26, 25, 24, 23, 22, 21, 20, 19, 18, 17, 16, 15, 14, 13, 12, 11, 10, 9, 8, 7, 6, 5, 4, 3, 2, 1]
predictive decrease 0.00247873640927585 actual decrease 0.001235132601512201
objective value with out tv norm 0.001950811225343796
[800, 400.0, 200.0, 100.0, 50.0, 30, 29, 28, 27, 26, 25, 24, 23, 22, 21, 20, 19, 18, 17, 16, 15, 14, 13, 12, 11, 10, 9, 8, 7, 6, 5, 4, 3, 2, 1]
predictive decrease 0.00227111247092005 actual decrease 0.0010238801605291226
objective value with out tv norm 0.0009269310648146734
[800, 400.0, 200.0, 100.0, 50.0, 30, 29, 28, 27, 26, 25, 24, 23, 22, 21, 20, 19, 18, 17, 16, 15, 14, 13, 12, 11, 10, 9, 8, 7, 6, 5, 4, 3, 2, 1, 0.5]
predictive decrease 0.0 actual decrease 0.0
objective value with out tv norm 0.0009269310648146734
objective value without tv norm 0.0009269310648146734
norm 40.0
computational time 153.62867283821106
total iterations 1035
