[600, 300.0, 150.0, 75.0, 37.5, 30, 29, 28, 27, 26, 25, 24, 23, 22, 21, 20, 19, 18, 17, 16, 15, 14, 13, 12, 11, 10, 9, 8, 7, 6, 5, 4, 3, 2, 1, 0.5, 0.25, 0.125, 0.0625]
predictive decrease 1.8223790964994827e-06 actual decrease 3.4007564442164843e-07
objective value without tv norm 3.5648500856799714e-06
objective value with tv norm 0.001682900468184134
[600, 300.0, 150.0, 75.0, 37.5, 30, 29, 28, 27, 26, 25, 24, 23, 22, 21, 20, 19, 18, 17, 16, 15, 14, 13, 12, 11, 10, 9, 8, 7, 6, 5, 4, 3, 2, 1, 0.5, 0.25, 0.125, 0.0625]
predictive decrease 4.721506937747054e-06 actual decrease 2.8286029761471695e-07
objective value without tv norm 5.885934022842321e-06
objective value with tv norm 0.0016826176078865193
[600, 300.0, 150.0, 75.0, 37.5, 30, 29, 28, 27, 26, 25, 24, 23, 22, 21, 20, 19, 18, 17, 16, 15, 14, 13, 12, 11, 10, 9, 8, 7, 6, 5, 4, 3, 2, 1, 0.5, 0.25, 0.125, 0.0625]
predictive decrease 6.633124519945816e-06 actual decrease 1.7794851066006527e-06
objective value without tv norm 4.106448916241234e-06
objective value with tv norm 0.0016808381227799186
[600, 300.0, 150.0, 75.0, 37.5, 30, 29, 28, 27, 26, 25, 24, 23, 22, 21, 20, 19, 18, 17, 16, 15, 14, 13, 12, 11, 10, 9, 8, 7, 6, 5, 4, 3, 2, 1, 0.5, 0.25, 0.125, 0.0625, 0.03125]
predictive decrease 2.0151669889970254e-06 actual decrease 9.357018501963184e-07
objective value without tv norm 4.00726796900841e-06
objective value with tv norm 0.0016799024209297223
[600, 300.0, 150.0, 75.0, 37.5, 30, 29, 28, 27, 26, 25, 24, 23, 22, 21, 20, 19, 18, 17, 16, 15, 14, 13, 12, 11, 10, 9, 8, 7, 6, 5, 4, 3, 2, 1, 0.5, 0.25, 0.125, 0.0625, 0.03125]
predictive decrease 1.6417968205948916e-06 actual decrease 4.2914836828611413e-07
objective value without tv norm 3.578119600722296e-06
objective value with tv norm 0.0016794732725614362
[600, 300.0, 150.0, 75.0, 37.5, 30, 29, 28, 27, 26, 25, 24, 23, 22, 21, 20, 19, 18, 17, 16, 15, 14, 13, 12, 11, 10, 9, 8, 7, 6, 5, 4, 3, 2, 1, 0.5, 0.25, 0.125, 0.0625, 0.03125]
predictive decrease 1.6716904992096406e-06 actual decrease 7.813207444644539e-07
objective value without tv norm 3.1064466711194783e-06
objective value with tv norm 0.0016786919518169718
[600, 300.0, 150.0, 75.0, 37.5, 30, 29, 28, 27, 26, 25, 24, 23, 22, 21, 20, 19, 18, 17, 16, 15, 14, 13, 12, 11, 10, 9, 8, 7, 6, 5, 4, 3, 2, 1, 0.5, 0.25, 0.125, 0.0625, 0.03125]
predictive decrease 1.657770996661874e-06 actual decrease 5.800083774795076e-07
objective value without tv norm 3.861034917007622e-06
objective value with tv norm 0.0016781119434394923
[600, 300.0, 150.0, 75.0, 37.5, 30, 29, 28, 27, 26, 25, 24, 23, 22, 21, 20, 19, 18, 17, 16, 15, 14, 13, 12, 11, 10, 9, 8, 7, 6, 5, 4, 3, 2, 1, 0.5, 0.25, 0.125, 0.0625, 0.03125]
predictive decrease 1.7191913991166773e-06 actual decrease 6.837303168083508e-07
objective value without tv norm 3.177304600199271e-06
objective value with tv norm 0.001677428213122684
[600, 300.0, 150.0, 75.0, 37.5, 30, 29, 28, 27, 26, 25, 24, 23, 22, 21, 20, 19, 18, 17, 16, 15, 14, 13, 12, 11, 10, 9, 8, 7, 6, 5, 4, 3, 2, 1, 0.5, 0.25, 0.125, 0.0625, 0.03125]
predictive decrease 1.4768386053356022e-06 actual decrease 4.3323862189675183e-07
objective value without tv norm 3.891031428393532e-06
objective value with tv norm 0.0016769949745007872
[600, 300.0, 150.0, 75.0, 37.5, 30, 29, 28, 27, 26, 25, 24, 23, 22, 21, 20, 19, 18, 17, 16, 15, 14, 13, 12, 11, 10, 9, 8, 7, 6, 5, 4, 3, 2, 1, 0.5, 0.25, 0.125, 0.0625, 0.03125]
predictive decrease 1.885093692558567e-06 actual decrease 8.599008685106213e-07
objective value without tv norm 3.031130559882911e-06
objective value with tv norm 0.0016761350736322765
[600, 300.0, 150.0, 75.0, 37.5, 30, 29, 28, 27, 26, 25, 24, 23, 22, 21, 20, 19, 18, 17, 16, 15, 14, 13, 12, 11, 10, 9, 8, 7, 6, 5, 4, 3, 2, 1, 0.5, 0.25, 0.125, 0.0625, 0.03125]
predictive decrease 1.619137116135299e-06 actual decrease 5.603153959176429e-07
objective value without tv norm 4.033315163964879e-06
objective value with tv norm 0.0016755747582363589
[600, 300.0, 150.0, 75.0, 37.5, 30, 29, 28, 27, 26, 25, 24, 23, 22, 21, 20, 19, 18, 17, 16, 15, 14, 13, 12, 11, 10, 9, 8, 7, 6, 5, 4, 3, 2, 1, 0.5, 0.25, 0.125, 0.0625, 0.03125]
predictive decrease 1.8945801492117713e-06 actual decrease 9.336390156544638e-07
objective value without tv norm 3.099676148310415e-06
objective value with tv norm 0.0016746411192207044
[600, 300.0, 150.0, 75.0, 37.5, 30, 29, 28, 27, 26, 25, 24, 23, 22, 21, 20, 19, 18, 17, 16, 15, 14, 13, 12, 11, 10, 9, 8, 7, 6, 5, 4, 3, 2, 1, 0.5, 0.25, 0.125, 0.0625, 0.03125]
predictive decrease 1.256173117207245e-06 actual decrease 4.423798549701985e-08
objective value without tv norm 3.0554381628133953e-06
objective value with tv norm 0.0016745968812352074
[600, 300.0, 150.0, 75.0, 37.5, 30, 29, 28, 27, 26, 25, 24, 23, 22, 21, 20, 19, 18, 17, 16, 15, 14, 13, 12, 11, 10, 9, 8, 7, 6, 5, 4, 3, 2, 1, 0.5, 0.25, 0.125, 0.0625, 0.03125]
predictive decrease 1.4936961424886867e-06 actual decrease 2.754718118058719e-07
objective value without tv norm 2.7799663510075234e-06
objective value with tv norm 0.0016743214094234015
[600, 300.0, 150.0, 75.0, 37.5, 30, 29, 28, 27, 26, 25, 24, 23, 22, 21, 20, 19, 18, 17, 16, 15, 14, 13, 12, 11, 10, 9, 8, 7, 6, 5, 4, 3, 2, 1, 0.5, 0.25, 0.125, 0.0625, 0.03125]
predictive decrease 1.9171166202377066e-06 actual decrease 7.859020570355132e-07
objective value without tv norm 3.244064293972393e-06
objective value with tv norm 0.001673535507366366
[600, 300.0, 150.0, 75.0, 37.5, 30, 29, 28, 27, 26, 25, 24, 23, 22, 21, 20, 19, 18, 17, 16, 15, 14, 13, 12, 11, 10, 9, 8, 7, 6, 5, 4, 3, 2, 1, 0.5, 0.25, 0.125, 0.0625, 0.03125]
predictive decrease 1.687909056172351e-06 actual decrease 4.719819729492869e-07
objective value without tv norm 2.772082321023106e-06
objective value with tv norm 0.0016730635253934167
[600, 300.0, 150.0, 75.0, 37.5, 30, 29, 28, 27, 26, 25, 24, 23, 22, 21, 20, 19, 18, 17, 16, 15, 14, 13, 12, 11, 10, 9, 8, 7, 6, 5, 4, 3, 2, 1, 0.5, 0.25, 0.125, 0.0625, 0.03125]
predictive decrease 1.5331752509346007e-06 actual decrease 5.709987137066542e-07
objective value without tv norm 3.521476588996819e-06
objective value with tv norm 0.00167249252667971
[600, 300.0, 150.0, 75.0, 37.5, 30, 29, 28, 27, 26, 25, 24, 23, 22, 21, 20, 19, 18, 17, 16, 15, 14, 13, 12, 11, 10, 9, 8, 7, 6, 5, 4, 3, 2, 1, 0.5, 0.25, 0.125, 0.0625, 0.03125]
predictive decrease 1.6086224014228833e-06 actual decrease 4.859573232707248e-07
objective value without tv norm 3.0355192657260943e-06
objective value with tv norm 0.0016720065693564394
[600, 300.0, 150.0, 75.0, 37.5, 30, 29, 28, 27, 26, 25, 24, 23, 22, 21, 20, 19, 18, 17, 16, 15, 14, 13, 12, 11, 10, 9, 8, 7, 6, 5, 4, 3, 2, 1, 0.5, 0.25, 0.125, 0.0625, 0.03125]
predictive decrease 1.6624083229047158e-06 actual decrease 5.122742779972711e-07
objective value without tv norm 2.5232449877288232e-06
objective value with tv norm 0.001671494295078442
[600, 300.0, 150.0, 75.0, 37.5, 30, 29, 28, 27, 26, 25, 24, 23, 22, 21, 20, 19, 18, 17, 16, 15, 14, 13, 12, 11, 10, 9, 8, 7, 6, 5, 4, 3, 2, 1, 0.5, 0.25, 0.125, 0.0625, 0.03125]
predictive decrease 1.2089436041366058e-06 actual decrease 6.626018112573101e-08
objective value without tv norm 3.4988870512009385e-06
objective value with tv norm 0.0016714280348973163
[600, 300.0, 150.0, 75.0, 37.5, 30, 29, 28, 27, 26, 25, 24, 23, 22, 21, 20, 19, 18, 17, 16, 15, 14, 13, 12, 11, 10, 9, 8, 7, 6, 5, 4, 3, 2, 1, 0.5, 0.25, 0.125, 0.0625, 0.03125]
predictive decrease 2.092116549842456e-06 actual decrease 8.769746460135508e-07
objective value without tv norm 2.6219124051873877e-06
objective value with tv norm 0.0016705510602513028
[600, 300.0, 150.0, 75.0, 37.5, 30, 29, 28, 27, 26, 25, 24, 23, 22, 21, 20, 19, 18, 17, 16, 15, 14, 13, 12, 11, 10, 9, 8, 7, 6, 5, 4, 3, 2, 1, 0.5, 0.25, 0.125, 0.0625, 0.03125]
predictive decrease 1.1575343007673693e-06 actual decrease 3.282663970142173e-08
objective value without tv norm 3.6535549315930282e-06
objective value with tv norm 0.0016705182336116014
[600, 300.0, 150.0, 75.0, 37.5, 30, 29, 28, 27, 26, 25, 24, 23, 22, 21, 20, 19, 18, 17, 16, 15, 14, 13, 12, 11, 10, 9, 8, 7, 6, 5, 4, 3, 2, 1, 0.5, 0.25, 0.125, 0.0625, 0.03125]
predictive decrease 1.8326346382655564e-06 actual decrease 9.772412901125523e-07
objective value without tv norm 2.6763136414809097e-06
objective value with tv norm 0.0016695409923214888
[600, 300.0, 150.0, 75.0, 37.5, 30, 29, 28, 27, 26, 25, 24, 23, 22, 21, 20, 19, 18, 17, 16, 15, 14, 13, 12, 11, 10, 9, 8, 7, 6, 5, 4, 3, 2, 1, 0.5, 0.25, 0.125, 0.0625]
predictive decrease 2.2011553037818397e-06 actual decrease 7.273980570177488e-08
objective value without tv norm 3.04374227910742e-06
objective value with tv norm 0.001669468252515787
[600, 300.0, 150.0, 75.0, 37.5, 30, 29, 28, 27, 26, 25, 24, 23, 22, 21, 20, 19, 18, 17, 16, 15, 14, 13, 12, 11, 10, 9, 8, 7, 6, 5, 4, 3, 2, 1, 0.5, 0.25, 0.125, 0.0625]
predictive decrease 4.407065779024697e-06 actual decrease 4.872768716670563e-08
objective value without tv norm 4.557514591940759e-06
objective value with tv norm 0.0016694195248286203
[600, 300.0, 150.0, 75.0, 37.5, 30, 29, 28, 27, 26, 25, 24, 23, 22, 21, 20, 19, 18, 17, 16, 15, 14, 13, 12, 11, 10, 9, 8, 7, 6, 5, 4, 3, 2, 1, 0.5, 0.25, 0.125, 0.0625, 0.03125]
predictive decrease 2.3577978543387265e-06 actual decrease 1.146336806034931e-06
objective value without tv norm 3.411177785905828e-06
objective value with tv norm 0.0016682731880225854
[600, 300.0, 150.0, 75.0, 37.5, 30, 29, 28, 27, 26, 25, 24, 23, 22, 21, 20, 19, 18, 17, 16, 15, 14, 13, 12, 11, 10, 9, 8, 7, 6, 5, 4, 3, 2, 1, 0.5, 0.25, 0.125, 0.0625, 0.03125]
predictive decrease 1.5291781598574233e-06 actual decrease 4.1116504264976025e-07
objective value without tv norm 3.892869886112926e-06
objective value with tv norm 0.0016678620229799357
[600, 300.0, 150.0, 75.0, 37.5, 30, 29, 28, 27, 26, 25, 24, 23, 22, 21, 20, 19, 18, 17, 16, 15, 14, 13, 12, 11, 10, 9, 8, 7, 6, 5, 4, 3, 2, 1, 0.5, 0.25, 0.125, 0.0625, 0.03125]
predictive decrease 1.8518784857131897e-06 actual decrease 9.468715780334199e-07
objective value without tv norm 2.9459983080792895e-06
objective value with tv norm 0.0016669151514019022
[600, 300.0, 150.0, 75.0, 37.5, 30, 29, 28, 27, 26, 25, 24, 23, 22, 21, 20, 19, 18, 17, 16, 15, 14, 13, 12, 11, 10, 9, 8, 7, 6, 5, 4, 3, 2, 1, 0.5, 0.25, 0.125, 0.0625, 0.03125]
predictive decrease 1.4199754008652286e-06 actual decrease 2.4300661627396636e-07
objective value without tv norm 2.702991691805323e-06
objective value with tv norm 0.0016666721447856283
[600, 300.0, 150.0, 75.0, 37.5, 30, 29, 28, 27, 26, 25, 24, 23, 22, 21, 20, 19, 18, 17, 16, 15, 14, 13, 12, 11, 10, 9, 8, 7, 6, 5, 4, 3, 2, 1, 0.5, 0.25, 0.125, 0.0625, 0.03125]
predictive decrease 1.5213424996007169e-06 actual decrease 3.7006231886466644e-07
objective value without tv norm 3.374596039606992e-06
objective value with tv norm 0.0016663020824667636
[600, 300.0, 150.0, 75.0, 37.5, 30, 29, 28, 27, 26, 25, 24, 23, 22, 21, 20, 19, 18, 17, 16, 15, 14, 13, 12, 11, 10, 9, 8, 7, 6, 5, 4, 3, 2, 1, 0.5, 0.25, 0.125, 0.0625, 0.03125]
predictive decrease 1.9040061674771742e-06 actual decrease 6.912606230757845e-07
objective value without tv norm 2.6833354165312073e-06
objective value with tv norm 0.0016656108218436878
[600, 300.0, 150.0, 75.0, 37.5, 30, 29, 28, 27, 26, 25, 24, 23, 22, 21, 20, 19, 18, 17, 16, 15, 14, 13, 12, 11, 10, 9, 8, 7, 6, 5, 4, 3, 2, 1, 0.5, 0.25, 0.125, 0.0625, 0.03125]
predictive decrease 1.5801335559641888e-06 actual decrease 7.970697406896494e-07
objective value without tv norm 2.1363249420591757e-06
objective value with tv norm 0.0016648137521029982
[600, 300.0, 150.0, 75.0, 37.5, 30, 29, 28, 27, 26, 25, 24, 23, 22, 21, 20, 19, 18, 17, 16, 15, 14, 13, 12, 11, 10, 9, 8, 7, 6, 5, 4, 3, 2, 1, 0.5, 0.25, 0.125, 0.0625, 0.03125]
predictive decrease 1.3828516590432775e-06 actual decrease 2.1488056916327616e-07
objective value without tv norm 3.1714443728958486e-06
objective value with tv norm 0.0016645988715338349
[600, 300.0, 150.0, 75.0, 37.5, 30, 29, 28, 27, 26, 25, 24, 23, 22, 21, 20, 19, 18, 17, 16, 15, 14, 13, 12, 11, 10, 9, 8, 7, 6, 5, 4, 3, 2, 1, 0.5, 0.25, 0.125, 0.0625, 0.03125]
predictive decrease 2.045217852033503e-06 actual decrease 8.325706795102479e-07
objective value without tv norm 2.3388736933860343e-06
objective value with tv norm 0.0016637663008543246
[600, 300.0, 150.0, 75.0, 37.5, 30, 29, 28, 27, 26, 25, 24, 23, 22, 21, 20, 19, 18, 17, 16, 15, 14, 13, 12, 11, 10, 9, 8, 7, 6, 5, 4, 3, 2, 1, 0.5, 0.25, 0.125, 0.0625, 0.03125]
predictive decrease 1.3525429741797611e-06 actual decrease 4.641656807975736e-07
objective value without tv norm 2.5304847159901556e-06
objective value with tv norm 0.001663302135173527
[600, 300.0, 150.0, 75.0, 37.5, 30, 29, 28, 27, 26, 25, 24, 23, 22, 21, 20, 19, 18, 17, 16, 15, 14, 13, 12, 11, 10, 9, 8, 7, 6, 5, 4, 3, 2, 1, 0.5, 0.25, 0.125, 0.0625, 0.03125]
predictive decrease 1.3749927483236012e-06 actual decrease 1.6296628491119236e-07
objective value without tv norm 2.367518431078963e-06
objective value with tv norm 0.0016631391688886159
[600, 300.0, 150.0, 75.0, 37.5, 30, 29, 28, 27, 26, 25, 24, 23, 22, 21, 20, 19, 18, 17, 16, 15, 14, 13, 12, 11, 10, 9, 8, 7, 6, 5, 4, 3, 2, 1, 0.5, 0.25, 0.125, 0.0625, 0.03125]
predictive decrease 1.202582774774679e-06 actual decrease 2.6693993571136332e-08
objective value without tv norm 2.340824437507827e-06
objective value with tv norm 0.0016631124748950447
[600, 300.0, 150.0, 75.0, 37.5, 30, 29, 28, 27, 26, 25, 24, 23, 22, 21, 20, 19, 18, 17, 16, 15, 14, 13, 12, 11, 10, 9, 8, 7, 6, 5, 4, 3, 2, 1, 0.5, 0.25, 0.125, 0.0625, 0.03125]
predictive decrease 1.5498013753274201e-06 actual decrease 4.3361688617906194e-07
objective value without tv norm 2.784265632604921e-06
objective value with tv norm 0.0016626788580088657
[600, 300.0, 150.0, 75.0, 37.5, 30, 29, 28, 27, 26, 25, 24, 23, 22, 21, 20, 19, 18, 17, 16, 15, 14, 13, 12, 11, 10, 9, 8, 7, 6, 5, 4, 3, 2, 1, 0.5, 0.25, 0.125, 0.0625, 0.03125]
predictive decrease 1.8259544247248034e-06 actual decrease 6.203213377409256e-07
objective value without tv norm 2.1639442948639953e-06
objective value with tv norm 0.0016620585366711248
[600, 300.0, 150.0, 75.0, 37.5, 30, 29, 28, 27, 26, 25, 24, 23, 22, 21, 20, 19, 18, 17, 16, 15, 14, 13, 12, 11, 10, 9, 8, 7, 6, 5, 4, 3, 2, 1, 0.5, 0.25, 0.125, 0.0625, 0.03125]
predictive decrease 1.5205355510842459e-06 actual decrease 4.810468535591025e-07
objective value without tv norm 2.3156953282699178e-06
objective value with tv norm 0.0016615774898175657
[600, 300.0, 150.0, 75.0, 37.5, 30, 29, 28, 27, 26, 25, 24, 23, 22, 21, 20, 19, 18, 17, 16, 15, 14, 13, 12, 11, 10, 9, 8, 7, 6, 5, 4, 3, 2, 1, 0.5, 0.25, 0.125, 0.0625, 0.03125]
predictive decrease 1.3815758565067452e-06 actual decrease 2.2298720334513848e-07
objective value without tv norm 2.0968545965116547e-06
objective value with tv norm 0.0016613545026142205
[600, 300.0, 150.0, 75.0, 37.5, 30, 29, 28, 27, 26, 25, 24, 23, 22, 21, 20, 19, 18, 17, 16, 15, 14, 13, 12, 11, 10, 9, 8, 7, 6, 5, 4, 3, 2, 1, 0.5, 0.25, 0.125, 0.0625, 0.03125]
predictive decrease 1.5648885268969293e-06 actual decrease 5.089278942457896e-07
objective value without tv norm 2.369176702265996e-06
objective value with tv norm 0.0016608455747199747
[600, 300.0, 150.0, 75.0, 37.5, 30, 29, 28, 27, 26, 25, 24, 23, 22, 21, 20, 19, 18, 17, 16, 15, 14, 13, 12, 11, 10, 9, 8, 7, 6, 5, 4, 3, 2, 1, 0.5, 0.25, 0.125, 0.0625, 0.03125]
predictive decrease 1.3010606872622833e-06 actual decrease 8.287122565953098e-08
objective value without tv norm 2.286305476606465e-06
objective value with tv norm 0.0016607627034943152
[600, 300.0, 150.0, 75.0, 37.5, 30, 29, 28, 27, 26, 25, 24, 23, 22, 21, 20, 19, 18, 17, 16, 15, 14, 13, 12, 11, 10, 9, 8, 7, 6, 5, 4, 3, 2, 1, 0.5, 0.25, 0.125, 0.0625, 0.03125]
predictive decrease 1.7129713720484031e-06 actual decrease 5.471094786575238e-07
objective value without tv norm 2.9891959979488902e-06
objective value with tv norm 0.0016602155940156577
[600, 300.0, 150.0, 75.0, 37.5, 30, 29, 28, 27, 26, 25, 24, 23, 22, 21, 20, 19, 18, 17, 16, 15, 14, 13, 12, 11, 10, 9, 8, 7, 6, 5, 4, 3, 2, 1, 0.5, 0.25, 0.125, 0.0625, 0.03125]
predictive decrease 1.6959263455496552e-06 actual decrease 4.842986827124918e-07
objective value without tv norm 2.5048973152363985e-06
objective value with tv norm 0.0016597312953329452
[600, 300.0, 150.0, 75.0, 37.5, 30, 29, 28, 27, 26, 25, 24, 23, 22, 21, 20, 19, 18, 17, 16, 15, 14, 13, 12, 11, 10, 9, 8, 7, 6, 5, 4, 3, 2, 1, 0.5, 0.25, 0.125, 0.0625, 0.03125]
predictive decrease 1.9429734582241884e-06 actual decrease 7.30192424858167e-07
objective value without tv norm 1.7747048903782314e-06
objective value with tv norm 0.001659001102908087
[600, 300.0, 150.0, 75.0, 37.5, 30, 29, 28, 27, 26, 25, 24, 23, 22, 21, 20, 19, 18, 17, 16, 15, 14, 13, 12, 11, 10, 9, 8, 7, 6, 5, 4, 3, 2, 1, 0.5, 0.25, 0.125, 0.0625]
predictive decrease 2.3880674656752768e-06 actual decrease 1.4268976483212438e-07
objective value without tv norm 3.4078265416237485e-06
objective value with tv norm 0.0016588584131432549
[600, 300.0, 150.0, 75.0, 37.5, 30, 29, 28, 27, 26, 25, 24, 23, 22, 21, 20, 19, 18, 17, 16, 15, 14, 13, 12, 11, 10, 9, 8, 7, 6, 5, 4, 3, 2, 1, 0.5, 0.25, 0.125, 0.0625]
predictive decrease 4.6887573282125995e-06 actual decrease 1.1111151852075465e-06
objective value without tv norm 3.6853172676876156e-06
objective value with tv norm 0.0016577472979580473
[600, 300.0, 150.0, 75.0, 37.5, 30, 29, 28, 27, 26, 25, 24, 23, 22, 21, 20, 19, 18, 17, 16, 15, 14, 13, 12, 11, 10, 9, 8, 7, 6, 5, 4, 3, 2, 1, 0.5, 0.25, 0.125, 0.0625]
predictive decrease 4.911842906850676e-06 actual decrease 3.319214547659044e-07
objective value without tv norm 3.353395812921711e-06
objective value with tv norm 0.0016574153765032814
[600, 300.0, 150.0, 75.0, 37.5, 30, 29, 28, 27, 26, 25, 24, 23, 22, 21, 20, 19, 18, 17, 16, 15, 14, 13, 12, 11, 10, 9, 8, 7, 6, 5, 4, 3, 2, 1, 0.5, 0.25, 0.125, 0.0625]
predictive decrease 5.288815130298323e-06 actual decrease 7.517378498185772e-07
objective value without tv norm 4.545062764704788e-06
objective value with tv norm 0.0016566636386534629
[600, 300.0, 150.0, 75.0, 37.5, 30, 29, 28, 27, 26, 25, 24, 23, 22, 21, 20, 19, 18, 17, 16, 15, 14, 13, 12, 11, 10, 9, 8, 7, 6, 5, 4, 3, 2, 1, 0.5, 0.25, 0.125, 0.0625]
predictive decrease 6.318803726310064e-06 actual decrease 1.4663998675334966e-06
objective value without tv norm 3.0786628971712915e-06
objective value with tv norm 0.0016551972387859294
[600, 300.0, 150.0, 75.0, 37.5, 30, 29, 28, 27, 26, 25, 24, 23, 22, 21, 20, 19, 18, 17, 16, 15, 14, 13, 12, 11, 10, 9, 8, 7, 6, 5, 4, 3, 2, 1, 0.5, 0.25, 0.125, 0.0625]
predictive decrease 4.885988508610949e-06 actual decrease 2.183922798160154e-08
objective value without tv norm 3.05682366918969e-06
objective value with tv norm 0.0016551753995579478
[600, 300.0, 150.0, 75.0, 37.5, 30, 29, 28, 27, 26, 25, 24, 23, 22, 21, 20, 19, 18, 17, 16, 15, 14, 13, 12, 11, 10, 9, 8, 7, 6, 5, 4, 3, 2, 1, 0.5, 0.25, 0.125, 0.0625]
predictive decrease 5.096645211265282e-06 actual decrease 6.622120654741371e-07
objective value without tv norm 4.041018438094568e-06
objective value with tv norm 0.0016545131874924736
[600, 300.0, 150.0, 75.0, 37.5, 30, 29, 28, 27, 26, 25, 24, 23, 22, 21, 20, 19, 18, 17, 16, 15, 14, 13, 12, 11, 10, 9, 8, 7, 6, 5, 4, 3, 2, 1, 0.5, 0.25, 0.125, 0.0625]
predictive decrease 6.0004879123157304e-06 actual decrease 1.140247794628518e-06
objective value without tv norm 2.900770643465833e-06
objective value with tv norm 0.001653372939697845
[600, 300.0, 150.0, 75.0, 37.5, 30, 29, 28, 27, 26, 25, 24, 23, 22, 21, 20, 19, 18, 17, 16, 15, 14, 13, 12, 11, 10, 9, 8, 7, 6, 5, 4, 3, 2, 1, 0.5, 0.25, 0.125, 0.0625]
predictive decrease 4.8820323536749675e-06 actual decrease 1.5103497230661844e-08
objective value without tv norm 2.8856671462351713e-06
objective value with tv norm 0.0016533578362006144
[600, 300.0, 150.0, 75.0, 37.5, 30, 29, 28, 27, 26, 25, 24, 23, 22, 21, 20, 19, 18, 17, 16, 15, 14, 13, 12, 11, 10, 9, 8, 7, 6, 5, 4, 3, 2, 1, 0.5, 0.25, 0.125, 0.0625]
predictive decrease 5.766133302003698e-06 actual decrease 1.1918525437003454e-06
objective value without tv norm 3.7771479358683635e-06
objective value with tv norm 0.001652165983656914
[600, 300.0, 150.0, 75.0, 37.5, 30, 29, 28, 27, 26, 25, 24, 23, 22, 21, 20, 19, 18, 17, 16, 15, 14, 13, 12, 11, 10, 9, 8, 7, 6, 5, 4, 3, 2, 1, 0.5, 0.25, 0.125, 0.0625]
predictive decrease 5.893219745050585e-06 actual decrease 1.0431796133580917e-06
objective value without tv norm 2.7339683225102718e-06
objective value with tv norm 0.001651122804043556
[600, 300.0, 150.0, 75.0, 37.5, 30, 29, 28, 27, 26, 25, 24, 23, 22, 21, 20, 19, 18, 17, 16, 15, 14, 13, 12, 11, 10, 9, 8, 7, 6, 5, 4, 3, 2, 1, 0.5, 0.25, 0.125, 0.0625]
predictive decrease 4.831996145356586e-06 actual decrease 7.064786355030338e-07
objective value without tv norm 3.7364261665784326e-06
objective value with tv norm 0.001650416325408053
[600, 300.0, 150.0, 75.0, 37.5, 30, 29, 28, 27, 26, 25, 24, 23, 22, 21, 20, 19, 18, 17, 16, 15, 14, 13, 12, 11, 10, 9, 8, 7, 6, 5, 4, 3, 2, 1, 0.5, 0.25, 0.125, 0.0625]
predictive decrease 5.299418652254849e-06 actual decrease 7.460659418034865e-07
objective value without tv norm 2.990360224774946e-06
objective value with tv norm 0.0016496702594662495
[600, 300.0, 150.0, 75.0, 37.5, 30, 29, 28, 27, 26, 25, 24, 23, 22, 21, 20, 19, 18, 17, 16, 15, 14, 13, 12, 11, 10, 9, 8, 7, 6, 5, 4, 3, 2, 1, 0.5, 0.25, 0.125, 0.0625]
predictive decrease 4.7137122271743125e-06 actual decrease 1.3495803789786986e-07
objective value without tv norm 4.93873552021018e-06
objective value with tv norm 0.0016495353014283516
[600, 300.0, 150.0, 75.0, 37.5, 30, 29, 28, 27, 26, 25, 24, 23, 22, 21, 20, 19, 18, 17, 16, 15, 14, 13, 12, 11, 10, 9, 8, 7, 6, 5, 4, 3, 2, 1, 0.5, 0.25, 0.125, 0.0625]
predictive decrease 6.450276583292369e-06 actual decrease 1.8226742065639064e-06
objective value without tv norm 3.116061313646057e-06
objective value with tv norm 0.0016477126272217877
[600, 300.0, 150.0, 75.0, 37.5, 30, 29, 28, 27, 26, 25, 24, 23, 22, 21, 20, 19, 18, 17, 16, 15, 14, 13, 12, 11, 10, 9, 8, 7, 6, 5, 4, 3, 2, 1, 0.5, 0.25, 0.125, 0.0625]
predictive decrease 3.9348778045553146e-06 actual decrease 1.023273562772431e-06
objective value without tv norm 2.092787750873626e-06
objective value with tv norm 0.0016466893536590153
[600, 300.0, 150.0, 75.0, 37.5, 30, 29, 28, 27, 26, 25, 24, 23, 22, 21, 20, 19, 18, 17, 16, 15, 14, 13, 12, 11, 10, 9, 8, 7, 6, 5, 4, 3, 2, 1, 0.5, 0.25, 0.125, 0.0625, 0.03125]
predictive decrease 2.0990252128725694e-06 actual decrease 8.805999466288128e-07
objective value without tv norm 1.212187804244813e-06
objective value with tv norm 0.0016458087537123865
[600, 300.0, 150.0, 75.0, 37.5, 30, 29, 28, 27, 26, 25, 24, 23, 22, 21, 20, 19, 18, 17, 16, 15, 14, 13, 12, 11, 10, 9, 8, 7, 6, 5, 4, 3, 2, 1, 0.5, 0.25, 0.125, 0.0625, 0.03125]
predictive decrease 1.3512023928315738e-06 actual decrease 2.5065577943968187e-07
objective value without tv norm 1.7427820248050452e-06
objective value with tv norm 0.0016455580979329468
[600, 300.0, 150.0, 75.0, 37.5, 30, 29, 28, 27, 26, 25, 24, 23, 22, 21, 20, 19, 18, 17, 16, 15, 14, 13, 12, 11, 10, 9, 8, 7, 6, 5, 4, 3, 2, 1, 0.5, 0.25, 0.125, 0.0625, 0.03125]
predictive decrease 1.7624242360377799e-06 actual decrease 5.496185049298601e-07
objective value without tv norm 1.1931635198747514e-06
objective value with tv norm 0.001645008479428017
[600, 300.0, 150.0, 75.0, 37.5, 30, 29, 28, 27, 26, 25, 24, 23, 22, 21, 20, 19, 18, 17, 16, 15, 14, 13, 12, 11, 10, 9, 8, 7, 6, 5, 4, 3, 2, 1, 0.5, 0.25, 0.125, 0.0625, 0.03125]
predictive decrease 1.2620579852172433e-06 actual decrease 1.4343016182930858e-07
objective value without tv norm 1.942590500902952e-06
objective value with tv norm 0.0016448650492661876
[600, 300.0, 150.0, 75.0, 37.5, 30, 29, 28, 27, 26, 25, 24, 23, 22, 21, 20, 19, 18, 17, 16, 15, 14, 13, 12, 11, 10, 9, 8, 7, 6, 5, 4, 3, 2, 1, 0.5, 0.25, 0.125, 0.0625, 0.03125]
predictive decrease 1.8435667335976215e-06 actual decrease 6.292726820733563e-07
objective value without tv norm 1.3133178188295958e-06
objective value with tv norm 0.0016442357765841143
[600, 300.0, 150.0, 75.0, 37.5, 30, 29, 28, 27, 26, 25, 24, 23, 22, 21, 20, 19, 18, 17, 16, 15, 14, 13, 12, 11, 10, 9, 8, 7, 6, 5, 4, 3, 2, 1, 0.5, 0.25, 0.125, 0.0625, 0.03125]
predictive decrease 1.4285097322062467e-06 actual decrease 4.365670408720823e-07
objective value without tv norm 1.8618373651690945e-06
objective value with tv norm 0.0016437992095432422
[600, 300.0, 150.0, 75.0, 37.5, 30, 29, 28, 27, 26, 25, 24, 23, 22, 21, 20, 19, 18, 17, 16, 15, 14, 13, 12, 11, 10, 9, 8, 7, 6, 5, 4, 3, 2, 1, 0.5, 0.25, 0.125, 0.0625, 0.03125]
predictive decrease 1.5380673133735551e-06 actual decrease 6.268742392956383e-07
objective value without tv norm 1.2349631258734561e-06
objective value with tv norm 0.0016431723353039465
[600, 300.0, 150.0, 75.0, 37.5, 30, 29, 28, 27, 26, 25, 24, 23, 22, 21, 20, 19, 18, 17, 16, 15, 14, 13, 12, 11, 10, 9, 8, 7, 6, 5, 4, 3, 2, 1, 0.5, 0.25, 0.125, 0.0625, 0.03125, 0.015625]
predictive decrease 4.942866368156003e-07 actual decrease 2.1371420520712066e-07
objective value without tv norm 1.4676774920951985e-06
objective value with tv norm 0.0016429586210987394
[600, 300.0, 150.0, 75.0, 37.5, 30, 29, 28, 27, 26, 25, 24, 23, 22, 21, 20, 19, 18, 17, 16, 15, 14, 13, 12, 11, 10, 9, 8, 7, 6, 5, 4, 3, 2, 1, 0.5, 0.25, 0.125, 0.0625, 0.03125]
predictive decrease 1.0985579276011955e-06 actual decrease 9.170632964084977e-08
objective value without tv norm 1.375971162453915e-06
objective value with tv norm 0.0016428669147690986
[600, 300.0, 150.0, 75.0, 37.5, 30, 29, 28, 27, 26, 25, 24, 23, 22, 21, 20, 19, 18, 17, 16, 15, 14, 13, 12, 11, 10, 9, 8, 7, 6, 5, 4, 3, 2, 1, 0.5, 0.25, 0.125, 0.0625, 0.03125]
predictive decrease 1.6412157537275263e-06 actual decrease 5.519944230333949e-07
objective value without tv norm 1.605226739420651e-06
objective value with tv norm 0.0016423149203460652
[600, 300.0, 150.0, 75.0, 37.5, 30, 29, 28, 27, 26, 25, 24, 23, 22, 21, 20, 19, 18, 17, 16, 15, 14, 13, 12, 11, 10, 9, 8, 7, 6, 5, 4, 3, 2, 1, 0.5, 0.25, 0.125, 0.0625, 0.03125]
predictive decrease 1.3583200295494337e-06 actual decrease 1.429799153518374e-07
objective value without tv norm 1.4622468240688136e-06
objective value with tv norm 0.0016421719404307133
[600, 300.0, 150.0, 75.0, 37.5, 30, 29, 28, 27, 26, 25, 24, 23, 22, 21, 20, 19, 18, 17, 16, 15, 14, 13, 12, 11, 10, 9, 8, 7, 6, 5, 4, 3, 2, 1, 0.5, 0.25, 0.125, 0.0625, 0.03125]
predictive decrease 1.4555660054315755e-06 actual decrease 3.3660040496368004e-07
objective value without tv norm 2.018503561962426e-06
objective value with tv norm 0.0016418353400257497
[600, 300.0, 150.0, 75.0, 37.5, 30, 29, 28, 27, 26, 25, 24, 23, 22, 21, 20, 19, 18, 17, 16, 15, 14, 13, 12, 11, 10, 9, 8, 7, 6, 5, 4, 3, 2, 1, 0.5, 0.25, 0.125, 0.0625, 0.03125]
predictive decrease 1.7500790498458946e-06 actual decrease 5.316099351837522e-07
objective value without tv norm 1.4868936267786736e-06
objective value with tv norm 0.001641303730090566
[600, 300.0, 150.0, 75.0, 37.5, 30, 29, 28, 27, 26, 25, 24, 23, 22, 21, 20, 19, 18, 17, 16, 15, 14, 13, 12, 11, 10, 9, 8, 7, 6, 5, 4, 3, 2, 1, 0.5, 0.25, 0.125, 0.0625, 0.03125, 0.015625]
predictive decrease 6.092167626917198e-07 actual decrease 3.054849748718169e-07
objective value without tv norm 1.1814086519068567e-06
objective value with tv norm 0.001640998245115694
[600, 300.0, 150.0, 75.0, 37.5, 30, 29, 28, 27, 26, 25, 24, 23, 22, 21, 20, 19, 18, 17, 16, 15, 14, 13, 12, 11, 10, 9, 8, 7, 6, 5, 4, 3, 2, 1, 0.5, 0.25, 0.125, 0.0625, 0.03125, 0.015625]
predictive decrease 4.906717580681341e-07 actual decrease 2.388822856900976e-07
objective value without tv norm 1.2918660152738681e-06
objective value with tv norm 0.001640759362830004
[600, 300.0, 150.0, 75.0, 37.5, 30, 29, 28, 27, 26, 25, 24, 23, 22, 21, 20, 19, 18, 17, 16, 15, 14, 13, 12, 11, 10, 9, 8, 7, 6, 5, 4, 3, 2, 1, 0.5, 0.25, 0.125, 0.0625, 0.03125]
predictive decrease 9.001270195700684e-07 actual decrease 2.9968020746613637e-07
objective value without tv norm 1.7739169545505362e-06
objective value with tv norm 0.0016404596826225379
[600, 300.0, 150.0, 75.0, 37.5, 30, 29, 28, 27, 26, 25, 24, 23, 22, 21, 20, 19, 18, 17, 16, 15, 14, 13, 12, 11, 10, 9, 8, 7, 6, 5, 4, 3, 2, 1, 0.5, 0.25, 0.125, 0.0625, 0.03125]
predictive decrease 1.077267315349479e-06 actual decrease 4.68225153549013e-07
objective value without tv norm 1.6709766097466883e-06
objective value with tv norm 0.0016399914574689888
[600, 300.0, 150.0, 75.0, 37.5, 30, 29, 28, 27, 26, 25, 24, 23, 22, 21, 20, 19, 18, 17, 16, 15, 14, 13, 12, 11, 10, 9, 8, 7, 6, 5, 4, 3, 2, 1, 0.5, 0.25, 0.125, 0.0625, 0.03125]
predictive decrease 1.1939792749144414e-06 actual decrease 1.0397071001540248e-07
objective value without tv norm 2.3482558997311997e-06
objective value with tv norm 0.0016398874867589734
[600, 300.0, 150.0, 75.0, 37.5, 30, 29, 28, 27, 26, 25, 24, 23, 22, 21, 20, 19, 18, 17, 16, 15, 14, 13, 12, 11, 10, 9, 8, 7, 6, 5, 4, 3, 2, 1, 0.5, 0.25, 0.125, 0.0625, 0.03125]
predictive decrease 1.5815995665707187e-06 actual decrease 3.691820567035438e-07
objective value without tv norm 1.9790738430280896e-06
objective value with tv norm 0.0016395183047022699
[600, 300.0, 150.0, 75.0, 37.5, 30, 29, 28, 27, 26, 25, 24, 23, 22, 21, 20, 19, 18, 17, 16, 15, 14, 13, 12, 11, 10, 9, 8, 7, 6, 5, 4, 3, 2, 1, 0.5, 0.25, 0.125, 0.0625, 0.03125]
predictive decrease 1.4148435197654675e-06 actual decrease 2.920169931124733e-07
objective value without tv norm 2.5799139927729087e-06
objective value with tv norm 0.0016392262877091574
[600, 300.0, 150.0, 75.0, 37.5, 30, 29, 28, 27, 26, 25, 24, 23, 22, 21, 20, 19, 18, 17, 16, 15, 14, 13, 12, 11, 10, 9, 8, 7, 6, 5, 4, 3, 2, 1, 0.5, 0.25, 0.125, 0.0625, 0.03125]
predictive decrease 1.6529044210226562e-06 actual decrease 4.3419613426909365e-07
objective value without tv norm 2.145717858503815e-06
objective value with tv norm 0.0016387920915748883
[600, 300.0, 150.0, 75.0, 37.5, 30, 29, 28, 27, 26, 25, 24, 23, 22, 21, 20, 19, 18, 17, 16, 15, 14, 13, 12, 11, 10, 9, 8, 7, 6, 5, 4, 3, 2, 1, 0.5, 0.25, 0.125, 0.0625, 0.03125]
predictive decrease 1.314888227220163e-06 actual decrease 1.3709615043211443e-07
objective value without tv norm 2.0086217080717006e-06
objective value with tv norm 0.0016386549954244562
[600, 300.0, 150.0, 75.0, 37.5, 30, 29, 28, 27, 26, 25, 24, 23, 22, 21, 20, 19, 18, 17, 16, 15, 14, 13, 12, 11, 10, 9, 8, 7, 6, 5, 4, 3, 2, 1, 0.5, 0.25, 0.125, 0.0625, 0.03125]
predictive decrease 1.8176291158276698e-06 actual decrease 6.28794313924444e-07
objective value without tv norm 2.1610773941471706e-06
objective value with tv norm 0.0016380262011105318
[600, 300.0, 150.0, 75.0, 37.5, 30, 29, 28, 27, 26, 25, 24, 23, 22, 21, 20, 19, 18, 17, 16, 15, 14, 13, 12, 11, 10, 9, 8, 7, 6, 5, 4, 3, 2, 1, 0.5, 0.25, 0.125, 0.0625, 0.03125]
predictive decrease 1.1427903707803087e-06 actual decrease 3.1562467639467684e-08
objective value without tv norm 2.129514926507703e-06
objective value with tv norm 0.0016379946386428923
[600, 300.0, 150.0, 75.0, 37.5, 30, 29, 28, 27, 26, 25, 24, 23, 22, 21, 20, 19, 18, 17, 16, 15, 14, 13, 12, 11, 10, 9, 8, 7, 6, 5, 4, 3, 2, 1, 0.5, 0.25, 0.125, 0.0625, 0.03125]
predictive decrease 1.5840343962510422e-06 actual decrease 4.833402924306427e-07
objective value without tv norm 2.427424634077191e-06
objective value with tv norm 0.0016375112983504617
[600, 300.0, 150.0, 75.0, 37.5, 30, 29, 28, 27, 26, 25, 24, 23, 22, 21, 20, 19, 18, 17, 16, 15, 14, 13, 12, 11, 10, 9, 8, 7, 6, 5, 4, 3, 2, 1, 0.5, 0.25, 0.125, 0.0625, 0.03125]
predictive decrease 1.4172004959346098e-06 actual decrease 1.985406180571303e-07
objective value without tv norm 2.2288840160200607e-06
objective value with tv norm 0.0016373127577324045
[600, 300.0, 150.0, 75.0, 37.5, 30, 29, 28, 27, 26, 25, 24, 23, 22, 21, 20, 19, 18, 17, 16, 15, 14, 13, 12, 11, 10, 9, 8, 7, 6, 5, 4, 3, 2, 1, 0.5, 0.25, 0.125, 0.0625, 0.03125]
predictive decrease 1.7356534529821502e-06 actual decrease 5.23673547636605e-07
objective value without tv norm 1.7052104683834557e-06
objective value with tv norm 0.001636789084184768
[600, 300.0, 150.0, 75.0, 37.5, 30, 29, 28, 27, 26, 25, 24, 23, 22, 21, 20, 19, 18, 17, 16, 15, 14, 13, 12, 11, 10, 9, 8, 7, 6, 5, 4, 3, 2, 1, 0.5, 0.25, 0.125, 0.0625, 0.03125]
predictive decrease 1.1033642870813144e-06 actual decrease 4.4891143998262995e-08
objective value without tv norm 2.4415693243851067e-06
objective value with tv norm 0.0016367441930407697
[600, 300.0, 150.0, 75.0, 37.5, 30, 29, 28, 27, 26, 25, 24, 23, 22, 21, 20, 19, 18, 17, 16, 15, 14, 13, 12, 11, 10, 9, 8, 7, 6, 5, 4, 3, 2, 1, 0.5, 0.25, 0.125, 0.0625, 0.03125]
predictive decrease 1.9800408600123727e-06 actual decrease 7.613706851650193e-07
objective value without tv norm 1.6801986392200874e-06
objective value with tv norm 0.0016359828223556046
[600, 300.0, 150.0, 75.0, 37.5, 30, 29, 28, 27, 26, 25, 24, 23, 22, 21, 20, 19, 18, 17, 16, 15, 14, 13, 12, 11, 10, 9, 8, 7, 6, 5, 4, 3, 2, 1, 0.5, 0.25, 0.125, 0.0625, 0.03125]
predictive decrease 1.1938570689978313e-06 actual decrease 7.708345436778508e-08
objective value without tv norm 2.4959723277095947e-06
objective value with tv norm 0.0016359057389012369
[600, 300.0, 150.0, 75.0, 37.5, 30, 29, 28, 27, 26, 25, 24, 23, 22, 21, 20, 19, 18, 17, 16, 15, 14, 13, 12, 11, 10, 9, 8, 7, 6, 5, 4, 3, 2, 1, 0.5, 0.25, 0.125, 0.0625, 0.03125]
predictive decrease 1.8617174692078797e-06 actual decrease 6.46994053887795e-07
objective value without tv norm 1.8489782738217997e-06
objective value with tv norm 0.001635258744847349
[600, 300.0, 150.0, 75.0, 37.5, 30, 29, 28, 27, 26, 25, 24, 23, 22, 21, 20, 19, 18, 17, 16, 15, 14, 13, 12, 11, 10, 9, 8, 7, 6, 5, 4, 3, 2, 1, 0.5, 0.25, 0.125, 0.0625, 0.03125]
predictive decrease 1.2568804982108443e-06 actual decrease 3.829488648410262e-08
objective value without tv norm 1.810683387337697e-06
objective value with tv norm 0.001635220449960865
[600, 300.0, 150.0, 75.0, 37.5, 30, 29, 28, 27, 26, 25, 24, 23, 22, 21, 20, 19, 18, 17, 16, 15, 14, 13, 12, 11, 10, 9, 8, 7, 6, 5, 4, 3, 2, 1, 0.5, 0.25, 0.125, 0.0625, 0.03125]
predictive decrease 1.44306907099768e-06 actual decrease 2.2465817550720857e-07
objective value without tv norm 1.5860252118304885e-06
objective value with tv norm 0.0016349957917853577
[600, 300.0, 150.0, 75.0, 37.5, 30, 29, 28, 27, 26, 25, 24, 23, 22, 21, 20, 19, 18, 17, 16, 15, 14, 13, 12, 11, 10, 9, 8, 7, 6, 5, 4, 3, 2, 1, 0.5, 0.25, 0.125, 0.0625, 0.03125]
predictive decrease 1.741819793056338e-06 actual decrease 5.985622932511148e-07
objective value without tv norm 2.0291295852459257e-06
objective value with tv norm 0.0016343972294921066
[600, 300.0, 150.0, 75.0, 37.5, 30, 29, 28, 27, 26, 25, 24, 23, 22, 21, 20, 19, 18, 17, 16, 15, 14, 13, 12, 11, 10, 9, 8, 7, 6, 5, 4, 3, 2, 1, 0.5, 0.25, 0.125, 0.0625, 0.03125]
predictive decrease 1.5737336556108112e-06 actual decrease 3.610926024855132e-07
objective value without tv norm 1.6680369827604125e-06
objective value with tv norm 0.0016340361368896211
[600, 300.0, 150.0, 75.0, 37.5, 30, 29, 28, 27, 26, 25, 24, 23, 22, 21, 20, 19, 18, 17, 16, 15, 14, 13, 12, 11, 10, 9, 8, 7, 6, 5, 4, 3, 2, 1, 0.5, 0.25, 0.125, 0.0625, 0.03125]
predictive decrease 1.3957587680596233e-06 actual decrease 2.7925790688047847e-07
objective value without tv norm 2.2816362187372263e-06
objective value with tv norm 0.0016337568789827406
[600, 300.0, 150.0, 75.0, 37.5, 30, 29, 28, 27, 26, 25, 24, 23, 22, 21, 20, 19, 18, 17, 16, 15, 14, 13, 12, 11, 10, 9, 8, 7, 6, 5, 4, 3, 2, 1, 0.5, 0.25, 0.125, 0.0625, 0.03125]
predictive decrease 1.7367003948014128e-06 actual decrease 5.183060738378487e-07
objective value without tv norm 1.7633301448993777e-06
objective value with tv norm 0.0016332385729089028
[600, 300.0, 150.0, 75.0, 37.5, 30, 29, 28, 27, 26, 25, 24, 23, 22, 21, 20, 19, 18, 17, 16, 15, 14, 13, 12, 11, 10, 9, 8, 7, 6, 5, 4, 3, 2, 1, 0.5, 0.25, 0.125, 0.0625, 0.03125, 0.015625]
predictive decrease 5.949982054920342e-07 actual decrease 2.903503701912058e-07
objective value without tv norm 1.4729797747081719e-06
objective value with tv norm 0.0016329482225387116
objective value without tv norm 1.4729797747081719e-06
alpha 0.0001
objective value with tv norm 0.0016329482225387116
norm 16.314752427640034
computational time 338.0274410247803
total iterations 4029
