[800, 400.0, 200.0, 100.0, 50.0, 30]
predictive decrease 0.49672703852280553 actual decrease 0.14161854761984172
objective value with out tv norm 0.17302220805611634
[800, 400.0, 200.0, 100.0, 50.0, 30, 29, 28]
predictive decrease 0.38001760413046776 actual decrease 0.007826093194200023
objective value with out tv norm 0.16519611486191632
[800, 400.0, 200.0, 100.0, 50.0, 30, 29, 28, 27, 26, 25, 24]
predictive decrease 0.3832664629480593 actual decrease 0.001029984200440981
objective value with out tv norm 0.16416613066147534
[800, 400.0, 200.0, 100.0, 50.0, 30, 29, 28, 27, 26, 25, 24, 23, 22, 21]
predictive decrease 0.39418773417951714 actual decrease 0.03716385187550819
objective value with out tv norm 0.12700227878596715
[800, 400.0, 200.0, 100.0, 50.0, 30, 29, 28, 27, 26, 25, 24, 23, 22, 21, 20, 19, 18]
predictive decrease 0.29272171834651683 actual decrease 0.0011295943509270767
objective value with out tv norm 0.12587268443504007
[800, 400.0, 200.0, 100.0, 50.0, 30, 29, 28, 27, 26, 25, 24, 23, 22, 21, 20, 19]
predictive decrease 0.3081571220851403 actual decrease 0.004981961240006272
objective value with out tv norm 0.1208907231950338
[800, 400.0, 200.0, 100.0, 50.0, 30, 29, 28, 27, 26, 25, 24, 23, 22, 21, 20, 19, 18]
predictive decrease 0.2985925495934037 actual decrease 0.005352759110921479
objective value with out tv norm 0.11553796408411232
[800, 400.0, 200.0, 100.0, 50.0, 30, 29, 28, 27, 26, 25, 24, 23, 22, 21, 20, 19, 18, 17]
predictive decrease 0.27671938392583345 actual decrease 0.0117301644062342
objective value with out tv norm 0.10380779967787812
[800, 400.0, 200.0, 100.0, 50.0, 30, 29, 28, 27, 26, 25, 24, 23, 22, 21, 20, 19]
predictive decrease 0.2784426975698093 actual decrease 0.005351818857378676
objective value with out tv norm 0.09845598082049944
[800, 400.0, 200.0, 100.0, 50.0, 30, 29, 28, 27, 26, 25, 24, 23, 22, 21, 20, 19, 18, 17]
predictive decrease 0.2646402948490558 actual decrease 0.019721703023042214
objective value with out tv norm 0.07873427779745723
[800, 400.0, 200.0, 100.0, 50.0, 30, 29, 28, 27, 26, 25, 24, 23, 22, 21, 20, 19, 18, 17, 16, 15]
predictive decrease 0.20212462023992434 actual decrease 0.011995783180344444
objective value with out tv norm 0.06673849461711279
[800, 400.0, 200.0, 100.0, 50.0, 30, 29, 28, 27, 26, 25, 24, 23, 22, 21, 20, 19, 18, 17, 16]
predictive decrease 0.20902208858552707 actual decrease 0.002869856036564422
objective value with out tv norm 0.06386863858054836
[800, 400.0, 200.0, 100.0, 50.0, 30, 29, 28, 27, 26, 25, 24, 23, 22, 21, 20, 19, 18, 17, 16, 15]
predictive decrease 0.20746034151280593 actual decrease 0.0016700214887734877
objective value with out tv norm 0.06219861709177488
[800, 400.0, 200.0, 100.0, 50.0, 30, 29, 28, 27, 26, 25, 24, 23, 22, 21, 20, 19, 18, 17, 16, 15, 14]
predictive decrease 0.19925815867852714 actual decrease 0.007824691161968822
objective value with out tv norm 0.054373925929806055
[800, 400.0, 200.0, 100.0, 50.0, 30, 29, 28, 27, 26, 25, 24, 23, 22, 21, 20, 19, 18, 17, 16, 15, 14, 13]
predictive decrease 0.17086072983033757 actual decrease 0.002561150541754209
objective value with out tv norm 0.051812775388051846
[800, 400.0, 200.0, 100.0, 50.0, 30, 29, 28, 27, 26, 25, 24, 23, 22, 21, 20, 19, 18, 17, 16, 15, 14, 13, 12]
predictive decrease 0.15650018491561124 actual decrease 0.009026600570519405
objective value with out tv norm 0.04278617481753244
[800, 400.0, 200.0, 100.0, 50.0, 30, 29, 28, 27, 26, 25, 24, 23, 22, 21, 20, 19, 18, 17, 16, 15, 14, 13, 12, 11]
predictive decrease 0.12717638567350378 actual decrease 0.0032523052276400843
objective value with out tv norm 0.039533869589892356
[800, 400.0, 200.0, 100.0, 50.0, 30, 29, 28, 27, 26, 25, 24, 23, 22, 21, 20, 19, 18, 17, 16, 15, 14, 13, 12, 11, 10]
predictive decrease 0.11149226805049495 actual decrease 0.005361656374332502
objective value with out tv norm 0.034172213215559855
[800, 400.0, 200.0, 100.0, 50.0, 30, 29, 28, 27, 26, 25, 24, 23, 22, 21, 20, 19, 18, 17, 16, 15, 14, 13, 12, 11, 10, 9]
predictive decrease 0.0906869899171078 actual decrease 0.004966023210813408
objective value with out tv norm 0.029206190004746446
[800, 400.0, 200.0, 100.0, 50.0, 30, 29, 28, 27, 26, 25, 24, 23, 22, 21, 20, 19, 18, 17, 16, 15, 14, 13, 12, 11, 10, 9, 8]
predictive decrease 0.07310273585283228 actual decrease 0.003944810248781905
objective value with out tv norm 0.02526137975596454
[800, 400.0, 200.0, 100.0, 50.0, 30, 29, 28, 27, 26, 25, 24, 23, 22, 21, 20, 19, 18, 17, 16, 15, 14, 13, 12, 11, 10, 9, 8, 7]
predictive decrease 0.05705760736551736 actual decrease 0.003974831343189766
objective value with out tv norm 0.021286548412774775
[800, 400.0, 200.0, 100.0, 50.0, 30, 29, 28, 27, 26, 25, 24, 23, 22, 21, 20, 19, 18, 17, 16, 15, 14, 13, 12, 11, 10, 9, 8, 7, 6]
predictive decrease 0.042934565470832575 actual decrease 0.002886275122902071
objective value with out tv norm 0.018400273289872704
[800, 400.0, 200.0, 100.0, 50.0, 30, 29, 28, 27, 26, 25, 24, 23, 22, 21, 20, 19, 18, 17, 16, 15, 14, 13, 12, 11, 10, 9, 8, 7, 6, 5]
predictive decrease 0.0311413560292144 actual decrease 0.002511194120366156
objective value with out tv norm 0.015889079169506548
[800, 400.0, 200.0, 100.0, 50.0, 30, 29, 28, 27, 26, 25, 24, 23, 22, 21, 20, 19, 18, 17, 16, 15, 14, 13, 12, 11, 10, 9, 8, 7, 6, 5, 4]
predictive decrease 0.02080888363462429 actual decrease 0.0020103594705296324
objective value with out tv norm 0.013878719698976916
[800, 400.0, 200.0, 100.0, 50.0, 30, 29, 28, 27, 26, 25, 24, 23, 22, 21, 20, 19, 18, 17, 16, 15, 14, 13, 12, 11, 10, 9, 8, 7, 6, 5]
predictive decrease 0.02154928634091973 actual decrease 0.0008804775319929403
objective value with out tv norm 0.012998242166983975
[800, 400.0, 200.0, 100.0, 50.0, 30, 29, 28, 27, 26, 25, 24, 23, 22, 21, 20, 19, 18, 17, 16, 15, 14, 13, 12, 11, 10, 9, 8, 7, 6, 5]
predictive decrease 0.023701064802432482 actual decrease 0.0009995700667227991
objective value with out tv norm 0.011998672100261176
[800, 400.0, 200.0, 100.0, 50.0, 30, 29, 28, 27, 26, 25, 24, 23, 22, 21, 20, 19, 18, 17, 16, 15, 14, 13, 12, 11, 10, 9, 8, 7, 6, 5, 4]
predictive decrease 0.02155095879632515 actual decrease 0.002261447753116541
objective value with out tv norm 0.009737224347144635
[800, 400.0, 200.0, 100.0, 50.0, 30, 29, 28, 27, 26, 25, 24, 23, 22, 21, 20, 19, 18, 17, 16, 15, 14, 13, 12, 11, 10, 9, 8, 7, 6, 5, 4, 3]
predictive decrease 0.012874100426801666 actual decrease 0.0018844274501861324
objective value with out tv norm 0.007852796896958503
[800, 400.0, 200.0, 100.0, 50.0, 30, 29, 28, 27, 26, 25, 24, 23, 22, 21, 20, 19, 18, 17, 16, 15, 14, 13, 12, 11, 10, 9, 8, 7, 6, 5, 4, 3]
predictive decrease 0.011268268149373008 actual decrease 0.0002495187946879307
objective value with out tv norm 0.007603278102270572
[800, 400.0, 200.0, 100.0, 50.0, 30, 29, 28, 27, 26, 25, 24, 23, 22, 21, 20, 19, 18, 17, 16, 15, 14, 13, 12, 11, 10, 9, 8, 7, 6, 5, 4, 3, 2]
predictive decrease 0.007241596889155214 actual decrease 0.0023042703177231783
objective value with out tv norm 0.005299007784547394
[800, 400.0, 200.0, 100.0, 50.0, 30, 29, 28, 27, 26, 25, 24, 23, 22, 21, 20, 19, 18, 17, 16, 15, 14, 13, 12, 11, 10, 9, 8, 7, 6, 5, 4, 3, 2]
predictive decrease 0.005443469997024072 actual decrease 0.000492223015275628
objective value with out tv norm 0.004806784769271766
[800, 400.0, 200.0, 100.0, 50.0, 30, 29, 28, 27, 26, 25, 24, 23, 22, 21, 20, 19, 18, 17, 16, 15, 14, 13, 12, 11, 10, 9, 8, 7, 6, 5, 4, 3, 2]
predictive decrease 0.005049997631380218 actual decrease 0.0001309639588402689
objective value with out tv norm 0.004675820810431497
[800, 400.0, 200.0, 100.0, 50.0, 30, 29, 28, 27, 26, 25, 24, 23, 22, 21, 20, 19, 18, 17, 16, 15, 14, 13, 12, 11, 10, 9, 8, 7, 6, 5, 4, 3]
predictive decrease 0.0076464697588130015 actual decrease 0.001366798888588261
objective value with out tv norm 0.003309021921843236
[800, 400.0, 200.0, 100.0, 50.0, 30, 29, 28, 27, 26, 25, 24, 23, 22, 21, 20, 19, 18, 17, 16, 15, 14, 13, 12, 11, 10, 9, 8, 7, 6, 5, 4, 3, 2]
predictive decrease 0.005055032399557166 actual decrease 0.0001031484133882099
objective value with out tv norm 0.003205873508455026
[800, 400.0, 200.0, 100.0, 50.0, 30, 29, 28, 27, 26, 25, 24, 23, 22, 21, 20, 19, 18, 17, 16, 15, 14, 13, 12, 11, 10, 9, 8, 7, 6, 5, 4, 3, 2, 1]
predictive decrease 0.002400576102607894 actual decrease 0.0011562403903915275
objective value with out tv norm 0.0020496331180634986
[800, 400.0, 200.0, 100.0, 50.0, 30, 29, 28, 27, 26, 25, 24, 23, 22, 21, 20, 19, 18, 17, 16, 15, 14, 13, 12, 11, 10, 9, 8, 7, 6, 5, 4, 3, 2, 1]
predictive decrease 0.002256646690029597 actual decrease 0.001011819569178174
objective value with out tv norm 0.0010378135488853246
[800, 400.0, 200.0, 100.0, 50.0, 30, 29, 28, 27, 26, 25, 24, 23, 22, 21, 20, 19, 18, 17, 16, 15, 14, 13, 12, 11, 10, 9, 8, 7, 6, 5, 4, 3, 2, 1]
predictive decrease 0.0014615352832430223 actual decrease 0.0002154174185550195
objective value with out tv norm 0.0008223961303303051
[800, 400.0, 200.0, 100.0, 50.0, 30, 29, 28, 27, 26, 25, 24, 23, 22, 21, 20, 19, 18, 17, 16, 15, 14, 13, 12, 11, 10, 9, 8, 7, 6, 5, 4, 3, 2, 1, 0.5]
predictive decrease 0.0 actual decrease 0.0
objective value with out tv norm 0.0008223961303303051
objective value without tv norm 0.0008223961303303051
norm 49.0
computational time 139.69047808647156
total iterations 1010
