[600, 300.0, 150.0, 75.0, 37.5, 30, 29, 28, 27, 26, 25, 24, 23, 22, 21, 20, 19, 18, 17, 16, 15, 14, 13, 12, 11, 10, 9, 8, 7, 6, 5, 4, 3, 2, 1]
predictive decrease 0.0001921340108254452 actual decrease 0.00014913681580978758
objective value without tv norm 4.295523373476495e-05
objective value with tv norm 0.0028354716243358656
[600, 300.0, 150.0, 75.0, 37.5, 30, 29, 28, 27, 26, 25, 24, 23, 22, 21, 20, 19, 18, 17, 16, 15, 14, 13, 12, 11, 10, 9, 8, 7, 6, 5, 4, 3, 2, 1, 0.5, 0.25]
predictive decrease 9.184100460172488e-05 actual decrease 1.729306564017801e-05
objective value without tv norm 4.335538510624737e-05
objective value with tv norm 0.0028181785586956875
[600, 300.0, 150.0, 75.0, 37.5, 30, 29, 28, 27, 26, 25, 24, 23, 22, 21, 20, 19, 18, 17, 16, 15, 14, 13, 12, 11, 10, 9, 8, 7, 6, 5, 4, 3, 2, 1, 0.5, 0.25]
predictive decrease 9.979705029301714e-05 actual decrease 3.3751704633134226e-05
objective value without tv norm 1.8412085770691533e-05
objective value with tv norm 0.0027844268540625533
[600, 300.0, 150.0, 75.0, 37.5, 30, 29, 28, 27, 26, 25, 24, 23, 22, 21, 20, 19, 18, 17, 16, 15, 14, 13, 12, 11, 10, 9, 8, 7, 6, 5, 4, 3, 2, 1, 0.5, 0.25, 0.125]
predictive decrease 2.6742855790699762e-05 actual decrease 9.93547257278904e-06
objective value without tv norm 1.4798852348896219e-05
objective value with tv norm 0.0027744913814897643
[600, 300.0, 150.0, 75.0, 37.5, 30, 29, 28, 27, 26, 25, 24, 23, 22, 21, 20, 19, 18, 17, 16, 15, 14, 13, 12, 11, 10, 9, 8, 7, 6, 5, 4, 3, 2, 1, 0.5, 0.25]
predictive decrease 6.50930042243327e-05 actual decrease 5.856181333254665e-06
objective value without tv norm 3.394267101564097e-05
objective value with tv norm 0.0027686352001565096
[600, 300.0, 150.0, 75.0, 37.5, 30, 29, 28, 27, 26, 25, 24, 23, 22, 21, 20, 19, 18, 17, 16, 15, 14, 13, 12, 11, 10, 9, 8, 7, 6, 5, 4, 3, 2, 1, 0.5, 0.25]
predictive decrease 9.023376915632056e-05 actual decrease 2.0927469027698636e-05
objective value without tv norm 1.642488558462052e-05
objective value with tv norm 0.002747707731128811
[600, 300.0, 150.0, 75.0, 37.5, 30, 29, 28, 27, 26, 25, 24, 23, 22, 21, 20, 19, 18, 17, 16, 15, 14, 13, 12, 11, 10, 9, 8, 7, 6, 5, 4, 3, 2, 1, 0.5, 0.25]
predictive decrease 5.423312569416243e-05 actual decrease 2.2644811928560025e-05
objective value without tv norm 1.1486765155055423e-05
objective value with tv norm 0.002725062919200251
[600, 300.0, 150.0, 75.0, 37.5, 30, 29, 28, 27, 26, 25, 24, 23, 22, 21, 20, 19, 18, 17, 16, 15, 14, 13, 12, 11, 10, 9, 8, 7, 6, 5, 4, 3, 2, 1, 0.5, 0.25]
predictive decrease 4.4199594286504097e-05 actual decrease 9.973084975255057e-06
objective value without tv norm 1.438975320355862e-05
objective value with tv norm 0.002715089834224996
[600, 300.0, 150.0, 75.0, 37.5, 30, 29, 28, 27, 26, 25, 24, 23, 22, 21, 20, 19, 18, 17, 16, 15, 14, 13, 12, 11, 10, 9, 8, 7, 6, 5, 4, 3, 2, 1, 0.5, 0.25, 0.125]
predictive decrease 2.8825692240169384e-05 actual decrease 1.0954888661396291e-05
objective value without tv norm 1.0331782418160351e-05
objective value with tv norm 0.0027041349455635996
[600, 300.0, 150.0, 75.0, 37.5, 30, 29, 28, 27, 26, 25, 24, 23, 22, 21, 20, 19, 18, 17, 16, 15, 14, 13, 12, 11, 10, 9, 8, 7, 6, 5, 4, 3, 2, 1, 0.5, 0.25, 0.125]
predictive decrease 1.826938652925089e-05 actual decrease 4.543262887495708e-06
objective value without tv norm 1.3595927063070334e-05
objective value with tv norm 0.002699591682676104
[600, 300.0, 150.0, 75.0, 37.5, 30, 29, 28, 27, 26, 25, 24, 23, 22, 21, 20, 19, 18, 17, 16, 15, 14, 13, 12, 11, 10, 9, 8, 7, 6, 5, 4, 3, 2, 1, 0.5, 0.25, 0.125]
predictive decrease 2.946630521248909e-05 actual decrease 1.2430673877524001e-05
objective value without tv norm 9.74520680363522e-06
objective value with tv norm 0.00268716100879858
[600, 300.0, 150.0, 75.0, 37.5, 30, 29, 28, 27, 26, 25, 24, 23, 22, 21, 20, 19, 18, 17, 16, 15, 14, 13, 12, 11, 10, 9, 8, 7, 6, 5, 4, 3, 2, 1, 0.5, 0.25, 0.125]
predictive decrease 2.000716551227603e-05 actual decrease 8.103969700714014e-06
objective value without tv norm 1.182057406079462e-05
objective value with tv norm 0.002679057039097866
[600, 300.0, 150.0, 75.0, 37.5, 30, 29, 28, 27, 26, 25, 24, 23, 22, 21, 20, 19, 18, 17, 16, 15, 14, 13, 12, 11, 10, 9, 8, 7, 6, 5, 4, 3, 2, 1, 0.5, 0.25, 0.125]
predictive decrease 2.3431664063897593e-05 actual decrease 4.021917629826177e-06
objective value without tv norm 7.798656430968443e-06
objective value with tv norm 0.0026750351214680397
[600, 300.0, 150.0, 75.0, 37.5, 30, 29, 28, 27, 26, 25, 24, 23, 22, 21, 20, 19, 18, 17, 16, 15, 14, 13, 12, 11, 10, 9, 8, 7, 6, 5, 4, 3, 2, 1, 0.5, 0.25, 0.125]
predictive decrease 2.3642066338338402e-05 actual decrease 7.88947054641614e-06
objective value without tv norm 9.231040196677753e-06
objective value with tv norm 0.0026671456509216236
[600, 300.0, 150.0, 75.0, 37.5, 30, 29, 28, 27, 26, 25, 24, 23, 22, 21, 20, 19, 18, 17, 16, 15, 14, 13, 12, 11, 10, 9, 8, 7, 6, 5, 4, 3, 2, 1, 0.5, 0.25, 0.125]
predictive decrease 1.9524339596125023e-05 actual decrease 3.0035098482240896e-06
objective value without tv norm 7.995398111915186e-06
objective value with tv norm 0.0026641421410733995
[600, 300.0, 150.0, 75.0, 37.5, 30, 29, 28, 27, 26, 25, 24, 23, 22, 21, 20, 19, 18, 17, 16, 15, 14, 13, 12, 11, 10, 9, 8, 7, 6, 5, 4, 3, 2, 1, 0.5, 0.25, 0.125]
predictive decrease 1.9181773215126968e-05 actual decrease 4.858158894123499e-06
objective value without tv norm 1.0589514301106995e-05
objective value with tv norm 0.002659283982179276
[600, 300.0, 150.0, 75.0, 37.5, 30, 29, 28, 27, 26, 25, 24, 23, 22, 21, 20, 19, 18, 17, 16, 15, 14, 13, 12, 11, 10, 9, 8, 7, 6, 5, 4, 3, 2, 1, 0.5, 0.25, 0.125]
predictive decrease 2.2146663383127742e-05 actual decrease 3.4366311760388422e-06
objective value without tv norm 1.3177449107892869e-05
objective value with tv norm 0.002655847351003237
[600, 300.0, 150.0, 75.0, 37.5, 30, 29, 28, 27, 26, 25, 24, 23, 22, 21, 20, 19, 18, 17, 16, 15, 14, 13, 12, 11, 10, 9, 8, 7, 6, 5, 4, 3, 2, 1, 0.5, 0.25, 0.125]
predictive decrease 2.2685335920455667e-05 actual decrease 1.0036427304739928e-05
objective value without tv norm 7.057059229986784e-06
objective value with tv norm 0.002645810923698497
[600, 300.0, 150.0, 75.0, 37.5, 30, 29, 28, 27, 26, 25, 24, 23, 22, 21, 20, 19, 18, 17, 16, 15, 14, 13, 12, 11, 10, 9, 8, 7, 6, 5, 4, 3, 2, 1, 0.5, 0.25]
predictive decrease 2.737799849194698e-05 actual decrease 1.6670588399740269e-06
objective value without tv norm 2.0431732917436385e-05
objective value with tv norm 0.002644143864858523
[600, 300.0, 150.0, 75.0, 37.5, 30, 29, 28, 27, 26, 25, 24, 23, 22, 21, 20, 19, 18, 17, 16, 15, 14, 13, 12, 11, 10, 9, 8, 7, 6, 5, 4, 3, 2, 1, 0.5, 0.25, 0.125]
predictive decrease 2.6353403111264214e-05 actual decrease 1.0547146120865915e-05
objective value without tv norm 1.8217920129903753e-05
objective value with tv norm 0.0026335967187376573
[600, 300.0, 150.0, 75.0, 37.5, 30, 29, 28, 27, 26, 25, 24, 23, 22, 21, 20, 19, 18, 17, 16, 15, 14, 13, 12, 11, 10, 9, 8, 7, 6, 5, 4, 3, 2, 1, 0.5, 0.25, 0.125]
predictive decrease 2.3797142706844486e-05 actual decrease 5.2395867984208165e-06
objective value without tv norm 1.9453101878452728e-05
objective value with tv norm 0.0026283571319392364
[600, 300.0, 150.0, 75.0, 37.5, 30, 29, 28, 27, 26, 25, 24, 23, 22, 21, 20, 19, 18, 17, 16, 15, 14, 13, 12, 11, 10, 9, 8, 7, 6, 5, 4, 3, 2, 1, 0.5, 0.25, 0.125]
predictive decrease 2.289284533398472e-05 actual decrease 1.0740385510671531e-05
objective value without tv norm 1.6312476850632862e-05
objective value with tv norm 0.002617616746428565
[600, 300.0, 150.0, 75.0, 37.5, 30, 29, 28, 27, 26, 25, 24, 23, 22, 21, 20, 19, 18, 17, 16, 15, 14, 13, 12, 11, 10, 9, 8, 7, 6, 5, 4, 3, 2, 1, 0.5, 0.25, 0.125]
predictive decrease 1.7385980465263635e-05 actual decrease 6.43510018098108e-06
objective value without tv norm 1.7118520950987204e-05
objective value with tv norm 0.002611181646247584
[600, 300.0, 150.0, 75.0, 37.5, 30, 29, 28, 27, 26, 25, 24, 23, 22, 21, 20, 19, 18, 17, 16, 15, 14, 13, 12, 11, 10, 9, 8, 7, 6, 5, 4, 3, 2, 1, 0.5, 0.25, 0.125, 0.0625]
predictive decrease 8.779185568317215e-06 actual decrease 3.905069263177019e-06
objective value without tv norm 1.3213451687810185e-05
objective value with tv norm 0.002607276576984407
[600, 300.0, 150.0, 75.0, 37.5, 30, 29, 28, 27, 26, 25, 24, 23, 22, 21, 20, 19, 18, 17, 16, 15, 14, 13, 12, 11, 10, 9, 8, 7, 6, 5, 4, 3, 2, 1, 0.5, 0.25]
predictive decrease 3.123521309560031e-05 actual decrease 2.1604205145291967e-06
objective value without tv norm 2.2954923042828312e-05
objective value with tv norm 0.0026051161564698776
[600, 300.0, 150.0, 75.0, 37.5, 30, 29, 28, 27, 26, 25, 24, 23, 22, 21, 20, 19, 18, 17, 16, 15, 14, 13, 12, 11, 10, 9, 8, 7, 6, 5, 4, 3, 2, 1, 0.5, 0.25, 0.125]
predictive decrease 2.691063464200713e-05 actual decrease 1.5790937123265607e-05
objective value without tv norm 1.0272931849741873e-05
objective value with tv norm 0.002589325219346612
[600, 300.0, 150.0, 75.0, 37.5, 30, 29, 28, 27, 26, 25, 24, 23, 22, 21, 20, 19, 18, 17, 16, 15, 14, 13, 12, 11, 10, 9, 8, 7, 6, 5, 4, 3, 2, 1, 0.5, 0.25, 0.125]
predictive decrease 1.33293928227321e-05 actual decrease 3.6412271264942356e-06
objective value without tv norm 1.4256136611434655e-05
objective value with tv norm 0.0025856839922201178
[600, 300.0, 150.0, 75.0, 37.5, 30, 29, 28, 27, 26, 25, 24, 23, 22, 21, 20, 19, 18, 17, 16, 15, 14, 13, 12, 11, 10, 9, 8, 7, 6, 5, 4, 3, 2, 1, 0.5, 0.25, 0.125]
predictive decrease 2.1293965718054923e-05 actual decrease 5.760339100258777e-06
objective value without tv norm 1.0381258314873243e-05
objective value with tv norm 0.002579923653119859
[600, 300.0, 150.0, 75.0, 37.5, 30, 29, 28, 27, 26, 25, 24, 23, 22, 21, 20, 19, 18, 17, 16, 15, 14, 13, 12, 11, 10, 9, 8, 7, 6, 5, 4, 3, 2, 1, 0.5, 0.25, 0.125, 0.0625]
predictive decrease 9.401338753462374e-06 actual decrease 4.65615751777575e-06
objective value without tv norm 8.850100797097582e-06
objective value with tv norm 0.0025752674956020833
[600, 300.0, 150.0, 75.0, 37.5, 30, 29, 28, 27, 26, 25, 24, 23, 22, 21, 20, 19, 18, 17, 16, 15, 14, 13, 12, 11, 10, 9, 8, 7, 6, 5, 4, 3, 2, 1, 0.5, 0.25, 0.125, 0.0625]
predictive decrease 6.309291961367324e-06 actual decrease 1.5719193912130253e-06
objective value without tv norm 1.0338231120954333e-05
objective value with tv norm 0.0025736955762108702
[600, 300.0, 150.0, 75.0, 37.5, 30, 29, 28, 27, 26, 25, 24, 23, 22, 21, 20, 19, 18, 17, 16, 15, 14, 13, 12, 11, 10, 9, 8, 7, 6, 5, 4, 3, 2, 1, 0.5, 0.25, 0.125]
predictive decrease 1.4384958783167541e-05 actual decrease 3.973402567317586e-06
objective value without tv norm 1.3103638367373271e-05
objective value with tv norm 0.0025697221736435526
[600, 300.0, 150.0, 75.0, 37.5, 30, 29, 28, 27, 26, 25, 24, 23, 22, 21, 20, 19, 18, 17, 16, 15, 14, 13, 12, 11, 10, 9, 8, 7, 6, 5, 4, 3, 2, 1, 0.5, 0.25, 0.125]
predictive decrease 1.6327423142202275e-05 actual decrease 9.14366540859593e-07
objective value without tv norm 1.357788623668199e-05
objective value with tv norm 0.002568807807102693
[600, 300.0, 150.0, 75.0, 37.5, 30, 29, 28, 27, 26, 25, 24, 23, 22, 21, 20, 19, 18, 17, 16, 15, 14, 13, 12, 11, 10, 9, 8, 7, 6, 5, 4, 3, 2, 1, 0.5, 0.25, 0.125]
predictive decrease 2.43599229365816e-05 actual decrease 5.526729650799905e-06
objective value without tv norm 1.5901844647725483e-05
objective value with tv norm 0.002563281077451893
[600, 300.0, 150.0, 75.0, 37.5, 30, 29, 28, 27, 26, 25, 24, 23, 22, 21, 20, 19, 18, 17, 16, 15, 14, 13, 12, 11, 10, 9, 8, 7, 6, 5, 4, 3, 2, 1, 0.5, 0.25, 0.125]
predictive decrease 2.0423189211423755e-05 actual decrease 3.3935844904187107e-06
objective value without tv norm 1.2508260157306772e-05
objective value with tv norm 0.0025598874929614744
[600, 300.0, 150.0, 75.0, 37.5, 30, 29, 28, 27, 26, 25, 24, 23, 22, 21, 20, 19, 18, 17, 16, 15, 14, 13, 12, 11, 10, 9, 8, 7, 6, 5, 4, 3, 2, 1, 0.5, 0.25, 0.125]
predictive decrease 2.0119082508089636e-05 actual decrease 4.250700979143568e-06
objective value without tv norm 1.6012059371073306e-05
objective value with tv norm 0.002555636791982331
[600, 300.0, 150.0, 75.0, 37.5, 30, 29, 28, 27, 26, 25, 24, 23, 22, 21, 20, 19, 18, 17, 16, 15, 14, 13, 12, 11, 10, 9, 8, 7, 6, 5, 4, 3, 2, 1, 0.5, 0.25, 0.125]
predictive decrease 2.1678919500588752e-05 actual decrease 2.306830707343721e-06
objective value without tv norm 1.3705228663729585e-05
objective value with tv norm 0.002553329961274987
[600, 300.0, 150.0, 75.0, 37.5, 30, 29, 28, 27, 26, 25, 24, 23, 22, 21, 20, 19, 18, 17, 16, 15, 14, 13, 12, 11, 10, 9, 8, 7, 6, 5, 4, 3, 2, 1, 0.5, 0.25, 0.125, 0.0625]
predictive decrease 9.311769806810005e-06 actual decrease 4.4389040054770845e-06
objective value without tv norm 9.2663246582525e-06
objective value with tv norm 0.00254889105726951
[600, 300.0, 150.0, 75.0, 37.5, 30, 29, 28, 27, 26, 25, 24, 23, 22, 21, 20, 19, 18, 17, 16, 15, 14, 13, 12, 11, 10, 9, 8, 7, 6, 5, 4, 3, 2, 1, 0.5, 0.25, 0.125]
predictive decrease 9.911486455006085e-06 actual decrease 2.5619267892138323e-06
objective value without tv norm 1.5037731202371951e-05
objective value with tv norm 0.0025463291304802962
[600, 300.0, 150.0, 75.0, 37.5, 30, 29, 28, 27, 26, 25, 24, 23, 22, 21, 20, 19, 18, 17, 16, 15, 14, 13, 12, 11, 10, 9, 8, 7, 6, 5, 4, 3, 2, 1, 0.5, 0.25, 0.125, 0.0625]
predictive decrease 9.187540063857694e-06 actual decrease 4.345674403438693e-06
objective value without tv norm 1.0692056798933258e-05
objective value with tv norm 0.0025419834560768575
[600, 300.0, 150.0, 75.0, 37.5, 30, 29, 28, 27, 26, 25, 24, 23, 22, 21, 20, 19, 18, 17, 16, 15, 14, 13, 12, 11, 10, 9, 8, 7, 6, 5, 4, 3, 2, 1, 0.5, 0.25, 0.125, 0.0625]
predictive decrease 6.5083851192694955e-06 actual decrease 1.7184088683202224e-06
objective value without tv norm 9.023266747010261e-06
objective value with tv norm 0.0025402650472085373
[600, 300.0, 150.0, 75.0, 37.5, 30, 29, 28, 27, 26, 25, 24, 23, 22, 21, 20, 19, 18, 17, 16, 15, 14, 13, 12, 11, 10, 9, 8, 7, 6, 5, 4, 3, 2, 1, 0.5, 0.25, 0.125, 0.0625]
predictive decrease 5.180789599621392e-06 actual decrease 3.405449007236501e-07
objective value without tv norm 8.682721846287045e-06
objective value with tv norm 0.0025399245023078137
[600, 300.0, 150.0, 75.0, 37.5, 30, 29, 28, 27, 26, 25, 24, 23, 22, 21, 20, 19, 18, 17, 16, 15, 14, 13, 12, 11, 10, 9, 8, 7, 6, 5, 4, 3, 2, 1, 0.5, 0.25, 0.125, 0.0625]
predictive decrease 6.715653719211595e-06 actual decrease 2.0660897545998064e-06
objective value without tv norm 9.116632091688004e-06
objective value with tv norm 0.002537858412553214
[600, 300.0, 150.0, 75.0, 37.5, 30, 29, 28, 27, 26, 25, 24, 23, 22, 21, 20, 19, 18, 17, 16, 15, 14, 13, 12, 11, 10, 9, 8, 7, 6, 5, 4, 3, 2, 1, 0.5, 0.25, 0.125, 0.0625]
predictive decrease 7.537869175185553e-06 actual decrease 2.9356084625229047e-06
objective value without tv norm 8.681023629164564e-06
objective value with tv norm 0.002534922804090691
[600, 300.0, 150.0, 75.0, 37.5, 30, 29, 28, 27, 26, 25, 24, 23, 22, 21, 20, 19, 18, 17, 16, 15, 14, 13, 12, 11, 10, 9, 8, 7, 6, 5, 4, 3, 2, 1, 0.5, 0.25, 0.125, 0.0625]
predictive decrease 5.0925417165786566e-06 actual decrease 1.9534862136364774e-06
objective value without tv norm 9.575644164039332e-06
objective value with tv norm 0.0025329693178770545
[600, 300.0, 150.0, 75.0, 37.5, 30, 29, 28, 27, 26, 25, 24, 23, 22, 21, 20, 19, 18, 17, 16, 15, 14, 13, 12, 11, 10, 9, 8, 7, 6, 5, 4, 3, 2, 1, 0.5, 0.25, 0.125, 0.0625]
predictive decrease 5.611737999956703e-06 actual decrease 1.1218409431924467e-06
objective value without tv norm 1.0239517506560603e-05
objective value with tv norm 0.002531847476933862
[600, 300.0, 150.0, 75.0, 37.5, 30, 29, 28, 27, 26, 25, 24, 23, 22, 21, 20, 19, 18, 17, 16, 15, 14, 13, 12, 11, 10, 9, 8, 7, 6, 5, 4, 3, 2, 1, 0.5, 0.25, 0.125, 0.0625]
predictive decrease 5.25733163049243e-06 actual decrease 5.58438493054262e-07
objective value without tv norm 1.234140627148772e-05
objective value with tv norm 0.0025312890384408078
[600, 300.0, 150.0, 75.0, 37.5, 30, 29, 28, 27, 26, 25, 24, 23, 22, 21, 20, 19, 18, 17, 16, 15, 14, 13, 12, 11, 10, 9, 8, 7, 6, 5, 4, 3, 2, 1, 0.5, 0.25, 0.125, 0.0625]
predictive decrease 6.660362686717811e-06 actual decrease 2.6479120178285985e-06
objective value without tv norm 1.0366349652901619e-05
objective value with tv norm 0.002528641126422979
[600, 300.0, 150.0, 75.0, 37.5, 30, 29, 28, 27, 26, 25, 24, 23, 22, 21, 20, 19, 18, 17, 16, 15, 14, 13, 12, 11, 10, 9, 8, 7, 6, 5, 4, 3, 2, 1, 0.5, 0.25, 0.125]
predictive decrease 1.0572262174697675e-05 actual decrease 1.1960992484768077e-06
objective value without tv norm 1.5639471134698546e-05
objective value with tv norm 0.0025274450271745024
[600, 300.0, 150.0, 75.0, 37.5, 30, 29, 28, 27, 26, 25, 24, 23, 22, 21, 20, 19, 18, 17, 16, 15, 14, 13, 12, 11, 10, 9, 8, 7, 6, 5, 4, 3, 2, 1, 0.5, 0.25, 0.125, 0.0625]
predictive decrease 8.866690808889428e-06 actual decrease 4.210510095454308e-06
objective value without tv norm 1.392896103924457e-05
objective value with tv norm 0.002523234517079048
[600, 300.0, 150.0, 75.0, 37.5, 30, 29, 28, 27, 26, 25, 24, 23, 22, 21, 20, 19, 18, 17, 16, 15, 14, 13, 12, 11, 10, 9, 8, 7, 6, 5, 4, 3, 2, 1, 0.5, 0.25, 0.125, 0.0625]
predictive decrease 7.185270028542759e-06 actual decrease 3.0129320668522384e-06
objective value without tv norm 1.2412899840219538e-05
objective value with tv norm 0.002520221585012196
[600, 300.0, 150.0, 75.0, 37.5, 30, 29, 28, 27, 26, 25, 24, 23, 22, 21, 20, 19, 18, 17, 16, 15, 14, 13, 12, 11, 10, 9, 8, 7, 6, 5, 4, 3, 2, 1, 0.5, 0.25, 0.125, 0.0625]
predictive decrease 5.0730418034551986e-06 actual decrease 6.913825332851425e-07
objective value without tv norm 1.2137944709667003e-05
objective value with tv norm 0.0025195302024789107
[600, 300.0, 150.0, 75.0, 37.5, 30, 29, 28, 27, 26, 25, 24, 23, 22, 21, 20, 19, 18, 17, 16, 15, 14, 13, 12, 11, 10, 9, 8, 7, 6, 5, 4, 3, 2, 1, 0.5, 0.25, 0.125, 0.0625]
predictive decrease 6.511710289257375e-06 actual decrease 1.8610682200022668e-06
objective value without tv norm 1.2815826457623913e-05
objective value with tv norm 0.0025176691342589084
[600, 300.0, 150.0, 75.0, 37.5, 30, 29, 28, 27, 26, 25, 24, 23, 22, 21, 20, 19, 18, 17, 16, 15, 14, 13, 12, 11, 10, 9, 8, 7, 6, 5, 4, 3, 2, 1, 0.5, 0.25, 0.125, 0.0625]
predictive decrease 6.073230383530064e-06 actual decrease 1.3867409407288325e-06
objective value without tv norm 1.3929085516894979e-05
objective value with tv norm 0.0025162823933181796
[600, 300.0, 150.0, 75.0, 37.5, 30, 29, 28, 27, 26, 25, 24, 23, 22, 21, 20, 19, 18, 17, 16, 15, 14, 13, 12, 11, 10, 9, 8, 7, 6, 5, 4, 3, 2, 1, 0.5, 0.25, 0.125, 0.0625]
predictive decrease 6.108261640640905e-06 actual decrease 1.2360049249648952e-06
objective value without tv norm 1.2693080591930084e-05
objective value with tv norm 0.0025150463883932147
[600, 300.0, 150.0, 75.0, 37.5, 30, 29, 28, 27, 26, 25, 24, 23, 22, 21, 20, 19, 18, 17, 16, 15, 14, 13, 12, 11, 10, 9, 8, 7, 6, 5, 4, 3, 2, 1, 0.5, 0.25, 0.125, 0.0625]
predictive decrease 7.142427123848355e-06 actual decrease 2.4800549341787506e-06
objective value without tv norm 1.2713025657751231e-05
objective value with tv norm 0.002512566333459036
[600, 300.0, 150.0, 75.0, 37.5, 30, 29, 28, 27, 26, 25, 24, 23, 22, 21, 20, 19, 18, 17, 16, 15, 14, 13, 12, 11, 10, 9, 8, 7, 6, 5, 4, 3, 2, 1, 0.5, 0.25, 0.125, 0.0625]
predictive decrease 6.807220458045649e-06 actual decrease 2.310262076754121e-06
objective value without tv norm 1.0402763580996677e-05
objective value with tv norm 0.002510256071382282
[600, 300.0, 150.0, 75.0, 37.5, 30, 29, 28, 27, 26, 25, 24, 23, 22, 21, 20, 19, 18, 17, 16, 15, 14, 13, 12, 11, 10, 9, 8, 7, 6, 5, 4, 3, 2, 1, 0.5, 0.25, 0.125, 0.0625]
predictive decrease 5.761932561280762e-06 actual decrease 1.0870426784569988e-06
objective value without tv norm 1.2194364023776494e-05
objective value with tv norm 0.002509169028703825
[600, 300.0, 150.0, 75.0, 37.5, 30, 29, 28, 27, 26, 25, 24, 23, 22, 21, 20, 19, 18, 17, 16, 15, 14, 13, 12, 11, 10, 9, 8, 7, 6, 5, 4, 3, 2, 1, 0.5, 0.25, 0.125, 0.0625]
predictive decrease 6.623037128667634e-06 actual decrease 1.7755585550722867e-06
objective value without tv norm 1.0418805468703773e-05
objective value with tv norm 0.0025073934701487525
[600, 300.0, 150.0, 75.0, 37.5, 30, 29, 28, 27, 26, 25, 24, 23, 22, 21, 20, 19, 18, 17, 16, 15, 14, 13, 12, 11, 10, 9, 8, 7, 6, 5, 4, 3, 2, 1, 0.5, 0.25, 0.125, 0.0625]
predictive decrease 6.2639866335381655e-06 actual decrease 1.6165861570329246e-06
objective value without tv norm 1.1302219311670747e-05
objective value with tv norm 0.0025057768839917196
[600, 300.0, 150.0, 75.0, 37.5, 30, 29, 28, 27, 26, 25, 24, 23, 22, 21, 20, 19, 18, 17, 16, 15, 14, 13, 12, 11, 10, 9, 8, 7, 6, 5, 4, 3, 2, 1, 0.5, 0.25, 0.125, 0.0625]
predictive decrease 7.1084615201988215e-06 actual decrease 2.3529365078614473e-06
objective value without tv norm 1.2074282803808956e-05
objective value with tv norm 0.002503423947483858
[600, 300.0, 150.0, 75.0, 37.5, 30, 29, 28, 27, 26, 25, 24, 23, 22, 21, 20, 19, 18, 17, 16, 15, 14, 13, 12, 11, 10, 9, 8, 7, 6, 5, 4, 3, 2, 1, 0.5, 0.25, 0.125, 0.0625]
predictive decrease 6.2026723614589e-06 actual decrease 1.350325793181284e-06
objective value without tv norm 1.0723957010627672e-05
objective value with tv norm 0.002502073621690677
[600, 300.0, 150.0, 75.0, 37.5, 30, 29, 28, 27, 26, 25, 24, 23, 22, 21, 20, 19, 18, 17, 16, 15, 14, 13, 12, 11, 10, 9, 8, 7, 6, 5, 4, 3, 2, 1, 0.5, 0.25, 0.125, 0.0625]
predictive decrease 5.569328239677165e-06 actual decrease 1.4426413465370123e-06
objective value without tv norm 1.2139227946850184e-05
objective value with tv norm 0.00250063098034414
[600, 300.0, 150.0, 75.0, 37.5, 30, 29, 28, 27, 26, 25, 24, 23, 22, 21, 20, 19, 18, 17, 16, 15, 14, 13, 12, 11, 10, 9, 8, 7, 6, 5, 4, 3, 2, 1, 0.5, 0.25, 0.125, 0.0625]
predictive decrease 8.007065673069826e-06 actual decrease 3.13286505271293e-06
objective value without tv norm 9.006362894137254e-06
objective value with tv norm 0.002497498115291427
[600, 300.0, 150.0, 75.0, 37.5, 30, 29, 28, 27, 26, 25, 24, 23, 22, 21, 20, 19, 18, 17, 16, 15, 14, 13, 12, 11, 10, 9, 8, 7, 6, 5, 4, 3, 2, 1, 0.5, 0.25, 0.125, 0.0625]
predictive decrease 5.287486710837085e-06 actual decrease 1.4820937168885488e-06
objective value without tv norm 9.981901336164611e-06
objective value with tv norm 0.0024960160215745384
[600, 300.0, 150.0, 75.0, 37.5, 30, 29, 28, 27, 26, 25, 24, 23, 22, 21, 20, 19, 18, 17, 16, 15, 14, 13, 12, 11, 10, 9, 8, 7, 6, 5, 4, 3, 2, 1, 0.5, 0.25, 0.125, 0.0625]
predictive decrease 6.337279276839858e-06 actual decrease 1.920590998068933e-06
objective value without tv norm 9.847024623810263e-06
objective value with tv norm 0.0024940954305764694
[600, 300.0, 150.0, 75.0, 37.5, 30, 29, 28, 27, 26, 25, 24, 23, 22, 21, 20, 19, 18, 17, 16, 15, 14, 13, 12, 11, 10, 9, 8, 7, 6, 5, 4, 3, 2, 1, 0.5, 0.25, 0.125, 0.0625]
predictive decrease 5.524089243274903e-06 actual decrease 8.516298527329672e-07
objective value without tv norm 1.1495394771077194e-05
objective value with tv norm 0.0024932438007237365
[600, 300.0, 150.0, 75.0, 37.5, 30, 29, 28, 27, 26, 25, 24, 23, 22, 21, 20, 19, 18, 17, 16, 15, 14, 13, 12, 11, 10, 9, 8, 7, 6, 5, 4, 3, 2, 1, 0.5, 0.25, 0.125, 0.0625]
predictive decrease 7.483071799327303e-06 actual decrease 2.620805206188237e-06
objective value without tv norm 8.874589564888957e-06
objective value with tv norm 0.0024906229955175482
[600, 300.0, 150.0, 75.0, 37.5, 30, 29, 28, 27, 26, 25, 24, 23, 22, 21, 20, 19, 18, 17, 16, 15, 14, 13, 12, 11, 10, 9, 8, 7, 6, 5, 4, 3, 2, 1, 0.5, 0.25, 0.125, 0.0625]
predictive decrease 5.2664939535003626e-06 actual decrease 5.437631854887486e-07
objective value without tv norm 1.1254942670291257e-05
objective value with tv norm 0.0024900792323320595
[600, 300.0, 150.0, 75.0, 37.5, 30, 29, 28, 27, 26, 25, 24, 23, 22, 21, 20, 19, 18, 17, 16, 15, 14, 13, 12, 11, 10, 9, 8, 7, 6, 5, 4, 3, 2, 1, 0.5, 0.25, 0.125, 0.0625]
predictive decrease 6.875344705195314e-06 actual decrease 2.724315437358047e-06
objective value without tv norm 9.162513406102413e-06
objective value with tv norm 0.0024873549168947014
[600, 300.0, 150.0, 75.0, 37.5, 30, 29, 28, 27, 26, 25, 24, 23, 22, 21, 20, 19, 18, 17, 16, 15, 14, 13, 12, 11, 10, 9, 8, 7, 6, 5, 4, 3, 2, 1, 0.5, 0.25, 0.125, 0.0625]
predictive decrease 5.587432118455207e-06 actual decrease 2.095704381822102e-06
objective value without tv norm 1.0073742343075232e-05
objective value with tv norm 0.0024852592125128793
[600, 300.0, 150.0, 75.0, 37.5, 30, 29, 28, 27, 26, 25, 24, 23, 22, 21, 20, 19, 18, 17, 16, 15, 14, 13, 12, 11, 10, 9, 8, 7, 6, 5, 4, 3, 2, 1, 0.5, 0.25, 0.125]
predictive decrease 1.004659327004517e-05 actual decrease 1.318438936154069e-06
objective value without tv norm 1.2085178225706983e-05
objective value with tv norm 0.0024839407735767253
[600, 300.0, 150.0, 75.0, 37.5, 30, 29, 28, 27, 26, 25, 24, 23, 22, 21, 20, 19, 18, 17, 16, 15, 14, 13, 12, 11, 10, 9, 8, 7, 6, 5, 4, 3, 2, 1, 0.5, 0.25, 0.125, 0.0625]
predictive decrease 7.4643269179141755e-06 actual decrease 3.172881199475005e-06
objective value without tv norm 9.278900039655369e-06
objective value with tv norm 0.0024807678923772503
[600, 300.0, 150.0, 75.0, 37.5, 30, 29, 28, 27, 26, 25, 24, 23, 22, 21, 20, 19, 18, 17, 16, 15, 14, 13, 12, 11, 10, 9, 8, 7, 6, 5, 4, 3, 2, 1, 0.5, 0.25, 0.125, 0.0625, 0.03125]
predictive decrease 2.3531335976724986e-06 actual decrease 1.134401832691978e-06
objective value without tv norm 8.144498206963391e-06
objective value with tv norm 0.0024796334905445583
[600, 300.0, 150.0, 75.0, 37.5, 30, 29, 28, 27, 26, 25, 24, 23, 22, 21, 20, 19, 18, 17, 16, 15, 14, 13, 12, 11, 10, 9, 8, 7, 6, 5, 4, 3, 2, 1, 0.5, 0.25, 0.125, 0.0625, 0.03125]
predictive decrease 1.8847527110768016e-06 actual decrease 7.718880756829756e-07
objective value without tv norm 8.849537365573923e-06
objective value with tv norm 0.0024788616024688753
[600, 300.0, 150.0, 75.0, 37.5, 30, 29, 28, 27, 26, 25, 24, 23, 22, 21, 20, 19, 18, 17, 16, 15, 14, 13, 12, 11, 10, 9, 8, 7, 6, 5, 4, 3, 2, 1, 0.5, 0.25, 0.125, 0.0625, 0.03125]
predictive decrease 2.0025921477558224e-06 actual decrease 8.62153965552892e-07
objective value without tv norm 7.987383400021031e-06
objective value with tv norm 0.0024779994485033224
[600, 300.0, 150.0, 75.0, 37.5, 30, 29, 28, 27, 26, 25, 24, 23, 22, 21, 20, 19, 18, 17, 16, 15, 14, 13, 12, 11, 10, 9, 8, 7, 6, 5, 4, 3, 2, 1, 0.5, 0.25, 0.125, 0.0625, 0.03125]
predictive decrease 1.7030148019860601e-06 actual decrease 5.453728771282786e-07
objective value without tv norm 8.692010522892701e-06
objective value with tv norm 0.002477454075626194
[600, 300.0, 150.0, 75.0, 37.5, 30, 29, 28, 27, 26, 25, 24, 23, 22, 21, 20, 19, 18, 17, 16, 15, 14, 13, 12, 11, 10, 9, 8, 7, 6, 5, 4, 3, 2, 1, 0.5, 0.25, 0.125, 0.0625, 0.03125]
predictive decrease 2.3094253232122317e-06 actual decrease 1.0907596399434283e-06
objective value without tv norm 7.601250882949273e-06
objective value with tv norm 0.0024763633159862507
[600, 300.0, 150.0, 75.0, 37.5, 30, 29, 28, 27, 26, 25, 24, 23, 22, 21, 20, 19, 18, 17, 16, 15, 14, 13, 12, 11, 10, 9, 8, 7, 6, 5, 4, 3, 2, 1, 0.5, 0.25, 0.125, 0.0625, 0.03125]
predictive decrease 2.088638905931549e-06 actual decrease 9.378479289487429e-07
objective value without tv norm 7.705069620667082e-06
objective value with tv norm 0.002475425468057302
[600, 300.0, 150.0, 75.0, 37.5, 30, 29, 28, 27, 26, 25, 24, 23, 22, 21, 20, 19, 18, 17, 16, 15, 14, 13, 12, 11, 10, 9, 8, 7, 6, 5, 4, 3, 2, 1, 0.5, 0.25, 0.125, 0.0625]
predictive decrease 4.733154259794429e-06 actual decrease 7.636872810350137e-08
objective value without tv norm 1.0128700892564346e-05
objective value with tv norm 0.0024753490993291985
[600, 300.0, 150.0, 75.0, 37.5, 30, 29, 28, 27, 26, 25, 24, 23, 22, 21, 20, 19, 18, 17, 16, 15, 14, 13, 12, 11, 10, 9, 8, 7, 6, 5, 4, 3, 2, 1, 0.5, 0.25, 0.125, 0.0625]
predictive decrease 8.187025902238899e-06 actual decrease 3.501077893802891e-06
objective value without tv norm 9.127622998761353e-06
objective value with tv norm 0.0024718480214353956
[600, 300.0, 150.0, 75.0, 37.5, 30, 29, 28, 27, 26, 25, 24, 23, 22, 21, 20, 19, 18, 17, 16, 15, 14, 13, 12, 11, 10, 9, 8, 7, 6, 5, 4, 3, 2, 1, 0.5, 0.25, 0.125, 0.0625]
predictive decrease 6.869314888152938e-06 actual decrease 2.32511717705719e-06
objective value without tv norm 8.885839155037267e-06
objective value with tv norm 0.0024695229042583384
[600, 300.0, 150.0, 75.0, 37.5, 30, 29, 28, 27, 26, 25, 24, 23, 22, 21, 20, 19, 18, 17, 16, 15, 14, 13, 12, 11, 10, 9, 8, 7, 6, 5, 4, 3, 2, 1, 0.5, 0.25, 0.125, 0.0625]
predictive decrease 5.776450160360248e-06 actual decrease 1.1384647691076687e-06
objective value without tv norm 1.024737438592993e-05
objective value with tv norm 0.0024683844394892307
[600, 300.0, 150.0, 75.0, 37.5, 30, 29, 28, 27, 26, 25, 24, 23, 22, 21, 20, 19, 18, 17, 16, 15, 14, 13, 12, 11, 10, 9, 8, 7, 6, 5, 4, 3, 2, 1, 0.5, 0.25, 0.125, 0.0625]
predictive decrease 6.6359798583312535e-06 actual decrease 1.9868603323537973e-06
objective value without tv norm 1.0760514053576031e-05
objective value with tv norm 0.002466397579156877
[600, 300.0, 150.0, 75.0, 37.5, 30, 29, 28, 27, 26, 25, 24, 23, 22, 21, 20, 19, 18, 17, 16, 15, 14, 13, 12, 11, 10, 9, 8, 7, 6, 5, 4, 3, 2, 1, 0.5, 0.25, 0.125, 0.0625]
predictive decrease 6.724375675964348e-06 actual decrease 2.0693452544200477e-06
objective value without tv norm 1.1139074081012446e-05
objective value with tv norm 0.002464328233902457
[600, 300.0, 150.0, 75.0, 37.5, 30, 29, 28, 27, 26, 25, 24, 23, 22, 21, 20, 19, 18, 17, 16, 15, 14, 13, 12, 11, 10, 9, 8, 7, 6, 5, 4, 3, 2, 1, 0.5, 0.25, 0.125, 0.0625]
predictive decrease 5.502340780709752e-06 actual decrease 6.272785997296637e-07
objective value without tv norm 1.0511795481282782e-05
objective value with tv norm 0.002463700955302727
[600, 300.0, 150.0, 75.0, 37.5, 30, 29, 28, 27, 26, 25, 24, 23, 22, 21, 20, 19, 18, 17, 16, 15, 14, 13, 12, 11, 10, 9, 8, 7, 6, 5, 4, 3, 2, 1, 0.5, 0.25, 0.125, 0.0625]
predictive decrease 6.270538173585617e-06 actual decrease 1.3977984580915148e-06
objective value without tv norm 9.113997023191267e-06
objective value with tv norm 0.0024623031568446357
[600, 300.0, 150.0, 75.0, 37.5, 30, 29, 28, 27, 26, 25, 24, 23, 22, 21, 20, 19, 18, 17, 16, 15, 14, 13, 12, 11, 10, 9, 8, 7, 6, 5, 4, 3, 2, 1, 0.5, 0.25, 0.125, 0.0625]
predictive decrease 6.777104718072233e-06 actual decrease 2.1388091317854976e-06
objective value without tv norm 9.475187891405668e-06
objective value with tv norm 0.00246016434771285
[600, 300.0, 150.0, 75.0, 37.5, 30, 29, 28, 27, 26, 25, 24, 23, 22, 21, 20, 19, 18, 17, 16, 15, 14, 13, 12, 11, 10, 9, 8, 7, 6, 5, 4, 3, 2, 1, 0.5, 0.25, 0.125, 0.0625]
predictive decrease 4.7877911097345995e-06 actual decrease 1.1328938116484354e-06
objective value without tv norm 1.0510611686664895e-05
objective value with tv norm 0.0024590314539012018
[600, 300.0, 150.0, 75.0, 37.5, 30, 29, 28, 27, 26, 25, 24, 23, 22, 21, 20, 19, 18, 17, 16, 15, 14, 13, 12, 11, 10, 9, 8, 7, 6, 5, 4, 3, 2, 1, 0.5, 0.25, 0.125, 0.0625]
predictive decrease 6.188197546861968e-06 actual decrease 1.336270481822055e-06
objective value without tv norm 9.17434120484284e-06
objective value with tv norm 0.0024576951834193797
[600, 300.0, 150.0, 75.0, 37.5, 30, 29, 28, 27, 26, 25, 24, 23, 22, 21, 20, 19, 18, 17, 16, 15, 14, 13, 12, 11, 10, 9, 8, 7, 6, 5, 4, 3, 2, 1, 0.5, 0.25, 0.125, 0.0625]
predictive decrease 5.624724650074402e-06 actual decrease 8.822307250369588e-07
objective value without tv norm 1.1417110479805537e-05
objective value with tv norm 0.0024568129526943427
[600, 300.0, 150.0, 75.0, 37.5, 30, 29, 28, 27, 26, 25, 24, 23, 22, 21, 20, 19, 18, 17, 16, 15, 14, 13, 12, 11, 10, 9, 8, 7, 6, 5, 4, 3, 2, 1, 0.5, 0.25, 0.125, 0.0625]
predictive decrease 6.446314011844534e-06 actual decrease 1.5723686130897363e-06
objective value without tv norm 9.8447418667158e-06
objective value with tv norm 0.002455240584081253
[600, 300.0, 150.0, 75.0, 37.5, 30, 29, 28, 27, 26, 25, 24, 23, 22, 21, 20, 19, 18, 17, 16, 15, 14, 13, 12, 11, 10, 9, 8, 7, 6, 5, 4, 3, 2, 1, 0.5, 0.25, 0.125, 0.0625]
predictive decrease 5.376822008110963e-06 actual decrease 1.5546010733490448e-06
objective value without tv norm 8.912687759043969e-06
objective value with tv norm 0.002453685983007904
[600, 300.0, 150.0, 75.0, 37.5, 30, 29, 28, 27, 26, 25, 24, 23, 22, 21, 20, 19, 18, 17, 16, 15, 14, 13, 12, 11, 10, 9, 8, 7, 6, 5, 4, 3, 2, 1, 0.5, 0.25, 0.125, 0.0625]
predictive decrease 4.174048790476885e-06 actual decrease 1.95723120768182e-06
objective value without tv norm 9.25015671204843e-06
objective value with tv norm 0.002451728751800222
[600, 300.0, 150.0, 75.0, 37.5, 30, 29, 28, 27, 26, 25, 24, 23, 22, 21, 20, 19, 18, 17, 16, 15, 14, 13, 12, 11, 10, 9, 8, 7, 6, 5, 4, 3, 2, 1, 0.5, 0.25, 0.125, 0.0625, 0.03125]
predictive decrease 2.1497123821245454e-06 actual decrease 9.75976283290169e-07
objective value without tv norm 8.34049840814366e-06
objective value with tv norm 0.002450752775516932
[600, 300.0, 150.0, 75.0, 37.5, 30, 29, 28, 27, 26, 25, 24, 23, 22, 21, 20, 19, 18, 17, 16, 15, 14, 13, 12, 11, 10, 9, 8, 7, 6, 5, 4, 3, 2, 1, 0.5, 0.25, 0.125, 0.0625, 0.03125]
predictive decrease 1.97623362377386e-06 actual decrease 8.074558232513442e-07
objective value without tv norm 8.783042584892264e-06
objective value with tv norm 0.0024499453196936806
[600, 300.0, 150.0, 75.0, 37.5, 30, 29, 28, 27, 26, 25, 24, 23, 22, 21, 20, 19, 18, 17, 16, 15, 14, 13, 12, 11, 10, 9, 8, 7, 6, 5, 4, 3, 2, 1, 0.5, 0.25, 0.125, 0.0625]
predictive decrease 4.091022218891127e-06 actual decrease 1.0763558676470109e-07
objective value without tv norm 1.0824299269462934e-05
objective value with tv norm 0.002449837684106916
[600, 300.0, 150.0, 75.0, 37.5, 30, 29, 28, 27, 26, 25, 24, 23, 22, 21, 20, 19, 18, 17, 16, 15, 14, 13, 12, 11, 10, 9, 8, 7, 6, 5, 4, 3, 2, 1, 0.5, 0.25, 0.125, 0.0625]
predictive decrease 6.5054339856056645e-06 actual decrease 1.6339855901659206e-06
objective value without tv norm 9.190313679297013e-06
objective value with tv norm 0.00244820369851675
[600, 300.0, 150.0, 75.0, 37.5, 30, 29, 28, 27, 26, 25, 24, 23, 22, 21, 20, 19, 18, 17, 16, 15, 14, 13, 12, 11, 10, 9, 8, 7, 6, 5, 4, 3, 2, 1, 0.5, 0.25, 0.125, 0.0625]
predictive decrease 4.332632941051687e-06 actual decrease 1.2081730859730098e-06
objective value without tv norm 1.0862884577744758e-05
objective value with tv norm 0.002446995525430777
[600, 300.0, 150.0, 75.0, 37.5, 30, 29, 28, 27, 26, 25, 24, 23, 22, 21, 20, 19, 18, 17, 16, 15, 14, 13, 12, 11, 10, 9, 8, 7, 6, 5, 4, 3, 2, 1, 0.5, 0.25, 0.125, 0.0625]
predictive decrease 6.749633309548371e-06 actual decrease 2.5736481368142557e-06
objective value without tv norm 9.554742024464602e-06
objective value with tv norm 0.0024444218772939627
[600, 300.0, 150.0, 75.0, 37.5, 30, 29, 28, 27, 26, 25, 24, 23, 22, 21, 20, 19, 18, 17, 16, 15, 14, 13, 12, 11, 10, 9, 8, 7, 6, 5, 4, 3, 2, 1, 0.5, 0.25, 0.125, 0.0625, 0.03125]
predictive decrease 2.345741850201446e-06 actual decrease 1.1274546272144192e-06
objective value without tv norm 8.427287397250183e-06
objective value with tv norm 0.0024432944226667483
objective value without tv norm 8.427287397250183e-06
alpha 0.0001
objective value with tv norm 0.0024432944226667483
norm 24.348671352694982
computational time 348.96507501602173
total iterations 3900
