[600, 300.0, 150.0, 75.0, 37.5]
predictive decrease 0.6955270019764184 actual decrease 0.0861552247266939
objective value with out tv norm 0.23919446707838854
[600, 300.0, 150.0, 75.0, 37.5, 30, 29, 28]
predictive decrease 0.5978326449594491 actual decrease 0.013581063724108944
objective value with out tv norm 0.2256134033542796
[600, 300.0, 150.0, 75.0, 37.5, 30, 29, 28, 27, 26]
predictive decrease 0.5789234061778868 actual decrease 0.00446688225390568
objective value with out tv norm 0.22114652110037392
[600, 300.0, 150.0, 75.0, 37.5, 30, 29, 28, 27, 26]
predictive decrease 0.5660802095902521 actual decrease 0.0012437936544306138
objective value with out tv norm 0.2199027274459433
[600, 300.0, 150.0, 75.0, 37.5, 30, 29, 28, 27, 26, 25]
predictive decrease 0.5641814565915872 actual decrease 0.01593656503651497
objective value with out tv norm 0.20396616240942833
[600, 300.0, 150.0, 75.0, 37.5, 30, 29, 28, 27, 26, 25, 24]
predictive decrease 0.5034091551593178 actual decrease 0.0037180079133262156
objective value with out tv norm 0.20024815449610212
[600, 300.0, 150.0, 75.0, 37.5, 30, 29, 28, 27, 26, 25, 24, 23]
predictive decrease 0.48831969758884486 actual decrease 0.013537084760144591
objective value with out tv norm 0.18671106973595752
[600, 300.0, 150.0, 75.0, 37.5, 30, 29, 28, 27, 26, 25, 24, 23, 22]
predictive decrease 0.43570299296080506 actual decrease 0.004552277258644599
objective value with out tv norm 0.18215879247731293
[600, 300.0, 150.0, 75.0, 37.5, 30, 29, 28, 27, 26, 25, 24, 23, 22, 21]
predictive decrease 0.4165204248291018 actual decrease 0.016236427483055427
objective value with out tv norm 0.1659223649942575
[600, 300.0, 150.0, 75.0, 37.5, 30, 29, 28, 27, 26, 25, 24, 23, 22, 21]
predictive decrease 0.38723568987657514 actual decrease 0.047319830012864106
objective value with out tv norm 0.11860253498139339
[600, 300.0, 150.0, 75.0, 37.5, 30, 29, 28, 27, 26, 25, 24, 23, 22, 21, 20, 19, 18, 17, 16]
predictive decrease 0.2580817019135013 actual decrease 0.011331754602678767
objective value with out tv norm 0.10727078037871463
[600, 300.0, 150.0, 75.0, 37.5, 30, 29, 28, 27, 26, 25, 24, 23, 22, 21, 20, 19, 18, 17]
predictive decrease 0.2601571236899417 actual decrease 0.0074718994648256265
objective value with out tv norm 0.099798880913889
[600, 300.0, 150.0, 75.0, 37.5, 30, 29, 28, 27, 26, 25, 24, 23, 22, 21, 20, 19, 18, 17]
predictive decrease 0.2505784140325734 actual decrease 0.0007157661417955818
objective value with out tv norm 0.09908311477209342
[600, 300.0, 150.0, 75.0, 37.5, 30, 29, 28, 27, 26, 25, 24, 23, 22, 21, 20, 19, 18, 17, 16]
predictive decrease 0.23582738242526766 actual decrease 0.008018838986602606
objective value with out tv norm 0.09106427578549081
[600, 300.0, 150.0, 75.0, 37.5, 30, 29, 28, 27, 26, 25, 24, 23, 22, 21, 20, 19, 18, 17, 16, 15]
predictive decrease 0.21471714620632915 actual decrease 0.00040869618755501325
objective value with out tv norm 0.0906555795979358
[600, 300.0, 150.0, 75.0, 37.5, 30, 29, 28, 27, 26, 25, 24, 23, 22, 21, 20, 19, 18, 17, 16, 15]
predictive decrease 0.21322900689460506 actual decrease 0.010347118202911898
objective value with out tv norm 0.0803084613950239
[600, 300.0, 150.0, 75.0, 37.5, 30, 29, 28, 27, 26, 25, 24, 23, 22, 21, 20, 19, 18, 17, 16, 15, 14, 13]
predictive decrease 0.16625262368311305 actual decrease 0.005991519065566608
objective value with out tv norm 0.07431694232945729
[600, 300.0, 150.0, 75.0, 37.5, 30, 29, 28, 27, 26, 25, 24, 23, 22, 21, 20, 19, 18, 17]
predictive decrease 0.20117842779380524 actual decrease 0.0004809277363098108
objective value with out tv norm 0.07383601459314748
[600, 300.0, 150.0, 75.0, 37.5, 30, 29, 28, 27, 26, 25, 24, 23, 22, 21, 20, 19, 18, 17, 16]
predictive decrease 0.1907869455998726 actual decrease 0.00032716853379421984
objective value with out tv norm 0.07350884605935326
[600, 300.0, 150.0, 75.0, 37.5, 30, 29, 28, 27, 26, 25, 24, 23, 22, 21, 20, 19, 18, 17, 16, 15, 14]
predictive decrease 0.19197288174067384 actual decrease 0.002495353049812521
objective value with out tv norm 0.07101349300954074
[600, 300.0, 150.0, 75.0, 37.5, 30, 29, 28, 27, 26, 25, 24, 23, 22, 21, 20, 19, 18, 17, 16, 15, 14, 13]
predictive decrease 0.17424386718522294 actual decrease 0.006460617101051835
objective value with out tv norm 0.0645528759084889
[600, 300.0, 150.0, 75.0, 37.5, 30, 29, 28, 27, 26, 25, 24, 23, 22, 21, 20, 19, 18, 17, 16, 15, 14, 13, 12]
predictive decrease 0.14993880329902118 actual decrease 0.008070687419523992
objective value with out tv norm 0.05648218848896491
[600, 300.0, 150.0, 75.0, 37.5, 30, 29, 28, 27, 26, 25, 24, 23, 22, 21, 20, 19, 18, 17, 16, 15, 14, 13, 12, 11]
predictive decrease 0.12274904432616633 actual decrease 0.0034910699471940587
objective value with out tv norm 0.052991118541770854
[600, 300.0, 150.0, 75.0, 37.5, 30, 29, 28, 27, 26, 25, 24, 23, 22, 21, 20, 19, 18, 17, 16, 15, 14, 13, 12, 11, 10]
predictive decrease 0.10604346695472397 actual decrease 0.008083413056192867
objective value with out tv norm 0.04490770548557799
[600, 300.0, 150.0, 75.0, 37.5, 30, 29, 28, 27, 26, 25, 24, 23, 22, 21, 20, 19, 18, 17, 16, 15, 14, 13, 12, 11, 10, 9, 8]
predictive decrease 0.06899599562310624 actual decrease 0.0027322474196627144
objective value with out tv norm 0.04217545806591527
[600, 300.0, 150.0, 75.0, 37.5, 30, 29, 28, 27, 26, 25, 24, 23, 22, 21, 20, 19, 18, 17, 16, 15, 14, 13, 12, 11, 10, 9, 8, 7]
predictive decrease 0.054273242281707226 actual decrease 0.0015763673463522476
objective value with out tv norm 0.040599090719563025
[600, 300.0, 150.0, 75.0, 37.5, 30, 29, 28, 27, 26, 25, 24, 23, 22, 21, 20, 19, 18, 17, 16, 15, 14, 13, 12, 11, 10, 9, 8, 7]
predictive decrease 0.05299535003064468 actual decrease 0.0248208896824913
objective value with out tv norm 0.015778201037071726
[600, 300.0, 150.0, 75.0, 37.5, 30, 29, 28, 27, 26, 25, 24, 23, 22, 21, 20, 19, 18, 17, 16, 15, 14, 13, 12, 11, 10, 9, 8, 7, 6, 5]
predictive decrease 0.018914721045213228 actual decrease 5.978992297439589e-05
objective value with out tv norm 0.01571841111409733
[600, 300.0, 150.0, 75.0, 37.5, 30, 29, 28, 27, 26, 25, 24, 23, 22, 21, 20, 19, 18, 17, 16, 15, 14, 13, 12, 11, 10, 9, 8, 7, 6, 5, 4, 3]
predictive decrease 0.014234961337660277 actual decrease 0.008293315377774224
objective value with out tv norm 0.007425095736323106
[600, 300.0, 150.0, 75.0, 37.5, 30, 29, 28, 27, 26, 25, 24, 23, 22, 21, 20, 19, 18, 17, 16, 15, 14, 13, 12, 11, 10, 9, 8, 7, 6, 5, 4, 3, 2]
predictive decrease 0.006257636074818225 actual decrease 0.0013398999562186376
objective value with out tv norm 0.006085195780104469
[600, 300.0, 150.0, 75.0, 37.5, 30, 29, 28, 27, 26, 25, 24, 23, 22, 21, 20, 19, 18, 17, 16, 15, 14, 13, 12, 11, 10, 9, 8, 7, 6, 5, 4, 3, 2, 1]
predictive decrease 0.002305527474145916 actual decrease 0.0010619690467519316
objective value with out tv norm 0.005023226733352537
[600, 300.0, 150.0, 75.0, 37.5, 30, 29, 28, 27, 26, 25, 24, 23, 22, 21, 20, 19, 18, 17, 16, 15, 14, 13, 12, 11, 10, 9, 8, 7, 6, 5, 4, 3, 2]
predictive decrease 0.005346571036947953 actual decrease 0.0004056796961929843
objective value with out tv norm 0.004617547037159553
[600, 300.0, 150.0, 75.0, 37.5, 30, 29, 28, 27, 26, 25, 24, 23, 22, 21, 20, 19, 18, 17, 16, 15, 14, 13, 12, 11, 10, 9, 8, 7, 6, 5, 4, 3, 2]
predictive decrease 0.00480164202604088 actual decrease 0.001139744653203767
objective value with out tv norm 0.003477802383955786
[600, 300.0, 150.0, 75.0, 37.5, 30, 29, 28, 27, 26, 25, 24, 23, 22, 21, 20, 19, 18, 17, 16, 15, 14, 13, 12, 11, 10, 9, 8, 7, 6, 5, 4, 3]
predictive decrease 0.004722867613404104 actual decrease 0.0005735097584446125
objective value with out tv norm 0.0029042926255111734
[600, 300.0, 150.0, 75.0, 37.5, 30, 29, 28, 27, 26, 25, 24, 23, 22, 21, 20, 19, 18, 17, 16, 15, 14, 13, 12, 11, 10, 9, 8, 7, 6, 5, 4, 3, 2, 1]
predictive decrease 0.0022241164654189524 actual decrease 0.0009779543822809877
objective value with out tv norm 0.0019263382432301857
[600, 300.0, 150.0, 75.0, 37.5, 30, 29, 28, 27, 26, 25, 24, 23, 22, 21, 20, 19, 18, 17, 16, 15, 14, 13, 12, 11, 10, 9, 8, 7, 6, 5, 4, 3, 2, 1]
predictive decrease 0.0016018629252698867 actual decrease 0.00035524958259625095
objective value with out tv norm 0.0015710886606339347
[600, 300.0, 150.0, 75.0, 37.5, 30, 29, 28, 27, 26, 25, 24, 23, 22, 21, 20, 19, 18, 17, 16, 15, 14, 13, 12, 11, 10, 9, 8, 7, 6, 5, 4, 3, 2, 1]
predictive decrease 0.001252916522016883 actual decrease 6.112506673594531e-06
objective value with out tv norm 0.0015649761539603402
[600, 300.0, 150.0, 75.0, 37.5, 30, 29, 28, 27, 26, 25, 24, 23, 22, 21, 20, 19, 18, 17, 16, 15, 14, 13, 12, 11, 10, 9, 8, 7, 6, 5, 4, 3, 2, 1]
predictive decrease 0.0015238668399320183 actual decrease 0.0002766408988907898
objective value with out tv norm 0.0012883352550695504
[600, 300.0, 150.0, 75.0, 37.5, 30, 29, 28, 27, 26, 25, 24, 23, 22, 21, 20, 19, 18, 17, 16, 15, 14, 13, 12, 11, 10, 9, 8, 7, 6, 5, 4, 3, 2, 1, 0.5]
predictive decrease 0.0 actual decrease 0.0
objective value with out tv norm 0.0012883352550695504
objective value without tv norm 0.0012883352550695504
norm 39.0
computational time 113.02007675170898
total iterations 944
