[800, 400.0, 200.0, 100.0, 50.0]
predictive decrease 0.8262851613440956 actual decrease 0.33986791778838976
objective value with out tv norm 0.2794347915908245
[800, 400.0, 200.0, 100.0, 50.0, 30]
predictive decrease 0.5736240958154555 actual decrease 0.04942473867428665
objective value with out tv norm 0.23001005291653787
[800, 400.0, 200.0, 100.0, 50.0, 30]
predictive decrease 0.6037960702166066 actual decrease 0.015552877326185266
objective value with out tv norm 0.2144571755903526
[800, 400.0, 200.0, 100.0, 50.0, 30, 29, 28, 27, 26, 25]
predictive decrease 0.5381894733557977 actual decrease 0.014294741913685072
objective value with out tv norm 0.20016243367666753
[800, 400.0, 200.0, 100.0, 50.0, 30, 29, 28, 27, 26, 25, 24, 23]
predictive decrease 0.5019130878874876 actual decrease 0.015475894581318483
objective value with out tv norm 0.18468653909534904
[800, 400.0, 200.0, 100.0, 50.0, 30, 29, 28, 27, 26, 25, 24, 23, 22]
predictive decrease 0.4518949550437405 actual decrease 0.005232739516997209
objective value with out tv norm 0.17945379957835184
[800, 400.0, 200.0, 100.0, 50.0, 30, 29, 28, 27, 26, 25, 24, 23, 22, 21]
predictive decrease 0.42883656439748086 actual decrease 0.01388069387921631
objective value with out tv norm 0.16557310569913553
[800, 400.0, 200.0, 100.0, 50.0, 30, 29, 28, 27, 26, 25, 24, 23, 22, 21, 20]
predictive decrease 0.38117046232658025 actual decrease 0.006304606689923387
objective value with out tv norm 0.15926849900921214
[800, 400.0, 200.0, 100.0, 50.0, 30, 29, 28, 27, 26, 25, 24, 23, 22, 21, 20, 19]
predictive decrease 0.35570369111385813 actual decrease 0.010349548528835073
objective value with out tv norm 0.14891895048037707
[800, 400.0, 200.0, 100.0, 50.0, 30, 29, 28, 27, 26, 25, 24, 23, 22, 21, 20, 19, 18]
predictive decrease 0.31732615046011425 actual decrease 0.007750017748159865
objective value with out tv norm 0.1411689327322172
[800, 400.0, 200.0, 100.0, 50.0, 30, 29, 28, 27, 26, 25, 24, 23, 22, 21, 20, 19, 18, 17]
predictive decrease 0.28850019327875853 actual decrease 0.008499825095513835
objective value with out tv norm 0.13266910763670337
[800, 400.0, 200.0, 100.0, 50.0, 30, 29, 28, 27, 26, 25, 24, 23, 22, 21, 20, 19, 18, 17]
predictive decrease 0.27129704502291246 actual decrease 0.010813691521789348
objective value with out tv norm 0.12185541611491402
[800, 400.0, 200.0, 100.0, 50.0, 30, 29, 28, 27, 26, 25, 24, 23, 22, 21, 20, 19]
predictive decrease 0.2837875983141784 actual decrease 0.005585262202931207
objective value with out tv norm 0.11627015391198281
[800, 400.0, 200.0, 100.0, 50.0, 30, 29, 28, 27, 26, 25, 24, 23, 22, 21, 20, 19, 18]
predictive decrease 0.29297383982072916 actual decrease 0.00224350170787313
objective value with out tv norm 0.11402665220410968
[800, 400.0, 200.0, 100.0, 50.0, 30, 29, 28, 27, 26, 25, 24, 23, 22, 21, 20, 19, 18, 17]
predictive decrease 0.2752621400010301 actual decrease 0.010201854830324986
objective value with out tv norm 0.1038247973737847
[800, 400.0, 200.0, 100.0, 50.0, 30, 29, 28, 27, 26, 25, 24, 23, 22, 21, 20, 19, 18, 17, 16]
predictive decrease 0.2423053501264396 actual decrease 0.002558396502294946
objective value with out tv norm 0.10126640087148975
[800, 400.0, 200.0, 100.0, 50.0, 30, 29, 28, 27, 26, 25, 24, 23, 22, 21, 20, 19, 18, 17, 16, 15]
predictive decrease 0.22260969586336543 actual decrease 0.009466951098746401
objective value with out tv norm 0.09179944977274335
[800, 400.0, 200.0, 100.0, 50.0, 30, 29, 28, 27, 26, 25, 24, 23, 22, 21, 20, 19, 18, 17, 16, 15, 14]
predictive decrease 0.1933661744955274 actual decrease 0.007149822346898538
objective value with out tv norm 0.08464962742584481
[800, 400.0, 200.0, 100.0, 50.0, 30, 29, 28, 27, 26, 25, 24, 23, 22, 21, 20, 19, 18, 17, 16, 15, 14, 13]
predictive decrease 0.1702205363676375 actual decrease 0.004041178498186082
objective value with out tv norm 0.08060844892765873
[800, 400.0, 200.0, 100.0, 50.0, 30, 29, 28, 27, 26, 25, 24, 23, 22, 21, 20, 19, 18, 17, 16, 15, 14]
predictive decrease 0.17485031357058256 actual decrease 0.008600218934521342
objective value with out tv norm 0.07200822999313738
[800, 400.0, 200.0, 100.0, 50.0, 30, 29, 28, 27, 26, 25, 24, 23, 22, 21, 20, 19, 18, 17, 16, 15, 14, 13, 12]
predictive decrease 0.14664518934054524 actual decrease 0.00045759376090936943
objective value with out tv norm 0.07155063623222802
[800, 400.0, 200.0, 100.0, 50.0, 30, 29, 28, 27, 26, 25, 24, 23, 22, 21, 20, 19, 18]
predictive decrease 0.20940036677051876 actual decrease 0.0004825046320755533
objective value with out tv norm 0.07106813160015246
[800, 400.0, 200.0, 100.0, 50.0, 30, 29, 28, 27, 26, 25, 24, 23, 22, 21, 20, 19, 18, 17, 16, 15, 14]
predictive decrease 0.19052397508333554 actual decrease 0.007720309322373553
objective value with out tv norm 0.06334782227777891
[800, 400.0, 200.0, 100.0, 50.0, 30, 29, 28, 27, 26, 25, 24, 23, 22, 21, 20, 19, 18, 17, 16, 15, 14, 13]
predictive decrease 0.16246276435434462 actual decrease 0.0021889264629534333
objective value with out tv norm 0.061158895814825476
[800, 400.0, 200.0, 100.0, 50.0, 30, 29, 28, 27, 26, 25, 24, 23, 22, 21, 20, 19, 18, 17, 16, 15, 14, 13, 12]
predictive decrease 0.14890273993549036 actual decrease 0.006174413466706108
objective value with out tv norm 0.05498448234811937
[800, 400.0, 200.0, 100.0, 50.0, 30, 29, 28, 27, 26, 25, 24, 23, 22, 21, 20, 19, 18, 17, 16, 15, 14, 13, 12, 11]
predictive decrease 0.12903120178521105 actual decrease 0.005140714158824888
objective value with out tv norm 0.04984376818929448
[800, 400.0, 200.0, 100.0, 50.0, 30, 29, 28, 27, 26, 25, 24, 23, 22, 21, 20, 19, 18, 17, 16, 15, 14, 13, 12, 11, 10]
predictive decrease 0.10862634823133685 actual decrease 0.002572760605921154
objective value with out tv norm 0.047271007583373326
[800, 400.0, 200.0, 100.0, 50.0, 30, 29, 28, 27, 26, 25, 24, 23, 22, 21, 20, 19, 18, 17, 16, 15, 14, 13, 12, 11, 10, 9]
predictive decrease 0.09226881550175581 actual decrease 0.004301253162025898
objective value with out tv norm 0.04296975442134743
[800, 400.0, 200.0, 100.0, 50.0, 30, 29, 28, 27, 26, 25, 24, 23, 22, 21, 20, 19, 18, 17, 16, 15, 14, 13, 12, 11, 10, 9, 8]
predictive decrease 0.07352988576227934 actual decrease 0.002055289290472384
objective value with out tv norm 0.040914465130875044
[800, 400.0, 200.0, 100.0, 50.0, 30, 29, 28, 27, 26, 25, 24, 23, 22, 21, 20, 19, 18, 17, 16, 15, 14, 13, 12, 11, 10, 9, 8]
predictive decrease 0.06979486302820348 actual decrease 0.009771236150644014
objective value with out tv norm 0.03114322898023103
[800, 400.0, 200.0, 100.0, 50.0, 30, 29, 28, 27, 26, 25, 24, 23, 22, 21, 20, 19, 18, 17, 16, 15, 14, 13, 12, 11, 10, 9, 8, 7, 6]
predictive decrease 0.04373182522625958 actual decrease 0.0034362122360990233
objective value with out tv norm 0.027707016744132007
[800, 400.0, 200.0, 100.0, 50.0, 30, 29, 28, 27, 26, 25, 24, 23, 22, 21, 20, 19, 18, 17, 16, 15, 14, 13, 12, 11, 10]
predictive decrease 0.07189684249986554 actual decrease 0.0012680667013827973
objective value with out tv norm 0.02643895004274921
[800, 400.0, 200.0, 100.0, 50.0, 30, 29, 28, 27, 26, 25, 24, 23, 22, 21, 20, 19, 18, 17, 16, 15, 14, 13, 12, 11, 10, 9]
predictive decrease 0.06981961361910474 actual decrease 0.0024851083489736414
objective value with out tv norm 0.02395384169377557
[800, 400.0, 200.0, 100.0, 50.0, 30, 29, 28, 27, 26, 25, 24, 23, 22, 21, 20, 19, 18, 17, 16, 15, 14, 13, 12, 11, 10, 9, 8, 7]
predictive decrease 0.05471675580349829 actual decrease 0.0012446719712529974
objective value with out tv norm 0.02270916972252257
[800, 400.0, 200.0, 100.0, 50.0, 30, 29, 28, 27, 26, 25, 24, 23, 22, 21, 20, 19, 18, 17, 16, 15, 14, 13, 12, 11, 10, 9, 8, 7]
predictive decrease 0.056374125751781946 actual decrease 0.0019816993991534915
objective value with out tv norm 0.02072747032336908
[800, 400.0, 200.0, 100.0, 50.0, 30, 29, 28, 27, 26, 25, 24, 23, 22, 21, 20, 19, 18, 17, 16, 15, 14, 13, 12, 11, 10, 9, 8, 7, 6]
predictive decrease 0.04527895872930714 actual decrease 0.004716567701097185
objective value with out tv norm 0.016010902622271894
[800, 400.0, 200.0, 100.0, 50.0, 30, 29, 28, 27, 26, 25, 24, 23, 22, 21, 20, 19, 18, 17, 16, 15, 14, 13, 12, 11, 10, 9, 8, 7, 6, 5]
predictive decrease 0.03004133578983792 actual decrease 0.0018766402566291474
objective value with out tv norm 0.014134262365642747
[800, 400.0, 200.0, 100.0, 50.0, 30, 29, 28, 27, 26, 25, 24, 23, 22, 21, 20, 19, 18, 17, 16, 15, 14, 13, 12, 11, 10, 9, 8, 7, 6, 5, 4]
predictive decrease 0.021291623736182062 actual decrease 0.0027973214530686574
objective value with out tv norm 0.01133694091257409
[800, 400.0, 200.0, 100.0, 50.0, 30, 29, 28, 27, 26, 25, 24, 23, 22, 21, 20, 19, 18, 17, 16, 15, 14, 13, 12, 11, 10, 9, 8, 7, 6, 5, 4, 3]
predictive decrease 0.012185796570358889 actual decrease 0.002411712246645159
objective value with out tv norm 0.00892522866592893
[800, 400.0, 200.0, 100.0, 50.0, 30, 29, 28, 27, 26, 25, 24, 23, 22, 21, 20, 19, 18, 17, 16, 15, 14, 13, 12, 11, 10, 9, 8, 7, 6, 5, 4, 3, 2]
predictive decrease 0.00595839611815024 actual decrease 0.0010465212605010876
objective value with out tv norm 0.007878707405427843
[800, 400.0, 200.0, 100.0, 50.0, 30, 29, 28, 27, 26, 25, 24, 23, 22, 21, 20, 19, 18, 17, 16, 15, 14, 13, 12, 11, 10, 9, 8, 7, 6, 5, 4, 3]
predictive decrease 0.01049192724419639 actual decrease 0.0005955062604090511
objective value with out tv norm 0.007283201145018792
[800, 400.0, 200.0, 100.0, 50.0, 30, 29, 28, 27, 26, 25, 24, 23, 22, 21, 20, 19, 18, 17, 16, 15, 14, 13, 12, 11, 10, 9, 8, 7, 6, 5, 4]
predictive decrease 0.013794025342662185 actual decrease 0.0018356010814298829
objective value with out tv norm 0.005447600063588909
[800, 400.0, 200.0, 100.0, 50.0, 30, 29, 28, 27, 26, 25, 24, 23, 22, 21, 20, 19, 18, 17, 16, 15, 14, 13, 12, 11, 10, 9, 8, 7, 6, 5, 4, 3]
predictive decrease 0.011630128942169974 actual decrease 0.001573823479079639
objective value with out tv norm 0.0038737765845092698
[800, 400.0, 200.0, 100.0, 50.0, 30, 29, 28, 27, 26, 25, 24, 23, 22, 21, 20, 19, 18, 17, 16, 15, 14, 13, 12, 11, 10, 9, 8, 7, 6, 5, 4, 3, 2]
predictive decrease 0.006051926367359795 actual decrease 0.0011054390524097846
objective value with out tv norm 0.002768337532099485
[800, 400.0, 200.0, 100.0, 50.0, 30, 29, 28, 27, 26, 25, 24, 23, 22, 21, 20, 19, 18, 17, 16, 15, 14, 13, 12, 11, 10, 9, 8, 7, 6, 5, 4, 3]
predictive decrease 0.006851276510645904 actual decrease 0.000843368102778741
objective value with out tv norm 0.0019249694293207442
[800, 400.0, 200.0, 100.0, 50.0, 30, 29, 28, 27, 26, 25, 24, 23, 22, 21, 20, 19, 18, 17, 16, 15, 14, 13, 12, 11, 10, 9, 8, 7, 6, 5, 4, 3, 2, 1]
predictive decrease 0.002114855812372341 actual decrease 0.0008685237245078525
objective value with out tv norm 0.0010564457048128917
[800, 400.0, 200.0, 100.0, 50.0, 30, 29, 28, 27, 26, 25, 24, 23, 22, 21, 20, 19, 18, 17, 16, 15, 14, 13, 12, 11, 10, 9, 8, 7, 6, 5, 4, 3, 2, 1]
predictive decrease 0.001558139946134875 actual decrease 0.00031149762829663086
objective value with out tv norm 0.0007449480765162608
[800, 400.0, 200.0, 100.0, 50.0, 30, 29, 28, 27, 26, 25, 24, 23, 22, 21, 20, 19, 18, 17, 16, 15, 14, 13, 12, 11, 10, 9, 8, 7, 6, 5, 4, 3, 2, 1, 0.5]
predictive decrease 0.0 actual decrease 0.0
objective value with out tv norm 0.0007449480765162608
objective value without tv norm 0.0007449480765162608
norm 40.0
computational time 157.87312507629395
total iterations 1182
