[40, 30, 29, 28, 27, 26, 25, 24, 23, 22, 21, 20, 19, 18, 17, 16, 15, 14, 13, 12, 11, 10, 9, 8, 7, 6, 5, 4, 3, 2]
predictive decrease 0.007997720365542103 actual decrease 0.004214298941653983
objective value without tv norm -0.8428382969482009
objective value with tv norm -0.8407445105360852
[40, 30, 29, 28, 27, 26, 25, 24, 23, 22, 21, 20, 19, 18, 17, 16, 15, 14, 13, 12, 11, 10, 9, 8, 7, 6, 5, 4, 3, 2, 1, 0.5]
predictive decrease 0.0032275458924098895 actual decrease 0.0031798740814623304
objective value without tv norm -0.8464529536383589
objective value with tv norm -0.8439243846175476
[40, 30, 29, 28, 27, 26, 25, 24, 23, 22, 21, 20, 19, 18, 17, 16, 15, 14, 13, 12, 11, 10, 9, 8, 7, 6, 5, 4, 3, 2, 1, 0.5]
predictive decrease 0.0013857819661216172 actual decrease 0.0006717947668742996
objective value without tv norm -0.8461897784204602
objective value with tv norm -0.8445961793844219
[40, 30, 29, 28, 27, 26, 25, 24, 23, 22, 21, 20, 19, 18, 17, 16, 15, 14, 13, 12, 11, 10, 9, 8, 7, 6, 5, 4, 3, 2, 1, 0.5, 0.25, 0.125]
predictive decrease 0.0002106086942423337 actual decrease 0.00021037224978893597
objective value without tv norm -0.8464001506702491
objective value with tv norm -0.8448065516342108
[40, 30, 29, 28, 27, 26, 25, 24, 23, 22, 21, 20, 19, 18, 17, 16, 15, 14, 13, 12, 11, 10, 9, 8, 7, 6, 5, 4, 3, 2, 1, 0.5, 0.25, 0.125]
predictive decrease 6.88350840981481e-05 actual decrease 2.337775083370748e-05
objective value without tv norm -0.8465705872446122
objective value with tv norm -0.8448299293850445
[40, 30, 29, 28, 27, 26, 25, 24, 23, 22, 21, 20, 19, 18, 17, 16, 15, 14, 13, 12, 11, 10, 9, 8, 7, 6, 5, 4, 3, 2, 1, 0.5, 0.25, 0.125, 0.0625]
predictive decrease 9.271842907756286e-05 actual decrease 5.2156556677395187e-05
objective value without tv norm -0.8465492143895249
objective value with tv norm -0.8448820859417219
[40, 30, 29, 28, 27, 26, 25, 24, 23, 22, 21, 20, 19, 18, 17, 16, 15, 14, 13, 12, 11, 10, 9, 8]
predictive decrease -0.00023307222855563966 actual decrease -0.46083475637391524
objective value without tv norm -0.8465492143895249
objective value with tv norm -0.8448820859417219
objective value without tv norm -0.8465492143895249
alpha 0.01
objective value with tv norm -0.8448820859417219
norm 0.16671284478029802
computational time 2.4591005
total iterations 220
