[40, 30, 29, 28, 27, 26, 25, 24, 23, 22, 21, 20, 19, 18, 17, 16, 15, 14, 13, 12, 11, 10, 9, 8, 7, 6, 5, 4, 3, 2]
predictive decrease 0.10041024609292626 actual decrease 0.05039980795224136
objective value without tv norm -2.2825873913567953
objective value with tv norm -2.102587391356795
[40, 30, 29, 28, 27, 26, 25, 24, 23, 22, 21, 20, 19, 18, 17, 16, 15, 14, 13, 12, 11, 10, 9, 8, 7, 6, 5, 4]
predictive decrease 0.16296678241659843 actual decrease 0.05687837234611423
objective value without tv norm -2.2594657637029094
objective value with tv norm -2.1594657637029093
[40, 30, 29, 28, 27, 26, 25, 24, 23, 22, 21, 20, 19, 18, 17, 16, 15, 14, 13, 12, 11, 10, 9, 8, 7, 6, 5, 4, 3, 2, 1]
predictive decrease 0.05075724904467274 actual decrease 0.040683214937761475
objective value without tv norm -2.300148978640671
objective value with tv norm -2.2001489786406707
[40, 30, 29, 28, 27, 26, 25, 24, 23, 22, 21, 20, 19, 18, 17, 16, 15, 14, 13, 12, 11, 10, 9, 8, 7, 6, 5, 4, 3, 2, 1]
predictive decrease 0.05454051719459686 actual decrease 0.01602823911140755
objective value without tv norm -2.2761772177520783
objective value with tv norm -2.216177217752078
[40, 30, 29, 28, 27, 26, 25, 24, 23, 22, 21, 20, 19, 18, 17, 16, 15, 14, 13, 12, 11, 10, 9, 8, 7, 6, 5, 4, 3, 2, 1]
predictive decrease 0.04064816456727138 actual decrease 0.02340330583547795
objective value without tv norm -2.299580523587556
objective value with tv norm -2.239580523587556
[40, 30, 29, 28, 27, 26, 25, 24, 23, 22, 21, 20, 19, 18, 17, 16, 15, 14, 13, 12, 11, 10, 9, 8, 7, 6, 5, 4, 3, 2, 1, 0.5]
predictive decrease 0.0 actual decrease 5.551115123125783e-17
objective value without tv norm -2.299580523587556
objective value with tv norm -2.239580523587556
objective value without tv norm -2.299580523587556
alpha 0.01
objective value with tv norm -2.239580523587556
norm 6.0
computational time 5.118909458000001
total iterations 182
