[40, 30, 29, 28, 27, 26, 25, 24, 23, 22, 21, 20, 19, 18, 17, 16, 15, 14, 13, 12, 11, 10, 9, 8, 7, 6, 5, 4, 3, 2, 1, 0.5, 0.25]
predictive decrease 0.0035644061052440973 actual decrease 0.0023676800771727582
objective value without tv norm -3.290753977615681
objective value with tv norm -3.2401052962919303
[40, 30, 29, 28, 27, 26, 25, 24, 23, 22, 21, 20, 19, 18, 17, 16, 15, 14, 13, 12, 11, 10, 9, 8, 7, 6, 5, 4, 3, 2, 1, 0.5, 0.25, 0.125]
predictive decrease 0.0010766565023868219 actual decrease 0.0009331594411911628
objective value without tv norm -3.291687137056872
objective value with tv norm -3.2410384557331215
[40, 30, 29, 28, 27, 26, 25, 24, 23, 22, 21, 20, 19, 18, 17, 16, 15, 14, 13, 12, 11, 10, 9, 8, 7, 6, 5, 4, 3, 2, 1, 0.5, 0.25, 0.125]
predictive decrease 0.0010877572010425246 actual decrease 0.0003816903236379329
objective value without tv norm -3.29098052464773
objective value with tv norm -3.2414201460567593
[40, 30, 29, 28, 27, 26, 25, 24, 23, 22, 21, 20, 19, 18, 17, 16, 15, 14, 13, 12, 11, 10, 9, 8, 7, 6, 5, 4, 3, 2, 1, 0.5, 0.25, 0.125]
predictive decrease 0.0009065310606412094 actual decrease 0.00040797686470799704
objective value without tv norm -3.291388501512438
objective value with tv norm -3.241828122921467
[40, 30, 29, 28, 27, 26, 25, 24, 23, 22, 21, 20, 19, 18, 17, 16, 15, 14, 13, 12, 11, 10, 9, 8, 7, 6, 5, 4, 3, 2, 1, 0.5, 0.25, 0.125]
predictive decrease 0.0010581039462720931 actual decrease 0.00018036109381605603
objective value without tv norm -3.2907355292729203
objective value with tv norm -3.242008484015283
[40, 30, 29, 28, 27, 26, 25, 24, 23, 22, 21, 20, 19, 18, 17, 16, 15, 14, 13, 12, 11, 10, 9, 8, 7, 6, 5, 4, 3, 2, 1, 0.5, 0.25, 0.125]
predictive decrease 0.0008405140195818922 actual decrease 0.0008667421742769854
objective value without tv norm -3.2916022714471973
objective value with tv norm -3.24287522618956
[40, 30, 29, 28, 27, 26, 25, 24, 23, 22, 21, 20, 19, 18, 17, 16, 15, 14, 13, 12, 11, 10, 9, 8, 7, 6, 5, 4, 3, 2, 1, 0.5, 0.25, 0.125, 0.0625]
predictive decrease 0.00043325411913780476 actual decrease 0.00016281067320141757
objective value without tv norm -3.291348415453732
objective value with tv norm -3.2430380368627616
[40, 30, 29, 28, 27, 26, 25, 24, 23, 22, 21, 20, 19, 18, 17, 16, 15, 14, 13, 12, 11, 10, 9, 8, 7, 6, 5, 4, 3, 2, 1, 0.5, 0.25, 0.125, 0.0625]
predictive decrease 0.0002436970598946389 actual decrease 0.00013098208940617168
objective value without tv norm -3.2914793975431382
objective value with tv norm -3.243169018952168
[40, 30, 29, 28, 27, 26, 25, 24, 23, 22, 21, 20, 19, 18, 17, 16, 15, 14, 13, 12, 11, 10, 9, 8, 7, 6, 5, 4, 3, 2, 1, 0.5, 0.25, 0.125, 0.0625]
predictive decrease 0.00041875862828162635 actual decrease 0.00015042775056341162
objective value without tv norm -3.291213158627035
objective value with tv norm -3.2433194467027313
[40, 30, 29, 28, 27, 26, 25, 24, 23, 22, 21, 20, 19, 18, 17, 16, 15, 14, 13, 12, 11, 10, 9, 8, 7, 6, 5, 4, 3, 2, 1, 0.5, 0.25, 0.125]
predictive decrease 0.00043889309618384137 actual decrease 2.167780383011131e-05
objective value without tv norm -3.2912348364308652
objective value with tv norm -3.2433411245065615
[40, 30, 29, 28, 27, 26, 25, 24, 23, 22, 21, 20, 19, 18, 17, 16, 15, 14, 13, 12, 11, 10, 9, 8, 7, 6, 5, 4, 3, 2, 1, 0.5, 0.25, 0.125]
predictive decrease 0.001142333443984657 actual decrease 0.0004962915868064674
objective value without tv norm -3.291016842303386
objective value with tv norm -3.243837416093368
[40, 30, 29, 28, 27, 26, 25, 24, 23, 22, 21, 20, 19, 18, 17, 16, 15, 14, 13, 12, 11, 10, 9, 8, 7, 6, 5, 4, 3, 2, 1, 0.5, 0.25, 0.125, 0.0625]
predictive decrease 0.00024125423788851769 actual decrease 0.0001032678294309794
objective value without tv norm -3.291120110132817
objective value with tv norm -3.2439406839227987
[40, 30, 29, 28, 27, 26, 25, 24, 23, 22, 21, 20, 19, 18, 17, 16, 15, 14, 13, 12, 11, 10, 9, 8, 7, 6, 5, 4, 3, 2, 1, 0.5, 0.25, 0.125, 0.0625]
predictive decrease 0.00021105517454118178 actual decrease 8.788062674119218e-05
objective value without tv norm -3.291207990759558
objective value with tv norm -3.2440285645495397
[40, 30, 29, 28, 27, 26, 25, 24, 23, 22, 21, 20, 19, 18, 17, 16, 15, 14, 13, 12, 11, 10, 9, 8, 7, 6, 5, 4, 3, 2, 1, 0.5, 0.25, 0.125, 0.0625]
predictive decrease 0.00035387815746160817 actual decrease 5.442594416201624e-05
objective value without tv norm -3.290905273846577
objective value with tv norm -3.244082990493702
[40, 30, 29, 28, 27, 26, 25, 24, 23, 22, 21, 20, 19, 18, 17, 16, 15, 14, 13, 12, 11, 10, 9, 8, 7, 6, 5, 4, 3, 2, 1, 0.5, 0.25, 0.125]
predictive decrease 0.0006306621794046063 actual decrease 0.00031495317864867894
objective value without tv norm -3.2912202270252258
objective value with tv norm -3.2443979436723507
[40, 30, 29, 28, 27, 26, 25, 24, 23, 22, 21, 20, 19, 18, 17, 16, 15, 14, 13, 12, 11, 10, 9, 8, 7, 6, 5, 4, 3, 2, 1, 0.5, 0.25, 0.125]
predictive decrease 0.0009216032960018827 actual decrease 0.00017709190793711166
objective value without tv norm -3.290772318933163
objective value with tv norm -3.244575035580288
[40, 30, 29, 28, 27, 26, 25, 24, 23, 22, 21, 20, 19, 18, 17, 16, 15, 14, 13, 12, 11, 10, 9, 8, 7, 6, 5, 4, 3, 2, 1, 0.5, 0.25, 0.125]
predictive decrease 0.0007013046415091789 actual decrease 0.00014048316776447273
objective value without tv norm -3.2909128021009275
objective value with tv norm -3.2447155187480523
[40, 30, 29, 28, 27, 26, 25, 24, 23, 22, 21, 20, 19, 18, 17, 16, 15, 14, 13, 12, 11, 10, 9, 8, 7, 6, 5, 4, 3, 2, 1, 0.5, 0.25, 0.125, 0.0625]
predictive decrease 0.00032527255680613737 actual decrease 0.0003104218851959009
objective value without tv norm -3.2912232239861234
objective value with tv norm -3.2450259406332482
[40, 30, 29, 28, 27, 26, 25, 24, 23, 22, 21, 20, 19, 18, 17, 16, 15, 14, 13, 12, 11, 10, 9, 8, 7, 6, 5, 4, 3, 2, 1, 0.5, 0.25, 0.125, 0.0625, 0.03125]
predictive decrease 0.00011237664340395942 actual decrease 1.8743343722836536e-05
objective value without tv norm -3.2911030784409574
objective value with tv norm -3.245044683976971
[40, 30, 29, 28, 27, 26, 25, 24, 23, 22, 21, 20, 19, 18, 17, 16, 15, 14, 13, 12, 11, 10, 9, 8, 7, 6, 5, 4, 3, 2, 1, 0.5, 0.25, 0.125, 0.0625]
predictive decrease 0.00014909514522446626 actual decrease 4.557734275763975e-05
objective value without tv norm -3.291148655783715
objective value with tv norm -3.2450902613197288
[40, 30, 29, 28, 27, 26, 25, 24, 23, 22, 21, 20, 19, 18, 17, 16, 15, 14, 13, 12, 11, 10, 9, 8, 7, 6, 5, 4, 3, 2, 1, 0.5, 0.25, 0.125, 0.0625]
predictive decrease 0.00027541516802008503 actual decrease 2.2013321440292333e-05
objective value without tv norm -3.2908928913273776
objective value with tv norm -3.245112274641169
[40, 30, 29, 28, 27, 26, 25, 24, 23, 22, 21, 20, 19, 18, 17, 16, 15, 14, 13, 12, 11, 10, 9, 8, 7, 6, 5, 4, 3, 2, 1, 0.5, 0.25, 0.125, 0.0625]
predictive decrease 0.0002720219941729496 actual decrease 0.00021763360695496725
objective value without tv norm -3.2911105249343326
objective value with tv norm -3.245329908248124
[40, 30, 29, 28, 27, 26, 25, 24, 23, 22, 21, 20, 19, 18, 17, 16, 15, 14, 13, 12, 11, 10, 9, 8, 7, 6, 5, 4, 3, 2, 1, 0.5, 0.25, 0.125, 0.0625, 0.03125]
predictive decrease 0.0001347144960740579 actual decrease 6.121065407950488e-05
objective value without tv norm -3.2910328466995233
objective value with tv norm -3.2453911189022038
[40, 30, 29, 28, 27, 26, 25, 24, 23, 22, 21, 20, 19, 18, 17, 16, 15, 14, 13, 12, 11, 10, 9, 8, 7, 6, 5, 4, 3, 2, 1, 0.5, 0.25, 0.125, 0.0625, 0.03125, 0.015625]
predictive decrease 8.327810920132767e-05 actual decrease 6.2829882194748166e-06
objective value without tv norm -3.2909349630210762
objective value with tv norm -3.2453974018904233
[40, 30, 29, 28, 27, 26, 25, 24, 23, 22, 21, 20, 19, 18, 17, 16, 15, 14, 13, 12, 11, 10, 9, 8, 7, 6, 5, 4, 3, 2, 1, 0.5, 0.25, 0.125, 0.0625, 0.03125, 0.015625]
predictive decrease 2.2186054456273252e-05 actual decrease 1.971544489620669e-05
objective value without tv norm -3.2909546784659724
objective value with tv norm -3.2454171173353195
[40, 30, 29, 28, 27, 26, 25, 24, 23, 22, 21, 20, 19, 18, 17, 16, 15, 14, 13, 12, 11, 10, 9, 8, 7, 6, 5, 4, 3, 2, 1, 0.5, 0.25, 0.125, 0.0625, 0.03125]
predictive decrease 0.00010255457509281835 actual decrease 1.1408804207746481e-06
objective value without tv norm -3.2908169304575043
objective value with tv norm -3.2454182582157403
[40, 30, 29, 28, 27, 26, 25, 24, 23, 22, 21, 20, 19, 18, 17, 16, 15, 14, 13, 12, 11, 10, 9, 8, 7, 6, 5, 4, 3, 2, 1, 0.5, 0.25, 0.125, 0.0625, 0.03125]
predictive decrease 8.007802168496364e-05 actual decrease 8.178923708077046e-05
objective value without tv norm -3.290898719694585
objective value with tv norm -3.245500047452821
[40, 30, 29, 28, 27, 26, 25, 24, 23, 22, 21, 20, 19, 18, 17, 16, 15, 14, 13, 12, 11, 10, 9, 8, 7, 6, 5, 4, 3, 2, 1, 0.5, 0.25, 0.125, 0.0625, 0.03125, 0.015625, 0.0078125, 0.00390625, 0.001953125]
predictive decrease 9.438465461933387e-06 actual decrease 1.0146312232756083e-07
objective value without tv norm -3.290885800324374
objective value with tv norm -3.2455001489159434
[40, 30, 29, 28, 27, 26, 25, 24, 23, 22, 21, 20, 19, 18, 17, 16, 15, 14, 13, 12, 11, 10, 9, 8, 7, 6, 5, 4, 3, 2, 1, 0.5, 0.25, 0.125, 0.0625, 0.03125, 0.015625, 0.0078125, 0.00390625, 0.001953125, 0.0009765625, 0.00048828125, 0.000244140625, 0.0001220703125, 6.103515625e-05, 3.0517578125e-05, 1.52587890625e-05, 7.62939453125e-06, 3.814697265625e-06]
predictive decrease 1.5612537096476586e-09 actual decrease 3.1363862409983234e-09
objective value without tv norm -3.2908858034607604
objective value with tv norm -3.2455001520523297
[40, 30, 29, 28, 27, 26, 25, 24, 23, 22, 21, 20, 19, 18, 17, 16, 15, 14, 13, 12, 11, 10, 9, 8, 7, 6, 5, 4, 3, 2, 1, 0.5, 0.25, 0.125, 0.0625, 0.03125, 0.015625, 0.0078125, 0.00390625, 0.001953125, 0.0009765625, 0.00048828125, 0.000244140625, 0.0001220703125, 6.103515625e-05, 3.0517578125e-05, 1.52587890625e-05]
predictive decrease 7.297006998641109e-08 actual decrease 4.634423608762539e-10
objective value without tv norm -3.2908857021989424
objective value with tv norm -3.245500152515772
[40, 30, 29, 28, 27, 26, 25, 24, 23, 22, 21, 20, 19, 18, 17, 16, 15, 14, 13, 12, 11, 10, 9, 8, 7, 6, 5, 4, 3, 2, 1, 0.5, 0.25, 0.125, 0.0625, 0.03125, 0.015625, 0.0078125, 0.00390625, 0.001953125, 0.0009765625, 0.00048828125, 0.000244140625, 0.0001220703125, 6.103515625e-05, 3.0517578125e-05, 1.52587890625e-05, 7.62939453125e-06, 3.814697265625e-06]
predictive decrease 7.429158052629781e-10 actual decrease 1.4795184730131972e-09
objective value without tv norm -3.2908857036784607
objective value with tv norm -3.24550015399529
[40, 30, 29, 28, 27, 26, 25, 24, 23, 22, 21, 20, 19, 18, 17, 16, 15, 14, 13, 12, 11, 10, 9, 8, 7, 6, 5, 4, 3, 2, 1, 0.5, 0.25, 0.125, 0.0625, 0.03125, 0.015625, 0.0078125, 0.00390625, 0.001953125, 0.0009765625, 0.00048828125, 0.000244140625, 0.0001220703125, 6.103515625e-05, 3.0517578125e-05, 1.52587890625e-05, 7.62939453125e-06, 3.814697265625e-06]
predictive decrease -1.6295367902263713e-09 actual decrease -4.5190200817502024e-09
objective value without tv norm -3.2908857036784607
objective value with tv norm -3.24550015399529
objective value without tv norm -3.2908857036784607
alpha 0.01
objective value with tv norm -3.24550015399529
norm 4.538554968317036
computational time 269.709861583
total iterations 1185
