2[40, 30, 29, 28, 27, 26, 25, 24, 23, 22, 21, 20, 19, 18, 17, 16, 15, 14, 13, 12, 11, 10, 9, 8, 7, 6, 5]
predictive decrease 0.139313999007406 actual decrease 0.030643864293640244
objective value without tv norm -0.7058498385781788
objective value with tv norm -0.6458498385781788
[40, 30, 29, 28, 27, 26, 25, 24, 23, 22, 21, 20, 19, 18, 17, 16, 15, 14, 13, 12, 11, 10, 9, 8, 7, 6, 5, 4, 3]
predictive decrease 0.09858262699336784 actual decrease 0.03260085348904168
objective value without tv norm -0.7384506920672205
objective value with tv norm -0.6784506920672204
[40, 30, 29, 28, 27, 26, 25, 24, 23, 22, 21, 20, 19, 18, 17, 16, 15, 14, 13, 12, 11, 10, 9, 8, 7, 6, 5, 4, 3, 2]
predictive decrease 0.0502161218826607 actual decrease 0.02018816358870007
objective value without tv norm -0.7586388556559205
objective value with tv norm -0.6986388556559204
[40, 30, 29, 28, 27, 26, 25, 24, 23, 22, 21, 20, 19, 18, 17, 16, 15, 14, 13, 12, 11, 10, 9, 8, 7, 6, 5, 4, 3, 2]
predictive decrease 0.0411450405280878 actual decrease 0.02637290679562959
objective value without tv norm -0.78501176245155
objective value with tv norm -0.72501176245155
[40, 30, 29, 28, 27, 26, 25, 24, 23, 22, 21, 20, 19, 18, 17, 16, 15, 14, 13, 12, 11, 10, 9, 8, 7, 6, 5, 4, 3, 2]
predictive decrease 0.01944493218303274 actual decrease 0.00021999282603984982
objective value without tv norm -0.7852317552775898
objective value with tv norm -0.7252317552775898
[40, 30, 29, 28, 27, 26, 25, 24, 23, 22, 21, 20, 19, 18, 17, 16, 15, 14, 13, 12, 11, 10, 9, 8, 7, 6, 5, 4, 3, 2, 1]
predictive decrease 0.00855770372782183 actual decrease 0.008779683078122658
objective value without tv norm -0.7940114383557124
objective value with tv norm -0.7340114383557124
[40, 30, 29, 28, 27, 26, 25, 24, 23, 22, 21, 20, 19, 18, 17, 16, 15, 14, 13, 12, 11, 10, 9, 8, 7, 6, 5, 4, 3, 2, 1, 0.5]
predictive decrease 0.0 actual decrease 5.551115123125783e-17
objective value without tv norm -0.7940114383557124
objective value with tv norm -0.7340114383557124
objective value without tv norm -0.7940114383557124
alpha 0.01
objective value with tv norm -0.7340114383557124
norm 6.0
computational time 4.785443542
total iterations 210
