[40, 30, 29, 28, 27, 26, 25, 24, 23, 22, 21, 20, 19, 18, 17, 16, 15]
predictive decrease 2.1104606417344214 actual decrease 1.0570360201987399
objective value with out tv norm -2.448621440524761
[40, 30, 29, 28, 27, 26, 25, 24, 23, 22, 21, 20, 19, 18, 17, 16, 15, 14, 13, 12, 11, 10, 9, 8, 7]
predictive decrease 0.6779262324593048 actual decrease 0.12627067258933256
objective value with out tv norm -2.5748921131140934
[40, 30, 29, 28, 27, 26, 25, 24, 23, 22, 21, 20, 19, 18, 17, 16, 15, 14, 13, 12, 11, 10, 9, 8, 7, 6]
predictive decrease 0.7097743514758554 actual decrease 0.005028810880652657
objective value with out tv norm -2.579920923994746
[40, 30, 29, 28, 27, 26, 25, 24, 23, 22, 21, 20, 19, 18, 17, 16, 15, 14, 13, 12, 11, 10, 9, 8, 7, 6, 5]
predictive decrease 0.45254299568846335 actual decrease 0.19595165035812823
objective value with out tv norm -2.7758725743528743
[40, 30, 29, 28, 27, 26, 25, 24, 23, 22, 21, 20, 19, 18, 17, 16, 15, 14, 13, 12, 11, 10, 9, 8, 7, 6, 5, 4, 3]
predictive decrease 0.22651196621242184 actual decrease 0.042781304614454285
objective value with out tv norm -2.8186538789673286
[40, 30, 29, 28, 27, 26, 25, 24, 23, 22, 21, 20, 19, 18, 17, 16, 15, 14, 13, 12, 11, 10, 9, 8, 7, 6, 5, 4, 3, 2]
predictive decrease 0.09900314446532334 actual decrease 0.05521670541687218
objective value with out tv norm -2.8738705843842007
[40, 30, 29, 28, 27, 26, 25, 24, 23, 22, 21, 20, 19, 18, 17, 16, 15, 14, 13, 12, 11, 10, 9, 8, 7, 6, 5, 4, 3, 2, 1]
predictive decrease 0.050369728158378146 actual decrease 0.04852664506940485
objective value with out tv norm -2.9223972294536056
[40, 30, 29, 28, 27, 26, 25, 24, 23, 22, 21, 20, 19, 18, 17, 16, 15, 14, 13, 12, 11, 10, 9, 8, 7, 6, 5, 4, 3, 2, 1, 0.5]
predictive decrease 0.0 actual decrease 0.0
objective value with out tv norm -2.9223972294536056
objective value without tv norm -2.9223972294536056
norm 6.0
computational time 41.392729875
total iterations 219
