[320, 160.0, 80.0, 40.0, 30, 29, 28, 27]
predictive decrease 1.354561365961309 actual decrease 0.04295061472309336
objective value with out tv norm 0.8525675930413907
[320, 160.0, 80.0]
predictive decrease 4.189483616460191 actual decrease 0.40920214883799444
objective value with out tv norm 0.4433654442033963
[320, 160.0, 80.0, 40.0, 30, 29, 28, 27, 26, 25, 24, 23, 22, 21, 20, 19, 18, 17, 16, 15, 14, 13, 12, 11, 10, 9]
predictive decrease 0.6775562559104495 actual decrease 0.09973897220117633
objective value with out tv norm 0.34362647200221996
[320, 160.0, 80.0, 40.0, 30, 29, 28, 27, 26, 25]
predictive decrease 2.8004090705322167 actual decrease 0.07935290731358702
objective value with out tv norm 0.26427356468863294
[320, 160.0, 80.0, 40.0, 30, 29, 28, 27, 26, 25]
predictive decrease 2.2898543733611705 actual decrease 0.1385570509166425
objective value with out tv norm 0.12571651377199045
[320, 160.0, 80.0, 40.0, 30, 29, 28, 27, 26, 25, 24, 23, 22, 21, 20, 19, 18, 17, 16, 15, 14, 13, 12, 11, 10, 9, 8, 7, 6, 5, 4, 3]
predictive decrease 0.14148950600484472 actual decrease 0.055348388464641074
objective value with out tv norm 0.07036812530734937
[320, 160.0, 80.0, 40.0, 30, 29, 28, 27, 26, 25, 24, 23, 22, 21]
predictive decrease 0.8445172423507933 actual decrease 0.013464885674141391
objective value with out tv norm 0.05690323963320798
[320, 160.0, 80.0, 40.0, 30, 29, 28, 27, 26, 25, 24, 23, 22, 21, 20, 19, 18, 17, 16, 15, 14, 13, 12, 11, 10, 9, 8, 7, 6, 5, 4, 3, 2, 1]
predictive decrease 0.0 actual decrease 0.0
objective value with out tv norm 0.05690323963320798
objective value without tv norm 0.05690323963320798
norm 30.0
computational time 6.284358024597168
total iterations 142
