[320, 160.0, 80.0, 40.0, 30, 29, 28, 27, 26, 25, 24, 23, 22, 21, 20, 19, 18, 17, 16, 15, 14, 13, 12, 11, 10, 9, 8, 7, 6, 5, 4, 3, 2, 1, 0.5, 0.25, 0.125, 0.0625, 0.03125, 0.015625, 0.0078125, 0.00390625, 0.001953125]
predictive decrease 4.0990116253114203e-07 actual decrease 1.8481659725690623e-07
objective value without tv norm 2.143335820115521e-07
objective value with tv norm 0.0018867541931427909
[320, 160.0, 80.0, 40.0, 30, 29, 28, 27, 26, 25, 24, 23, 22, 21, 20, 19, 18, 17, 16, 15, 14, 13, 12, 11, 10, 9, 8, 7, 6, 5, 4, 3, 2, 1, 0.5, 0.25, 0.125, 0.0625, 0.03125, 0.015625, 0.0078125, 0.00390625]
predictive decrease 1.45863548373505e-06 actual decrease 5.590293670706438e-07
objective value without tv norm 4.3655894670015693e-07
objective value with tv norm 0.0018861951637757202
[320, 160.0, 80.0, 40.0, 30, 29, 28, 27, 26, 25, 24, 23, 22, 21, 20, 19, 18, 17, 16, 15, 14, 13, 12, 11, 10, 9, 8, 7, 6, 5, 4, 3, 2, 1, 0.5, 0.25, 0.125, 0.0625, 0.03125, 0.015625, 0.0078125, 0.00390625]
predictive decrease 1.5485161572144964e-06 actual decrease 6.509438989115487e-07
objective value without tv norm 5.668650477888083e-07
objective value with tv norm 0.0018855442198768087
[320, 160.0, 80.0, 40.0, 30, 29, 28, 27, 26, 25, 24, 23, 22, 21, 20, 19, 18, 17, 16, 15, 14, 13, 12, 11, 10, 9, 8, 7, 6, 5, 4, 3, 2, 1, 0.5, 0.25, 0.125, 0.0625, 0.03125, 0.015625, 0.0078125, 0.00390625]
predictive decrease 1.5751124886457558e-06 actual decrease 6.779020899549612e-07
objective value without tv norm 6.702129578337091e-07
objective value with tv norm 0.0018848663177868537
[320, 160.0, 80.0, 40.0, 30, 29, 28, 27, 26, 25, 24, 23, 22, 21, 20, 19, 18, 17, 16, 15, 14, 13, 12, 11, 10, 9, 8, 7, 6, 5, 4, 3, 2, 1, 0.5, 0.25, 0.125, 0.0625, 0.03125, 0.015625, 0.0078125, 0.00390625]
predictive decrease 1.2977265384053228e-06 actual decrease 3.9669260526280226e-07
objective value without tv norm 1.0547703525709075e-06
objective value with tv norm 0.001884469625181591
[320, 160.0, 80.0, 40.0, 30, 29, 28, 27, 26, 25, 24, 23, 22, 21, 20, 19, 18, 17, 16, 15, 14, 13, 12, 11, 10, 9, 8, 7, 6, 5, 4, 3, 2, 1, 0.5, 0.25, 0.125, 0.0625, 0.03125, 0.015625, 0.0078125, 0.00390625]
predictive decrease 1.7615864903763098e-06 actual decrease 8.573108484816617e-07
objective value without tv norm 9.787095040893186e-07
objective value with tv norm 0.0018836123143331092
[320, 160.0, 80.0, 40.0, 30, 29, 28, 27, 26, 25, 24, 23, 22, 21, 20, 19, 18, 17, 16, 15, 14, 13, 12, 11, 10, 9, 8, 7, 6, 5, 4, 3, 2, 1, 0.5, 0.25, 0.125, 0.0625, 0.03125, 0.015625, 0.0078125, 0.00390625]
predictive decrease 1.2956470117103831e-06 actual decrease 3.912262288628763e-07
objective value without tv norm 1.3687332752264863e-06
objective value with tv norm 0.0018832210881042464
[320, 160.0, 80.0, 40.0, 30, 29, 28, 27, 26, 25, 24, 23, 22, 21, 20, 19, 18, 17, 16, 15, 14, 13, 12, 11, 10, 9, 8, 7, 6, 5, 4, 3, 2, 1, 0.5, 0.25, 0.125, 0.0625, 0.03125, 0.015625, 0.0078125]
predictive decrease 4.704258095123521e-06 actual decrease 1.0942426588284558e-06
objective value without tv norm 1.8369906163980405e-06
objective value with tv norm 0.001882126845445418
[320, 160.0, 80.0, 40.0, 30, 29, 28, 27, 26, 25, 24, 23, 22, 21, 20, 19, 18, 17, 16, 15, 14, 13, 12, 11, 10, 9, 8, 7, 6, 5, 4, 3, 2, 1, 0.5, 0.25, 0.125, 0.0625, 0.03125, 0.015625, 0.0078125]
predictive decrease 4.999228524941914e-06 actual decrease 1.7625763804390241e-06
objective value without tv norm 1.636914235959248e-06
objective value with tv norm 0.0018803642690649789
[320, 160.0, 80.0, 40.0, 30, 29, 28, 27, 26, 25, 24, 23, 22, 21, 20, 19, 18, 17, 16, 15, 14, 13, 12, 11, 10, 9, 8, 7, 6, 5, 4, 3, 2, 1, 0.5, 0.25, 0.125, 0.0625, 0.03125, 0.015625, 0.0078125]
predictive decrease 3.765399930800691e-06 actual decrease 1.5237404603699045e-07
objective value without tv norm 3.047040189922294e-06
objective value with tv norm 0.001880211895018942
[320, 160.0, 80.0, 40.0, 30, 29, 28, 27, 26, 25, 24, 23, 22, 21, 20, 19, 18, 17, 16, 15, 14, 13, 12, 11, 10, 9, 8, 7, 6, 5, 4, 3, 2, 1, 0.5, 0.25, 0.125, 0.0625, 0.03125, 0.015625, 0.0078125]
predictive decrease 4.83851542855949e-06 actual decrease 1.2208432348913278e-06
objective value without tv norm 3.3886969550310716e-06
objective value with tv norm 0.0018789910517840506
[320, 160.0, 80.0, 40.0, 30, 29, 28, 27, 26, 25, 24, 23, 22, 21, 20, 19, 18, 17, 16, 15, 14, 13, 12, 11, 10, 9, 8, 7, 6, 5, 4, 3, 2, 1, 0.5, 0.25, 0.125, 0.0625, 0.03125, 0.015625, 0.0078125]
predictive decrease 4.164113157612264e-06 actual decrease 5.592148605956977e-07
objective value without tv norm 4.391982094435358e-06
objective value with tv norm 0.0018784318369234549
[320, 160.0, 80.0, 40.0, 30, 29, 28, 27, 26, 25, 24, 23, 22, 21, 20, 19, 18, 17, 16, 15, 14, 13, 12, 11, 10, 9, 8, 7, 6, 5, 4, 3, 2, 1, 0.5, 0.25, 0.125, 0.0625, 0.03125, 0.015625]
predictive decrease 1.5073912750195083e-05 actual decrease 6.221470572674408e-07
objective value without tv norm 6.894835037167833e-06
objective value with tv norm 0.0018778096898661874
[320, 160.0, 80.0, 40.0, 30, 29, 28, 27, 26, 25, 24, 23, 22, 21, 20, 19, 18, 17, 16, 15, 14, 13, 12, 11, 10, 9, 8, 7, 6, 5, 4, 3, 2, 1, 0.5, 0.25, 0.125, 0.0625, 0.03125, 0.015625]
predictive decrease 1.728849168349e-05 actual decrease 2.868957895576065e-06
objective value without tv norm 7.150877141591815e-06
objective value with tv norm 0.0018749407319706114
[320, 160.0, 80.0, 40.0, 30, 29, 28, 27, 26, 25, 24, 23, 22, 21, 20, 19, 18, 17, 16, 15, 14, 13, 12, 11, 10, 9, 8, 7, 6, 5, 4, 3, 2, 1, 0.5, 0.25, 0.125, 0.0625, 0.03125, 0.015625]
predictive decrease 1.5817411760421767e-05 actual decrease 1.350448362043245e-06
objective value without tv norm 8.925428779548763e-06
objective value with tv norm 0.0018735902836085681
[320, 160.0, 80.0, 40.0, 30, 29, 28, 27, 26, 25, 24, 23, 22, 21, 20, 19, 18, 17, 16, 15, 14, 13, 12, 11, 10, 9, 8, 7, 6, 5, 4, 3, 2, 1, 0.5, 0.25, 0.125, 0.0625, 0.03125, 0.015625]
predictive decrease 1.4476327076630999e-05 actual decrease 4.1541873242623584e-06
objective value without tv norm 6.962950172915046e-06
objective value with tv norm 0.0018694360962843058
[320, 160.0, 80.0, 40.0, 30, 29, 28, 27, 26, 25, 24, 23, 22, 21, 20, 19, 18, 17, 16, 15, 14, 13, 12, 11, 10, 9, 8, 7, 6, 5, 4, 3, 2, 1, 0.5, 0.25, 0.125, 0.0625, 0.03125, 0.015625, 0.0078125]
predictive decrease 5.413018161062183e-06 actual decrease 1.8017720464350885e-06
objective value without tv norm 6.723678126479716e-06
objective value with tv norm 0.0018676343242378707
[320, 160.0, 80.0, 40.0, 30, 29, 28, 27, 26, 25, 24, 23, 22, 21, 20, 19, 18, 17, 16, 15, 14, 13, 12, 11, 10, 9, 8, 7, 6, 5, 4, 3, 2, 1, 0.5, 0.25, 0.125, 0.0625, 0.03125, 0.015625]
predictive decrease 1.5460357806376885e-05 actual decrease 9.908611109628925e-07
objective value without tv norm 8.857817015516957e-06
objective value with tv norm 0.0018666434631269078
[320, 160.0, 80.0, 40.0, 30, 29, 28, 27, 26, 25, 24, 23, 22, 21, 20, 19, 18, 17, 16, 15, 14, 13, 12, 11, 10, 9, 8, 7, 6, 5, 4, 3, 2, 1, 0.5, 0.25, 0.125, 0.0625, 0.03125, 0.015625]
predictive decrease 2.0924814174990737e-05 actual decrease 6.468845084436599e-06
objective value without tv norm 5.513971931080404e-06
objective value with tv norm 0.0018601746180424712
[320, 160.0, 80.0, 40.0, 30, 29, 28, 27, 26, 25, 24, 23, 22, 21, 20, 19, 18, 17, 16, 15, 14, 13, 12, 11, 10, 9, 8, 7, 6, 5, 4, 3, 2, 1, 0.5, 0.25, 0.125, 0.0625, 0.03125, 0.015625, 0.0078125]
predictive decrease 6.952362334189735e-06 actual decrease 3.3369615178152883e-06
objective value without tv norm 2.9582604132650552e-06
objective value with tv norm 0.0018568376565246559
[320, 160.0, 80.0, 40.0, 30, 29, 28, 27, 26, 25, 24, 23, 22, 21, 20, 19, 18, 17, 16, 15, 14, 13, 12, 11, 10, 9, 8, 7, 6, 5, 4, 3, 2, 1, 0.5, 0.25, 0.125, 0.0625, 0.03125, 0.015625, 0.0078125]
predictive decrease 6.491763295677711e-06 actual decrease 2.8795238390566698e-06
objective value without tv norm 1.6412365742084387e-06
objective value with tv norm 0.0018539581326855992
[320, 160.0, 80.0, 40.0, 30, 29, 28, 27, 26, 25, 24, 23, 22, 21, 20, 19, 18, 17, 16, 15, 14, 13, 12, 11, 10, 9, 8, 7, 6, 5, 4, 3, 2, 1, 0.5, 0.25, 0.125, 0.0625, 0.03125, 0.015625, 0.0078125]
predictive decrease 4.204949595137605e-06 actual decrease 5.941109421209699e-07
objective value without tv norm 2.609625632087479e-06
objective value with tv norm 0.0018533640217434783
[320, 160.0, 80.0, 40.0, 30, 29, 28, 27, 26, 25, 24, 23, 22, 21, 20, 19, 18, 17, 16, 15, 14, 13, 12, 11, 10, 9, 8, 7, 6, 5, 4, 3, 2, 1, 0.5, 0.25, 0.125, 0.0625, 0.03125, 0.015625, 0.0078125]
predictive decrease 5.31432448583162e-06 actual decrease 1.6971124613925689e-06
objective value without tv norm 2.4750131706947984e-06
objective value with tv norm 0.0018516669092820857
[320, 160.0, 80.0, 40.0, 30, 29, 28, 27, 26, 25, 24, 23, 22, 21, 20, 19, 18, 17, 16, 15, 14, 13, 12, 11, 10, 9, 8, 7, 6, 5, 4, 3, 2, 1, 0.5, 0.25, 0.125, 0.0625, 0.03125, 0.015625, 0.0078125]
predictive decrease 5.137218228040566e-06 actual decrease 1.5306095457298836e-06
objective value without tv norm 2.506903624964899e-06
objective value with tv norm 0.0018501362997363558
[320, 160.0, 80.0, 40.0, 30, 29, 28, 27, 26, 25, 24, 23, 22, 21, 20, 19, 18, 17, 16, 15, 14, 13, 12, 11, 10, 9, 8, 7, 6, 5, 4, 3, 2, 1, 0.5, 0.25, 0.125, 0.0625, 0.03125, 0.015625, 0.0078125]
predictive decrease 6.2293173850017005e-06 actual decrease 2.6129481844839805e-06
objective value without tv norm 1.456455440480998e-06
objective value with tv norm 0.0018475233515518718
[320, 160.0, 80.0, 40.0, 30, 29, 28, 27, 26, 25, 24, 23, 22, 21, 20, 19, 18, 17, 16, 15, 14, 13, 12, 11, 10, 9, 8, 7, 6, 5, 4, 3, 2, 1, 0.5, 0.25, 0.125, 0.0625, 0.03125, 0.015625, 0.0078125]
predictive decrease 4.045966310973559e-06 actual decrease 4.3471758671758884e-07
objective value without tv norm 2.584237853763419e-06
objective value with tv norm 0.0018470886339651542
[320, 160.0, 80.0, 40.0, 30, 29, 28, 27, 26, 25, 24, 23, 22, 21, 20, 19, 18, 17, 16, 15, 14, 13, 12, 11, 10, 9, 8, 7, 6, 5, 4, 3, 2, 1, 0.5, 0.25, 0.125, 0.0625, 0.03125, 0.015625, 0.0078125]
predictive decrease 5.185665568934383e-06 actual decrease 1.5686215044073692e-06
objective value without tv norm 2.578116349356155e-06
objective value with tv norm 0.0018455200124607469
[320, 160.0, 80.0, 40.0, 30, 29, 28, 27, 26, 25, 24, 23, 22, 21, 20, 19, 18, 17, 16, 15, 14, 13, 12, 11, 10, 9, 8, 7, 6, 5, 4, 3, 2, 1, 0.5, 0.25, 0.125, 0.0625, 0.03125, 0.015625, 0.0078125]
predictive decrease 4.954503490915349e-06 actual decrease 1.3473783925905484e-06
objective value without tv norm 2.793237956765374e-06
objective value with tv norm 0.0018441726340681563
[320, 160.0, 80.0, 40.0, 30, 29, 28, 27, 26, 25, 24, 23, 22, 21, 20, 19, 18, 17, 16, 15, 14, 13, 12, 11, 10, 9, 8, 7, 6, 5, 4, 3, 2, 1, 0.5, 0.25, 0.125, 0.0625, 0.03125, 0.015625, 0.0078125]
predictive decrease 6.072089152188431e-06 actual decrease 2.4559410280967572e-06
objective value without tv norm 1.8997969286686964e-06
objective value with tv norm 0.0018417166930400596
[320, 160.0, 80.0, 40.0, 30, 29, 28, 27, 26, 25, 24, 23, 22, 21, 20, 19, 18, 17, 16, 15, 14, 13, 12, 11, 10, 9, 8, 7, 6, 5, 4, 3, 2, 1, 0.5, 0.25, 0.125, 0.0625, 0.03125, 0.015625, 0.0078125]
predictive decrease 4.143518760423796e-06 actual decrease 5.251586258788431e-07
objective value without tv norm 2.937138302789976e-06
objective value with tv norm 0.0018411915344141807
[320, 160.0, 80.0, 40.0, 30, 29, 28, 27, 26, 25, 24, 23, 22, 21, 20, 19, 18, 17, 16, 15, 14, 13, 12, 11, 10, 9, 8, 7, 6, 5, 4, 3, 2, 1, 0.5, 0.25, 0.125, 0.0625, 0.03125, 0.015625, 0.0078125]
predictive decrease 4.491747782576442e-06 actual decrease 8.749058860134384e-07
objective value without tv norm 3.624732416776643e-06
objective value with tv norm 0.0018403166285281673
[320, 160.0, 80.0, 40.0, 30, 29, 28, 27, 26, 25, 24, 23, 22, 21, 20, 19, 18, 17, 16, 15, 14, 13, 12, 11, 10, 9, 8, 7, 6, 5, 4, 3, 2, 1, 0.5, 0.25, 0.125, 0.0625, 0.03125, 0.015625, 0.0078125]
predictive decrease 5.0628793879668645e-06 actual decrease 1.455311260012155e-06
objective value without tv norm 3.731921156764472e-06
objective value with tv norm 0.0018388613172681551
[320, 160.0, 80.0, 40.0, 30, 29, 28, 27, 26, 25, 24, 23, 22, 21, 20, 19, 18, 17, 16, 15, 14, 13, 12, 11, 10, 9, 8, 7, 6, 5, 4, 3, 2, 1, 0.5, 0.25, 0.125, 0.0625, 0.03125, 0.015625, 0.0078125]
predictive decrease 5.7060438221115915e-06 actual decrease 2.09386894727253e-06
objective value without tv norm 3.2005522094918043e-06
objective value with tv norm 0.0018367674483208826
[320, 160.0, 80.0, 40.0, 30, 29, 28, 27, 26, 25, 24, 23, 22, 21, 20, 19, 18, 17, 16, 15, 14, 13, 12, 11, 10, 9, 8, 7, 6, 5, 4, 3, 2, 1, 0.5, 0.25, 0.125, 0.0625, 0.03125, 0.015625, 0.0078125]
predictive decrease 5.3092796560478845e-06 actual decrease 1.6949484335688787e-06
objective value without tv norm 3.068103775922936e-06
objective value with tv norm 0.0018350724998873137
[320, 160.0, 80.0, 40.0, 30, 29, 28, 27, 26, 25, 24, 23, 22, 21, 20, 19, 18, 17, 16, 15, 14, 13, 12, 11, 10, 9, 8, 7, 6, 5, 4, 3, 2, 1, 0.5, 0.25, 0.125, 0.0625, 0.03125, 0.015625, 0.0078125]
predictive decrease 4.704724825762684e-06 actual decrease 1.089560390866431e-06
objective value without tv norm 2.759793385056688e-06
objective value with tv norm 0.0018339829394964473
[320, 160.0, 80.0, 40.0, 30, 29, 28, 27, 26, 25, 24, 23, 22, 21, 20, 19, 18, 17, 16, 15, 14, 13, 12, 11, 10, 9, 8, 7, 6, 5, 4, 3, 2, 1, 0.5, 0.25, 0.125, 0.0625, 0.03125, 0.015625, 0.0078125]
predictive decrease 4.737916437142853e-06 actual decrease 1.1262846165819868e-06
objective value without tv norm 3.1960087684744943e-06
objective value with tv norm 0.0018328566548798653
[320, 160.0, 80.0, 40.0, 30, 29, 28, 27, 26, 25, 24, 23, 22, 21, 20, 19, 18, 17, 16, 15, 14, 13, 12, 11, 10, 9, 8, 7, 6, 5, 4, 3, 2, 1, 0.5, 0.25, 0.125, 0.0625, 0.03125, 0.015625, 0.0078125]
predictive decrease 4.5963617866259885e-06 actual decrease 9.797247651453789e-07
objective value without tv norm 3.7787840033292208e-06
objective value with tv norm 0.00183187693011472
[320, 160.0, 80.0, 40.0, 30, 29, 28, 27, 26, 25, 24, 23, 22, 21, 20, 19, 18, 17, 16, 15, 14, 13, 12, 11, 10, 9, 8, 7, 6, 5, 4, 3, 2, 1, 0.5, 0.25, 0.125, 0.0625, 0.03125, 0.015625, 0.0078125]
predictive decrease 5.031918943196887e-06 actual decrease 1.423845053038792e-06
objective value without tv norm 3.917438950290413e-06
objective value with tv norm 0.0018304530850616811
[320, 160.0, 80.0, 40.0, 30, 29, 28, 27, 26, 25, 24, 23, 22, 21, 20, 19, 18, 17, 16, 15, 14, 13, 12, 11, 10, 9, 8, 7, 6, 5, 4, 3, 2, 1, 0.5, 0.25, 0.125, 0.0625, 0.03125, 0.015625, 0.0078125]
predictive decrease 6.06200612464987e-06 actual decrease 2.4461492893436063e-06
objective value without tv norm 3.033789660946886e-06
objective value with tv norm 0.0018280069357723375
[320, 160.0, 80.0, 40.0, 30, 29, 28, 27, 26, 25, 24, 23, 22, 21, 20, 19, 18, 17, 16, 15, 14, 13, 12, 11, 10, 9, 8, 7, 6, 5, 4, 3, 2, 1, 0.5, 0.25, 0.125, 0.0625, 0.03125, 0.015625, 0.0078125]
predictive decrease 4.577192915091637e-06 actual decrease 9.65423069875914e-07
objective value without tv norm 3.630866591070707e-06
objective value with tv norm 0.0018270415127024616
[320, 160.0, 80.0, 40.0, 30, 29, 28, 27, 26, 25, 24, 23, 22, 21, 20, 19, 18, 17, 16, 15, 14, 13, 12, 11, 10, 9, 8, 7, 6, 5, 4, 3, 2, 1, 0.5, 0.25, 0.125, 0.0625, 0.03125, 0.015625, 0.0078125]
predictive decrease 5.291196473752348e-06 actual decrease 1.7044218407124764e-06
objective value without tv norm 3.488944750358197e-06
objective value with tv norm 0.0018253370908617491
[320, 160.0, 80.0, 40.0, 30, 29, 28, 27, 26, 25, 24, 23, 22, 21, 20, 19, 18, 17, 16, 15, 14, 13, 12, 11, 10, 9, 8, 7, 6, 5, 4, 3, 2, 1, 0.5, 0.25, 0.125, 0.0625, 0.03125, 0.015625, 0.0078125]
predictive decrease 4.608036737945931e-06 actual decrease 1.8730068231625867e-06
objective value without tv norm 3.178437927196276e-06
objective value with tv norm 0.0018234640840385865
[320, 160.0, 80.0, 40.0, 30, 29, 28, 27, 26, 25, 24, 23, 22, 21, 20, 19, 18, 17, 16, 15, 14, 13, 12, 11, 10, 9, 8, 7, 6, 5, 4, 3, 2, 1, 0.5, 0.25, 0.125, 0.0625, 0.03125, 0.015625, 0.0078125]
predictive decrease 4.235110495346382e-06 actual decrease 6.40511467905891e-07
objective value without tv norm 4.100426459290387e-06
objective value with tv norm 0.0018228235725706806
[320, 160.0, 80.0, 40.0, 30, 29, 28, 27, 26, 25, 24, 23, 22, 21, 20, 19, 18, 17, 16, 15, 14, 13, 12, 11, 10, 9, 8, 7, 6, 5, 4, 3, 2, 1, 0.5, 0.25, 0.125, 0.0625, 0.03125, 0.015625, 0.0078125]
predictive decrease 5.107917336066338e-06 actual decrease 1.5055718705588896e-06
objective value without tv norm 4.157354588731342e-06
objective value with tv norm 0.0018213180007001218
[320, 160.0, 80.0, 40.0, 30, 29, 28, 27, 26, 25, 24, 23, 22, 21, 20, 19, 18, 17, 16, 15, 14, 13, 12, 11, 10, 9, 8, 7, 6, 5, 4, 3, 2, 1, 0.5, 0.25, 0.125, 0.0625, 0.03125, 0.015625, 0.0078125]
predictive decrease 4.004242231153915e-06 actual decrease 3.8600430359763196e-07
objective value without tv norm 5.333850285133799e-06
objective value with tv norm 0.0018209319963965241
[320, 160.0, 80.0, 40.0, 30, 29, 28, 27, 26, 25, 24, 23, 22, 21, 20, 19, 18, 17, 16, 15, 14, 13, 12, 11, 10, 9, 8, 7, 6, 5, 4, 3, 2, 1, 0.5, 0.25, 0.125, 0.0625, 0.03125, 0.015625, 0.0078125]
predictive decrease 6.132159821515453e-06 actual decrease 2.5226770386103155e-06
objective value without tv norm 4.373673246523442e-06
objective value with tv norm 0.0018184093193579138
[320, 160.0, 80.0, 40.0, 30, 29, 28, 27, 26, 25, 24, 23, 22, 21, 20, 19, 18, 17, 16, 15, 14, 13, 12, 11, 10, 9, 8, 7, 6, 5, 4, 3, 2, 1, 0.5, 0.25, 0.125, 0.0625, 0.03125, 0.015625, 0.0078125]
predictive decrease 3.922557570454387e-06 actual decrease 3.1465668001132326e-07
objective value without tv norm 5.621516566512163e-06
objective value with tv norm 0.0018180946626779025
[320, 160.0, 80.0, 40.0, 30, 29, 28, 27, 26, 25, 24, 23, 22, 21, 20, 19, 18, 17, 16, 15, 14, 13, 12, 11, 10, 9, 8, 7, 6, 5, 4, 3, 2, 1, 0.5, 0.25, 0.125, 0.0625, 0.03125, 0.015625, 0.0078125]
predictive decrease 5.233736866895079e-06 actual decrease 2.0464849393895482e-06
objective value without tv norm 5.137531627122378e-06
objective value with tv norm 0.001816048177738513
[320, 160.0, 80.0, 40.0, 30, 29, 28, 27, 26, 25, 24, 23, 22, 21, 20, 19, 18, 17, 16, 15, 14, 13, 12, 11, 10, 9, 8, 7, 6, 5, 4, 3, 2, 1, 0.5, 0.25, 0.125, 0.0625, 0.03125, 0.015625, 0.0078125]
predictive decrease 3.6637991420874604e-06 actual decrease 1.1210283605840414e-06
objective value without tv norm 5.3941616355840485e-06
objective value with tv norm 0.001814927149377929
[320, 160.0, 80.0, 40.0, 30, 29, 28, 27, 26, 25, 24, 23, 22, 21, 20, 19, 18, 17, 16, 15, 14, 13, 12, 11, 10, 9, 8, 7, 6, 5, 4, 3, 2, 1, 0.5, 0.25, 0.125, 0.0625, 0.03125, 0.015625, 0.0078125, 0.00390625]
predictive decrease 1.7954235491952474e-06 actual decrease 8.920414426793165e-07
objective value without tv norm 5.283370192904629e-06
objective value with tv norm 0.0018140351079352496
[320, 160.0, 80.0, 40.0, 30, 29, 28, 27, 26, 25, 24, 23, 22, 21, 20, 19, 18, 17, 16, 15, 14, 13, 12, 11, 10, 9, 8, 7, 6, 5, 4, 3, 2, 1, 0.5, 0.25, 0.125, 0.0625, 0.03125, 0.015625, 0.0078125]
predictive decrease 3.957060530317266e-06 actual decrease 3.38735147924641e-07
objective value without tv norm 6.507135044979902e-06
objective value with tv norm 0.001813696372787325
[320, 160.0, 80.0, 40.0, 30, 29, 28, 27, 26, 25, 24, 23, 22, 21, 20, 19, 18, 17, 16, 15, 14, 13, 12, 11, 10, 9, 8, 7, 6, 5, 4, 3, 2, 1, 0.5, 0.25, 0.125, 0.0625, 0.03125, 0.015625, 0.0078125]
predictive decrease 6.654398708953475e-06 actual decrease 3.041869200568143e-06
objective value without tv norm 5.027765844411978e-06
objective value with tv norm 0.0018106545035867568
[320, 160.0, 80.0, 40.0, 30, 29, 28, 27, 26, 25, 24, 23, 22, 21, 20, 19, 18, 17, 16, 15, 14, 13, 12, 11, 10, 9, 8, 7, 6, 5, 4, 3, 2, 1, 0.5, 0.25, 0.125, 0.0625, 0.03125, 0.015625, 0.0078125]
predictive decrease 4.225036017371005e-06 actual decrease 6.155018096446526e-07
objective value without tv norm 5.974764034767284e-06
objective value with tv norm 0.0018100390017771121
[320, 160.0, 80.0, 40.0, 30, 29, 28, 27, 26, 25, 24, 23, 22, 21, 20, 19, 18, 17, 16, 15, 14, 13, 12, 11, 10, 9, 8, 7, 6, 5, 4, 3, 2, 1, 0.5, 0.25, 0.125, 0.0625, 0.03125, 0.015625, 0.0078125]
predictive decrease 5.92940623371117e-06 actual decrease 2.31116338241682e-06
objective value without tv norm 5.226100652350335e-06
objective value with tv norm 0.0018077278383946953
[320, 160.0, 80.0, 40.0, 30, 29, 28, 27, 26, 25, 24, 23, 22, 21, 20, 19, 18, 17, 16, 15, 14, 13, 12, 11, 10, 9, 8, 7, 6, 5, 4, 3, 2, 1, 0.5, 0.25, 0.125, 0.0625, 0.03125, 0.015625, 0.0078125]
predictive decrease 3.885921284171694e-06 actual decrease 2.675951148380269e-07
objective value without tv norm 6.521005537512222e-06
objective value with tv norm 0.0018074602432798573
[320, 160.0, 80.0, 40.0, 30, 29, 28, 27, 26, 25, 24, 23, 22, 21, 20, 19, 18, 17, 16, 15, 14, 13, 12, 11, 10, 9, 8, 7, 6, 5, 4, 3, 2, 1, 0.5, 0.25, 0.125, 0.0625, 0.03125, 0.015625, 0.0078125]
predictive decrease 6.594899205528788e-06 actual decrease 2.9823695952143573e-06
objective value without tv norm 5.101135942298083e-06
objective value with tv norm 0.001804477873684643
[320, 160.0, 80.0, 40.0, 30, 29, 28, 27, 26, 25, 24, 23, 22, 21, 20, 19, 18, 17, 16, 15, 14, 13, 12, 11, 10, 9, 8, 7, 6, 5, 4, 3, 2, 1, 0.5, 0.25, 0.125, 0.0625, 0.03125, 0.015625, 0.0078125]
predictive decrease 4.153787134030277e-06 actual decrease 5.442539103975904e-07
objective value without tv norm 6.119382031900451e-06
objective value with tv norm 0.0018039336197742453
[320, 160.0, 80.0, 40.0, 30, 29, 28, 27, 26, 25, 24, 23, 22, 21, 20, 19, 18, 17, 16, 15, 14, 13, 12, 11, 10, 9, 8, 7, 6, 5, 4, 3, 2, 1, 0.5, 0.25, 0.125, 0.0625, 0.03125, 0.015625, 0.0078125]
predictive decrease 5.8407873968322095e-06 actual decrease 2.222543191342458e-06
objective value without tv norm 5.459338840557864e-06
objective value with tv norm 0.0018017110765829029
[320, 160.0, 80.0, 40.0, 30, 29, 28, 27, 26, 25, 24, 23, 22, 21, 20, 19, 18, 17, 16, 15, 14, 13, 12, 11, 10, 9, 8, 7, 6, 5, 4, 3, 2, 1, 0.5, 0.25, 0.125, 0.0625, 0.03125, 0.015625, 0.0078125]
predictive decrease 4.116753150168722e-06 actual decrease 5.247941001582535e-07
objective value without tv norm 6.497044740399621e-06
objective value with tv norm 0.0018011862824827446
[320, 160.0, 80.0, 40.0, 30, 29, 28, 27, 26, 25, 24, 23, 22, 21, 20, 19, 18, 17, 16, 15, 14, 13, 12, 11, 10, 9, 8, 7, 6, 5, 4, 3, 2, 1, 0.5, 0.25, 0.125, 0.0625, 0.03125, 0.015625, 0.0078125]
predictive decrease 5.222663086039674e-06 actual decrease 1.6090960524106721e-06
objective value without tv norm 6.450448687988941e-06
objective value with tv norm 0.001799577186430334
[320, 160.0, 80.0, 40.0, 30, 29, 28, 27, 26, 25, 24, 23, 22, 21, 20, 19, 18, 17, 16, 15, 14, 13, 12, 11, 10, 9, 8, 7, 6, 5, 4, 3, 2, 1, 0.5, 0.25, 0.125, 0.0625, 0.03125, 0.015625, 0.0078125]
predictive decrease 3.986908338385938e-06 actual decrease 3.686714223048466e-07
objective value without tv norm 7.644277265684174e-06
objective value with tv norm 0.0017992085150080291
[320, 160.0, 80.0, 40.0, 30, 29, 28, 27, 26, 25, 24, 23, 22, 21, 20, 19, 18, 17, 16, 15, 14, 13, 12, 11, 10, 9, 8, 7, 6, 5, 4, 3, 2, 1, 0.5, 0.25, 0.125, 0.0625, 0.03125, 0.015625]
predictive decrease 1.4059804275185373e-05 actual decrease 1.679863659430304e-06
objective value without tv norm 9.089413606253468e-06
objective value with tv norm 0.0017975286513485988
[320, 160.0, 80.0, 40.0, 30, 29, 28, 27, 26, 25, 24, 23, 22, 21, 20, 19, 18, 17, 16, 15, 14, 13, 12, 11, 10, 9, 8, 7, 6, 5, 4, 3, 2, 1, 0.5, 0.25, 0.125, 0.0625, 0.03125, 0.015625]
predictive decrease 1.4657923525826294e-05 actual decrease 1.9949566073267262e-06
objective value without tv norm 7.254380264856298e-06
objective value with tv norm 0.001795533694741272
[320, 160.0, 80.0, 40.0, 30, 29, 28, 27, 26, 25, 24, 23, 22, 21, 20, 19, 18, 17, 16, 15, 14, 13, 12, 11, 10, 9, 8, 7, 6, 5, 4, 3, 2, 1, 0.5, 0.25, 0.125, 0.0625, 0.03125, 0.015625]
predictive decrease 1.4129313082930335e-05 actual decrease 8.855627497336965e-07
objective value without tv norm 9.49381751512272e-06
objective value with tv norm 0.0017946481319915384
[320, 160.0, 80.0, 40.0, 30, 29, 28, 27, 26, 25, 24, 23, 22, 21, 20, 19, 18, 17, 16, 15, 14, 13, 12, 11, 10, 9, 8, 7, 6, 5, 4, 3, 2, 1, 0.5, 0.25, 0.125, 0.0625, 0.03125, 0.015625, 0.0078125]
predictive decrease 6.8052043455336855e-06 actual decrease 3.1965590606402444e-06
objective value without tv norm 7.078508454482318e-06
objective value with tv norm 0.0017914515729308981
[320, 160.0, 80.0, 40.0, 30, 29, 28, 27, 26, 25, 24, 23, 22, 21, 20, 19, 18, 17, 16, 15, 14, 13, 12, 11, 10, 9, 8, 7, 6, 5, 4, 3, 2, 1, 0.5, 0.25, 0.125, 0.0625, 0.03125, 0.015625, 0.0078125]
predictive decrease 5.108367875614715e-06 actual decrease 1.5051068889572732e-06
objective value without tv norm 7.135901565525142e-06
objective value with tv norm 0.0017899464660419409
[320, 160.0, 80.0, 40.0, 30, 29, 28, 27, 26, 25, 24, 23, 22, 21, 20, 19, 18, 17, 16, 15, 14, 13, 12, 11, 10, 9, 8, 7, 6, 5, 4, 3, 2, 1, 0.5, 0.25, 0.125, 0.0625, 0.03125, 0.015625, 0.0078125]
predictive decrease 6.1067459307042205e-06 actual decrease 2.4916111865719206e-06
objective value without tv norm 5.425540378952989e-06
objective value with tv norm 0.001787454854855369
[320, 160.0, 80.0, 40.0, 30, 29, 28, 27, 26, 25, 24, 23, 22, 21, 20, 19, 18, 17, 16, 15, 14, 13, 12, 11, 10, 9, 8, 7, 6, 5, 4, 3, 2, 1, 0.5, 0.25, 0.125, 0.0625, 0.03125, 0.015625, 0.0078125]
predictive decrease 5.531371385838991e-06 actual decrease 1.9388162509723517e-06
objective value without tv norm 5.049224127980647e-06
objective value with tv norm 0.0017855160386043966
[320, 160.0, 80.0, 40.0, 30, 29, 28, 27, 26, 25, 24, 23, 22, 21, 20, 19, 18, 17, 16, 15, 14, 13, 12, 11, 10, 9, 8, 7, 6, 5, 4, 3, 2, 1, 0.5, 0.25, 0.125, 0.0625, 0.03125, 0.015625, 0.0078125]
predictive decrease 3.849850276706895e-06 actual decrease 2.6267027938972273e-07
objective value without tv norm 6.349053848591048e-06
objective value with tv norm 0.0017852533683250069
[320, 160.0, 80.0, 40.0, 30, 29, 28, 27, 26, 25, 24, 23, 22, 21, 20, 19, 18, 17, 16, 15, 14, 13, 12, 11, 10, 9, 8, 7, 6, 5, 4, 3, 2, 1, 0.5, 0.25, 0.125, 0.0625, 0.03125, 0.015625, 0.0078125]
predictive decrease 5.5056596915186926e-06 actual decrease 1.8990801493631426e-06
objective value without tv norm 5.231223699227896e-06
objective value with tv norm 0.0017833542881756437
[320, 160.0, 80.0, 40.0, 30, 29, 28, 27, 26, 25, 24, 23, 22, 21, 20, 19, 18, 17, 16, 15, 14, 13, 12, 11, 10, 9, 8, 7, 6, 5, 4, 3, 2, 1, 0.5, 0.25, 0.125, 0.0625, 0.03125, 0.015625, 0.0078125]
predictive decrease 3.841706791318702e-06 actual decrease 2.3721989255158678e-07
objective value without tv norm 6.556503806676389e-06
objective value with tv norm 0.0017831170682830921
[320, 160.0, 80.0, 40.0, 30, 29, 28, 27, 26, 25, 24, 23, 22, 21, 20, 19, 18, 17, 16, 15, 14, 13, 12, 11, 10, 9, 8, 7, 6, 5, 4, 3, 2, 1, 0.5, 0.25, 0.125, 0.0625, 0.03125, 0.015625, 0.0078125]
predictive decrease 5.22724734706363e-06 actual decrease 1.6303970620822929e-06
objective value without tv norm 5.707356744594028e-06
objective value with tv norm 0.0017814866712210099
[320, 160.0, 80.0, 40.0, 30, 29, 28, 27, 26, 25, 24, 23, 22, 21, 20, 19, 18, 17, 16, 15, 14, 13, 12, 11, 10, 9, 8, 7, 6, 5, 4, 3, 2, 1, 0.5, 0.25, 0.125, 0.0625, 0.03125, 0.015625, 0.0078125, 0.00390625]
predictive decrease 1.773131308893932e-06 actual decrease 8.701207873875079e-07
objective value without tv norm 5.618485957206556e-06
objective value with tv norm 0.0017806165504336223
[320, 160.0, 80.0, 40.0, 30, 29, 28, 27, 26, 25, 24, 23, 22, 21, 20, 19, 18, 17, 16, 15, 14, 13, 12, 11, 10, 9, 8, 7, 6, 5, 4, 3, 2, 1, 0.5, 0.25, 0.125, 0.0625, 0.03125, 0.015625, 0.0078125]
predictive decrease 3.865898115644603e-06 actual decrease 2.6926246081415695e-07
objective value without tv norm 6.9117234963924e-06
objective value with tv norm 0.0017803472879728082
[320, 160.0, 80.0, 40.0, 30, 29, 28, 27, 26, 25, 24, 23, 22, 21, 20, 19, 18, 17, 16, 15, 14, 13, 12, 11, 10, 9, 8, 7, 6, 5, 4, 3, 2, 1, 0.5, 0.25, 0.125, 0.0625, 0.03125, 0.015625, 0.0078125]
predictive decrease 5.723687105288044e-06 actual decrease 2.1116373695240827e-06
objective value without tv norm 6.362586126868127e-06
objective value with tv norm 0.0017782356506032841
[320, 160.0, 80.0, 40.0, 30, 29, 28, 27, 26, 25, 24, 23, 22, 21, 20, 19, 18, 17, 16, 15, 14, 13, 12, 11, 10, 9, 8, 7, 6, 5, 4, 3, 2, 1, 0.5, 0.25, 0.125, 0.0625, 0.03125, 0.015625, 0.0078125]
predictive decrease 4.009269935544317e-06 actual decrease 3.933084392058247e-07
objective value without tv norm 6.750527687662573e-06
objective value with tv norm 0.0017778423421640783
[320, 160.0, 80.0, 40.0, 30, 29, 28, 27, 26, 25, 24, 23, 22, 21, 20, 19, 18, 17, 16, 15, 14, 13, 12, 11, 10, 9, 8, 7, 6, 5, 4, 3, 2, 1, 0.5, 0.25, 0.125, 0.0625, 0.03125, 0.015625, 0.0078125]
predictive decrease 6.790203791951855e-06 actual decrease 3.1757432654340185e-06
objective value without tv norm 5.137284422228565e-06
objective value with tv norm 0.0017746665988986443
[320, 160.0, 80.0, 40.0, 30, 29, 28, 27, 26, 25, 24, 23, 22, 21, 20, 19, 18, 17, 16, 15, 14, 13, 12, 11, 10, 9, 8, 7, 6, 5, 4, 3, 2, 1, 0.5, 0.25, 0.125, 0.0625, 0.03125, 0.015625, 0.0078125]
predictive decrease 4.461600726252254e-06 actual decrease 8.450808023615156e-07
objective value without tv norm 5.854703619866912e-06
objective value with tv norm 0.0017738215180962828
[320, 160.0, 80.0, 40.0, 30, 29, 28, 27, 26, 25, 24, 23, 22, 21, 20, 19, 18, 17, 16, 15, 14, 13, 12, 11, 10, 9, 8, 7, 6, 5, 4, 3, 2, 1, 0.5, 0.25, 0.125, 0.0625, 0.03125, 0.015625, 0.0078125]
predictive decrease 6.207063128785446e-06 actual decrease 2.5948603860834196e-06
objective value without tv norm 4.8223432337833894e-06
objective value with tv norm 0.0017712266577101993
[320, 160.0, 80.0, 40.0, 30, 29, 28, 27, 26, 25, 24, 23, 22, 21, 20, 19, 18, 17, 16, 15, 14, 13, 12, 11, 10, 9, 8, 7, 6, 5, 4, 3, 2, 1, 0.5, 0.25, 0.125, 0.0625, 0.03125, 0.015625, 0.0078125]
predictive decrease 3.5614934886473142e-06 actual decrease 1.2838479897070258e-06
objective value without tv norm 5.100995244076959e-06
objective value with tv norm 0.0017699428097204923
[320, 160.0, 80.0, 40.0, 30, 29, 28, 27, 26, 25, 24, 23, 22, 21, 20, 19, 18, 17, 16, 15, 14, 13, 12, 11, 10, 9, 8, 7, 6, 5, 4, 3, 2, 1, 0.5, 0.25, 0.125, 0.0625, 0.03125, 0.015625, 0.0078125]
predictive decrease 4.836093908315402e-06 actual decrease 1.2240649852265917e-06
objective value without tv norm 5.439430258850021e-06
objective value with tv norm 0.0017687187447352657
[320, 160.0, 80.0, 40.0, 30, 29, 28, 27, 26, 25, 24, 23, 22, 21, 20, 19, 18, 17, 16, 15, 14, 13, 12, 11, 10, 9, 8, 7, 6, 5, 4, 3, 2, 1, 0.5, 0.25, 0.125, 0.0625, 0.03125, 0.015625, 0.0078125]
predictive decrease 6.039567633865477e-06 actual decrease 2.4413418876494293e-06
objective value without tv norm 4.560588371200653e-06
objective value with tv norm 0.0017662774028476163
[320, 160.0, 80.0, 40.0, 30, 29, 28, 27, 26, 25, 24, 23, 22, 21, 20, 19, 18, 17, 16, 15, 14, 13, 12, 11, 10, 9, 8, 7, 6, 5, 4, 3, 2, 1, 0.5, 0.25, 0.125, 0.0625, 0.03125, 0.015625, 0.0078125]
predictive decrease 4.79772647491751e-06 actual decrease 1.1976022086599824e-06
objective value without tv norm 4.925486162540802e-06
objective value with tv norm 0.0017650798006389563
[320, 160.0, 80.0, 40.0, 30, 29, 28, 27, 26, 25, 24, 23, 22, 21, 20, 19, 18, 17, 16, 15, 14, 13, 12, 11, 10, 9, 8, 7, 6, 5, 4, 3, 2, 1, 0.5, 0.25, 0.125, 0.0625, 0.03125, 0.015625, 0.0078125]
predictive decrease 4.058703097323778e-06 actual decrease 4.535885067304124e-07
objective value without tv norm 6.034397655810427e-06
objective value with tv norm 0.0017646262121322259
[320, 160.0, 80.0, 40.0, 30, 29, 28, 27, 26, 25, 24, 23, 22, 21, 20, 19, 18, 17, 16, 15, 14, 13, 12, 11, 10, 9, 8, 7, 6, 5, 4, 3, 2, 1, 0.5, 0.25, 0.125, 0.0625, 0.03125, 0.015625, 0.0078125]
predictive decrease 5.770129797078461e-06 actual decrease 2.1538614007607978e-06
objective value without tv norm 5.443036255049587e-06
objective value with tv norm 0.001762472350731465
[320, 160.0, 80.0, 40.0, 30, 29, 28, 27, 26, 25, 24, 23, 22, 21, 20, 19, 18, 17, 16, 15, 14, 13, 12, 11, 10, 9, 8, 7, 6, 5, 4, 3, 2, 1, 0.5, 0.25, 0.125, 0.0625, 0.03125, 0.015625, 0.0078125]
predictive decrease 5.418199667537151e-06 actual decrease 2.5969657710637074e-06
objective value without tv norm 4.408570483985635e-06
objective value with tv norm 0.0017598753849604014
[320, 160.0, 80.0, 40.0, 30, 29, 28, 27, 26, 25, 24, 23, 22, 21, 20, 19, 18, 17, 16, 15, 14, 13, 12, 11, 10, 9, 8, 7, 6, 5, 4, 3, 2, 1, 0.5, 0.25, 0.125, 0.0625, 0.03125, 0.015625, 0.0078125, 0.00390625]
predictive decrease 1.5653711070719688e-06 actual decrease 6.631410706268905e-07
objective value without tv norm 4.526679413358719e-06
objective value with tv norm 0.0017592122438897745
[320, 160.0, 80.0, 40.0, 30, 29, 28, 27, 26, 25, 24, 23, 22, 21, 20, 19, 18, 17, 16, 15, 14, 13, 12, 11, 10, 9, 8, 7, 6, 5, 4, 3, 2, 1, 0.5, 0.25, 0.125, 0.0625, 0.03125, 0.015625, 0.0078125]
predictive decrease 3.4387664761225106e-06 actual decrease 5.3514358988853566e-08
objective value without tv norm 6.035665054369899e-06
objective value with tv norm 0.0017591587295307856
[320, 160.0, 80.0, 40.0, 30, 29, 28, 27, 26, 25, 24, 23, 22, 21, 20, 19, 18, 17, 16, 15, 14, 13, 12, 11, 10, 9, 8, 7, 6, 5, 4, 3, 2, 1, 0.5, 0.25, 0.125, 0.0625, 0.03125, 0.015625, 0.0078125]
predictive decrease 5.2166742463342734e-06 actual decrease 1.6077700335467328e-06
objective value without tv norm 5.99039502082308e-06
objective value with tv norm 0.001757550959497239
[320, 160.0, 80.0, 40.0, 30, 29, 28, 27, 26, 25, 24, 23, 22, 21, 20, 19, 18, 17, 16, 15, 14, 13, 12, 11, 10, 9, 8, 7, 6, 5, 4, 3, 2, 1, 0.5, 0.25, 0.125, 0.0625, 0.03125, 0.015625, 0.0078125]
predictive decrease 4.271818152987985e-06 actual decrease 6.535541613571921e-07
objective value without tv norm 6.899340859466063e-06
objective value with tv norm 0.0017568974053358817
[320, 160.0, 80.0, 40.0, 30, 29, 28, 27, 26, 25, 24, 23, 22, 21, 20, 19, 18, 17, 16, 15, 14, 13, 12, 11, 10, 9, 8, 7, 6, 5, 4, 3, 2, 1, 0.5, 0.25, 0.125, 0.0625, 0.03125, 0.015625]
predictive decrease 1.5145194644754353e-05 actual decrease 6.821830407111734e-07
objective value without tv norm 9.342157818754684e-06
objective value with tv norm 0.0017562152222951705
[320, 160.0, 80.0, 40.0, 30, 29, 28, 27, 26, 25, 24, 23, 22, 21, 20, 19, 18, 17, 16, 15, 14, 13, 12, 11, 10, 9, 8, 7, 6, 5, 4, 3, 2, 1, 0.5, 0.25, 0.125, 0.0625, 0.03125, 0.015625]
predictive decrease 1.789141452043742e-05 actual decrease 3.4183262098625485e-06
objective value without tv norm 9.04883160889213e-06
objective value with tv norm 0.001752796896085308
[320, 160.0, 80.0, 40.0, 30, 29, 28, 27, 26, 25, 24, 23, 22, 21, 20, 19, 18, 17, 16, 15, 14, 13, 12, 11, 10, 9, 8, 7, 6, 5, 4, 3, 2, 1, 0.5, 0.25, 0.125, 0.0625, 0.03125, 0.015625, 0.0078125]
predictive decrease 6.447432381997097e-06 actual decrease 2.8412126667580733e-06
objective value without tv norm 7.770118942134223e-06
objective value with tv norm 0.00174995568341855
[320, 160.0, 80.0, 40.0, 30, 29, 28, 27, 26, 25, 24, 23, 22, 21, 20, 19, 18, 17, 16, 15, 14, 13, 12, 11, 10, 9, 8, 7, 6, 5, 4, 3, 2, 1, 0.5, 0.25, 0.125, 0.0625, 0.03125, 0.015625, 0.0078125]
predictive decrease 5.123960312504753e-06 actual decrease 1.508402166337016e-06
objective value without tv norm 7.824216775796913e-06
objective value with tv norm 0.001748447281252213
[320, 160.0, 80.0, 40.0, 30, 29, 28, 27, 26, 25, 24, 23, 22, 21, 20, 19, 18, 17, 16, 15, 14, 13, 12, 11, 10, 9, 8, 7, 6, 5, 4, 3, 2, 1, 0.5, 0.25, 0.125, 0.0625, 0.03125, 0.015625]
predictive decrease 1.5097227761030245e-05 actual decrease 6.615721344302179e-07
objective value without tv norm 1.028764464136688e-05
objective value with tv norm 0.0017477857091177827
[320, 160.0, 80.0, 40.0, 30, 29, 28, 27, 26, 25, 24, 23, 22, 21, 20, 19, 18, 17, 16, 15, 14, 13, 12, 11, 10, 9, 8, 7, 6, 5, 4, 3, 2, 1, 0.5, 0.25, 0.125, 0.0625, 0.03125, 0.015625]
predictive decrease 2.1673630827786757e-05 actual decrease 7.654621264748581e-06
objective value without tv norm 5.758023376618032e-06
objective value with tv norm 0.001740131087853034
[320, 160.0, 80.0, 40.0, 30, 29, 28, 27, 26, 25, 24, 23, 22, 21, 20, 19, 18, 17, 16, 15, 14, 13, 12, 11, 10, 9, 8, 7, 6, 5, 4, 3, 2, 1, 0.5, 0.25, 0.125, 0.0625, 0.03125, 0.015625, 0.0078125]
predictive decrease 4.831142685481765e-06 actual decrease 1.222240314175619e-06
objective value without tv norm 6.098283062442328e-06
objective value with tv norm 0.0017389088475388585
[320, 160.0, 80.0, 40.0, 30, 29, 28, 27, 26, 25, 24, 23, 22, 21, 20, 19, 18, 17, 16, 15, 14, 13, 12, 11, 10, 9, 8, 7, 6, 5, 4, 3, 2, 1, 0.5, 0.25, 0.125, 0.0625, 0.03125, 0.015625, 0.0078125]
predictive decrease 4.323913906364085e-06 actual decrease 7.083772025765541e-07
objective value without tv norm 6.952405859865714e-06
objective value with tv norm 0.001738200470336282
[320, 160.0, 80.0, 40.0, 30, 29, 28, 27, 26, 25, 24, 23, 22, 21, 20, 19, 18, 17, 16, 15, 14, 13, 12, 11, 10, 9, 8, 7, 6, 5, 4, 3, 2, 1, 0.5, 0.25, 0.125, 0.0625, 0.03125, 0.015625, 0.0078125]
predictive decrease 4.04624955786196e-06 actual decrease 4.279780020496806e-07
objective value without tv norm 8.086927857815991e-06
objective value with tv norm 0.0017377724923342323
[320, 160.0, 80.0, 40.0, 30, 29, 28, 27, 26, 25, 24, 23, 22, 21, 20, 19, 18, 17, 16, 15, 14, 13, 12, 11, 10, 9, 8, 7, 6, 5, 4, 3, 2, 1, 0.5, 0.25, 0.125, 0.0625, 0.03125, 0.015625]
predictive decrease 1.5518237942171997e-05 actual decrease 1.0934220778940906e-06
objective value without tv norm 1.0118505779921993e-05
objective value with tv norm 0.0017366790702563382
original energy 5.889969361461134e-06
objective value without tv norm 1.0118505779921993e-05
alpha 0.0001
objective value with tv norm 0.0017366790702563382
tv norm 17.26560564476416
l2 norm 0.00042285364184608583
computational time 153.77262020111084
total iterations 4139
