[320, 160.0, 80.0, 40.0, 30, 29, 28, 27, 26, 25, 24, 23, 22, 21, 20, 19, 18, 17, 16, 15, 14, 13]
predictive decrease 0.7109566862583188 actual decrease 0.010462889135454234
objective value with out tv norm 0.608438015564784
[320, 160.0, 80.0, 40.0, 30, 29, 28, 27, 26, 25, 24, 23, 22, 21, 20, 19, 18, 17, 16, 15, 14, 13, 12, 11]
predictive decrease 0.7179324521640298 actual decrease 0.04263727746868862
objective value with out tv norm 0.5658007380960954
[320, 160.0, 80.0, 40.0, 30, 29, 28, 27, 26, 25, 24, 23, 22, 21, 20, 19, 18, 17, 16, 15, 14, 13, 12, 11, 10, 9, 8, 7]
predictive decrease 0.5938814151273244 actual decrease 0.1430241125365741
objective value with out tv norm 0.42277662555952134
[320, 160.0, 80.0, 40.0, 30, 29, 28, 27, 26, 25, 24, 23, 22, 21, 20, 19, 18, 17, 16, 15, 14, 13, 12, 11, 10, 9, 8, 7]
predictive decrease 0.40264970054997484 actual decrease 0.07157669719684556
objective value with out tv norm 0.3511999283626758
[320, 160.0, 80.0, 40.0, 30, 29, 28, 27, 26, 25, 24, 23, 22, 21, 20, 19, 18, 17, 16, 15, 14, 13, 12, 11, 10, 9, 8, 7, 6, 5]
predictive decrease 0.2890027841642716 actual decrease 0.08047730334764436
objective value with out tv norm 0.2707226250150314
[320, 160.0, 80.0, 40.0, 30, 29, 28, 27, 26, 25, 24, 23, 22, 21, 20, 19, 18, 17, 16, 15, 14, 13, 12, 11, 10, 9, 8, 7]
predictive decrease 0.5454860770859524 actual decrease 0.0009712671099392223
objective value with out tv norm 0.2697513579050922
[320, 160.0, 80.0, 40.0, 30, 29, 28, 27, 26, 25, 24, 23, 22, 21, 20, 19, 18, 17, 16, 15, 14, 13, 12, 11, 10, 9, 8, 7]
predictive decrease 0.5687129122092501 actual decrease 0.017456005721571133
objective value with out tv norm 0.25229535218352106
[320, 160.0, 80.0, 40.0, 30, 29, 28, 27, 26, 25, 24, 23, 22, 21, 20, 19, 18, 17, 16, 15, 14, 13, 12, 11, 10, 9, 8, 7, 6, 5]
predictive decrease 0.41182689483262963 actual decrease 0.09370756070282471
objective value with out tv norm 0.15858779148069635
[320, 160.0, 80.0, 40.0, 30, 29, 28, 27, 26, 25, 24, 23, 22, 21, 20, 19, 18, 17, 16, 15, 14, 13, 12, 11, 10, 9, 8, 7, 6, 5, 4, 3]
predictive decrease 0.1264435424729341 actual decrease 0.040580229504477816
objective value with out tv norm 0.11800756197621853
[320, 160.0, 80.0, 40.0, 30, 29, 28, 27, 26, 25, 24, 23, 22, 21, 20, 19, 18, 17, 16, 15, 14, 13, 12, 11, 10, 9, 8, 7, 6, 5]
predictive decrease 0.13098409105111403 actual decrease 0.008469448816449177
objective value with out tv norm 0.10953811315976936
[320, 160.0, 80.0, 40.0, 30, 29, 28, 27, 26, 25, 24, 23, 22, 21, 20, 19, 18, 17, 16, 15, 14, 13, 12, 11, 10, 9, 8, 7, 6, 5, 4, 3]
predictive decrease 0.1171139491964727 actual decrease 0.027455749572923738
objective value with out tv norm 0.08208236358684562
[320, 160.0, 80.0, 40.0, 30, 29, 28, 27, 26, 25, 24, 23, 22, 21, 20, 19, 18, 17, 16, 15, 14, 13, 12, 11, 10, 9, 8, 7, 6, 5, 4, 3]
predictive decrease 0.13585247072431025 actual decrease 0.044528306027381115
objective value with out tv norm 0.037554057559464504
[320, 160.0, 80.0, 40.0, 30, 29, 28, 27, 26, 25, 24, 23, 22, 21, 20, 19, 18, 17, 16, 15, 14, 13, 12, 11, 10, 9, 8, 7, 6, 5, 4, 3, 2, 1]
predictive decrease 0.0 actual decrease 0.0
objective value with out tv norm 0.037554057559464504
objective value without tv norm 0.037554057559464504
norm 32.0
computational time 18.460548877716064
total iterations 386
