[720, 360.0, 180.0, 90.0, 45.0, 30, 29, 28, 27, 26, 25, 24, 23, 22, 21, 20, 19, 18, 17, 16, 15, 14, 13]
predictive decrease 0.5064241977183711 actual decrease 0.06228898837282126
objective value with out tv norm 0.7037994309816924
[720, 360.0, 180.0, 90.0, 45.0, 30, 29, 28, 27, 26, 25, 24, 23, 22, 21, 20, 19, 18, 17, 16, 15, 14, 13]
predictive decrease 0.6515220085983208 actual decrease 0.05099622602181875
objective value with out tv norm 0.6528032049598737
[720, 360.0, 180.0, 90.0, 45.0, 30]
predictive decrease 1.7278440855101946 actual decrease 0.05162421713826093
objective value with out tv norm 0.6011789878216127
[720, 360.0, 180.0, 90.0, 45.0, 30, 29, 28, 27, 26, 25, 24, 23, 22, 21, 20, 19, 18, 17, 16, 15, 14, 13, 12, 11, 10, 9, 8, 7, 6, 5]
predictive decrease 0.24416318400596504 actual decrease 0.05457603925327126
objective value with out tv norm 0.5466029485683415
[720, 360.0, 180.0, 90.0, 45.0, 30, 29, 28, 27, 26, 25, 24, 23, 22, 21, 20, 19, 18, 17, 16, 15, 14, 13, 12, 11, 10, 9, 8, 7]
predictive decrease 0.41398594809397593 actual decrease 0.06699565302074428
objective value with out tv norm 0.4796072955475972
[720, 360.0, 180.0, 90.0, 45.0, 30, 29, 28, 27, 26, 25, 24, 23, 22, 21, 20, 19, 18, 17, 16, 15, 14, 13, 12, 11, 10, 9, 8, 7]
predictive decrease 0.38356227757979167 actual decrease 0.10352563904927437
objective value with out tv norm 0.3760816564983228
[720, 360.0, 180.0, 90.0, 45.0, 30, 29, 28, 27, 26, 25, 24, 23, 22, 21, 20, 19, 18, 17, 16, 15, 14, 13, 12, 11, 10, 9, 8, 7, 6, 5]
predictive decrease 0.2593291553975333 actual decrease 0.065026595268319
objective value with out tv norm 0.3110550612300038
[720, 360.0, 180.0, 90.0, 45.0, 30, 29, 28, 27, 26, 25, 24, 23, 22, 21, 20, 19, 18, 17, 16, 15, 14, 13, 12, 11, 10, 9, 8, 7, 6, 5, 4, 3]
predictive decrease 0.11073367877100973 actual decrease 0.040866166944386384
objective value with out tv norm 0.27018889428561743
[720, 360.0, 180.0, 90.0, 45.0, 30, 29, 28, 27, 26, 25, 24, 23, 22, 21, 20, 19, 18, 17, 16, 15, 14, 13, 12, 11, 10, 9, 8, 7, 6, 5]
predictive decrease 0.16606010037364116 actual decrease 0.021666891933029397
objective value with out tv norm 0.24852200235258803
[720, 360.0, 180.0, 90.0, 45.0, 30, 29, 28, 27, 26, 25, 24, 23, 22, 21, 20, 19, 18, 17, 16, 15, 14, 13, 12, 11, 10, 9, 8, 7, 6, 5, 4, 3]
predictive decrease 0.09332850580698865 actual decrease 0.017868726839718185
objective value with out tv norm 0.23065327551286985
[720, 360.0, 180.0, 90.0, 45.0, 30, 29, 28, 27, 26, 25, 24, 23, 22, 21, 20, 19, 18, 17, 16, 15, 14, 13, 12, 11, 10, 9, 8, 7, 6, 5, 4, 3, 2, 1]
predictive decrease 0.0 actual decrease 0.0
objective value with out tv norm 0.23065327551286985
objective value without tv norm 0.23065327551286985
norm 72.0
computational time 30.651596790999996
total iterations 310
