[720, 360.0, 180.0, 90.0, 45.0, 30, 29, 28, 27, 26, 25, 24, 23, 22, 21, 20, 19, 18, 17, 16, 15, 14, 13, 12, 11, 10, 9, 8, 7, 6, 5, 4, 3, 2, 1, 0.5, 0.25, 0.125, 0.0625, 0.03125, 0.015625, 0.0078125, 0.00390625]
predictive decrease 8.026553497660419e-07 actual decrease 3.631820215226067e-08
objective value without tv norm 8.405997708763449e-07
objective value with tv norm 0.007521724556572971
[720, 360.0, 180.0, 90.0, 45.0, 30, 29, 28, 27, 26, 25, 24, 23, 22, 21, 20, 19, 18, 17, 16, 15, 14, 13, 12, 11, 10, 9, 8, 7, 6, 5, 4, 3, 2, 1, 0.5, 0.25, 0.125, 0.0625, 0.03125, 0.015625, 0.0078125]
predictive decrease 4.206122062950547e-06 actual decrease 5.878596202888234e-07
objective value without tv norm 1.8152650036456945e-06
objective value with tv norm 0.0075211366969526825
[720, 360.0, 180.0, 90.0, 45.0, 30, 29, 28, 27, 26, 25, 24, 23, 22, 21, 20, 19, 18, 17, 16, 15, 14, 13, 12, 11, 10, 9, 8, 7, 6, 5, 4, 3, 2, 1, 0.5, 0.25, 0.125, 0.0625, 0.03125, 0.015625, 0.0078125]
predictive decrease 4.895381807677908e-06 actual decrease 1.2769559985760168e-06
objective value without tv norm 2.100849127732589e-06
objective value with tv norm 0.0075198597409541065
[720, 360.0, 180.0, 90.0, 45.0, 30, 29, 28, 27, 26, 25, 24, 23, 22, 21, 20, 19, 18, 17, 16, 15, 14, 13, 12, 11, 10, 9, 8, 7, 6, 5, 4, 3, 2, 1, 0.5, 0.25, 0.125, 0.0625, 0.03125, 0.015625, 0.0078125]
predictive decrease 3.6394269695141576e-06 actual decrease 4.750702007668556e-07
objective value without tv norm 3.1885528781992474e-06
objective value with tv norm 0.00751938467075334
[720, 360.0, 180.0, 90.0, 45.0, 30, 29, 28, 27, 26, 25, 24, 23, 22, 21, 20, 19, 18, 17, 16, 15, 14, 13, 12, 11, 10, 9, 8, 7, 6, 5, 4, 3, 2, 1, 0.5, 0.25, 0.125, 0.0625, 0.03125, 0.015625, 0.0078125]
predictive decrease 5.397541867800497e-06 actual decrease 1.7787711061407682e-06
objective value without tv norm 2.9720006137852555e-06
objective value with tv norm 0.007517605899647199
[720, 360.0, 180.0, 90.0, 45.0, 30, 29, 28, 27, 26, 25, 24, 23, 22, 21, 20, 19, 18, 17, 16, 15, 14, 13, 12, 11, 10, 9, 8, 7, 6, 5, 4, 3, 2, 1, 0.5, 0.25, 0.125, 0.0625, 0.03125, 0.015625, 0.0078125, 0.00390625]
predictive decrease 1.809869682276033e-06 actual decrease 9.052713641410567e-07
objective value without tv norm 2.8479792496441996e-06
objective value with tv norm 0.007516700628283058
[720, 360.0, 180.0, 90.0, 45.0, 30, 29, 28, 27, 26, 25, 24, 23, 22, 21, 20, 19, 18, 17, 16, 15, 14, 13, 12, 11, 10, 9, 8, 7, 6, 5, 4, 3, 2, 1, 0.5, 0.25, 0.125, 0.0625, 0.03125, 0.015625, 0.0078125, 0.00390625]
predictive decrease 1.5421844945778113e-06 actual decrease 6.385939048782555e-07
objective value without tv norm 2.9906353447675767e-06
objective value with tv norm 0.0075160620343781796
[720, 360.0, 180.0, 90.0, 45.0, 30, 29, 28, 27, 26, 25, 24, 23, 22, 21, 20, 19, 18, 17, 16, 15, 14, 13, 12, 11, 10, 9, 8, 7, 6, 5, 4, 3, 2, 1, 0.5, 0.25, 0.125, 0.0625, 0.03125, 0.015625, 0.0078125]
predictive decrease 5.038621336532316e-06 actual decrease 1.4241585444786306e-06
objective value without tv norm 3.128976800288982e-06
objective value with tv norm 0.007514637875833701
[720, 360.0, 180.0, 90.0, 45.0, 30, 29, 28, 27, 26, 25, 24, 23, 22, 21, 20, 19, 18, 17, 16, 15, 14, 13, 12, 11, 10, 9, 8, 7, 6, 5, 4, 3, 2, 1, 0.5, 0.25, 0.125, 0.0625, 0.03125, 0.015625, 0.0078125]
predictive decrease 4.7289406791602845e-06 actual decrease 1.1145893674454482e-06
objective value without tv norm 3.5768874328433616e-06
objective value with tv norm 0.0075135232864662555
[720, 360.0, 180.0, 90.0, 45.0, 30, 29, 28, 27, 26, 25, 24, 23, 22, 21, 20, 19, 18, 17, 16, 15, 14, 13, 12, 11, 10, 9, 8, 7, 6, 5, 4, 3, 2, 1, 0.5, 0.25, 0.125, 0.0625, 0.03125, 0.015625, 0.0078125]
predictive decrease 5.4201083228844205e-06 actual decrease 1.8149775760679943e-06
objective value without tv norm 3.3244098567763405e-06
objective value with tv norm 0.0075117083088901875
[720, 360.0, 180.0, 90.0, 45.0, 30, 29, 28, 27, 26, 25, 24, 23, 22, 21, 20, 19, 18, 17, 16, 15, 14, 13, 12, 11, 10, 9, 8, 7, 6, 5, 4, 3, 2, 1, 0.5, 0.25, 0.125, 0.0625, 0.03125, 0.015625, 0.0078125]
predictive decrease 3.850466468583065e-06 actual decrease 2.3602908568592929e-07
objective value without tv norm 3.08838077108996e-06
objective value with tv norm 0.0075114722798045016
[720, 360.0, 180.0, 90.0, 45.0, 30, 29, 28, 27, 26, 25, 24, 23, 22, 21, 20, 19, 18, 17, 16, 15, 14, 13, 12, 11, 10, 9, 8, 7, 6, 5, 4, 3, 2, 1, 0.5, 0.25, 0.125, 0.0625, 0.03125, 0.015625, 0.0078125]
predictive decrease 3.981836163746005e-06 actual decrease 3.673584277556069e-07
objective value without tv norm 4.283522343334631e-06
objective value with tv norm 0.007511104921376746
[720, 360.0, 180.0, 90.0, 45.0, 30, 29, 28, 27, 26, 25, 24, 23, 22, 21, 20, 19, 18, 17, 16, 15, 14, 13, 12, 11, 10, 9, 8, 7, 6, 5, 4, 3, 2, 1, 0.5, 0.25, 0.125, 0.0625, 0.03125, 0.015625, 0.0078125]
predictive decrease 4.300005136083883e-06 actual decrease 6.855986711719331e-07
objective value without tv norm 5.160423672161902e-06
objective value with tv norm 0.007510419322705574
[720, 360.0, 180.0, 90.0, 45.0, 30, 29, 28, 27, 26, 25, 24, 23, 22, 21, 20, 19, 18, 17, 16, 15, 14, 13, 12, 11, 10, 9, 8, 7, 6, 5, 4, 3, 2, 1, 0.5, 0.25, 0.125, 0.0625, 0.03125, 0.015625, 0.0078125, 0.00390625]
predictive decrease 1.7546856679040435e-06 actual decrease 8.510715595964197e-07
objective value without tv norm 5.090602112565916e-06
objective value with tv norm 0.007509568251145978
[720, 360.0, 180.0, 90.0, 45.0, 30, 29, 28, 27, 26, 25, 24, 23, 22, 21, 20, 19, 18, 17, 16, 15, 14, 13, 12, 11, 10, 9, 8, 7, 6, 5, 4, 3, 2, 1, 0.5, 0.25, 0.125, 0.0625, 0.03125, 0.015625, 0.0078125]
predictive decrease 4.503283832311272e-06 actual decrease 8.888375656974576e-07
objective value without tv norm 5.764264546867766e-06
objective value with tv norm 0.00750867941358028
[720, 360.0, 180.0, 90.0, 45.0, 30, 29, 28, 27, 26, 25, 24, 23, 22, 21, 20, 19, 18, 17, 16, 15, 14, 13, 12, 11, 10, 9, 8, 7, 6, 5, 4, 3, 2, 1, 0.5, 0.25, 0.125, 0.0625, 0.03125, 0.015625, 0.0078125]
predictive decrease 5.810844082353682e-06 actual decrease 2.1963806370681876e-06
objective value without tv norm 5.130383909799545e-06
objective value with tv norm 0.007506483032943212
[720, 360.0, 180.0, 90.0, 45.0, 30, 29, 28, 27, 26, 25, 24, 23, 22, 21, 20, 19, 18, 17, 16, 15, 14, 13, 12, 11, 10, 9, 8, 7, 6, 5, 4, 3, 2, 1, 0.5, 0.25, 0.125, 0.0625, 0.03125, 0.015625, 0.0078125, 0.00390625]
predictive decrease 1.609505454068863e-06 actual decrease 7.059043665175874e-07
objective value without tv norm 5.205729543284058e-06
objective value with tv norm 0.007505777128576694
[720, 360.0, 180.0, 90.0, 45.0, 30, 29, 28, 27, 26, 25, 24, 23, 22, 21, 20, 19, 18, 17, 16, 15, 14, 13, 12, 11, 10, 9, 8, 7, 6, 5, 4, 3, 2, 1, 0.5, 0.25, 0.125, 0.0625, 0.03125, 0.015625, 0.0078125]
predictive decrease 3.987485678258462e-06 actual decrease 3.690718614456773e-07
objective value without tv norm 6.399157681837757e-06
objective value with tv norm 0.007505408056715249
[720, 360.0, 180.0, 90.0, 45.0, 30, 29, 28, 27, 26, 25, 24, 23, 22, 21, 20, 19, 18, 17, 16, 15, 14, 13, 12, 11, 10, 9, 8, 7, 6, 5, 4, 3, 2, 1, 0.5, 0.25, 0.125, 0.0625, 0.03125, 0.015625]
predictive decrease 1.5571525296086824e-05 actual decrease 1.0979305125388e-06
objective value without tv norm 8.426227169299238e-06
objective value with tv norm 0.00750431012620271
[720, 360.0, 180.0, 90.0, 45.0, 30, 29, 28, 27, 26, 25, 24, 23, 22, 21, 20, 19, 18, 17, 16, 15, 14, 13, 12, 11, 10, 9, 8, 7, 6, 5, 4, 3, 2, 1, 0.5, 0.25, 0.125, 0.0625, 0.03125, 0.015625]
predictive decrease 1.801445041537189e-05 actual decrease 3.5407998897635934e-06
objective value without tv norm 4.8854272795362e-06
objective value with tv norm 0.007500769326312946
[720, 360.0, 180.0, 90.0, 45.0, 30, 29, 28, 27, 26, 25, 24, 23, 22, 21, 20, 19, 18, 17, 16, 15, 14, 13, 12, 11, 10, 9, 8, 7, 6, 5, 4, 3, 2, 1, 0.5, 0.25, 0.125, 0.0625, 0.03125, 0.015625]
predictive decrease 1.1718150442079772e-05 actual decrease 3.823235507679351e-06
objective value without tv norm 4.187191771857682e-06
objective value with tv norm 0.007496946090805267
[720, 360.0, 180.0, 90.0, 45.0, 30, 29, 28, 27, 26, 25, 24, 23, 22, 21, 20, 19, 18, 17, 16, 15, 14, 13, 12, 11, 10, 9, 8, 7, 6, 5, 4, 3, 2, 1, 0.5, 0.25, 0.125, 0.0625, 0.03125, 0.015625, 0.0078125]
predictive decrease 7.005628939564523e-06 actual decrease 3.3912399972409885e-06
objective value without tv norm 2.358451774616521e-06
objective value with tv norm 0.007493554850808026
[720, 360.0, 180.0, 90.0, 45.0, 30, 29, 28, 27, 26, 25, 24, 23, 22, 21, 20, 19, 18, 17, 16, 15, 14, 13, 12, 11, 10, 9, 8, 7, 6, 5, 4, 3, 2, 1, 0.5, 0.25, 0.125, 0.0625, 0.03125, 0.015625, 0.0078125]
predictive decrease 4.154562276738327e-06 actual decrease 5.362030997815501e-07
objective value without tv norm 3.384748674835528e-06
objective value with tv norm 0.007493018647708244
[720, 360.0, 180.0, 90.0, 45.0, 30, 29, 28, 27, 26, 25, 24, 23, 22, 21, 20, 19, 18, 17, 16, 15, 14, 13, 12, 11, 10, 9, 8, 7, 6, 5, 4, 3, 2, 1, 0.5, 0.25, 0.125, 0.0625, 0.03125, 0.015625, 0.0078125]
predictive decrease 6.197621075519459e-06 actual decrease 2.5792559856484265e-06
objective value without tv norm 2.367992689186582e-06
objective value with tv norm 0.007490439391722596
[720, 360.0, 180.0, 90.0, 45.0, 30, 29, 28, 27, 26, 25, 24, 23, 22, 21, 20, 19, 18, 17, 16, 15, 14, 13, 12, 11, 10, 9, 8, 7, 6, 5, 4, 3, 2, 1, 0.5, 0.25, 0.125, 0.0625, 0.03125, 0.015625, 0.0078125, 0.00390625]
predictive decrease 1.6431170226077069e-06 actual decrease 7.385445921007094e-07
objective value without tv norm 2.410698097086619e-06
objective value with tv norm 0.007489700847130495
[720, 360.0, 180.0, 90.0, 45.0, 30, 29, 28, 27, 26, 25, 24, 23, 22, 21, 20, 19, 18, 17, 16, 15, 14, 13, 12, 11, 10, 9, 8, 7, 6, 5, 4, 3, 2, 1, 0.5, 0.25, 0.125, 0.0625, 0.03125, 0.015625, 0.0078125, 0.00390625]
predictive decrease 1.669566300843174e-06 actual decrease 7.659340824439989e-07
objective value without tv norm 2.4260140146426214e-06
objective value with tv norm 0.007488934913048051
[720, 360.0, 180.0, 90.0, 45.0, 30, 29, 28, 27, 26, 25, 24, 23, 22, 21, 20, 19, 18, 17, 16, 15, 14, 13, 12, 11, 10, 9, 8, 7, 6, 5, 4, 3, 2, 1, 0.5, 0.25, 0.125, 0.0625, 0.03125, 0.015625, 0.0078125, 0.00390625]
predictive decrease 1.5215132184824565e-06 actual decrease 8.289473260782859e-07
objective value without tv norm 2.3783166885648737e-06
objective value with tv norm 0.007488105965721973
[720, 360.0, 180.0, 90.0, 45.0, 30, 29, 28, 27, 26, 25, 24, 23, 22, 21, 20, 19, 18, 17, 16, 15, 14, 13, 12, 11, 10, 9, 8, 7, 6, 5, 4, 3, 2, 1, 0.5, 0.25, 0.125, 0.0625, 0.03125, 0.015625, 0.0078125]
predictive decrease 3.6048567064878023e-06 actual decrease 6.092805661097808e-07
objective value without tv norm 3.3315361224545168e-06
objective value with tv norm 0.007487496685155863
[720, 360.0, 180.0, 90.0, 45.0, 30, 29, 28, 27, 26, 25, 24, 23, 22, 21, 20, 19, 18, 17, 16, 15, 14, 13, 12, 11, 10, 9, 8, 7, 6, 5, 4, 3, 2, 1, 0.5, 0.25, 0.125, 0.0625, 0.03125, 0.015625, 0.0078125]
predictive decrease 5.5326610936571805e-06 actual decrease 1.9182058944924862e-06
objective value without tv norm 2.975830227961616e-06
objective value with tv norm 0.007485578479261371
[720, 360.0, 180.0, 90.0, 45.0, 30, 29, 28, 27, 26, 25, 24, 23, 22, 21, 20, 19, 18, 17, 16, 15, 14, 13, 12, 11, 10, 9, 8, 7, 6, 5, 4, 3, 2, 1, 0.5, 0.25, 0.125, 0.0625, 0.03125, 0.015625, 0.0078125]
predictive decrease 3.659253581382929e-06 actual decrease 4.485215668748738e-08
objective value without tv norm 4.49347807127354e-06
objective value with tv norm 0.007485533627104683
[720, 360.0, 180.0, 90.0, 45.0, 30, 29, 28, 27, 26, 25, 24, 23, 22, 21, 20, 19, 18, 17, 16, 15, 14, 13, 12, 11, 10, 9, 8, 7, 6, 5, 4, 3, 2, 1, 0.5, 0.25, 0.125, 0.0625, 0.03125, 0.015625, 0.0078125]
predictive decrease 4.497115015437286e-06 actual decrease 9.660573357444732e-07
objective value without tv norm 4.983521458217075e-06
objective value with tv norm 0.007484567569768939
[720, 360.0, 180.0, 90.0, 45.0, 30, 29, 28, 27, 26, 25, 24, 23, 22, 21, 20, 19, 18, 17, 16, 15, 14, 13, 12, 11, 10, 9, 8, 7, 6, 5, 4, 3, 2, 1, 0.5, 0.25, 0.125, 0.0625, 0.03125, 0.015625, 0.0078125]
predictive decrease 4.017473601276508e-06 actual decrease 7.312090190125103e-07
objective value without tv norm 5.033562439204358e-06
objective value with tv norm 0.007483836360749926
[720, 360.0, 180.0, 90.0, 45.0, 30, 29, 28, 27, 26, 25, 24, 23, 22, 21, 20, 19, 18, 17, 16, 15, 14, 13, 12, 11, 10, 9, 8, 7, 6, 5, 4, 3, 2, 1, 0.5, 0.25, 0.125, 0.0625, 0.03125, 0.015625, 0.0078125, 0.00390625]
predictive decrease 1.6053544611141154e-06 actual decrease 7.033846243396577e-07
objective value without tv norm 5.111427814863478e-06
objective value with tv norm 0.007483132976125587
[720, 360.0, 180.0, 90.0, 45.0, 30, 29, 28, 27, 26, 25, 24, 23, 22, 21, 20, 19, 18, 17, 16, 15, 14, 13, 12, 11, 10, 9, 8, 7, 6, 5, 4, 3, 2, 1, 0.5, 0.25, 0.125, 0.0625, 0.03125, 0.015625, 0.0078125, 0.00390625]
predictive decrease 1.7996093571778088e-06 actual decrease 8.993348039757279e-07
objective value without tv norm 4.9933430108880624e-06
objective value with tv norm 0.007482233641321611
[720, 360.0, 180.0, 90.0, 45.0, 30, 29, 28, 27, 26, 25, 24, 23, 22, 21, 20, 19, 18, 17, 16, 15, 14, 13, 12, 11, 10, 9, 8, 7, 6, 5, 4, 3, 2, 1, 0.5, 0.25, 0.125, 0.0625, 0.03125, 0.015625, 0.0078125]
predictive decrease 2.973342389770914e-06 actual decrease 4.7076804883181e-08
objective value without tv norm 6.50876620600652e-06
objective value with tv norm 0.007482186564516728
[720, 360.0, 180.0, 90.0, 45.0, 30, 29, 28, 27, 26, 25, 24, 23, 22, 21, 20, 19, 18, 17, 16, 15, 14, 13, 12, 11, 10, 9, 8, 7, 6, 5, 4, 3, 2, 1, 0.5, 0.25, 0.125, 0.0625, 0.03125, 0.015625, 0.0078125]
predictive decrease 7.178161157953347e-06 actual decrease 3.5598138708537244e-06
objective value without tv norm 4.511452335152208e-06
objective value with tv norm 0.007478626750645874
[720, 360.0, 180.0, 90.0, 45.0, 30, 29, 28, 27, 26, 25, 24, 23, 22, 21, 20, 19, 18, 17, 16, 15, 14, 13, 12, 11, 10, 9, 8, 7, 6, 5, 4, 3, 2, 1, 0.5, 0.25, 0.125, 0.0625, 0.03125, 0.015625, 0.0078125, 0.00390625]
predictive decrease 1.7014308729985245e-06 actual decrease 7.978251727568109e-07
objective value without tv norm 4.4948771623956405e-06
objective value with tv norm 0.007477828925473117
[720, 360.0, 180.0, 90.0, 45.0, 30, 29, 28, 27, 26, 25, 24, 23, 22, 21, 20, 19, 18, 17, 16, 15, 14, 13, 12, 11, 10, 9, 8, 7, 6, 5, 4, 3, 2, 1, 0.5, 0.25, 0.125, 0.0625, 0.03125, 0.015625, 0.0078125, 0.00390625]
predictive decrease 1.590020871470449e-06 actual decrease 6.854382849103696e-07
objective value without tv norm 3.8094388774855487e-06
objective value with tv norm 0.007477143487188207
[720, 360.0, 180.0, 90.0, 45.0, 30, 29, 28, 27, 26, 25, 24, 23, 22, 21, 20, 19, 18, 17, 16, 15, 14, 13, 12, 11, 10, 9, 8, 7, 6, 5, 4, 3, 2, 1, 0.5, 0.25, 0.125, 0.0625, 0.03125, 0.015625, 0.0078125, 0.00390625]
predictive decrease 1.7874947031825544e-06 actual decrease 8.829017474178483e-07
objective value without tv norm 3.707787130067476e-06
objective value with tv norm 0.007476260585440789
[720, 360.0, 180.0, 90.0, 45.0, 30, 29, 28, 27, 26, 25, 24, 23, 22, 21, 20, 19, 18, 17, 16, 15, 14, 13, 12, 11, 10, 9, 8, 7, 6, 5, 4, 3, 2, 1, 0.5, 0.25, 0.125, 0.0625, 0.03125, 0.015625, 0.0078125]
predictive decrease 4.154743261932173e-06 actual decrease 5.363087061654309e-07
objective value without tv norm 4.7339784239019775e-06
objective value with tv norm 0.0074757242767346235
[720, 360.0, 180.0, 90.0, 45.0, 30, 29, 28, 27, 26, 25, 24, 23, 22, 21, 20, 19, 18, 17, 16, 15, 14, 13, 12, 11, 10, 9, 8, 7, 6, 5, 4, 3, 2, 1, 0.5, 0.25, 0.125, 0.0625, 0.03125, 0.015625, 0.0078125]
predictive decrease 5.5670761192911505e-06 actual decrease 1.9486826581685893e-06
objective value without tv norm 4.347795765732903e-06
objective value with tv norm 0.007473775594076455
[720, 360.0, 180.0, 90.0, 45.0, 30, 29, 28, 27, 26, 25, 24, 23, 22, 21, 20, 19, 18, 17, 16, 15, 14, 13, 12, 11, 10, 9, 8, 7, 6, 5, 4, 3, 2, 1, 0.5, 0.25, 0.125, 0.0625, 0.03125, 0.015625, 0.0078125, 0.00390625]
predictive decrease 1.652483360615846e-06 actual decrease 7.478927581761399e-07
objective value without tv norm 4.381153007557215e-06
objective value with tv norm 0.007473027701318279
[720, 360.0, 180.0, 90.0, 45.0, 30, 29, 28, 27, 26, 25, 24, 23, 22, 21, 20, 19, 18, 17, 16, 15, 14, 13, 12, 11, 10, 9, 8, 7, 6, 5, 4, 3, 2, 1, 0.5, 0.25, 0.125, 0.0625, 0.03125, 0.015625, 0.0078125, 0.00390625]
predictive decrease 1.5863799690653616e-06 actual decrease 6.827642682408208e-07
objective value without tv norm 4.479638739316759e-06
objective value with tv norm 0.007472344937050038
[720, 360.0, 180.0, 90.0, 45.0, 30, 29, 28, 27, 26, 25, 24, 23, 22, 21, 20, 19, 18, 17, 16, 15, 14, 13, 12, 11, 10, 9, 8, 7, 6, 5, 4, 3, 2, 1, 0.5, 0.25, 0.125, 0.0625, 0.03125, 0.015625, 0.0078125]
predictive decrease 3.9419683454675405e-06 actual decrease 3.3674449319547745e-07
objective value without tv norm 5.705394246120971e-06
objective value with tv norm 0.0074720081925568425
[720, 360.0, 180.0, 90.0, 45.0, 30, 29, 28, 27, 26, 25, 24, 23, 22, 21, 20, 19, 18, 17, 16, 15, 14, 13, 12, 11, 10, 9, 8, 7, 6, 5, 4, 3, 2, 1, 0.5, 0.25, 0.125, 0.0625, 0.03125, 0.015625, 0.0078125]
predictive decrease 5.437412124246685e-06 actual decrease 1.8229575637681433e-06
objective value without tv norm 5.444936682352655e-06
objective value with tv norm 0.007470185234993074
[720, 360.0, 180.0, 90.0, 45.0, 30, 29, 28, 27, 26, 25, 24, 23, 22, 21, 20, 19, 18, 17, 16, 15, 14, 13, 12, 11, 10, 9, 8, 7, 6, 5, 4, 3, 2, 1, 0.5, 0.25, 0.125, 0.0625, 0.03125, 0.015625, 0.0078125]
predictive decrease 4.300333047073911e-06 actual decrease 6.857979282879484e-07
objective value without tv norm 6.321638754064431e-06
objective value with tv norm 0.007469499437064786
[720, 360.0, 180.0, 90.0, 45.0, 30, 29, 28, 27, 26, 25, 24, 23, 22, 21, 20, 19, 18, 17, 16, 15, 14, 13, 12, 11, 10, 9, 8, 7, 6, 5, 4, 3, 2, 1, 0.5, 0.25, 0.125, 0.0625, 0.03125, 0.015625, 0.0078125]
predictive decrease 4.152557747910679e-06 actual decrease 5.380376822171698e-07
objective value without tv norm 5.783601071846861e-06
objective value with tv norm 0.007468961399382569
[720, 360.0, 180.0, 90.0, 45.0, 30, 29, 28, 27, 26, 25, 24, 23, 22, 21, 20, 19, 18, 17, 16, 15, 14, 13, 12, 11, 10, 9, 8, 7, 6, 5, 4, 3, 2, 1, 0.5, 0.25, 0.125, 0.0625, 0.03125, 0.015625, 0.0078125, 0.00390625]
predictive decrease 1.6284713296307526e-06 actual decrease 7.39489751267787e-07
objective value without tv norm 5.8253613205783e-06
objective value with tv norm 0.007468221909631301
[720, 360.0, 180.0, 90.0, 45.0, 30, 29, 28, 27, 26, 25, 24, 23, 22, 21, 20, 19, 18, 17, 16, 15, 14, 13, 12, 11, 10, 9, 8, 7, 6, 5, 4, 3, 2, 1, 0.5, 0.25, 0.125, 0.0625, 0.03125, 0.015625, 0.0078125, 0.00390625]
predictive decrease 1.7694055328134825e-06 actual decrease 8.648385537712855e-07
objective value without tv norm 5.74177276680811e-06
objective value with tv norm 0.00746735707107753
[720, 360.0, 180.0, 90.0, 45.0, 30, 29, 28, 27, 26, 25, 24, 23, 22, 21, 20, 19, 18, 17, 16, 15, 14, 13, 12, 11, 10, 9, 8, 7, 6, 5, 4, 3, 2, 1, 0.5, 0.25, 0.125, 0.0625, 0.03125, 0.015625, 0.0078125]
predictive decrease 3.2758204513315056e-06 actual decrease 9.334099275093086e-07
objective value without tv norm 6.3708628392995175e-06
objective value with tv norm 0.007466423661150021
[720, 360.0, 180.0, 90.0, 45.0, 30, 29, 28, 27, 26, 25, 24, 23, 22, 21, 20, 19, 18, 17, 16, 15, 14, 13, 12, 11, 10, 9, 8, 7, 6, 5, 4, 3, 2, 1, 0.5, 0.25, 0.125, 0.0625, 0.03125, 0.015625, 0.0078125]
predictive decrease 5.232382742000399e-06 actual decrease 1.6139318092392788e-06
objective value without tv norm 4.756931030060378e-06
objective value with tv norm 0.0074648097293407815
[720, 360.0, 180.0, 90.0, 45.0, 30, 29, 28, 27, 26, 25, 24, 23, 22, 21, 20, 19, 18, 17, 16, 15, 14, 13, 12, 11, 10, 9, 8, 7, 6, 5, 4, 3, 2, 1, 0.5, 0.25, 0.125, 0.0625, 0.03125, 0.015625, 0.0078125]
predictive decrease 3.86640441464494e-06 actual decrease 5.646763388015771e-07
objective value without tv norm 4.973504691258523e-06
objective value with tv norm 0.00746424505300198
[720, 360.0, 180.0, 90.0, 45.0, 30, 29, 28, 27, 26, 25, 24, 23, 22, 21, 20, 19, 18, 17, 16, 15, 14, 13, 12, 11, 10, 9, 8, 7, 6, 5, 4, 3, 2, 1, 0.5, 0.25, 0.125, 0.0625, 0.03125, 0.015625, 0.0078125]
predictive decrease 4.929490861968998e-06 actual decrease 1.3110423991461936e-06
objective value without tv norm 5.224962292112366e-06
objective value with tv norm 0.007462934010602834
[720, 360.0, 180.0, 90.0, 45.0, 30, 29, 28, 27, 26, 25, 24, 23, 22, 21, 20, 19, 18, 17, 16, 15, 14, 13, 12, 11, 10, 9, 8, 7, 6, 5, 4, 3, 2, 1, 0.5, 0.25, 0.125, 0.0625, 0.03125, 0.015625, 0.0078125]
predictive decrease 4.416361037197676e-06 actual decrease 7.979339692789494e-07
objective value without tv norm 5.989528322833037e-06
objective value with tv norm 0.007462136076633555
[720, 360.0, 180.0, 90.0, 45.0, 30, 29, 28, 27, 26, 25, 24, 23, 22, 21, 20, 19, 18, 17, 16, 15, 14, 13, 12, 11, 10, 9, 8, 7, 6, 5, 4, 3, 2, 1, 0.5, 0.25, 0.125, 0.0625, 0.03125, 0.015625, 0.0078125, 0.00390625]
predictive decrease 1.6518871358214837e-06 actual decrease 7.552606170078621e-07
objective value without tv norm 6.015517705824822e-06
objective value with tv norm 0.007461380816016547
[720, 360.0, 180.0, 90.0, 45.0, 30, 29, 28, 27, 26, 25, 24, 23, 22, 21, 20, 19, 18, 17, 16, 15, 14, 13, 12, 11, 10, 9, 8, 7, 6, 5, 4, 3, 2, 1, 0.5, 0.25, 0.125, 0.0625, 0.03125, 0.015625, 0.0078125, 0.00390625]
predictive decrease 1.3054887980550392e-06 actual decrease 4.2105063793179687e-07
objective value without tv norm 6.375717067895335e-06
objective value with tv norm 0.007460959765378615
[720, 360.0, 180.0, 90.0, 45.0, 30, 29, 28, 27, 26, 25, 24, 23, 22, 21, 20, 19, 18, 17, 16, 15, 14, 13, 12, 11, 10, 9, 8, 7, 6, 5, 4, 3, 2, 1, 0.5, 0.25, 0.125, 0.0625, 0.03125, 0.015625, 0.0078125, 0.00390625]
predictive decrease 1.7428917406317468e-06 actual decrease 8.382837500065313e-07
objective value without tv norm 6.31868331788838e-06
objective value with tv norm 0.007460121481628609
[720, 360.0, 180.0, 90.0, 45.0, 30, 29, 28, 27, 26, 25, 24, 23, 22, 21, 20, 19, 18, 17, 16, 15, 14, 13, 12, 11, 10, 9, 8, 7, 6, 5, 4, 3, 2, 1, 0.5, 0.25, 0.125, 0.0625, 0.03125, 0.015625, 0.0078125, 0.00390625]
predictive decrease 1.3661244894231511e-06 actual decrease 5.210661860261326e-07
objective value without tv norm 6.578867131862463e-06
objective value with tv norm 0.0074596004154425825
[720, 360.0, 180.0, 90.0, 45.0, 30, 29, 28, 27, 26, 25, 24, 23, 22, 21, 20, 19, 18, 17, 16, 15, 14, 13, 12, 11, 10, 9, 8, 7, 6, 5, 4, 3, 2, 1, 0.5, 0.25, 0.125, 0.0625, 0.03125, 0.015625, 0.0078125, 0.00390625]
predictive decrease 1.66433216495631e-06 actual decrease 7.607164399393157e-07
objective value without tv norm 6.599400691922853e-06
objective value with tv norm 0.007458839699002643
[720, 360.0, 180.0, 90.0, 45.0, 30, 29, 28, 27, 26, 25, 24, 23, 22, 21, 20, 19, 18, 17, 16, 15, 14, 13, 12, 11, 10, 9, 8, 7, 6, 5, 4, 3, 2, 1, 0.5, 0.25, 0.125, 0.0625, 0.03125, 0.015625, 0.0078125, 0.00390625]
predictive decrease 1.4092418834073597e-06 actual decrease 5.05625034330319e-07
objective value without tv norm 6.875025657592482e-06
objective value with tv norm 0.007458334073968313
[720, 360.0, 180.0, 90.0, 45.0, 30, 29, 28, 27, 26, 25, 24, 23, 22, 21, 20, 19, 18, 17, 16, 15, 14, 13, 12, 11, 10, 9, 8, 7, 6, 5, 4, 3, 2, 1, 0.5, 0.25, 0.125, 0.0625, 0.03125, 0.015625, 0.0078125, 0.00390625]
predictive decrease 1.396012726563589e-06 actual decrease 5.301363454725608e-07
objective value without tv norm 7.126139312119946e-06
objective value with tv norm 0.00745780393762284
[720, 360.0, 180.0, 90.0, 45.0, 30, 29, 28, 27, 26, 25, 24, 23, 22, 21, 20, 19, 18, 17, 16, 15, 14, 13, 12, 11, 10, 9, 8, 7, 6, 5, 4, 3, 2, 1, 0.5, 0.25, 0.125, 0.0625, 0.03125, 0.015625, 0.0078125]
predictive decrease 4.478270671725952e-06 actual decrease 8.598894225362447e-07
objective value without tv norm 7.828749889583738e-06
objective value with tv norm 0.007456944048200304
[720, 360.0, 180.0, 90.0, 45.0, 30, 29, 28, 27, 26, 25, 24, 23, 22, 21, 20, 19, 18, 17, 16, 15, 14, 13, 12, 11, 10, 9, 8, 7, 6, 5, 4, 3, 2, 1, 0.5, 0.25, 0.125, 0.0625, 0.03125, 0.015625, 0.0078125]
predictive decrease 5.221875391811688e-06 actual decrease 1.6034888311823245e-06
objective value without tv norm 7.787761058401431e-06
objective value with tv norm 0.007455340559369122
[720, 360.0, 180.0, 90.0, 45.0, 30, 29, 28, 27, 26, 25, 24, 23, 22, 21, 20, 19, 18, 17, 16, 15, 14, 13, 12, 11, 10, 9, 8, 7, 6, 5, 4, 3, 2, 1, 0.5, 0.25, 0.125, 0.0625, 0.03125, 0.015625, 0.0078125]
predictive decrease 4.485881091620056e-06 actual decrease 8.71435849051673e-07
objective value without tv norm 8.478950461664535e-06
objective value with tv norm 0.00745446912352007
[720, 360.0, 180.0, 90.0, 45.0, 30, 29, 28, 27, 26, 25, 24, 23, 22, 21, 20, 19, 18, 17, 16, 15, 14, 13, 12, 11, 10, 9, 8, 7, 6, 5, 4, 3, 2, 1, 0.5, 0.25, 0.125, 0.0625, 0.03125, 0.015625, 0.0078125]
predictive decrease 6.296544531021221e-06 actual decrease 2.7478585988213733e-06
objective value without tv norm 7.293591862843723e-06
objective value with tv norm 0.007451721264921249
[720, 360.0, 180.0, 90.0, 45.0, 30, 29, 28, 27, 26, 25, 24, 23, 22, 21, 20, 19, 18, 17, 16, 15, 14, 13, 12, 11, 10, 9, 8, 7, 6, 5, 4, 3, 2, 1, 0.5, 0.25, 0.125, 0.0625, 0.03125, 0.015625, 0.0078125]
predictive decrease 4.273084123634224e-06 actual decrease 1.5257837326053403e-06
objective value without tv norm 7.330308130236614e-06
objective value with tv norm 0.007450195481188643
[720, 360.0, 180.0, 90.0, 45.0, 30, 29, 28, 27, 26, 25, 24, 23, 22, 21, 20, 19, 18, 17, 16, 15, 14, 13, 12, 11, 10, 9, 8, 7, 6, 5, 4, 3, 2, 1, 0.5, 0.25, 0.125, 0.0625, 0.03125, 0.015625, 0.0078125]
predictive decrease 4.404198639940821e-06 actual decrease 7.858776709382051e-07
objective value without tv norm 8.10693045929782e-06
objective value with tv norm 0.007449409603517705
[720, 360.0, 180.0, 90.0, 45.0, 30, 29, 28, 27, 26, 25, 24, 23, 22, 21, 20, 19, 18, 17, 16, 15, 14, 13, 12, 11, 10, 9, 8, 7, 6, 5, 4, 3, 2, 1, 0.5, 0.25, 0.125, 0.0625, 0.03125, 0.015625, 0.0078125]
predictive decrease 4.885885544031812e-06 actual decrease 1.2675256000150084e-06
objective value without tv norm 8.401904859282537e-06
objective value with tv norm 0.00744814207791769
[720, 360.0, 180.0, 90.0, 45.0, 30, 29, 28, 27, 26, 25, 24, 23, 22, 21, 20, 19, 18, 17, 16, 15, 14, 13, 12, 11, 10, 9, 8, 7, 6, 5, 4, 3, 2, 1, 0.5, 0.25, 0.125, 0.0625, 0.03125, 0.015625, 0.0078125]
predictive decrease 3.817441512405338e-06 actual decrease 9.409165343393644e-07
objective value without tv norm 9.023488324944905e-06
objective value with tv norm 0.007447201161383351
[720, 360.0, 180.0, 90.0, 45.0, 30, 29, 28, 27, 26, 25, 24, 23, 22, 21, 20, 19, 18, 17, 16, 15, 14, 13, 12, 11, 10, 9, 8, 7, 6, 5, 4, 3, 2, 1, 0.5, 0.25, 0.125, 0.0625, 0.03125, 0.015625, 0.0078125]
predictive decrease 4.623738825853402e-06 actual decrease 1.0054637348310205e-06
objective value without tv norm 9.580524590114437e-06
objective value with tv norm 0.00744619569764852
[720, 360.0, 180.0, 90.0, 45.0, 30, 29, 28, 27, 26, 25, 24, 23, 22, 21, 20, 19, 18, 17, 16, 15, 14, 13, 12, 11, 10, 9, 8, 7, 6, 5, 4, 3, 2, 1, 0.5, 0.25, 0.125, 0.0625, 0.03125, 0.015625, 0.0078125]
predictive decrease 4.523213894974849e-06 actual decrease 9.049231196574595e-07
objective value without tv norm 1.0238101470456755e-05
objective value with tv norm 0.007445290774528862
[720, 360.0, 180.0, 90.0, 45.0, 30, 29, 28, 27, 26, 25, 24, 23, 22, 21, 20, 19, 18, 17, 16, 15, 14, 13, 12, 11, 10, 9, 8, 7, 6, 5, 4, 3, 2, 1, 0.5, 0.25, 0.125, 0.0625, 0.03125, 0.015625, 0.0078125]
predictive decrease 4.797017381091319e-06 actual decrease 1.1786184616491974e-06
objective value without tv norm 1.0621983008808044e-05
objective value with tv norm 0.007444112156067213
[720, 360.0, 180.0, 90.0, 45.0, 30, 29, 28, 27, 26, 25, 24, 23, 22, 21, 20, 19, 18, 17, 16, 15, 14, 13, 12, 11, 10, 9, 8, 7, 6, 5, 4, 3, 2, 1, 0.5, 0.25, 0.125, 0.0625, 0.03125, 0.015625, 0.0078125]
predictive decrease 4.378601317201955e-06 actual decrease 7.601912194515545e-07
objective value without tv norm 1.1424291789355847e-05
objective value with tv norm 0.0074433519648477615
[720, 360.0, 180.0, 90.0, 45.0, 30, 29, 28, 27, 26, 25, 24, 23, 22, 21, 20, 19, 18, 17, 16, 15, 14, 13, 12, 11, 10, 9, 8, 7, 6, 5, 4, 3, 2, 1, 0.5, 0.25, 0.125, 0.0625, 0.03125, 0.015625, 0.0078125]
predictive decrease 4.20293702899522e-06 actual decrease 5.884942296781673e-07
objective value without tv norm 1.2398297559677994e-05
objective value with tv norm 0.007442763470618083
[720, 360.0, 180.0, 90.0, 45.0, 30, 29, 28, 27, 26, 25, 24, 23, 22, 21, 20, 19, 18, 17, 16, 15, 14, 13, 12, 11, 10, 9, 8, 7, 6, 5, 4, 3, 2, 1, 0.5, 0.25, 0.125, 0.0625, 0.03125, 0.015625, 0.0078125]
predictive decrease 4.973169981484747e-06 actual decrease 1.3587453546572495e-06
objective value without tv norm 1.2602052205021018e-05
objective value with tv norm 0.007441404725263426
[720, 360.0, 180.0, 90.0, 45.0, 30, 29, 28, 27, 26, 25, 24, 23, 22, 21, 20, 19, 18, 17, 16, 15, 14, 13, 12, 11, 10, 9, 8, 7, 6, 5, 4, 3, 2, 1, 0.5, 0.25, 0.125, 0.0625, 0.03125, 0.015625, 0.0078125]
predictive decrease 4.481035138121335e-06 actual decrease 8.626502188899265e-07
objective value without tv norm 1.1739401986131513e-05
objective value with tv norm 0.007440542075044536
[720, 360.0, 180.0, 90.0, 45.0, 30, 29, 28, 27, 26, 25, 24, 23, 22, 21, 20, 19, 18, 17, 16, 15, 14, 13, 12, 11, 10, 9, 8, 7, 6, 5, 4, 3, 2, 1, 0.5, 0.25, 0.125, 0.0625, 0.03125, 0.015625, 0.0078125]
predictive decrease 5.3660842804842054e-06 actual decrease 1.7476932460220793e-06
objective value without tv norm 1.1554208740108775e-05
objective value with tv norm 0.007438794381798514
[720, 360.0, 180.0, 90.0, 45.0, 30, 29, 28, 27, 26, 25, 24, 23, 22, 21, 20, 19, 18, 17, 16, 15, 14, 13, 12, 11, 10, 9, 8, 7, 6, 5, 4, 3, 2, 1, 0.5, 0.25, 0.125, 0.0625, 0.03125, 0.015625, 0.0078125]
predictive decrease 4.4629698884154564e-06 actual decrease 8.44636736576504e-07
objective value without tv norm 1.2272072003532065e-05
objective value with tv norm 0.007437949745061938
[720, 360.0, 180.0, 90.0, 45.0, 30, 29, 28, 27, 26, 25, 24, 23, 22, 21, 20, 19, 18, 17, 16, 15, 14, 13, 12, 11, 10, 9, 8, 7, 6, 5, 4, 3, 2, 1, 0.5, 0.25, 0.125, 0.0625, 0.03125, 0.015625, 0.0078125]
predictive decrease 4.9228155579910185e-06 actual decrease 1.3044385922368965e-06
objective value without tv norm 1.2530133411295303e-05
objective value with tv norm 0.007436645306469701
[720, 360.0, 180.0, 90.0, 45.0, 30, 29, 28, 27, 26, 25, 24, 23, 22, 21, 20, 19, 18, 17, 16, 15, 14, 13, 12, 11, 10, 9, 8, 7, 6, 5, 4, 3, 2, 1, 0.5, 0.25, 0.125, 0.0625, 0.03125, 0.015625, 0.0078125]
predictive decrease 4.027410981043665e-06 actual decrease 4.129789936656303e-07
objective value without tv norm 1.367965441762912e-05
objective value with tv norm 0.007436232327476035
[720, 360.0, 180.0, 90.0, 45.0, 30, 29, 28, 27, 26, 25, 24, 23, 22, 21, 20, 19, 18, 17, 16, 15, 14, 13, 12, 11, 10, 9, 8, 7, 6, 5, 4, 3, 2, 1, 0.5, 0.25, 0.125, 0.0625, 0.03125, 0.015625, 0.0078125]
predictive decrease 4.986832904309117e-06 actual decrease 1.3724037407469164e-06
objective value without tv norm 1.386975067688335e-05
objective value with tv norm 0.007434859923735288
[720, 360.0, 180.0, 90.0, 45.0, 30, 29, 28, 27, 26, 25, 24, 23, 22, 21, 20, 19, 18, 17, 16, 15, 14, 13, 12, 11, 10, 9, 8, 7, 6, 5, 4, 3, 2, 1, 0.5, 0.25, 0.125, 0.0625, 0.03125, 0.015625, 0.0078125]
predictive decrease 4.155308747404857e-06 actual decrease 5.369233566287698e-07
objective value without tv norm 1.3332827320254129e-05
objective value with tv norm 0.007434323000378659
[720, 360.0, 180.0, 90.0, 45.0, 30, 29, 28, 27, 26, 25, 24, 23, 22, 21, 20, 19, 18, 17, 16, 15, 14, 13, 12, 11, 10, 9, 8, 7, 6, 5, 4, 3, 2, 1, 0.5, 0.25, 0.125, 0.0625, 0.03125, 0.015625, 0.0078125]
predictive decrease 5.610828090893243e-06 actual decrease 1.992438397390578e-06
objective value without tv norm 1.290288892286376e-05
objective value with tv norm 0.007432330561981269
[720, 360.0, 180.0, 90.0, 45.0, 30, 29, 28, 27, 26, 25, 24, 23, 22, 21, 20, 19, 18, 17, 16, 15, 14, 13, 12, 11, 10, 9, 8, 7, 6, 5, 4, 3, 2, 1, 0.5, 0.25, 0.125, 0.0625, 0.03125, 0.015625, 0.0078125]
predictive decrease 4.1747737758402945e-06 actual decrease 5.56423360234537e-07
objective value without tv norm 1.390896556262909e-05
objective value with tv norm 0.007431774138621034
[720, 360.0, 180.0, 90.0, 45.0, 30, 29, 28, 27, 26, 25, 24, 23, 22, 21, 20, 19, 18, 17, 16, 15, 14, 13, 12, 11, 10, 9, 8, 7, 6, 5, 4, 3, 2, 1, 0.5, 0.25, 0.125, 0.0625, 0.03125, 0.015625, 0.0078125, 0.00390625]
predictive decrease 1.7057875561204278e-06 actual decrease 8.021717888759272e-07
objective value without tv norm 1.3888043773752916e-05
objective value with tv norm 0.007430971966832158
[720, 360.0, 180.0, 90.0, 45.0, 30, 29, 28, 27, 26, 25, 24, 23, 22, 21, 20, 19, 18, 17, 16, 15, 14, 13, 12, 11, 10, 9, 8, 7, 6, 5, 4, 3, 2, 1, 0.5, 0.25, 0.125, 0.0625, 0.03125, 0.015625, 0.0078125]
predictive decrease 4.8655362460525015e-06 actual decrease 1.2510756291182756e-06
objective value without tv norm 1.2636968144634242e-05
objective value with tv norm 0.00742972089120304
[720, 360.0, 180.0, 90.0, 45.0, 30, 29, 28, 27, 26, 25, 24, 23, 22, 21, 20, 19, 18, 17, 16, 15, 14, 13, 12, 11, 10, 9, 8, 7, 6, 5, 4, 3, 2, 1, 0.5, 0.25, 0.125, 0.0625, 0.03125, 0.015625, 0.0078125]
predictive decrease 5.714149855951846e-06 actual decrease 2.099671506945733e-06
objective value without tv norm 1.2099796637688864e-05
objective value with tv norm 0.007427621219696094
[720, 360.0, 180.0, 90.0, 45.0, 30, 29, 28, 27, 26, 25, 24, 23, 22, 21, 20, 19, 18, 17, 16, 15, 14, 13, 12, 11, 10, 9, 8, 7, 6, 5, 4, 3, 2, 1, 0.5, 0.25, 0.125, 0.0625, 0.03125, 0.015625, 0.0078125]
predictive decrease 4.409072958851991e-06 actual decrease 7.947104623878473e-07
objective value without tv norm 1.130508617530107e-05
objective value with tv norm 0.0074268265092337065
[720, 360.0, 180.0, 90.0, 45.0, 30, 29, 28, 27, 26, 25, 24, 23, 22, 21, 20, 19, 18, 17, 16, 15, 14, 13, 12, 11, 10, 9, 8, 7, 6, 5, 4, 3, 2, 1, 0.5, 0.25, 0.125, 0.0625, 0.03125, 0.015625, 0.0078125]
predictive decrease 4.228371068695086e-06 actual decrease 6.140321864855913e-07
objective value without tv norm 1.0691053988815617e-05
objective value with tv norm 0.007426212477047221
[720, 360.0, 180.0, 90.0, 45.0, 30, 29, 28, 27, 26, 25, 24, 23, 22, 21, 20, 19, 18, 17, 16, 15, 14, 13, 12, 11, 10, 9, 8, 7, 6, 5, 4, 3, 2, 1, 0.5, 0.25, 0.125, 0.0625, 0.03125, 0.015625, 0.0078125]
predictive decrease 4.428479561897902e-06 actual decrease 8.141355530592517e-07
objective value without tv norm 1.1439418435756193e-05
objective value with tv norm 0.007425398341494162
[720, 360.0, 180.0, 90.0, 45.0, 30, 29, 28, 27, 26, 25, 24, 23, 22, 21, 20, 19, 18, 17, 16, 15, 14, 13, 12, 11, 10, 9, 8, 7, 6, 5, 4, 3, 2, 1, 0.5, 0.25, 0.125, 0.0625, 0.03125, 0.015625, 0.0078125]
predictive decrease 4.017632854662161e-06 actual decrease 3.992030943936187e-07
objective value without tv norm 1.2602715341362799e-05
objective value with tv norm 0.007424999138399768
[720, 360.0, 180.0, 90.0, 45.0, 30, 29, 28, 27, 26, 25, 24, 23, 22, 21, 20, 19, 18, 17, 16, 15, 14, 13, 12, 11, 10, 9, 8, 7, 6, 5, 4, 3, 2, 1, 0.5, 0.25, 0.125, 0.0625, 0.03125, 0.015625, 0.0078125]
predictive decrease 4.7164683008894814e-06 actual decrease 1.0981951643652954e-06
objective value without tv norm 1.3067020176997187e-05
objective value with tv norm 0.007423900943235403
[720, 360.0, 180.0, 90.0, 45.0, 30, 29, 28, 27, 26, 25, 24, 23, 22, 21, 20, 19, 18, 17, 16, 15, 14, 13, 12, 11, 10, 9, 8, 7, 6, 5, 4, 3, 2, 1, 0.5, 0.25, 0.125, 0.0625, 0.03125, 0.015625, 0.0078125]
predictive decrease 4.566955175883819e-06 actual decrease 2.0748552612623317e-06
objective value without tv norm 1.2554664915734753e-05
objective value with tv norm 0.00742182608797414
[720, 360.0, 180.0, 90.0, 45.0, 30, 29, 28, 27, 26, 25, 24, 23, 22, 21, 20, 19, 18, 17, 16, 15, 14, 13, 12, 11, 10, 9, 8, 7, 6, 5, 4, 3, 2, 1, 0.5, 0.25, 0.125, 0.0625, 0.03125, 0.015625, 0.0078125, 0.00390625]
predictive decrease 1.6866085486202248e-06 actual decrease 7.829818379446671e-07
objective value without tv norm 1.2552933077790339e-05
objective value with tv norm 0.007421043106136196
[720, 360.0, 180.0, 90.0, 45.0, 30, 29, 28, 27, 26, 25, 24, 23, 22, 21, 20, 19, 18, 17, 16, 15, 14, 13, 12, 11, 10, 9, 8, 7, 6, 5, 4, 3, 2, 1, 0.5, 0.25, 0.125, 0.0625, 0.03125, 0.015625, 0.0078125, 0.00390625]
predictive decrease 1.692742650825571e-06 actual decrease 7.881582869259315e-07
objective value without tv norm 1.2546024790864355e-05
objective value with tv norm 0.00742025494784927
[720, 360.0, 180.0, 90.0, 45.0, 30, 29, 28, 27, 26, 25, 24, 23, 22, 21, 20, 19, 18, 17, 16, 15, 14, 13, 12, 11, 10, 9, 8, 7, 6, 5, 4, 3, 2, 1, 0.5, 0.25, 0.125, 0.0625, 0.03125, 0.015625, 0.0078125]
predictive decrease 4.175460731287682e-06 actual decrease 5.590189267315124e-07
objective value without tv norm 1.1987005864132883e-05
objective value with tv norm 0.007419695928922538
[720, 360.0, 180.0, 90.0, 45.0, 30, 29, 28, 27, 26, 25, 24, 23, 22, 21, 20, 19, 18, 17, 16, 15, 14, 13, 12, 11, 10, 9, 8, 7, 6, 5, 4, 3, 2, 1, 0.5, 0.25, 0.125, 0.0625, 0.03125, 0.015625, 0.0078125]
predictive decrease 5.729614812078308e-06 actual decrease 2.110790778867347e-06
objective value without tv norm 1.1438715085265058e-05
objective value with tv norm 0.007417585138143671
[720, 360.0, 180.0, 90.0, 45.0, 30, 29, 28, 27, 26, 25, 24, 23, 22, 21, 20, 19, 18, 17, 16, 15, 14, 13, 12, 11, 10, 9, 8, 7, 6, 5, 4, 3, 2, 1, 0.5, 0.25, 0.125, 0.0625, 0.03125, 0.015625, 0.0078125]
predictive decrease 3.878758514526924e-06 actual decrease 5.791479422171883e-07
objective value without tv norm 1.1641458726306468e-05
objective value with tv norm 0.007417005990201454
[720, 360.0, 180.0, 90.0, 45.0, 30, 29, 28, 27, 26, 25, 24, 23, 22, 21, 20, 19, 18, 17, 16, 15, 14, 13, 12, 11, 10, 9, 8, 7, 6, 5, 4, 3, 2, 1, 0.5, 0.25, 0.125, 0.0625, 0.03125, 0.015625, 0.0078125]
predictive decrease 4.726335076267116e-06 actual decrease 1.1079356880298527e-06
objective value without tv norm 1.2096023038277667e-05
objective value with tv norm 0.007415898054513424
[720, 360.0, 180.0, 90.0, 45.0, 30, 29, 28, 27, 26, 25, 24, 23, 22, 21, 20, 19, 18, 17, 16, 15, 14, 13, 12, 11, 10, 9, 8, 7, 6, 5, 4, 3, 2, 1, 0.5, 0.25, 0.125, 0.0625, 0.03125, 0.015625, 0.0078125]
predictive decrease 4.6396060378543075e-06 actual decrease 1.0211924515350981e-06
objective value without tv norm 1.107483058674243e-05
objective value with tv norm 0.007414876862061889
original energy 2.4758334179475483e-06
objective value without tv norm 1.107483058674243e-05
alpha 0.0001
objective value with tv norm 0.007414876862061889
tv norm 74.03802031475146
l2 norm 0.0008598997168794881
computational time 390.111190917
total iterations 4270
