[320, 160.0, 80.0]
predictive decrease 2.9922724734896993 actual decrease 0.058149848243194024
objective value with out tv norm 0.8924326614703624
[320, 160.0, 80.0]
predictive decrease 1.4021645232664326 actual decrease 0.022976201488346226
objective value with out tv norm 0.8694564599820161
[320]
predictive decrease 3.422968479809528 actual decrease 0.029963254347007084
objective value with out tv norm 0.8394932056350091
[320]
predictive decrease 0.371901355525848 actual decrease 0.02013801295391815
objective value with out tv norm 0.8193551926810909
[320, 160.0, 80.0, 40.0, 30, 29, 28, 27, 26, 25, 24, 23, 22, 21, 20, 19]
predictive decrease 0.422582513471876 actual decrease 0.05686081410192234
objective value with out tv norm 0.7624943785791686
[320, 160.0, 80.0]
predictive decrease 5.922071274605006 actual decrease 0.046073309736709867
objective value with out tv norm 0.7164210688424587
[320, 160.0, 80.0, 40.0, 30]
predictive decrease 3.8494088032154936 actual decrease 0.03315135162331562
objective value with out tv norm 0.6832697172191431
[320, 160.0, 80.0, 40.0]
predictive decrease 5.7711326236409475 actual decrease 0.11470610778970802
objective value with out tv norm 0.5685636094294351
[320, 160.0, 80.0, 40.0, 30, 29]
predictive decrease 3.899130391005561 actual decrease 0.16872885757554634
objective value with out tv norm 0.3998347518538887
[320, 160.0, 80.0, 40.0]
predictive decrease 4.380674335969214 actual decrease 0.09706386094504948
objective value with out tv norm 0.30277089090883924
[320, 160.0, 80.0, 40.0, 30, 29, 28, 27, 26, 25, 24, 23]
predictive decrease 1.632576206944058 actual decrease 0.08601964509269255
objective value with out tv norm 0.2167512458161467
[320, 160.0, 80.0, 40.0, 30, 29, 28, 27, 26, 25, 24, 23, 22, 21, 20, 19, 18, 17, 16, 15, 14, 13, 12, 11, 10, 9, 8, 7, 6, 5, 4, 3, 2, 1]
predictive decrease 0.0 actual decrease 0.0
objective value with out tv norm 0.2167512458161467
objective value without tv norm 0.2167512458161467
norm 6.0
computational time 13.877454042434692
total iterations 102
