[320, 160.0, 80.0, 40.0, 30, 29, 28, 27, 26, 25, 24, 23, 22, 21, 20, 19, 18, 17, 16, 15, 14, 13, 12, 11, 10, 9, 8, 7, 6, 5, 4, 3, 2, 1, 0.5, 0.25, 0.125, 0.0625, 0.03125, 0.015625, 0.0078125, 0.00390625, 0.001953125]
predictive decrease 1.3613273008606383e-07 actual decrease 7.130862078228405e-08
objective value without tv norm 1.3101107395278337e-06
objective value with tv norm 0.00037110065239970297
[320, 160.0, 80.0, 40.0, 30, 29, 28, 27, 26, 25, 24, 23, 22, 21, 20, 19, 18, 17, 16, 15, 14, 13, 12, 11, 10, 9, 8, 7, 6, 5, 4, 3, 2, 1, 0.5, 0.25, 0.125, 0.0625, 0.03125, 0.015625, 0.0078125, 0.00390625, 0.001953125, 0.0009765625]
predictive decrease 8.501336325189438e-08 actual decrease 3.8562967690587615e-08
objective value without tv norm 1.280784412245381e-06
objective value with tv norm 0.0003710620894320124
[320, 160.0, 80.0, 40.0, 30, 29, 28, 27, 26, 25, 24, 23, 22, 21, 20, 19, 18, 17, 16, 15, 14, 13, 12, 11, 10, 9, 8, 7, 6, 5, 4, 3, 2, 1, 0.5, 0.25, 0.125, 0.0625, 0.03125, 0.015625, 0.0078125, 0.00390625, 0.001953125, 0.0009765625]
predictive decrease 7.692876785521689e-08 actual decrease 2.887120511418798e-08
objective value without tv norm 1.3170173737978376e-06
objective value with tv norm 0.0003710332182268982
[320, 160.0, 80.0, 40.0, 30, 29, 28, 27, 26, 25, 24, 23, 22, 21, 20, 19, 18, 17, 16, 15, 14, 13, 12, 11, 10, 9, 8, 7, 6, 5, 4, 3, 2, 1, 0.5, 0.25, 0.125, 0.0625, 0.03125, 0.015625, 0.0078125, 0.00390625, 0.001953125, 0.0009765625]
predictive decrease 7.268879895975904e-08 actual decrease 1.653962957001362e-08
objective value without tv norm 1.300477744227852e-06
objective value with tv norm 0.0003710166785973282
[320, 160.0, 80.0, 40.0, 30, 29, 28, 27, 26, 25, 24, 23, 22, 21, 20, 19, 18, 17, 16, 15, 14, 13, 12, 11, 10, 9, 8, 7, 6, 5, 4, 3, 2, 1, 0.5, 0.25, 0.125, 0.0625, 0.03125, 0.015625, 0.0078125, 0.00390625, 0.001953125, 0.0009765625]
predictive decrease 7.709215462352445e-08 actual decrease 2.1800935155334884e-08
objective value without tv norm 1.2786768090725202e-06
objective value with tv norm 0.00037099487766217284
[320, 160.0, 80.0, 40.0, 30, 29, 28, 27, 26, 25, 24, 23, 22, 21, 20, 19, 18, 17, 16, 15, 14, 13, 12, 11, 10, 9, 8, 7, 6, 5, 4, 3, 2, 1, 0.5, 0.25, 0.125, 0.0625, 0.03125, 0.015625, 0.0078125, 0.00390625, 0.001953125, 0.0009765625]
predictive decrease 6.245768629505955e-08 actual decrease 1.2951083858180144e-08
objective value without tv norm 1.2657257252143172e-06
objective value with tv norm 0.00037098192657831466
[320, 160.0, 80.0, 40.0, 30, 29, 28, 27, 26, 25, 24, 23, 22, 21, 20, 19, 18, 17, 16, 15, 14, 13, 12, 11, 10, 9, 8, 7, 6, 5, 4, 3, 2, 1, 0.5, 0.25, 0.125, 0.0625, 0.03125, 0.015625, 0.0078125, 0.00390625, 0.001953125, 0.0009765625]
predictive decrease 8.126921547014923e-08 actual decrease 2.4942799670471787e-08
objective value without tv norm 1.2407829255438346e-06
objective value with tv norm 0.0003709569837786442
[320, 160.0, 80.0, 40.0, 30, 29, 28, 27, 26, 25, 24, 23, 22, 21, 20, 19, 18, 17, 16, 15, 14, 13, 12, 11, 10, 9, 8, 7, 6, 5, 4, 3, 2, 1, 0.5, 0.25, 0.125, 0.0625, 0.03125, 0.015625, 0.0078125, 0.00390625, 0.001953125, 0.0009765625]
predictive decrease 8.218226455679019e-08 actual decrease 2.574956484743384e-08
objective value without tv norm 1.2150333606964355e-06
objective value with tv norm 0.00037093123421379676
[320, 160.0, 80.0, 40.0, 30, 29, 28, 27, 26, 25, 24, 23, 22, 21, 20, 19, 18, 17, 16, 15, 14, 13, 12, 11, 10, 9, 8, 7, 6, 5, 4, 3, 2, 1, 0.5, 0.25, 0.125, 0.0625, 0.03125, 0.015625, 0.0078125, 0.00390625, 0.001953125, 0.0009765625]
predictive decrease 6.255695673523494e-08 actual decrease 6.124104978233284e-09
objective value without tv norm 1.2089092557181632e-06
objective value with tv norm 0.0003709251101088185
[320, 160.0, 80.0, 40.0, 30, 29, 28, 27, 26, 25, 24, 23, 22, 21, 20, 19, 18, 17, 16, 15, 14, 13, 12, 11, 10, 9, 8, 7, 6, 5, 4, 3, 2, 1, 0.5, 0.25, 0.125, 0.0625, 0.03125, 0.015625, 0.0078125, 0.00390625, 0.001953125, 0.0009765625]
predictive decrease 7.324715113008482e-08 actual decrease 1.7455401843835972e-08
objective value without tv norm 1.1914538538743599e-06
objective value with tv norm 0.0003709076547069747
[320, 160.0, 80.0, 40.0, 30, 29, 28, 27, 26, 25, 24, 23, 22, 21, 20, 19, 18, 17, 16, 15, 14, 13, 12, 11, 10, 9, 8, 7, 6, 5, 4, 3, 2, 1, 0.5, 0.25, 0.125, 0.0625, 0.03125, 0.015625, 0.0078125, 0.00390625, 0.001953125, 0.0009765625]
predictive decrease 5.4508289928413296e-08 actual decrease 7.989440399839773e-09
objective value without tv norm 1.1881428163329951e-06
objective value with tv norm 0.00037089966526657485
[320, 160.0, 80.0, 40.0, 30, 29, 28, 27, 26, 25, 24, 23, 22, 21, 20, 19, 18, 17, 16, 15, 14, 13, 12, 11, 10, 9, 8, 7, 6, 5, 4, 3, 2, 1, 0.5, 0.25, 0.125, 0.0625, 0.03125, 0.015625, 0.0078125, 0.00390625, 0.001953125, 0.0009765625]
predictive decrease 7.391804173200074e-08 actual decrease 1.750334248324997e-08
objective value without tv norm 1.1706394738497517e-06
objective value with tv norm 0.0003708821619240916
[320, 160.0, 80.0, 40.0, 30, 29, 28, 27, 26, 25, 24, 23, 22, 21, 20, 19, 18, 17, 16, 15, 14, 13, 12, 11, 10, 9, 8, 7, 6, 5, 4, 3, 2, 1, 0.5, 0.25, 0.125, 0.0625, 0.03125, 0.015625, 0.0078125, 0.00390625, 0.001953125, 0.0009765625]
predictive decrease 5.990258118308616e-08 actual decrease 1.8282572321619457e-08
objective value without tv norm 1.1931973445832391e-06
objective value with tv norm 0.00037086387935177
[320, 160.0, 80.0, 40.0, 30, 29, 28, 27, 26, 25, 24, 23, 22, 21, 20, 19, 18, 17, 16, 15, 14, 13, 12, 11, 10, 9, 8, 7, 6, 5, 4, 3, 2, 1, 0.5, 0.25, 0.125, 0.0625, 0.03125, 0.015625, 0.0078125, 0.00390625, 0.001953125, 0.0009765625]
predictive decrease 6.772212001869993e-08 actual decrease 1.1304452828897818e-08
objective value without tv norm 1.181892891754376e-06
objective value with tv norm 0.0003708525748989411
[320, 160.0, 80.0, 40.0, 30, 29, 28, 27, 26, 25, 24, 23, 22, 21, 20, 19, 18, 17, 16, 15, 14, 13, 12, 11, 10, 9, 8, 7, 6, 5, 4, 3, 2, 1, 0.5, 0.25, 0.125, 0.0625, 0.03125, 0.015625, 0.0078125, 0.00390625, 0.001953125, 0.0009765625]
predictive decrease 6.674415218004427e-08 actual decrease 1.0357667940073378e-08
objective value without tv norm 1.1715352238142984e-06
objective value with tv norm 0.000370842217231001
[320, 160.0, 80.0, 40.0, 30, 29, 28, 27, 26, 25, 24, 23, 22, 21, 20, 19, 18, 17, 16, 15, 14, 13, 12, 11, 10, 9, 8, 7, 6, 5, 4, 3, 2, 1, 0.5, 0.25, 0.125, 0.0625, 0.03125, 0.015625, 0.0078125, 0.00390625, 0.001953125, 0.0009765625]
predictive decrease 5.98389098882871e-08 actual decrease 1.445048402134606e-08
objective value without tv norm 1.2059128647929133e-06
objective value with tv norm 0.00037082776674697966
[320, 160.0, 80.0, 40.0, 30, 29, 28, 27, 26, 25, 24, 23, 22, 21, 20, 19, 18, 17, 16, 15, 14, 13, 12, 11, 10, 9, 8, 7, 6, 5, 4, 3, 2, 1, 0.5, 0.25, 0.125, 0.0625, 0.03125, 0.015625, 0.0078125, 0.00390625, 0.001953125, 0.0009765625]
predictive decrease 7.080085952715018e-08 actual decrease 1.435547807758725e-08
objective value without tv norm 1.191557386715341e-06
objective value with tv norm 0.0003708134112689021
[320, 160.0, 80.0, 40.0, 30, 29, 28, 27, 26, 25, 24, 23, 22, 21, 20, 19, 18, 17, 16, 15, 14, 13, 12, 11, 10, 9, 8, 7, 6, 5, 4, 3, 2, 1, 0.5, 0.25, 0.125, 0.0625, 0.03125, 0.015625, 0.0078125, 0.00390625, 0.001953125, 0.0009765625]
predictive decrease 7.103682350158421e-08 actual decrease 2.1967870605498624e-08
objective value without tv norm 1.2346936827765708e-06
objective value with tv norm 0.0003707914433982966
[320, 160.0, 80.0, 40.0, 30, 29, 28, 27, 26, 25, 24, 23, 22, 21, 20, 19, 18, 17, 16, 15, 14, 13, 12, 11, 10, 9, 8, 7, 6, 5, 4, 3, 2, 1, 0.5, 0.25, 0.125, 0.0625, 0.03125, 0.015625, 0.0078125, 0.00390625, 0.001953125, 0.0009765625]
predictive decrease 8.508525986777957e-08 actual decrease 2.8740689800570585e-08
objective value without tv norm 1.2059529929759807e-06
objective value with tv norm 0.000370762702708496
[320, 160.0, 80.0, 40.0, 30, 29, 28, 27, 26, 25, 24, 23, 22, 21, 20, 19, 18, 17, 16, 15, 14, 13, 12, 11, 10, 9, 8, 7, 6, 5, 4, 3, 2, 1, 0.5, 0.25, 0.125, 0.0625, 0.03125, 0.015625, 0.0078125, 0.00390625, 0.001953125, 0.0009765625]
predictive decrease 8.284317454747931e-08 actual decrease 3.478606364900683e-08
objective value without tv norm 1.2362710959936264e-06
objective value with tv norm 0.000370727916644847
[320, 160.0, 80.0, 40.0, 30, 29, 28, 27, 26, 25, 24, 23, 22, 21, 20, 19, 18, 17, 16, 15, 14, 13, 12, 11, 10, 9, 8, 7, 6, 5, 4, 3, 2, 1, 0.5, 0.25, 0.125, 0.0625, 0.03125, 0.015625, 0.0078125, 0.00390625, 0.001953125, 0.0009765625]
predictive decrease 6.278502794277102e-08 actual decrease 6.317003109132784e-09
objective value without tv norm 1.229954092884513e-06
objective value with tv norm 0.00037072159964173787
[320, 160.0, 80.0, 40.0, 30, 29, 28, 27, 26, 25, 24, 23, 22, 21, 20, 19, 18, 17, 16, 15, 14, 13, 12, 11, 10, 9, 8, 7, 6, 5, 4, 3, 2, 1, 0.5, 0.25, 0.125, 0.0625, 0.03125, 0.015625, 0.0078125, 0.00390625, 0.001953125, 0.0009765625]
predictive decrease 8.237307212971123e-08 actual decrease 3.3304757522038646e-08
objective value without tv norm 1.2617535020290903e-06
objective value with tv norm 0.0003706882948842158
[320, 160.0, 80.0, 40.0, 30, 29, 28, 27, 26, 25, 24, 23, 22, 21, 20, 19, 18, 17, 16, 15, 14, 13, 12, 11, 10, 9, 8, 7, 6, 5, 4, 3, 2, 1, 0.5, 0.25, 0.125, 0.0625, 0.03125, 0.015625, 0.0078125, 0.00390625, 0.001953125, 0.0009765625]
predictive decrease 6.891908498659737e-08 actual decrease 1.2468298298874171e-08
objective value without tv norm 1.2492852037302661e-06
objective value with tv norm 0.00037067582658591695
[320, 160.0, 80.0, 40.0, 30, 29, 28, 27, 26, 25, 24, 23, 22, 21, 20, 19, 18, 17, 16, 15, 14, 13, 12, 11, 10, 9, 8, 7, 6, 5, 4, 3, 2, 1, 0.5, 0.25, 0.125, 0.0625, 0.03125, 0.015625, 0.0078125, 0.00390625, 0.001953125, 0.0009765625]
predictive decrease 8.797035105288743e-08 actual decrease 3.1519352266758983e-08
objective value without tv norm 1.2177658514634724e-06
objective value with tv norm 0.0003706443072336502
[320, 160.0, 80.0, 40.0, 30, 29, 28, 27, 26, 25, 24, 23, 22, 21, 20, 19, 18, 17, 16, 15, 14, 13, 12, 11, 10, 9, 8, 7, 6, 5, 4, 3, 2, 1, 0.5, 0.25, 0.125, 0.0625, 0.03125, 0.015625, 0.0078125, 0.00390625, 0.001953125, 0.0009765625]
predictive decrease 7.319506336743355e-08 actual decrease 1.6872030270456955e-08
objective value without tv norm 1.200893821193048e-06
objective value with tv norm 0.00037062743520337974
[320, 160.0, 80.0, 40.0, 30, 29, 28, 27, 26, 25, 24, 23, 22, 21, 20, 19, 18, 17, 16, 15, 14, 13, 12, 11, 10, 9, 8, 7, 6, 5, 4, 3, 2, 1, 0.5, 0.25, 0.125, 0.0625, 0.03125, 0.015625, 0.0078125, 0.00390625, 0.001953125, 0.0009765625]
predictive decrease 8.357005352256685e-08 actual decrease 2.724549260778742e-08
objective value without tv norm 1.1736483285852371e-06
objective value with tv norm 0.00037060018971077195
[320, 160.0, 80.0, 40.0, 30, 29, 28, 27, 26, 25, 24, 23, 22, 21, 20, 19, 18, 17, 16, 15, 14, 13, 12, 11, 10, 9, 8, 7, 6, 5, 4, 3, 2, 1, 0.5, 0.25, 0.125, 0.0625, 0.03125, 0.015625, 0.0078125, 0.00390625, 0.001953125, 0.0009765625]
predictive decrease 5.932908187942978e-08 actual decrease 2.9289340613774216e-09
objective value without tv norm 1.1707193945238913e-06
objective value with tv norm 0.00037059726077671057
[320, 160.0, 80.0, 40.0, 30, 29, 28, 27, 26, 25, 24, 23, 22, 21, 20, 19, 18, 17, 16, 15, 14, 13, 12, 11, 10, 9, 8, 7, 6, 5, 4, 3, 2, 1, 0.5, 0.25, 0.125, 0.0625, 0.03125, 0.015625, 0.0078125, 0.00390625, 0.001953125, 0.0009765625]
predictive decrease 6.444798316052784e-08 actual decrease 1.4896725181092613e-08
objective value without tv norm 1.159574676990958e-06
objective value with tv norm 0.0003705823640515295
[320, 160.0, 80.0, 40.0, 30, 29, 28, 27, 26, 25, 24, 23, 22, 21, 20, 19, 18, 17, 16, 15, 14, 13, 12, 11, 10, 9, 8, 7, 6, 5, 4, 3, 2, 1, 0.5, 0.25, 0.125, 0.0625, 0.03125, 0.015625, 0.0078125, 0.00390625, 0.001953125, 0.0009765625]
predictive decrease 7.329809610331396e-08 actual decrease 2.5240912800031465e-08
objective value without tv norm 1.1994379308575828e-06
objective value with tv norm 0.00037055712313872945
[320, 160.0, 80.0, 40.0, 30, 29, 28, 27, 26, 25, 24, 23, 22, 21, 20, 19, 18, 17, 16, 15, 14, 13, 12, 11, 10, 9, 8, 7, 6, 5, 4, 3, 2, 1, 0.5, 0.25, 0.125, 0.0625, 0.03125, 0.015625, 0.0078125, 0.00390625, 0.001953125, 0.0009765625]
predictive decrease 8.179086253331386e-08 actual decrease 3.710508351988844e-08
objective value without tv norm 1.2013953473376786e-06
objective value with tv norm 0.00037052001805520956
[320, 160.0, 80.0, 40.0, 30, 29, 28, 27, 26, 25, 24, 23, 22, 21, 20, 19, 18, 17, 16, 15, 14, 13, 12, 11, 10, 9, 8, 7, 6, 5, 4, 3, 2, 1, 0.5, 0.25, 0.125, 0.0625, 0.03125, 0.015625, 0.0078125, 0.00390625, 0.001953125, 0.0009765625]
predictive decrease 6.725463070088094e-08 actual decrease 2.0327809344762755e-08
objective value without tv norm 1.2298956629929354e-06
objective value with tv norm 0.0003704996902458648
[320, 160.0, 80.0, 40.0, 30, 29, 28, 27, 26, 25, 24, 23, 22, 21, 20, 19, 18, 17, 16, 15, 14, 13, 12, 11, 10, 9, 8, 7, 6, 5, 4, 3, 2, 1, 0.5, 0.25, 0.125, 0.0625, 0.03125, 0.015625, 0.0078125, 0.00390625, 0.001953125, 0.0009765625]
predictive decrease 8.275649510710702e-08 actual decrease 2.6306219857877376e-08
objective value without tv norm 1.203589443135045e-06
objective value with tv norm 0.0003704733840260069
[320, 160.0, 80.0, 40.0, 30, 29, 28, 27, 26, 25, 24, 23, 22, 21, 20, 19, 18, 17, 16, 15, 14, 13, 12, 11, 10, 9, 8, 7, 6, 5, 4, 3, 2, 1, 0.5, 0.25, 0.125, 0.0625, 0.03125, 0.015625, 0.0078125, 0.00390625, 0.001953125, 0.0009765625]
predictive decrease 7.38554836059494e-08 actual decrease 1.7344841346446805e-08
objective value without tv norm 1.1862446017886026e-06
objective value with tv norm 0.00037045603918466047
[320, 160.0, 80.0, 40.0, 30, 29, 28, 27, 26, 25, 24, 23, 22, 21, 20, 19, 18, 17, 16, 15, 14, 13, 12, 11, 10, 9, 8, 7, 6, 5, 4, 3, 2, 1, 0.5, 0.25, 0.125, 0.0625, 0.03125, 0.015625, 0.0078125, 0.00390625, 0.001953125, 0.0009765625]
predictive decrease 8.126697148373978e-08 actual decrease 3.242129722075835e-08
objective value without tv norm 1.210395280940377e-06
objective value with tv norm 0.0003704236178874397
[320, 160.0, 80.0, 40.0, 30, 29, 28, 27, 26, 25, 24, 23, 22, 21, 20, 19, 18, 17, 16, 15, 14, 13, 12, 11, 10, 9, 8, 7, 6, 5, 4, 3, 2, 1, 0.5, 0.25, 0.125, 0.0625, 0.03125, 0.015625, 0.0078125, 0.00390625, 0.001953125, 0.0009765625]
predictive decrease 8.765473227237332e-08 actual decrease 3.1117800179713065e-08
objective value without tv norm 1.1792774807606465e-06
objective value with tv norm 0.00037039250008726
[320, 160.0, 80.0, 40.0, 30, 29, 28, 27, 26, 25, 24, 23, 22, 21, 20, 19, 18, 17, 16, 15, 14, 13, 12, 11, 10, 9, 8, 7, 6, 5, 4, 3, 2, 1, 0.5, 0.25, 0.125, 0.0625, 0.03125, 0.015625, 0.0078125, 0.00390625, 0.001953125, 0.0009765625, 0.00048828125]
predictive decrease 2.7902776365969998e-08 actual decrease 1.384556210637768e-08
objective value without tv norm 1.1654319186542754e-06
objective value with tv norm 0.0003703786545251536
[320, 160.0, 80.0, 40.0, 30, 29, 28, 27, 26, 25, 24, 23, 22, 21, 20, 19, 18, 17, 16, 15, 14, 13, 12, 11, 10, 9, 8, 7, 6, 5, 4, 3, 2, 1, 0.5, 0.25, 0.125, 0.0625, 0.03125, 0.015625, 0.0078125, 0.00390625, 0.001953125, 0.0009765625]
predictive decrease 6.436664194486375e-08 actual decrease 1.4029906125810707e-08
objective value without tv norm 1.2002301375285025e-06
objective value with tv norm 0.0003703646246190278
[320, 160.0, 80.0, 40.0, 30, 29, 28, 27, 26, 25, 24, 23, 22, 21, 20, 19, 18, 17, 16, 15, 14, 13, 12, 11, 10, 9, 8, 7, 6, 5, 4, 3, 2, 1, 0.5, 0.25, 0.125, 0.0625, 0.03125, 0.015625, 0.0078125, 0.00390625, 0.001953125, 0.0009765625]
predictive decrease 8.208333454335758e-08 actual decrease 2.5854479056806878e-08
objective value without tv norm 1.1743756584717217e-06
objective value with tv norm 0.000370338770139971
[320, 160.0, 80.0, 40.0, 30, 29, 28, 27, 26, 25, 24, 23, 22, 21, 20, 19, 18, 17, 16, 15, 14, 13, 12, 11, 10, 9, 8, 7, 6, 5, 4, 3, 2, 1, 0.5, 0.25, 0.125, 0.0625, 0.03125, 0.015625, 0.0078125, 0.00390625, 0.001953125, 0.0009765625]
predictive decrease 7.880016093336989e-08 actual decrease 2.2471401963926156e-08
objective value without tv norm 1.151904256507774e-06
objective value with tv norm 0.0003703162987380071
[320, 160.0, 80.0, 40.0, 30, 29, 28, 27, 26, 25, 24, 23, 22, 21, 20, 19, 18, 17, 16, 15, 14, 13, 12, 11, 10, 9, 8, 7, 6, 5, 4, 3, 2, 1, 0.5, 0.25, 0.125, 0.0625, 0.03125, 0.015625, 0.0078125, 0.00390625, 0.001953125, 0.0009765625]
predictive decrease 7.493075163827762e-08 actual decrease 2.687590708956491e-08
objective value without tv norm 1.1901325160848152e-06
objective value with tv norm 0.0003702894228309175
[320, 160.0, 80.0, 40.0, 30, 29, 28, 27, 26, 25, 24, 23, 22, 21, 20, 19, 18, 17, 16, 15, 14, 13, 12, 11, 10, 9, 8, 7, 6, 5, 4, 3, 2, 1, 0.5, 0.25, 0.125, 0.0625, 0.03125, 0.015625, 0.0078125, 0.00390625, 0.001953125, 0.0009765625]
predictive decrease 5.780554274186162e-08 actual decrease 1.4593795223932088e-09
objective value without tv norm 1.188673136562435e-06
objective value with tv norm 0.0003702879634513951
[320, 160.0, 80.0, 40.0, 30, 29, 28, 27, 26, 25, 24, 23, 22, 21, 20, 19, 18, 17, 16, 15, 14, 13, 12, 11, 10, 9, 8, 7, 6, 5, 4, 3, 2, 1, 0.5, 0.25, 0.125, 0.0625, 0.03125, 0.015625, 0.0078125, 0.00390625, 0.001953125, 0.0009765625]
predictive decrease 6.427006984249806e-08 actual decrease 1.2681697383410198e-08
objective value without tv norm 1.2248195641790303e-06
objective value with tv norm 0.0003702752817540117
[320, 160.0, 80.0, 40.0, 30, 29, 28, 27, 26, 25, 24, 23, 22, 21, 20, 19, 18, 17, 16, 15, 14, 13, 12, 11, 10, 9, 8, 7, 6, 5, 4, 3, 2, 1, 0.5, 0.25, 0.125, 0.0625, 0.03125, 0.015625, 0.0078125, 0.00390625, 0.001953125, 0.0009765625]
predictive decrease 7.315269435131467e-08 actual decrease 1.6615694765388656e-08
objective value without tv norm 1.2082038694136156e-06
objective value with tv norm 0.0003702586660592463
[320, 160.0, 80.0, 40.0, 30, 29, 28, 27, 26, 25, 24, 23, 22, 21, 20, 19, 18, 17, 16, 15, 14, 13, 12, 11, 10, 9, 8, 7, 6, 5, 4, 3, 2, 1, 0.5, 0.25, 0.125, 0.0625, 0.03125, 0.015625, 0.0078125, 0.00390625, 0.001953125, 0.0009765625]
predictive decrease 6.24472616836359e-08 actual decrease 5.970537728387966e-09
objective value without tv norm 1.2022333316852494e-06
objective value with tv norm 0.00037025269552151793
[320, 160.0, 80.0, 40.0, 30, 29, 28, 27, 26, 25, 24, 23, 22, 21, 20, 19, 18, 17, 16, 15, 14, 13, 12, 11, 10, 9, 8, 7, 6, 5, 4, 3, 2, 1, 0.5, 0.25, 0.125, 0.0625, 0.03125, 0.015625, 0.0078125, 0.00390625, 0.001953125, 0.0009765625]
predictive decrease 9.121381811677282e-08 actual decrease 4.428171964456244e-08
objective value without tv norm 1.2067797370407602e-06
objective value with tv norm 0.00037020841380187337
[320, 160.0, 80.0, 40.0, 30, 29, 28, 27, 26, 25, 24, 23, 22, 21, 20, 19, 18, 17, 16, 15, 14, 13, 12, 11, 10, 9, 8, 7, 6, 5, 4, 3, 2, 1, 0.5, 0.25, 0.125, 0.0625, 0.03125, 0.015625, 0.0078125, 0.00390625, 0.001953125, 0.0009765625]
predictive decrease 8.100121228718938e-08 actual decrease 2.456707402548504e-08
objective value without tv norm 1.182212663015262e-06
objective value with tv norm 0.0003701838467278479
[320, 160.0, 80.0, 40.0, 30, 29, 28, 27, 26, 25, 24, 23, 22, 21, 20, 19, 18, 17, 16, 15, 14, 13, 12, 11, 10, 9, 8, 7, 6, 5, 4, 3, 2, 1, 0.5, 0.25, 0.125, 0.0625, 0.03125, 0.015625, 0.0078125, 0.00390625, 0.001953125, 0.0009765625]
predictive decrease 7.774362262286246e-08 actual decrease 3.0811825226819117e-08
objective value without tv norm 1.2002289627884121e-06
objective value with tv norm 0.00037015303490262107
[320, 160.0, 80.0, 40.0, 30, 29, 28, 27, 26, 25, 24, 23, 22, 21, 20, 19, 18, 17, 16, 15, 14, 13, 12, 11, 10, 9, 8, 7, 6, 5, 4, 3, 2, 1, 0.5, 0.25, 0.125, 0.0625, 0.03125, 0.015625, 0.0078125, 0.00390625, 0.001953125, 0.0009765625, 0.00048828125]
predictive decrease 2.8022094963994944e-08 actual decrease 1.3909463748547693e-08
objective value without tv norm 1.1863194990398915e-06
objective value with tv norm 0.0003701391254388725
[320, 160.0, 80.0, 40.0, 30, 29, 28, 27, 26, 25, 24, 23, 22, 21, 20, 19, 18, 17, 16, 15, 14, 13, 12, 11, 10, 9, 8, 7, 6, 5, 4, 3, 2, 1, 0.5, 0.25, 0.125, 0.0625, 0.03125, 0.015625, 0.0078125, 0.00390625, 0.001953125, 0.0009765625, 0.00048828125]
predictive decrease 2.7589903014502756e-08 actual decrease 1.3481532456854298e-08
objective value without tv norm 1.1728379665830133e-06
objective value with tv norm 0.00037012564390641567
[320, 160.0, 80.0, 40.0, 30, 29, 28, 27, 26, 25, 24, 23, 22, 21, 20, 19, 18, 17, 16, 15, 14, 13, 12, 11, 10, 9, 8, 7, 6, 5, 4, 3, 2, 1, 0.5, 0.25, 0.125, 0.0625, 0.03125, 0.015625, 0.0078125, 0.00390625, 0.001953125, 0.0009765625]
predictive decrease 6.28686250894457e-08 actual decrease 1.7790691462442158e-08
objective value without tv norm 1.1941097751206193e-06
objective value with tv norm 0.0003701078532149532
[320, 160.0, 80.0, 40.0, 30, 29, 28, 27, 26, 25, 24, 23, 22, 21, 20, 19, 18, 17, 16, 15, 14, 13, 12, 11, 10, 9, 8, 7, 6, 5, 4, 3, 2, 1, 0.5, 0.25, 0.125, 0.0625, 0.03125, 0.015625, 0.0078125, 0.00390625, 0.001953125, 0.0009765625]
predictive decrease 7.309688390038163e-08 actual decrease 1.6663325310350367e-08
objective value without tv norm 1.1774464498102872e-06
objective value with tv norm 0.0003700911898896429
[320, 160.0, 80.0, 40.0, 30, 29, 28, 27, 26, 25, 24, 23, 22, 21, 20, 19, 18, 17, 16, 15, 14, 13, 12, 11, 10, 9, 8, 7, 6, 5, 4, 3, 2, 1, 0.5, 0.25, 0.125, 0.0625, 0.03125, 0.015625, 0.0078125, 0.00390625, 0.001953125, 0.0009765625]
predictive decrease 6.95106464974741e-08 actual decrease 1.3184448263345565e-08
objective value without tv norm 1.1642620015469263e-06
objective value with tv norm 0.00037007800544137953
[320, 160.0, 80.0, 40.0, 30, 29, 28, 27, 26, 25, 24, 23, 22, 21, 20, 19, 18, 17, 16, 15, 14, 13, 12, 11, 10, 9, 8, 7, 6, 5, 4, 3, 2, 1, 0.5, 0.25, 0.125, 0.0625, 0.03125, 0.015625, 0.0078125, 0.00390625, 0.001953125, 0.0009765625]
predictive decrease 5.937952806198002e-08 actual decrease 3.1524317036998872e-09
objective value without tv norm 1.1611095698432525e-06
objective value with tv norm 0.00037007485300967583
[320, 160.0, 80.0, 40.0, 30, 29, 28, 27, 26, 25, 24, 23, 22, 21, 20, 19, 18, 17, 16, 15, 14, 13, 12, 11, 10, 9, 8, 7, 6, 5, 4, 3, 2, 1, 0.5, 0.25, 0.125, 0.0625, 0.03125, 0.015625, 0.0078125, 0.00390625, 0.001953125]
predictive decrease 2.0480103803962408e-07 actual decrease 3.4470653087568387e-09
objective value without tv norm 1.255318754534472e-06
objective value with tv norm 0.00037007140594436707
[320, 160.0, 80.0, 40.0, 30, 29, 28, 27, 26, 25, 24, 23, 22, 21, 20, 19, 18, 17, 16, 15, 14, 13, 12, 11, 10, 9, 8, 7, 6, 5, 4, 3, 2, 1, 0.5, 0.25, 0.125, 0.0625, 0.03125, 0.015625, 0.0078125, 0.00390625, 0.001953125, 0.0009765625]
predictive decrease 1.1193355579848822e-07 actual decrease 5.570646040585275e-08
objective value without tv norm 1.1996122941286084e-06
objective value with tv norm 0.0003700156994839612
[320, 160.0, 80.0, 40.0, 30, 29, 28, 27, 26, 25, 24, 23, 22, 21, 20, 19, 18, 17, 16, 15, 14, 13, 12, 11, 10, 9, 8, 7, 6, 5, 4, 3, 2, 1, 0.5, 0.25, 0.125, 0.0625, 0.03125, 0.015625, 0.0078125, 0.00390625, 0.001953125, 0.0009765625]
predictive decrease 9.464820271742934e-08 actual decrease 3.830106554369951e-08
objective value without tv norm 1.1613112285849132e-06
objective value with tv norm 0.0003699773984184175
[320, 160.0, 80.0, 40.0, 30, 29, 28, 27, 26, 25, 24, 23, 22, 21, 20, 19, 18, 17, 16, 15, 14, 13, 12, 11, 10, 9, 8, 7, 6, 5, 4, 3, 2, 1, 0.5, 0.25, 0.125, 0.0625, 0.03125, 0.015625, 0.0078125, 0.00390625, 0.001953125, 0.0009765625]
predictive decrease 7.093000286602239e-08 actual decrease 2.287978173397655e-08
objective value without tv norm 1.2035356135176103e-06
objective value with tv norm 0.00036995451863668354
[320, 160.0, 80.0, 40.0, 30, 29, 28, 27, 26, 25, 24, 23, 22, 21, 20, 19, 18, 17, 16, 15, 14, 13, 12, 11, 10, 9, 8, 7, 6, 5, 4, 3, 2, 1, 0.5, 0.25, 0.125, 0.0625, 0.03125, 0.015625, 0.0078125, 0.00390625, 0.001953125, 0.0009765625]
predictive decrease 7.532468906707064e-08 actual decrease 1.8897641381376753e-08
objective value without tv norm 1.1846379721362314e-06
objective value with tv norm 0.00036993562099530217
[320, 160.0, 80.0, 40.0, 30, 29, 28, 27, 26, 25, 24, 23, 22, 21, 20, 19, 18, 17, 16, 15, 14, 13, 12, 11, 10, 9, 8, 7, 6, 5, 4, 3, 2, 1, 0.5, 0.25, 0.125, 0.0625, 0.03125, 0.015625, 0.0078125, 0.00390625, 0.001953125, 0.0009765625]
predictive decrease 7.598517870872857e-08 actual decrease 1.9636594093331346e-08
objective value without tv norm 1.1650013780428819e-06
objective value with tv norm 0.00036991598440120883
[320, 160.0, 80.0, 40.0, 30, 29, 28, 27, 26, 25, 24, 23, 22, 21, 20, 19, 18, 17, 16, 15, 14, 13, 12, 11, 10, 9, 8, 7, 6, 5, 4, 3, 2, 1, 0.5, 0.25, 0.125, 0.0625, 0.03125, 0.015625, 0.0078125, 0.00390625, 0.001953125, 0.0009765625]
predictive decrease 8.556491566793839e-08 actual decrease 3.762283131244397e-08
objective value without tv norm 1.192482713397103e-06
objective value with tv norm 0.0003698783615698964
[320, 160.0, 80.0, 40.0, 30, 29, 28, 27, 26, 25, 24, 23, 22, 21, 20, 19, 18, 17, 16, 15, 14, 13, 12, 11, 10, 9, 8, 7, 6, 5, 4, 3, 2, 1, 0.5, 0.25, 0.125, 0.0625, 0.03125, 0.015625, 0.0078125, 0.00390625, 0.001953125, 0.0009765625]
predictive decrease 6.321027200723332e-08 actual decrease 3.255173219017006e-08
objective value without tv norm 1.1924628152030763e-06
objective value with tv norm 0.0003698458098377062
[320, 160.0, 80.0, 40.0, 30, 29, 28, 27, 26, 25, 24, 23, 22, 21, 20, 19, 18, 17, 16, 15, 14, 13, 12, 11, 10, 9, 8, 7, 6, 5, 4, 3, 2, 1, 0.5, 0.25, 0.125, 0.0625, 0.03125, 0.015625, 0.0078125, 0.00390625, 0.001953125, 0.0009765625]
predictive decrease 6.127350543806307e-08 actual decrease 4.8790812976189785e-09
objective value without tv norm 1.1875837339054183e-06
objective value with tv norm 0.0003698409307564086
[320, 160.0, 80.0, 40.0, 30, 29, 28, 27, 26, 25, 24, 23, 22, 21, 20, 19, 18, 17, 16, 15, 14, 13, 12, 11, 10, 9, 8, 7, 6, 5, 4, 3, 2, 1, 0.5, 0.25, 0.125, 0.0625, 0.03125, 0.015625, 0.0078125, 0.00390625, 0.001953125, 0.0009765625]
predictive decrease 7.334090466572718e-08 actual decrease 1.6852709927605344e-08
objective value without tv norm 1.1707310239778412e-06
objective value with tv norm 0.000369824078046481
[320, 160.0, 80.0, 40.0, 30, 29, 28, 27, 26, 25, 24, 23, 22, 21, 20, 19, 18, 17, 16, 15, 14, 13, 12, 11, 10, 9, 8, 7, 6, 5, 4, 3, 2, 1, 0.5, 0.25, 0.125, 0.0625, 0.03125, 0.015625, 0.0078125, 0.00390625, 0.001953125, 0.0009765625]
predictive decrease 6.072833284810272e-08 actual decrease 1.2679127677731484e-08
objective value without tv norm 1.2231560629667895e-06
objective value with tv norm 0.00036981139891880326
[320, 160.0, 80.0, 40.0, 30, 29, 28, 27, 26, 25, 24, 23, 22, 21, 20, 19, 18, 17, 16, 15, 14, 13, 12, 11, 10, 9, 8, 7, 6, 5, 4, 3, 2, 1, 0.5, 0.25, 0.125, 0.0625, 0.03125, 0.015625, 0.0078125, 0.00390625, 0.001953125, 0.0009765625]
predictive decrease 9.331954304285127e-08 actual decrease 3.685831094832727e-08
objective value without tv norm 1.186297752018499e-06
objective value with tv norm 0.00036977454060785494
[320, 160.0, 80.0, 40.0, 30, 29, 28, 27, 26, 25, 24, 23, 22, 21, 20, 19, 18, 17, 16, 15, 14, 13, 12, 11, 10, 9, 8, 7, 6, 5, 4, 3, 2, 1, 0.5, 0.25, 0.125, 0.0625, 0.03125, 0.015625, 0.0078125, 0.00390625, 0.001953125, 0.0009765625, 0.00048828125]
predictive decrease 2.647191554323988e-08 actual decrease 1.2337582084166309e-08
objective value without tv norm 1.1739601699343122e-06
objective value with tv norm 0.00036976220302577077
[320, 160.0, 80.0, 40.0, 30, 29, 28, 27, 26, 25, 24, 23, 22, 21, 20, 19, 18, 17, 16, 15, 14, 13, 12, 11, 10, 9, 8, 7, 6, 5, 4, 3, 2, 1, 0.5, 0.25, 0.125, 0.0625, 0.03125, 0.015625, 0.0078125, 0.00390625, 0.001953125, 0.0009765625]
predictive decrease 6.346496631129189e-08 actual decrease 1.1876118703800335e-08
objective value without tv norm 1.2109121762305239e-06
objective value with tv norm 0.00036975032690706697
[320, 160.0, 80.0, 40.0, 30, 29, 28, 27, 26, 25, 24, 23, 22, 21, 20, 19, 18, 17, 16, 15, 14, 13, 12, 11, 10, 9, 8, 7, 6, 5, 4, 3, 2, 1, 0.5, 0.25, 0.125, 0.0625, 0.03125, 0.015625, 0.0078125, 0.00390625, 0.001953125, 0.0009765625]
predictive decrease 8.865410833897545e-08 actual decrease 3.2116798268392796e-08
objective value without tv norm 1.1787953779620963e-06
objective value with tv norm 0.0003697182101087986
[320, 160.0, 80.0, 40.0, 30, 29, 28, 27, 26, 25, 24, 23, 22, 21, 20, 19, 18, 17, 16, 15, 14, 13, 12, 11, 10, 9, 8, 7, 6, 5, 4, 3, 2, 1, 0.5, 0.25, 0.125, 0.0625, 0.03125, 0.015625, 0.0078125, 0.00390625, 0.001953125, 0.0009765625]
predictive decrease 5.290319922619021e-08 actual decrease 3.83592542956392e-09
objective value without tv norm 1.2400636191992423e-06
objective value with tv norm 0.000369714374183369
[320, 160.0, 80.0, 40.0, 30, 29, 28, 27, 26, 25, 24, 23, 22, 21, 20, 19, 18, 17, 16, 15, 14, 13, 12, 11, 10, 9, 8, 7, 6, 5, 4, 3, 2, 1, 0.5, 0.25, 0.125, 0.0625, 0.03125, 0.015625, 0.0078125, 0.00390625, 0.001953125, 0.0009765625]
predictive decrease 8.564448901156665e-08 actual decrease 4.20245674581589e-08
objective value without tv norm 1.1980390517410635e-06
objective value with tv norm 0.00036967234961591085
[320, 160.0, 80.0, 40.0, 30, 29, 28, 27, 26, 25, 24, 23, 22, 21, 20, 19, 18, 17, 16, 15, 14, 13, 12, 11, 10, 9, 8, 7, 6, 5, 4, 3, 2, 1, 0.5, 0.25, 0.125, 0.0625, 0.03125, 0.015625, 0.0078125, 0.00390625, 0.001953125, 0.0009765625]
predictive decrease 5.957946894505741e-08 actual decrease 3.129695878758415e-09
objective value without tv norm 1.1949093558622899e-06
objective value with tv norm 0.0003696692199200321
[320, 160.0, 80.0, 40.0, 30, 29, 28, 27, 26, 25, 24, 23, 22, 21, 20, 19, 18, 17, 16, 15, 14, 13, 12, 11, 10, 9, 8, 7, 6, 5, 4, 3, 2, 1, 0.5, 0.25, 0.125, 0.0625, 0.03125, 0.015625, 0.0078125, 0.00390625, 0.001953125, 0.0009765625]
predictive decrease 8.40536201594409e-08 actual decrease 3.711647865553731e-08
objective value without tv norm 1.2066210022067823e-06
objective value with tv norm 0.00036963210344137656
[320, 160.0, 80.0, 40.0, 30, 29, 28, 27, 26, 25, 24, 23, 22, 21, 20, 19, 18, 17, 16, 15, 14, 13, 12, 11, 10, 9, 8, 7, 6, 5, 4, 3, 2, 1, 0.5, 0.25, 0.125, 0.0625, 0.03125, 0.015625, 0.0078125, 0.00390625, 0.001953125, 0.0009765625]
predictive decrease 7.38905318301464e-08 actual decrease 1.7664876958065328e-08
objective value without tv norm 1.1889561252486975e-06
objective value with tv norm 0.0003696144385644185
[320, 160.0, 80.0, 40.0, 30, 29, 28, 27, 26, 25, 24, 23, 22, 21, 20, 19, 18, 17, 16, 15, 14, 13, 12, 11, 10, 9, 8, 7, 6, 5, 4, 3, 2, 1, 0.5, 0.25, 0.125, 0.0625, 0.03125, 0.015625, 0.0078125, 0.00390625, 0.001953125, 0.0009765625]
predictive decrease 7.505484287930386e-08 actual decrease 2.471253509413098e-08
objective value without tv norm 1.2130717151545374e-06
objective value with tv norm 0.00036958972602932436
[320, 160.0, 80.0, 40.0, 30, 29, 28, 27, 26, 25, 24, 23, 22, 21, 20, 19, 18, 17, 16, 15, 14, 13, 12, 11, 10, 9, 8, 7, 6, 5, 4, 3, 2, 1, 0.5, 0.25, 0.125, 0.0625, 0.03125, 0.015625, 0.0078125, 0.00390625, 0.001953125, 0.0009765625]
predictive decrease 6.709445392945757e-08 actual decrease 1.0701368024579674e-08
objective value without tv norm 1.2023703471299751e-06
objective value with tv norm 0.0003695790246612998
[320, 160.0, 80.0, 40.0, 30, 29, 28, 27, 26, 25, 24, 23, 22, 21, 20, 19, 18, 17, 16, 15, 14, 13, 12, 11, 10, 9, 8, 7, 6, 5, 4, 3, 2, 1, 0.5, 0.25, 0.125, 0.0625, 0.03125, 0.015625, 0.0078125, 0.00390625, 0.001953125, 0.0009765625]
predictive decrease 8.591871348574958e-08 actual decrease 2.9698432809548495e-08
objective value without tv norm 1.1726719143204275e-06
objective value with tv norm 0.00036954932622849023
[320, 160.0, 80.0, 40.0, 30, 29, 28, 27, 26, 25, 24, 23, 22, 21, 20, 19, 18, 17, 16, 15, 14, 13, 12, 11, 10, 9, 8, 7, 6, 5, 4, 3, 2, 1, 0.5, 0.25, 0.125, 0.0625, 0.03125, 0.015625, 0.0078125, 0.00390625, 0.001953125, 0.0009765625, 0.00048828125]
predictive decrease 2.6527785030878558e-08 actual decrease 1.2465171840580526e-08
objective value without tv norm 1.1602067424798512e-06
objective value with tv norm 0.00036953686105664965
[320, 160.0, 80.0, 40.0, 30, 29, 28, 27, 26, 25, 24, 23, 22, 21, 20, 19, 18, 17, 16, 15, 14, 13, 12, 11, 10, 9, 8, 7, 6, 5, 4, 3, 2, 1, 0.5, 0.25, 0.125, 0.0625, 0.03125, 0.015625, 0.0078125, 0.00390625, 0.001953125, 0.0009765625, 0.00048828125]
predictive decrease 2.4495406615468538e-08 actual decrease 1.036244706633261e-08
objective value without tv norm 1.1498442954134904e-06
objective value with tv norm 0.0003695264986095833
[320, 160.0, 80.0, 40.0, 30, 29, 28, 27, 26, 25, 24, 23, 22, 21, 20, 19, 18, 17, 16, 15, 14, 13, 12, 11, 10, 9, 8, 7, 6, 5, 4, 3, 2, 1, 0.5, 0.25, 0.125, 0.0625, 0.03125, 0.015625, 0.0078125, 0.00390625, 0.001953125, 0.0009765625]
predictive decrease 5.0043728232001226e-08 actual decrease 1.9964347637633877e-09
objective value without tv norm 1.2129520273164062e-06
objective value with tv norm 0.00036952450217481956
[320, 160.0, 80.0, 40.0, 30, 29, 28, 27, 26, 25, 24, 23, 22, 21, 20, 19, 18, 17, 16, 15, 14, 13, 12, 11, 10, 9, 8, 7, 6, 5, 4, 3, 2, 1, 0.5, 0.25, 0.125, 0.0625, 0.03125, 0.015625, 0.0078125, 0.00390625, 0.001953125, 0.0009765625]
predictive decrease 9.138874767892786e-08 actual decrease 3.504049590633343e-08
objective value without tv norm 1.177911531410088e-06
objective value with tv norm 0.0003694894616789132
[320, 160.0, 80.0, 40.0, 30, 29, 28, 27, 26, 25, 24, 23, 22, 21, 20, 19, 18, 17, 16, 15, 14, 13, 12, 11, 10, 9, 8, 7, 6, 5, 4, 3, 2, 1, 0.5, 0.25, 0.125, 0.0625, 0.03125, 0.015625, 0.0078125, 0.00390625, 0.001953125, 0.0009765625]
predictive decrease 6.991164786408072e-08 actual decrease 1.3467045402665648e-08
objective value without tv norm 1.1644444860073898e-06
objective value with tv norm 0.00036947599463351056
[320, 160.0, 80.0, 40.0, 30, 29, 28, 27, 26, 25, 24, 23, 22, 21, 20, 19, 18, 17, 16, 15, 14, 13, 12, 11, 10, 9, 8, 7, 6, 5, 4, 3, 2, 1, 0.5, 0.25, 0.125, 0.0625, 0.03125, 0.015625, 0.0078125, 0.00390625, 0.001953125, 0.0009765625]
predictive decrease 5.15039004707102e-08 actual decrease 3.4816420627060106e-09
objective value without tv norm 1.2103221594690927e-06
objective value with tv norm 0.00036947251299144785
[320, 160.0, 80.0, 40.0, 30, 29, 28, 27, 26, 25, 24, 23, 22, 21, 20, 19, 18, 17, 16, 15, 14, 13, 12, 11, 10, 9, 8, 7, 6, 5, 4, 3, 2, 1, 0.5, 0.25, 0.125, 0.0625, 0.03125, 0.015625, 0.0078125, 0.00390625, 0.001953125, 0.0009765625]
predictive decrease 8.671925834136162e-08 actual decrease 3.0328472780752087e-08
objective value without tv norm 1.17999368668836e-06
objective value with tv norm 0.0003694421845186671
[320, 160.0, 80.0, 40.0, 30, 29, 28, 27, 26, 25, 24, 23, 22, 21, 20, 19, 18, 17, 16, 15, 14, 13, 12, 11, 10, 9, 8, 7, 6, 5, 4, 3, 2, 1, 0.5, 0.25, 0.125, 0.0625, 0.03125, 0.015625, 0.0078125, 0.00390625, 0.001953125, 0.0009765625]
predictive decrease 7.058447545167049e-08 actual decrease 1.4150978641864261e-08
objective value without tv norm 1.1658427080465102e-06
objective value with tv norm 0.00036942803354002524
[320, 160.0, 80.0, 40.0, 30, 29, 28, 27, 26, 25, 24, 23, 22, 21, 20, 19, 18, 17, 16, 15, 14, 13, 12, 11, 10, 9, 8, 7, 6, 5, 4, 3, 2, 1, 0.5, 0.25, 0.125, 0.0625, 0.03125, 0.015625, 0.0078125, 0.00390625, 0.001953125, 0.0009765625]
predictive decrease 8.321841457283779e-08 actual decrease 3.814080738360429e-08
objective value without tv norm 1.1667644006628404e-06
objective value with tv norm 0.00036938989273264163
[320, 160.0, 80.0, 40.0, 30, 29, 28, 27, 26, 25, 24, 23, 22, 21, 20, 19, 18, 17, 16, 15, 14, 13, 12, 11, 10, 9, 8, 7, 6, 5, 4, 3, 2, 1, 0.5, 0.25, 0.125, 0.0625, 0.03125, 0.015625, 0.0078125, 0.00390625, 0.001953125, 0.0009765625, 0.00048828125]
predictive decrease 2.6618681898331158e-08 actual decrease 1.3131267165907446e-08
objective value without tv norm 1.1542496447578632e-06
objective value with tv norm 0.0003693767614654757
[320, 160.0, 80.0, 40.0, 30, 29, 28, 27, 26, 25, 24, 23, 22, 21, 20, 19, 18, 17, 16, 15, 14, 13, 12, 11, 10, 9, 8, 7, 6, 5, 4, 3, 2, 1, 0.5, 0.25, 0.125, 0.0625, 0.03125, 0.015625, 0.0078125, 0.00390625, 0.001953125, 0.0009765625]
predictive decrease 5.99060032532221e-08 actual decrease 3.478027847225295e-09
objective value without tv norm 1.1507716169106119e-06
objective value with tv norm 0.0003693732834376285
[320, 160.0, 80.0, 40.0, 30, 29, 28, 27, 26, 25, 24, 23, 22, 21, 20, 19, 18, 17, 16, 15, 14, 13, 12, 11, 10, 9, 8, 7, 6, 5, 4, 3, 2, 1, 0.5, 0.25, 0.125, 0.0625, 0.03125, 0.015625, 0.0078125, 0.00390625, 0.001953125, 0.0009765625]
predictive decrease 7.95423677697792e-08 actual decrease 2.3112805137609407e-08
objective value without tv norm 1.127658811773009e-06
objective value with tv norm 0.0003693501706324909
[320, 160.0, 80.0, 40.0, 30, 29, 28, 27, 26, 25, 24, 23, 22, 21, 20, 19, 18, 17, 16, 15, 14, 13, 12, 11, 10, 9, 8, 7, 6, 5, 4, 3, 2, 1, 0.5, 0.25, 0.125, 0.0625, 0.03125, 0.015625, 0.0078125, 0.00390625, 0.001953125, 0.0009765625]
predictive decrease 5.4412878123654296e-08 actual decrease 6.469648270834415e-09
objective value without tv norm 1.1862933301688748e-06
objective value with tv norm 0.00036934370098422006
[320, 160.0, 80.0, 40.0, 30, 29, 28, 27, 26, 25, 24, 23, 22, 21, 20, 19, 18, 17, 16, 15, 14, 13, 12, 11, 10, 9, 8, 7, 6, 5, 4, 3, 2, 1, 0.5, 0.25, 0.125, 0.0625, 0.03125, 0.015625, 0.0078125, 0.00390625, 0.001953125, 0.0009765625]
predictive decrease 8.954868217092441e-08 actual decrease 3.3112741055563773e-08
objective value without tv norm 1.1531805891132958e-06
objective value with tv norm 0.0003693105882431645
[320, 160.0, 80.0, 40.0, 30, 29, 28, 27, 26, 25, 24, 23, 22, 21, 20, 19, 18, 17, 16, 15, 14, 13, 12, 11, 10, 9, 8, 7, 6, 5, 4, 3, 2, 1, 0.5, 0.25, 0.125, 0.0625, 0.03125, 0.015625, 0.0078125, 0.00390625, 0.001953125, 0.0009765625]
predictive decrease 6.29106325473962e-08 actual decrease 1.7515793922326817e-08
objective value without tv norm 1.1844929201909744e-06
objective value with tv norm 0.00036929307244924217
[320, 160.0, 80.0, 40.0, 30, 29, 28, 27, 26, 25, 24, 23, 22, 21, 20, 19, 18, 17, 16, 15, 14, 13, 12, 11, 10, 9, 8, 7, 6, 5, 4, 3, 2, 1, 0.5, 0.25, 0.125, 0.0625, 0.03125, 0.015625, 0.0078125, 0.00390625, 0.001953125, 0.0009765625, 0.00048828125]
predictive decrease 2.6153654320471183e-08 actual decrease 1.2062698462442147e-08
objective value without tv norm 1.1724302217285235e-06
objective value with tv norm 0.0003692810097507797
[320, 160.0, 80.0, 40.0, 30, 29, 28, 27, 26, 25, 24, 23, 22, 21, 20, 19, 18, 17, 16, 15, 14, 13, 12, 11, 10, 9, 8, 7, 6, 5, 4, 3, 2, 1, 0.5, 0.25, 0.125, 0.0625, 0.03125, 0.015625, 0.0078125, 0.00390625, 0.001953125, 0.0009765625, 0.00048828125]
predictive decrease 2.5580684697660422e-08 actual decrease 1.147329200244275e-08
objective value without tv norm 1.160956929726125e-06
objective value with tv norm 0.0003692695364587773
[320, 160.0, 80.0, 40.0, 30, 29, 28, 27, 26, 25, 24, 23, 22, 21, 20, 19, 18, 17, 16, 15, 14, 13, 12, 11, 10, 9, 8, 7, 6, 5, 4, 3, 2, 1, 0.5, 0.25, 0.125, 0.0625, 0.03125, 0.015625, 0.0078125, 0.00390625, 0.001953125, 0.0009765625]
predictive decrease 5.106482258842183e-08 actual decrease 2.276051530407386e-08
objective value without tv norm 1.1706150843678545e-06
objective value with tv norm 0.0003692467759434732
[320, 160.0, 80.0, 40.0, 30, 29, 28, 27, 26, 25, 24, 23, 22, 21, 20, 19, 18, 17, 16, 15, 14, 13, 12, 11, 10, 9, 8, 7, 6, 5, 4, 3, 2, 1, 0.5, 0.25, 0.125, 0.0625, 0.03125, 0.015625, 0.0078125, 0.00390625, 0.001953125, 0.0009765625]
predictive decrease 6.685468110839352e-08 actual decrease 1.0420474899576395e-08
objective value without tv norm 1.1601946094682673e-06
objective value with tv norm 0.00036923635546857363
[320, 160.0, 80.0, 40.0, 30, 29, 28, 27, 26, 25, 24, 23, 22, 21, 20, 19, 18, 17, 16, 15, 14, 13, 12, 11, 10, 9, 8, 7, 6, 5, 4, 3, 2, 1, 0.5, 0.25, 0.125, 0.0625, 0.03125, 0.015625, 0.0078125, 0.00390625, 0.001953125, 0.0009765625]
predictive decrease 5.785608389255329e-08 actual decrease 1.3943253112974792e-09
objective value without tv norm 1.1588002841570067e-06
objective value with tv norm 0.00036923496114326233
[320, 160.0, 80.0, 40.0, 30, 29, 28, 27, 26, 25, 24, 23, 22, 21, 20, 19, 18, 17, 16, 15, 14, 13, 12, 11, 10, 9, 8, 7, 6, 5, 4, 3, 2, 1, 0.5, 0.25, 0.125, 0.0625, 0.03125, 0.015625, 0.0078125, 0.00390625, 0.001953125, 0.0009765625]
predictive decrease 8.940607038255199e-08 actual decrease 4.272536242931179e-08
objective value without tv norm 1.1744273058342205e-06
objective value with tv norm 0.000369192235780833
[320, 160.0, 80.0, 40.0, 30, 29, 28, 27, 26, 25, 24, 23, 22, 21, 20, 19, 18, 17, 16, 15, 14, 13, 12, 11, 10, 9, 8, 7, 6, 5, 4, 3, 2, 1, 0.5, 0.25, 0.125, 0.0625, 0.03125, 0.015625, 0.0078125, 0.00390625, 0.001953125, 0.0009765625]
predictive decrease 6.218745834810687e-08 actual decrease 5.838975713253879e-09
objective value without tv norm 1.1685883301209363e-06
objective value with tv norm 0.00036918639680511977
[320, 160.0, 80.0, 40.0, 30, 29, 28, 27, 26, 25, 24, 23, 22, 21, 20, 19, 18, 17, 16, 15, 14, 13, 12, 11, 10, 9, 8, 7, 6, 5, 4, 3, 2, 1, 0.5, 0.25, 0.125, 0.0625, 0.03125, 0.015625, 0.0078125, 0.00390625, 0.001953125, 0.0009765625]
predictive decrease 5.6544204378894836e-08 actual decrease 9.180995946779166e-09
objective value without tv norm 1.2082354591741535e-06
objective value with tv norm 0.000369177215809173
[320, 160.0, 80.0, 40.0, 30, 29, 28, 27, 26, 25, 24, 23, 22, 21, 20, 19, 18, 17, 16, 15, 14, 13, 12, 11, 10, 9, 8, 7, 6, 5, 4, 3, 2, 1, 0.5, 0.25, 0.125, 0.0625, 0.03125, 0.015625, 0.0078125, 0.00390625, 0.001953125, 0.0009765625]
predictive decrease 7.391727750624124e-08 actual decrease 2.8708530775941113e-08
objective value without tv norm 1.2185894283982404e-06
objective value with tv norm 0.00036914850727839705
original energy 1.4141958359914497e-07
objective value without tv norm 1.2185894283982404e-06
alpha 0.0001
objective value with tv norm 0.00036914850727839705
tv norm 3.679299178499988
l2 norm 0.00010771698447990955
computational time 166.30725717544556
total iterations 4450
