[2400, 1200.0, 600.0, 300.0, 150.0, 75.0, 37.5, 30, 29, 28, 27, 26, 25, 24, 23, 22, 21, 20, 19, 18, 17, 16, 15, 14, 13, 12, 11, 10, 9, 8, 7, 6, 5, 4, 3, 2, 1, 0.5, 0.25, 0.125, 0.0625, 0.03125, 0.015625, 0.0078125]
predictive decrease 1.7714402682625363e-05 actual decrease 5.2335884348567174e-06
objective value without tv norm 0.059243218033601476
objective value with tv norm 0.12053338831614246
[2400, 1200.0, 600.0, 300.0, 150.0, 75.0, 37.5, 30, 29, 28, 27, 26, 25, 24, 23, 22, 21, 20, 19, 18, 17, 16, 15, 14, 13, 12, 11, 10, 9, 8, 7, 6, 5, 4, 3, 2, 1, 0.5, 0.25, 0.125, 0.0625, 0.03125, 0.015625]
predictive decrease 5.587279635897724e-05 actual decrease 1.8015753650436894e-05
objective value without tv norm 0.05925645227995102
objective value with tv norm 0.12051537256249203
[2400, 1200.0, 600.0, 300.0, 150.0, 75.0, 37.5, 30, 29, 28, 27, 26, 25, 24, 23, 22, 21, 20, 19, 18, 17, 16, 15, 14, 13, 12, 11, 10, 9, 8, 7, 6, 5, 4, 3, 2, 1, 0.5, 0.25, 0.125, 0.0625, 0.03125]
predictive decrease 0.00011696814451361837 actual decrease 5.760779203031058e-05
objective value without tv norm 0.05926134448792072
objective value with tv norm 0.12045776477046172
[2400, 1200.0, 600.0, 300.0, 150.0, 75.0, 37.5, 30, 29, 28, 27, 26, 25, 24, 23, 22, 21, 20, 19, 18, 17, 16, 15, 14, 13, 12, 11, 10, 9, 8, 7, 6, 5, 4, 3, 2, 1, 0.5, 0.25, 0.125, 0.0625, 0.03125]
predictive decrease 0.00010420328926411676 actual decrease 3.229068159337628e-05
objective value without tv norm 0.05929155380632734
objective value with tv norm 0.12042547408886833
[2400, 1200.0, 600.0, 300.0, 150.0, 75.0, 37.5, 30, 29, 28, 27, 26, 25, 24, 23, 22, 21, 20, 19, 18, 17, 16, 15, 14, 13, 12, 11, 10, 9, 8, 7, 6, 5, 4, 3, 2, 1, 0.5, 0.25, 0.125, 0.0625, 0.03125]
predictive decrease 0.00013845546114886476 actual decrease 3.059226035275614e-05
objective value without tv norm 0.05927969667023742
objective value with tv norm 0.12039488182851557
[2400, 1200.0, 600.0, 300.0, 150.0, 75.0, 37.5, 30, 29, 28, 27, 26, 25, 24, 23, 22, 21, 20, 19, 18, 17, 16, 15, 14, 13, 12, 11, 10, 9, 8, 7, 6, 5, 4, 3, 2, 1, 0.5, 0.25, 0.125, 0.0625, 0.03125]
predictive decrease 0.0001381430439165235 actual decrease 3.290563006526359e-05
objective value without tv norm 0.059281628558154886
objective value with tv norm 0.12036197619845031
[2400, 1200.0, 600.0, 300.0, 150.0, 75.0, 37.5, 30, 29, 28, 27, 26, 25, 24, 23, 22, 21, 20, 19, 18, 17, 16, 15, 14, 13, 12, 11, 10, 9, 8, 7, 6, 5, 4, 3, 2, 1, 0.5, 0.25, 0.125, 0.0625, 0.03125]
predictive decrease 0.0001426881480570963 actual decrease 7.024242088572719e-06
objective value without tv norm 0.05930931175425749
objective value with tv norm 0.12035495195636173
[2400, 1200.0, 600.0, 300.0, 150.0, 75.0, 37.5, 30, 29, 28, 27, 26, 25, 24, 23, 22, 21, 20, 19, 18, 17, 16, 15, 14, 13, 12, 11, 10, 9, 8, 7, 6, 5, 4, 3, 2, 1, 0.5, 0.25, 0.125, 0.0625, 0.03125]
predictive decrease 0.00015179149441875428 actual decrease 1.624013348053288e-05
objective value without tv norm 0.05935557228762041
objective value with tv norm 0.1203387118228812
[2400, 1200.0, 600.0, 300.0, 150.0, 75.0, 37.5, 30, 29, 28, 27, 26, 25, 24, 23, 22, 21, 20, 19, 18, 17, 16, 15, 14, 13, 12, 11, 10, 9, 8, 7, 6, 5, 4, 3, 2, 1, 0.5, 0.25, 0.125, 0.0625, 0.03125]
predictive decrease 0.000172962831858893 actual decrease 9.550656144392822e-06
objective value without tv norm 0.05940852229831945
objective value with tv norm 0.12032916116673681
[2400, 1200.0, 600.0, 300.0, 150.0, 75.0, 37.5, 30, 29, 28, 27, 26, 25, 24, 23, 22, 21, 20, 19, 18, 17, 16, 15, 14, 13, 12, 11, 10, 9, 8, 7, 6, 5, 4, 3, 2, 1, 0.5, 0.25, 0.125, 0.0625, 0.03125]
predictive decrease 0.00022074308635532808 actual decrease 2.1050808838671276e-05
objective value without tv norm 0.059449971489480787
objective value with tv norm 0.12030811035789814
[2400, 1200.0, 600.0, 300.0, 150.0, 75.0, 37.5, 30, 29, 28, 27, 26, 25, 24, 23, 22, 21, 20, 19, 18, 17, 16, 15, 14, 13, 12, 11, 10, 9, 8, 7, 6, 5, 4, 3, 2, 1, 0.5, 0.25, 0.125, 0.0625, 0.03125]
predictive decrease 0.00026517145466680575 actual decrease 6.548367553608353e-05
objective value without tv norm 0.0594469878139447
objective value with tv norm 0.12024262668236205
[2400, 1200.0, 600.0, 300.0, 150.0, 75.0, 37.5, 30, 29, 28, 27, 26, 25, 24, 23, 22, 21, 20, 19, 18, 17, 16, 15, 14, 13, 12, 11, 10, 9, 8, 7, 6, 5, 4, 3, 2, 1, 0.5, 0.25, 0.125, 0.0625, 0.03125]
predictive decrease 0.00028469986513464385 actual decrease 8.51637334483013e-05
objective value without tv norm 0.059361824080496395
objective value with tv norm 0.12015746294891375
[2400, 1200.0, 600.0, 300.0, 150.0, 75.0, 37.5, 30, 29, 28, 27, 26, 25, 24, 23, 22, 21, 20, 19, 18, 17, 16, 15, 14, 13, 12, 11, 10, 9, 8, 7, 6, 5, 4, 3, 2, 1, 0.5, 0.25, 0.125, 0.0625, 0.03125]
predictive decrease 0.00016664216879738736 actual decrease 4.426344134261795e-05
objective value without tv norm 0.05938006063915375
objective value with tv norm 0.12011319950757113
[2400, 1200.0, 600.0, 300.0, 150.0, 75.0, 37.5, 30, 29, 28, 27, 26, 25, 24, 23, 22, 21, 20, 19, 18, 17, 16, 15, 14, 13, 12, 11, 10, 9, 8, 7, 6, 5, 4, 3, 2, 1, 0.5, 0.25, 0.125, 0.0625, 0.03125]
predictive decrease 0.00014347037604642288 actual decrease 5.480090937666493e-05
objective value without tv norm 0.0593873467403188
objective value with tv norm 0.12005839859819446
[2400, 1200.0, 600.0, 300.0, 150.0, 75.0, 37.5, 30, 29, 28, 27, 26, 25, 24, 23, 22, 21, 20, 19, 18, 17, 16, 15, 14, 13, 12, 11, 10, 9, 8, 7, 6, 5, 4, 3, 2, 1, 0.5, 0.25, 0.125, 0.0625, 0.03125, 0.015625]
predictive decrease 7.151567663518654e-05 actual decrease 2.833777376729657e-05
objective value without tv norm 0.05936307644764149
objective value with tv norm 0.12003006082442716
[2400, 1200.0, 600.0, 300.0, 150.0, 75.0, 37.5, 30, 29, 28, 27, 26, 25, 24, 23, 22, 21, 20, 19, 18, 17, 16, 15, 14, 13, 12, 11, 10, 9, 8, 7, 6, 5, 4, 3, 2, 1, 0.5, 0.25, 0.125, 0.0625, 0.03125, 0.015625]
predictive decrease 6.26069846165686e-05 actual decrease 1.2683559563367308e-05
objective value without tv norm 0.059381642888078116
objective value with tv norm 0.12001737726486379
[2400, 1200.0, 600.0, 300.0, 150.0, 75.0, 37.5, 30, 29, 28, 27, 26, 25, 24, 23, 22, 21, 20, 19, 18, 17, 16, 15, 14, 13, 12, 11, 10, 9, 8, 7, 6, 5, 4, 3, 2, 1, 0.5, 0.25, 0.125, 0.0625]
predictive decrease 0.00026745815646549154 actual decrease 1.0982454768701522e-05
objective value without tv norm 0.059495594935140284
objective value with tv norm 0.12000639481009509
[2400, 1200.0, 600.0, 300.0, 150.0, 75.0, 37.5, 30, 29, 28, 27, 26, 25, 24, 23, 22, 21, 20, 19, 18, 17, 16, 15, 14, 13, 12, 11, 10, 9, 8, 7, 6, 5, 4, 3, 2, 1, 0.5, 0.25, 0.125, 0.0625, 0.03125]
predictive decrease 0.00026037035849308526 actual decrease 9.388827688355805e-05
objective value without tv norm 0.05941300833833982
objective value with tv norm 0.11991250653321153
[2400, 1200.0, 600.0, 300.0, 150.0, 75.0, 37.5, 30, 29, 28, 27, 26, 25, 24, 23, 22, 21, 20, 19, 18, 17, 16, 15, 14, 13, 12, 11, 10, 9, 8, 7, 6, 5, 4, 3, 2, 1, 0.5, 0.25, 0.125, 0.0625, 0.03125]
predictive decrease 0.0001773083605216344 actual decrease 5.4026490816733164e-05
objective value without tv norm 0.05942148184752309
objective value with tv norm 0.1198584800423948
[2400, 1200.0, 600.0, 300.0, 150.0, 75.0, 37.5, 30, 29, 28, 27, 26, 25, 24, 23, 22, 21, 20, 19, 18, 17, 16, 15, 14, 13, 12, 11, 10, 9, 8, 7, 6, 5, 4, 3, 2, 1, 0.5, 0.25, 0.125, 0.0625, 0.03125]
predictive decrease 0.00016041002857761222 actual decrease 2.682504476812092e-05
objective value without tv norm 0.05941021584534258
objective value with tv norm 0.11983165499762669
[2400, 1200.0, 600.0, 300.0, 150.0, 75.0, 37.5, 30, 29, 28, 27, 26, 25, 24, 23, 22, 21, 20, 19, 18, 17, 16, 15, 14, 13, 12, 11, 10, 9, 8, 7, 6, 5, 4, 3, 2, 1, 0.5, 0.25, 0.125, 0.0625, 0.03125, 0.015625]
predictive decrease 7.95218224311986e-05 actual decrease 2.959821139231905e-05
objective value without tv norm 0.05938061763395027
objective value with tv norm 0.11980205678623437
[2400, 1200.0, 600.0, 300.0, 150.0, 75.0, 37.5, 30, 29, 28, 27, 26, 25, 24, 23, 22, 21, 20, 19, 18, 17, 16, 15, 14, 13, 12, 11, 10, 9, 8, 7, 6, 5, 4, 3, 2, 1, 0.5, 0.25, 0.125, 0.0625]
predictive decrease 0.0002316277823692231 actual decrease 7.560659692087274e-05
objective value without tv norm 0.05937529936107795
objective value with tv norm 0.1197264501893135
[2400, 1200.0, 600.0, 300.0, 150.0, 75.0, 37.5, 30, 29, 28, 27, 26, 25, 24, 23, 22, 21, 20, 19, 18, 17, 16, 15, 14, 13, 12, 11, 10, 9, 8, 7, 6, 5, 4, 3, 2, 1, 0.5, 0.25, 0.125, 0.0625, 0.03125, 0.015625]
predictive decrease 7.401305253579293e-05 actual decrease 2.847689120286795e-05
objective value without tv norm 0.05937807246987508
objective value with tv norm 0.11969797329811063
[2400, 1200.0, 600.0, 300.0, 150.0, 75.0, 37.5, 30, 29, 28, 27, 26, 25, 24, 23, 22, 21, 20, 19, 18, 17, 16, 15, 14, 13, 12, 11, 10, 9, 8, 7, 6, 5, 4, 3, 2, 1, 0.5, 0.25, 0.125, 0.0625]
predictive decrease 0.0002767387177685793 actual decrease 7.264798415766716e-05
objective value without tv norm 0.05943042448571743
objective value with tv norm 0.11962532531395297
[2400, 1200.0, 600.0, 300.0, 150.0, 75.0, 37.5, 30, 29, 28, 27, 26, 25, 24, 23, 22, 21, 20, 19, 18, 17, 16, 15, 14, 13, 12, 11, 10, 9, 8, 7, 6, 5, 4, 3, 2, 1, 0.5, 0.25, 0.125, 0.0625, 0.03125]
predictive decrease 0.0002273300869186784 actual decrease 2.7642969866473188e-05
objective value without tv norm 0.059402781515850954
objective value with tv norm 0.11959768234408649
[2400, 1200.0, 600.0, 300.0, 150.0, 75.0, 37.5, 30, 29, 28, 27, 26, 25, 24, 23, 22, 21, 20, 19, 18, 17, 16, 15, 14, 13, 12, 11, 10, 9, 8, 7, 6, 5, 4, 3, 2, 1, 0.5, 0.25, 0.125, 0.0625, 0.03125]
predictive decrease 0.00021571795527990795 actual decrease 6.729098696507674e-05
objective value without tv norm 0.05937569088631149
objective value with tv norm 0.11953039135712142
[2400, 1200.0, 600.0, 300.0, 150.0, 75.0, 37.5, 30, 29, 28, 27, 26, 25, 24, 23, 22, 21, 20, 19, 18, 17, 16, 15, 14, 13, 12, 11, 10, 9, 8, 7, 6, 5, 4, 3, 2, 1, 0.5, 0.25, 0.125, 0.0625, 0.03125, 0.015625]
predictive decrease 6.886713752810719e-05 actual decrease 2.1244380334663193e-05
objective value without tv norm 0.05938569650597683
objective value with tv norm 0.11950914697678675
[2400, 1200.0, 600.0, 300.0, 150.0, 75.0, 37.5, 30, 29, 28, 27, 26, 25, 24, 23, 22, 21, 20, 19, 18, 17, 16, 15, 14, 13, 12, 11, 10, 9, 8, 7, 6, 5, 4, 3, 2, 1, 0.5, 0.25, 0.125, 0.0625, 0.03125]
predictive decrease 0.00014123125331023945 actual decrease 3.317494195029247e-05
objective value without tv norm 0.05935252156402653
objective value with tv norm 0.11947597203483645
[2400, 1200.0, 600.0, 300.0, 150.0, 75.0, 37.5, 30, 29, 28, 27, 26, 25, 24, 23, 22, 21, 20, 19, 18, 17, 16, 15, 14, 13, 12, 11, 10, 9, 8, 7, 6, 5, 4, 3, 2, 1, 0.5, 0.25, 0.125, 0.0625, 0.03125, 0.015625]
predictive decrease 6.812906133311925e-05 actual decrease 1.8206002499514262e-05
objective value without tv norm 0.059365565561527014
objective value with tv norm 0.11945776603233693
[2400, 1200.0, 600.0, 300.0, 150.0, 75.0, 37.5, 30, 29, 28, 27, 26, 25, 24, 23, 22, 21, 20, 19, 18, 17, 16, 15, 14, 13, 12, 11, 10, 9, 8, 7, 6, 5, 4, 3, 2, 1, 0.5, 0.25, 0.125, 0.0625, 0.03125]
predictive decrease 0.00011275120890250762 actual decrease 1.3281115408415867e-05
objective value without tv norm 0.05935228444611859
objective value with tv norm 0.11944448491692852
[2400, 1200.0, 600.0, 300.0, 150.0, 75.0, 37.5, 30, 29, 28, 27, 26, 25, 24, 23, 22, 21, 20, 19, 18, 17, 16, 15, 14, 13, 12, 11, 10, 9, 8, 7, 6, 5, 4, 3, 2, 1, 0.5, 0.25, 0.125, 0.0625, 0.03125, 0.015625]
predictive decrease 6.604796617991349e-05 actual decrease 1.6250760213540327e-05
objective value without tv norm 0.05936720576248338
objective value with tv norm 0.11942823415671498
[2400, 1200.0, 600.0, 300.0, 150.0, 75.0, 37.5, 30, 29, 28, 27, 26, 25, 24, 23, 22, 21, 20, 19, 18, 17, 16, 15, 14, 13, 12, 11, 10, 9, 8, 7, 6, 5, 4, 3, 2, 1, 0.5, 0.25, 0.125, 0.0625, 0.03125]
predictive decrease 0.00018873234747902173 actual decrease 5.920499025882653e-05
objective value without tv norm 0.059370500772224555
objective value with tv norm 0.11936902916645616
[2400, 1200.0, 600.0, 300.0, 150.0, 75.0, 37.5, 30, 29, 28, 27, 26, 25, 24, 23, 22, 21, 20, 19, 18, 17, 16, 15, 14, 13, 12, 11, 10, 9, 8, 7, 6, 5, 4, 3, 2, 1, 0.5, 0.25, 0.125, 0.0625, 0.03125, 0.015625]
predictive decrease 6.47094518712657e-05 actual decrease 1.4996157125843346e-05
objective value without tv norm 0.059386754615098715
objective value with tv norm 0.11935403300933031
[2400, 1200.0, 600.0, 300.0, 150.0, 75.0, 37.5, 30, 29, 28, 27, 26, 25, 24, 23, 22, 21, 20, 19, 18, 17, 16, 15, 14, 13, 12, 11, 10, 9, 8, 7, 6, 5, 4, 3, 2, 1, 0.5, 0.25, 0.125, 0.0625, 0.03125]
predictive decrease 0.000128707547661297 actual decrease 2.9237434915063698e-05
objective value without tv norm 0.05942001718018365
objective value with tv norm 0.11932479557441525
[2400, 1200.0, 600.0, 300.0, 150.0, 75.0, 37.5, 30, 29, 28, 27, 26, 25, 24, 23, 22, 21, 20, 19, 18, 17, 16, 15, 14, 13, 12, 11, 10, 9, 8, 7, 6, 5, 4, 3, 2, 1, 0.5, 0.25, 0.125, 0.0625, 0.03125]
predictive decrease 0.0002152002747998899 actual decrease 1.5508015621383542e-05
objective value without tv norm 0.05946700916456227
objective value with tv norm 0.11930928755879386
[2400, 1200.0, 600.0, 300.0, 150.0, 75.0, 37.5, 30, 29, 28, 27, 26, 25, 24, 23, 22, 21, 20, 19, 18, 17, 16, 15, 14, 13, 12, 11, 10, 9, 8, 7, 6, 5, 4, 3, 2, 1, 0.5, 0.25, 0.125, 0.0625, 0.03125]
predictive decrease 0.0002112102345501951 actual decrease 4.3558639308841074e-05
objective value without tv norm 0.05943377550900802
objective value with tv norm 0.11926572891948502
[2400, 1200.0, 600.0, 300.0, 150.0, 75.0, 37.5, 30, 29, 28, 27, 26, 25, 24, 23, 22, 21, 20, 19, 18, 17, 16, 15, 14, 13, 12, 11, 10, 9, 8, 7, 6, 5, 4, 3, 2, 1, 0.5, 0.25, 0.125, 0.0625, 0.03125, 0.015625]
predictive decrease 7.590237981246889e-05 actual decrease 2.5979452267649306e-05
objective value without tv norm 0.05940779605674037
objective value with tv norm 0.11923974946721737
[2400, 1200.0, 600.0, 300.0, 150.0, 75.0, 37.5, 30, 29, 28, 27, 26, 25, 24, 23, 22, 21, 20, 19, 18, 17, 16, 15, 14, 13, 12, 11, 10, 9, 8, 7, 6, 5, 4, 3, 2, 1, 0.5, 0.25, 0.125, 0.0625, 0.03125]
predictive decrease 0.00012343253122911596 actual decrease 5.621402450557006e-05
objective value without tv norm 0.0594140820322348
objective value with tv norm 0.11918353544271179
[2400, 1200.0, 600.0, 300.0, 150.0, 75.0, 37.5, 30, 29, 28, 27, 26, 25, 24, 23, 22, 21, 20, 19, 18, 17, 16, 15, 14, 13, 12, 11, 10, 9, 8, 7, 6, 5, 4, 3, 2, 1, 0.5, 0.25, 0.125, 0.0625, 0.03125]
predictive decrease 0.00011477024944939185 actual decrease 1.530020039279545e-05
objective value without tv norm 0.059398781831841996
objective value with tv norm 0.119168235242319
[2400, 1200.0, 600.0, 300.0, 150.0, 75.0, 37.5, 30, 29, 28, 27, 26, 25, 24, 23, 22, 21, 20, 19, 18, 17, 16, 15, 14, 13, 12, 11, 10, 9, 8, 7, 6, 5, 4, 3, 2, 1, 0.5, 0.25, 0.125, 0.0625, 0.03125]
predictive decrease 0.00016026230000699276 actual decrease 2.9524505320663308e-05
objective value without tv norm 0.05943175732652134
objective value with tv norm 0.11913871073699833
[2400, 1200.0, 600.0, 300.0, 150.0, 75.0, 37.5, 30, 29, 28, 27, 26, 25, 24, 23, 22, 21, 20, 19, 18, 17, 16, 15, 14, 13, 12, 11, 10, 9, 8, 7, 6, 5, 4, 3, 2, 1, 0.5, 0.25, 0.125, 0.0625, 0.03125]
predictive decrease 0.000189903258913951 actual decrease 6.298234356535287e-05
objective value without tv norm 0.059373255220572525
objective value with tv norm 0.11907572839343297
[2400, 1200.0, 600.0, 300.0, 150.0, 75.0, 37.5, 30, 29, 28, 27, 26, 25, 24, 23, 22, 21, 20, 19, 18, 17, 16, 15, 14, 13, 12, 11, 10, 9, 8, 7, 6, 5, 4, 3, 2, 1, 0.5, 0.25, 0.125, 0.0625, 0.03125, 0.015625]
predictive decrease 5.613304095931221e-05 actual decrease 1.6874638313943424e-05
objective value without tv norm 0.05938763058225858
objective value with tv norm 0.11905885375511903
[2400, 1200.0, 600.0, 300.0, 150.0, 75.0, 37.5, 30, 29, 28, 27, 26, 25, 24, 23, 22, 21, 20, 19, 18, 17, 16, 15, 14, 13, 12, 11, 10, 9, 8, 7, 6, 5, 4, 3, 2, 1, 0.5, 0.25, 0.125, 0.0625, 0.03125]
predictive decrease 0.00013095018652341944 actual decrease 3.148000694341846e-05
objective value without tv norm 0.05941865057531516
objective value with tv norm 0.11902737374817561
[2400, 1200.0, 600.0, 300.0, 150.0, 75.0, 37.5, 30, 29, 28, 27, 26, 25, 24, 23, 22, 21, 20, 19, 18, 17, 16, 15, 14, 13, 12, 11, 10, 9, 8, 7, 6, 5, 4, 3, 2, 1, 0.5, 0.25, 0.125, 0.0625, 0.03125, 0.015625]
predictive decrease 7.139613410728218e-05 actual decrease 3.305018324270548e-05
objective value without tv norm 0.05940810016489772
objective value with tv norm 0.1189943235649329
[2400, 1200.0, 600.0, 300.0, 150.0, 75.0, 37.5, 30, 29, 28, 27, 26, 25, 24, 23, 22, 21, 20, 19, 18, 17, 16, 15, 14, 13, 12, 11, 10, 9, 8, 7, 6, 5, 4, 3, 2, 1, 0.5, 0.25, 0.125, 0.0625, 0.03125]
predictive decrease 0.00017700408069667994 actual decrease 4.404452236787121e-05
objective value without tv norm 0.0594207668525355
objective value with tv norm 0.11895027904256503
[2400, 1200.0, 600.0, 300.0, 150.0, 75.0, 37.5, 30, 29, 28, 27, 26, 25, 24, 23, 22, 21, 20, 19, 18, 17, 16, 15, 14, 13, 12, 11, 10, 9, 8, 7, 6, 5, 4, 3, 2, 1, 0.5, 0.25, 0.125, 0.0625, 0.03125]
predictive decrease 0.00016621342410785833 actual decrease 2.4675089259559857e-06
objective value without tv norm 0.05948079934360954
objective value with tv norm 0.11894781153363906
[2400, 1200.0, 600.0, 300.0, 150.0, 75.0, 37.5, 30, 29, 28, 27, 26, 25, 24, 23, 22, 21, 20, 19, 18, 17, 16, 15, 14, 13, 12, 11, 10, 9, 8, 7, 6, 5, 4, 3, 2, 1, 0.5, 0.25, 0.125, 0.0625, 0.03125, 0.015625]
predictive decrease 8.901993777410411e-05 actual decrease 3.9097271143151424e-05
objective value without tv norm 0.059410452072466376
objective value with tv norm 0.11890871426249591
[2400, 1200.0, 600.0, 300.0, 150.0, 75.0, 37.5, 30, 29, 28, 27, 26, 25, 24, 23, 22, 21, 20, 19, 18, 17, 16, 15, 14, 13, 12, 11, 10, 9, 8, 7, 6, 5, 4, 3, 2, 1, 0.5, 0.25, 0.125, 0.0625, 0.03125, 0.015625]
predictive decrease 5.307353338991627e-05 actual decrease 2.3993820593523618e-05
objective value without tv norm 0.059395763216881135
objective value with tv norm 0.11888472044190239
[2400, 1200.0, 600.0, 300.0, 150.0, 75.0, 37.5, 30, 29, 28, 27, 26, 25, 24, 23, 22, 21, 20, 19, 18, 17, 16, 15, 14, 13, 12, 11, 10, 9, 8, 7, 6, 5, 4, 3, 2, 1, 0.5, 0.25, 0.125, 0.0625, 0.03125, 0.015625]
predictive decrease 6.0470763132237926e-05 actual decrease 1.0547490597659359e-05
objective value without tv norm 0.05941646572628348
objective value with tv norm 0.11887417295130473
[2400, 1200.0, 600.0, 300.0, 150.0, 75.0, 37.5, 30, 29, 28, 27, 26, 25, 24, 23, 22, 21, 20, 19, 18, 17, 16, 15, 14, 13, 12, 11, 10, 9, 8, 7, 6, 5, 4, 3, 2, 1, 0.5, 0.25, 0.125, 0.0625, 0.03125, 0.015625]
predictive decrease 8.00291573678294e-05 actual decrease 3.010576701623774e-05
objective value without tv norm 0.05938635995926724
objective value with tv norm 0.1188440671842885
[2400, 1200.0, 600.0, 300.0, 150.0, 75.0, 37.5, 30, 29, 28, 27, 26, 25, 24, 23, 22, 21, 20, 19, 18, 17, 16, 15, 14, 13, 12, 11, 10, 9, 8, 7, 6, 5, 4, 3, 2, 1, 0.5, 0.25, 0.125, 0.0625, 0.03125, 0.015625]
predictive decrease 5.768330473588518e-05 actual decrease 7.760033708836822e-06
objective value without tv norm 0.05937859992555841
objective value with tv norm 0.11883630715057966
[2400, 1200.0, 600.0, 300.0, 150.0, 75.0, 37.5, 30, 29, 28, 27, 26, 25, 24, 23, 22, 21, 20, 19, 18, 17, 16, 15, 14, 13, 12, 11, 10, 9, 8, 7, 6, 5, 4, 3, 2, 1, 0.5, 0.25, 0.125, 0.0625, 0.03125]
predictive decrease 0.00011411613437493917 actual decrease 1.8945299646744296e-05
objective value without tv norm 0.05941764056953906
objective value with tv norm 0.11881736185093292
[2400, 1200.0, 600.0, 300.0, 150.0, 75.0, 37.5, 30, 29, 28, 27, 26, 25, 24, 23, 22, 21, 20, 19, 18, 17, 16, 15, 14, 13, 12, 11, 10, 9, 8, 7, 6, 5, 4, 3, 2, 1, 0.5, 0.25, 0.125, 0.0625, 0.03125]
predictive decrease 0.0001527832823168193 actual decrease 3.909520174767006e-05
objective value without tv norm 0.05940413756590174
objective value with tv norm 0.11877826664918525
[2400, 1200.0, 600.0, 300.0, 150.0, 75.0, 37.5, 30, 29, 28, 27, 26, 25, 24, 23, 22, 21, 20, 19, 18, 17, 16, 15, 14, 13, 12, 11, 10, 9, 8, 7, 6, 5, 4, 3, 2, 1, 0.5, 0.25, 0.125, 0.0625, 0.03125, 0.015625]
predictive decrease 6.742457169841426e-05 actual decrease 1.7501543731132663e-05
objective value without tv norm 0.05938663602217061
objective value with tv norm 0.11876076510545412
[2400, 1200.0, 600.0, 300.0, 150.0, 75.0, 37.5, 30, 29, 28, 27, 26, 25, 24, 23, 22, 21, 20, 19, 18, 17, 16, 15, 14, 13, 12, 11, 10, 9, 8, 7, 6, 5, 4, 3, 2, 1, 0.5, 0.25, 0.125, 0.0625, 0.03125]
predictive decrease 0.00010378915705006042 actual decrease 4.423579616193857e-05
objective value without tv norm 0.059404900226008674
objective value with tv norm 0.11871652930929219
[2400, 1200.0, 600.0, 300.0, 150.0, 75.0, 37.5, 30, 29, 28, 27, 26, 25, 24, 23, 22, 21, 20, 19, 18, 17, 16, 15, 14, 13, 12, 11, 10, 9, 8, 7, 6, 5, 4, 3, 2, 1, 0.5, 0.25, 0.125, 0.0625, 0.03125, 0.015625]
predictive decrease 6.965071387058513e-05 actual decrease 2.9839498897142602e-05
objective value without tv norm 0.05938348853379289
objective value with tv norm 0.11868668981039504
[2400, 1200.0, 600.0, 300.0, 150.0, 75.0, 37.5, 30, 29, 28, 27, 26, 25, 24, 23, 22, 21, 20, 19, 18, 17, 16, 15, 14, 13, 12, 11, 10, 9, 8, 7, 6, 5, 4, 3, 2, 1, 0.5, 0.25, 0.125, 0.0625, 0.03125, 0.015625]
predictive decrease 6.558542353281294e-05 actual decrease 1.5689632044950386e-05
objective value without tv norm 0.05939904890174793
objective value with tv norm 0.11867100017835008
[2400, 1200.0, 600.0, 300.0, 150.0, 75.0, 37.5, 30, 29, 28, 27, 26, 25, 24, 23, 22, 21, 20, 19, 18, 17, 16, 15, 14, 13, 12, 11, 10, 9, 8, 7, 6, 5, 4, 3, 2, 1, 0.5, 0.25, 0.125, 0.0625, 0.03125, 0.015625]
predictive decrease 6.362037575539242e-05 actual decrease 1.3697627626527153e-05
objective value without tv norm 0.059385351274121395
objective value with tv norm 0.11865730255072356
[2400, 1200.0, 600.0, 300.0, 150.0, 75.0, 37.5, 30, 29, 28, 27, 26, 25, 24, 23, 22, 21, 20, 19, 18, 17, 16, 15, 14, 13, 12, 11, 10, 9, 8, 7, 6, 5, 4, 3, 2, 1, 0.5, 0.25, 0.125, 0.0625, 0.03125, 0.015625]
predictive decrease 6.205441242520399e-05 actual decrease 1.213146842685836e-05
objective value without tv norm 0.05940446980569454
objective value with tv norm 0.11864517108229669
[2400, 1200.0, 600.0, 300.0, 150.0, 75.0, 37.5, 30, 29, 28, 27, 26, 25, 24, 23, 22, 21, 20, 19, 18, 17, 16, 15, 14, 13, 12, 11, 10, 9, 8, 7, 6, 5, 4, 3, 2, 1, 0.5, 0.25, 0.125, 0.0625, 0.03125, 0.015625]
predictive decrease 7.481940209097537e-05 actual decrease 2.4929906342376074e-05
objective value without tv norm 0.05937953989935216
objective value with tv norm 0.11862024117595432
[2400, 1200.0, 600.0, 300.0, 150.0, 75.0, 37.5, 30, 29, 28, 27, 26, 25, 24, 23, 22, 21, 20, 19, 18, 17, 16, 15, 14, 13, 12, 11, 10, 9, 8, 7, 6, 5, 4, 3, 2, 1, 0.5, 0.25, 0.125, 0.0625, 0.03125, 0.015625]
predictive decrease 7.114338282782073e-05 actual decrease 2.1273032541846426e-05
objective value without tv norm 0.059389516866810314
objective value with tv norm 0.11859896814341248
[2400, 1200.0, 600.0, 300.0, 150.0, 75.0, 37.5, 30, 29, 28, 27, 26, 25, 24, 23, 22, 21, 20, 19, 18, 17, 16, 15, 14, 13, 12, 11, 10, 9, 8, 7, 6, 5, 4, 3, 2, 1, 0.5, 0.25, 0.125, 0.0625, 0.03125, 0.015625]
predictive decrease 8.63473426071723e-05 actual decrease 4.056323188003641e-05
objective value without tv norm 0.05937830910595563
objective value with tv norm 0.11855840491153244
[2400, 1200.0, 600.0, 300.0, 150.0, 75.0, 37.5, 30, 29, 28, 27, 26, 25, 24, 23, 22, 21, 20, 19, 18, 17, 16, 15, 14, 13, 12, 11, 10, 9, 8, 7, 6, 5, 4, 3, 2, 1, 0.5, 0.25, 0.125, 0.0625, 0.03125]
predictive decrease 0.00013986091305220189 actual decrease 4.175117046530813e-05
objective value without tv norm 0.05939905793549032
objective value with tv norm 0.11851665374106712
[2400, 1200.0, 600.0, 300.0, 150.0, 75.0, 37.5, 30, 29, 28, 27, 26, 25, 24, 23, 22, 21, 20, 19, 18, 17, 16, 15, 14, 13, 12, 11, 10, 9, 8, 7, 6, 5, 4, 3, 2, 1, 0.5, 0.25, 0.125, 0.0625, 0.03125]
predictive decrease 0.00015880606211422094 actual decrease 4.782752130783052e-05
objective value without tv norm 0.059413730414182485
objective value with tv norm 0.1184688262197593
[2400, 1200.0, 600.0, 300.0, 150.0, 75.0, 37.5, 30, 29, 28, 27, 26, 25, 24, 23, 22, 21, 20, 19, 18, 17, 16, 15, 14, 13, 12, 11, 10, 9, 8, 7, 6, 5, 4, 3, 2, 1, 0.5, 0.25, 0.125, 0.0625, 0.03125]
predictive decrease 0.00024500090294789223 actual decrease 4.5519485518244474e-05
objective value without tv norm 0.05943071092866424
objective value with tv norm 0.11842330673424105
[2400, 1200.0, 600.0, 300.0, 150.0, 75.0, 37.5, 30, 29, 28, 27, 26, 25, 24, 23, 22, 21, 20, 19, 18, 17, 16, 15, 14, 13, 12, 11, 10, 9, 8, 7, 6, 5, 4, 3, 2, 1, 0.5, 0.25, 0.125, 0.0625, 0.03125, 0.015625]
predictive decrease 9.31565604605708e-05 actual decrease 4.323356375767612e-05
objective value without tv norm 0.05941872736490657
objective value with tv norm 0.11838007317048338
[2400, 1200.0, 600.0, 300.0, 150.0, 75.0, 37.5, 30, 29, 28, 27, 26, 25, 24, 23, 22, 21, 20, 19, 18, 17, 16, 15, 14, 13, 12, 11, 10, 9, 8, 7, 6, 5, 4, 3, 2, 1, 0.5, 0.25, 0.125, 0.0625, 0.03125]
predictive decrease 0.00015698538407201562 actual decrease 6.080589374049539e-05
objective value without tv norm 0.05941800747033276
objective value with tv norm 0.11831926727674288
[2400, 1200.0, 600.0, 300.0, 150.0, 75.0, 37.5, 30, 29, 28, 27, 26, 25, 24, 23, 22, 21, 20, 19, 18, 17, 16, 15, 14, 13, 12, 11, 10, 9, 8, 7, 6, 5, 4, 3, 2, 1, 0.5, 0.25, 0.125, 0.0625, 0.03125, 0.015625]
predictive decrease 5.9220125232788134e-05 actual decrease 9.330188961341468e-06
objective value without tv norm 0.05940867728137142
objective value with tv norm 0.11830993708778154
[2400, 1200.0, 600.0, 300.0, 150.0, 75.0, 37.5, 30, 29, 28, 27, 26, 25, 24, 23, 22, 21, 20, 19, 18, 17, 16, 15, 14, 13, 12, 11, 10, 9, 8, 7, 6, 5, 4, 3, 2, 1, 0.5, 0.25, 0.125, 0.0625, 0.03125, 0.015625]
predictive decrease 9.368513056212668e-05 actual decrease 4.376194712046866e-05
objective value without tv norm 0.05939616533425094
objective value with tv norm 0.11826617514066107
[2400, 1200.0, 600.0, 300.0, 150.0, 75.0, 37.5, 30, 29, 28, 27, 26, 25, 24, 23, 22, 21, 20, 19, 18, 17, 16, 15, 14, 13, 12, 11, 10, 9, 8, 7, 6, 5, 4, 3, 2, 1, 0.5, 0.25, 0.125, 0.0625, 0.03125]
predictive decrease 0.00013679849393870291 actual decrease 7.294099064220072e-06
objective value without tv norm 0.05945038335196377
objective value with tv norm 0.11825888104159685
[2400, 1200.0, 600.0, 300.0, 150.0, 75.0, 37.5, 30, 29, 28, 27, 26, 25, 24, 23, 22, 21, 20, 19, 18, 17, 16, 15, 14, 13, 12, 11, 10, 9, 8, 7, 6, 5, 4, 3, 2, 1, 0.5, 0.25, 0.125, 0.0625, 0.03125]
predictive decrease 0.00019756917796479728 actual decrease 4.6903251116205136e-05
objective value without tv norm 0.059434260732520894
objective value with tv norm 0.11821197779048065
[2400, 1200.0, 600.0, 300.0, 150.0, 75.0, 37.5, 30, 29, 28, 27, 26, 25, 24, 23, 22, 21, 20, 19, 18, 17, 16, 15, 14, 13, 12, 11, 10, 9, 8, 7, 6, 5, 4, 3, 2, 1, 0.5, 0.25, 0.125, 0.0625, 0.03125]
predictive decrease 0.00014224025591671324 actual decrease 1.100827146126998e-05
objective value without tv norm 0.05948575246105963
objective value with tv norm 0.11820096951901937
[2400, 1200.0, 600.0, 300.0, 150.0, 75.0, 37.5, 30, 29, 28, 27, 26, 25, 24, 23, 22, 21, 20, 19, 18, 17, 16, 15, 14, 13, 12, 11, 10, 9, 8, 7, 6, 5, 4, 3, 2, 1, 0.5, 0.25, 0.125, 0.0625, 0.03125]
predictive decrease 0.000171728852573598 actual decrease 4.700541392515384e-05
objective value without tv norm 0.059470882822674556
objective value with tv norm 0.11815396410509421
[2400, 1200.0, 600.0, 300.0, 150.0, 75.0, 37.5, 30, 29, 28, 27, 26, 25, 24, 23, 22, 21, 20, 19, 18, 17, 16, 15, 14, 13, 12, 11, 10, 9, 8, 7, 6, 5, 4, 3, 2, 1, 0.5, 0.25, 0.125, 0.0625, 0.03125]
predictive decrease 0.00015954300992516296 actual decrease 6.143328076713833e-05
objective value without tv norm 0.05947194954190741
objective value with tv norm 0.11809253082432708
[2400, 1200.0, 600.0, 300.0, 150.0, 75.0, 37.5, 30, 29, 28, 27, 26, 25, 24, 23, 22, 21, 20, 19, 18, 17, 16, 15, 14, 13, 12, 11, 10, 9, 8, 7, 6, 5, 4, 3, 2, 1, 0.5, 0.25, 0.125, 0.0625, 0.03125]
predictive decrease 0.00025323794608370087 actual decrease 5.375855746087704e-05
objective value without tv norm 0.05948069098444654
objective value with tv norm 0.11803877226686621
[2400, 1200.0, 600.0, 300.0, 150.0, 75.0, 37.5, 30, 29, 28, 27, 26, 25, 24, 23, 22, 21, 20, 19, 18, 17, 16, 15, 14, 13, 12, 11, 10, 9, 8, 7, 6, 5, 4, 3, 2, 1, 0.5, 0.25, 0.125, 0.0625]
predictive decrease 0.00031405776270351793 actual decrease 5.5520886149504345e-05
objective value without tv norm 0.059523184001326536
objective value with tv norm 0.1179832513807167
[2400, 1200.0, 600.0, 300.0, 150.0, 75.0, 37.5, 30, 29, 28, 27, 26, 25, 24, 23, 22, 21, 20, 19, 18, 17, 16, 15, 14, 13, 12, 11, 10, 9, 8, 7, 6, 5, 4, 3, 2, 1, 0.5, 0.25, 0.125, 0.0625, 0.03125]
predictive decrease 0.00023848973793435396 actual decrease 3.901646020328109e-05
objective value without tv norm 0.059546667541123255
objective value with tv norm 0.11794423492051342
[2400, 1200.0, 600.0, 300.0, 150.0, 75.0, 37.5, 30, 29, 28, 27, 26, 25, 24, 23, 22, 21, 20, 19, 18, 17, 16, 15, 14, 13, 12, 11, 10, 9, 8, 7, 6, 5, 4, 3, 2, 1, 0.5, 0.25, 0.125, 0.0625, 0.03125]
predictive decrease 0.0002607315665092494 actual decrease 6.126325511620484e-05
objective value without tv norm 0.059516654286007054
objective value with tv norm 0.11788297166539721
[2400, 1200.0, 600.0, 300.0, 150.0, 75.0, 37.5, 30, 29, 28, 27, 26, 25, 24, 23, 22, 21, 20, 19, 18, 17, 16, 15, 14, 13, 12, 11, 10, 9, 8, 7, 6, 5, 4, 3, 2, 1, 0.5, 0.25, 0.125, 0.0625, 0.03125]
predictive decrease 0.0002664950014584569 actual decrease 6.680718642865929e-05
objective value without tv norm 0.059481097099578384
objective value with tv norm 0.11781616447896856
[2400, 1200.0, 600.0, 300.0, 150.0, 75.0, 37.5, 30, 29, 28, 27, 26, 25, 24, 23, 22, 21, 20, 19, 18, 17, 16, 15, 14, 13, 12, 11, 10, 9, 8, 7, 6, 5, 4, 3, 2, 1, 0.5, 0.25, 0.125, 0.0625, 0.03125]
predictive decrease 0.00022993582129919587 actual decrease 3.2605428733865904e-05
objective value without tv norm 0.05951023049466526
objective value with tv norm 0.11778355905023469
[2400, 1200.0, 600.0, 300.0, 150.0, 75.0, 37.5, 30, 29, 28, 27, 26, 25, 24, 23, 22, 21, 20, 19, 18, 17, 16, 15, 14, 13, 12, 11, 10, 9, 8, 7, 6, 5, 4, 3, 2, 1, 0.5, 0.25, 0.125, 0.0625, 0.03125]
predictive decrease 0.0002003413037378471 actual decrease 6.70192875242906e-05
objective value without tv norm 0.059447275013515585
objective value with tv norm 0.1177165397627104
[2400, 1200.0, 600.0, 300.0, 150.0, 75.0, 37.5, 30, 29, 28, 27, 26, 25, 24, 23, 22, 21, 20, 19, 18, 17, 16, 15, 14, 13, 12, 11, 10, 9, 8, 7, 6, 5, 4, 3, 2, 1, 0.5, 0.25, 0.125, 0.0625, 0.03125]
predictive decrease 0.00017246416534330566 actual decrease 4.219566781417383e-05
objective value without tv norm 0.05946757763779025
objective value with tv norm 0.11767434409489623
[2400, 1200.0, 600.0, 300.0, 150.0, 75.0, 37.5, 30, 29, 28, 27, 26, 25, 24, 23, 22, 21, 20, 19, 18, 17, 16, 15, 14, 13, 12, 11, 10, 9, 8, 7, 6, 5, 4, 3, 2, 1, 0.5, 0.25, 0.125, 0.0625, 0.03125, 0.015625]
predictive decrease 7.800206216005551e-05 actual decrease 4.532890525564548e-05
objective value without tv norm 0.059453498732534596
objective value with tv norm 0.11762901518964058
[2400, 1200.0, 600.0, 300.0, 150.0, 75.0, 37.5, 30, 29, 28, 27, 26, 25, 24, 23, 22, 21, 20, 19, 18, 17, 16, 15, 14, 13, 12, 11, 10, 9, 8, 7, 6, 5, 4, 3, 2, 1, 0.5, 0.25, 0.125, 0.0625, 0.03125]
predictive decrease 0.00013579653052923218 actual decrease 3.6326433849868944e-05
objective value without tv norm 0.05947967229868473
objective value with tv norm 0.11759268875579071
[2400, 1200.0, 600.0, 300.0, 150.0, 75.0, 37.5, 30, 29, 28, 27, 26, 25, 24, 23, 22, 21, 20, 19, 18, 17, 16, 15, 14, 13, 12, 11, 10, 9, 8, 7, 6, 5, 4, 3, 2, 1, 0.5, 0.25, 0.125, 0.0625, 0.03125, 0.015625]
predictive decrease 9.610507014948949e-05 actual decrease 4.618359042662945e-05
objective value without tv norm 0.059464738708258094
objective value with tv norm 0.11754650516536408
[2400, 1200.0, 600.0, 300.0, 150.0, 75.0, 37.5, 30, 29, 28, 27, 26, 25, 24, 23, 22, 21, 20, 19, 18, 17, 16, 15, 14, 13, 12, 11, 10, 9, 8, 7, 6, 5, 4, 3, 2, 1, 0.5, 0.25, 0.125, 0.0625, 0.03125, 0.015625]
predictive decrease 7.474898572155941e-05 actual decrease 2.5544276306431468e-05
objective value without tv norm 0.05947044443195165
objective value with tv norm 0.11752096088905764
[2400, 1200.0, 600.0, 300.0, 150.0, 75.0, 37.5, 30, 29, 28, 27, 26, 25, 24, 23, 22, 21, 20, 19, 18, 17, 16, 15, 14, 13, 12, 11, 10, 9, 8, 7, 6, 5, 4, 3, 2, 1, 0.5, 0.25, 0.125, 0.0625, 0.03125, 0.015625]
predictive decrease 6.749043473099764e-05 actual decrease 1.7569141161841162e-05
objective value without tv norm 0.05948412529078981
objective value with tv norm 0.1175033917478958
[2400, 1200.0, 600.0, 300.0, 150.0, 75.0, 37.5, 30, 29, 28, 27, 26, 25, 24, 23, 22, 21, 20, 19, 18, 17, 16, 15, 14, 13, 12, 11, 10, 9, 8, 7, 6, 5, 4, 3, 2, 1, 0.5, 0.25, 0.125, 0.0625, 0.03125, 0.015625]
predictive decrease 9.867148470866366e-05 actual decrease 4.8747867879825324e-05
objective value without tv norm 0.059466625719115554
objective value with tv norm 0.11745464388001597
[2400, 1200.0, 600.0, 300.0, 150.0, 75.0, 37.5, 30, 29, 28, 27, 26, 25, 24, 23, 22, 21, 20, 19, 18, 17, 16, 15, 14, 13, 12, 11, 10, 9, 8, 7, 6, 5, 4, 3, 2, 1, 0.5, 0.25, 0.125, 0.0625, 0.03125]
predictive decrease 0.0001580258412818003 actual decrease 8.12426321201501e-05
objective value without tv norm 0.059440417124888185
objective value with tv norm 0.11737340124789583
[2400, 1200.0, 600.0, 300.0, 150.0, 75.0, 37.5, 30, 29, 28, 27, 26, 25, 24, 23, 22, 21, 20, 19, 18, 17, 16, 15, 14, 13, 12, 11, 10, 9, 8, 7, 6, 5, 4, 3, 2, 1, 0.5, 0.25, 0.125, 0.0625, 0.03125, 0.015625]
predictive decrease 8.287908068265598e-05 actual decrease 3.2956933541515576e-05
objective value without tv norm 0.05943871019134668
objective value with tv norm 0.11734044431435431
[2400, 1200.0, 600.0, 300.0, 150.0, 75.0, 37.5, 30, 29, 28, 27, 26, 25, 24, 23, 22, 21, 20, 19, 18, 17, 16, 15, 14, 13, 12, 11, 10, 9, 8, 7, 6, 5, 4, 3, 2, 1, 0.5, 0.25, 0.125, 0.0625, 0.03125, 0.015625]
predictive decrease 7.50397669814773e-05 actual decrease 2.5118957383864216e-05
objective value without tv norm 0.05941359123396281
objective value with tv norm 0.11731532535697045
[2400, 1200.0, 600.0, 300.0, 150.0, 75.0, 37.5, 30, 29, 28, 27, 26, 25, 24, 23, 22, 21, 20, 19, 18, 17, 16, 15, 14, 13, 12, 11, 10, 9, 8, 7, 6, 5, 4, 3, 2, 1, 0.5, 0.25, 0.125, 0.0625, 0.03125, 0.015625]
predictive decrease 5.6622265891329016e-05 actual decrease 6.700350885159578e-06
objective value without tv norm 0.05943814088307765
objective value with tv norm 0.1173086250060853
[2400, 1200.0, 600.0, 300.0, 150.0, 75.0, 37.5, 30, 29, 28, 27, 26, 25, 24, 23, 22, 21, 20, 19, 18, 17, 16, 15, 14, 13, 12, 11, 10, 9, 8, 7, 6, 5, 4, 3, 2, 1, 0.5, 0.25, 0.125, 0.0625, 0.03125, 0.015625]
predictive decrease 9.201157849992453e-05 actual decrease 4.209006226327944e-05
objective value without tv norm 0.05939605082081438
objective value with tv norm 0.11726653494382203
[2400, 1200.0, 600.0, 300.0, 150.0, 75.0, 37.5, 30, 29, 28, 27, 26, 25, 24, 23, 22, 21, 20, 19, 18, 17, 16, 15, 14, 13, 12, 11, 10, 9, 8, 7, 6, 5, 4, 3, 2, 1, 0.5, 0.25, 0.125, 0.0625, 0.03125, 0.015625]
predictive decrease 5.987900868010404e-05 actual decrease 1.000994470701233e-05
objective value without tv norm 0.05941729087610738
objective value with tv norm 0.11725652499911501
[2400, 1200.0, 600.0, 300.0, 150.0, 75.0, 37.5, 30, 29, 28, 27, 26, 25, 24, 23, 22, 21, 20, 19, 18, 17, 16, 15, 14, 13, 12, 11, 10, 9, 8, 7, 6, 5, 4, 3, 2, 1, 0.5, 0.25, 0.125, 0.0625, 0.03125, 0.015625]
predictive decrease 6.339542651846719e-05 actual decrease 3.172033211862324e-05
objective value without tv norm 0.059402498592835924
objective value with tv norm 0.11722480466699639
[2400, 1200.0, 600.0, 300.0, 150.0, 75.0, 37.5, 30, 29, 28, 27, 26, 25, 24, 23, 22, 21, 20, 19, 18, 17, 16, 15, 14, 13, 12, 11, 10, 9, 8, 7, 6, 5, 4, 3, 2, 1, 0.5, 0.25, 0.125]
predictive decrease 0.0003741058186783608 actual decrease 3.260783007699025e-05
objective value without tv norm 0.05961256174815064
objective value with tv norm 0.1171921968369194
[2400, 1200.0, 600.0, 300.0, 150.0, 75.0, 37.5, 30, 29, 28, 27, 26, 25, 24, 23, 22, 21, 20, 19, 18, 17, 16, 15, 14, 13, 12, 11, 10, 9, 8, 7, 6, 5, 4, 3, 2, 1, 0.5, 0.25, 0.125, 0.0625, 0.03125]
predictive decrease 0.00019320986140768798 actual decrease 7.009153287190761e-06
objective value without tv norm 0.05966805259486344
objective value with tv norm 0.1171851876836322
[2400, 1200.0, 600.0, 300.0, 150.0, 75.0, 37.5, 30, 29, 28, 27, 26, 25, 24, 23, 22, 21, 20, 19, 18, 17, 16, 15, 14, 13, 12, 11, 10, 9, 8, 7, 6, 5, 4, 3, 2, 1, 0.5, 0.25, 0.125, 0.0625, 0.03125]
predictive decrease 0.00022882957487431466 actual decrease 2.9148920152564928e-05
objective value without tv norm 0.05963890367471088
objective value with tv norm 0.11715603876347963
[2400, 1200.0, 600.0, 300.0, 150.0, 75.0, 37.5, 30, 29, 28, 27, 26, 25, 24, 23, 22, 21, 20, 19, 18, 17, 16, 15, 14, 13, 12, 11, 10, 9, 8, 7, 6, 5, 4, 3, 2, 1, 0.5, 0.25, 0.125, 0.0625, 0.03125]
predictive decrease 0.00021279077737219182 actual decrease 6.0427166394178e-05
objective value without tv norm 0.059615217555320614
objective value with tv norm 0.11709561159708545
[2400, 1200.0, 600.0, 300.0, 150.0, 75.0, 37.5, 30, 29, 28, 27, 26, 25, 24, 23, 22, 21, 20, 19, 18, 17, 16, 15, 14, 13, 12, 11, 10, 9, 8, 7, 6, 5, 4, 3, 2, 1, 0.5, 0.25, 0.125, 0.0625, 0.03125]
predictive decrease 0.00018162458720695496 actual decrease 1.84604519840037e-06
objective value without tv norm 0.059614649239929984
objective value with tv norm 0.11709376555188705
original energy 0.059065129548542705
objective value without tv norm 0.059614649239929984
alpha 0.001
objective value with tv norm 0.11709376555188705
tv norm 57.479116311957064
l2 norm 0.005495196913872775
computational time 1170.39604575
total iterations 4281
