[2400, 1200.0, 600.0, 300.0, 150.0]
predictive decrease 0.9668572783568038 actual decrease 0.18570701048543392
objective value with out tv norm 0.8109248672149769
[2400, 1200.0, 600.0, 300.0, 150.0, 75.0, 37.5, 30, 29, 28, 27, 26, 25, 24, 23, 22, 21]
predictive decrease 2.171142678427317 actual decrease 0.2930789691968603
objective value with out tv norm 0.5178458980181166
[2400, 1200.0, 600.0, 300.0, 150.0, 75.0, 37.5, 30, 29, 28, 27, 26, 25, 24, 23, 22, 21, 20, 19, 18, 17, 16, 15, 14, 13, 12, 11, 10, 9, 8, 7, 6, 5]
predictive decrease 0.6115720352417697 actual decrease 0.11392838325076704
objective value with out tv norm 0.4039175147673496
[2400, 1200.0, 600.0, 300.0, 150.0, 75.0, 37.5, 30, 29, 28, 27, 26, 25, 24, 23, 22, 21, 20, 19, 18, 17, 16, 15, 14, 13, 12, 11, 10, 9, 8, 7, 6, 5, 4, 3]
predictive decrease 0.272395133046269 actual decrease 0.1300828671923967
objective value with out tv norm 0.2738346475749529
[2400, 1200.0, 600.0, 300.0, 150.0, 75.0, 37.5, 30, 29, 28, 27, 26, 25, 24, 23, 22, 21, 20, 19, 18, 17, 16, 15, 14, 13, 12, 11, 10, 9, 8, 7, 6, 5]
predictive decrease 0.43338756792988875 actual decrease 0.07017898053251248
objective value with out tv norm 0.20365566704244042
[2400, 1200.0, 600.0, 300.0, 150.0, 75.0, 37.5, 30, 29, 28, 27, 26, 25, 24, 23, 22, 21, 20, 19, 18, 17, 16, 15, 14, 13, 12, 11, 10, 9, 8, 7, 6, 5, 4, 3]
predictive decrease 0.24867398355511505 actual decrease 0.06669267236459042
objective value with out tv norm 0.13696299467785
[2400, 1200.0, 600.0, 300.0, 150.0, 75.0, 37.5, 30, 29, 28, 27, 26, 25, 24, 23, 22, 21, 20, 19, 18, 17, 16, 15, 14, 13, 12, 11, 10, 9, 8, 7, 6, 5, 4, 3, 2, 1]
predictive decrease 0.0 actual decrease 0.0
objective value with out tv norm 0.13696299467785
objective value without tv norm 0.13696299467785
norm 130.0
computational time 52.336446459
total iterations 198
