[2400, 1200.0, 600.0, 300.0, 150.0]
predictive decrease 2.182709919408981 actual decrease 0.06194772668923365
objective value with out tv norm 0.886633549048745
[2400, 1200.0, 600.0, 300.0, 150.0, 75.0, 37.5, 30, 29, 28, 27, 26, 25, 24, 23, 22, 21, 20, 19, 18, 17, 16, 15, 14, 13, 12, 11, 10, 9, 8, 7, 6, 5]
predictive decrease 0.051414216441527674 actual decrease 0.019866524433262645
objective value with out tv norm 0.8667670246154824
[2400, 1200.0, 600.0, 300.0, 150.0, 75.0, 37.5, 30, 29, 28, 27, 26, 25, 24, 23, 22, 21, 20, 19, 18, 17, 16, 15]
predictive decrease 0.12055515654066008 actual decrease 0.005499664413962102
objective value with out tv norm 0.8612673602015203
[2400, 1200.0, 600.0, 300.0, 150.0, 75.0, 37.5, 30, 29, 28, 27, 26, 25, 24, 23, 22, 21, 20, 19, 18, 17, 16, 15, 14, 13, 12, 11, 10, 9, 8, 7, 6, 5, 4, 3]
predictive decrease 0.018471013219239375 actual decrease 0.0027895553236630954
objective value with out tv norm 0.8584778048778572
[2400, 1200.0, 600.0, 300.0, 150.0, 75.0, 37.5]
predictive decrease 0.3553174041551784 actual decrease 0.009268773135462371
objective value with out tv norm 0.8492090317423948
[2400, 1200.0, 600.0, 300.0, 150.0, 75.0, 37.5, 30]
predictive decrease 1.142944102105681 actual decrease 0.01698560835399987
objective value with out tv norm 0.832223423388395
[2400, 1200.0, 600.0, 300.0, 150.0, 75.0, 37.5, 30, 29, 28, 27, 26, 25, 24, 23, 22, 21, 20, 19, 18, 17, 16, 15, 14, 13, 12, 11, 10, 9, 8, 7, 6, 5, 4, 3]
predictive decrease 0.05329795499068911 actual decrease 0.014671423456197319
objective value with out tv norm 0.8175519999321976
[2400, 1200.0, 600.0, 300.0, 150.0, 75.0, 37.5, 30, 29, 28, 27, 26, 25, 24, 23, 22, 21, 20, 19, 18, 17, 16, 15, 14, 13, 12, 11, 10, 9, 8, 7, 6, 5, 4, 3]
predictive decrease 0.02796434541531304 actual decrease 0.006918823414893138
objective value with out tv norm 0.8106331765173045
[2400, 1200.0, 600.0, 300.0, 150.0, 75.0, 37.5, 30, 29, 28, 27, 26, 25, 24, 23, 22, 21, 20, 19, 18, 17, 16, 15]
predictive decrease 0.20513898282923046 actual decrease 0.004517669628424481
objective value with out tv norm 0.80611550688888
[2400, 1200.0, 600.0, 300.0, 150.0, 75.0, 37.5, 30, 29, 28, 27, 26, 25, 24, 23, 22, 21, 20, 19, 18, 17, 16, 15, 14, 13, 12, 11, 10, 9, 8, 7, 6, 5, 4, 3, 2, 1]
predictive decrease 0.0 actual decrease 0.0
objective value with out tv norm 0.80611550688888
objective value without tv norm 0.80611550688888
norm 46.0
computational time 88.083771
total iterations 247
