[2400]
predictive decrease 1194.7220392705547 actual decrease 477.1223421619766
objective value without tv norm 20.999910495421307
objective value with tv norm 20.999910495421307
[2400, 1200.0, 600.0, 300.0]
predictive decrease 59.999999999393665 actual decrease 15.0
objective value without tv norm 5.9999104954213065
objective value with tv norm 5.9999104954213065
[2400, 1200.0, 600.0, 300.0, 150.0]
predictive decrease 14.999999993107595 actual decrease 3.75
objective value without tv norm 2.2499104954213065
objective value with tv norm 2.2499104954213065
[2400, 1200.0, 600.0, 300.0, 150.0, 75.0, 37.5, 30, 29, 28, 27, 26, 25, 24, 23, 22, 21, 20, 19, 18, 17, 16, 15, 14, 13, 12, 11, 10, 9, 8, 7, 6, 5]
predictive decrease 0.25103792527810276 actual decrease 0.022933647105052576
objective value without tv norm 2.226885939225345
objective value with tv norm 2.2269768483162538
[2400, 1200.0, 600.0, 300.0, 150.0, 75.0, 37.5]
predictive decrease 2.6994464902727016 actual decrease 0.9562078898150986
objective value without tv norm 1.2706442656264623
objective value with tv norm 1.2707689585011552
[2400, 1200.0, 600.0, 300.0, 150.0, 75.0, 37.5, 30, 29, 28, 27, 26, 25, 24, 23, 22, 21, 20, 19, 18, 17, 16, 15, 14, 13, 12, 11, 10, 9, 8, 7, 6, 5, 4, 3, 2, 1]
predictive decrease 0.26855530150622237 actual decrease 0.12121989438404819
objective value without tv norm 1.1492243712424142
objective value with tv norm 1.1495490641171071
[2400, 1200.0, 600.0, 300.0, 150.0, 75.0, 37.5, 30, 29, 28, 27, 26, 25, 24, 23, 22, 21, 20, 19, 18, 17, 16, 15, 14, 13, 12, 11, 10, 9, 8, 7, 6, 5, 4, 3, 2, 1]
predictive decrease 0.20066592260947327 actual decrease 0.037306897221378636
objective value without tv norm 1.1117174740210356
objective value with tv norm 1.1122421668957285
[2400, 1200.0, 600.0, 300.0, 150.0, 75.0, 37.5, 30, 29, 28, 27, 26, 25, 24, 23, 22, 21, 20, 19, 18, 17, 16, 15, 14, 13, 12, 11, 10, 9, 8, 7, 6, 5, 4, 3]
predictive decrease 0.5161493588870828 actual decrease 0.0947381097423679
objective value without tv norm 1.016652091551395
objective value with tv norm 1.0175040571533607
[2400, 1200.0, 600.0, 300.0, 150.0, 75.0, 37.5, 30, 29, 28, 27, 26, 25, 24, 23, 22, 21, 20, 19, 18, 17, 16, 15, 14, 13, 12, 11, 10, 9, 8, 7, 6, 5, 4, 3, 2, 1]
predictive decrease 0.19065517288254905 actual decrease 0.019907882659473772
objective value without tv norm 0.9965442088919213
objective value with tv norm 0.9975961744938869
[2400, 1200.0, 600.0, 300.0, 150.0, 75.0, 37.5, 30, 29, 28, 27, 26, 25, 24, 23, 22, 21, 20, 19, 18, 17, 16, 15, 14, 13, 12, 11, 10, 9, 8, 7, 6, 5, 4, 3, 2, 1, 0.5]
predictive decrease 0.07672501675712298 actual decrease 0.03314284187625287
objective value without tv norm 0.9635013670156685
objective value with tv norm 0.9644533326176341
[2400, 1200.0, 600.0, 300.0, 150.0, 75.0, 37.5, 30, 29, 28, 27, 26, 25, 24, 23, 22, 21, 20, 19, 18, 17, 16, 15, 14, 13, 12, 11, 10, 9, 8, 7, 6, 5, 4, 3, 2, 1, 0.5]
predictive decrease 0.07141985341145093 actual decrease 0.027843105727737495
objective value without tv norm 0.9356491703788401
objective value with tv norm 0.9366102268898966
[2400, 1200.0, 600.0, 300.0, 150.0, 75.0, 37.5, 30, 29, 28, 27, 26, 25, 24, 23, 22, 21, 20, 19, 18, 17, 16, 15, 14, 13, 12, 11, 10, 9, 8, 7, 6, 5, 4, 3, 2, 1, 0.5]
predictive decrease 0.06065519654888756 actual decrease 0.028850621562611062
objective value without tv norm 0.906748548816229
objective value with tv norm 0.9077596053272855
[2400, 1200.0, 600.0, 300.0, 150.0, 75.0, 37.5, 30, 29, 28, 27, 26, 25, 24, 23, 22, 21]
predictive decrease 1.305557309052289 actual decrease 0.005266001551060894
objective value without tv norm 0.9016366422692631
objective value with tv norm 0.9024936037762246
[2400, 1200.0, 600.0, 300.0, 150.0, 75.0, 37.5, 30, 29, 28, 27, 26, 25, 24, 23, 22, 21, 20, 19, 18, 17, 16, 15, 14, 13, 12, 11, 10, 9, 8, 7, 6, 5, 4, 3, 2, 1]
predictive decrease 0.38838339916961895 actual decrease 0.19384829218518912
objective value without tv norm 0.707588350084074
objective value with tv norm 0.7086453115910355
[2400, 1200.0, 600.0, 300.0, 150.0, 75.0, 37.5, 30, 29, 28, 27, 26, 25, 24, 23, 22, 21, 20]
predictive decrease 1.5468048586390803 actual decrease 0.008956516637466612
objective value without tv norm 0.6985534020740584
objective value with tv norm 0.6996887949535688
[2400, 1200.0, 600.0, 300.0, 150.0, 75.0, 37.5, 30, 29, 28, 27, 26, 25, 24, 23, 22, 21, 20, 19]
predictive decrease 1.3993650286686397 actual decrease 0.06463282898146303
objective value without tv norm 0.6339950828965168
objective value with tv norm 0.6350559659721058
[2400, 1200.0, 600.0, 300.0, 150.0, 75.0, 37.5, 30, 29, 28, 27, 26, 25, 24, 23, 22, 21, 20, 19, 18, 17, 16, 15, 14, 13, 12, 11, 10, 9, 8, 7, 6, 5, 4, 3]
predictive decrease 0.22119137045788986 actual decrease 0.05441042334648935
objective value without tv norm 0.5795346595500275
objective value with tv norm 0.5806455426256164
[2400, 1200.0, 600.0, 300.0, 150.0, 75.0, 37.5, 30, 29, 28, 27, 26, 25, 24, 23, 22, 21, 20, 19, 18, 17, 16, 15, 14, 13, 12, 11, 10, 9, 8, 7, 6, 5, 4]
predictive decrease 0.24970904414578762 actual decrease 0.018458182602774726
objective value without tv norm 0.5609764769472527
objective value with tv norm 0.5621873600228416
[2400, 1200.0, 600.0, 300.0, 150.0, 75.0, 37.5, 30, 29, 28, 27, 26, 25, 24, 23, 22, 21, 20, 19, 18, 17, 16, 15, 14, 13, 12, 11, 10, 9, 8, 7, 6, 5, 4, 3, 2, 1, 0.5, 0.25]
predictive decrease 0.01533619776435943 actual decrease 0.0021724754348353033
objective value without tv norm 0.5588040015124174
objective value with tv norm 0.5600148845880063
[2400, 1200.0, 600.0, 300.0, 150.0, 75.0, 37.5, 30, 29, 28, 27, 26, 25, 24, 23, 22, 21, 20, 19, 18, 17, 16, 15, 14, 13, 12, 11, 10, 9, 8, 7, 6, 5, 4, 3, 2, 1, 0.5, 0.25]
predictive decrease 0.023444974238010445 actual decrease 0.01029045010749299
objective value without tv norm 0.5485226423140153
objective value with tv norm 0.5497244344805133
[2400, 1200.0, 600.0, 300.0, 150.0, 75.0, 37.5, 30, 29, 28, 27, 26, 25, 24, 23, 22, 21, 20, 19, 18, 17, 16, 15, 14, 13, 12, 11, 10, 9, 8, 7, 6, 5, 4, 3, 2, 1, 0.5, 0.25]
predictive decrease 0.01513691531873998 actual decrease 0.0019744044653983396
objective value without tv norm 0.546548237848617
objective value with tv norm 0.547750030015115
[2400, 1200.0, 600.0, 300.0, 150.0, 75.0, 37.5, 30, 29, 28, 27, 26, 25, 24, 23, 22, 21, 20, 19, 18, 17, 16, 15, 14, 13, 12, 11, 10, 9, 8, 7, 6, 5, 4, 3, 2, 1, 0.5, 0.25]
predictive decrease 0.02356377080129538 actual decrease 0.01041103485971698
objective value without tv norm 0.5361872029889
objective value with tv norm 0.5373389951553981
[2400, 1200.0, 600.0, 300.0, 150.0, 75.0, 37.5, 30, 29, 28, 27, 26, 25, 24, 23, 22, 21, 20, 19, 18, 17, 16, 15, 14, 13, 12, 11, 10, 9, 8, 7, 6, 5, 4, 3, 2, 1, 0.5, 0.25]
predictive decrease 0.015904342330561975 actual decrease 0.0027428720176721224
objective value without tv norm 0.5334443309712279
objective value with tv norm 0.534596123137726
[2400, 1200.0, 600.0, 300.0, 150.0, 75.0, 37.5, 30, 29, 28, 27, 26, 25, 24, 23, 22, 21, 20, 19, 18, 17, 16, 15, 14, 13, 12, 11, 10, 9, 8, 7, 6, 5, 4, 3, 2, 1, 0.5]
predictive decrease 0.04389081034699337 actual decrease 0.0038082921458364683
objective value without tv norm 0.5295860388253915
objective value with tv norm 0.5307878309918895
[2400, 1200.0, 600.0, 300.0, 150.0, 75.0, 37.5, 30, 29, 28, 27, 26, 25, 24, 23, 22, 21, 20, 19, 18, 17, 16, 15, 14, 13, 12, 11, 10, 9, 8, 7, 6, 5, 4, 3, 2, 1, 0.5]
predictive decrease 0.05802371735624913 actual decrease 0.017976449620128145
objective value without tv norm 0.5116095892052633
objective value with tv norm 0.5128113813717614
[2400, 1200.0, 600.0, 300.0, 150.0, 75.0, 37.5, 30, 29, 28, 27, 26, 25, 24, 23, 22, 21, 20, 19, 18, 17, 16, 15, 14, 13, 12, 11, 10, 9, 8, 7, 6, 5, 4, 3, 2, 1, 0.5]
predictive decrease 0.04383576208457835 actual decrease 0.0037303622250765183
objective value without tv norm 0.5078292269801868
objective value with tv norm 0.5090810191466849
[2400, 1200.0, 600.0, 300.0, 150.0, 75.0, 37.5, 30, 29, 28, 27, 26, 25, 24, 23, 22, 21, 20, 19, 18, 17, 16, 15, 14, 13, 12, 11, 10, 9, 8, 7, 6, 5, 4, 3, 2, 1, 0.5]
predictive decrease 0.05502981680477812 actual decrease 0.0025071829063048182
objective value without tv norm 0.505272044073882
objective value with tv norm 0.5065738362403801
[2400, 1200.0, 600.0, 300.0, 150.0, 75.0, 37.5, 30, 29, 28, 27, 26, 25, 24, 23, 22, 21, 20, 19, 18, 17, 16, 15, 14, 13, 12, 11, 10, 9, 8, 7, 6, 5, 4, 3, 2, 1, 0.5, 0.25]
predictive decrease 0.02504455902185886 actual decrease 0.011912999805739583
objective value without tv norm 0.49340904426814247
objective value with tv norm 0.49466083643464054
[2400, 1200.0, 600.0, 300.0, 150.0, 75.0, 37.5, 30, 29, 28, 27, 26, 25, 24, 23, 22, 21, 20, 19, 18, 17, 16, 15, 14, 13, 12, 11, 10, 9, 8, 7, 6, 5, 4, 3, 2, 1, 0.5, 0.25]
predictive decrease 0.018247679759599372 actual decrease 0.005112734267716097
objective value without tv norm 0.4882963100004264
objective value with tv norm 0.48954810216692446
[2400, 1200.0, 600.0, 300.0, 150.0, 75.0, 37.5, 30, 29, 28, 27, 26, 25, 24, 23, 22, 21, 20, 19, 18, 17, 16, 15, 14, 13, 12, 11, 10, 9, 8, 7, 6, 5, 4, 3, 2, 1, 0.5]
predictive decrease 0.04064269946740371 actual decrease 0.000598264170589237
objective value without tv norm 0.4876480458298372
objective value with tv norm 0.48894983799633523
[2400, 1200.0, 600.0, 300.0, 150.0, 75.0, 37.5, 30, 29, 28, 27, 26, 25, 24, 23, 22, 21, 20, 19, 18, 17, 16, 15, 14, 13, 12, 11, 10, 9, 8, 7, 6, 5, 4, 3, 2, 1, 0.5]
predictive decrease 0.05554995392668461 actual decrease 0.007262297356580695
objective value without tv norm 0.4803857484732565
objective value with tv norm 0.48168754063975455
[2400, 1200.0, 600.0, 300.0, 150.0, 75.0, 37.5, 30, 29, 28, 27, 26, 25, 24, 23, 22, 21, 20, 19, 18, 17, 16, 15, 14, 13, 12, 11, 10, 9, 8, 7, 6, 5, 4, 3, 2, 1, 0.5, 0.25]
predictive decrease 0.024282389992502727 actual decrease 0.011134426810896787
objective value without tv norm 0.4693013216623597
objective value with tv norm 0.4705531138288578
[2400, 1200.0, 600.0, 300.0, 150.0, 75.0, 37.5, 30, 29, 28, 27, 26, 25, 24, 23, 22, 21, 20, 19, 18, 17, 16, 15, 14, 13, 12, 11, 10, 9, 8, 7, 6, 5]
predictive decrease 0.266231150962422 actual decrease 0.0005099160869988272
objective value without tv norm 0.4689080722420276
objective value with tv norm 0.47004319774185893
[2400, 1200.0, 600.0, 300.0, 150.0, 75.0, 37.5, 30, 29, 28, 27, 26, 25, 24, 23, 22, 21, 20, 19, 18, 17, 16, 15, 14, 13, 12, 11, 10, 9, 8, 7, 6, 5, 4]
predictive decrease 0.2650655454763602 actual decrease 0.04725127327808434
objective value without tv norm 0.4215608120679563
objective value with tv norm 0.4227919244637746
[2400, 1200.0, 600.0, 300.0, 150.0, 75.0, 37.5, 30, 29, 28, 27, 26, 25, 24, 23, 22, 21, 20, 19, 18, 17, 16, 15, 14, 13, 12, 11, 10, 9, 8, 7, 6, 5, 4, 3, 2, 1, 0.5, 0.25]
predictive decrease 0.013236796156816414 actual decrease 0.004820096193296702
objective value without tv norm 0.41672821587465964
objective value with tv norm 0.4179718282704779
[2400, 1200.0, 600.0, 300.0, 150.0, 75.0, 37.5, 30, 29, 28, 27, 26, 25, 24, 23, 22, 21, 20, 19, 18, 17, 16, 15, 14, 13, 12, 11, 10, 9, 8, 7, 6, 5, 4, 3, 2, 1, 0.5, 0.25]
predictive decrease 0.017159318833921057 actual decrease 0.007118803471284898
objective value without tv norm 0.40958441240337473
objective value with tv norm 0.410853024799193
[2400, 1200.0, 600.0, 300.0, 150.0, 75.0, 37.5, 30, 29, 28, 27, 26, 25, 24, 23, 22, 21, 20, 19, 18, 17, 16, 15, 14, 13, 12, 11, 10, 9, 8, 7, 6, 5, 4, 3, 2, 1, 0.5, 0.25]
predictive decrease 0.02275804555957148 actual decrease 0.00960929335319365
objective value without tv norm 0.40001602814109016
objective value with tv norm 0.40124373144599934
[2400, 1200.0, 600.0, 300.0, 150.0, 75.0, 37.5, 30, 29, 28, 27, 26, 25, 24, 23, 22, 21, 20, 19, 18, 17, 16, 15, 14, 13, 12, 11, 10, 9, 8, 7, 6, 5, 4, 3, 2, 1, 0.5, 0.25]
predictive decrease 0.015239764546766371 actual decrease 0.006259904123086792
objective value without tv norm 0.39375612401800336
objective value with tv norm 0.39498382732291254
[2400, 1200.0, 600.0, 300.0, 150.0, 75.0, 37.5, 30, 29, 28, 27, 26, 25, 24, 23, 22, 21, 20, 19, 18, 17, 16, 15, 14, 13, 12, 11, 10, 9, 8, 7, 6, 5, 4, 3, 2, 1, 0.5, 0.25]
predictive decrease 0.020369078410286463 actual decrease 0.007207423472137304
objective value without tv norm 0.38653960963677514
objective value with tv norm 0.3877764038507752
[2400, 1200.0, 600.0, 300.0, 150.0, 75.0, 37.5, 30, 29, 28, 27, 26, 25, 24, 23, 22, 21, 20, 19, 18, 17, 16, 15, 14, 13, 12, 11, 10, 9, 8, 7, 6, 5, 4, 3, 2, 1, 0.5, 0.25]
predictive decrease 0.01586971572597132 actual decrease 0.005831613275720777
objective value without tv norm 0.38070799636105435
objective value with tv norm 0.3819447905750544
[2400, 1200.0, 600.0, 300.0, 150.0, 75.0, 37.5, 30, 29, 28, 27, 26, 25, 24, 23, 22, 21, 20, 19, 18, 17, 16, 15, 14, 13, 12, 11, 10, 9, 8, 7, 6, 5, 4, 3, 2, 1, 0.5, 0.25]
predictive decrease 0.01921016356181573 actual decrease 0.006044195326067022
objective value without tv norm 0.3746228919440782
objective value with tv norm 0.3759005952489874
[2400, 1200.0, 600.0, 300.0, 150.0, 75.0, 37.5, 30, 29, 28, 27, 26, 25, 24, 23, 22, 21, 20, 19, 18, 17, 16, 15, 14, 13, 12, 11, 10, 9, 8, 7, 6, 5, 4, 3, 2, 1, 0.5, 0.25]
predictive decrease 0.016612349244295135 actual decrease 0.007040502284574797
objective value without tv norm 0.3675740563261701
objective value with tv norm 0.3688600929644126
[2400, 1200.0, 600.0, 300.0, 150.0, 75.0, 37.5, 30, 29, 28, 27, 26, 25, 24, 23, 22, 21, 20, 19, 18, 17, 16, 15, 14, 13, 12, 11, 10, 9, 8, 7, 6, 5, 4, 3, 2, 1, 0.5, 0.25]
predictive decrease 0.01793026239407744 actual decrease 0.004759844388204693
objective value without tv norm 0.36286421193796536
objective value with tv norm 0.3641002485762079
[2400, 1200.0, 600.0, 300.0, 150.0, 75.0, 37.5, 30, 29, 28, 27, 26, 25, 24, 23, 22, 21, 20, 19, 18, 17, 16, 15, 14, 13, 12, 11, 10, 9, 8, 7, 6, 5, 4, 3, 2, 1, 0.5, 0.25]
predictive decrease 0.01763753851358999 actual decrease 0.00865615679276798
objective value without tv norm 0.35422472181186404
objective value with tv norm 0.3554440917834399
[2400, 1200.0, 600.0, 300.0, 150.0, 75.0, 37.5, 30, 29, 28, 27, 26, 25, 24, 23, 22, 21, 20, 19, 18, 17, 16, 15, 14, 13, 12, 11, 10, 9, 8, 7, 6, 5, 4, 3, 2, 1]
predictive decrease 0.05517619614883647 actual decrease 0.001769503389247064
objective value without tv norm 0.35243703660443515
objective value with tv norm 0.3536745883941928
[2400, 1200.0, 600.0, 300.0, 150.0, 75.0, 37.5, 30, 29, 28, 27, 26, 25, 24, 23, 22, 21, 20, 19, 18, 17, 16, 15, 14, 13, 12, 11, 10, 9, 8, 7, 6, 5, 4, 3, 2, 1, 0.5]
predictive decrease 0.05525130567262977 actual decrease 0.0026330282742467416
objective value without tv norm 0.3497449174210975
objective value with tv norm 0.3510415601199461
[2400, 1200.0, 600.0, 300.0, 150.0, 75.0, 37.5, 30, 29, 28, 27, 26, 25, 24, 23, 22, 21, 20, 19, 18, 17, 16, 15, 14, 13, 12, 11, 10, 9, 8, 7, 6, 5, 4, 3, 2, 1, 0.5, 0.25]
predictive decrease 0.025025553749340047 actual decrease 0.01186962969474928
objective value without tv norm 0.3379252877263482
objective value with tv norm 0.3391719304251968
[2400, 1200.0, 600.0, 300.0, 150.0, 75.0, 37.5, 30, 29, 28, 27, 26, 25, 24, 23, 22, 21, 20, 19, 18, 17, 16, 15, 14, 13, 12, 11, 10, 9, 8, 7, 6, 5, 4, 3, 2, 1, 0.5]
predictive decrease 0.025374806788977036 actual decrease 0.012382664301576498
objective value without tv norm 0.3254926234247717
objective value with tv norm 0.3267892661236203
[2400, 1200.0, 600.0, 300.0, 150.0, 75.0, 37.5, 30, 29, 28, 27, 26, 25, 24, 23, 22, 21, 20, 19, 18, 17, 16, 15, 14, 13, 12, 11, 10, 9, 8, 7, 6, 5, 4, 3]
predictive decrease 0.1428643814560309 actual decrease 0.012673357190038956
objective value without tv norm 0.31289426623473277
objective value with tv norm 0.3141159089335813
[2400, 1200.0, 600.0, 300.0, 150.0, 75.0, 37.5, 30, 29, 28, 27, 26, 25, 24, 23, 22, 21, 20, 19, 18, 17, 16, 15, 14, 13, 12, 11, 10, 9, 8, 7, 6, 5]
predictive decrease 0.28110406046325176 actual decrease 0.023764237420115766
objective value without tv norm 0.28904669548128364
objective value with tv norm 0.2903516715134656
[2400, 1200.0, 600.0, 300.0, 150.0, 75.0, 37.5, 30, 29, 28, 27, 26, 25, 24, 23, 22, 21, 20, 19, 18, 17, 16, 15, 14, 13, 12, 11, 10, 9, 8]
predictive decrease 0.37196070865515873 actual decrease 0.0011729395602310213
objective value without tv norm 0.2878917297772618
objective value with tv norm 0.28917873195323457
[2400, 1200.0, 600.0, 300.0, 150.0, 75.0, 37.5, 30, 29, 28, 27, 26, 25, 24, 23, 22, 21, 20, 19, 18, 17, 16, 15, 14, 13, 12, 11, 10, 9, 8, 7, 6, 5]
predictive decrease 0.30507720723099707 actual decrease 0.04796747773517592
objective value without tv norm 0.23984876184600745
objective value with tv norm 0.24121125421805864
[2400, 1200.0, 600.0, 300.0, 150.0, 75.0, 37.5, 30, 29, 28, 27, 26, 25, 24, 23, 22, 21, 20, 19, 18, 17, 16, 15, 14, 13, 12, 11, 10, 9, 8, 7, 6, 5, 4, 3, 2]
predictive decrease 0.09216051964836597 actual decrease 0.010217745680379298
objective value without tv norm 0.22955101616562815
objective value with tv norm 0.23099350853767933
[2400, 1200.0, 600.0, 300.0, 150.0, 75.0, 37.5, 30, 29, 28, 27, 26, 25, 24, 23, 22, 21, 20, 19, 18, 17, 16, 15, 14, 13, 12, 11, 10, 9, 8, 7, 6, 5, 4, 3, 2, 1, 0.5, 0.25]
predictive decrease 0.011511250094896387 actual decrease 0.0015733488275954813
objective value without tv norm 0.22795266733803266
objective value with tv norm 0.22942015971008384
[2400, 1200.0, 600.0, 300.0, 150.0, 75.0, 37.5, 30, 29, 28, 27, 26, 25, 24, 23, 22, 21, 20, 19, 18, 17, 16, 15, 14, 13, 12, 11, 10, 9, 8, 7, 6, 5, 4, 3, 2, 1, 0.5, 0.25]
predictive decrease 0.018092227302769187 actual decrease 0.005040439867638009
objective value without tv norm 0.22288722747039463
objective value with tv norm 0.22437971984244584
[2400, 1200.0, 600.0, 300.0, 150.0, 75.0, 37.5, 30, 29, 28, 27, 26, 25, 24, 23, 22, 21, 20, 19, 18, 17, 16, 15, 14, 13, 12, 11, 10, 9, 8, 7, 6, 5, 4, 3, 2, 1, 0.5, 0.25, 0.125]
predictive decrease 0.00573883095478144 actual decrease 0.0024719369008396703
objective value without tv norm 0.22039029056955498
objective value with tv norm 0.22190778294160618
[2400, 1200.0, 600.0, 300.0, 150.0, 75.0, 37.5, 30, 29, 28, 27, 26, 25, 24, 23, 22, 21, 20, 19, 18, 17, 16, 15, 14, 13, 12, 11, 10, 9, 8, 7, 6, 5, 4]
predictive decrease 0.1664270307120598 actual decrease 0.008191272046924639
objective value without tv norm 0.2122640512023689
objective value with tv norm 0.21371651089468155
[2400, 1200.0, 600.0, 300.0, 150.0, 75.0, 37.5, 30, 29, 28, 27, 26, 25, 24, 23, 22, 21, 20, 19, 18, 17, 16, 15, 14, 13, 12, 11, 10, 9, 8, 7, 6, 5, 4, 3, 2, 1]
predictive decrease 0.04088783821304861 actual decrease 0.013943658171199583
objective value without tv norm 0.19828477211613665
objective value with tv norm 0.19977285272348197
[2400, 1200.0, 600.0, 300.0, 150.0, 75.0, 37.5, 30, 29, 28, 27, 26, 25, 24, 23, 22, 21, 20, 19, 18, 17, 16, 15, 14, 13, 12, 11, 10, 9, 8, 7, 6, 5, 4, 3]
predictive decrease 0.10544300159831316 actual decrease 0.01287785973445316
objective value without tv norm 0.18539253329671618
objective value with tv norm 0.1868949929890288
[2400, 1200.0, 600.0, 300.0, 150.0, 75.0, 37.5, 30, 29, 28, 27, 26, 25, 24, 23, 22, 21, 20, 19, 18, 17, 16, 15, 14, 13, 12, 11, 10, 9, 8, 7, 6, 5, 4, 3, 2, 1, 0.5, 0.25]
predictive decrease 0.009567152029058092 actual decrease 0.005806337566951949
objective value without tv norm 0.17956417825774676
objective value with tv norm 0.18108865542207686
[2400, 1200.0, 600.0, 300.0, 150.0, 75.0, 37.5, 30, 29, 28, 27, 26, 25, 24, 23, 22, 21, 20, 19, 18, 17, 16, 15, 14, 13, 12, 11, 10, 9, 8, 7, 6, 5, 4, 3, 2, 1]
predictive decrease 0.03192029683523438 actual decrease 0.011434979322667193
objective value without tv norm 0.16816919893507956
objective value with tv norm 0.16965367609940968
[2400, 1200.0, 600.0, 300.0, 150.0, 75.0, 37.5, 30, 29, 28, 27, 26, 25, 24, 23, 22, 21, 20, 19, 18, 17, 16, 15, 14, 13, 12, 11, 10, 9, 8, 7, 6, 5, 4, 3, 2]
predictive decrease 0.06012153919115404 actual decrease 0.002715080949452275
objective value without tv norm 0.16540515965229396
objective value with tv norm 0.1669385951499574
[2400, 1200.0, 600.0, 300.0, 150.0, 75.0, 37.5, 30, 29, 28, 27, 26, 25, 24, 23, 22, 21, 20, 19, 18, 17, 16, 15, 14, 13, 12, 11, 10, 9, 8, 7, 6, 5, 4, 3, 2, 1, 0.5, 0.25]
predictive decrease 0.018049375432885508 actual decrease 0.008155356684170775
objective value without tv norm 0.1572248029681232
objective value with tv norm 0.15878323846578662
[2400, 1200.0, 600.0, 300.0, 150.0, 75.0, 37.5, 30, 29, 28, 27, 26, 25, 24, 23, 22, 21, 20, 19, 18, 17, 16, 15, 14, 13, 12, 11, 10, 9, 8, 7, 6, 5, 4, 3, 2, 1, 0.5, 0.25, 0.125]
predictive decrease 0.004691427565917131 actual decrease 0.0014240891513220225
objective value without tv norm 0.1557840471501345
objective value with tv norm 0.1573591493144646
[2400, 1200.0, 600.0, 300.0, 150.0, 75.0, 37.5, 30, 29, 28, 27, 26, 25, 24, 23, 22, 21, 20, 19, 18, 17, 16, 15, 14, 13, 12, 11, 10, 9, 8, 7, 6, 5, 4, 3, 2, 1, 0.5, 0.25]
predictive decrease 0.010426514845360498 actual decrease 0.0004906854934263385
objective value without tv norm 0.15526836165670815
objective value with tv norm 0.15686846382103825
[2400, 1200.0, 600.0, 300.0, 150.0, 75.0, 37.5, 30, 29, 28, 27, 26, 25, 24, 23, 22, 21, 20, 19, 18, 17, 16, 15, 14, 13, 12, 11, 10, 9, 8, 7, 6, 5, 4, 3, 2, 1, 0.5, 0.25]
predictive decrease 0.01350511359182233 actual decrease 0.0004282414563805835
objective value without tv norm 0.1547984535336609
objective value with tv norm 0.15644022236465766
[2400, 1200.0, 600.0, 300.0, 150.0, 75.0, 37.5, 30, 29, 28, 27, 26, 25, 24, 23, 22, 21, 20, 19, 18, 17, 16, 15, 14, 13, 12, 11, 10, 9, 8, 7, 6, 5, 4, 3, 2, 1, 0.5, 0.25, 0.125]
predictive decrease 0.006327750526315907 actual decrease 0.003059574752988449
objective value without tv norm 0.15176387878067243
objective value with tv norm 0.1533806476116692
[2400, 1200.0, 600.0, 300.0, 150.0, 75.0, 37.5, 30, 29, 28, 27, 26, 25, 24, 23, 22, 21, 20, 19, 18, 17, 16, 15, 14, 13, 12, 11, 10, 9, 8, 7, 6, 5, 4, 3, 2, 1, 0.5]
predictive decrease 0.014918994904032097 actual decrease 0.0033449836798776942
objective value without tv norm 0.14840639510079473
objective value with tv norm 0.1500356639317915
[2400, 1200.0, 600.0, 300.0, 150.0, 75.0, 37.5, 30, 29, 28, 27, 26, 25, 24, 23, 22, 21, 20, 19, 18, 17, 16, 15, 14, 13, 12, 11, 10, 9, 8, 7, 6, 5, 4, 3, 2, 1, 0.5, 0.25]
predictive decrease 0.015418856551654689 actual decrease 0.0023500118136861982
objective value without tv norm 0.14600638328710852
objective value with tv norm 0.1476856521181053
[2400, 1200.0, 600.0, 300.0, 150.0, 75.0, 37.5, 30, 29, 28, 27, 26, 25, 24, 23, 22, 21, 20, 19, 18, 17, 16, 15, 14, 13, 12, 11, 10, 9, 8, 7, 6, 5, 4, 3, 2, 1, 0.5, 0.25, 0.125]
predictive decrease 0.005363329125266787 actual decrease 0.002093676807816955
objective value without tv norm 0.14393770647929158
objective value with tv norm 0.14559197531028834
[2400, 1200.0, 600.0, 300.0, 150.0, 75.0, 37.5, 30, 29, 28, 27, 26, 25, 24, 23, 22, 21, 20, 19, 18, 17, 16, 15, 14, 13, 12, 11, 10, 9, 8, 7, 6, 5, 4, 3, 2, 1, 0.5, 0.25, 0.125]
predictive decrease 0.004316902272461141 actual decrease 0.001832826992288357
objective value without tv norm 0.1420923794870032
objective value with tv norm 0.143759148318
[2400, 1200.0, 600.0, 300.0, 150.0, 75.0, 37.5, 30, 29, 28, 27, 26, 25, 24, 23, 22, 21, 20, 19, 18, 17, 16, 15, 14, 13, 12, 11, 10, 9, 8, 7, 6, 5, 4, 3, 2, 1, 0.5, 0.25, 0.125]
predictive decrease 0.004618585239762312 actual decrease 0.0013493669395277653
objective value without tv norm 0.1407513458808088
objective value with tv norm 0.14240978137847224
[2400, 1200.0, 600.0, 300.0, 150.0, 75.0, 37.5, 30, 29, 28, 27, 26, 25, 24, 23, 22, 21, 20, 19, 18, 17, 16, 15, 14, 13, 12, 11, 10, 9, 8, 7, 6, 5, 4, 3, 2, 1, 0.5, 0.25]
predictive decrease 0.009431967496965976 actual decrease 0.0005546738827557198
objective value without tv norm 0.14018833866471975
objective value with tv norm 0.14185510749571653
[2400, 1200.0, 600.0, 300.0, 150.0, 75.0, 37.5, 30, 29, 28, 27, 26, 25, 24, 23, 22, 21, 20, 19, 18, 17, 16, 15, 14, 13, 12, 11, 10, 9, 8, 7, 6, 5, 4, 3, 2, 1, 0.5, 0.25, 0.125]
predictive decrease 0.006552289714326564 actual decrease 0.0032843585116058126
objective value without tv norm 0.13690398015311395
objective value with tv norm 0.13857074898411073
[2400, 1200.0, 600.0, 300.0, 150.0, 75.0, 37.5, 30, 29, 28, 27, 26, 25, 24, 23, 22, 21, 20, 19, 18, 17, 16, 15, 14, 13, 12, 11, 10, 9, 8, 7, 6, 5, 4, 3, 2, 1]
predictive decrease 0.027597436996814273 actual decrease 0.012016496678540961
objective value without tv norm 0.1249334703705599
objective value with tv norm 0.12655425230556977
[2400, 1200.0, 600.0, 300.0, 150.0, 75.0, 37.5, 30, 29, 28, 27, 26, 25, 24, 23, 22, 21, 20, 19, 18, 17, 16, 15, 14, 13, 12, 11, 10, 9, 8, 7, 6, 5, 4, 3, 2, 1, 0.5, 0.25]
predictive decrease 0.012251829289334184 actual decrease 0.0033404325519820607
objective value without tv norm 0.12157637115191117
objective value with tv norm 0.12321381975358771
[2400, 1200.0, 600.0, 300.0, 150.0, 75.0, 37.5, 30, 29, 28, 27, 26, 25, 24, 23, 22, 21, 20, 19, 18, 17, 16, 15, 14, 13, 12, 11, 10, 9, 8, 7, 6, 5, 4, 3, 2, 1, 0.5, 0.25]
predictive decrease 0.010302492879693755 actual decrease 0.0013886525028220492
objective value without tv norm 0.12017105198242245
objective value with tv norm 0.12182516725076566
[2400, 1200.0, 600.0, 300.0, 150.0, 75.0, 37.5, 30, 29, 28, 27, 26, 25, 24, 23, 22, 21, 20, 19, 18, 17, 16, 15, 14, 13, 12, 11, 10, 9, 8, 7, 6, 5, 4, 3, 2, 1, 0.5, 0.25, 0.125]
predictive decrease 0.006085813746984339 actual decrease 0.0028092218199812606
objective value without tv norm 0.11735349682910785
objective value with tv norm 0.11901594543078439
[2400, 1200.0, 600.0, 300.0, 150.0, 75.0, 37.5, 30, 29, 28, 27, 26, 25, 24, 23, 22, 21, 20, 19, 18, 17, 16, 15, 14, 13, 12, 11, 10, 9, 8, 7, 6, 5, 4, 3, 2]
predictive decrease 0.045356874007375515 actual decrease 0.00420039255970529
objective value without tv norm 0.11316748335436988
objective value with tv norm 0.1148155528710791
[2400, 1200.0, 600.0, 300.0, 150.0, 75.0, 37.5, 30, 29, 28, 27, 26, 25, 24, 23, 22, 21, 20, 19, 18, 17, 16, 15, 14, 13, 12, 11, 10, 9, 8, 7, 6, 5, 4, 3, 2, 1, 0.5]
predictive decrease 0.01223276368192762 actual decrease 0.0034105813838866197
objective value without tv norm 0.10972356863714992
objective value with tv norm 0.11140497148719249
[2400, 1200.0, 600.0, 300.0, 150.0, 75.0, 37.5, 30, 29, 28, 27, 26, 25, 24, 23, 22, 21, 20, 19, 18, 17, 16, 15, 14, 13, 12, 11, 10, 9, 8, 7, 6, 5, 4, 3, 2, 1, 0.5, 0.25]
predictive decrease 0.005619097717144326 actual decrease 0.002371780819922874
objective value without tv norm 0.10732678781722706
objective value with tv norm 0.10903319066726962
[2400, 1200.0, 600.0, 300.0, 150.0, 75.0, 37.5, 30, 29, 28, 27, 26, 25, 24, 23, 22, 21, 20, 19, 18, 17, 16, 15, 14, 13, 12, 11, 10, 9, 8, 7, 6, 5, 4, 3, 2, 1, 0.5, 0.25, 0.125]
predictive decrease 0.0027851847917471544 actual decrease 0.0005299070926692547
objective value without tv norm 0.10680284578052286
objective value with tv norm 0.10850328357460036
[2400, 1200.0, 600.0, 300.0, 150.0, 75.0, 37.5, 30, 29, 28, 27, 26, 25, 24, 23, 22, 21, 20, 19, 18, 17, 16, 15, 14, 13, 12, 11, 10, 9, 8, 7, 6, 5, 4, 3, 2, 1, 0.5, 0.25, 0.125]
predictive decrease 0.004992362355190052 actual decrease 0.001710231572344314
objective value without tv norm 0.10508428087484521
objective value with tv norm 0.10679305200225604
[2400, 1200.0, 600.0, 300.0, 150.0, 75.0, 37.5, 30, 29, 28, 27, 26, 25, 24, 23, 22, 21, 20, 19, 18, 17, 16, 15, 14, 13, 12, 11, 10, 9, 8, 7, 6, 5, 4, 3, 2, 1, 0.5, 0.25, 0.125, 0.0625]
predictive decrease 0.001505457840730076 actual decrease 0.0006848562913745022
objective value without tv norm 0.1043994245834707
objective value with tv norm 0.10610819571088154
[2400, 1200.0, 600.0, 300.0, 150.0, 75.0, 37.5, 30, 29, 28, 27, 26, 25, 24, 23, 22, 21, 20, 19, 18, 17, 16, 15, 14, 13, 12, 11, 10, 9, 8, 7, 6, 5, 4, 3, 2, 1, 0.5, 0.25, 0.125]
predictive decrease 0.0034290233991473252 actual decrease 0.000888171007213635
objective value without tv norm 0.10350292024292373
objective value with tv norm 0.1052200247036679
[2400, 1200.0, 600.0, 300.0, 150.0, 75.0, 37.5, 30, 29, 28, 27, 26, 25, 24, 23, 22, 21, 20, 19, 18, 17, 16, 15, 14, 13, 12, 11, 10, 9, 8, 7, 6, 5, 4, 3, 2, 1, 0.5, 0.25, 0.125]
predictive decrease 0.0045052775254716265 actual decrease 0.0012230228051842093
objective value without tv norm 0.10226739743773952
objective value with tv norm 0.10399700189848368
[2400, 1200.0, 600.0, 300.0, 150.0, 75.0, 37.5, 30, 29, 28, 27, 26, 25, 24, 23, 22, 21, 20, 19, 18, 17, 16, 15, 14, 13, 12, 11, 10, 9, 8, 7, 6, 5, 4, 3, 2, 1, 0.5, 0.25, 0.125]
predictive decrease 0.0035011545033243312 actual decrease 0.0009154298558189053
objective value without tv norm 0.10135196758192061
objective value with tv norm 0.10308157204266477
[2400, 1200.0, 600.0, 300.0, 150.0, 75.0, 37.5, 30, 29, 28, 27, 26, 25, 24, 23, 22, 21, 20, 19, 18, 17, 16, 15, 14, 13, 12, 11, 10, 9, 8, 7, 6, 5, 4, 3, 2, 1, 0.5, 0.25, 0.125]
predictive decrease 0.004406246606304377 actual decrease 0.001124315847582735
objective value without tv norm 0.10022765173433787
objective value with tv norm 0.10195725619508203
[2400, 1200.0, 600.0, 300.0, 150.0, 75.0, 37.5, 30, 29, 28, 27, 26, 25, 24, 23, 22, 21, 20, 19, 18, 17, 16, 15, 14, 13, 12, 11, 10, 9, 8, 7, 6, 5, 4, 3, 2, 1, 0.5, 0.25, 0.125]
predictive decrease 0.003579385730715496 actual decrease 0.00029676101144712167
objective value without tv norm 0.09993089072289074
objective value with tv norm 0.1016604951836349
[2400, 1200.0, 600.0, 300.0, 150.0, 75.0, 37.5, 30, 29, 28, 27, 26, 25, 24, 23, 22, 21, 20, 19, 18, 17, 16, 15, 14, 13, 12, 11, 10, 9, 8, 7, 6, 5, 4, 3, 2, 1, 0.5, 0.25, 0.125]
predictive decrease 0.00404330244886283 actual decrease 0.0015443544763492853
objective value without tv norm 0.09838653624654145
objective value with tv norm 0.10011614070728561
[2400, 1200.0, 600.0, 300.0, 150.0, 75.0, 37.5, 30, 29, 28, 27, 26, 25, 24, 23, 22, 21, 20, 19, 18, 17, 16, 15, 14, 13, 12, 11, 10, 9, 8, 7, 6, 5, 4, 3, 2, 1, 0.5, 0.25, 0.125]
predictive decrease 0.004119726660192903 actual decrease 0.0018869650873672092
objective value without tv norm 0.09649957115917424
objective value with tv norm 0.0982291756199184
[2400, 1200.0, 600.0, 300.0, 150.0, 75.0, 37.5, 30, 29, 28, 27, 26, 25, 24, 23, 22, 21, 20, 19, 18, 17, 16, 15, 14, 13, 12, 11, 10, 9, 8, 7, 6, 5, 4, 3, 2, 1, 0.5, 0.25, 0.125]
predictive decrease 0.0033657304374833464 actual decrease 0.001131960861450697
objective value without tv norm 0.0953592769643902
objective value with tv norm 0.09709721475846769
[2400, 1200.0, 600.0, 300.0, 150.0, 75.0, 37.5, 30, 29, 28, 27, 26, 25, 24, 23, 22, 21, 20, 19, 18, 17, 16, 15, 14, 13, 12, 11, 10, 9, 8, 7, 6, 5, 4, 3, 2, 1, 0.5, 0.25, 0.125]
predictive decrease 0.004167822767142141 actual decrease 0.001668456973248614
objective value without tv norm 0.09370331999114158
objective value with tv norm 0.09542875778521907
[2400, 1200.0, 600.0, 300.0, 150.0, 75.0, 37.5, 30, 29, 28, 27, 26, 25, 24, 23, 22, 21, 20, 19, 18, 17, 16, 15, 14, 13, 12, 11, 10, 9, 8, 7, 6, 5, 4, 3, 2, 1, 0.5, 0.25, 0.125]
predictive decrease 0.003490539660412676 actual decrease 0.00020791274300221464
objective value without tv norm 0.09349540724813936
objective value with tv norm 0.09522084504221685
[2400, 1200.0, 600.0, 300.0, 150.0, 75.0, 37.5, 30, 29, 28, 27, 26, 25, 24, 23, 22, 21, 20, 19, 18, 17, 16, 15, 14, 13, 12, 11, 10, 9, 8, 7, 6, 5, 4, 3, 2, 1, 0.5, 0.25, 0.125]
predictive decrease 0.0040132152421299225 actual decrease 0.0007307386699227441
objective value without tv norm 0.09275216857821661
objective value with tv norm 0.0944901063722941
[2400, 1200.0, 600.0, 300.0, 150.0, 75.0, 37.5, 30, 29, 28, 27, 26, 25, 24, 23, 22, 21, 20, 19, 18, 17, 16, 15, 14, 13, 12, 11, 10, 9, 8, 7, 6, 5, 4, 3, 2, 1, 0.5, 0.25, 0.125]
predictive decrease 0.00371942915461353 actual decrease 0.0004380035264938606
objective value without tv norm 0.09230166505172274
objective value with tv norm 0.09405210284580025
[2400, 1200.0, 600.0, 300.0, 150.0, 75.0, 37.5, 30, 29, 28, 27, 26, 25, 24, 23, 22, 21, 20, 19, 18, 17, 16, 15, 14, 13, 12, 11, 10, 9, 8, 7, 6, 5, 4, 3, 2, 1, 0.5, 0.25, 0.125]
predictive decrease 0.004228044879536954 actual decrease 0.0017282586953862706
objective value without tv norm 0.09056687141230153
objective value with tv norm 0.09232384415041398
[2400, 1200.0, 600.0, 300.0, 150.0, 75.0, 37.5, 30, 29, 28, 27, 26, 25, 24, 23, 22, 21, 20, 19, 18, 17, 16, 15, 14, 13, 12, 11, 10, 9, 8, 7, 6, 5, 4, 3, 2, 1, 0.5, 0.25, 0.125, 0.0625]
predictive decrease 0.001494072800481104 actual decrease 0.0006740464364124975
objective value without tv norm 0.08988032497588903
objective value with tv norm 0.09164979771400147
[2400, 1200.0, 600.0, 300.0, 150.0, 75.0, 37.5, 30, 29, 28, 27, 26, 25, 24, 23, 22, 21, 20, 19, 18, 17, 16, 15, 14, 13, 12, 11, 10, 9, 8, 7, 6, 5, 4, 3, 2, 1, 0.5, 0.25, 0.125, 0.0625]
predictive decrease 0.001588896135674413 actual decrease 0.0007687563139273483
objective value without tv norm 0.08911156866196168
objective value with tv norm 0.09088104140007412
[2400, 1200.0, 600.0, 300.0, 150.0, 75.0, 37.5, 30, 29, 28, 27, 26, 25, 24, 23, 22, 21, 20, 19, 18, 17, 16, 15, 14, 13, 12, 11, 10, 9, 8, 7, 6, 5, 4, 3, 2, 1, 0.5, 0.25, 0.125]
predictive decrease 0.0026746605889348485 actual decrease 0.0010815722425756783
objective value without tv norm 0.088004996419386
objective value with tv norm 0.08979946915749844
original energy 0.008223083062526948
objective value without tv norm 0.088004996419386
alpha 0.0001
objective value with tv norm 0.08979946915749844
tv norm 17.944727381124437
l2 norm 0.7978191335685905
computational time 872.265328708
total iterations 3668
