[2400, 1200.0, 600.0, 300.0, 150.0, 75.0, 37.5, 30, 29, 28, 27, 26, 25, 24, 23, 22, 21]
predictive decrease 0.9904542171294421 actual decrease 0.2941305040715245
objective value with out tv norm 0.7022396858911696
[2400, 1200.0, 600.0, 300.0, 150.0, 75.0, 37.5, 30, 29, 28, 27, 26, 25, 24, 23, 22, 21, 20, 19, 18, 17, 16, 15, 14, 13, 12, 11, 10, 9, 8, 7, 6, 5]
predictive decrease 0.5161952588282247 actual decrease 0.2698121014268051
objective value with out tv norm 0.43242758446436447
[2400, 1200.0, 600.0, 300.0, 150.0, 75.0, 37.5, 30, 29, 28, 27, 26, 25, 24, 23, 22, 21, 20, 19, 18, 17, 16, 15, 14, 13, 12, 11, 10, 9, 8, 7, 6, 5]
predictive decrease 0.5452815710283918 actual decrease 0.15116195588028292
objective value with out tv norm 0.28126562858408155
[2400, 1200.0, 600.0, 300.0, 150.0, 75.0, 37.5, 30, 29, 28, 27, 26, 25, 24, 23, 22, 21, 20, 19, 18, 17, 16, 15, 14, 13, 12, 11, 10, 9, 8, 7, 6, 5, 4, 3]
predictive decrease 0.3153067195492686 actual decrease 0.14064899262950037
objective value with out tv norm 0.14061663595458118
[2400, 1200.0, 600.0, 300.0, 150.0, 75.0, 37.5, 30, 29, 28, 27, 26, 25, 24, 23, 22, 21, 20, 19, 18, 17, 16, 15, 14, 13, 12, 11, 10, 9, 8, 7, 6, 5, 4, 3]
predictive decrease 0.1367131481875557 actual decrease 0.037938968302729914
objective value with out tv norm 0.10267766765185127
[2400, 1200.0, 600.0, 300.0, 150.0, 75.0, 37.5, 30, 29, 28, 27, 26, 25, 24, 23, 22, 21, 20, 19, 18, 17, 16, 15, 14, 13, 12, 11, 10, 9, 8, 7, 6, 5, 4, 3, 2, 1]
predictive decrease 0.0 actual decrease 0.0
objective value with out tv norm 0.10267766765185127
objective value without tv norm 0.10267766765185127
norm 144.0
computational time 51.633849417
total iterations 189
