[1800, 900.0, 450.0, 225.0, 112.5, 56.25, 30, 29, 28, 27, 26, 25, 24, 23, 22, 21, 20, 19, 18, 17, 16, 15, 14, 13, 12, 11, 10, 9, 8, 7, 6, 5, 4]
predictive decrease 0.20093631301334983 actual decrease 0.018447598408237093
objective value without tv norm 0.8978610361292991
objective value with tv norm 1.1053881181702114
[1800, 900.0, 450.0, 225.0, 112.5, 56.25, 30, 29, 28, 27, 26, 25, 24, 23, 22, 21, 20, 19, 18, 17, 16, 15, 14, 13, 12, 11, 10, 9, 8, 7, 6, 5, 4, 3, 2, 1]
predictive decrease 0.09112299073866015 actual decrease 0.02335878317694906
objective value without tv norm 0.8645022519400545
objective value with tv norm 1.0820293349932624
[1800, 900.0, 450.0, 225.0, 112.5, 56.25, 30, 29, 28, 27, 26, 25, 24, 23, 22, 21, 20, 19, 18, 17, 16, 15, 14, 13, 12, 11, 10, 9, 8, 7, 6, 5, 4, 3, 2, 1, 0.5]
predictive decrease 0.02469138598980372 actual decrease 0.0036530310468132488
objective value without tv norm 0.8624112481167505
objective value with tv norm 1.0783763039464491
[1800, 900.0, 450.0, 225.0, 112.5, 56.25, 30, 29, 28, 27, 26, 25, 24, 23, 22, 21, 20, 19, 18, 17, 16, 15, 14, 13, 12, 11, 10, 9, 8, 7, 6, 5, 4, 3, 2, 1]
predictive decrease 0.0565097778127894 actual decrease 0.0034298406965335426
objective value without tv norm 0.8663179528927395
objective value with tv norm 1.0749464632499155
[1800, 900.0, 450.0, 225.0, 112.5, 56.25, 30, 29, 28, 27, 26, 25, 24, 23, 22, 21, 20, 19, 18, 17, 16, 15, 14, 13, 12, 11, 10, 9, 8, 7, 6, 5, 4, 3, 2, 1]
predictive decrease 0.05840586772202774 actual decrease 0.013230120725316014
objective value without tv norm 0.8494779361162808
objective value with tv norm 1.0617163425245995
[1800, 900.0, 450.0, 225.0, 112.5, 56.25, 30, 29, 28, 27, 26, 25, 24, 23, 22, 21, 20, 19, 18, 17, 16, 15, 14, 13, 12, 11, 10, 9, 8, 7, 6, 5, 4, 3, 2]
predictive decrease 0.07206929250958408 actual decrease 0.01188500590021016
objective value without tv norm 0.8461878396919348
objective value with tv norm 1.0498313366243892
