[400]
predictive decrease 2.0139098992633233 actual decrease 0.1784411476378083
objective value without tv norm 0.7504005854187918
objective value with tv norm 0.7512005854187919
[400]
predictive decrease 5.1765665457258505 actual decrease 0.3620667539288838
objective value without tv norm 0.38853383148990805
objective value with tv norm 0.38913383148990804
[400, 200.0, 100.0, 50.0, 30]
predictive decrease 2.0822777603922424 actual decrease 0.20172703045838347
objective value without tv norm 0.18580680103152458
objective value with tv norm 0.18740680103152457
[400, 200.0, 100.0, 50.0, 30, 29, 28, 27, 26, 25, 24, 23, 22, 21, 20, 19, 18, 17, 16, 15, 14, 13, 12, 11, 10, 9]
predictive decrease 0.3942310032597141 actual decrease 0.010824578249134133
objective value without tv norm 0.17458222278239044
objective value with tv norm 0.17658222278239044
[400, 200.0, 100.0, 50.0, 30, 29, 28, 27, 26, 25, 24, 23, 22, 21, 20, 19, 18, 17, 16, 15, 14, 13, 12, 11, 10, 9]
predictive decrease 0.4457548494801485 actual decrease 0.030826529559919935
objective value without tv norm 0.1437556932224705
objective value with tv norm 0.1457556932224705
[400, 200.0, 100.0, 50.0, 30]
predictive decrease 1.3956638799135115 actual decrease 0.07549899694898635
objective value without tv norm 0.06845669627348416
objective value with tv norm 0.07025669627348416
[400, 200.0, 100.0, 50.0, 30, 29, 28, 27, 26, 25, 24, 23, 22, 21, 20, 19, 18, 17, 16, 15, 14, 13, 12, 11, 10, 9, 8, 7, 6, 5]
predictive decrease 0.140559201811649 actual decrease 0.03246900531631176
objective value without tv norm 0.0355876909571724
objective value with tv norm 0.0377876909571724
[400, 200.0, 100.0, 50.0, 30, 29, 28, 27, 26, 25, 24, 23, 22, 21, 20, 19, 18, 17, 16, 15, 14, 13, 12, 11, 10, 9, 8, 7, 6, 5, 4, 3]
predictive decrease 0.0383008046898155 actual decrease 0.010872256402209124
objective value without tv norm 0.024715434554963278
objective value with tv norm 0.02691543455496328
[400, 200.0, 100.0, 50.0, 30, 29, 28, 27, 26, 25, 24, 23, 22, 21, 20, 19, 18, 17, 16, 15, 14, 13, 12, 11, 10, 9, 8, 7, 6, 5, 4, 3, 2, 1]
predictive decrease 0.0 actual decrease 4.336808689942018e-19
objective value without tv norm 0.024715434554963278
objective value with tv norm 0.02691543455496328
objective value without tv norm 0.024715434554963278
alpha 0.0001
objective value with tv norm 0.02691543455496328
norm 22.0
computational time 6.885236333000001
total iterations 166
