[1800, 900.0, 450.0, 225.0, 112.5]
predictive decrease 2.7040303933709127 actual decrease 0.02634822851477625
objective value with out tv norm 0.8999496445569465
[1800]
predictive decrease 4.437073408508852 actual decrease 0.0515344912639234
objective value with out tv norm 0.8484151532930231
[1800]
predictive decrease 0.4083759338475787 actual decrease 0.0017125948094095511
objective value with out tv norm 0.8467025584836135
[1800, 900.0, 450.0, 225.0, 112.5, 56.25, 30, 29]
predictive decrease 0.47763079706359024 actual decrease 0.0009266752955350288
objective value with out tv norm 0.8457758831880785
[1800, 900.0, 450.0, 225.0]
predictive decrease 1.8491414969678641 actual decrease 0.138239345248386
objective value with out tv norm 0.7075365379396925
[1800, 900.0, 450.0, 225.0, 112.5, 56.25, 30, 29]
predictive decrease 0.8455000479618168 actual decrease 0.011496216725222608
objective value with out tv norm 0.6960403212144699
[1800, 900.0, 450.0, 225.0, 112.5, 56.25, 30, 29, 28, 27, 26, 25, 24, 23, 22, 21, 20, 19, 18, 17, 16, 15]
predictive decrease 0.30437357794319103 actual decrease 0.006303707702437045
objective value with out tv norm 0.6897366135120329
[1800, 900.0, 450.0, 225.0, 112.5, 56.25, 30, 29, 28, 27, 26, 25, 24, 23, 22, 21, 20, 19, 18, 17, 16, 15, 14, 13, 12, 11, 10, 9, 8, 7, 6, 5, 4, 3, 2, 1]
predictive decrease 0.0 actual decrease 0.0
objective value with out tv norm 0.6897366135120329
objective value without tv norm 0.6897366135120329
norm 24.0
computational time 23.884388417
total iterations 91
