[400, 200.0, 100.0, 50.0, 30, 29, 28, 27, 26, 25, 24, 23, 22, 21, 20, 19, 18, 17, 16, 15, 14, 13, 12, 11, 10, 9, 8, 7, 6, 5, 4, 3, 2, 1, 0.5, 0.25, 0.125, 0.0625, 0.03125, 0.015625, 0.0078125]
predictive decrease 3.087544365734272e-06 actual decrease 1.2476824850908043e-06
objective value without tv norm 2.5147656948125577e-05
objective value with tv norm 0.0018958334840422325
[400, 200.0, 100.0, 50.0, 30, 29, 28, 27, 26, 25, 24, 23, 22, 21, 20, 19, 18, 17, 16, 15, 14, 13, 12, 11, 10, 9, 8, 7, 6, 5, 4, 3, 2, 1, 0.5, 0.25, 0.125, 0.0625, 0.03125, 0.015625, 0.0078125]
predictive decrease 3.3894509816137248e-06 actual decrease 1.1457299290203605e-06
objective value without tv norm 2.5564427019105136e-05
objective value with tv norm 0.0018946877541132123
[400, 200.0, 100.0, 50.0, 30, 29, 28, 27, 26, 25, 24, 23, 22, 21, 20, 19, 18, 17, 16, 15, 14, 13, 12, 11, 10, 9, 8, 7, 6, 5, 4, 3, 2, 1, 0.5, 0.25, 0.125, 0.0625, 0.03125, 0.015625, 0.0078125]
predictive decrease 3.1617526546293823e-06 actual decrease 1.1908544978692526e-06
objective value without tv norm 2.5936072521236097e-05
objective value with tv norm 0.001893496899615343
[400, 200.0, 100.0, 50.0, 30, 29, 28, 27, 26, 25, 24, 23, 22, 21, 20, 19, 18, 17, 16, 15, 14, 13, 12, 11, 10, 9, 8, 7, 6, 5, 4, 3, 2, 1, 0.5, 0.25, 0.125, 0.0625, 0.03125, 0.015625, 0.0078125]
predictive decrease 3.270012094775147e-06 actual decrease 1.3869889038948917e-06
objective value without tv norm 2.61115836173416e-05
objective value with tv norm 0.0018921099107114482
[400, 200.0, 100.0, 50.0, 30, 29, 28, 27, 26, 25, 24, 23, 22, 21, 20, 19, 18, 17, 16, 15, 14, 13, 12, 11, 10, 9, 8, 7, 6, 5, 4, 3, 2, 1, 0.5, 0.25, 0.125, 0.0625, 0.03125, 0.015625]
predictive decrease 5.56494187640413e-06 actual decrease 4.881198885852648e-07
objective value without tv norm 2.8748463728756122e-05
objective value with tv norm 0.001891621790822863
[400, 200.0, 100.0, 50.0, 30, 29, 28, 27, 26, 25, 24, 23, 22, 21, 20, 19, 18, 17, 16, 15, 14, 13, 12, 11, 10, 9, 8, 7, 6, 5, 4, 3, 2, 1, 0.5, 0.25, 0.125, 0.0625, 0.03125, 0.015625]
predictive decrease 1.1589497773723065e-05 actual decrease 2.3713592066298625e-06
objective value without tv norm 2.950210452212595e-05
objective value with tv norm 0.001889250431616233
[400, 200.0, 100.0, 50.0, 30, 29, 28, 27, 26, 25, 24, 23, 22, 21, 20, 19, 18, 17, 16, 15, 14, 13, 12, 11, 10, 9, 8, 7, 6, 5, 4, 3, 2, 1, 0.5, 0.25, 0.125, 0.0625, 0.03125, 0.015625, 0.0078125]
predictive decrease 4.108770498305629e-06 actual decrease 1.8278935827419074e-06
objective value without tv norm 2.923671093938416e-05
objective value with tv norm 0.0018874225380334912
[400, 200.0, 100.0, 50.0, 30, 29, 28, 27, 26, 25, 24, 23, 22, 21, 20, 19, 18, 17, 16, 15, 14, 13, 12, 11, 10, 9, 8, 7, 6, 5, 4, 3, 2, 1, 0.5, 0.25, 0.125, 0.0625, 0.03125, 0.015625, 0.0078125]
predictive decrease 3.4119414131291315e-06 actual decrease 1.1074022405860827e-06
objective value without tv norm 2.9691808698798205e-05
objective value with tv norm 0.001886315135792905
[400, 200.0, 100.0, 50.0, 30, 29, 28, 27, 26, 25, 24, 23, 22, 21, 20, 19, 18, 17, 16, 15, 14, 13, 12, 11, 10, 9, 8, 7, 6, 5, 4, 3, 2, 1, 0.5, 0.25, 0.125, 0.0625, 0.03125, 0.015625]
predictive decrease 1.2184934495965355e-05 actual decrease 2.9667796374720657e-06
objective value without tv norm 2.9850029061325985e-05
objective value with tv norm 0.001883348356155433
[400, 200.0, 100.0, 50.0, 30, 29, 28, 27, 26, 25, 24, 23, 22, 21, 20, 19, 18, 17, 16, 15, 14, 13, 12, 11, 10, 9, 8, 7, 6, 5, 4, 3, 2, 1, 0.5, 0.25, 0.125, 0.0625, 0.03125, 0.015625]
predictive decrease 1.115922872718363e-05 actual decrease 1.94107124284245e-06
objective value without tv norm 3.103395781848366e-05
objective value with tv norm 0.0018814072849125906
[400, 200.0, 100.0, 50.0, 30, 29, 28, 27, 26, 25, 24, 23, 22, 21, 20, 19, 18, 17, 16, 15, 14, 13, 12, 11, 10, 9, 8, 7, 6, 5, 4, 3, 2, 1, 0.5, 0.25, 0.125, 0.0625, 0.03125, 0.015625]
predictive decrease 1.1083653011460933e-05 actual decrease 3.930984665599137e-06
objective value without tv norm 3.0227973152884536e-05
objective value with tv norm 0.0018774763002469914
[400, 200.0, 100.0, 50.0, 30, 29, 28, 27, 26, 25, 24, 23, 22, 21, 20, 19, 18, 17, 16, 15, 14, 13, 12, 11, 10, 9, 8, 7, 6, 5, 4, 3, 2, 1, 0.5, 0.25, 0.125, 0.0625, 0.03125, 0.015625]
predictive decrease 8.858343269217564e-06 actual decrease 1.058630792598672e-06
objective value without tv norm 3.229434236028621e-05
objective value with tv norm 0.0018764176694543928
[400, 200.0, 100.0, 50.0, 30, 29, 28, 27, 26, 25, 24, 23, 22, 21, 20, 19, 18, 17, 16, 15, 14, 13, 12, 11, 10, 9, 8, 7, 6, 5, 4, 3, 2, 1, 0.5, 0.25, 0.125, 0.0625, 0.03125, 0.015625]
predictive decrease 1.0985298232285036e-05 actual decrease 1.9832916915176173e-06
objective value without tv norm 3.343605066876849e-05
objective value with tv norm 0.0018744343777628751
[400, 200.0, 100.0, 50.0, 30, 29, 28, 27, 26, 25, 24, 23, 22, 21, 20, 19, 18, 17, 16, 15, 14, 13, 12, 11, 10, 9, 8, 7, 6, 5, 4, 3, 2, 1, 0.5, 0.25, 0.125, 0.0625, 0.03125, 0.015625]
predictive decrease 9.344491094954955e-06 actual decrease 1.263491113331905e-07
objective value without tv norm 3.643470155743523e-05
objective value with tv norm 0.001874308028651542
[400, 200.0, 100.0, 50.0, 30, 29, 28, 27, 26, 25, 24, 23, 22, 21, 20, 19, 18, 17, 16, 15, 14, 13, 12, 11, 10, 9, 8, 7, 6, 5, 4, 3, 2, 1, 0.5, 0.25, 0.125, 0.0625, 0.03125]
predictive decrease 3.7484597924003884e-05 actual decrease 6.124011000510545e-07
objective value without tv norm 4.2072300457384266e-05
objective value with tv norm 0.001873695627551491
[400, 200.0, 100.0, 50.0, 30, 29, 28, 27, 26, 25, 24, 23, 22, 21, 20, 19, 18, 17, 16, 15, 14, 13, 12, 11, 10, 9, 8, 7, 6, 5, 4, 3, 2, 1, 0.5, 0.25, 0.125, 0.0625, 0.03125]
predictive decrease 4.1715086724599185e-05 actual decrease 4.842615604890325e-06
objective value without tv norm 4.347968485249395e-05
objective value with tv norm 0.0018688530119466006
[400, 200.0, 100.0, 50.0, 30, 29, 28, 27, 26, 25, 24, 23, 22, 21, 20, 19, 18, 17, 16, 15, 14, 13, 12, 11, 10, 9, 8, 7, 6, 5, 4, 3, 2, 1, 0.5, 0.25, 0.125, 0.0625, 0.03125, 0.015625]
predictive decrease 1.6041937746386027e-05 actual decrease 6.8238154773379855e-06
objective value without tv norm 3.9780869375155974e-05
objective value with tv norm 0.0018620291964692626
[400, 200.0, 100.0, 50.0, 30, 29, 28, 27, 26, 25, 24, 23, 22, 21, 20, 19, 18, 17, 16, 15, 14, 13, 12, 11, 10, 9, 8, 7, 6, 5, 4, 3, 2, 1, 0.5, 0.25, 0.125, 0.0625, 0.03125, 0.015625]
predictive decrease 1.7067780137150577e-05 actual decrease 7.849660495236072e-06
objective value without tv norm 3.505620887991988e-05
objective value with tv norm 0.0018541795359740265
[400, 200.0, 100.0, 50.0, 30, 29, 28, 27, 26, 25, 24, 23, 22, 21, 20, 19, 18, 17, 16, 15, 14, 13, 12, 11, 10, 9, 8, 7, 6, 5, 4, 3, 2, 1, 0.5, 0.25, 0.125, 0.0625, 0.03125, 0.015625]
predictive decrease 1.4574936103710226e-05 actual decrease 5.35691806456207e-06
objective value without tv norm 2.9699290815357813e-05
objective value with tv norm 0.0018488226179094644
[400, 200.0, 100.0, 50.0, 30, 29, 28, 27, 26, 25, 24, 23, 22, 21, 20, 19, 18, 17, 16, 15, 14, 13, 12, 11, 10, 9, 8, 7, 6, 5, 4, 3, 2, 1, 0.5, 0.25, 0.125, 0.0625, 0.03125, 0.015625]
predictive decrease 1.1159211274761743e-05 actual decrease 1.9410539360195916e-06
objective value without tv norm 3.088323687933813e-05
objective value with tv norm 0.0018468815639734449
[400, 200.0, 100.0, 50.0, 30, 29, 28, 27, 26, 25, 24, 23, 22, 21, 20, 19, 18, 17, 16, 15, 14, 13, 12, 11, 10, 9, 8, 7, 6, 5, 4, 3, 2, 1, 0.5, 0.25, 0.125, 0.0625, 0.03125, 0.015625]
predictive decrease 1.2184952070189766e-05 actual decrease 2.966797358630157e-06
objective value without tv norm 3.104143952070804e-05
objective value with tv norm 0.0018439147666148147
[400, 200.0, 100.0, 50.0, 30, 29, 28, 27, 26, 25, 24, 23, 22, 21, 20, 19, 18, 17, 16, 15, 14, 13, 12, 11, 10, 9, 8, 7, 6, 5, 4, 3, 2, 1, 0.5, 0.25, 0.125, 0.0625, 0.03125, 0.015625]
predictive decrease 1.1061727286077643e-05 actual decrease 1.843558894902e-06
objective value without tv norm 3.232288062580591e-05
objective value with tv norm 0.0018420712077199127
[400, 200.0, 100.0, 50.0, 30, 29, 28, 27, 26, 25, 24, 23, 22, 21, 20, 19, 18, 17, 16, 15, 14, 13, 12, 11, 10, 9, 8, 7, 6, 5, 4, 3, 2, 1, 0.5, 0.25, 0.125, 0.0625, 0.03125, 0.015625]
predictive decrease 1.120978490402381e-05 actual decrease 1.991629849451039e-06
objective value without tv norm 3.345625077635512e-05
objective value with tv norm 0.0018400795778704617
[400, 200.0, 100.0, 50.0, 30, 29, 28, 27, 26, 25, 24, 23, 22, 21, 20, 19, 18, 17, 16, 15, 14, 13, 12, 11, 10, 9, 8, 7, 6, 5, 4, 3, 2, 1, 0.5, 0.25, 0.125, 0.0625, 0.03125, 0.015625]
predictive decrease 9.372278977458869e-06 actual decrease 1.5413712422369073e-07
objective value without tv norm 3.6427113652131145e-05
objective value with tv norm 0.001839925440746238
[400, 200.0, 100.0, 50.0, 30, 29, 28, 27, 26, 25, 24, 23, 22, 21, 20, 19, 18, 17, 16, 15, 14, 13, 12, 11, 10, 9, 8, 7, 6, 5, 4, 3, 2, 1, 0.5, 0.25, 0.125, 0.0625, 0.03125]
predictive decrease 3.7508968267285694e-05 actual decrease 6.36768241133942e-07
objective value without tv norm 4.204034541099751e-05
objective value with tv norm 0.001839288672505104
[400, 200.0, 100.0, 50.0, 30, 29, 28, 27, 26, 25, 24, 23, 22, 21, 20, 19, 18, 17, 16, 15, 14, 13, 12, 11, 10, 9, 8, 7, 6, 5, 4, 3, 2, 1, 0.5, 0.25, 0.125, 0.0625, 0.03125]
predictive decrease 4.1679644946109734e-05 actual decrease 4.8071729822757574e-06
objective value without tv norm 4.348317242872176e-05
objective value with tv norm 0.0018344814995228283
[400, 200.0, 100.0, 50.0, 30, 29, 28, 27, 26, 25, 24, 23, 22, 21, 20, 19, 18, 17, 16, 15, 14, 13, 12, 11, 10, 9, 8, 7, 6, 5, 4, 3, 2, 1, 0.5, 0.25, 0.125, 0.0625, 0.03125, 0.015625]
predictive decrease 1.6041895376410877e-05 actual decrease 6.823773130989119e-06
objective value without tv norm 3.9784399297732435e-05
objective value with tv norm 0.0018276577263918391
[400, 200.0, 100.0, 50.0, 30, 29, 28, 27, 26, 25, 24, 23, 22, 21, 20, 19, 18, 17, 16, 15, 14, 13, 12, 11, 10, 9, 8, 7, 6, 5, 4, 3, 2, 1, 0.5, 0.25, 0.125, 0.0625, 0.03125, 0.015625]
predictive decrease 1.706782310749032e-05 actual decrease 7.849703488844745e-06
objective value without tv norm 3.505969580888767e-05
objective value with tv norm 0.0018198080229029944
[400, 200.0, 100.0, 50.0, 30, 29, 28, 27, 26, 25, 24, 23, 22, 21, 20, 19, 18, 17, 16, 15, 14, 13, 12, 11, 10, 9, 8, 7, 6, 5, 4, 3, 2, 1, 0.5, 0.25, 0.125, 0.0625, 0.03125, 0.015625]
predictive decrease 1.454115831208986e-05 actual decrease 5.323141566519144e-06
objective value without tv norm 2.9736554242368527e-05
objective value with tv norm 0.0018144848813364753
[400, 200.0, 100.0, 50.0, 30, 29, 28, 27, 26, 25, 24, 23, 22, 21, 20, 19, 18, 17, 16, 15, 14, 13, 12, 11, 10, 9, 8, 7, 6, 5, 4, 3, 2, 1, 0.5, 0.25, 0.125, 0.0625, 0.03125, 0.015625]
predictive decrease 1.1159168740527145e-05 actual decrease 1.941011655174317e-06
objective value without tv norm 3.092054258719433e-05
objective value with tv norm 0.001812543869681301
[400, 200.0, 100.0, 50.0, 30, 29, 28, 27, 26, 25, 24, 23, 22, 21, 20, 19, 18, 17, 16, 15, 14, 13, 12, 11, 10, 9, 8, 7, 6, 5, 4, 3, 2, 1, 0.5, 0.25, 0.125, 0.0625, 0.03125, 0.015625]
predictive decrease 1.2184994747582853e-05 actual decrease 2.9668402884007895e-06
objective value without tv norm 3.1078702298793396e-05
objective value with tv norm 0.0018095770293929002
[400, 200.0, 100.0, 50.0, 30, 29, 28, 27, 26, 25, 24, 23, 22, 21, 20, 19, 18, 17, 16, 15, 14, 13, 12, 11, 10, 9, 8, 7, 6, 5, 4, 3, 2, 1, 0.5, 0.25, 0.125, 0.0625, 0.03125, 0.015625]
predictive decrease 1.1061729251643808e-05 actual decrease 1.8435610658323193e-06
objective value without tv norm 3.2360141232961166e-05
objective value with tv norm 0.0018077334683270678
[400, 200.0, 100.0, 50.0, 30, 29, 28, 27, 26, 25, 24, 23, 22, 21, 20, 19, 18, 17, 16, 15, 14, 13, 12, 11, 10, 9, 8, 7, 6, 5, 4, 3, 2, 1, 0.5, 0.25, 0.125, 0.0625, 0.03125, 0.015625]
predictive decrease 1.1209795705865002e-05 actual decrease 1.991640903830456e-06
objective value without tv norm 3.349350032913074e-05
objective value with tv norm 0.0018057418274232374
[400, 200.0, 100.0, 50.0, 30, 29, 28, 27, 26, 25, 24, 23, 22, 21, 20, 19, 18, 17, 16, 15, 14, 13, 12, 11, 10, 9, 8, 7, 6, 5, 4, 3, 2, 1, 0.5, 0.25, 0.125, 0.0625, 0.03125, 0.015625]
predictive decrease 9.40010754491797e-06 actual decrease 1.8196593869895805e-07
objective value without tv norm 3.6436534390431715e-05
objective value with tv norm 0.0018055598614845384
[400, 200.0, 100.0, 50.0, 30, 29, 28, 27, 26, 25, 24, 23, 22, 21, 20, 19, 18, 17, 16, 15, 14, 13, 12, 11, 10, 9, 8, 7, 6, 5, 4, 3, 2, 1, 0.5, 0.25, 0.125, 0.0625, 0.03125]
predictive decrease 3.75334059547264e-05 actual decrease 6.612030671851368e-07
objective value without tv norm 4.202533132324667e-05
objective value with tv norm 0.0018048986584173533
[400, 200.0, 100.0, 50.0, 30, 29, 28, 27, 26, 25, 24, 23, 22, 21, 20, 19, 18, 17, 16, 15, 14, 13, 12, 11, 10, 9, 8, 7, 6, 5, 4, 3, 2, 1, 0.5, 0.25, 0.125, 0.0625, 0.03125]
predictive decrease 4.164414702427814e-05 actual decrease 4.7716746077025845e-06
objective value without tv norm 4.3503656715544094e-05
objective value with tv norm 0.0018001269838096507
[400, 200.0, 100.0, 50.0, 30, 29, 28, 27, 26, 25, 24, 23, 22, 21, 20, 19, 18, 17, 16, 15, 14, 13, 12, 11, 10, 9, 8, 7, 6, 5, 4, 3, 2, 1, 0.5, 0.25, 0.125, 0.0625, 0.03125, 0.015625]
predictive decrease 1.605041441418557e-05 actual decrease 6.832292332319178e-06
objective value without tv norm 3.354636438322496e-05
objective value with tv norm 0.0017932946914773315
[400, 200.0, 100.0, 50.0, 30, 29, 28, 27, 26, 25, 24, 23, 22, 21, 20, 19, 18, 17, 16, 15, 14, 13, 12, 11, 10, 9, 8, 7, 6, 5, 4, 3, 2, 1, 0.5, 0.25, 0.125, 0.0625, 0.03125, 0.015625]
predictive decrease 1.1158994234562996e-05 actual decrease 1.940837834327495e-06
objective value without tv norm 3.4730526548897374e-05
objective value with tv norm 0.001791353853643004
[400, 200.0, 100.0, 50.0, 30, 29, 28, 27, 26, 25, 24, 23, 22, 21, 20, 19, 18, 17, 16, 15, 14, 13, 12, 11, 10, 9, 8, 7, 6, 5, 4, 3, 2, 1, 0.5, 0.25, 0.125, 0.0625, 0.03125, 0.015625]
predictive decrease 1.7067980705393797e-05 actual decrease 7.849826932322407e-06
objective value without tv norm 3.000569961657495e-05
objective value with tv norm 0.0017835040267106816
[400, 200.0, 100.0, 50.0, 30, 29, 28, 27, 26, 25, 24, 23, 22, 21, 20, 19, 18, 17, 16, 15, 14, 13, 12, 11, 10, 9, 8, 7, 6, 5, 4, 3, 2, 1, 0.5, 0.25, 0.125, 0.0625, 0.03125, 0.015625, 0.0078125]
predictive decrease 4.387085195193792e-06 actual decrease 2.0825461087494064e-06
objective value without tv norm 2.9485653507825667e-05
objective value with tv norm 0.0017814214806019322
[400, 200.0, 100.0, 50.0, 30, 29, 28, 27, 26, 25, 24, 23, 22, 21, 20, 19, 18, 17, 16, 15, 14, 13, 12, 11, 10, 9, 8, 7, 6, 5, 4, 3, 2, 1, 0.5, 0.25, 0.125, 0.0625, 0.03125, 0.015625, 0.0078125]
predictive decrease 3.6343466239506517e-06 actual decrease 1.32981044059571e-06
objective value without tv norm 2.9718343067229853e-05
objective value with tv norm 0.0017800916701613365
[400, 200.0, 100.0, 50.0, 30, 29, 28, 27, 26, 25, 24, 23, 22, 21, 20, 19, 18, 17, 16, 15, 14, 13, 12, 11, 10, 9, 8, 7, 6, 5, 4, 3, 2, 1, 0.5, 0.25, 0.125, 0.0625, 0.03125, 0.015625, 0.0078125]
predictive decrease 3.887893572411321e-06 actual decrease 2.0522361012329654e-06
objective value without tv norm 2.8070403961463242e-05
objective value with tv norm 0.0017780394340601035
[400, 200.0, 100.0, 50.0, 30, 29, 28, 27, 26, 25, 24, 23, 22, 21, 20, 19, 18, 17, 16, 15, 14, 13, 12, 11, 10, 9, 8, 7, 6, 5, 4, 3, 2, 1, 0.5, 0.25, 0.125, 0.0625, 0.03125]
predictive decrease 1.1310769423424983e-05 actual decrease 1.064150925985741e-06
objective value without tv norm 3.3256253035477447e-05
objective value with tv norm 0.0017769752831341178
[400, 200.0, 100.0, 50.0, 30, 29, 28, 27, 26, 25, 24, 23, 22, 21, 20, 19, 18, 17, 16, 15, 14, 13, 12, 11, 10, 9, 8, 7, 6, 5, 4, 3, 2, 1, 0.5, 0.25, 0.125, 0.0625, 0.03125, 0.015625]
predictive decrease 1.2846660475466804e-05 actual decrease 3.628451700145698e-06
objective value without tv norm 3.27528013353318e-05
objective value with tv norm 0.001773346831433972
[400, 200.0, 100.0, 50.0, 30, 29, 28, 27, 26, 25, 24, 23, 22, 21, 20, 19, 18, 17, 16, 15, 14, 13, 12, 11, 10, 9, 8, 7, 6, 5, 4, 3, 2, 1, 0.5, 0.25, 0.125, 0.0625, 0.03125, 0.015625]
predictive decrease 1.550963508603143e-05 actual decrease 7.4028743543724275e-06
objective value without tv norm 2.8474926980959504e-05
objective value with tv norm 0.0017659439570795997
[400, 200.0, 100.0, 50.0, 30, 29, 28, 27, 26, 25, 24, 23, 22, 21, 20, 19, 18, 17, 16, 15, 14, 13, 12, 11, 10, 9, 8, 7, 6, 5, 4, 3, 2, 1, 0.5, 0.25, 0.125, 0.0625, 0.03125, 0.015625, 0.0078125]
predictive decrease 3.981935936424189e-06 actual decrease 1.677382650896054e-06
objective value without tv norm 2.8360044330063295e-05
objective value with tv norm 0.0017642665744287036
[400, 200.0, 100.0, 50.0, 30, 29, 28, 27, 26, 25, 24, 23, 22, 21, 20, 19, 18, 17, 16, 15, 14, 13, 12, 11, 10, 9, 8, 7, 6, 5, 4, 3, 2, 1, 0.5, 0.25, 0.125, 0.0625, 0.03125, 0.015625, 0.0078125]
predictive decrease 4.007956739036185e-06 actual decrease 1.7668020446594702e-06
objective value without tv norm 2.8155742285403842e-05
objective value with tv norm 0.0017624997723840441
[400, 200.0, 100.0, 50.0, 30, 29, 28, 27, 26, 25, 24, 23, 22, 21, 20, 19, 18, 17, 16, 15, 14, 13, 12, 11, 10, 9, 8, 7, 6, 5, 4, 3, 2, 1, 0.5, 0.25, 0.125, 0.0625, 0.03125, 0.015625, 0.0078125]
predictive decrease 2.8420191337354735e-06 actual decrease 5.374796590903314e-07
objective value without tv norm 2.918076262631372e-05
objective value with tv norm 0.0017619622927249538
[400, 200.0, 100.0, 50.0, 30, 29, 28, 27, 26, 25, 24, 23, 22, 21, 20, 19, 18, 17, 16, 15, 14, 13, 12, 11, 10, 9, 8, 7, 6, 5, 4, 3, 2, 1, 0.5, 0.25, 0.125, 0.0625, 0.03125, 0.015625]
predictive decrease 1.0070427339986575e-05 actual decrease 8.526184876848659e-07
objective value without tv norm 3.145314413862862e-05
objective value with tv norm 0.001761109674237269
[400, 200.0, 100.0, 50.0, 30, 29, 28, 27, 26, 25, 24, 23, 22, 21, 20, 19, 18, 17, 16, 15, 14, 13, 12, 11, 10, 9, 8, 7, 6, 5, 4, 3, 2, 1, 0.5, 0.25, 0.125, 0.0625, 0.03125, 0.015625]
predictive decrease 1.086776211733833e-05 actual decrease 2.664069121700429e-06
objective value without tv norm 3.19140750169289e-05
objective value with tv norm 0.0017584456051155685
[400, 200.0, 100.0, 50.0, 30, 29, 28, 27, 26, 25, 24, 23, 22, 21, 20, 19, 18, 17, 16, 15, 14, 13, 12, 11, 10, 9, 8, 7, 6, 5, 4, 3, 2, 1, 0.5, 0.25, 0.125, 0.0625, 0.03125, 0.015625, 0.0078125]
predictive decrease 4.4304866231254045e-06 actual decrease 2.1259740966457497e-06
objective value without tv norm 2.9788100920283205e-05
objective value with tv norm 0.0017563196310189228
[400, 200.0, 100.0, 50.0, 30, 29, 28, 27, 26, 25, 24, 23, 22, 21, 20, 19, 18, 17, 16, 15, 14, 13, 12, 11, 10, 9, 8, 7, 6, 5, 4, 3, 2, 1, 0.5, 0.25, 0.125, 0.0625, 0.03125]
predictive decrease 1.5631606624216896e-05 actual decrease 5.745768360156242e-06
objective value without tv norm 3.0292332560127237e-05
objective value with tv norm 0.0017505738626587665
[400, 200.0, 100.0, 50.0, 30, 29, 28, 27, 26, 25, 24, 23, 22, 21, 20, 19, 18, 17, 16, 15, 14, 13, 12, 11, 10, 9, 8, 7, 6, 5, 4, 3, 2, 1, 0.5, 0.25, 0.125, 0.0625, 0.03125, 0.015625]
predictive decrease 1.0405247671382758e-05 actual decrease 1.1870342758615957e-06
objective value without tv norm 3.2230298284265304e-05
objective value with tv norm 0.001749386828382905
[400, 200.0, 100.0, 50.0, 30, 29, 28, 27, 26, 25, 24, 23, 22, 21, 20, 19, 18, 17, 16, 15, 14, 13, 12, 11, 10, 9, 8, 7, 6, 5, 4, 3, 2, 1, 0.5, 0.25, 0.125, 0.0625, 0.03125, 0.015625]
predictive decrease 1.6560344408195855e-05 actual decrease 7.3421736045168554e-06
objective value without tv norm 2.8013124679748667e-05
objective value with tv norm 0.001742044654778388
[400, 200.0, 100.0, 50.0, 30, 29, 28, 27, 26, 25, 24, 23, 22, 21, 20, 19, 18, 17, 16, 15, 14, 13, 12, 11, 10, 9, 8, 7, 6, 5, 4, 3, 2, 1, 0.5, 0.25, 0.125, 0.0625, 0.03125, 0.015625, 0.0078125]
predictive decrease 4.0086651543361305e-06 actual decrease 1.7041223781602815e-06
objective value without tv norm 2.787150230158814e-05
objective value with tv norm 0.0017403405324002278
[400, 200.0, 100.0, 50.0, 30, 29, 28, 27, 26, 25, 24, 23, 22, 21, 20, 19, 18, 17, 16, 15, 14, 13, 12, 11, 10, 9, 8, 7, 6, 5, 4, 3, 2, 1, 0.5, 0.25, 0.125, 0.0625, 0.03125, 0.015625]
predictive decrease 9.99892947646866e-06 actual decrease 7.811240332175531e-07
objective value without tv norm 3.0215378268370787e-05
objective value with tv norm 0.0017395594083670102
[400, 200.0, 100.0, 50.0, 30, 29, 28, 27, 26, 25, 24, 23, 22, 21, 20, 19, 18, 17, 16, 15, 14, 13, 12, 11, 10, 9, 8, 7, 6, 5, 4, 3, 2, 1, 0.5, 0.25, 0.125, 0.0625, 0.03125, 0.015625]
predictive decrease 1.2242209297003105e-05 actual decrease 3.0240439363538128e-06
objective value without tv norm 3.0316334332016986e-05
objective value with tv norm 0.0017365353644306564
[400, 200.0, 100.0, 50.0, 30, 29, 28, 27, 26, 25, 24, 23, 22, 21, 20, 19, 18, 17, 16, 15, 14, 13, 12, 11, 10, 9, 8, 7, 6, 5, 4, 3, 2, 1, 0.5, 0.25, 0.125, 0.0625, 0.03125, 0.015625]
predictive decrease 8.092895027046092e-06 actual decrease 2.069292167267752e-07
objective value without tv norm 3.1691315232253826e-05
objective value with tv norm 0.0017363284352139297
[400, 200.0, 100.0, 50.0, 30, 29, 28, 27, 26, 25, 24, 23, 22, 21, 20, 19, 18, 17, 16, 15, 14, 13, 12, 11, 10, 9, 8, 7, 6, 5, 4, 3, 2, 1, 0.5, 0.25, 0.125, 0.0625, 0.03125, 0.015625]
predictive decrease 9.329414543294418e-06 actual decrease 3.9614480764477156e-07
objective value without tv norm 3.441109950194215e-05
objective value with tv norm 0.0017359322904062849
[400, 200.0, 100.0, 50.0, 30, 29, 28, 27, 26, 25, 24, 23, 22, 21, 20, 19, 18, 17, 16, 15, 14, 13, 12, 11, 10, 9, 8, 7, 6, 5, 4, 3, 2, 1, 0.5, 0.25, 0.125, 0.0625, 0.03125, 0.015625]
predictive decrease 1.0567001507290992e-05 actual decrease 1.3488261998476601e-06
objective value without tv norm 3.618727330209444e-05
objective value with tv norm 0.0017345834642064372
[400, 200.0, 100.0, 50.0, 30, 29, 28, 27, 26, 25, 24, 23, 22, 21, 20, 19, 18, 17, 16, 15, 14, 13, 12, 11, 10, 9, 8, 7, 6, 5, 4, 3, 2, 1, 0.5, 0.25, 0.125, 0.0625, 0.03125]
predictive decrease 3.800380933948627e-05 actual decrease 1.13114008144094e-06
objective value without tv norm 4.1306133220653503e-05
objective value with tv norm 0.0017334523241249963
[400, 200.0, 100.0, 50.0, 30, 29, 28, 27, 26, 25, 24, 23, 22, 21, 20, 19, 18, 17, 16, 15, 14, 13, 12, 11, 10, 9, 8, 7, 6, 5, 4, 3, 2, 1, 0.5, 0.25, 0.125, 0.0625, 0.03125]
predictive decrease 4.003391526985955e-05 actual decrease 7.819837648831212e-06
objective value without tv norm 3.9736295571822355e-05
objective value with tv norm 0.001725632486476165
[400, 200.0, 100.0, 50.0, 30, 29, 28, 27, 26, 25, 24, 23, 22, 21, 20, 19, 18, 17, 16, 15, 14, 13, 12, 11, 10, 9, 8, 7, 6, 5, 4, 3, 2, 1, 0.5, 0.25, 0.125, 0.0625, 0.03125, 0.015625]
predictive decrease 1.562193880237932e-05 actual decrease 7.624481518534159e-06
objective value without tv norm 3.367431405328814e-05
objective value with tv norm 0.001718008004957631
[400, 200.0, 100.0, 50.0, 30, 29, 28, 27, 26, 25, 24, 23, 22, 21, 20, 19, 18, 17, 16, 15, 14, 13, 12, 11, 10, 9, 8, 7, 6, 5, 4, 3, 2, 1, 0.5, 0.25, 0.125, 0.0625, 0.03125]
predictive decrease 1.7455097545548883e-05 actual decrease 7.207717624046952e-06
objective value without tv norm 3.271659642924111e-05
objective value with tv norm 0.001710800287333584
[400, 200.0, 100.0, 50.0, 30, 29, 28, 27, 26, 25, 24, 23, 22, 21, 20, 19, 18, 17, 16, 15, 14, 13, 12, 11, 10, 9, 8, 7, 6, 5, 4, 3, 2, 1, 0.5, 0.25, 0.125, 0.0625, 0.03125, 0.015625]
predictive decrease 8.145119916563208e-06 actual decrease 2.0297330588373366e-07
objective value without tv norm 3.407612312335795e-05
objective value with tv norm 0.0017105973140277002
[400, 200.0, 100.0, 50.0, 30, 29, 28, 27, 26, 25, 24, 23, 22, 21, 20, 19, 18, 17, 16, 15, 14, 13, 12, 11, 10, 9, 8, 7, 6, 5, 4, 3, 2, 1, 0.5, 0.25, 0.125, 0.0625, 0.03125, 0.015625]
predictive decrease 1.5382834060190254e-05 actual decrease 6.164656715415464e-06
objective value without tv norm 3.103646640794233e-05
objective value with tv norm 0.0017044326573122848
[400, 200.0, 100.0, 50.0, 30, 29, 28, 27, 26, 25, 24, 23, 22, 21, 20, 19, 18, 17, 16, 15, 14, 13, 12, 11, 10, 9, 8, 7, 6, 5, 4, 3, 2, 1, 0.5, 0.25, 0.125, 0.0625, 0.03125, 0.015625, 0.0078125]
predictive decrease 3.929838382887374e-06 actual decrease 1.6253135457200939e-06
objective value without tv norm 3.097365286222222e-05
objective value with tv norm 0.0017028073437665647
[400, 200.0, 100.0, 50.0, 30, 29, 28, 27, 26, 25, 24, 23, 22, 21, 20, 19, 18, 17, 16, 15, 14, 13, 12, 11, 10, 9, 8, 7, 6, 5, 4, 3, 2, 1, 0.5, 0.25, 0.125, 0.0625, 0.03125]
predictive decrease 1.541402933872768e-05 actual decrease 5.528218620266725e-06
objective value without tv norm 3.169543424195555e-05
objective value with tv norm 0.001697279125146298
[400, 200.0, 100.0, 50.0, 30, 29, 28, 27, 26, 25, 24, 23, 22, 21, 20, 19, 18, 17, 16, 15, 14, 13, 12, 11, 10, 9, 8, 7, 6, 5, 4, 3, 2, 1, 0.5, 0.25, 0.125, 0.0625, 0.03125]
predictive decrease 2.3302282112952358e-05 actual decrease 8.617041293589901e-07
objective value without tv norm 3.513570169879796e-05
objective value with tv norm 0.001696417421016939
[400, 200.0, 100.0, 50.0, 30, 29, 28, 27, 26, 25, 24, 23, 22, 21, 20, 19, 18, 17, 16, 15, 14, 13, 12, 11, 10, 9, 8, 7, 6, 5, 4, 3, 2, 1, 0.5, 0.25, 0.125, 0.0625, 0.03125, 0.015625]
predictive decrease 1.5873323240286766e-05 actual decrease 6.655170515379536e-06
objective value without tv norm 3.160553118341837e-05
objective value with tv norm 0.0016897622505015594
[400, 200.0, 100.0, 50.0, 30, 29, 28, 27, 26, 25, 24, 23, 22, 21, 20, 19, 18, 17, 16, 15, 14, 13, 12, 11, 10, 9, 8, 7, 6, 5, 4, 3, 2, 1, 0.5, 0.25, 0.125, 0.0625, 0.03125, 0.015625]
predictive decrease 1.616112880727127e-05 actual decrease 6.942979053440332e-06
objective value without tv norm 2.778755212997805e-05
objective value with tv norm 0.001682819271448119
[400, 200.0, 100.0, 50.0, 30, 29, 28, 27, 26, 25, 24, 23, 22, 21, 20, 19, 18, 17, 16, 15, 14, 13, 12, 11, 10, 9, 8, 7, 6, 5, 4, 3, 2, 1, 0.5, 0.25, 0.125, 0.0625, 0.03125, 0.015625, 0.0078125]
predictive decrease 4.260215356271298e-06 actual decrease 1.9556672755870978e-06
objective value without tv norm 2.7394384854390864e-05
objective value with tv norm 0.001680863604172532
[400, 200.0, 100.0, 50.0, 30, 29, 28, 27, 26, 25, 24, 23, 22, 21, 20, 19, 18, 17, 16, 15, 14, 13, 12, 11, 10, 9, 8, 7, 6, 5, 4, 3, 2, 1, 0.5, 0.25, 0.125, 0.0625, 0.03125, 0.015625, 0.0078125]
predictive decrease 4.548321441309603e-06 actual decrease 2.2437731179748843e-06
objective value without tv norm 2.6713111736416052e-05
objective value with tv norm 0.001678619831054557
[400, 200.0, 100.0, 50.0, 30, 29, 28, 27, 26, 25, 24, 23, 22, 21, 20, 19, 18, 17, 16, 15, 14, 13, 12, 11, 10, 9, 8, 7, 6, 5, 4, 3, 2, 1, 0.5, 0.25, 0.125, 0.0625, 0.03125, 0.015625, 0.0078125]
predictive decrease 3.888361937199464e-06 actual decrease 1.5838138927063653e-06
objective value without tv norm 2.669179784370973e-05
objective value with tv norm 0.0016770360171618507
[400, 200.0, 100.0, 50.0, 30, 29, 28, 27, 26, 25, 24, 23, 22, 21, 20, 19, 18, 17, 16, 15, 14, 13, 12, 11, 10, 9, 8, 7, 6, 5, 4, 3, 2, 1, 0.5, 0.25, 0.125, 0.0625, 0.03125]
predictive decrease 1.3515661726074294e-05 actual decrease 3.493395396776764e-06
objective value without tv norm 2.9448402446932835e-05
objective value with tv norm 0.001673542621765074
[400, 200.0, 100.0, 50.0, 30, 29, 28, 27, 26, 25, 24, 23, 22, 21, 20, 19, 18, 17, 16, 15, 14, 13, 12, 11, 10, 9, 8, 7, 6, 5, 4, 3, 2, 1, 0.5, 0.25, 0.125, 0.0625, 0.03125, 0.015625, 0.0078125]
predictive decrease 3.3324563983468374e-06 actual decrease 1.027905603442512e-06
objective value without tv norm 2.998299684349042e-05
objective value with tv norm 0.0016725147161616315
[400, 200.0, 100.0, 50.0, 30, 29, 28, 27, 26, 25, 24, 23, 22, 21, 20, 19, 18, 17, 16, 15, 14, 13, 12, 11, 10, 9, 8, 7, 6, 5, 4, 3, 2, 1, 0.5, 0.25, 0.125, 0.0625, 0.03125, 0.015625]
predictive decrease 1.1293558129220034e-05 actual decrease 2.0753409748944067e-06
objective value without tv norm 2.790765586859589e-05
objective value with tv norm 0.001670439375186737
[400, 200.0, 100.0, 50.0, 30, 29, 28, 27, 26, 25, 24, 23, 22, 21, 20, 19, 18, 17, 16, 15, 14, 13, 12, 11, 10, 9, 8, 7, 6, 5, 4, 3, 2, 1, 0.5, 0.25, 0.125, 0.0625, 0.03125, 0.015625]
predictive decrease 1.2612253462062706e-05 actual decrease 3.3940504287142525e-06
objective value without tv norm 2.763860543988177e-05
objective value with tv norm 0.0016670453247580228
[400, 200.0, 100.0, 50.0, 30, 29, 28, 27, 26, 25, 24, 23, 22, 21, 20, 19, 18, 17, 16, 15, 14, 13, 12, 11, 10, 9, 8, 7, 6, 5, 4, 3, 2, 1, 0.5, 0.25, 0.125, 0.0625, 0.03125, 0.015625, 0.0078125]
predictive decrease 3.495765030930159e-06 actual decrease 1.246402674211786e-06
objective value without tv norm 2.641113226979061e-05
objective value with tv norm 0.001665798922083811
[400, 200.0, 100.0, 50.0, 30, 29, 28, 27, 26, 25, 24, 23, 22, 21, 20, 19, 18, 17, 16, 15, 14, 13, 12, 11, 10, 9, 8, 7, 6, 5, 4, 3, 2, 1, 0.5, 0.25, 0.125, 0.0625, 0.03125, 0.015625]
predictive decrease 9.564331863226886e-06 actual decrease 3.461353606298498e-07
objective value without tv norm 2.9189996909160658e-05
objective value with tv norm 0.0016654527867231812
[400, 200.0, 100.0, 50.0, 30, 29, 28, 27, 26, 25, 24, 23, 22, 21, 20, 19, 18, 17, 16, 15, 14, 13, 12, 11, 10, 9, 8, 7, 6, 5, 4, 3, 2, 1, 0.5, 0.25, 0.125, 0.0625, 0.03125, 0.015625]
predictive decrease 1.3264170102093246e-05 actual decrease 4.046064282502669e-06
objective value without tv norm 2.826893262665814e-05
objective value with tv norm 0.0016614067224406785
[400, 200.0, 100.0, 50.0, 30, 29, 28, 27, 26, 25, 24, 23, 22, 21, 20, 19, 18, 17, 16, 15, 14, 13, 12, 11, 10, 9, 8, 7, 6, 5, 4, 3, 2, 1, 0.5, 0.25, 0.125, 0.0625, 0.03125, 0.015625]
predictive decrease 1.087017777718323e-05 actual decrease 1.6519822748793569e-06
objective value without tv norm 2.9741950351778594e-05
objective value with tv norm 0.0016597547401657991
[400, 200.0, 100.0, 50.0, 30, 29, 28, 27, 26, 25, 24, 23, 22, 21, 20, 19, 18, 17, 16, 15, 14, 13, 12, 11, 10, 9, 8, 7, 6, 5, 4, 3, 2, 1, 0.5, 0.25, 0.125, 0.0625, 0.03125, 0.015625]
predictive decrease 1.2534936208421143e-05 actual decrease 4.537450722077703e-06
objective value without tv norm 2.6766999629700892e-05
objective value with tv norm 0.0016552172894437214
[400, 200.0, 100.0, 50.0, 30, 29, 28, 27, 26, 25, 24, 23, 22, 21, 20, 19, 18, 17, 16, 15, 14, 13, 12, 11, 10, 9, 8, 7, 6, 5, 4, 3, 2, 1, 0.5, 0.25, 0.125, 0.0625, 0.03125, 0.015625]
predictive decrease 1.0145901295324647e-05 actual decrease 9.277056325170032e-07
objective value without tv norm 2.896429399718395e-05
objective value with tv norm 0.0016542895838112044
[400, 200.0, 100.0, 50.0, 30, 29, 28, 27, 26, 25, 24, 23, 22, 21, 20, 19, 18, 17, 16, 15, 14, 13, 12, 11, 10, 9, 8, 7, 6, 5, 4, 3, 2, 1, 0.5, 0.25, 0.125, 0.0625, 0.03125, 0.015625]
predictive decrease 1.1082603831042608e-05 actual decrease 1.8702649621788869e-06
objective value without tv norm 3.0217155090619552e-05
objective value with tv norm 0.0016524193188490255
[400, 200.0, 100.0, 50.0, 30, 29, 28, 27, 26, 25, 24, 23, 22, 21, 20, 19, 18, 17, 16, 15, 14, 13, 12, 11, 10, 9, 8, 7, 6, 5, 4, 3, 2, 1, 0.5, 0.25, 0.125, 0.0625, 0.03125, 0.015625]
predictive decrease 1.4200610030242703e-05 actual decrease 4.982437470784154e-06
objective value without tv norm 2.83597176198353e-05
objective value with tv norm 0.0016474368813782414
[400, 200.0, 100.0, 50.0, 30, 29, 28, 27, 26, 25, 24, 23, 22, 21, 20, 19, 18, 17, 16, 15, 14, 13, 12, 11, 10, 9, 8, 7, 6, 5, 4, 3, 2, 1, 0.5, 0.25, 0.125, 0.0625, 0.03125, 0.015625]
predictive decrease 1.3263222273123855e-05 actual decrease 4.045116120731133e-06
objective value without tv norm 2.74396014991041e-05
objective value with tv norm 0.0016433917652575103
[400, 200.0, 100.0, 50.0, 30, 29, 28, 27, 26, 25, 24, 23, 22, 21, 20, 19, 18, 17, 16, 15, 14, 13, 12, 11, 10, 9, 8, 7, 6, 5, 4, 3, 2, 1, 0.5, 0.25, 0.125, 0.0625, 0.03125, 0.015625]
predictive decrease 1.0870170583569469e-05 actual decrease 1.6519747244750447e-06
objective value without tv norm 2.8912626774629302e-05
objective value with tv norm 0.0016417397905330352
[400, 200.0, 100.0, 50.0, 30, 29, 28, 27, 26, 25, 24, 23, 22, 21, 20, 19, 18, 17, 16, 15, 14, 13, 12, 11, 10, 9, 8, 7, 6, 5, 4, 3, 2, 1, 0.5, 0.25, 0.125, 0.0625, 0.03125, 0.015625]
predictive decrease 1.1088148894133378e-05 actual decrease 1.869958878796072e-06
objective value without tv norm 3.0167667895833072e-05
objective value with tv norm 0.0016398698316542391
[400, 200.0, 100.0, 50.0, 30, 29, 28, 27, 26, 25, 24, 23, 22, 21, 20, 19, 18, 17, 16, 15, 14, 13, 12, 11, 10, 9, 8, 7, 6, 5, 4, 3, 2, 1, 0.5, 0.25, 0.125, 0.0625, 0.03125, 0.015625]
predictive decrease 1.4199535919053822e-05 actual decrease 4.98136318845461e-06
objective value without tv norm 2.8311304707378582e-05
objective value with tv norm 0.0016348884684657845
[400, 200.0, 100.0, 50.0, 30, 29, 28, 27, 26, 25, 24, 23, 22, 21, 20, 19, 18, 17, 16, 15, 14, 13, 12, 11, 10, 9, 8, 7, 6, 5, 4, 3, 2, 1, 0.5, 0.25, 0.125, 0.0625, 0.03125, 0.015625]
predictive decrease 1.326227188029605e-05 actual decrease 4.044165427207012e-06
objective value without tv norm 2.7392139280171287e-05
objective value with tv norm 0.0016308443030385775
[400, 200.0, 100.0, 50.0, 30, 29, 28, 27, 26, 25, 24, 23, 22, 21, 20, 19, 18, 17, 16, 15, 14, 13, 12, 11, 10, 9, 8, 7, 6, 5, 4, 3, 2, 1, 0.5, 0.25, 0.125, 0.0625, 0.03125, 0.015625]
predictive decrease 1.0870170902650602e-05 actual decrease 1.6519747224766432e-06
objective value without tv norm 2.886516455769489e-05
objective value with tv norm 0.0016291923283161009
[400, 200.0, 100.0, 50.0, 30, 29, 28, 27, 26, 25, 24, 23, 22, 21, 20, 19, 18, 17, 16, 15, 14, 13, 12, 11, 10, 9, 8, 7, 6, 5, 4, 3, 2, 1, 0.5, 0.25, 0.125, 0.0625, 0.03125, 0.015625]
predictive decrease 1.1088149474075288e-05 actual decrease 1.8699591367008807e-06
objective value without tv norm 3.012020542099385e-05
objective value with tv norm 0.0016273223691794
[400, 200.0, 100.0, 50.0, 30, 29, 28, 27, 26, 25, 24, 23, 22, 21, 20, 19, 18, 17, 16, 15, 14, 13, 12, 11, 10, 9, 8, 7, 6, 5, 4, 3, 2, 1, 0.5, 0.25, 0.125, 0.0625, 0.03125, 0.015625]
predictive decrease 1.4198461163368549e-05 actual decrease 4.9802882735197705e-06
objective value without tv norm 2.82649171474742e-05
objective value with tv norm 0.0016223420809058802
[400, 200.0, 100.0, 50.0, 30, 29, 28, 27, 26, 25, 24, 23, 22, 21, 20, 19, 18, 17, 16, 15, 14, 13, 12, 11, 10, 9, 8, 7, 6, 5, 4, 3, 2, 1, 0.5, 0.25, 0.125, 0.0625, 0.03125, 0.015625]
predictive decrease 1.3261320589301505e-05 actual decrease 4.0432138448387705e-06
objective value without tv norm 2.7346703302635363e-05
objective value with tv norm 0.0016182988670610415
[400, 200.0, 100.0, 50.0, 30, 29, 28, 27, 26, 25, 24, 23, 22, 21, 20, 19, 18, 17, 16, 15, 14, 13, 12, 11, 10, 9, 8, 7, 6, 5, 4, 3, 2, 1, 0.5, 0.25, 0.125, 0.0625, 0.03125, 0.015625]
predictive decrease 1.087017121310669e-05 actual decrease 1.6519747256960732e-06
objective value without tv norm 2.881972857693932e-05
objective value with tv norm 0.0016166468923353454
[400, 200.0, 100.0, 50.0, 30, 29, 28, 27, 26, 25, 24, 23, 22, 21, 20, 19, 18, 17, 16, 15, 14, 13, 12, 11, 10, 9, 8, 7, 6, 5, 4, 3, 2, 1, 0.5, 0.25, 0.125, 0.0625, 0.03125, 0.015625]
predictive decrease 1.1088150034821399e-05 actual decrease 1.8699593899429694e-06
objective value without tv norm 3.007476918699641e-05
objective value with tv norm 0.0016147769329454024
[400, 200.0, 100.0, 50.0, 30, 29, 28, 27, 26, 25, 24, 23, 22, 21, 20, 19, 18, 17, 16, 15, 14, 13, 12, 11, 10, 9, 8, 7, 6, 5, 4, 3, 2, 1, 0.5, 0.25, 0.125, 0.0625, 0.03125, 0.015625]
predictive decrease 1.419738580190808e-05 actual decrease 4.979212764060284e-06
objective value without tv norm 2.8220556422936027e-05
objective value with tv norm 0.0016097977201813421
[400, 200.0, 100.0, 50.0, 30, 29, 28, 27, 26, 25, 24, 23, 22, 21, 20, 19, 18, 17, 16, 15, 14, 13, 12, 11, 10, 9, 8, 7, 6, 5, 4, 3, 2, 1, 0.5, 0.25, 0.125, 0.0625, 0.03125, 0.015625]
predictive decrease 1.326036843605897e-05 actual decrease 4.0422614098190295e-06
objective value without tv norm 2.730329501311693e-05
objective value with tv norm 0.001605755458771523
[400, 200.0, 100.0, 50.0, 30, 29, 28, 27, 26, 25, 24, 23, 22, 21, 20, 19, 18, 17, 16, 15, 14, 13, 12, 11, 10, 9, 8, 7, 6, 5, 4, 3, 2, 1, 0.5, 0.25, 0.125, 0.0625, 0.03125, 0.015625]
predictive decrease 1.0870171514927541e-05 actual decrease 1.6519747331347843e-06
objective value without tv norm 2.8776320279982393e-05
objective value with tv norm 0.0016041034840383883
original energy 2.1908434293504975e-05
objective value without tv norm 2.8776320279982393e-05
alpha 0.0001
objective value with tv norm 0.0016041034840383883
tv norm 15.75327163758406
l2 norm 0.0006867885986477419
computational time 167.13595904200002
total iterations 4056
