[1800, 900.0, 450.0, 225.0, 112.5, 56.25, 30, 29, 28, 27, 26, 25, 24, 23, 22, 21, 20, 19, 18, 17, 16, 15, 14, 13, 12, 11, 10, 9, 8, 7, 6, 5, 4, 3, 2, 1, 0.5, 0.25, 0.125]
predictive decrease 0.000893342649848122 actual decrease 0.0006080578060850416
objective value without tv norm 0.9110485611697364
objective value with tv norm 0.9142890054939978
[1800, 900.0, 450.0, 225.0, 112.5, 56.25, 30, 29, 28, 27, 26, 25, 24, 23, 22, 21, 20, 19, 18, 17, 16, 15, 14, 13, 12, 11, 10, 9, 8, 7, 6, 5, 4, 3, 2, 1, 0.5, 0.25]
predictive decrease 0.0024063869500205053 actual decrease 0.0005978458177801926
objective value without tv norm 0.9104316358330212
objective value with tv norm 0.9136911596762176
[1800, 900.0, 450.0, 225.0, 112.5, 56.25, 30, 29, 28, 27, 26, 25, 24, 23, 22, 21, 20, 19, 18, 17, 16, 15, 14, 13, 12, 11, 10, 9, 8, 7, 6, 5, 4, 3, 2, 1, 0.5, 0.25, 0.125]
predictive decrease 0.003122805711128362 actual decrease 0.001559928320069761
objective value without tv norm 0.9088716759665547
objective value with tv norm 0.9121312313561478
[1800, 900.0, 450.0, 225.0, 112.5, 56.25, 30, 29, 28, 27, 26, 25, 24, 23, 22, 21, 20, 19, 18, 17, 16, 15, 14, 13, 12, 11, 10, 9, 8, 7, 6, 5, 4, 3, 2, 1, 0.5, 0.25, 0.125]
predictive decrease 0.0030948126405830768 actual decrease 0.0015315949748579147
objective value without tv norm 0.9073241025810694
objective value with tv norm 0.9105996363812899
[1800, 900.0, 450.0, 225.0, 112.5, 56.25, 30, 29, 28, 27, 26, 25, 24, 23, 22, 21, 20, 19, 18, 17, 16, 15, 14, 13, 12, 11, 10, 9, 8, 7, 6, 5, 4, 3, 2, 1]
predictive decrease 0.0206665187652227 actual decrease 0.005733015279873785
objective value without tv norm 0.9015525661666899
objective value with tv norm 0.9048666211014161
[1800, 900.0, 450.0, 225.0, 112.5, 56.25, 30, 29, 28, 27, 26, 25, 24, 23, 22, 21, 20, 19, 18, 17, 16, 15, 14, 13, 12, 11, 10, 9, 8, 7, 6, 5, 4, 3, 2, 1]
predictive decrease 0.06623700390290047 actual decrease 0.015291449951312127
objective value without tv norm 0.8860992714780433
objective value with tv norm 0.889575171150104
[1800, 900.0, 450.0, 225.0, 112.5, 56.25, 30, 29, 28, 27, 26, 25, 24, 23, 22, 21, 20, 19, 18, 17, 16, 15, 14, 13, 12, 11, 10, 9, 8, 7, 6, 5, 4, 3, 2, 1, 0.5]
predictive decrease 0.04458453713016779 actual decrease 0.016524575068029568
objective value without tv norm 0.8694807962717288
objective value with tv norm 0.8730505960820744
[1800, 900.0, 450.0, 225.0, 112.5, 56.25, 30, 29, 28, 27, 26, 25, 24, 23, 22, 21, 20, 19, 18, 17, 16, 15, 14, 13, 12, 11, 10, 9, 8, 7, 6, 5, 4, 3, 2, 1, 0.5]
predictive decrease 0.03292965376497646 actual decrease 0.005103382021164716
objective value without tv norm 0.864277414250564
objective value with tv norm 0.8679472140609097
[1800, 900.0, 450.0, 225.0, 112.5, 56.25, 30, 29, 28, 27, 26, 25, 24, 23, 22, 21, 20, 19, 18, 17, 16, 15, 14, 13, 12, 11, 10, 9, 8, 7, 6, 5, 4, 3, 2]
predictive decrease 0.11088996464043499 actual decrease 0.01047869805980527
objective value without tv norm 0.8539146358257201
objective value with tv norm 0.8574685160011044
[1800, 900.0, 450.0, 225.0, 112.5, 56.25, 30, 29, 28, 27, 26, 25, 24, 23, 22, 21, 20, 19, 18, 17, 16, 15, 14, 13, 12, 11, 10, 9, 8, 7, 6, 5, 4, 3, 2, 1, 0.5]
predictive decrease 0.050914447635882217 actual decrease 0.02082099929839958
objective value without tv norm 0.8330883224872441
objective value with tv norm 0.8366475167027049
[1800, 900.0, 450.0, 225.0, 112.5, 56.25, 30, 29, 28, 27, 26, 25, 24, 23, 22, 21, 20, 19, 18, 17, 16, 15, 14, 13, 12, 11, 10, 9, 8, 7, 6, 5, 4, 3, 2, 1, 0.5]
predictive decrease 0.04536942998228232 actual decrease 0.015085249766813504
objective value without tv norm 0.8179030727204306
objective value with tv norm 0.8215622669358914
[1800, 900.0, 450.0, 225.0, 112.5, 56.25, 30, 29, 28, 27, 26, 25, 24, 23, 22, 21, 20, 19, 18, 17, 16, 15, 14, 13, 12, 11, 10, 9, 8, 7, 6, 5, 4, 3, 2, 1, 0.5]
predictive decrease 0.04860237537801181 actual decrease 0.017602306552757484
objective value without tv norm 0.8002204106396864
objective value with tv norm 0.8039599603831339
[1800, 900.0, 450.0, 225.0, 112.5, 56.25, 30, 29, 28, 27, 26, 25, 24, 23, 22, 21, 20, 19, 18, 17, 16, 15, 14, 13, 12, 11, 10, 9, 8, 7, 6, 5, 4, 3, 2, 1]
predictive decrease 0.06178240925604017 actual decrease 0.005660024408169471
objective value without tv norm 0.7944614618755962
objective value with tv norm 0.7982999359749644
[1800, 900.0, 450.0, 225.0, 112.5, 56.25, 30, 29, 28, 27, 26, 25, 24, 23, 22, 21, 20, 19, 18, 17, 16, 15, 14, 13, 12, 11, 10, 9, 8, 7, 6, 5, 4, 3, 2, 1, 0.5]
predictive decrease 0.03951450216096154 actual decrease 0.014497798100006603
objective value without tv norm 0.7799721239458242
objective value with tv norm 0.7838021378749578
[1800, 900.0, 450.0, 225.0, 112.5, 56.25, 30, 29, 28, 27, 26, 25, 24, 23, 22, 21, 20, 19, 18, 17, 16, 15, 14, 13, 12, 11, 10, 9, 8, 7, 6, 5, 4, 3, 2, 1, 0.5, 0.25]
predictive decrease 0.014574731212476325 actual decrease 0.00687606076753943
objective value without tv norm 0.7730472703565606
objective value with tv norm 0.7769260771074183
[1800, 900.0, 450.0, 225.0, 112.5, 56.25, 30, 29, 28, 27, 26, 25, 24, 23, 22, 21, 20, 19, 18, 17, 16, 15, 14, 13, 12, 11, 10, 9, 8, 7, 6, 5, 4, 3, 2, 1, 0.5]
predictive decrease 0.024225661440818176 actual decrease 0.009022511302030104
objective value without tv norm 0.7639796266280375
objective value with tv norm 0.7679035658053882
[1800, 900.0, 450.0, 225.0, 112.5, 56.25, 30, 29, 28, 27, 26, 25, 24, 23, 22, 21, 20, 19, 18, 17, 16, 15, 14, 13, 12, 11, 10, 9, 8, 7, 6, 5, 4, 3, 2, 1, 0.5, 0.25]
predictive decrease 0.012006748951700952 actual decrease 0.004229599613654339
objective value without tv norm 0.7597488582639006
objective value with tv norm 0.7636739661917339
[1800, 900.0, 450.0, 225.0, 112.5, 56.25, 30, 29, 28, 27, 26, 25, 24, 23, 22, 21, 20, 19, 18, 17, 16, 15, 14, 13, 12, 11, 10, 9, 8, 7, 6, 5, 4, 3, 2, 1, 0.5, 0.25]
predictive decrease 0.010537241166233606 actual decrease 0.002623245101294757
objective value without tv norm 0.7570756131626059
objective value with tv norm 0.7610507210904391
[1800, 900.0, 450.0, 225.0, 112.5, 56.25, 30, 29, 28, 27, 26, 25, 24, 23, 22, 21, 20, 19, 18, 17, 16, 15, 14, 13, 12, 11, 10, 9, 8, 7, 6, 5, 4, 3, 2, 1, 0.5, 0.25]
predictive decrease 0.009897774968722928 actual decrease 0.0018773154385186668
objective value without tv norm 0.7551982977240872
objective value with tv norm 0.7591734056519205
[1800, 900.0, 450.0, 225.0, 112.5, 56.25, 30, 29, 28, 27, 26, 25, 24, 23, 22, 21, 20, 19, 18, 17, 16, 15, 14, 13, 12, 11, 10, 9, 8, 7, 6, 5, 4, 3, 2, 1, 0.5, 0.25]
predictive decrease 0.010257158870068674 actual decrease 0.0024187583447877123
objective value without tv norm 0.7527295795678439
objective value with tv norm 0.7567546473071328
[1800, 900.0, 450.0, 225.0, 112.5, 56.25, 30, 29, 28, 27, 26, 25, 24, 23, 22, 21, 20, 19, 18, 17, 16, 15, 14, 13, 12, 11, 10, 9, 8, 7, 6, 5, 4, 3, 2, 1, 0.5, 0.25]
predictive decrease 0.009827054111000561 actual decrease 0.0016891741328526758
objective value without tv norm 0.7509904054349913
objective value with tv norm 0.7550654731742802
[1800, 900.0, 450.0, 225.0, 112.5, 56.25, 30, 29, 28, 27, 26, 25, 24, 23, 22, 21, 20, 19, 18, 17, 16, 15, 14, 13, 12, 11, 10, 9, 8, 7, 6, 5, 4, 3, 2, 1, 0.5]
predictive decrease 0.025747699364742128 actual decrease 0.0007285577492790766
objective value without tv norm 0.7502630154359169
objective value with tv norm 0.7543369154250011
[1800, 900.0, 450.0, 225.0, 112.5, 56.25, 30, 29, 28, 27, 26, 25, 24, 23, 22, 21, 20, 19, 18, 17, 16, 15, 14, 13, 12, 11, 10, 9, 8, 7, 6, 5, 4, 3, 2, 1, 0.5]
predictive decrease 0.0386661584035667 actual decrease 0.006125642991818977
objective value without tv norm 0.7441373724440979
objective value with tv norm 0.7482112724331822
[1800, 900.0, 450.0, 225.0, 112.5, 56.25, 30, 29, 28, 27, 26, 25, 24, 23, 22, 21, 20, 19, 18, 17, 16, 15, 14, 13, 12, 11, 10, 9, 8, 7, 6, 5, 4, 3, 2, 1, 0.5, 0.25]
predictive decrease 0.013239820590304222 actual decrease 0.005082829113164741
objective value without tv norm 0.7390545433309332
objective value with tv norm 0.7431284433200175
[1800, 900.0, 450.0, 225.0, 112.5, 56.25, 30, 29, 28, 27, 26, 25, 24, 23, 22, 21, 20, 19, 18, 17, 16, 15, 14, 13, 12, 11, 10, 9, 8, 7, 6, 5, 4, 3, 2, 1, 0.5, 0.25]
predictive decrease 0.010912975118934678 actual decrease 0.002883418446814166
objective value without tv norm 0.7361211507317523
objective value with tv norm 0.7402450248732033
[1800, 900.0, 450.0, 225.0, 112.5, 56.25, 30, 29, 28, 27, 26, 25, 24, 23, 22, 21, 20, 19, 18, 17, 16, 15, 14, 13, 12, 11, 10, 9, 8, 7, 6, 5, 4, 3, 2, 1, 0.5, 0.25]
predictive decrease 0.010843280884779288 actual decrease 0.004588617611884205
objective value without tv norm 0.7314863006681511
objective value with tv norm 0.7356564072613191
[1800, 900.0, 450.0, 225.0, 112.5, 56.25, 30, 29, 28, 27, 26, 25, 24, 23, 22, 21, 20, 19, 18, 17, 16, 15, 14, 13, 12, 11, 10, 9, 8, 7, 6, 5, 4, 3, 2, 1, 0.5, 0.25]
predictive decrease 0.008972865219696672 actual decrease 0.002523337369208312
objective value without tv norm 0.7289643154071197
objective value with tv norm 0.7331330698921108
[1800, 900.0, 450.0, 225.0, 112.5, 56.25, 30, 29, 28, 27, 26, 25, 24, 23, 22, 21, 20, 19, 18, 17, 16, 15, 14, 13, 12, 11, 10, 9, 8, 7, 6, 5, 4, 3, 2, 1, 0.5]
predictive decrease 0.021624791676854858 actual decrease 0.009858701945721329
objective value without tv norm 0.7191269120841223
objective value with tv norm 0.7232743679463894
[1800, 900.0, 450.0, 225.0, 112.5, 56.25, 30, 29, 28, 27, 26, 25, 24, 23, 22, 21, 20, 19, 18, 17, 16, 15, 14, 13, 12, 11, 10, 9, 8, 7, 6, 5, 4, 3, 2, 1, 0.5, 0.25]
predictive decrease 0.01283185072413006 actual decrease 0.004609882973717296
objective value without tv norm 0.7145114986575553
objective value with tv norm 0.7186644849726721
[1800, 900.0, 450.0, 225.0, 112.5, 56.25, 30, 29, 28, 27, 26, 25, 24, 23, 22, 21, 20, 19, 18, 17, 16, 15, 14, 13, 12, 11, 10, 9, 8, 7, 6, 5, 4, 3, 2, 1, 0.5, 0.25]
predictive decrease 0.0124871318850866 actual decrease 0.004030550627756653
objective value without tv norm 0.7104524569453431
objective value with tv norm 0.7146339343449154
[1800, 900.0, 450.0, 225.0, 112.5, 56.25, 30, 29, 28, 27, 26, 25, 24, 23, 22, 21, 20, 19, 18, 17, 16, 15, 14, 13, 12, 11, 10, 9, 8, 7, 6, 5, 4, 3, 2, 1, 0.5]
predictive decrease 0.02281062007587126 actual decrease 6.898485456549933e-05
objective value without tv norm 0.7103529656259926
objective value with tv norm 0.7145649494903499
[1800, 900.0, 450.0, 225.0, 112.5, 56.25, 30, 29, 28, 27, 26, 25, 24, 23, 22, 21, 20, 19, 18, 17, 16, 15, 14, 13, 12, 11, 10, 9, 8, 7, 6, 5, 4, 3, 2, 1, 0.5]
predictive decrease 0.0425273941437087 actual decrease 0.00863573965376865
objective value without tv norm 0.701626729794191
objective value with tv norm 0.7059292098365813
[1800, 900.0, 450.0, 225.0, 112.5, 56.25, 30, 29, 28, 27, 26, 25, 24, 23, 22, 21, 20, 19, 18, 17, 16, 15, 14, 13, 12, 11, 10, 9, 8, 7, 6, 5, 4, 3, 2, 1, 0.5, 0.25]
predictive decrease 0.012666912671964535 actual decrease 0.004171083216434252
objective value without tv norm 0.6975056465777568
objective value with tv norm 0.701758126620147
[1800, 900.0, 450.0, 225.0, 112.5, 56.25, 30, 29, 28, 27, 26, 25, 24, 23, 22, 21, 20, 19, 18, 17, 16, 15, 14, 13, 12, 11, 10, 9, 8, 7, 6, 5, 4, 3, 2, 1, 0.5]
predictive decrease 0.01993082519937423 actual decrease 0.004818576849274991
objective value without tv norm 0.6926888600545702
objective value with tv norm 0.696939549770872
[1800, 900.0, 450.0, 225.0, 112.5, 56.25, 30, 29, 28, 27, 26, 25, 24, 23, 22, 21, 20, 19, 18, 17, 16, 15, 14, 13, 12, 11, 10, 9, 8, 7, 6, 5, 4, 3, 2, 1, 0.5, 0.25]
predictive decrease 0.015821912492413184 actual decrease 0.00745079772424883
objective value without tv norm 0.6852380705418983
objective value with tv norm 0.6894887520466232
[1800, 900.0, 450.0, 225.0, 112.5, 56.25, 30, 29, 28, 27, 26, 25, 24, 23, 22, 21, 20, 19, 18, 17, 16, 15, 14, 13, 12, 11, 10, 9, 8, 7, 6, 5, 4, 3, 2, 1, 0.5]
predictive decrease 0.02214945612331865 actual decrease 0.0050558046185974065
objective value without tv norm 0.68013324879606
objective value with tv norm 0.6844329474280257
[1800, 900.0, 450.0, 225.0, 112.5, 56.25, 30, 29, 28, 27, 26, 25, 24, 23, 22, 21, 20, 19, 18, 17, 16, 15, 14, 13, 12, 11, 10, 9, 8, 7, 6, 5, 4, 3, 2, 1, 0.5]
predictive decrease 0.03362484224353119 actual decrease 0.008589283560090217
objective value without tv norm 0.6715466074026555
objective value with tv norm 0.6758436638679355
[1800, 900.0, 450.0, 225.0, 112.5, 56.25, 30, 29, 28, 27, 26, 25, 24, 23, 22, 21, 20, 19, 18, 17, 16, 15, 14, 13, 12, 11, 10, 9, 8, 7, 6, 5, 4, 3, 2, 1, 0.5]
predictive decrease 0.03543518899227839 actual decrease 0.000543585788718888
objective value without tv norm 0.6709030216139366
objective value with tv norm 0.6753000780792165
[1800, 900.0, 450.0, 225.0, 112.5, 56.25, 30, 29, 28, 27, 26, 25, 24, 23, 22, 21, 20, 19, 18, 17, 16, 15, 14, 13, 12, 11, 10, 9, 8, 7, 6, 5, 4, 3, 2, 1, 0.5, 0.25]
predictive decrease 0.01721281823718692 actual decrease 0.008463956404253415
objective value without tv norm 0.6624890652096831
objective value with tv norm 0.6668361216749631
[1800, 900.0, 450.0, 225.0, 112.5, 56.25, 30, 29, 28, 27, 26, 25, 24, 23, 22, 21, 20, 19, 18, 17, 16, 15, 14, 13, 12, 11, 10, 9, 8, 7, 6, 5, 4, 3, 2, 1, 0.5]
predictive decrease 0.025259166244337418 actual decrease 0.0024949643329237456
objective value without tv norm 0.6599465240180549
objective value with tv norm 0.6643411573420394
[1800, 900.0, 450.0, 225.0, 112.5, 56.25, 30, 29, 28, 27, 26, 25, 24, 23, 22, 21, 20, 19, 18, 17, 16, 15, 14, 13, 12, 11, 10, 9, 8, 7, 6, 5, 4, 3, 2, 1]
predictive decrease 0.05107239949555887 actual decrease 0.002478971578259208
objective value without tv norm 0.6573816693711565
objective value with tv norm 0.6618621857637802
[1800, 900.0, 450.0, 225.0, 112.5, 56.25, 30, 29, 28, 27, 26, 25, 24, 23, 22, 21, 20, 19, 18, 17, 16, 15, 14, 13, 12, 11, 10, 9, 8, 7, 6, 5, 4, 3, 2, 1, 0.5]
predictive decrease 0.04202543362864119 actual decrease 0.006439589777199532
objective value without tv norm 0.650842079593957
objective value with tv norm 0.6554225959865807
[1800, 900.0, 450.0, 225.0, 112.5, 56.25, 30, 29, 28, 27, 26, 25, 24, 23, 22, 21, 20, 19, 18, 17, 16, 15, 14, 13, 12, 11, 10, 9, 8, 7, 6, 5, 4, 3, 2, 1, 0.5]
predictive decrease 0.03183153843000069 actual decrease 0.009133353169028628
objective value without tv norm 0.6416743849042172
objective value with tv norm 0.6462892428175521
[1800, 900.0, 450.0, 225.0, 112.5, 56.25, 30, 29, 28, 27, 26, 25, 24, 23, 22, 21, 20, 19, 18, 17, 16, 15, 14, 13, 12, 11, 10, 9, 8, 7, 6, 5, 4, 3, 2, 1, 0.5]
predictive decrease 0.034090209306780056 actual decrease 0.01029927344666147
objective value without tv norm 0.6313251114575558
objective value with tv norm 0.6359899693708906
[1800, 900.0, 450.0, 225.0, 112.5, 56.25, 30, 29, 28, 27, 26, 25, 24, 23, 22, 21, 20, 19, 18, 17, 16, 15, 14, 13, 12, 11, 10, 9, 8, 7, 6, 5, 4, 3, 2, 1, 0.5, 0.25]
predictive decrease 0.015338489524303653 actual decrease 0.007965129898362566
objective value without tv norm 0.6233544430934986
objective value with tv norm 0.6280248394725281
[1800, 900.0, 450.0, 225.0, 112.5, 56.25, 30, 29, 28, 27, 26, 25, 24, 23, 22, 21, 20, 19, 18, 17, 16, 15, 14, 13, 12, 11, 10, 9, 8, 7, 6, 5, 4, 3, 2]
predictive decrease 0.10165107463766151 actual decrease 0.0019053513049205432
objective value without tv norm 0.6213838822212869
objective value with tv norm 0.6261194881676075
[1800, 900.0, 450.0, 225.0, 112.5, 56.25, 30, 29, 28, 27, 26, 25, 24, 23, 22, 21, 20, 19, 18, 17, 16, 15, 14, 13, 12, 11, 10, 9, 8, 7, 6, 5, 4, 3, 2, 1, 0.5]
predictive decrease 0.05144290344636197 actual decrease 0.014438677858307781
objective value without tv norm 0.6068453004366842
objective value with tv norm 0.6116808103092998
[1800, 900.0, 450.0, 225.0, 112.5, 56.25, 30, 29, 28, 27, 26, 25, 24, 23, 22, 21, 20, 19, 18, 17, 16, 15, 14, 13, 12, 11, 10, 9, 8, 7, 6, 5, 4, 3, 2, 1, 0.5]
predictive decrease 0.055522619422410824 actual decrease 0.018233162513676755
objective value without tv norm 0.5885126239346962
objective value with tv norm 0.593447647795623
[1800, 900.0, 450.0, 225.0, 112.5, 56.25, 30, 29, 28, 27, 26, 25, 24, 23, 22, 21, 20, 19, 18, 17, 16, 15, 14, 13, 12, 11, 10, 9, 8, 7, 6, 5, 4, 3, 2, 1, 0.5, 0.25]
predictive decrease 0.013209045324310886 actual decrease 0.003804094662070959
objective value without tv norm 0.5847585292726252
objective value with tv norm 0.589643553133552
[1800, 900.0, 450.0, 225.0, 112.5, 56.25, 30, 29, 28, 27, 26, 25, 24, 23, 22, 21, 20, 19, 18, 17, 16, 15, 14, 13, 12, 11, 10, 9, 8, 7, 6, 5, 4, 3, 2, 1, 0.5, 0.25]
predictive decrease 0.012838012502037043 actual decrease 0.0034755291116539055
objective value without tv norm 0.5812330001609712
objective value with tv norm 0.586168024021898
[1800, 900.0, 450.0, 225.0, 112.5, 56.25, 30, 29, 28, 27, 26, 25, 24, 23, 22, 21, 20, 19, 18, 17, 16, 15, 14, 13, 12, 11, 10, 9, 8, 7, 6, 5, 4, 3, 2, 1, 0.5, 0.25]
predictive decrease 0.01277912626172424 actual decrease 0.0035086772397499733
objective value without tv norm 0.5776743474299141
objective value with tv norm 0.582659346782148
[1800, 900.0, 450.0, 225.0, 112.5, 56.25, 30, 29, 28, 27, 26, 25, 24, 23, 22, 21, 20, 19, 18, 17, 16, 15, 14, 13, 12, 11, 10, 9, 8, 7, 6, 5, 4, 3, 2, 1]
predictive decrease 0.049218184537336264 actual decrease 0.0009779826324272049
objective value without tv norm 0.5765909058493087
objective value with tv norm 0.5816813641497208
[1800, 900.0, 450.0, 225.0, 112.5, 56.25, 30, 29, 28, 27, 26, 25, 24, 23, 22, 21, 20, 19, 18, 17, 16, 15, 14, 13, 12, 11, 10, 9, 8, 7, 6, 5, 4, 3, 2, 1, 0.5]
predictive decrease 0.047756876399120726 actual decrease 0.013518657559975415
objective value without tv norm 0.5631420615381622
objective value with tv norm 0.5681627065897454
[1800, 900.0, 450.0, 225.0, 112.5, 56.25, 30, 29, 28, 27, 26, 25, 24, 23, 22, 21, 20, 19, 18, 17, 16, 15, 14, 13, 12, 11, 10, 9, 8, 7, 6, 5, 4, 3, 2, 1, 0.5, 0.25]
predictive decrease 0.01344952140702053 actual decrease 0.003930073050384457
objective value without tv norm 0.5591684048772062
objective value with tv norm 0.5642326335393609
[1800, 900.0, 450.0, 225.0, 112.5, 56.25, 30, 29, 28, 27, 26, 25, 24, 23, 22, 21, 20, 19, 18, 17, 16, 15, 14, 13, 12, 11, 10, 9, 8, 7, 6, 5, 4, 3, 2, 1, 0.5, 0.25]
predictive decrease 0.009485794526614877 actual decrease 0.004988614599172795
objective value without tv norm 0.5541839686227061
objective value with tv norm 0.5592440189401882
[1800, 900.0, 450.0, 225.0, 112.5, 56.25, 30, 29, 28, 27, 26, 25, 24, 23, 22, 21, 20, 19, 18, 17, 16, 15, 14, 13, 12, 11, 10, 9, 8, 7, 6, 5, 4, 3, 2, 1, 0.5, 0.25]
predictive decrease 0.008246232477377963 actual decrease 0.0019882801250259595
objective value without tv norm 0.5522046493816749
objective value with tv norm 0.5572557388151622
[1800, 900.0, 450.0, 225.0, 112.5, 56.25, 30, 29, 28, 27, 26, 25, 24, 23, 22, 21, 20, 19, 18, 17, 16, 15, 14, 13, 12, 11, 10, 9, 8, 7, 6, 5, 4, 3, 2, 1, 0.5, 0.25]
predictive decrease 0.009562328941846658 actual decrease 0.00010567063329571576
objective value without tv norm 0.552099655416095
objective value with tv norm 0.5571500681818665
[1800, 900.0, 450.0, 225.0, 112.5, 56.25, 30, 29, 28, 27, 26, 25, 24, 23, 22, 21, 20, 19, 18, 17, 16, 15, 14, 13, 12, 11, 10, 9, 8, 7, 6, 5, 4, 3, 2, 1, 0.5, 0.25, 0.125]
predictive decrease 0.004717839403265086 actual decrease 0.0023381396642711723
objective value without tv norm 0.5497365157518238
objective value with tv norm 0.5548119285175953
[1800, 900.0, 450.0, 225.0, 112.5, 56.25, 30, 29, 28, 27, 26, 25, 24, 23, 22, 21, 20, 19, 18, 17, 16, 15, 14, 13, 12, 11, 10, 9, 8, 7, 6, 5, 4, 3, 2, 1, 0.5]
predictive decrease 0.01570753020219023 actual decrease 0.002317170081034604
objective value without tv norm 0.5474003660389707
objective value with tv norm 0.5524947584365607
[1800, 900.0, 450.0, 225.0, 112.5, 56.25, 30, 29, 28, 27, 26, 25, 24, 23, 22, 21, 20, 19, 18, 17, 16, 15, 14, 13, 12, 11, 10, 9, 8, 7, 6, 5, 4, 3, 2, 1, 0.5, 0.25]
predictive decrease 0.013363450210773165 actual decrease 0.003878128654902775
objective value without tv norm 0.5434722373840679
objective value with tv norm 0.5486166297816579
[1800, 900.0, 450.0, 225.0, 112.5, 56.25, 30, 29, 28, 27, 26, 25, 24, 23, 22, 21, 20, 19, 18, 17, 16, 15, 14, 13, 12, 11, 10, 9, 8, 7, 6, 5, 4, 3, 2, 1, 0.5, 0.25, 0.125]
predictive decrease 0.0043641020711321825 actual decrease 0.002020325625819248
objective value without tv norm 0.5414765431372819
objective value with tv norm 0.5465963041558387
[1800, 900.0, 450.0, 225.0, 112.5, 56.25, 30, 29, 28, 27, 26, 25, 24, 23, 22, 21, 20, 19, 18, 17, 16, 15, 14, 13, 12, 11, 10, 9, 8, 7, 6, 5, 4, 3, 2, 1, 0.5, 0.25, 0.125]
predictive decrease 0.003248859018828691 actual decrease 0.0017895915530362896
objective value without tv norm 0.5396689529872045
objective value with tv norm 0.5448067126028024
[1800, 900.0, 450.0, 225.0, 112.5, 56.25, 30, 29, 28, 27, 26, 25, 24, 23, 22, 21, 20, 19, 18, 17, 16, 15, 14, 13, 12, 11, 10, 9, 8, 7, 6, 5, 4, 3, 2, 1, 0.5, 0.25]
predictive decrease 0.006347125230188385 actual decrease 0.0031885132064061123
objective value without tv norm 0.5364817832251596
objective value with tv norm 0.5416181993963963
[1800, 900.0, 450.0, 225.0, 112.5, 56.25, 30, 29, 28, 27, 26, 25, 24, 23, 22, 21, 20, 19, 18, 17, 16, 15, 14, 13, 12, 11, 10, 9, 8, 7, 6, 5, 4, 3, 2, 1, 0.5, 0.25, 0.125]
predictive decrease 0.0029780698496270916 actual decrease 0.0006298218328206701
objective value without tv norm 0.5358519613923389
objective value with tv norm 0.5409883775635757
[1800, 900.0, 450.0, 225.0, 112.5, 56.25, 30, 29, 28, 27, 26, 25, 24, 23, 22, 21, 20, 19, 18, 17, 16, 15, 14, 13, 12, 11, 10, 9, 8, 7, 6, 5, 4, 3, 2, 1, 0.5, 0.25, 0.125]
predictive decrease 0.0034021490628193115 actual decrease 0.0010508528017929503
objective value without tv norm 0.534801108590546
objective value with tv norm 0.5399375247617827
[1800, 900.0, 450.0, 225.0, 112.5, 56.25, 30, 29, 28, 27, 26, 25, 24, 23, 22, 21, 20, 19, 18, 17, 16, 15, 14, 13, 12, 11, 10, 9, 8, 7, 6, 5, 4, 3, 2, 1, 0.5, 0.25, 0.125]
predictive decrease 0.0031410618614394585 actual decrease 0.0007776981666422402
objective value without tv norm 0.5339984104239037
objective value with tv norm 0.5391598265951405
[1800, 900.0, 450.0, 225.0, 112.5, 56.25, 30, 29, 28, 27, 26, 25, 24, 23, 22, 21, 20, 19, 18, 17, 16, 15, 14, 13, 12, 11, 10, 9, 8, 7, 6, 5, 4, 3, 2, 1, 0.5, 0.25, 0.125]
predictive decrease 0.0029735367100928506 actual decrease 0.0005805025145707516
objective value without tv norm 0.533442907909333
objective value with tv norm 0.5385793240805697
[1800, 900.0, 450.0, 225.0, 112.5, 56.25, 30, 29, 28, 27, 26, 25, 24, 23, 22, 21, 20, 19, 18, 17, 16, 15, 14, 13, 12, 11, 10, 9, 8, 7, 6, 5, 4, 3, 2, 1, 0.5, 0.25, 0.125]
predictive decrease 0.0027545838302314015 actual decrease 0.0003716078830014952
objective value without tv norm 0.5330713000263315
objective value with tv norm 0.5382077161975682
[1800, 900.0, 450.0, 225.0, 112.5, 56.25, 30, 29, 28, 27, 26, 25, 24, 23, 22, 21, 20, 19, 18, 17, 16, 15, 14, 13, 12, 11, 10, 9, 8, 7, 6, 5, 4, 3, 2, 1, 0.5, 0.25]
predictive decrease 0.00628439597731199 actual decrease 0.0007532864416693978
objective value without tv norm 0.5323162047650404
objective value with tv norm 0.5374544297558989
[1800, 900.0, 450.0, 225.0, 112.5, 56.25, 30, 29, 28, 27, 26, 25, 24, 23, 22, 21, 20, 19, 18, 17, 16, 15, 14, 13, 12, 11, 10, 9, 8, 7, 6, 5, 4, 3, 2, 1, 0.5, 0.25, 0.125]
predictive decrease 0.0034374325165644967 actual decrease 0.0010415091462137142
objective value without tv norm 0.5312746956188267
objective value with tv norm 0.5364129206096852
[1800, 900.0, 450.0, 225.0, 112.5, 56.25, 30, 29, 28, 27, 26, 25, 24, 23, 22, 21, 20, 19, 18, 17, 16, 15, 14, 13, 12, 11, 10, 9, 8, 7, 6, 5, 4, 3, 2, 1, 0.5, 0.25, 0.125]
predictive decrease 0.0027260548903821286 actual decrease 0.0007558345305242456
objective value without tv norm 0.5305415219247049
objective value with tv norm 0.535657086079161
[1800, 900.0, 450.0, 225.0, 112.5, 56.25, 30, 29, 28, 27, 26, 25, 24, 23, 22, 21, 20, 19, 18, 17, 16, 15, 14, 13, 12, 11, 10, 9, 8, 7, 6, 5, 4, 3, 2, 1, 0.5, 0.25, 0.125]
predictive decrease 0.002649237242609485 actual decrease 0.0010333959871034314
objective value without tv norm 0.5295018759376016
objective value with tv norm 0.5346236900920576
[1800, 900.0, 450.0, 225.0, 112.5, 56.25, 30, 29, 28, 27, 26, 25, 24, 23, 22, 21, 20, 19, 18, 17, 16, 15, 14, 13, 12, 11, 10, 9, 8, 7, 6, 5, 4, 3, 2, 1, 0.5, 0.25, 0.125]
predictive decrease 0.0024631215934988 actual decrease 0.0011897926193074537
objective value without tv norm 0.5282923070884508
objective value with tv norm 0.5334338974727502
[1800, 900.0, 450.0, 225.0, 112.5, 56.25, 30, 29, 28, 27, 26, 25, 24, 23, 22, 21, 20, 19, 18, 17, 16, 15, 14, 13, 12, 11, 10, 9, 8, 7, 6, 5, 4, 3, 2, 1, 0.5]
predictive decrease 0.009597007023747727 actual decrease 2.3091421593565004e-05
objective value without tv norm 0.5282902120308882
objective value with tv norm 0.5334108060511566
[1800, 900.0, 450.0, 225.0, 112.5, 56.25, 30, 29, 28, 27, 26, 25, 24, 23, 22, 21, 20, 19, 18, 17, 16, 15, 14, 13, 12, 11, 10, 9, 8, 7, 6, 5, 4, 3, 2, 1, 0.5, 0.25, 0.125]
predictive decrease 0.004684140627725498 actual decrease 0.0023050134632680574
objective value without tv norm 0.5260101985676202
objective value with tv norm 0.5311057925878886
[1800, 900.0, 450.0, 225.0, 112.5, 56.25, 30, 29, 28, 27, 26, 25, 24, 23, 22, 21, 20, 19, 18, 17, 16, 15, 14, 13, 12, 11, 10, 9, 8, 7, 6, 5, 4, 3, 2, 1, 0.5, 0.25, 0.125]
predictive decrease 0.003502556874248764 actual decrease 0.0011165472483157801
objective value without tv norm 0.5248936513193044
objective value with tv norm 0.5299892453395728
[1800, 900.0, 450.0, 225.0, 112.5, 56.25, 30, 29, 28, 27, 26, 25, 24, 23, 22, 21, 20, 19, 18, 17, 16, 15, 14, 13, 12, 11, 10, 9, 8, 7, 6, 5, 4, 3, 2, 1, 0.5, 0.25, 0.125]
predictive decrease 0.0027488748925589748 actual decrease 0.0003624750111121556
objective value without tv norm 0.524520906541658
objective value with tv norm 0.5296267703284606
[1800, 900.0, 450.0, 225.0, 112.5, 56.25, 30, 29, 28, 27, 26, 25, 24, 23, 22, 21, 20, 19, 18, 17, 16, 15, 14, 13, 12, 11, 10, 9, 8, 7, 6, 5, 4, 3, 2, 1, 0.5, 0.25, 0.125, 0.0625]
predictive decrease 0.0011897253853235378 actual decrease 0.0005902825269388659
objective value without tv norm 0.523918124014719
objective value with tv norm 0.5290364878015218
[1800, 900.0, 450.0, 225.0, 112.5, 56.25, 30, 29, 28, 27, 26, 25, 24, 23, 22, 21, 20, 19, 18, 17, 16, 15, 14, 13, 12, 11, 10, 9, 8, 7, 6, 5, 4, 3, 2, 1, 0.5, 0.25, 0.125]
predictive decrease 0.0027296423213995944 actual decrease 0.0003325095878674413
objective value without tv norm 0.5235606144268516
objective value with tv norm 0.5287039782136543
[1800, 900.0, 450.0, 225.0, 112.5, 56.25, 30, 29, 28, 27, 26, 25, 24, 23, 22, 21, 20, 19, 18, 17, 16, 15, 14, 13, 12, 11, 10, 9, 8, 7, 6, 5, 4, 3, 2, 1, 0.5, 0.25, 0.125, 0.0625]
predictive decrease 0.00118622705220335 actual decrease 0.000585452198559609
objective value without tv norm 0.522962662228292
objective value with tv norm 0.5281185260150947
[1800, 900.0, 450.0, 225.0, 112.5, 56.25, 30, 29, 28, 27, 26, 25, 24, 23, 22, 21, 20, 19, 18, 17, 16, 15, 14, 13, 12, 11, 10, 9, 8, 7, 6, 5, 4, 3, 2, 1, 0.5, 0.25, 0.125]
predictive decrease 0.002138608773578122 actual decrease 0.0005946656055882717
objective value without tv norm 0.5223432710921776
objective value with tv norm 0.5275238604095064
[1800, 900.0, 450.0, 225.0, 112.5, 56.25, 30, 29, 28, 27, 26, 25, 24, 23, 22, 21, 20, 19, 18, 17, 16, 15, 14, 13, 12, 11, 10, 9, 8, 7, 6, 5, 4, 3, 2, 1, 0.5, 0.25, 0.125]
predictive decrease 0.0021684738797954385 actual decrease 0.0006018775749297867
objective value without tv norm 0.5217415707929202
objective value with tv norm 0.5269219828345766
[1800, 900.0, 450.0, 225.0, 112.5, 56.25, 30, 29, 28, 27, 26, 25, 24, 23, 22, 21, 20, 19, 18, 17, 16, 15, 14, 13, 12, 11, 10, 9, 8, 7, 6, 5, 4, 3, 2, 1, 0.5, 0.25, 0.125]
predictive decrease 0.0021449335781651754 actual decrease 0.0005674259986348362
objective value without tv norm 0.5211491447942853
objective value with tv norm 0.5263545568359418
[1800, 900.0, 450.0, 225.0, 112.5, 56.25, 30, 29, 28, 27, 26, 25, 24, 23, 22, 21, 20, 19, 18, 17, 16, 15, 14, 13, 12, 11, 10, 9, 8, 7, 6, 5, 4, 3, 2, 1, 0.5, 0.25, 0.125]
predictive decrease 0.0021607323384224423 actual decrease 0.0005945351249808479
objective value without tv norm 0.5205296096693045
objective value with tv norm 0.5257600217109609
[1800, 900.0, 450.0, 225.0, 112.5, 56.25, 30, 29, 28, 27, 26, 25, 24, 23, 22, 21, 20, 19, 18, 17, 16, 15, 14, 13, 12, 11, 10, 9, 8, 7, 6, 5, 4, 3, 2, 1, 0.5, 0.25, 0.125]
predictive decrease 0.0021161460364125667 actual decrease 0.000538601430947562
objective value without tv norm 0.5199660082383569
objective value with tv norm 0.5252214202800134
[1800, 900.0, 450.0, 225.0, 112.5, 56.25, 30, 29, 28, 27, 26, 25, 24, 23, 22, 21, 20, 19, 18, 17, 16, 15, 14, 13, 12, 11, 10, 9, 8, 7, 6, 5, 4, 3, 2, 1, 0.5, 0.25, 0.125]
predictive decrease 0.0021545605629080733 actual decrease 0.0005883537131230231
objective value without tv norm 0.5193526545252339
objective value with tv norm 0.5246330665668903
[1800, 900.0, 450.0, 225.0, 112.5, 56.25, 30, 29, 28, 27, 26, 25, 24, 23, 22, 21, 20, 19, 18, 17, 16, 15, 14, 13, 12, 11, 10, 9, 8, 7, 6, 5, 4, 3, 2, 1, 0.5, 0.25, 0.125]
predictive decrease 0.002087255780183088 actual decrease 0.0005096752316316195
objective value without tv norm 0.5188179792936023
objective value with tv norm 0.5241233913352588
[1800, 900.0, 450.0, 225.0, 112.5, 56.25, 30, 29, 28, 27, 26, 25, 24, 23, 22, 21, 20, 19, 18, 17, 16, 15, 14, 13, 12, 11, 10, 9, 8, 7, 6, 5, 4, 3, 2, 1, 0.5, 0.25, 0.125]
predictive decrease 0.0021483409883357894 actual decrease 0.0005821247755111994
objective value without tv norm 0.5182108545180911
objective value with tv norm 0.5235412665597475
[1800, 900.0, 450.0, 225.0, 112.5, 56.25, 30, 29, 28, 27, 26, 25, 24, 23, 22, 21, 20, 19, 18, 17, 16, 15, 14, 13, 12, 11, 10, 9, 8, 7, 6, 5, 4, 3, 2, 1, 0.5, 0.25, 0.125]
predictive decrease 0.002058265808337527 actual decrease 0.0004806504041084082
objective value without tv norm 0.5177052041139827
objective value with tv norm 0.5230606161556391
[1800, 900.0, 450.0, 225.0, 112.5, 56.25, 30, 29, 28, 27, 26, 25, 24, 23, 22, 21, 20, 19, 18, 17, 16, 15, 14, 13, 12, 11, 10, 9, 8, 7, 6, 5, 4, 3, 2, 1, 0.5, 0.25, 0.125]
predictive decrease 0.0021413389530354912 actual decrease 0.0005768728943217937
objective value without tv norm 0.517111797088401
objective value with tv norm 0.5224837432613173
[1800, 900.0, 450.0, 225.0, 112.5, 56.25, 30, 29, 28, 27, 26, 25, 24, 23, 22, 21, 20, 19, 18, 17, 16, 15, 14, 13, 12, 11, 10, 9, 8, 7, 6, 5, 4, 3, 2, 1, 0.5, 0.25, 0.125]
predictive decrease 0.002029486352884355 actual decrease 0.000571603446347377
objective value without tv norm 0.5165171696642347
objective value with tv norm 0.52191213981497
[1800, 900.0, 450.0, 225.0, 112.5, 56.25, 30, 29, 28, 27, 26, 25, 24, 23, 22, 21, 20, 19, 18, 17, 16, 15, 14, 13, 12, 11, 10, 9, 8, 7, 6, 5, 4, 3, 2, 1, 0.5, 0.25]
predictive decrease 0.003983322621486152 actual decrease 0.0009033200932235079
objective value without tv norm 0.5155911706075682
objective value with tv norm 0.5210088197217465
[1800, 900.0, 450.0, 225.0, 112.5, 56.25, 30, 29, 28, 27, 26, 25, 24, 23, 22, 21, 20, 19, 18, 17, 16, 15, 14, 13, 12, 11, 10, 9, 8, 7, 6, 5, 4, 3, 2, 1, 0.5, 0.25, 0.125]
predictive decrease 0.0021816779187251835 actual decrease 0.0006039940180735193
objective value without tv norm 0.5149621765894947
objective value with tv norm 0.520404825703673
[1800, 900.0, 450.0, 225.0, 112.5, 56.25, 30, 29, 28, 27, 26, 25, 24, 23, 22, 21, 20, 19, 18, 17, 16, 15, 14, 13, 12, 11, 10, 9, 8, 7, 6, 5, 4, 3, 2, 1, 0.5, 0.25, 0.125, 0.0625]
predictive decrease 0.0009773095268322506 actual decrease 0.0003781526401503482
objective value without tv norm 0.5145715239493444
objective value with tv norm 0.5200266730635226
[1800, 900.0, 450.0, 225.0, 112.5, 56.25, 30, 29, 28, 27, 26, 25, 24, 23, 22, 21, 20, 19, 18, 17, 16, 15, 14, 13, 12, 11, 10, 9, 8, 7, 6, 5, 4, 3, 2, 1, 0.5, 0.25]
predictive decrease 0.0039021949364678853 actual decrease 0.0014273442871266771
objective value without tv norm 0.5131226727770843
objective value with tv norm 0.5185993287763959
[1800, 900.0, 450.0, 225.0, 112.5, 56.25, 30, 29, 28, 27, 26, 25, 24, 23, 22, 21, 20, 19, 18, 17, 16, 15, 14, 13, 12, 11, 10, 9, 8, 7, 6, 5, 4, 3, 2, 1, 0.5, 0.25, 0.125, 0.0625]
predictive decrease 0.0009673517804721175 actual decrease 0.00037471607641128765
objective value without tv norm 0.5127479567006731
objective value with tv norm 0.5182246126999847
[1800, 900.0, 450.0, 225.0, 112.5, 56.25, 30, 29, 28, 27, 26, 25, 24, 23, 22, 21, 20, 19, 18, 17, 16, 15, 14, 13, 12, 11, 10, 9, 8, 7, 6, 5, 4, 3, 2, 1, 0.5, 0.25, 0.125]
predictive decrease 0.0020743092922224987 actual decrease 0.0005517970054831857
objective value without tv norm 0.5121782572421792
objective value with tv norm 0.5176728156945015
[1800, 900.0, 450.0, 225.0, 112.5, 56.25, 30, 29, 28, 27, 26, 25, 24, 23, 22, 21, 20, 19, 18, 17, 16, 15, 14, 13, 12, 11, 10, 9, 8, 7, 6, 5, 4, 3, 2, 1, 0.5, 0.25, 0.125, 0.0625]
predictive decrease 0.0010606973239920573 actual decrease 0.0005219896118902083
objective value without tv norm 0.5116555715086217
objective value with tv norm 0.5171508260826113
[1800, 900.0, 450.0, 225.0, 112.5, 56.25, 30, 29, 28, 27, 26, 25, 24, 23, 22, 21, 20, 19, 18, 17, 16, 15, 14, 13, 12, 11, 10, 9, 8, 7, 6, 5, 4, 3, 2, 1, 0.5, 0.25]
predictive decrease 0.003712885721063244 actual decrease 0.000518724793113305
objective value without tv norm 0.5111258773440817
objective value with tv norm 0.516632101289498
[1800, 900.0, 450.0, 225.0, 112.5, 56.25, 30, 29, 28, 27, 26, 25, 24, 23, 22, 21, 20, 19, 18, 17, 16, 15, 14, 13, 12, 11, 10, 9, 8, 7, 6, 5, 4, 3, 2, 1, 0.5, 0.25]
predictive decrease 0.006515447663083829 actual decrease 0.0002042164209689933
objective value without tv norm 0.5108716609231126
objective value with tv norm 0.516427884868529
original energy 0.5017778085112654
objective value without tv norm 0.5108716609231126
alpha 0.0001
objective value with tv norm 0.516427884868529
tv norm 55.56223945416351
l2 norm 0.09093852411847207
computational time 824.57301925
total iterations 3838
[1800, 900.0, 450.0, 225.0, 112.5, 56.25, 30, 29, 28, 27, 26, 25, 24, 23, 22, 21, 20, 19, 18, 17, 16, 15, 14, 13, 12, 11, 10, 9, 8, 7, 6, 5, 4, 3, 2, 1, 0.5, 0.25, 0.125]
predictive decrease 0.0015585152190331708 actual decrease 0.0005437811073784856
objective value without tv norm 0.9646431096154819
objective value with tv norm 0.9697177450484334
