[400, 200.0, 100.0, 50.0, 30, 29, 28, 27, 26, 25, 24, 23, 22, 21, 20, 19, 18, 17, 16, 15, 14, 13, 12, 11, 10, 9, 8, 7, 6, 5, 4, 3, 2, 1, 0.5, 0.25, 0.125, 0.0625, 0.03125]
predictive decrease 6.833755743665404e-05 actual decrease 3.4494781422544224e-05
objective value without tv norm 5.2838058010667164e-05
objective value with tv norm 0.01871282132895174
[400, 200.0, 100.0, 50.0, 30, 29, 28, 27, 26, 25, 24, 23, 22, 21, 20, 19, 18, 17, 16, 15, 14, 13, 12, 11, 10, 9, 8, 7, 6, 5, 4, 3, 2, 1, 0.5, 0.25, 0.125, 0.0625]
predictive decrease 0.0002207348402874891 actual decrease 7.372573820402586e-05
objective value without tv norm 0.0001041123198066435
objective value with tv norm 0.018639095590747713
[400, 200.0, 100.0, 50.0, 30, 29, 28, 27, 26, 25, 24, 23, 22, 21, 20, 19, 18, 17, 16, 15, 14, 13, 12, 11, 10, 9, 8, 7, 6, 5, 4, 3, 2, 1, 0.5, 0.25, 0.125, 0.0625]
predictive decrease 0.00021653650555489637 actual decrease 8.469047338965918e-05
objective value without tv norm 0.0001444218464169843
objective value with tv norm 0.018554405117358053
[400, 200.0, 100.0, 50.0, 30, 29, 28, 27, 26, 25, 24, 23, 22, 21, 20, 19, 18, 17, 16, 15, 14, 13, 12, 11, 10, 9, 8, 7, 6, 5, 4, 3, 2, 1, 0.5, 0.25]
predictive decrease 0.0008923225657016184 actual decrease 0.00023648963620187188
objective value without tv norm 0.00040793221021511334
objective value with tv norm 0.01831791548115618
[400, 200.0, 100.0, 50.0, 30, 29, 28, 27, 26, 25, 24, 23, 22, 21, 20, 19, 18, 17, 16, 15, 14, 13, 12, 11, 10, 9, 8, 7, 6, 5, 4, 3, 2, 1, 0.5, 0.25, 0.125, 0.0625]
predictive decrease 0.000248075705162408 actual decrease 0.0001006225583386304
objective value without tv norm 0.0004323096518764832
objective value with tv norm 0.01821729292281755
[400, 200.0, 100.0, 50.0, 30, 29, 28, 27, 26, 25, 24, 23, 22, 21, 20, 19, 18, 17, 16, 15, 14, 13, 12, 11, 10, 9, 8, 7, 6, 5, 4, 3, 2, 1, 0.5, 0.25, 0.125]
predictive decrease 0.000774854785048084 actual decrease 0.0002943171237094963
objective value without tv norm 0.0003795841092181899
objective value with tv norm 0.017922975799108055
[400, 200.0, 100.0, 50.0, 30, 29, 28, 27, 26, 25, 24, 23, 22, 21, 20, 19, 18, 17, 16, 15, 14, 13, 12, 11, 10, 9, 8, 7, 6, 5, 4, 3, 2, 1, 0.5, 0.25, 0.125]
predictive decrease 0.0007521191377166878 actual decrease 0.00016227512651720288
objective value without tv norm 0.0004673089827009853
objective value with tv norm 0.017760700672590852
[400, 200.0, 100.0, 50.0, 30, 29, 28, 27, 26, 25, 24, 23, 22, 21, 20, 19, 18, 17, 16, 15, 14, 13, 12, 11, 10, 9, 8, 7, 6, 5, 4, 3, 2, 1, 0.5, 0.25, 0.125]
predictive decrease 0.0006637088568369441 actual decrease 0.00022623779395531882
objective value without tv norm 0.00027156139750118325
objective value with tv norm 0.017534462878635533
[400, 200.0, 100.0, 50.0, 30, 29, 28, 27, 26, 25, 24, 23, 22, 21, 20, 19, 18, 17, 16, 15, 14, 13, 12, 11, 10, 9, 8, 7, 6, 5, 4, 3, 2, 1, 0.5]
predictive decrease 0.0022773427348821984 actual decrease 0.00020851238657959917
objective value without tv norm 0.0010630490109215815
objective value with tv norm 0.017325950492055934
[400, 200.0, 100.0, 50.0, 30, 29, 28, 27, 26, 25, 24, 23, 22, 21, 20, 19, 18, 17, 16, 15, 14, 13, 12, 11, 10, 9, 8, 7, 6, 5, 4, 3, 2, 1, 0.5, 0.25]
predictive decrease 0.002562829521730259 actual decrease 0.000203302188719421
objective value without tv norm 0.0012038973150238002
objective value with tv norm 0.017122648303336513
[400, 200.0, 100.0, 50.0, 30, 29, 28, 27, 26, 25, 24, 23, 22, 21, 20, 19, 18, 17, 16, 15, 14, 13, 12, 11, 10, 9, 8, 7, 6, 5, 4, 3, 2, 1, 0.5, 0.25]
predictive decrease 0.002654612624632822 actual decrease 0.0007235454827355971
objective value without tv norm 0.00048223289203346746
objective value with tv norm 0.016399102820600916
[400, 200.0, 100.0, 50.0, 30, 29, 28, 27, 26, 25, 24, 23, 22, 21, 20, 19, 18, 17, 16, 15, 14, 13, 12, 11, 10, 9, 8, 7, 6, 5, 4, 3, 2, 1, 0.5, 0.25, 0.125]
predictive decrease 0.0006402139487781192 actual decrease 0.00014498109317347824
objective value without tv norm 0.000339371183504853
objective value with tv norm 0.016254121727427438
[400, 200.0, 100.0, 50.0, 30, 29, 28, 27, 26, 25, 24, 23, 22, 21, 20, 19, 18, 17, 16, 15, 14, 13, 12, 11, 10, 9, 8, 7, 6, 5, 4, 3, 2, 1, 0.5, 0.25, 0.125, 0.0625]
predictive decrease 0.0002664469841260411 actual decrease 0.00014195649102508381
objective value without tv norm 0.00030777239994350994
objective value with tv norm 0.016112165236402354
[400, 200.0, 100.0, 50.0, 30, 29, 28, 27, 26, 25, 24, 23, 22, 21, 20, 19, 18, 17, 16, 15, 14, 13, 12, 11, 10, 9, 8, 7, 6, 5, 4, 3, 2, 1, 0.5, 0.25, 0.125]
predictive decrease 0.00042024399625609915 actual decrease 8.173007201017768e-07
objective value without tv norm 0.00032243689797854076
objective value with tv norm 0.016111347935682252
[400, 200.0, 100.0, 50.0, 30, 29, 28, 27, 26, 25, 24, 23, 22, 21, 20, 19, 18, 17, 16, 15, 14, 13, 12, 11, 10, 9, 8, 7, 6, 5, 4, 3, 2, 1, 0.5, 0.25, 0.125]
predictive decrease 0.0005184104978690658 actual decrease 3.3657159849775214e-05
objective value without tv norm 0.00028877973812876744
objective value with tv norm 0.016077690775832477
[400, 200.0, 100.0, 50.0, 30, 29, 28, 27, 26, 25, 24, 23, 22, 21, 20, 19, 18, 17, 16, 15, 14, 13, 12, 11, 10, 9, 8, 7, 6, 5, 4, 3, 2, 1, 0.5, 0.25, 0.125, 0.0625]
predictive decrease 0.0002528701433819232 actual decrease 0.00010541013548639663
objective value without tv norm 0.00018336960264236956
objective value with tv norm 0.01597228064034608
[400, 200.0, 100.0, 50.0, 30, 29, 28, 27, 26, 25, 24, 23, 22, 21, 20, 19, 18, 17, 16, 15, 14, 13, 12, 11, 10, 9, 8, 7, 6, 5, 4, 3, 2, 1, 0.5, 0.25, 0.125, 0.0625]
predictive decrease 0.00018733040964282952 actual decrease 5.0874393625180425e-05
objective value without tv norm 0.00025749520901719033
objective value with tv norm 0.0159214062467209
[400, 200.0, 100.0, 50.0, 30, 29, 28, 27, 26, 25, 24, 23, 22, 21, 20, 19, 18, 17, 16, 15, 14, 13, 12, 11, 10, 9, 8, 7, 6, 5, 4, 3, 2, 1, 0.5, 0.25, 0.125]
predictive decrease 0.000695933994450634 actual decrease 0.00012867087642938133
objective value without tv norm 0.00037882433258781
objective value with tv norm 0.01579273537029152
[400, 200.0, 100.0, 50.0, 30, 29, 28, 27, 26, 25, 24, 23, 22, 21, 20, 19, 18, 17, 16, 15, 14, 13, 12, 11, 10, 9, 8, 7, 6, 5, 4, 3, 2, 1, 0.5, 0.25, 0.125]
predictive decrease 0.0006751403106927227 actual decrease 8.950625956570882e-05
objective value without tv norm 0.0005393180730220992
objective value with tv norm 0.01570322911072581
[400, 200.0, 100.0, 50.0, 30, 29, 28, 27, 26, 25, 24, 23, 22, 21, 20, 19, 18, 17, 16, 15, 14, 13, 12, 11, 10, 9, 8, 7, 6, 5, 4, 3, 2, 1, 0.5, 0.25, 0.125]
predictive decrease 0.0006954222819797115 actual decrease 0.0001381707572870646
objective value without tv norm 0.0006511473157350362
objective value with tv norm 0.015565058353438745
[400, 200.0, 100.0, 50.0, 30, 29, 28, 27, 26, 25, 24, 23, 22, 21, 20, 19, 18, 17, 16, 15, 14, 13, 12, 11, 10, 9, 8, 7, 6, 5, 4, 3, 2, 1, 0.5, 0.25, 0.125]
predictive decrease 0.0006715801319591326 actual decrease 9.508615804085414e-05
objective value without tv norm 0.0008060611576941825
objective value with tv norm 0.01546997219539789
[400, 200.0, 100.0, 50.0, 30, 29, 28, 27, 26, 25, 24, 23, 22, 21, 20, 19, 18, 17, 16, 15, 14, 13, 12, 11, 10, 9, 8, 7, 6, 5, 4, 3, 2, 1, 0.5, 0.25, 0.125]
predictive decrease 0.0006444277378409788 actual decrease 0.000358378623016296
objective value without tv norm 0.0006952626949384331
objective value with tv norm 0.015111593572381595
[400, 200.0, 100.0, 50.0, 30, 29, 28, 27, 26, 25, 24, 23, 22, 21, 20, 19, 18, 17, 16, 15, 14, 13, 12, 11, 10, 9, 8, 7, 6, 5, 4, 3, 2, 1, 0.5, 0.25, 0.125]
predictive decrease 0.0008792010255613374 actual decrease 0.0002892576390312821
objective value without tv norm 0.000656005055907151
objective value with tv norm 0.014822335933350313
[400, 200.0, 100.0, 50.0, 30, 29, 28, 27, 26, 25, 24, 23, 22, 21, 20, 19, 18, 17, 16, 15, 14, 13, 12, 11, 10, 9, 8, 7, 6, 5, 4, 3, 2, 1, 0.5, 0.25, 0.125]
predictive decrease 0.0010406327168717509 actual decrease 0.0004506998938427591
objective value without tv norm 0.0004553051620643925
objective value with tv norm 0.014371636039507554
[400, 200.0, 100.0, 50.0, 30, 29, 28, 27, 26, 25, 24, 23, 22, 21, 20, 19, 18, 17, 16, 15, 14, 13, 12, 11, 10, 9, 8, 7, 6, 5, 4, 3, 2, 1, 0.5, 0.25, 0.125]
predictive decrease 0.0006653558233620169 actual decrease 7.541134883996825e-05
objective value without tv norm 0.00037989381322442385
objective value with tv norm 0.014296224690667585
[400, 200.0, 100.0, 50.0, 30, 29, 28, 27, 26, 25, 24, 23, 22, 21, 20, 19, 18, 17, 16, 15, 14, 13, 12, 11, 10, 9, 8, 7, 6, 5, 4, 3, 2, 1, 0.5, 0.25, 0.125]
predictive decrease 0.0009267110770368736 actual decrease 0.0003367761190778522
objective value without tv norm 0.0002931176941465717
objective value with tv norm 0.013959448571589733
[400, 200.0, 100.0, 50.0, 30, 29, 28, 27, 26, 25, 24, 23, 22, 21, 20, 19, 18, 17, 16, 15, 14, 13, 12, 11, 10, 9, 8, 7, 6, 5, 4, 3, 2, 1, 0.5, 0.25, 0.125]
predictive decrease 0.0005759818308506796 actual decrease 4.712252714094388e-05
objective value without tv norm 0.0004959951670056289
objective value with tv norm 0.01391232604444879
[400, 200.0, 100.0, 50.0, 30, 29, 28, 27, 26, 25, 24, 23, 22, 21, 20, 19, 18, 17, 16, 15, 14, 13, 12, 11, 10, 9, 8, 7, 6, 5, 4, 3, 2, 1, 0.5, 0.25, 0.125]
predictive decrease 0.0007391981702406323 actual decrease 0.00023452271755355913
objective value without tv norm 0.0005114724494520734
objective value with tv norm 0.01367780332689523
[400, 200.0, 100.0, 50.0, 30, 29, 28, 27, 26, 25, 24, 23, 22, 21, 20, 19, 18, 17, 16, 15, 14, 13, 12, 11, 10, 9, 8, 7, 6, 5, 4, 3, 2, 1, 0.5, 0.25, 0.125, 0.0625]
predictive decrease 0.00024763253061625516 actual decrease 0.00010015549891103336
objective value without tv norm 0.0005363169505410404
objective value with tv norm 0.013577647827984197
[400, 200.0, 100.0, 50.0, 30, 29, 28, 27, 26, 25, 24, 23, 22, 21, 20, 19, 18, 17, 16, 15, 14, 13, 12, 11, 10, 9, 8, 7, 6, 5, 4, 3, 2, 1, 0.5, 0.25, 0.125]
predictive decrease 0.0008581343326346889 actual decrease 0.00026823404799168615
objective value without tv norm 0.0005180829025493512
objective value with tv norm 0.01330941377999251
[400, 200.0, 100.0, 50.0, 30, 29, 28, 27, 26, 25, 24, 23, 22, 21, 20, 19, 18, 17, 16, 15, 14, 13, 12, 11, 10, 9, 8, 7, 6, 5, 4, 3, 2, 1, 0.5, 0.25, 0.125]
predictive decrease 0.0008669348908126751 actual decrease 0.0002770314608078195
objective value without tv norm 0.000491051441741532
objective value with tv norm 0.013032382319184691
[400, 200.0, 100.0, 50.0, 30, 29, 28, 27, 26, 25, 24, 23, 22, 21, 20, 19, 18, 17, 16, 15, 14, 13, 12, 11, 10, 9, 8, 7, 6, 5, 4, 3, 2, 1, 0.5, 0.25, 0.125]
predictive decrease 0.0007211616626035047 actual decrease 0.00013126089619451553
objective value without tv norm 0.0006097905455470169
objective value with tv norm 0.012901121422990176
[400, 200.0, 100.0, 50.0, 30, 29, 28, 27, 26, 25, 24, 23, 22, 21, 20, 19, 18, 17, 16, 15, 14, 13, 12, 11, 10, 9, 8, 7, 6, 5, 4, 3, 2, 1, 0.5, 0.25]
predictive decrease 0.0014286285458298426 actual decrease 0.00024164253353025147
objective value without tv norm 0.000598649509852271
objective value with tv norm 0.012659478889459924
[400, 200.0, 100.0, 50.0, 30, 29, 28, 27, 26, 25, 24, 23, 22, 21, 20, 19, 18, 17, 16, 15, 14, 13, 12, 11, 10, 9, 8, 7, 6, 5, 4, 3, 2, 1, 0.5, 0.25, 0.125]
predictive decrease 0.0009331712564174133 actual decrease 0.00037225090099949135
objective value without tv norm 0.00047639860885277777
objective value with tv norm 0.012287227988460433
[400, 200.0, 100.0, 50.0, 30, 29, 28, 27, 26, 25, 24, 23, 22, 21, 20, 19, 18, 17, 16, 15, 14, 13, 12, 11, 10, 9, 8, 7, 6, 5, 4, 3, 2, 1, 0.5, 0.25]
predictive decrease 0.0012305013392042725 actual decrease 0.0001754098082743412
objective value without tv norm 0.0007322550176483769
objective value with tv norm 0.012111818180186092
[400, 200.0, 100.0, 50.0, 30, 29, 28, 27, 26, 25, 24, 23, 22, 21, 20, 19, 18, 17, 16, 15, 14, 13, 12, 11, 10, 9, 8, 7, 6, 5, 4, 3, 2, 1, 0.5, 0.25, 0.125]
predictive decrease 0.0010974801918668328 actual decrease 0.0005076153839664553
objective value without tv norm 0.0004746396336819211
objective value with tv norm 0.011604202796219636
[400, 200.0, 100.0, 50.0, 30, 29, 28, 27, 26, 25, 24, 23, 22, 21, 20, 19, 18, 17, 16, 15, 14, 13, 12, 11, 10, 9, 8, 7, 6, 5, 4, 3, 2, 1, 0.5, 0.25, 0.125]
predictive decrease 0.000761507290620432 actual decrease 0.00017157780622676158
objective value without tv norm 0.0005530618274551605
objective value with tv norm 0.011432624989992875
[400, 200.0, 100.0, 50.0, 30, 29, 28, 27, 26, 25, 24, 23, 22, 21, 20, 19, 18, 17, 16, 15, 14, 13, 12, 11, 10, 9, 8, 7, 6, 5, 4, 3, 2, 1, 0.5, 0.25, 0.125]
predictive decrease 0.0006213191084912216 actual decrease 0.0001458086309105832
objective value without tv norm 0.0005111916405625179
objective value with tv norm 0.011286816359082292
[400, 200.0, 100.0, 50.0, 30, 29, 28, 27, 26, 25, 24, 23, 22, 21, 20, 19, 18, 17, 16, 15, 14, 13, 12, 11, 10, 9, 8, 7, 6, 5, 4, 3, 2, 1, 0.5, 0.25]
predictive decrease 0.0009146566199743581 actual decrease 6.648394031792682e-05
objective value without tv norm 0.0009425056966447479
objective value with tv norm 0.011220332418764365
[400, 200.0, 100.0, 50.0, 30, 29, 28, 27, 26, 25, 24, 23, 22, 21, 20, 19, 18, 17, 16, 15, 14, 13, 12, 11, 10, 9, 8, 7, 6, 5, 4, 3, 2, 1, 0.5, 0.25, 0.125]
predictive decrease 0.0008518719963537744 actual decrease 0.00026197072822397617
objective value without tv norm 0.00043053496842077233
objective value with tv norm 0.010958361690540389
[400, 200.0, 100.0, 50.0, 30, 29, 28, 27, 26, 25, 24, 23, 22, 21, 20, 19, 18, 17, 16, 15, 14, 13, 12, 11, 10, 9, 8, 7, 6, 5, 4, 3, 2, 1, 0.5, 0.25]
predictive decrease 0.0008571357119506393 actual decrease 0.0003791628208726968
objective value without tv norm 0.0005150385809983898
objective value with tv norm 0.01057919886966769
[400, 200.0, 100.0, 50.0, 30, 29, 28, 27, 26, 25, 24, 23, 22, 21, 20, 19, 18, 17, 16, 15, 14, 13, 12, 11, 10, 9, 8, 7, 6, 5, 4, 3, 2, 1, 0.5, 0.25, 0.125, 0.0625]
predictive decrease 0.00028028291583084147 actual decrease 0.00013280661099710107
objective value without tv norm 0.00038815776433927804
objective value with tv norm 0.010446392258670589
[400, 200.0, 100.0, 50.0, 30, 29, 28, 27, 26, 25, 24, 23, 22, 21, 20, 19, 18, 17, 16, 15, 14, 13, 12, 11, 10, 9, 8, 7, 6, 5, 4, 3, 2, 1, 0.5, 0.25, 0.125, 0.0625]
predictive decrease 0.0002482838516777962 actual decrease 0.0001007992328850571
objective value without tv norm 0.00041235853145422154
objective value with tv norm 0.010345593025785532
[400, 200.0, 100.0, 50.0, 30, 29, 28, 27, 26, 25, 24, 23, 22, 21, 20, 19, 18, 17, 16, 15, 14, 13, 12, 11, 10, 9, 8, 7, 6, 5, 4, 3, 2, 1, 0.5, 0.25, 0.125, 0.0625]
predictive decrease 0.00020690170713498664 actual decrease 5.9414297968291355e-05
objective value without tv norm 0.0003529442334859286
objective value with tv norm 0.01028617872781724
[400, 200.0, 100.0, 50.0, 30, 29, 28, 27, 26, 25, 24, 23, 22, 21, 20, 19, 18, 17, 16, 15, 14, 13, 12, 11, 10, 9, 8, 7, 6, 5, 4, 3, 2, 1, 0.5, 0.25, 0.125, 0.0625]
predictive decrease 0.00017180719600700355 actual decrease 6.875583081629097e-05
objective value without tv norm 0.0004048819181263516
objective value with tv norm 0.01021742289700095
[400, 200.0, 100.0, 50.0, 30, 29, 28, 27, 26, 25, 24, 23, 22, 21, 20, 19, 18, 17, 16, 15, 14, 13, 12, 11, 10, 9, 8, 7, 6, 5, 4, 3, 2, 1, 0.5]
predictive decrease 0.0010943334785408938 actual decrease 0.00010673291900942065
objective value without tv norm 0.0008679511685446302
objective value with tv norm 0.010110689977991529
[400, 200.0, 100.0, 50.0, 30, 29, 28, 27, 26, 25, 24, 23, 22, 21, 20, 19, 18, 17, 16, 15, 14, 13, 12, 11, 10, 9, 8, 7, 6, 5, 4, 3, 2, 1, 0.5, 0.25, 0.125]
predictive decrease 0.0004884406674139172 actual decrease 0.0002827009536848883
objective value without tv norm 0.0005852502148597415
objective value with tv norm 0.00982798902430664
[400, 200.0, 100.0, 50.0, 30, 29, 28, 27, 26, 25, 24, 23, 22, 21, 20, 19, 18, 17, 16, 15, 14, 13, 12, 11, 10, 9, 8, 7, 6, 5, 4, 3, 2, 1, 0.5, 0.25, 0.125, 0.0625]
predictive decrease 0.00023293340576465218 actual decrease 8.545093488118022e-05
objective value without tv norm 0.0004997992799785614
objective value with tv norm 0.00974253808942546
[400, 200.0, 100.0, 50.0, 30, 29, 28, 27, 26, 25, 24, 23, 22, 21, 20, 19, 18, 17, 16, 15, 14, 13, 12, 11, 10, 9, 8, 7, 6, 5, 4, 3, 2, 1, 0.5, 0.25, 0.125, 0.0625]
predictive decrease 0.00021150767023443533 actual decrease 8.357904358013632e-05
objective value without tv norm 0.0004748555012027831
objective value with tv norm 0.009658959045845324
[400, 200.0, 100.0, 50.0, 30, 29, 28, 27, 26, 25, 24, 23, 22, 21, 20, 19, 18, 17, 16, 15, 14, 13, 12, 11, 10, 9, 8, 7, 6, 5, 4, 3, 2, 1, 0.5, 0.25, 0.125, 0.0625]
predictive decrease 0.00023225421809050864 actual decrease 8.477186934134108e-05
objective value without tv norm 0.000390083631861442
objective value with tv norm 0.009574187176503983
[400, 200.0, 100.0, 50.0, 30, 29, 28, 27, 26, 25, 24, 23, 22, 21, 20, 19, 18, 17, 16, 15, 14, 13, 12, 11, 10, 9, 8, 7, 6, 5, 4, 3, 2, 1, 0.5, 0.25, 0.125, 0.0625]
predictive decrease 0.00013427742441333816 actual decrease 6.32329879462698e-06
objective value without tv norm 0.0004462603330668151
objective value with tv norm 0.009567863877709356
[400, 200.0, 100.0, 50.0, 30, 29, 28, 27, 26, 25, 24, 23, 22, 21, 20, 19, 18, 17, 16, 15, 14, 13, 12, 11, 10, 9, 8, 7, 6, 5, 4, 3, 2, 1, 0.5, 0.25, 0.125, 0.0625]
predictive decrease 0.0001853634184047024 actual decrease 6.913282280870091e-05
objective value without tv norm 0.0003896275102581155
objective value with tv norm 0.009498731054900655
[400, 200.0, 100.0, 50.0, 30, 29, 28, 27, 26, 25, 24, 23, 22, 21, 20, 19, 18, 17, 16, 15, 14, 13, 12, 11, 10, 9, 8, 7, 6, 5, 4, 3, 2, 1, 0.5, 0.25, 0.125]
predictive decrease 0.0002639797840170519 actual decrease 1.3896190754670093e-05
objective value without tv norm 0.0004631516504197702
objective value with tv norm 0.009484834864145985
[400, 200.0, 100.0, 50.0, 30, 29, 28, 27, 26, 25, 24, 23, 22, 21, 20, 19, 18, 17, 16, 15, 14, 13, 12, 11, 10, 9, 8, 7, 6, 5, 4, 3, 2, 1, 0.5, 0.25, 0.125]
predictive decrease 0.0005071754191304668 actual decrease 4.971425474856184e-06
objective value without tv norm 0.00046551094752172995
objective value with tv norm 0.009479863438671129
[400, 200.0, 100.0, 50.0, 30, 29, 28, 27, 26, 25, 24, 23, 22, 21, 20, 19, 18, 17, 16, 15, 14, 13, 12, 11, 10, 9, 8, 7, 6, 5, 4, 3, 2, 1, 0.5, 0.25, 0.125, 0.0625]
predictive decrease 0.00025741353938632354 actual decrease 0.00012401933906245992
objective value without tv norm 0.00034705363126456487
objective value with tv norm 0.009355844099608669
[400, 200.0, 100.0, 50.0, 30, 29, 28, 27, 26, 25, 24, 23, 22, 21, 20, 19, 18, 17, 16, 15, 14, 13, 12, 11, 10, 9, 8, 7, 6, 5, 4, 3, 2, 1, 0.5, 0.25, 0.125, 0.0625, 0.03125]
predictive decrease 6.38776455670724e-05 actual decrease 2.8007964760058332e-05
objective value without tv norm 0.000320208727733329
objective value with tv norm 0.00932783613484861
[400, 200.0, 100.0, 50.0, 30, 29, 28, 27, 26, 25, 24, 23, 22, 21, 20, 19, 18, 17, 16, 15, 14, 13, 12, 11, 10, 9, 8, 7, 6, 5, 4, 3, 2, 1, 0.5, 0.25, 0.125]
predictive decrease 0.00021802910880263336 actual decrease 6.786355884944896e-05
objective value without tv norm 0.0004994366776404964
objective value with tv norm 0.009259972575999162
[400, 200.0, 100.0, 50.0, 30, 29, 28, 27, 26, 25, 24, 23, 22, 21, 20, 19, 18, 17, 16, 15, 14, 13, 12, 11, 10, 9, 8, 7, 6, 5, 4, 3, 2, 1, 0.5, 0.25, 0.125, 0.0625]
predictive decrease 0.0001685446468168792 actual decrease 2.1071185293219247e-05
objective value without tv norm 0.00047836549234727706
objective value with tv norm 0.009238901390705942
[400, 200.0, 100.0, 50.0, 30, 29, 28, 27, 26, 25, 24, 23, 22, 21, 20, 19, 18, 17, 16, 15, 14, 13, 12, 11, 10, 9, 8, 7, 6, 5, 4, 3, 2, 1, 0.5, 0.25, 0.125, 0.0625]
predictive decrease 0.0002537624760522196 actual decrease 0.0001258241027126232
objective value without tv norm 0.00035254138963465467
objective value with tv norm 0.009113077287993319
[400, 200.0, 100.0, 50.0, 30, 29, 28, 27, 26, 25, 24, 23, 22, 21, 20, 19, 18, 17, 16, 15, 14, 13, 12, 11, 10, 9, 8, 7, 6, 5, 4, 3, 2, 1, 0.5, 0.25, 0.125, 0.0625]
predictive decrease 0.00010341804040898614 actual decrease 1.3144182073461866e-05
objective value without tv norm 0.00035403045992469205
objective value with tv norm 0.009099933105919857
[400, 200.0, 100.0, 50.0, 30, 29, 28, 27, 26, 25, 24, 23, 22, 21, 20, 19, 18, 17, 16, 15, 14, 13, 12, 11, 10, 9, 8, 7, 6, 5, 4, 3, 2, 1, 0.5, 0.25, 0.125, 0.0625, 0.03125]
predictive decrease 6.466238796564577e-05 actual decrease 2.7792859361740196e-05
objective value without tv norm 0.00032623760056295196
objective value with tv norm 0.009072140246558117
[400, 200.0, 100.0, 50.0, 30, 29, 28, 27, 26, 25, 24, 23, 22, 21, 20, 19, 18, 17, 16, 15, 14, 13, 12, 11, 10, 9, 8, 7, 6, 5, 4, 3, 2, 1, 0.5, 0.25, 0.125, 0.0625]
predictive decrease 9.335368362705862e-05 actual decrease 4.941713396369729e-05
objective value without tv norm 0.0002994572325188594
objective value with tv norm 0.00902272311259442
[400, 200.0, 100.0, 50.0, 30, 29, 28, 27, 26, 25, 24, 23, 22, 21, 20, 19, 18, 17, 16, 15, 14, 13, 12, 11, 10, 9, 8, 7, 6, 5, 4, 3, 2, 1, 0.5, 0.25, 0.125, 0.0625]
predictive decrease 0.00014944829204726652 actual decrease 6.351125961983825e-06
objective value without tv norm 0.0002945762667852353
objective value with tv norm 0.009016371986632436
[400, 200.0, 100.0, 50.0, 30, 29, 28, 27, 26, 25, 24, 23, 22, 21, 20, 19, 18, 17, 16, 15, 14, 13, 12, 11, 10, 9, 8, 7, 6, 5, 4, 3, 2, 1, 0.5, 0.25, 0.125, 0.0625]
predictive decrease 0.0001486572197566035 actual decrease 1.1798846093653836e-06
objective value without tv norm 0.0002933963821758706
objective value with tv norm 0.00901519210202307
[400, 200.0, 100.0, 50.0, 30, 29, 28, 27, 26, 25, 24, 23, 22, 21, 20, 19, 18, 17, 16, 15, 14, 13, 12, 11, 10, 9, 8, 7, 6, 5, 4, 3, 2, 1, 0.5, 0.25, 0.125, 0.0625, 0.03125]
predictive decrease 7.314854198393374e-05 actual decrease 3.627946811501914e-05
objective value without tv norm 0.00025711691406085093
objective value with tv norm 0.008978912633908051
[400, 200.0, 100.0, 50.0, 30, 29, 28, 27, 26, 25, 24, 23, 22, 21, 20, 19, 18, 17, 16, 15, 14, 13, 12, 11, 10, 9, 8, 7, 6, 5, 4, 3, 2, 1, 0.5, 0.25]
predictive decrease 0.00027524439439334525 actual decrease 9.41564388329836e-05
objective value without tv norm 0.00020532664061182995
objective value with tv norm 0.008884756195075068
[400, 200.0, 100.0, 50.0, 30, 29, 28, 27, 26, 25, 24, 23, 22, 21, 20, 19, 18, 17, 16, 15, 14, 13, 12, 11, 10, 9, 8, 7, 6, 5, 4, 3, 2, 1, 0.5, 0.25, 0.125, 0.0625, 0.03125]
predictive decrease 4.144655220755973e-05 actual decrease 9.463486176253255e-06
objective value without tv norm 0.00019586315443557577
objective value with tv norm 0.008875292708898815
[400, 200.0, 100.0, 50.0, 30, 29, 28, 27, 26, 25, 24, 23, 22, 21, 20, 19, 18, 17, 16, 15, 14, 13, 12, 11, 10, 9, 8, 7, 6, 5, 4, 3, 2, 1, 0.5, 0.25, 0.125, 0.0625]
predictive decrease 0.00012161191123142602 actual decrease 3.697605366531631e-06
objective value without tv norm 0.00019216554906904528
objective value with tv norm 0.008871595103532283
[400, 200.0, 100.0, 50.0, 30, 29, 28, 27, 26, 25, 24, 23, 22, 21, 20, 19, 18, 17, 16, 15, 14, 13, 12, 11, 10, 9, 8, 7, 6, 5, 4, 3, 2, 1, 0.5, 0.25, 0.125, 0.0625]
predictive decrease 0.0001666913129306398 actual decrease 3.8757827113574186e-05
objective value without tv norm 0.00015340772195546995
objective value with tv norm 0.008832837276418709
[400, 200.0, 100.0, 50.0, 30, 29, 28, 27, 26, 25, 24, 23, 22, 21, 20, 19, 18, 17, 16, 15, 14, 13, 12, 11, 10, 9, 8, 7, 6, 5, 4, 3, 2, 1, 0.5, 0.25, 0.125, 0.0625, 0.03125]
predictive decrease 5.066637469714093e-05 actual decrease 2.2230868551381677e-05
objective value without tv norm 0.00013457006638214103
objective value with tv norm 0.008810606407867327
[400, 200.0, 100.0, 50.0, 30, 29, 28, 27, 26, 25, 24, 23, 22, 21, 20, 19, 18, 17, 16, 15, 14, 13, 12, 11, 10, 9, 8, 7, 6, 5, 4, 3, 2, 1, 0.5, 0.25, 0.125, 0.0625, 0.03125, 0.015625]
predictive decrease 1.798153008332644e-05 actual decrease 8.76352988552799e-06
objective value without tv norm 0.00012580653649661299
objective value with tv norm 0.008801842877981799
[400, 200.0, 100.0, 50.0, 30, 29, 28, 27, 26, 25, 24, 23, 22, 21, 20, 19, 18, 17, 16, 15, 14, 13, 12, 11, 10, 9, 8, 7, 6, 5, 4, 3, 2, 1, 0.5, 0.25, 0.125, 0.0625, 0.03125]
predictive decrease 3.839929105112737e-05 actual decrease 6.41007058203337e-06
objective value without tv norm 0.0001506464659145796
objective value with tv norm 0.008795432807399766
[400, 200.0, 100.0, 50.0, 30, 29, 28, 27, 26, 25, 24, 23, 22, 21, 20, 19, 18, 17, 16, 15, 14, 13, 12, 11, 10, 9, 8, 7, 6, 5, 4, 3, 2, 1, 0.5, 0.25, 0.125, 0.0625, 0.03125]
predictive decrease 5.329378242794128e-05 actual decrease 1.6421988796316497e-05
objective value without tv norm 0.00013422447711826423
objective value with tv norm 0.00877901081860345
[400, 200.0, 100.0, 50.0, 30, 29, 28, 27, 26, 25, 24, 23, 22, 21, 20, 19, 18, 17, 16, 15, 14, 13, 12, 11, 10, 9, 8, 7, 6, 5, 4, 3, 2, 1, 0.5, 0.25, 0.125, 0.0625, 0.03125]
predictive decrease 2.883597460719492e-05 actual decrease 1.4912476545714953e-06
objective value without tv norm 0.00016398322946369065
objective value with tv norm 0.008777519570948878
[400, 200.0, 100.0, 50.0, 30, 29, 28, 27, 26, 25, 24, 23, 22, 21, 20, 19, 18, 17, 16, 15, 14, 13, 12, 11, 10, 9, 8, 7, 6, 5, 4, 3, 2, 1, 0.5, 0.25, 0.125, 0.0625, 0.03125]
predictive decrease 4.831494546494834e-05 actual decrease 2.0380213106780884e-05
objective value without tv norm 0.0001514155163569102
objective value with tv norm 0.008757139357842097
[400, 200.0, 100.0, 50.0, 30, 29, 28, 27, 26, 25, 24, 23, 22, 21, 20, 19, 18, 17, 16, 15, 14, 13, 12, 11, 10, 9, 8, 7, 6, 5, 4, 3, 2, 1, 0.5, 0.25, 0.125, 0.0625, 0.03125]
predictive decrease 2.71786370433999e-05 actual decrease 1.9106190083136368e-05
objective value without tv norm 0.00014788156373772668
objective value with tv norm 0.00873803316775896
[400, 200.0, 100.0, 50.0, 30, 29, 28, 27, 26, 25, 24, 23, 22, 21, 20, 19, 18, 17, 16, 15, 14, 13, 12, 11, 10, 9, 8, 7, 6, 5, 4, 3, 2, 1, 0.5, 0.25, 0.125, 0.0625]
predictive decrease 4.857868423267277e-05 actual decrease 7.588829831130239e-06
objective value without tv norm 0.00014029273390659633
objective value with tv norm 0.00873044433792783
[400, 200.0, 100.0, 50.0, 30, 29, 28, 27, 26, 25, 24, 23, 22, 21, 20, 19, 18, 17, 16, 15, 14, 13, 12, 11, 10, 9, 8, 7, 6, 5, 4, 3, 2, 1, 0.5, 0.25, 0.125, 0.0625, 0.03125]
predictive decrease 3.7742055190718646e-05 actual decrease 8.697216751715753e-07
objective value without tv norm 0.00013942301223142639
objective value with tv norm 0.008729574616252659
[400, 200.0, 100.0, 50.0, 30, 29, 28, 27, 26, 25, 24, 23, 22, 21, 20, 19, 18, 17, 16, 15, 14, 13, 12, 11, 10, 9, 8, 7, 6, 5, 4, 3, 2, 1, 0.5, 0.25, 0.125, 0.0625, 0.03125]
predictive decrease 5.479690959840286e-05 actual decrease 1.792439720430146e-05
objective value without tv norm 0.0001214986150271248
objective value with tv norm 0.008711650219048357
[400, 200.0, 100.0, 50.0, 30, 29, 28, 27, 26, 25, 24, 23, 22, 21, 20, 19, 18, 17, 16, 15, 14, 13, 12, 11, 10, 9, 8, 7, 6, 5, 4, 3, 2, 1, 0.5, 0.25, 0.125, 0.0625, 0.03125]
predictive decrease 1.9787148017208142e-05 actual decrease 6.520692821341406e-07
objective value without tv norm 0.00012777925133122695
objective value with tv norm 0.008710998149766223
[400, 200.0, 100.0, 50.0, 30, 29, 28, 27, 26, 25, 24, 23, 22, 21, 20, 19, 18, 17, 16, 15, 14, 13, 12, 11, 10, 9, 8, 7, 6, 5, 4, 3, 2, 1, 0.5, 0.25, 0.125, 0.0625, 0.03125]
predictive decrease 3.800793214992458e-05 actual decrease 1.1354913729780952e-06
objective value without tv norm 0.00012664375995824769
objective value with tv norm 0.008709862658393245
[400, 200.0, 100.0, 50.0, 30, 29, 28, 27, 26, 25, 24, 23, 22, 21, 20, 19, 18, 17, 16, 15, 14, 13, 12, 11, 10, 9, 8, 7, 6, 5, 4, 3, 2, 1, 0.5, 0.25, 0.125, 0.0625, 0.03125, 0.015625]
predictive decrease 1.7868476907776168e-05 actual decrease 8.650372713558604e-06
objective value without tv norm 0.00011799338724468999
objective value with tv norm 0.008701212285679686
[400, 200.0, 100.0, 50.0, 30, 29, 28, 27, 26, 25, 24, 23, 22, 21, 20, 19, 18, 17, 16, 15, 14, 13, 12, 11, 10, 9, 8, 7, 6, 5, 4, 3, 2, 1, 0.5, 0.25, 0.125, 0.0625, 0.03125]
predictive decrease 1.8904646417291365e-05 actual decrease 9.208727739505942e-06
objective value without tv norm 0.00011383279126504835
objective value with tv norm 0.00869200355794018
[400, 200.0, 100.0, 50.0, 30, 29, 28, 27, 26, 25, 24, 23, 22, 21, 20, 19, 18, 17, 16, 15, 14, 13, 12, 11, 10, 9, 8, 7, 6, 5, 4, 3, 2, 1, 0.5, 0.25, 0.125, 0.0625, 0.03125]
predictive decrease 4.253336594140476e-05 actual decrease 1.2985377273891027e-05
objective value without tv norm 0.00010865991399115673
objective value with tv norm 0.008679018180666288
[400, 200.0, 100.0, 50.0, 30, 29, 28, 27, 26, 25, 24, 23, 22, 21, 20, 19, 18, 17, 16, 15, 14, 13, 12, 11, 10, 9, 8, 7, 6, 5, 4, 3, 2, 1, 0.5, 0.25, 0.125, 0.0625, 0.03125]
predictive decrease 3.9376255780813885e-05 actual decrease 8.560630967361163e-06
objective value without tv norm 0.00010147193201286323
objective value with tv norm 0.008670457549698926
[400, 200.0, 100.0, 50.0, 30, 29, 28, 27, 26, 25, 24, 23, 22, 21, 20, 19, 18, 17, 16, 15, 14, 13, 12, 11, 10, 9, 8, 7, 6, 5, 4, 3, 2, 1, 0.5, 0.25, 0.125, 0.0625, 0.03125]
predictive decrease 4.104370406188794e-05 actual decrease 1.0681914621465602e-05
objective value without tv norm 0.00010120668405806237
objective value with tv norm 0.008659775635077461
[400, 200.0, 100.0, 50.0, 30, 29, 28, 27, 26, 25, 24, 23, 22, 21, 20, 19, 18, 17, 16, 15, 14, 13, 12, 11, 10, 9, 8, 7, 6, 5, 4, 3, 2, 1, 0.5, 0.25, 0.125, 0.0625, 0.03125]
predictive decrease 3.838736210561369e-05 actual decrease 6.397889422431538e-06
objective value without tv norm 9.480879463563242e-05
objective value with tv norm 0.00865337774565503
[400, 200.0, 100.0, 50.0, 30, 29, 28, 27, 26, 25, 24, 23, 22, 21, 20, 19, 18, 17, 16, 15, 14, 13, 12, 11, 10, 9, 8, 7, 6, 5, 4, 3, 2, 1, 0.5, 0.25, 0.125, 0.0625, 0.03125]
predictive decrease 3.7650648697743275e-05 actual decrease 8.102659877703977e-06
objective value without tv norm 9.451863475792708e-05
objective value with tv norm 0.008645275085777325
[400, 200.0, 100.0, 50.0, 30, 29, 28, 27, 26, 25, 24, 23, 22, 21, 20, 19, 18, 17, 16, 15, 14, 13, 12, 11, 10, 9, 8, 7, 6, 5, 4, 3, 2, 1, 0.5, 0.25, 0.125, 0.0625, 0.03125, 0.015625]
predictive decrease 1.8057743169002174e-05 actual decrease 8.83968448898119e-06
objective value without tv norm 8.567895026894586e-05
objective value with tv norm 0.008636435401288344
[400, 200.0, 100.0, 50.0, 30, 29, 28, 27, 26, 25, 24, 23, 22, 21, 20, 19, 18, 17, 16, 15, 14, 13, 12, 11, 10, 9, 8, 7, 6, 5, 4, 3, 2, 1, 0.5, 0.25, 0.125, 0.0625, 0.03125, 0.015625]
predictive decrease 1.2695250026182117e-05 actual decrease 4.6979564075361885e-06
objective value without tv norm 9.660599386140865e-05
objective value with tv norm 0.008631737444880808
[400, 200.0, 100.0, 50.0, 30, 29, 28, 27, 26, 25, 24, 23, 22, 21, 20, 19, 18, 17, 16, 15, 14, 13, 12, 11, 10, 9, 8, 7, 6, 5, 4, 3, 2, 1, 0.5, 0.25, 0.125, 0.0625, 0.03125]
predictive decrease 4.053172567465568e-05 actual decrease 1.0983326645780736e-05
objective value without tv norm 9.343516721562923e-05
objective value with tv norm 0.008620754118235027
[400, 200.0, 100.0, 50.0, 30, 29, 28, 27, 26, 25, 24, 23, 22, 21, 20, 19, 18, 17, 16, 15, 14, 13, 12, 11, 10, 9, 8, 7, 6, 5, 4, 3, 2, 1, 0.5, 0.25, 0.125, 0.0625, 0.03125]
predictive decrease 4.7583356351800846e-05 actual decrease 1.5594218300996054e-05
objective value without tv norm 0.00010909094891463432
objective value with tv norm 0.008605159899934031
[400, 200.0, 100.0, 50.0, 30, 29, 28, 27, 26, 25, 24, 23, 22, 21, 20, 19, 18, 17, 16, 15, 14, 13, 12, 11, 10, 9, 8, 7, 6, 5, 4, 3, 2, 1, 0.5, 0.25, 0.125, 0.0625, 0.03125]
predictive decrease 3.561694470745683e-05 actual decrease 6.068573907657207e-06
objective value without tv norm 0.000110834875006976
objective value with tv norm 0.008599091326026374
[400, 200.0, 100.0, 50.0, 30, 29, 28, 27, 26, 25, 24, 23, 22, 21, 20, 19, 18, 17, 16, 15, 14, 13, 12, 11, 10, 9, 8, 7, 6, 5, 4, 3, 2, 1, 0.5, 0.25, 0.125, 0.0625, 0.03125]
predictive decrease 4.010803703925585e-05 actual decrease 1.1047962877038658e-05
objective value without tv norm 0.00010607912563212735
objective value with tv norm 0.008588043363149335
[400, 200.0, 100.0, 50.0, 30, 29, 28, 27, 26, 25, 24, 23, 22, 21, 20, 19, 18, 17, 16, 15, 14, 13, 12, 11, 10, 9, 8, 7, 6, 5, 4, 3, 2, 1, 0.5, 0.25, 0.125, 0.0625, 0.03125]
predictive decrease 3.369415991119444e-05 actual decrease 4.158214773935381e-06
objective value without tv norm 0.00011754591085819245
objective value with tv norm 0.0085838851483754
[400, 200.0, 100.0, 50.0, 30, 29, 28, 27, 26, 25, 24, 23, 22, 21, 20, 19, 18, 17, 16, 15, 14, 13, 12, 11, 10, 9, 8, 7, 6, 5, 4, 3, 2, 1, 0.5, 0.25, 0.125, 0.0625, 0.03125]
predictive decrease 3.7436966528012205e-05 actual decrease 5.742093971115164e-06
objective value without tv norm 0.0001426666006201218
objective value with tv norm 0.008578143054404285
[400, 200.0, 100.0, 50.0, 30, 29, 28, 27, 26, 25, 24, 23, 22, 21, 20, 19, 18, 17, 16, 15, 14, 13, 12, 11, 10, 9, 8, 7, 6, 5, 4, 3, 2, 1, 0.5, 0.25, 0.125, 0.0625, 0.03125]
predictive decrease 3.481484886782259e-05 actual decrease 7.80356616279787e-06
objective value without tv norm 0.00014054485263914176
objective value with tv norm 0.008570339488241487
[400, 200.0, 100.0, 50.0, 30, 29, 28, 27, 26, 25, 24, 23, 22, 21, 20, 19, 18, 17, 16, 15, 14, 13, 12, 11, 10, 9, 8, 7, 6, 5, 4, 3, 2, 1, 0.5, 0.25, 0.125, 0.0625, 0.03125, 0.015625]
predictive decrease 1.5930804064085216e-05 actual decrease 6.713717001107997e-06
objective value without tv norm 0.00013383113563803273
objective value with tv norm 0.008563625771240379
[400, 200.0, 100.0, 50.0, 30, 29, 28, 27, 26, 25, 24, 23, 22, 21, 20, 19, 18, 17, 16, 15, 14, 13, 12, 11, 10, 9, 8, 7, 6, 5, 4, 3, 2, 1, 0.5, 0.25, 0.125, 0.0625, 0.03125, 0.015625]
predictive decrease 1.2883913959496618e-05 actual decrease 4.88657507344975e-06
objective value without tv norm 0.0001289445605645831
objective value with tv norm 0.00855873919616693
[400, 200.0, 100.0, 50.0, 30, 29, 28, 27, 26, 25, 24, 23, 22, 21, 20, 19, 18, 17, 16, 15, 14, 13, 12, 11, 10, 9, 8, 7, 6, 5, 4, 3, 2, 1, 0.5, 0.25, 0.125, 0.0625, 0.03125]
predictive decrease 4.2533398094884295e-05 actual decrease 1.2985518395007556e-05
objective value without tv norm 0.00012377154216957665
objective value with tv norm 0.008545753677771922
original energy 4.6142455718767295e-05
objective value without tv norm 0.00012377154216957665
alpha 0.001
objective value with tv norm 0.008545753677771922
tv norm 8.421982135602345
l2 norm 0.007762908645080934
computational time 154.051088542
total iterations 3832
