[1800, 900.0, 450.0, 225.0]
predictive decrease 2.3520052153781656 actual decrease 0.10208595826056183
objective value without tv norm 0.8291063326360704
objective value with tv norm 0.8367063326360704
[1800, 900.0, 450.0, 225.0, 112.5, 56.25]
predictive decrease 1.7029596657515218 actual decrease 0.012830860565729203
objective value without tv norm 0.8174754720703412
objective value with tv norm 0.8238754720703412
[1800, 900.0, 450.0, 225.0, 112.5, 56.25, 30, 29, 28, 27, 26, 25, 24, 23, 22, 21, 20, 19, 18, 17, 16, 15, 14, 13, 12, 11, 10, 9, 8, 7, 6, 5, 4, 3]
predictive decrease 0.052864222628587344 actual decrease 0.013606291544326538
objective value without tv norm 0.8038691805260146
objective value with tv norm 0.8102691805260146
[1800, 900.0, 450.0, 225.0, 112.5, 56.25, 30, 29]
predictive decrease 0.4644938996377475 actual decrease 0.0035972226495460773
objective value without tv norm 0.8004719578764685
objective value with tv norm 0.8066719578764685
[1800, 900.0, 450.0, 225.0, 112.5, 56.25, 30, 29, 28, 27, 26, 25, 24, 23, 22, 21, 20, 19, 18, 17, 16, 15, 14, 13, 12, 11, 10, 9, 8, 7, 6, 5, 4, 3, 2, 1]
predictive decrease 0.0 actual decrease -1.734723475976807e-17
objective value without tv norm 0.8004719578764685
objective value with tv norm 0.8066719578764685
objective value without tv norm 0.8004719578764685
alpha 0.0001
objective value with tv norm 0.8066719578764685
norm 62.0
computational time 18.797524584
total iterations 90
