[1800, 900.0, 450.0, 225.0, 112.5, 56.25, 30, 29, 28, 27, 26, 25, 24, 23, 22, 21, 20, 19, 18, 17]
predictive decrease 0.9371877807526623 actual decrease 0.04954403710010713
objective value without tv norm 0.7806277728577299
objective value with tv norm 0.8068277728577299
[1800, 900.0, 450.0, 225.0, 112.5, 56.25, 30, 29, 28, 27, 26, 25, 24, 23, 22, 21, 20, 19, 18, 17, 16, 15, 14, 13, 12, 11, 10, 9, 8, 7, 6, 5]
predictive decrease 0.2145919963883471 actual decrease 0.08536718773974472
objective value without tv norm 0.6952605851179852
objective value with tv norm 0.7214605851179852
[1800, 900.0, 450.0, 225.0, 112.5, 56.25, 30]
predictive decrease 1.691833913972353 actual decrease 0.03354767703650459
objective value without tv norm 0.6633129080814806
objective value with tv norm 0.6879129080814805
[1800, 900.0, 450.0, 225.0, 112.5, 56.25, 30]
predictive decrease 1.2298411631353077 actual decrease 0.017088581347861242
objective value without tv norm 0.6462243267336193
objective value with tv norm 0.6708243267336192
[1800, 900.0, 450.0, 225.0, 112.5, 56.25, 30, 29, 28, 27, 26, 25, 24, 23, 22, 21, 20, 19, 18, 17, 16, 15, 14, 13, 12, 11, 10, 9, 8, 7, 6, 5, 4, 3]
predictive decrease 0.09187094760243118 actual decrease 0.015482422996552957
objective value without tv norm 0.6307419037370663
objective value with tv norm 0.6553419037370662
[1800, 900.0, 450.0, 225.0, 112.5, 56.25, 30]
predictive decrease 1.113453728271062 actual decrease 0.011407379347528553
objective value without tv norm 0.6197345243895377
objective value with tv norm 0.6439345243895377
[1800, 900.0, 450.0, 225.0, 112.5, 56.25, 30, 29, 28, 27, 26, 25, 24, 23, 22, 21, 20, 19, 18, 17, 16, 15, 14, 13, 12, 11, 10, 9, 8, 7, 6, 5, 4, 3]
predictive decrease 0.08613598792886361 actual decrease 0.003721543499750176
objective value without tv norm 0.6160129808897875
objective value with tv norm 0.6402129808897875
[1800, 900.0, 450.0, 225.0, 112.5, 56.25, 30, 29, 28, 27, 26, 25, 24, 23, 22, 21, 20, 19, 18, 17, 16, 15, 14, 13, 12, 11, 10, 9, 8, 7, 6, 5, 4, 3]
predictive decrease 0.0925544067586535 actual decrease 0.010169570306089025
objective value without tv norm 0.6060434105836985
objective value with tv norm 0.6300434105836985
[1800, 900.0, 450.0, 225.0, 112.5, 56.25, 30, 29, 28, 27, 26, 25, 24, 23, 22, 21, 20, 19, 18, 17, 16, 15, 14, 13, 12, 11, 10, 9, 8, 7, 6, 5, 4, 3, 2, 1]
predictive decrease 0.0 actual decrease 2.0816681711721685e-17
objective value without tv norm 0.6060434105836985
objective value with tv norm 0.6300434105836985
objective value without tv norm 0.6060434105836985
alpha 0.0001
objective value with tv norm 0.6300434105836985
norm 240.0
computational time 37.986021375
total iterations 217
