[2400, 1200.0, 600.0, 300.0, 150.0]
predictive decrease 2.194376999245441 actual decrease 0.321646589493623
objective value without tv norm 0.8391457316842306
objective value with tv norm 0.9751457316842306
[2400, 1200.0, 600.0, 300.0, 150.0, 75.0, 37.5, 30, 29, 28, 27, 26, 25, 24, 23, 22, 21, 20, 19]
predictive decrease 2.019922401695208 actual decrease 0.22024445460332942
objective value without tv norm 0.6229012770809012
objective value with tv norm 0.7549012770809012
[2400, 1200.0, 600.0, 300.0, 150.0, 75.0, 37.5, 30, 29, 28, 27, 26, 25, 24, 23, 22, 21]
predictive decrease 3.2952114507141927 actual decrease 0.3777716322733161
objective value without tv norm 0.24912964480758504
objective value with tv norm 0.37712964480758504
[2400, 1200.0, 600.0, 300.0, 150.0, 75.0, 37.5, 30, 29, 28, 27, 26, 25, 24, 23, 22, 21, 20, 19, 18, 17, 16, 15, 14, 13, 12, 11, 10, 9, 8, 7, 6, 5, 4, 3]
predictive decrease 0.3172910513553174 actual decrease 0.1464695302560921
objective value without tv norm 0.10066011455149293
objective value with tv norm 0.23066011455149293
[2400, 1200.0, 600.0, 300.0, 150.0, 75.0, 37.5, 30, 29, 28, 27, 26, 25, 24, 23, 22, 21, 20, 19, 18, 17, 16, 15, 14, 13, 12, 11, 10, 9, 8, 7, 6, 5, 4, 3, 2, 1]
predictive decrease 0.0 actual decrease 0.0
objective value without tv norm 0.10066011455149293
objective value with tv norm 0.23066011455149293
objective value without tv norm 0.10066011455149293
alpha 0.001
objective value with tv norm 0.23066011455149293
norm 130.0
computational time 32.453632834000004
total iterations 115
