total tv norm 6.0
initial file ../control/ADMM/EnergyADMM6_evotime2.0_n_ts40_ptypeWARM_offset0.5_penalty0.01_ADMM_10.0_iter100_instance2.csv
     fun: -3.113065802324599
     jac: array([ 6.60801899, -7.33337033, -0.69575971,  2.62941965])
 message: 'Optimization terminated successfully'
    nfev: 10
     nit: 2
    njev: 2
  status: 0
 success: True
       x: array([0.5, 0.5, 0.5, 0.5])
switching time points [0.5 1.  1.5]
computational time 0.2549951659999996
alpha 0.01
tv norm 6.0
objective with tv norm -3.053065802324599
total tv norm 6.0
initial file ../control/Trustregion/Energy6_evotime2.0_n_ts40_ptypeCONSTANT_offset0.5_instance2_alpha0.01_sigma0.25_eta0.001_threshold30_iter100_typetvc.csv
     fun: -3.113065802324599
     jac: array([ 6.60801899, -7.33337033, -0.69575971,  2.62941965])
 message: 'Optimization terminated successfully'
    nfev: 10
     nit: 2
    njev: 2
  status: 0
 success: True
       x: array([0.5, 0.5, 0.5, 0.5])
switching time points [0.5 1.  1.5]
computational time 0.2610409169999999
alpha 0.01
tv norm 6.0
objective with tv norm -3.053065802324599
