total tv norm 6.0
initial file ../control/Trustregion/Energy4_evotime2.0_n_ts40_ptypeCONSTANT_offset0.5_instance5_alpha0.01_sigma0.25_eta0.001_threshold30_iter100_typetvc.csv
     fun: -1.7445016973395928
     jac: array([-0.16378039, -0.16173162, -0.15940967, -0.16352999])
 message: 'Optimization terminated successfully'
    nfev: 41
     nit: 7
    njev: 7
  status: 0
 success: True
       x: array([0.42745388, 0.51612401, 0.83617446, 0.22024766])
switching time points [0.42745388 0.94357788 1.77975234]
computational time 0.08776275
alpha 0.01
tv norm 6.0
objective with tv norm -1.6845016973395928
total tv norm 6.0
initial file ../control/Trustregion/Energy4_evotime2.0_n_ts40_ptypeCONSTANT_offset0.5_instance5_alpha0.01_sigma0.25_eta0.001_threshold30_iter100_typetvc.csv
     fun: -1.7445016973395928
     jac: array([-0.16378039, -0.16173162, -0.15940967, -0.16352999])
 message: 'Optimization terminated successfully'
    nfev: 41
     nit: 7
    njev: 7
  status: 0
 success: True
       x: array([0.42745388, 0.51612401, 0.83617446, 0.22024766])
switching time points [0.42745388 0.94357788 1.77975234]
computational time 0.09491108299999995
alpha 0.01
tv norm 6.0
objective with tv norm -1.6845016973395928
total tv norm 6.0
initial file ../control/Trustregion/Energy4_evotime2.0_n_ts40_ptypeCONSTANT_offset0.5_instance5_alpha0.01_sigma0.25_eta0.001_threshold30_iter100_typetvc.csv
     fun: -1.7445016973395928
     jac: array([-0.16378039, -0.16173162, -0.15940967, -0.16352999])
 message: 'Optimization terminated successfully'
    nfev: 41
     nit: 7
    njev: 7
  status: 0
 success: True
       x: array([0.42745388, 0.51612401, 0.83617446, 0.22024766])
switching time points [0.42745388 0.94357788 1.77975234]
computational time 0.10749391700000022
alpha 0.01
tv norm 6.0
objective with tv norm -1.6845016973395928
total tv norm 6.0
initial file ../control/Trustregion/Energy4_evotime2.0_n_ts40_ptypeCONSTANT_offset0.5_instance5_alpha0.01_sigma0.25_eta0.001_threshold30_iter100_typetvc.csv
     fun: -1.7445017086679195
     jac: array([-0.08169028, -0.07958805, -0.08038094, -0.08174508])
 message: 'Optimization terminated successfully'
    nfev: 13
     nit: 8
    njev: 8
  status: 0
 success: True
       x: array([0.42730889, 0.51629672, 0.83601403, 0.22038037])
switching time points [0.42730889 0.9436056  1.77961963]
computational time 0.041144124999999754
alpha 0.01
tv norm 6.0
objective with tv norm -1.6845017086679195
