total tv norm 2.0
initial file ../control/ADMM/EnergyADMM4_evotime2.0_n_ts40_ptypeWARM_offset0.5_penalty0.01_ADMM_10.0_iter100_instance5.csv
     fun: -1.1102230246251565e-16
     jac: array([3.7252903e-09, 3.7252903e-09])
 message: 'Optimization terminated successfully'
    nfev: 3
     nit: 1
    njev: 1
  status: 0
 success: True
       x: array([0.9, 1.1])
switching time points [0.9]
computational time 0.009304999999999897
alpha 0.01
tv norm 2.0
objective with tv norm 0.01999999999999989
total tv norm 2.0
initial file ../control/ADMM/EnergyADMM4_evotime2.0_n_ts40_ptypeWARM_offset0.5_penalty0.01_ADMM_10.0_iter100_instance5.csv
     fun: -1.1102230246251565e-16
     jac: array([3.7252903e-09, 3.7252903e-09])
 message: 'Optimization terminated successfully'
    nfev: 3
     nit: 1
    njev: 1
  status: 0
 success: True
       x: array([0.9, 1.1])
switching time points [0.9]
computational time 0.012110375000000229
alpha 0.01
tv norm 2.0
objective with tv norm 0.01999999999999989
total tv norm 2.0
initial file ../control/ADMM/EnergyADMM4_evotime2.0_n_ts40_ptypeWARM_offset0.5_penalty0.01_ADMM_10.0_iter100_instance5.csv
     fun: -1.1102230246251565e-16
     jac: array([3.7252903e-09, 3.7252903e-09])
 message: 'Optimization terminated successfully'
    nfev: 3
     nit: 1
    njev: 1
  status: 0
 success: True
       x: array([0.9, 1.1])
switching time points [0.9]
computational time 0.009724625000000042
alpha 0.01
tv norm 2.0
objective with tv norm 0.01999999999999989
