total tv norm 0.0
initial file ../control/ADMM/EnergyADMM4_evotime2.0_n_ts40_ptypeWARM_offset0.5_penalty0.01_ADMM_10.0_iter100_instance2.csv
     fun: -4.163336342344337e-17
     jac: array([-1.16415322e-09])
 message: 'Optimization terminated successfully'
    nfev: 2
     nit: 1
    njev: 1
  status: 0
 success: True
       x: array([2.])
switching time points None
computational time 0.00694637500000006
alpha 0.01
tv norm 0.0
objective with tv norm -4.163336342344337e-17
total tv norm 0.0
initial file ../control/ADMM/EnergyADMM4_evotime2.0_n_ts40_ptypeWARM_offset0.5_penalty0.01_ADMM_10.0_iter100_instance2.csv
     fun: -4.163336342344337e-17
     jac: array([0.])
 message: 'Optimization terminated successfully'
    nfev: 1
     nit: 1
    njev: 1
  status: 0
 success: True
       x: array([2.])
switching time points None
computational time 0.006006167000000673
alpha 0.01
tv norm 0.0
objective with tv norm -4.163336342344337e-17
