total tv norm 6.0
initial file ../control/ADMM/EnergyADMM6_evotime2.0_n_ts40_ptypeWARM_offset0.5_penalty0.01_ADMM_10.0_iter100_instance5.csv
     fun: -3.0775593456006307
     jac: array([0.54863971, 0.54265815, 0.54854256, 0.54950166])
 message: 'Optimization terminated successfully'
    nfev: 73
     nit: 13
    njev: 13
  status: 0
 success: True
       x: array([0.38475417, 0.60867319, 0.70599486, 0.30057778])
switching time points [0.38475417 0.99342736 1.69942222]
computational time 1.006478917
alpha 0.01
tv norm 6.0
objective with tv norm -3.0175593456006307
total tv norm 6.0
initial file ../control/Trustregion/Energy6_evotime2.0_n_ts40_ptypeCONSTANT_offset0.5_instance5_alpha0.01_sigma0.25_eta0.001_threshold30_iter100_typetvc.csv
     fun: -3.0775593456006307
     jac: array([0.54863971, 0.54265815, 0.54854256, 0.54950166])
 message: 'Optimization terminated successfully'
    nfev: 73
     nit: 13
    njev: 13
  status: 0
 success: True
       x: array([0.38475417, 0.60867319, 0.70599486, 0.30057778])
switching time points [0.38475417 0.99342736 1.69942222]
computational time 1.006645791
alpha 0.01
tv norm 6.0
objective with tv norm -3.0175593456006307
