total tv norm 6.0
initial file ../control/ADMM/EnergyADMM6_evotime2.0_n_ts40_ptypeWARM_offset0.5_penalty0.01_ADMM_10.0_iter100_instance3.csv
     fun: -2.3349751912519596
     jac: array([ 2.97273099, -1.07828841, -2.95330384,  4.39843991])
 message: 'Optimization terminated successfully'
    nfev: 10
     nit: 2
    njev: 2
  status: 0
 success: True
       x: array([0.5, 0.5, 0.5, 0.5])
switching time points [0.5 1.  1.5]
computational time 0.17931412500000032
alpha 0.01
tv norm 6.0
objective with tv norm -2.2749751912519596
total tv norm 6.0
initial file ../control/Trustregion/Energy6_evotime2.0_n_ts40_ptypeCONSTANT_offset0.5_instance3_alpha0.01_sigma0.25_eta0.001_threshold30_iter100_typetvc.csv
     fun: -2.3349751912519596
     jac: array([ 2.97273099, -1.07828841, -2.95330384,  4.39843991])
 message: 'Optimization terminated successfully'
    nfev: 10
     nit: 2
    njev: 2
  status: 0
 success: True
       x: array([0.5, 0.5, 0.5, 0.5])
switching time points [0.5 1.  1.5]
computational time 0.33303058299999977
alpha 0.01
tv norm 6.0
objective with tv norm -2.2749751912519596
