total tv norm 6.0
initial file ../control/ADMM/EnergyADMM4_evotime2.0_n_ts40_ptypeWARM_offset0.5_penalty0.01_ADMM_10.0_iter100.csv
     fun: -3.884561514024555
     jac: array([-0.20298797, -1.95053166, -1.9505316 , -0.20298797])
 message: 'Optimization terminated successfully'
    nfev: 10
     nit: 2
    njev: 2
  status: 0
 success: True
       x: array([0.5, 0.5, 0.5, 0.5])
switching time points [0.5 1.  1.5]
computational time 0.03162407875061035
alpha 0.01
tv norm 6.0
objective with tv norm -3.824561514024555
total tv norm 6.0
initial file ../control/Trustregion/Energy4_evotime2.0_n_ts40_ptypeCONSTANT_offset0.5_alpha0.01_sigma0.25_eta0.001_threshold30_iter100_typetvc.csv
     fun: -3.884561514024555
     jac: array([-0.20298797, -1.95053166, -1.9505316 , -0.20298797])
 message: 'Optimization terminated successfully'
    nfev: 10
     nit: 2
    njev: 2
  status: 0
 success: True
       x: array([0.5, 0.5, 0.5, 0.5])
switching time points [0.5 1.  1.5]
computational time 0.034332990646362305
alpha 0.01
tv norm 6.0
objective with tv norm -3.824561514024555
