total tv norm 2.0
initial file ../control/ADMM/EnergyADMM4_evotime2.0_n_ts40_ptypeWARM_offset0.5_penalty0.01_ADMM_10.0_iter100.csv
     fun: 8.604228440844963e-15
     jac: array([ 6.05441963e+00, -2.60770321e-08,  3.72529030e-09,  6.05442027e+00])
 message: 'Optimization terminated successfully'
    nfev: 10
     nit: 2
    njev: 2
  status: 0
 success: True
       x: array([8.88178420e-16, 9.99999985e-01, 1.00000001e+00, 4.44089210e-16])
switching time points [8.88178420e-16 9.99999985e-01 2.00000000e+00]
computational time 0.03945326805114746
alpha 0.01
tv norm 2.0
objective with tv norm 0.020000000000008605
total tv norm 2.0
initial file ../control/Trustregion/Energy4_evotime2.0_n_ts40_ptypeCONSTANT_offset0.5_alpha0.01_sigma0.25_eta0.001_threshold30_iter100_typetvc.csv
     fun: 8.604228440844963e-15
     jac: array([ 6.05441963e+00, -2.60770321e-08,  3.72529030e-09,  6.05442027e+00])
 message: 'Optimization terminated successfully'
    nfev: 10
     nit: 2
    njev: 2
  status: 0
 success: True
       x: array([8.88178420e-16, 9.99999985e-01, 1.00000001e+00, 4.44089210e-16])
switching time points [8.88178420e-16 9.99999985e-01 2.00000000e+00]
computational time 0.03563094139099121
alpha 0.01
tv norm 2.0
objective with tv norm 0.020000000000008605
