     fun: array([-0.31753166])
     jac: array([ 0.00000000e+00, -1.26616521e+00, -5.47887787e-01, -1.26616521e+00,
       -1.26601821e+00,  9.82824236e-01, -1.26601819e+00,  9.82824232e-01,
       -1.26601819e+00,  3.82614434e-02, -1.26601819e+00,  3.82614285e-02,
       -1.26601819e+00,  3.82613838e-02, -1.26601819e+00,  3.82613763e-02,
       -1.26601818e+00,  3.82613614e-02, -1.26601817e+00, -5.25584184e-01,
       -1.26601818e+00, -5.25584184e-01, -1.26601819e+00, -6.70552254e-08,
       -1.26601817e+00, -3.72529030e-08, -1.26601816e+00])
 message: 'Optimization terminated successfully'
    nfev: 115
     nit: 4
    njev: 4
  status: 0
 success: True
       x: array([1.59996234e-17, 9.76302770e-02, 2.73504069e-16, 1.34818869e-01,
       3.42273657e-01, 1.14861013e-15, 3.53662829e-15, 1.82336046e-16,
       6.34528072e-01, 1.54091728e-16, 3.07562216e-09, 1.16191679e-16,
       3.41190816e-09, 1.69569450e-16, 3.54000324e-09, 1.50107288e-16,
       2.98543755e-09, 7.40662523e-17, 7.16148254e-01, 0.00000000e+00,
       1.27883641e-09, 3.21782941e-16, 7.46008467e-02, 1.09642775e-17,
       3.73786908e-09, 4.29343751e-17, 5.45510722e-09])
switching time points [1.59996234e-17 9.76302770e-02 9.76302770e-02 2.32449146e-01
 5.74722803e-01 5.74722803e-01 5.74722803e-01 5.74722803e-01
 1.20925088e+00 1.20925088e+00 1.20925088e+00 1.20925088e+00
 1.20925088e+00 1.20925088e+00 1.20925089e+00 1.20925089e+00
 1.20925089e+00 1.20925089e+00 1.92539914e+00 1.92539914e+00
 1.92539914e+00 1.92539914e+00 1.99999999e+00 1.99999999e+00
 1.99999999e+00 1.99999999e+00]
computational time 0.8239068984985352
alpha 0.05
tv norm 2.0
objective with tv norm [-0.21753166]
total tv norm 2.0
