total tv norm 2.0
initial file ../control/Trustregion/Energy2_evotime2.0_n_ts40_ptypeCONSTANT_offset0.5_sigma0.25_eta0.001_threshold30_iter100_typetvc.csv
     fun: -5.551115123125783e-17
     jac: array([7.4505806e-09, 3.7252903e-09])
 message: 'Optimization terminated successfully'
    nfev: 4
     nit: 1
    njev: 1
  status: 0
 success: True
       x: array([1., 1.])
switching time points [1.]
computational time 0.009987290999999843
alpha 0.01
tv norm 2.0
objective with tv norm 0.019999999999999945
total tv norm 2.0
initial file ../control/Trustregion/Energy2_evotime2.0_n_ts40_ptypeCONSTANT_offset0.5_sigma0.25_eta0.001_threshold30_iter100_typetvc.csv
     fun: 9.71445146547012e-17
     jac: array([1.49011612e-08, 1.86264515e-09])
 message: 'Optimization terminated successfully'
    nfev: 4
     nit: 1
    njev: 1
  status: 0
 success: True
       x: array([0.5, 1.5])
switching time points [0.5]
computational time 0.005834082999999879
alpha 0.01
tv norm 2.0
objective with tv norm 0.020000000000000098
