total tv norm 2.0
initial file ../control/ADMM/EnergyADMM4_evotime2.0_n_ts40_ptypeWARM_offset0.5_penalty0.01_ADMM_10.0_iter100_instance5.csv
     fun: -1.1102230246251565e-16
     jac: array([3.7252903e-09, 3.7252903e-09])
 message: 'Optimization terminated successfully'
    nfev: 3
     nit: 1
    njev: 1
  status: 0
 success: True
       x: array([0.9, 1.1])
switching time points [0.9]
computational time 0.007101666000000062
alpha 0.01
tv norm 2.0
objective with tv norm 0.01999999999999989
total tv norm 2.0
initial file ../control/ADMM/EnergyADMM4_evotime2.0_n_ts40_ptypeWARM_offset0.5_penalty0.01_ADMM_10.0_iter100_instance5.csv
     fun: -1.1102230246251565e-16
     jac: array([3.7252903e-09, 3.7252903e-09])
 message: 'Optimization terminated successfully'
    nfev: 3
     nit: 1
    njev: 1
  status: 0
 success: True
       x: array([0.9, 1.1])
switching time points [0.9]
computational time 0.01234825000000006
alpha 0.01
tv norm 2.0
objective with tv norm 0.01999999999999989
total tv norm 2.0
initial file ../control/ADMM/EnergyADMM4_evotime2.0_n_ts40_ptypeWARM_offset0.5_penalty0.01_ADMM_10.0_iter100_instance5.csv
     fun: -1.1102230246251565e-16
     jac: array([3.7252903e-09, 3.7252903e-09])
 message: 'Optimization terminated successfully'
    nfev: 3
     nit: 1
    njev: 1
  status: 0
 success: True
       x: array([0.9, 1.1])
switching time points [0.9]
computational time 0.017647499999999816
alpha 0.01
tv norm 2.0
objective with tv norm 0.01999999999999989
total tv norm 2.0
initial file ../control/ADMM/EnergyADMM4_evotime2.0_n_ts40_ptypeWARM_offset0.5_penalty0.01_ADMM_10.0_iter100_instance5.csv
     fun: -1.1102230246251565e-16
     jac: array([-3.46944695e-16,  0.00000000e+00])
 message: 'Optimization terminated successfully'
    nfev: 1
     nit: 1
    njev: 1
  status: 0
 success: True
       x: array([0.9, 1.1])
switching time points [0.9]
computational time 0.007721875000000544
alpha 0.01
tv norm 2.0
objective with tv norm 0.01999999999999989
