total tv norm 2.0
initial file ../control/ADMM/EnergyADMM6_evotime2.0_n_ts40_ptypeWARM_offset0.5_penalty0.01_ADMM_10.0_iter100_instance4.csv
     fun: 8.881784197001252e-16
     jac: array([1.02139798e+00, 3.72529030e-09, 0.00000000e+00, 5.71746346e-01])
 message: 'Optimization terminated successfully'
    nfev: 10
     nit: 2
    njev: 2
  status: 0
 success: True
       x: array([8.88178420e-16, 8.10657887e-01, 1.18934211e+00, 4.44089210e-16])
switching time points [8.88178420e-16 8.10657887e-01 2.00000000e+00]
computational time 0.2323464589999995
alpha 0.01
tv norm 2.0
objective with tv norm 0.02000000000000089
total tv norm 2.0
initial file ../control/Trustregion/Energy6_evotime2.0_n_ts40_ptypeCONSTANT_offset0.5_instance4_alpha0.01_sigma0.25_eta0.001_threshold30_iter100_typetvc.csv
     fun: 8.881784197001252e-16
     jac: array([1.02139798e+00, 3.72529030e-09, 0.00000000e+00, 5.71746346e-01])
 message: 'Optimization terminated successfully'
    nfev: 10
     nit: 2
    njev: 2
  status: 0
 success: True
       x: array([8.88178420e-16, 8.10657887e-01, 1.18934211e+00, 4.44089210e-16])
switching time points [8.88178420e-16 8.10657887e-01 2.00000000e+00]
computational time 0.19053029200000005
alpha 0.01
tv norm 2.0
objective with tv norm 0.02000000000000089
total tv norm 2.0
initial file ../control/ADMM/EnergyADMM6_evotime2.0_n_ts40_ptypeWARM_offset0.5_penalty0.01_ADMM_10.0_iter100_instance4.csv
     fun: 8.881784197001252e-16
     jac: array([1.02139798e+00, 3.72529030e-09, 0.00000000e+00, 5.71746346e-01])
 message: 'Optimization terminated successfully'
    nfev: 10
     nit: 2
    njev: 2
  status: 0
 success: True
       x: array([8.88178420e-16, 8.10657887e-01, 1.18934211e+00, 4.44089210e-16])
switching time points [8.88178420e-16 8.10657887e-01 2.00000000e+00]
computational time 0.16350441600000032
alpha 0.01
tv norm 2.0
objective with tv norm 0.02000000000000089
total tv norm 2.0
initial file ../control/Trustregion/Energy6_evotime2.0_n_ts40_ptypeCONSTANT_offset0.5_instance4_alpha0.01_sigma0.25_eta0.001_threshold30_iter100_typetvc.csv
     fun: 8.881784197001252e-16
     jac: array([1.02139798e+00, 3.72529030e-09, 0.00000000e+00, 5.71746346e-01])
 message: 'Optimization terminated successfully'
    nfev: 10
     nit: 2
    njev: 2
  status: 0
 success: True
       x: array([8.88178420e-16, 8.10657887e-01, 1.18934211e+00, 4.44089210e-16])
switching time points [8.88178420e-16 8.10657887e-01 2.00000000e+00]
computational time 0.1563397499999999
alpha 0.01
tv norm 2.0
objective with tv norm 0.02000000000000089
total tv norm 6.0
initial file ../control/ADMM/EnergyADMM6_evotime2.0_n_ts40_ptypeWARM_offset0.5_penalty0.01_ADMM_10.0_iter100_instance4.csv
     fun: -3.6132285985516512
     jac: array([0.65035015, 0.65370196, 0.65493667, 0.65181428])
 message: 'Optimization terminated successfully'
    nfev: 47
     nit: 8
    njev: 8
  status: 0
 success: True
       x: array([0.38631832, 0.62338515, 0.64948463, 0.3408119 ])
switching time points [0.38631832 1.00970347 1.6591881 ]
computational time 0.7315996670000002
alpha 0.01
tv norm 6.0
objective with tv norm -3.553228598551651
total tv norm 6.0
initial file ../control/Trustregion/Energy6_evotime2.0_n_ts40_ptypeCONSTANT_offset0.5_instance4_alpha0.01_sigma0.25_eta0.001_threshold30_iter100_typetvc.csv
     fun: -3.613228437302929
     jac: array([0.65522847, 0.65248168, 0.64863148, 0.65500191])
 message: 'Optimization terminated successfully'
    nfev: 56
     nit: 10
    njev: 10
  status: 0
 success: True
       x: array([0.38641051, 0.62335703, 0.64935567, 0.34087678])
switching time points [0.38641051 1.00976754 1.65912322]
computational time 0.7241155830000001
alpha 0.01
tv norm 6.0
objective with tv norm -3.553228437302929
