total tv norm 2.0
     fun: array([-5.55111512e-17])
     jac: array([7.4505806e-09, 3.7252903e-09])
 message: 'Optimization terminated successfully'
    nfev: 4
     nit: 1
    njev: 1
  status: 0
 success: True
       x: array([1., 1.])
switching time points [1.]
computational time 0.005944013595581055
alpha 0.01
tv norm 2.0
objective with tv norm [0.02]
total tv norm 2.0
     fun: -5.551115123125783e-17
     jac: array([7.4505806e-09, 3.7252903e-09])
 message: 'Optimization terminated successfully'
    nfev: 4
     nit: 1
    njev: 1
  status: 0
 success: True
       x: array([1., 1.])
switching time points [1.]
computational time 0.005346059799194336
alpha 0.01
tv norm 2.0
objective with tv norm 0.019999999999999945
     fun: -5.551115123125783e-17
     jac: array([7.4505806e-09, 3.7252903e-09])
 message: 'Optimization terminated successfully'
    nfev: 4
     nit: 1
    njev: 1
  status: 0
 success: True
       x: array([1., 1.])
switching time points [1.]
computational time 0.005253791809082031
alpha 0.01
tv norm 2.0
objective with tv norm 0.019999999999999945
total tv norm 2.0
     fun: -5.551115123125783e-17
     jac: array([7.4505806e-09, 3.7252903e-09])
 message: 'Optimization terminated successfully'
    nfev: 4
     nit: 1
    njev: 1
  status: 0
 success: True
       x: array([1., 1.])
switching time points [1.]
computational time 0.005166053771972656
alpha 0.01
tv norm 2.0
objective with tv norm 0.019999999999999945
total tv norm 2.0
     fun: -5.551115123125783e-17
     jac: array([7.4505806e-09, 3.7252903e-09])
 message: 'Optimization terminated successfully'
    nfev: 4
     nit: 1
    njev: 1
  status: 0
 success: True
       x: array([1., 1.])
switching time points [1.]
computational time 0.005015134811401367
alpha 0.01
tv norm 2.0
objective with tv norm 0.019999999999999945
total tv norm 2.0
total tv norm 2.0
     fun: -5.551115123125783e-17
     jac: array([7.4505806e-09, 3.7252903e-09])
 message: 'Optimization terminated successfully'
    nfev: 4
     nit: 1
    njev: 1
  status: 0
 success: True
       x: array([1., 1.])
switching time points [1.]
computational time 0.005091190338134766
alpha 0.01
tv norm 2.0
objective with tv norm 0.019999999999999945
total tv norm 2.0
     fun: -5.551115123125783e-17
     jac: array([7.4505806e-09, 3.7252903e-09])
 message: 'Optimization terminated successfully'
    nfev: 4
     nit: 1
    njev: 1
  status: 0
 success: True
       x: array([1., 1.])
switching time points [1.]
computational time 0.005177736282348633
alpha 0.01
tv norm 2.0
objective with tv norm 0.019999999999999945
