total tv norm 6.0
initial file ../control/ADMM/EnergyADMM6_evotime2.0_n_ts40_ptypeWARM_offset0.5_penalty0.01_ADMM_10.0_iter100_instance4.csv
     fun: -2.086638115134416
     jac: array([ 3.27176353, -2.6987862 , -5.15928879,  5.84834427])
 message: 'Optimization terminated successfully'
    nfev: 10
     nit: 2
    njev: 2
  status: 0
 success: True
       x: array([0.5, 0.5, 0.5, 0.5])
switching time points [0.5 1.  1.5]
computational time 0.2414903750000006
alpha 0.01
tv norm 6.0
objective with tv norm -2.026638115134416
total tv norm 6.0
initial file ../control/Trustregion/Energy6_evotime2.0_n_ts40_ptypeCONSTANT_offset0.5_instance4_alpha0.01_sigma0.25_eta0.001_threshold30_iter100_typetvc.csv
     fun: -2.086638115134416
     jac: array([ 3.27176353, -2.6987862 , -5.15928879,  5.84834427])
 message: 'Optimization terminated successfully'
    nfev: 10
     nit: 2
    njev: 2
  status: 0
 success: True
       x: array([0.5, 0.5, 0.5, 0.5])
switching time points [0.5 1.  1.5]
computational time 0.2267947920000002
alpha 0.01
tv norm 6.0
objective with tv norm -2.026638115134416
