     fun: -0.9999999309008973
     jac: array([ 6.38425350e-04,  1.22264028e-05,  6.38209283e-04,  1.47923827e-04,
        3.72648239e-04,  2.78025866e-04,  3.36945057e-04,  3.02433968e-04,
        2.96406448e-04,  1.29903853e-03,  8.10846686e-05,  1.31417811e-03,
       -7.55563378e-05,  1.45441294e-03, -5.32343984e-05,  1.45179033e-03,
       -4.56944108e-05,  1.44889206e-03, -2.76714563e-05,  7.03632832e-04,
        0.00000000e+00])
 message: 'Optimization terminated successfully'
    nfev: 158
     nit: 7
    njev: 7
  status: 0
 success: True
       x: array([8.07028257e-03, 1.32486914e-04, 8.95413284e-02, 1.28191895e-01,
       5.12758126e-02, 1.39923026e-02, 9.45621399e-03, 1.54394255e-02,
       5.18873892e-01, 1.83431482e-01, 1.09334999e-02, 1.13547066e-01,
       3.30554955e-01, 3.97847702e-02, 4.46041466e-03, 1.21612308e-02,
       4.55977352e-03, 2.76280946e-02, 4.26769729e-01, 1.05609615e-02,
       6.34382972e-04])
switching time points [0.00807028 0.00820277 0.0977441  0.22593599 0.27721181 0.29120411
 0.30066032 0.31609975 0.83497364 1.01840512 1.02933862 1.14288569
 1.47344064 1.51322541 1.51768583 1.52984706 1.53440683 1.56203493
 1.98880466 1.99936562]
computational time 5.330186128616333
alpha 0.05
tv norm 12.0
objective with tv norm -0.39999993090089725
