total tv norm 2.0
initial file ../control/Trustregion/Energy2_evotime2.0_n_ts40_ptypeCONSTANT_offset0.5_sigma0.25_eta0.001_threshold30_iter100_typetvc.csv
     fun: 4.163336342344337e-17
     jac: array([-1.11758709e-08, -2.79396772e-09])
 message: 'Optimization terminated successfully'
    nfev: 3
     nit: 1
    njev: 1
  status: 0
 success: True
       x: array([0.45, 1.55])
switching time points [0.45]
computational time 0.0048176249999998255
alpha 0.01
tv norm 2.0
objective with tv norm 0.020000000000000042
total tv norm 2.0
initial file ../control/Trustregion/Energy2_evotime2.0_n_ts40_ptypeCONSTANT_offset0.5_sigma0.25_eta0.001_threshold30_iter100_typetvc.csv
     fun: 4.163336342344337e-17
     jac: array([1.66533454e-16, 0.00000000e+00])
 message: 'Optimization terminated successfully'
    nfev: 1
     nit: 1
    njev: 1
  status: 0
 success: True
       x: array([0.45, 1.55])
switching time points [0.45]
computational time 0.020884625000000767
alpha 0.01
tv norm 2.0
objective with tv norm 0.020000000000000042
total tv norm 2.0
initial file ../control/Trustregion/Energy2_evotime2.0_n_ts40_ptypeCONSTANT_offset0.5_sigma0.25_eta0.001_threshold30_iter100_typetvc.csv
     fun: 4.163336342344337e-17
     jac: array([1.66533454e-16, 0.00000000e+00])
 message: 'Optimization terminated successfully'
    nfev: 1
     nit: 1
    njev: 1
  status: 0
 success: True
       x: array([0.45, 1.55])
switching time points [0.45]
computational time 0.005082958000000026
alpha 0.01
tv norm 2.0
objective with tv norm 0.020000000000000042
total tv norm 2.0
initial file ../control/Trustregion/Energy2_evotime2.0_n_ts40_ptypeCONSTANT_offset0.5_sigma0.25_eta0.001_threshold30_iter100_typetvc.csv
     fun: 4.163336342344337e-17
     jac: array([1.66533454e-16, 0.00000000e+00])
 message: 'Optimization terminated successfully'
    nfev: 1
     nit: 1
    njev: 1
  status: 0
 success: True
       x: array([0.45, 1.55])
switching time points [0.45]
computational time 0.004820124999999287
alpha 0.01
tv norm 2.0
objective with tv norm 0.020000000000000042
