total tv norm 0.0
     fun: 0.0
     jac: array([-0.])
 message: 'Optimization terminated successfully'
    nfev: 2
     nit: 1
    njev: 1
  status: 0
 success: True
       x: array([2.])
switching time points None
computational time 0.011163949966430664
alpha 0.01
tv norm 0.0
objective with tv norm 0.0
total tv norm 0.0
     fun: 0.0
     jac: array([-0.])
 message: 'Optimization terminated successfully'
    nfev: 2
     nit: 1
    njev: 1
  status: 0
 success: True
       x: array([2.])
switching time points None
computational time 0.015230894088745117
alpha 0.01
tv norm 0.0
objective with tv norm 0.0
total tv norm 0.0
     fun: 0.0
     jac: array([-0.])
 message: 'Optimization terminated successfully'
    nfev: 2
     nit: 1
    njev: 1
  status: 0
 success: True
       x: array([2.])
switching time points None
computational time 0.010742664337158203
alpha 0.01
tv norm 0.0
objective with tv norm 0.0
