total tv norm 28.0
initial file ../control/ADMM/HadamardADMM3_evotime12.0_n_ts120_ptypeWARM_offset0.5_sum_penalty0.01_penalty0.0001_ADMM_0.5_iter100.csv
     fun: 0.1709526954027174
     jac: array([0.11326686, 0.11075011, 0.11055167, 0.11161187, 0.1114751 ,
       0.11096305, 0.1107053 , 0.1116289 , 0.11029042, 0.11077613,
       0.11085632, 0.18374008, 0.11134337, 0.11199671, 0.11080191,
       0.11006692])
 message: 'Optimization terminated successfully'
    nfev: 514
     nit: 29
    njev: 29
  status: 0
 success: True
       x: array([0.93852163, 1.08711504, 0.53568339, 0.37460771, 0.55031075,
       0.92178646, 1.355959  , 0.47939344, 0.44813792, 0.5764754 ,
       1.23453503, 0.        , 2.03699176, 0.58864684, 0.50899811,
       0.36283751])
switching time points [ 0.93852163  2.02563666  2.56132006  2.93592777  3.48623852  4.40802498
  5.76398398  6.24337742  6.69151534  7.26799074  8.50252577  8.50252577
 10.53951753 11.12816437 11.63716249]
computational time 2.358229583
alpha 0.0001
tv norm 28.0
objective with tv norm 0.1737526954027174
total tv norm 28.0
initial file ../control/ADMM/HadamardADMM3_evotime12.0_n_ts120_ptypeWARM_offset0.5_sum_penalty0.01_penalty0.0001_ADMM_0.5_iter100.csv
     fun: 0.1709526954027174
     jac: array([0.11326686, 0.11075011, 0.11055167, 0.11161187, 0.1114751 ,
       0.11096305, 0.1107053 , 0.1116289 , 0.11029042, 0.11077613,
       0.11085632, 0.18374008, 0.11134337, 0.11199671, 0.11080191,
       0.11006692])
 message: 'Optimization terminated successfully'
    nfev: 514
     nit: 29
    njev: 29
  status: 0
 success: True
       x: array([0.93852163, 1.08711504, 0.53568339, 0.37460771, 0.55031075,
       0.92178646, 1.355959  , 0.47939344, 0.44813792, 0.5764754 ,
       1.23453503, 0.        , 2.03699176, 0.58864684, 0.50899811,
       0.36283751])
switching time points [ 0.93852163  2.02563666  2.56132006  2.93592777  3.48623852  4.40802498
  5.76398398  6.24337742  6.69151534  7.26799074  8.50252577  8.50252577
 10.53951753 11.12816437 11.63716249]
computational time 2.3536008749999997
alpha 0.0001
tv norm 28.0
objective with tv norm 0.1737526954027174
