     fun: 5.3099845791604317e-05
     jac: array([-2.78051198e-03,  1.99005008e-05, -2.64814496e-03, -7.22028315e-03,
        6.97150826e-05, -2.22975761e-03, -2.30518728e-03, -2.14890391e-03,
       -2.52098590e-03, -2.02832371e-03, -5.72516024e-03, -2.03068554e-03,
        1.63163245e-03, -3.77790630e-03, -6.72303140e-04])
 message: 'Optimization terminated successfully'
    nfev: 996
     nit: 61
    njev: 61
  status: 0
 success: True
       x: array([0.59665435, 0.76222014, 0.18987554, 1.0945429 , 0.69502247,
       0.96727151, 0.06928236, 0.26527095, 0.73455385, 1.23072087,
       0.81826711, 0.0453983 , 0.09598467, 0.07037414, 0.36456084])
switching time points [0.59665435 1.35887449 1.54875003 2.64329293 3.3383154  4.30558691
 4.37486927 4.64014022 5.37469407 6.60541494 7.42368205 7.46908035
 7.56506502 7.63543916]
computational time 2.8689398765563965
alpha 0.0001
tv norm 22.0
objective with tv norm 0.0022530998457916044
total tv norm 22.0
initial file ../control/Trustregion/Hadamard2_evotime8.0_n_ts80_ptypeWARM_offset0.5_objUNIT_sum_penalty0.01_alpha0.0001_sigma0.25_eta0.001_threshold30_iter100_typetvc.csv
     fun: 5.3099845791604317e-05
     jac: array([-2.78051198e-03,  1.99005008e-05, -2.64814496e-03, -7.22028315e-03,
        6.97150826e-05, -2.22975761e-03, -2.30518728e-03, -2.14890391e-03,
       -2.52098590e-03, -2.02832371e-03, -5.72516024e-03, -2.03068554e-03,
        1.63163245e-03, -3.77790630e-03, -6.72303140e-04])
 message: 'Optimization terminated successfully'
    nfev: 996
     nit: 61
    njev: 61
  status: 0
 success: True
       x: array([0.59665435, 0.76222014, 0.18987554, 1.0945429 , 0.69502247,
       0.96727151, 0.06928236, 0.26527095, 0.73455385, 1.23072087,
       0.81826711, 0.0453983 , 0.09598467, 0.07037414, 0.36456084])
switching time points [0.59665435 1.35887449 1.54875003 2.64329293 3.3383154  4.30558691
 4.37486927 4.64014022 5.37469407 6.60541494 7.42368205 7.46908035
 7.56506502 7.63543916]
computational time 3.010451078414917
alpha 0.0001
tv norm 22.0
objective with tv norm 0.0022530998457916044
