total tv norm 84.0
initial file ../control/Trustregion/Hadamard3_evotime12.0_n_ts120_ptypeWARM_offset0.5_objUNIT_sum_penalty0.01_alpha0.0001_sigma0.25_eta0.001_threshold30_iter100_typetvc.csv
     fun: 0.025677738296828068
     jac: array([-0.01062309, -0.01574942, -0.01634379, -0.01570439, -0.01573194,
       -0.01572227, -0.01559653, -0.01548396, -0.01573642, -0.01543637,
       -0.01552819, -0.01612467, -0.01588079, -0.01501617, -0.01618855,
       -0.015635  , -0.01585355, -0.01568756, -0.0159464 , -0.01546823,
       -0.01544305, -0.01532613, -0.01507303, -0.01567108, -0.01526324,
       -0.01541843, -0.01533125, -0.01559457, -0.01507711, -0.01556092,
       -0.01547015, -0.01559949,  0.02734002, -0.01497144, -0.01531329,
       -0.01576857, -0.01580564, -0.01566634, -0.01593483, -0.01578148,
       -0.01603181, -0.0155587 , -0.0153802 , -0.01579983, -0.01506998,
       -0.01548056, -0.0114311 , -0.01574817, -0.01540956, -0.01604041])
 message: 'Optimization terminated successfully'
    nfev: 3515
     nit: 68
    njev: 68
  status: 0
 success: True
       x: array([1.27129190e-17, 1.55369187e-01, 3.93283647e-01, 2.39391100e-01,
       1.08649815e-01, 2.10359160e-01, 6.63559677e-02, 7.26035898e-01,
       1.70543928e-01, 3.67851559e-01, 2.13675040e-01, 1.16905520e-01,
       3.27334929e-01, 2.41830394e-01, 5.34179960e-02, 4.44293942e-01,
       4.26414977e-01, 4.15448224e-01, 2.39529172e-01, 2.91182152e-01,
       1.70485826e-01, 1.96979517e-01, 4.12867963e-02, 9.79521858e-02,
       7.62464747e-02, 2.18668163e-01, 1.94460818e-01, 2.51098798e-01,
       4.92236638e-01, 9.33548966e-02, 1.46650568e-02, 1.39101576e-01,
       2.61451396e-18, 2.43389796e-01, 6.69822898e-02, 3.99583135e-01,
       1.98193337e-01, 2.93671753e-01, 1.46653748e-01, 3.42820387e-01,
       1.72734468e-01, 2.14476092e-01, 2.34617949e-01, 7.88610519e-01,
       3.18291083e-01, 3.62198217e-01, 4.89439348e-18, 1.73555517e-01,
       5.55686338e-01, 2.94126019e-01])
switching time points [1.27129190e-17 1.55369187e-01 5.48652834e-01 7.88043934e-01
 8.96693749e-01 1.10705291e+00 1.17340888e+00 1.89944477e+00
 2.06998870e+00 2.43784026e+00 2.65151530e+00 2.76842082e+00
 3.09575575e+00 3.33758614e+00 3.39100414e+00 3.83529808e+00
 4.26171306e+00 4.67716128e+00 4.91669045e+00 5.20787261e+00
 5.37835843e+00 5.57533795e+00 5.61662475e+00 5.71457693e+00
 5.79082341e+00 6.00949157e+00 6.20395239e+00 6.45505118e+00
 6.94728782e+00 7.04064272e+00 7.05530778e+00 7.19440935e+00
 7.19440935e+00 7.43779915e+00 7.50478144e+00 7.90436457e+00
 8.10255791e+00 8.39622966e+00 8.54288341e+00 8.88570380e+00
 9.05843827e+00 9.27291436e+00 9.50753231e+00 1.02961428e+01
 1.06144339e+01 1.09766321e+01 1.09766321e+01 1.11501876e+01
 1.17058740e+01]
computational time 45.178901583
alpha 0.0001
tv norm 84.0
objective with tv norm 0.03407773829682807
total tv norm 84.0
initial file ../control/Trustregion/Hadamard3_evotime12.0_n_ts120_ptypeWARM_offset0.5_objUNIT_sum_penalty0.01_alpha0.0001_sigma0.25_eta0.001_threshold30_iter100_typetvc.csv
     fun: 0.025677738296828068
     jac: array([-0.01062309, -0.01574942, -0.01634379, -0.01570439, -0.01573194,
       -0.01572227, -0.01559653, -0.01548396, -0.01573642, -0.01543637,
       -0.01552819, -0.01612467, -0.01588079, -0.01501617, -0.01618855,
       -0.015635  , -0.01585355, -0.01568756, -0.0159464 , -0.01546823,
       -0.01544305, -0.01532613, -0.01507303, -0.01567108, -0.01526324,
       -0.01541843, -0.01533125, -0.01559457, -0.01507711, -0.01556092,
       -0.01547015, -0.01559949,  0.02734002, -0.01497144, -0.01531329,
       -0.01576857, -0.01580564, -0.01566634, -0.01593483, -0.01578148,
       -0.01603181, -0.0155587 , -0.0153802 , -0.01579983, -0.01506998,
       -0.01548056, -0.0114311 , -0.01574817, -0.01540956, -0.01604041])
 message: 'Optimization terminated successfully'
    nfev: 3515
     nit: 68
    njev: 68
  status: 0
 success: True
       x: array([1.27129190e-17, 1.55369187e-01, 3.93283647e-01, 2.39391100e-01,
       1.08649815e-01, 2.10359160e-01, 6.63559677e-02, 7.26035898e-01,
       1.70543928e-01, 3.67851559e-01, 2.13675040e-01, 1.16905520e-01,
       3.27334929e-01, 2.41830394e-01, 5.34179960e-02, 4.44293942e-01,
       4.26414977e-01, 4.15448224e-01, 2.39529172e-01, 2.91182152e-01,
       1.70485826e-01, 1.96979517e-01, 4.12867963e-02, 9.79521858e-02,
       7.62464747e-02, 2.18668163e-01, 1.94460818e-01, 2.51098798e-01,
       4.92236638e-01, 9.33548966e-02, 1.46650568e-02, 1.39101576e-01,
       2.61451396e-18, 2.43389796e-01, 6.69822898e-02, 3.99583135e-01,
       1.98193337e-01, 2.93671753e-01, 1.46653748e-01, 3.42820387e-01,
       1.72734468e-01, 2.14476092e-01, 2.34617949e-01, 7.88610519e-01,
       3.18291083e-01, 3.62198217e-01, 4.89439348e-18, 1.73555517e-01,
       5.55686338e-01, 2.94126019e-01])
switching time points [1.27129190e-17 1.55369187e-01 5.48652834e-01 7.88043934e-01
 8.96693749e-01 1.10705291e+00 1.17340888e+00 1.89944477e+00
 2.06998870e+00 2.43784026e+00 2.65151530e+00 2.76842082e+00
 3.09575575e+00 3.33758614e+00 3.39100414e+00 3.83529808e+00
 4.26171306e+00 4.67716128e+00 4.91669045e+00 5.20787261e+00
 5.37835843e+00 5.57533795e+00 5.61662475e+00 5.71457693e+00
 5.79082341e+00 6.00949157e+00 6.20395239e+00 6.45505118e+00
 6.94728782e+00 7.04064272e+00 7.05530778e+00 7.19440935e+00
 7.19440935e+00 7.43779915e+00 7.50478144e+00 7.90436457e+00
 8.10255791e+00 8.39622966e+00 8.54288341e+00 8.88570380e+00
 9.05843827e+00 9.27291436e+00 9.50753231e+00 1.02961428e+01
 1.06144339e+01 1.09766321e+01 1.09766321e+01 1.11501876e+01
 1.17058740e+01]
computational time 46.365815041
alpha 0.0001
tv norm 84.0
objective with tv norm 0.03407773829682807
