     fun: 0.3753699370469482
     jac: array([-0.42929456,  0.21979818, -0.79236045,  0.55949595, -0.29761188,
        0.2710185 , -0.79262186,  0.22884496, -0.4333142 , -0.23223479,
       -0.79235056,  0.07756534, -0.5638769 ,  1.24503463,  0.65107441])
 message: 'Optimization terminated successfully'
    nfev: 114
     nit: 7
    njev: 7
  status: 0
 success: True
       x: array([0.5       , 0.5       , 0.61437855, 0.5       , 0.5       ,
       0.5       , 0.5928524 , 0.5       , 0.5       , 0.5       ,
       0.79276906, 0.5       , 0.5       , 0.5       , 0.5       ])
switching time points [0.5        1.         1.61437855 2.11437855 2.61437855 3.11437855
 3.70723094 4.20723094 4.70723094 5.20723094 6.         6.5
 7.         7.5       ]
computational time 0.3430941104888916
alpha 0.0001
tv norm 28.0
objective with tv norm 0.37816993704694823
