total tv norm 22.0
initial file ../control/Trustregion/Hadamard3_evotime12.0_n_ts120_ptypeWARM_offset0.5_objUNIT_sum_penalty0.01_alpha0.0001_sigma0.25_eta0.001_threshold30_iter100_typetvc.csv
     fun: 0.9280312943141321
     jac: array([-0.25678033, -0.92144359, -0.92620407, -0.18205575,  0.46285727,
        0.23826332, -0.05061366,  0.45018448, -0.15887974, -0.11958779,
        0.45798789,  0.02388877,  0.00575906,  0.03321335, -0.18359392,
        0.11264074, -0.88748574,  0.17510626, -0.02818729,  0.06403866,
       -0.09953865,  0.07724603, -0.2499227 , -0.172555  , -0.30941609,
        0.12057184, -0.20412681,  0.12432504, -0.74833912, -0.01390425,
        0.00622135, -0.11227433,  0.10025088,  0.34255773,  0.04492702,
        0.22193833, -0.03992149,  0.18656685,  0.15946037,  0.00599393,
       -0.18733707,  0.35223041,  0.33496857, -0.32529054,  0.01846275,
       -0.22884664, -0.04910975, -0.50677051,  0.03670945,  0.12731254])
 message: 'Positive directional derivative for linesearch'
    nfev: 51
     nit: 5
    njev: 1
  status: 8
 success: False
       x: array([1., 1., 1., 1., 1., 1., 1., 1., 1., 1., 1., 1., 1., 1., 1., 1., 1.,
       1., 1., 1., 1., 1., 1., 1., 1., 1., 1., 1., 1., 1., 1., 1., 1., 1.,
       1., 1., 1., 1., 1., 1., 1., 1., 1., 1., 1., 1., 1., 1., 1., 1.])
switching time points [ 1.  2.  3.  4.  5.  6.  7.  8.  9. 10. 11. 12. 13. 14. 15. 16. 17. 18.
 19. 20. 21. 22. 23. 24. 25. 26. 27. 28. 29. 30. 31. 32. 33. 34. 35. 36.
 37. 38. 39. 40. 41. 42. 43. 44. 45. 46. 47. 48. 49.]
computational time 0.743179
alpha 0.0001
tv norm 22.0
objective with tv norm 0.9302312943141321
