total tv norm 4.0
initial file ../control/ADMM/MoleculeADMMNew_H2_evotime4.0_n_ts80_ptypeWARM_offset0.5_sum_penalty1.0_penalty0.001_ADMM_0.5_iter100.csv
     fun: 0.0053821703228478235
     jac: array([0.06452415, 0.0645176 , 0.06452415])
 message: 'Optimization terminated successfully'
    nfev: 4
     nit: 3
    njev: 3
  status: 0
 success: True
       x: array([1.3318729, 1.3362542, 1.3318729])
switching time points [1.3318729 2.6681271]
computational time 0.008665666999999821
alpha 0.001
tv norm 4.0
objective with tv norm 0.009382170322847824
objective function before optimization 0.403966049503541
TV regularizer before optimization 4
total tv norm 4.0
initial file ../control/ADMM/MoleculeADMMNew_H2_evotime4.0_n_ts80_ptypeWARM_offset0.5_sum_penalty1.0_penalty0.001_ADMM_0.5_iter100.csv
objective function before optimization 0.403966049503541
TV regularizer before optimization 4
     fun: 0.0053821703228478235
     jac: array([0.06452415, 0.0645176 , 0.06452415])
 message: 'Optimization terminated successfully'
    nfev: 4
     nit: 3
    njev: 3
  status: 0
 success: True
       x: array([1.3318729, 1.3362542, 1.3318729])
switching time points [1.3318729 2.6681271]
computational time 0.006208749999999874
alpha 0.001
tv norm 4.0
objective with tv norm 0.009382170322847824
