total tv norm 0.0
initial file ../control/ADMM/MoleculeVQEADMM0_LiH_evotime20.0_n_ts200_ptypeWARM_offset0.5_sum_penalty0.1_penalty0.0001_ADMM_0.5_iter100.csv
     fun: 0.9999104954213078
     jac: array([2.12296939e-08])
 message: 'Optimization terminated successfully'
    nfev: 1
     nit: 1
    njev: 1
  status: 0
 success: True
       x: array([20.])
switching time points None
computational time 0.00344645899999918
alpha 0.001
tv norm 0.0
objective with tv norm 0.9999104954213078
total tv norm 0.0
initial file ../control/ADMM/MoleculeVQEADMM_LiH_evotime20.0_n_ts200_ptypeWARM_offset0.5_sum_penalty0.1_penalty0.001_ADMM_3.0_iter100.csv
     fun: 0.9999104954213078
     jac: array([2.12296939e-08])
 message: 'Optimization terminated successfully'
    nfev: 1
     nit: 1
    njev: 1
  status: 0
 success: True
       x: array([20.])
switching time points None
computational time 0.004052208000000945
alpha 0.001
tv norm 0.0
objective with tv norm 0.9999104954213078
total tv norm 0.0
initial file ../control/ADMM/MoleculeVQEADMM_LiH_evotime20.0_n_ts200_ptypeWARM_offset0.5_sum_penalty0.1_penalty0.001_ADMM_3.0_iter100.csv
     fun: 0.9999104954213078
     jac: array([2.12296939e-08])
 message: 'Optimization terminated successfully'
    nfev: 1
     nit: 1
    njev: 1
  status: 0
 success: True
       x: array([20.])
switching time points None
computational time 0.0032168329999997525
alpha 0.001
tv norm 0.0
objective with tv norm 0.9999104954213078
total tv norm 0.0
initial file ../control/ADMM/MoleculeVQEADMM_LiH_evotime20.0_n_ts200_ptypeWARM_offset0.5_sum_penalty0.1_penalty0.001_ADMM_3.0_iter100.csv
     fun: 0.9999104954213078
     jac: array([2.12296939e-08])
 message: 'Optimization terminated successfully'
    nfev: 1
     nit: 1
    njev: 1
  status: 0
 success: True
       x: array([20.])
switching time points None
computational time 0.008794832999999613
alpha 0.001
tv norm 0.0
objective with tv norm 0.9999104954213078
objective function before optimization 0.9999104954213078
TV regularizer before optimization 0
total tv norm 0.0
initial file ../control/ADMM/MoleculeVQEADMM_LiH_evotime20.0_n_ts200_ptypeWARM_offset0.5_sum_penalty0.1_penalty0.001_ADMM_3.0_iter100.csv
objective function before optimization 0.9999104954213078
TV regularizer before optimization 0
     fun: 0.9999104954213078
     jac: array([2.12296939e-08])
 message: 'Optimization terminated successfully'
    nfev: 1
     nit: 1
    njev: 1
  status: 0
 success: True
       x: array([20.])
switching time points None
computational time 0.0030632920000002173
alpha 0.001
tv norm 0.0
objective with tv norm 0.9999104954213078
total tv norm 0.0
initial file ../control/ADMM/MoleculeVQEADMM_LiH_evotime20.0_n_ts200_ptypeWARM_offset0.5_sum_penalty0.1_penalty0.001_ADMM_3.0_iter100.csv
objective function before optimization 0.9999104954213078
TV regularizer before optimization 0
     fun: 0.9999104954213078
     jac: array([2.12296939e-08])
 message: 'Optimization terminated successfully'
    nfev: 1
     nit: 1
    njev: 1
  status: 0
 success: True
       x: array([20.])
switching time points None
computational time 0.007422542000000476
alpha 0.001
tv norm 0.0
objective with tv norm 0.9999104954213078
total tv norm 0.0
initial file ../control/ADMM/MoleculeVQEADMM_LiH_evotime20.0_n_ts200_ptypeWARM_offset0.5_sum_penalty0.1_penalty0.001_ADMM_3.0_iter100.csv
objective function before optimization 0.9999104954213078
TV regularizer before optimization 0
     fun: 0.9999104954213078
     jac: array([2.12296939e-08])
 message: 'Optimization terminated successfully'
    nfev: 1
     nit: 1
    njev: 1
  status: 0
 success: True
       x: array([20.])
switching time points None
computational time 0.008003999999999678
alpha 0.001
tv norm 0.0
objective with tv norm 0.9999104954213078
total tv norm 0.0
initial file ../control/ADMM/MoleculeVQEADMM_LiH_evotime20.0_n_ts200_ptypeWARM_offset0.5_sum_penalty0.1_penalty0.001_ADMM_3.0_iter100.csv
objective function before optimization 0.9999104954213078
TV regularizer before optimization 0
     fun: 0.9999104954213078
     jac: array([2.12296939e-08])
 message: 'Optimization terminated successfully'
    nfev: 1
     nit: 1
    njev: 1
  status: 0
 success: True
       x: array([20.])
switching time points None
computational time 0.0025647499999994494
alpha 0.001
tv norm 0.0
objective with tv norm 0.9999104954213078
total tv norm 0.0
initial file ../control/ADMM/MoleculeVQEADMM_LiH_evotime20.0_n_ts200_ptypeWARM_offset0.5_sum_penalty0.1_penalty0.001_ADMM_3.0_iter100.csv
objective function before optimization 0.9999104954213078
TV regularizer before optimization 0
     fun: 0.9999104954213078
     jac: array([2.12296939e-08])
 message: 'Optimization terminated successfully'
    nfev: 1
     nit: 1
    njev: 1
  status: 0
 success: True
       x: array([20.])
switching time points None
computational time 0.0029382079999997757
alpha 0.001
tv norm 0.0
objective with tv norm 0.9999104954213078
total tv norm 0.0
initial file ../control/ADMM/MoleculeVQEADMM_LiH_evotime20.0_n_ts200_ptypeWARM_offset0.5_sum_penalty0.1_penalty0.001_ADMM_3.0_iter100.csv
objective function before optimization 0.9999104954213078
TV regularizer before optimization 0
     fun: 0.9999104954213078
     jac: array([2.12296939e-08])
 message: 'Optimization terminated successfully'
    nfev: 1
     nit: 1
    njev: 1
  status: 0
 success: True
       x: array([20.])
switching time points None
computational time 0.002512624999999602
alpha 0.001
tv norm 0.0
objective with tv norm 0.9999104954213078
total tv norm 0.0
initial file ../control/ADMM/MoleculeVQEADMM_LiH_evotime20.0_n_ts200_ptypeWARM_offset0.5_sum_penalty0.1_penalty0.001_ADMM_3.0_iter100.csv
objective function before optimization 0.9999104954213078
TV regularizer before optimization 0
     fun: 0.9999104954213078
     jac: array([2.12296939e-08])
 message: 'Optimization terminated successfully'
    nfev: 1
     nit: 1
    njev: 1
  status: 0
 success: True
       x: array([20.])
switching time points None
computational time 0.0025407500000005356
alpha 0.001
tv norm 0.0
objective with tv norm 0.9999104954213078
