total tv norm 64.0
initial file ../control/Trustregion/MoleculeVQE_LiH_evotime20.0_n_ts200_ptypeWARM_offset0.5_objUNIT_sum_penalty0.1_alpha0.001_sigma0.25_eta0.001_threshold30_iter100_typetvc.csv
     fun: 0.4624242677259339
     jac: array([-0.01062087, -0.10809046, -0.10608968, -0.1081027 , -0.10822523,
       -0.0414963 , -0.10838168, -0.10849769, -0.10824019, -0.10801685,
       -0.10824019, -0.10825203, -0.10826859,  0.12240261, -0.1076036 ,
       -0.04149631, -0.1076036 , -0.10824019,  0.12240261, -0.10830888,
        0.12240261, -0.10830888,  0.12240261, -0.10829692, -0.10826859,
       -0.10853574, -0.10760361, -0.10854449, -0.04165079, -0.10554392,
       -0.10849539, -0.04534756, -0.10866794])
 message: 'Optimization terminated successfully'
    nfev: 895
     nit: 26
    njev: 26
  status: 0
 success: True
       x: array([0.5       , 0.57486943, 0.5       , 0.6618272 , 0.6481342 ,
       0.5       , 0.65864248, 1.27411694, 0.52048054, 0.5       ,
       0.51071173, 0.65798656, 0.95731995, 0.5       , 0.5       ,
       0.5       , 0.5       , 0.52048053, 0.5       , 0.66928395,
       0.5       , 0.66928403, 0.5       , 0.6441315 , 0.95731993,
       0.67027642, 0.5       , 0.64600042, 0.5       , 0.5       ,
       0.72217115, 0.5       , 0.53696304])
switching time points [ 0.5         1.07486943  1.57486943  2.23669663  2.88483083  3.38483083
  4.04347331  5.31759025  5.83807079  6.33807079  6.84878252  7.50676908
  8.46408903  8.96408903  9.46408903  9.96408903 10.46408903 10.98456956
 11.48456956 12.15385351 12.65385351 13.32313754 13.82313754 14.46726904
 15.42458897 16.0948654  16.5948654  17.24086581 17.74086581 18.24086581
 18.96303696 19.46303696]
computational time 16.895057625
alpha 0.001
tv norm 64.0
objective with tv norm 0.5264242677259339
