total tv norm 66.0
initial file ../control/Trustregion/MoleculeNew3_LiH_evotime20.0_n_ts200_ptypeWARM_offset0.5_objUNIT_sum_penalty0.1_alpha0.001_sigma0.25_eta0.001_threshold30_iter100_typetvc.csv
     fun: 0.08012798650149566
     jac: array([-1.40166879e-02, -1.40528679e-02, -1.39364526e-02, -1.39765739e-02,
       -1.40225962e-02,  6.23733550e-03, -1.40610635e-02, -1.39265507e-02,
       -1.41058490e-02, -1.44573301e-02, -1.40292272e-02,  9.47564840e-05,
       -1.39117539e-02, -1.43819675e-02, -1.42058954e-02, -1.43819675e-02,
       -1.42058954e-02, -1.28072873e-02, -1.37360394e-02, -1.39766335e-02,
       -1.38197243e-02, -1.39766335e-02, -1.40505806e-02, -1.40389800e-02,
       -1.40505880e-02, -1.40389800e-02, -1.40505806e-02, -1.40389800e-02,
       -1.44241005e-02, -1.35582313e-02, -1.39669776e-02, -1.40389800e-02,
       -1.36964694e-02, -1.40517950e-02,  4.49463725e-04, -1.44726932e-02,
       -1.38561055e-02, -1.44098252e-02,  7.32838362e-03])
 message: 'Optimization terminated successfully'
    nfev: 2024
     nit: 50
    njev: 50
  status: 0
 success: True
       x: array([1.73068936e-01, 2.86564022e-01, 1.66467134e-01, 9.82914678e-01,
       1.20503857e+00, 2.63251487e-17, 3.32871629e-01, 1.22255982e+00,
       2.04364761e+00, 1.21615283e-01, 3.00771330e-01, 0.00000000e+00,
       1.74821290e+00, 1.45604576e-01, 1.35668643e-01, 2.21788877e-01,
       2.01528547e-01, 1.73331149e-01, 2.02890843e-01, 1.11705874e+00,
       1.77558429e-01, 1.01705948e+00, 2.59949848e-01, 2.04947048e-01,
       7.59950078e-01, 6.04946245e-01, 2.59949994e-01, 2.04946497e-01,
       5.88441266e-03, 6.32636331e-01, 2.77054824e+00, 2.04946490e-01,
       1.74278570e-01, 8.65330232e-02, 0.00000000e+00, 1.58802613e-01,
       4.90106316e-01, 1.20535311e+00, 5.53959548e-19])
switching time points [ 0.17306894  0.45963296  0.62610009  1.60901477  2.81405334  2.81405334
  3.14692497  4.36948479  6.4131324   6.53474768  6.83551901  6.83551901
  8.5837319   8.72933648  8.86500512  9.086794    9.28832255  9.4616537
  9.66454454 10.78160328 10.95916171 11.97622118 12.23617103 12.44111808
 13.20106816 13.8060144  14.0659644  14.27091089 14.27679531 14.90943164
 17.67997988 17.88492637 18.05920494 18.14573796 18.14573796 18.30454057
 18.79464689 20.        ]
computational time 39.57894025
alpha 0.001
tv norm 66.0
objective with tv norm 0.14612798650149567
