total tv norm 76.0
initial file ../control/Trustregion/MoleculeNew3_LiH_evotime20.0_n_ts200_ptypeWARM_offset0.5_objUNIT_sum_penalty0.1_alpha0.001_sigma0.25_eta0.001_threshold30_iter100_typetvc.csv
     fun: 0.6623581240251499
     jac: array([-0.08115029,  0.02674817, -0.08184005, -0.08146773,  0.00730076,
       -0.00132997,  0.96367557, -0.04182202, -0.02729085,  0.22630633,
       -0.08198114,  0.03157741, -0.01684354,  0.87792596,  0.23280409,
        0.87792597,  0.23280409,  0.24328057, -0.01684354, -0.01682499,
        0.21651337, -0.01682499,  0.0429161 ,  0.00108451,  0.0429161 ,
        0.00108451,  0.0429161 ,  0.00108451, -0.08159284, -0.08130197,
        0.02589366,  0.00108451,  0.71774246, -0.03623689, -0.03777185,
       -0.03779722,  0.02791612,  0.07134946,  0.60246786])
 message: 'Optimization terminated successfully'
    nfev: 443
     nit: 11
    njev: 11
  status: 0
 success: True
       x: array([0.57603077, 0.5       , 0.50443066, 0.66065813, 0.5       ,
       0.5       , 0.5       , 0.5       , 0.5       , 0.5       ,
       0.59933796, 0.5       , 0.5       , 0.5       , 0.5       ,
       0.5       , 0.5       , 0.5       , 0.5       , 0.5       ,
       0.5       , 0.5       , 0.5       , 0.5       , 0.5       ,
       0.5       , 0.5       , 0.5       , 0.52025546, 0.63928703,
       0.5       , 0.5       , 0.5       , 0.5       , 0.5       ,
       0.5       , 0.5       , 0.5       , 0.5       ])
switching time points [ 0.57603077  1.07603077  1.58046143  2.24111956  2.74111956  3.24111956
  3.74111956  4.24111956  4.74111956  5.24111956  5.84045752  6.34045752
  6.84045752  7.34045752  7.84045752  8.34045752  8.84045752  9.34045752
  9.84045752 10.34045752 10.84045752 11.34045752 11.84045752 12.34045752
 12.84045752 13.34045752 13.84045752 14.34045752 14.86071297 15.5
 16.         16.5        17.         17.5        18.         18.5
 19.         19.5       ]
computational time 11.223523833000002
alpha 0.001
tv norm 76.0
objective with tv norm 0.7383581240251499
