total tv norm 12.0
initial file ../control/ADMM/MoleculeADMMNew3_LiH_evotime20.0_n_ts200_ptypeWARM_offset0.5_sum_penalty0.1_penalty0.001_ADMM_0.5_iter100.csv
     fun: 0.7224310897790067
     jac: array([-0.00742359, -0.00717348, -0.00729048, -0.00735046, -0.00400816,
       -0.00735045, -0.0074236 , -0.00736827, -0.0067194 ])
 message: 'Optimization terminated successfully'
    nfev: 275
     nit: 27
    njev: 27
  status: 0
 success: True
       x: array([2.00926557e+00, 1.33605457e+00, 4.64288854e+00, 4.64788846e+00,
       2.74845251e-17, 6.72658304e-02, 3.56374326e-01, 4.93636027e+00,
       2.00390244e+00])
switching time points [ 2.00926557  3.34532014  7.98820868 12.63609714 12.63609714 12.70336297
 13.05973729 17.99609756]
computational time 1.2764707499999997
alpha 0.001
tv norm 12.0
objective with tv norm 0.7344310897790067
