total tv norm 2.0
initial file ../control/ADMM/MoleculeADMM_H2_evotime4.0_n_ts80_ptypeWARM_offset0.5_sum_penalty1.0_penalty0.0001_ADMM_0.5_iter100.csv
     fun: 0.04806803680232108
     jac: array([-1.89961374e-01,  1.63912773e-07, -1.90615222e-01])
 message: 'Optimization terminated successfully'
    nfev: 26
     nit: 6
    njev: 6
  status: 0
 success: True
       x: array([1.99101914, 0.        , 2.00898086])
switching time points [1.99101914 1.99101914]
computational time 0.023951832999999922
alpha 0.0001
tv norm 2.0
objective with tv norm 0.04826803680232108
total tv norm 2.0
initial file ../control/ADMM/MoleculeADMM_H2_evotime4.0_n_ts80_ptypeWARM_offset0.5_sum_penalty1.0_penalty0.0001_ADMM_0.5_iter100.csv
     fun: 0.04806803680232108
     jac: array([-1.89961374e-01,  1.63912773e-07, -1.90615222e-01])
 message: 'Optimization terminated successfully'
    nfev: 26
     nit: 6
    njev: 6
  status: 0
 success: True
       x: array([1.99101914, 0.        , 2.00898086])
switching time points [1.99101914 1.99101914]
computational time 0.021108082999999667
alpha 0.0001
tv norm 2.0
objective with tv norm 0.04826803680232108
total tv norm 2.0
initial file ../control/ADMM/MoleculeADMM_H2_evotime4.0_n_ts80_ptypeWARM_offset0.5_sum_penalty1.0_penalty0.0001_ADMM_0.5_iter100.csv
     fun: 0.04806803680232108
     jac: array([-1.89961374e-01,  1.63912773e-07, -1.90615222e-01])
 message: 'Optimization terminated successfully'
    nfev: 26
     nit: 6
    njev: 6
  status: 0
 success: True
       x: array([1.99101914, 0.        , 2.00898086])
switching time points [1.99101914 1.99101914]
computational time 0.02786691600000024
alpha 0.0001
tv norm 2.0
objective with tv norm 0.04826803680232108
total tv norm 2.0
initial file ../control/ADMM/MoleculeADMM_H2_evotime4.0_n_ts80_ptypeWARM_offset0.5_sum_penalty1.0_penalty0.0001_ADMM_0.5_iter100.csv
     fun: 0.04806803680232108
     jac: array([-1.89961374e-01,  1.63912773e-07, -1.90615222e-01])
 message: 'Optimization terminated successfully'
    nfev: 26
     nit: 6
    njev: 6
  status: 0
 success: True
       x: array([1.99101914, 0.        , 2.00898086])
switching time points [1.99101914 1.99101914]
computational time 0.027952332999999996
alpha 0.0001
tv norm 2.0
objective with tv norm 0.04826803680232108
