total tv norm 48.0
initial file ../control/Trustregion/MoleculeVQE_LiH_evotime20.0_n_ts200_ptypeWARM_offset0.5_objUNIT_sum_penalty0.1_alpha0.001_sigma0.25_eta0.001_threshold30_iter100_typetvc.csv
     fun: 0.0015339335021378186
     jac: array([-2.35613890e-04,  3.56483513e-04, -5.99628558e-06, -3.00118420e-04,
        5.10765868e-04,  1.73723086e-04,  1.88198286e-04,  6.84852641e-05,
       -1.18190896e-05, -2.56765831e-04, -1.18190896e-05,  8.71410445e-04,
       -1.57514677e-05, -3.22955557e-06,  8.91126898e-05,  1.73723086e-04,
        8.91126898e-05, -1.18190896e-05, -3.22955557e-06,  1.97574982e-04,
       -3.22955557e-06,  1.97574982e-04, -3.22955557e-06, -5.18781549e-06,
       -1.57514677e-05,  7.15133843e-04,  8.91126898e-05, -6.23488278e-04,
       -1.73709477e-04,  5.77868140e-06, -7.32039059e-04, -1.21271124e-04,
       -2.66646387e-04])
 message: 'Optimization terminated successfully'
    nfev: 39
     nit: 22
    njev: 22
  status: 0
 success: True
       x: array([1.09375905e-01, 1.05545793e+00, 2.84701234e+00, 4.47075338e-04,
       3.92367800e-01, 7.49987193e-01, 3.30042554e-01, 7.32703483e-01,
       1.26247029e+00, 1.76082586e-01, 6.62470291e-01, 3.37109873e-01,
       2.69382949e-01, 4.06575815e-20, 8.86530272e-02, 5.49987193e-01,
       2.58977948e-02, 1.26247029e+00, 2.81214938e-19, 3.00474366e-01,
       3.04931861e-20, 3.82079862e-01, 2.57498016e-19, 2.19903080e+00,
       4.69382949e-01, 3.33295717e-01, 6.16627402e-02, 3.86981491e-01,
       9.83170512e-01, 2.40314739e+00, 6.34106113e-01, 2.41917433e-01,
       7.52832064e-01])
switching time points [ 0.10937591  1.16483383  4.01184617  4.01229324  4.40466104  5.15464824
  5.48469079  6.21739427  7.47986456  7.65594715  8.31841744  8.65552731
  8.92491026  8.92491026  9.01356329  9.56355048  9.58944828 10.85191857
 10.85191857 11.15239294 11.15239294 11.5344728  11.5344728  13.73350359
 14.20288654 14.53618226 14.597845   14.98482649 15.967997   18.37114439
 19.0052505  19.24716794]
computational time 0.664163084000001
alpha 0.001
tv norm 48.0
objective with tv norm 0.04953393350213782
total tv norm 48.0
initial file ../control/Trustregion/MoleculeVQE_LiH_evotime20.0_n_ts200_ptypeWARM_offset0.5_objUNIT_sum_penalty0.1_alpha0.001_sigma0.25_eta0.001_threshold30_iter100_typetvc.csv
     fun: 0.0015339335021378186
     jac: array([-2.35613890e-04,  3.56483513e-04, -5.99628558e-06, -3.00118420e-04,
        5.10765868e-04,  1.73723086e-04,  1.88198286e-04,  6.84852641e-05,
       -1.18190896e-05, -2.56765831e-04, -1.18190896e-05,  8.71410445e-04,
       -1.57514677e-05, -3.22955557e-06,  8.91126898e-05,  1.73723086e-04,
        8.91126898e-05, -1.18190896e-05, -3.22955557e-06,  1.97574982e-04,
       -3.22955557e-06,  1.97574982e-04, -3.22955557e-06, -5.18781549e-06,
       -1.57514677e-05,  7.15133843e-04,  8.91126898e-05, -6.23488278e-04,
       -1.73709477e-04,  5.77868140e-06, -7.32039059e-04, -1.21271124e-04,
       -2.66646387e-04])
 message: 'Optimization terminated successfully'
    nfev: 39
     nit: 22
    njev: 22
  status: 0
 success: True
       x: array([1.09375905e-01, 1.05545793e+00, 2.84701234e+00, 4.47075338e-04,
       3.92367800e-01, 7.49987193e-01, 3.30042554e-01, 7.32703483e-01,
       1.26247029e+00, 1.76082586e-01, 6.62470291e-01, 3.37109873e-01,
       2.69382949e-01, 4.06575815e-20, 8.86530272e-02, 5.49987193e-01,
       2.58977948e-02, 1.26247029e+00, 2.81214938e-19, 3.00474366e-01,
       3.04931861e-20, 3.82079862e-01, 2.57498016e-19, 2.19903080e+00,
       4.69382949e-01, 3.33295717e-01, 6.16627402e-02, 3.86981491e-01,
       9.83170512e-01, 2.40314739e+00, 6.34106113e-01, 2.41917433e-01,
       7.52832064e-01])
switching time points [ 0.10937591  1.16483383  4.01184617  4.01229324  4.40466104  5.15464824
  5.48469079  6.21739427  7.47986456  7.65594715  8.31841744  8.65552731
  8.92491026  8.92491026  9.01356329  9.56355048  9.58944828 10.85191857
 10.85191857 11.15239294 11.15239294 11.5344728  11.5344728  13.73350359
 14.20288654 14.53618226 14.597845   14.98482649 15.967997   18.37114439
 19.0052505  19.24716794]
computational time 0.7138184589999996
alpha 0.001
tv norm 48.0
objective with tv norm 0.04953393350213782
total tv norm 48.0
initial file ../control/Trustregion/MoleculeVQE_LiH_evotime20.0_n_ts200_ptypeWARM_offset0.5_objUNIT_sum_penalty0.1_alpha0.001_sigma0.25_eta0.001_threshold30_iter100_typetvc.csv
     fun: 0.0015339335021378186
     jac: array([-2.35613890e-04,  3.56483513e-04, -5.99628558e-06, -3.00118420e-04,
        5.10765868e-04,  1.73723086e-04,  1.88198286e-04,  6.84852641e-05,
       -1.18190896e-05, -2.56765831e-04, -1.18190896e-05,  8.71410445e-04,
       -1.57514677e-05, -3.22955557e-06,  8.91126898e-05,  1.73723086e-04,
        8.91126898e-05, -1.18190896e-05, -3.22955557e-06,  1.97574982e-04,
       -3.22955557e-06,  1.97574982e-04, -3.22955557e-06, -5.18781549e-06,
       -1.57514677e-05,  7.15133843e-04,  8.91126898e-05, -6.23488278e-04,
       -1.73709477e-04,  5.77868140e-06, -7.32039059e-04, -1.21271124e-04,
       -2.66646387e-04])
 message: 'Optimization terminated successfully'
    nfev: 39
     nit: 22
    njev: 22
  status: 0
 success: True
       x: array([1.09375905e-01, 1.05545793e+00, 2.84701234e+00, 4.47075338e-04,
       3.92367800e-01, 7.49987193e-01, 3.30042554e-01, 7.32703483e-01,
       1.26247029e+00, 1.76082586e-01, 6.62470291e-01, 3.37109873e-01,
       2.69382949e-01, 4.06575815e-20, 8.86530272e-02, 5.49987193e-01,
       2.58977948e-02, 1.26247029e+00, 2.81214938e-19, 3.00474366e-01,
       3.04931861e-20, 3.82079862e-01, 2.57498016e-19, 2.19903080e+00,
       4.69382949e-01, 3.33295717e-01, 6.16627402e-02, 3.86981491e-01,
       9.83170512e-01, 2.40314739e+00, 6.34106113e-01, 2.41917433e-01,
       7.52832064e-01])
switching time points [ 0.10937591  1.16483383  4.01184617  4.01229324  4.40466104  5.15464824
  5.48469079  6.21739427  7.47986456  7.65594715  8.31841744  8.65552731
  8.92491026  8.92491026  9.01356329  9.56355048  9.58944828 10.85191857
 10.85191857 11.15239294 11.15239294 11.5344728  11.5344728  13.73350359
 14.20288654 14.53618226 14.597845   14.98482649 15.967997   18.37114439
 19.0052505  19.24716794]
computational time 0.7041034589999988
alpha 0.001
tv norm 48.0
objective with tv norm 0.04953393350213782
total tv norm 48.0
initial file ../control/Trustregion/MoleculeVQE_LiH_evotime20.0_n_ts200_ptypeWARM_offset0.5_objUNIT_sum_penalty0.1_alpha0.001_sigma0.25_eta0.001_threshold30_iter100_typetvc.csv
     fun: 0.0015339335021378186
     jac: array([-2.35613890e-04,  3.56483513e-04, -5.99628558e-06, -3.00118420e-04,
        5.10765868e-04,  1.73723086e-04,  1.88198286e-04,  6.84852641e-05,
       -1.18190896e-05, -2.56765831e-04, -1.18190896e-05,  8.71410445e-04,
       -1.57514677e-05, -3.22955557e-06,  8.91126898e-05,  1.73723086e-04,
        8.91126898e-05, -1.18190896e-05, -3.22955557e-06,  1.97574982e-04,
       -3.22955557e-06,  1.97574982e-04, -3.22955557e-06, -5.18781549e-06,
       -1.57514677e-05,  7.15133843e-04,  8.91126898e-05, -6.23488278e-04,
       -1.73709477e-04,  5.77868140e-06, -7.32039059e-04, -1.21271124e-04,
       -2.66646387e-04])
 message: 'Optimization terminated successfully'
    nfev: 39
     nit: 22
    njev: 22
  status: 0
 success: True
       x: array([1.09375905e-01, 1.05545793e+00, 2.84701234e+00, 4.47075338e-04,
       3.92367800e-01, 7.49987193e-01, 3.30042554e-01, 7.32703483e-01,
       1.26247029e+00, 1.76082586e-01, 6.62470291e-01, 3.37109873e-01,
       2.69382949e-01, 4.06575815e-20, 8.86530272e-02, 5.49987193e-01,
       2.58977948e-02, 1.26247029e+00, 2.81214938e-19, 3.00474366e-01,
       3.04931861e-20, 3.82079862e-01, 2.57498016e-19, 2.19903080e+00,
       4.69382949e-01, 3.33295717e-01, 6.16627402e-02, 3.86981491e-01,
       9.83170512e-01, 2.40314739e+00, 6.34106113e-01, 2.41917433e-01,
       7.52832064e-01])
switching time points [ 0.10937591  1.16483383  4.01184617  4.01229324  4.40466104  5.15464824
  5.48469079  6.21739427  7.47986456  7.65594715  8.31841744  8.65552731
  8.92491026  8.92491026  9.01356329  9.56355048  9.58944828 10.85191857
 10.85191857 11.15239294 11.15239294 11.5344728  11.5344728  13.73350359
 14.20288654 14.53618226 14.597845   14.98482649 15.967997   18.37114439
 19.0052505  19.24716794]
computational time 0.7935645840000003
alpha 0.001
tv norm 48.0
objective with tv norm 0.04953393350213782
