total tv norm 40.0
initial file ../control/Trustregion/Molecule3_LiH_evotime15.0_n_ts150_ptypeWARM_offset0.5_objUNIT_sum_penalty0.1_alpha0.0001_sigma0.25_eta0.001_threshold30_iter100_typetvc.csv
     fun: 0.5467308224440034
     jac: array([ 8.06890428e-04,  1.16378814e-03,  3.23534012e-04,  1.16378814e-03,
        6.46434724e-04,  3.23534012e-04,  6.46449625e-04,  1.16378814e-03,
        3.23534012e-04,  8.04431736e-04,  3.72529030e-07, -2.54437327e-05,
        3.72529030e-07,  8.93361866e-04,  1.08461827e-03,  8.93361866e-04,
        7.90655613e-05, -2.54437327e-05,  7.90730119e-05, -2.54437327e-05,
       -5.74439764e-05, -2.54586339e-05,  2.62334943e-05, -2.54586339e-05,
        6.08190894e-05,  7.90730119e-05, -7.70598650e-04,  7.90730119e-05,
        2.54884362e-05, -1.54031068e-03,  5.92991710e-05,  2.89149582e-04])
 message: 'Optimization terminated successfully'
    nfev: 2554
     nit: 77
    njev: 77
  status: 0
 success: True
       x: array([2.64732691e-19, 1.11045990e-01, 1.06606500e-18, 1.11045838e-01,
       1.65607491e-01, 8.43622882e-03, 1.65609046e-01, 1.11037432e-01,
       3.02177044e-18, 5.00064521e-01, 6.66163358e-01, 8.91418748e-01,
       1.77398691e+00, 3.29623715e-02, 4.73354406e-02, 1.43341140e-02,
       8.15796093e-01, 1.67227381e-01, 3.15797132e-01, 9.14204354e-02,
       2.89659321e-01, 1.09142076e+00, 9.49274967e-01, 1.67251290e-01,
       1.09150180e-18, 1.15790809e-01, 3.33341564e-01, 1.31579004e+00,
       3.79723552e+00, 3.34850715e-01, 1.16261067e-01, 4.99835418e-01])
switching time points [2.64732691e-19 1.11045990e-01 1.11045990e-01 2.22091828e-01
 3.87699319e-01 3.96135548e-01 5.61744594e-01 6.72782026e-01
 6.72782026e-01 1.17284655e+00 1.83900990e+00 2.73042865e+00
 4.50441556e+00 4.53737793e+00 4.58471337e+00 4.59904749e+00
 5.41484358e+00 5.58207096e+00 5.89786809e+00 5.98928853e+00
 6.27894785e+00 7.37036861e+00 8.31964358e+00 8.48689487e+00
 8.48689487e+00 8.60268567e+00 8.93602724e+00 1.02518173e+01
 1.40490528e+01 1.43839035e+01 1.45001646e+01]
computational time 41.688985667000004
alpha 0.0001
tv norm 40.0
objective with tv norm 0.5507308224440034
