total tv norm 4.0
initial file ../control/ADMM/MoleculeADMMNew_H2_evotime4.0_n_ts80_ptypeWARM_offset0.5_sum_penalty1.0_penalty0.001_ADMM_0.5_iter100.csv
     fun: 0.1314664672112219
     jac: array([0.30782857, 0.30779375, 0.30782857])
 message: 'Optimization terminated successfully'
    nfev: 6
     nit: 4
    njev: 4
  status: 0
 success: True
       x: array([1.63370243, 0.68259514, 1.68370243])
switching time points [1.63370243 2.31629757]
computational time 0.009075833999999894
alpha 0.001
tv norm 4.0
objective with tv norm 0.1354664672112219
total tv norm 4.0
initial file ../control/ADMM/MoleculeADMMNew_H2_evotime4.0_n_ts80_ptypeWARM_offset0.5_sum_penalty1.0_penalty0.001_ADMM_0.5_iter100.csv
     fun: 0.1314664672112219
     jac: array([0.30782857, 0.30779375, 0.30782857])
 message: 'Optimization terminated successfully'
    nfev: 6
     nit: 4
    njev: 4
  status: 0
 success: True
       x: array([1.63370243, 0.68259514, 1.68370243])
switching time points [1.63370243 2.31629757]
computational time 0.008978958999999342
alpha 0.001
tv norm 4.0
objective with tv norm 0.1354664672112219
total tv norm 4.0
initial file ../control/ADMM/MoleculeADMMNew_H2_evotime4.0_n_ts80_ptypeWARM_offset0.5_sum_penalty1.0_penalty0.001_ADMM_0.5_iter100.csv
     fun: 0.1314664672112219
     jac: array([0.30782857, 0.30779375, 0.30782857])
 message: 'Optimization terminated successfully'
    nfev: 6
     nit: 4
    njev: 4
  status: 0
 success: True
       x: array([1.63370243, 0.68259514, 1.68370243])
switching time points [1.63370243 2.31629757]
computational time 0.007932999999999524
alpha 0.001
tv norm 4.0
objective with tv norm 0.1354664672112219
