total tv norm 58.0
initial file ../control/Trustregion/Molecule3_LiH_evotime15.0_n_ts150_ptypeWARM_offset0.5_objUNIT_sum_penalty0.1_alpha0.0001_sigma0.25_eta0.001_threshold30_iter100_typetvc.csv
     fun: 0.8414621003190412
     jac: array([ 0.08585808,  0.20074052,  0.00459021,  0.20074052, -0.18222778,
        0.00459021, -0.18222778,  0.20074052,  0.00459021,  0.50115021,
       -0.0186915 ,  0.01719871, -0.0186915 , -0.14390714,  0.79193751,
       -0.14390714, -0.04989921,  0.01719871, -0.04989921,  0.01719871,
        0.01059057,  0.01719871, -0.01455496,  0.01719871,  0.00912984,
       -0.04989921,  0.68914942, -0.04989921, -0.01111887,  0.07902816,
        0.0209456 , -0.0806061 ])
 message: 'Positive directional derivative for linesearch'
    nfev: 378
     nit: 14
    njev: 10
  status: 8
 success: False
       x: array([0.5, 0.5, 0.5, 0.5, 0.5, 0.5, 0.5, 0.5, 0.5, 0.5, 0.5, 0.5, 0.5,
       0.5, 0.5, 0.5, 0.5, 0.5, 0.5, 0.5, 0.5, 0.5, 0.5, 0.5, 0.5, 0.5,
       0.5, 0.5, 0.5, 0.5, 0.5, 0.5])
switching time points [ 0.5  1.   1.5  2.   2.5  3.   3.5  4.   4.5  5.   5.5  6.   6.5  7.
  7.5  8.   8.5  9.   9.5 10.  10.5 11.  11.5 12.  12.5 13.  13.5 14.
 14.5 15.  15.5]
computational time 6.9671312499999996
alpha 0.0001
tv norm 58.0
objective with tv norm 0.8472621003190413
