total tv norm 0.0
initial file ../control/ADMM/MoleculeVQEADMM0_LiH_evotime20.0_n_ts200_ptypeWARM_offset0.5_sum_penalty0.1_penalty0.0001_ADMM_0.5_iter100.csv
     fun: 0.9999104954213078
     jac: array([8.21053982e-06])
 message: 'Optimization terminated successfully'
    nfev: 2
     nit: 1
    njev: 1
  status: 0
 success: True
       x: array([20.])
switching time points None
computational time 0.003027459000000121
alpha 0.001
tv norm 0.0
objective with tv norm 0.9999104954213078
total tv norm 0.0
initial file ../control/ADMM/MoleculeVQEADMM0_LiH_evotime20.0_n_ts200_ptypeWARM_offset0.5_sum_penalty0.1_penalty0.0001_ADMM_0.5_iter100.csv
     fun: 0.9999104954213078
     jac: array([2.12296939e-08])
 message: 'Optimization terminated successfully'
    nfev: 1
     nit: 1
    njev: 1
  status: 0
 success: True
       x: array([20.])
switching time points None
computational time 0.002732625000000155
alpha 0.001
tv norm 0.0
objective with tv norm 0.9999104954213078
total tv norm 0.0
initial file ../control/ADMM/MoleculeVQEADMM0_LiH_evotime20.0_n_ts200_ptypeWARM_offset0.5_sum_penalty0.1_penalty0.0001_ADMM_0.5_iter100.csv
     fun: 0.9999104954213078
     jac: array([2.12296939e-08])
 message: 'Optimization terminated successfully'
    nfev: 1
     nit: 1
    njev: 1
  status: 0
 success: True
       x: array([20.])
switching time points None
computational time 0.003176707999999806
alpha 0.001
tv norm 0.0
objective with tv norm 0.9999104954213078
