Final evolution
[[ 0.05436124+0.50654347j  0.05099111+0.49641954j  0.05099111+0.49641954j
   0.058619  +0.48883277j]
 [ 0.05079828+0.49432621j  0.14988264-0.48068436j -0.15913435+0.47037216j
  -0.04936838-0.50052765j]
 [ 0.05079828+0.49432621j -0.15913435+0.47037216j  0.14988264-0.48068436j
  -0.04936838-0.50052765j]
 [ 0.06033159+0.49289039j -0.05043406-0.49832518j -0.05043406-0.49832518j
   0.05061785+0.49911305j]]

********* Summary *****************
Final fidelity error 0.01641311151471969
Final objective value 0.023187338800854992
Final penalized error 0.006774220607997923
Final gradient 0.012779975835861539
Number of iterations 28
Terminated due to function converged
Completed in 0:00:00.465045 HH:MM:SS.US
Computational time 0.4650449752807617
total tv norm 16.71879231953543
total l2 norm 67.74220607997923
