Final evolution
[[ 3.01239514e-05-0.25014528j  5.45203556e-05-0.24997729j
   2.02819533e-04-0.24959762j  1.63749868e-04-0.24968626j
  -1.21571251e-04-0.25029055j  1.66572806e-04-0.25013398j
   1.01834882e-04-0.25024208j -3.03821593e-04-0.25018944j
  -1.11356362e-04-0.24961493j  5.92540160e-05-0.24978609j
  -8.99423207e-05-0.24975543j -8.34250272e-05-0.24963676j
  -6.03985785e-05-0.24995465j -1.15598436e-04-0.25047386j
   2.93230791e-05-0.2505382j   2.08716649e-04-0.2499742j ]
 [-9.54518120e-06-0.24968794j -2.47204392e-05+0.24992651j
   3.05079528e-05-0.25005306j -5.27622717e-05+0.24977706j
   5.03819125e-05-0.2503726j   1.26720140e-04+0.25018798j
  -3.41838854e-04-0.2500444j   2.00848108e-04+0.25032115j
   5.75423801e-05-0.25004847j  1.26579540e-05+0.24978365j
  -2.07834367e-04-0.24931597j  1.43418879e-05+0.24963038j
   7.80181238e-05-0.25008623j  2.49794682e-04+0.25003539j
  -1.02498041e-04-0.25024949j -2.51009645e-04+0.25047622j]
 [-2.31400310e-04-0.24937101j -1.00921997e-04-0.24974145j
  -2.07680790e-04+0.25000969j -7.62380198e-05+0.24978692j
   1.93899644e-05-0.2499634j  -4.72048317e-05-0.25048186j
   5.03711949e-05+0.25024561j -1.25167717e-04+0.25003389j
   3.95380540e-04-0.24995325j -1.16167593e-04-0.24993136j
   2.38274367e-04+0.24974021j -3.67537552e-05+0.24974079j
   9.30618936e-05-0.25019336j -2.52525128e-04-0.24998522j
   1.05008146e-04+0.2502648j  -3.48641506e-05+0.25055357j]
 [-1.12526596e-04-0.24995193j  1.57267695e-04+0.24963833j
  -5.05731296e-05+0.24948794j  3.00896028e-05-0.24980836j
  -7.93250930e-05-0.25020782j -6.41224749e-05+0.25012213j
   1.15513851e-05+0.25026637j -1.67775880e-04-0.25017612j
   2.15089366e-04-0.24974754j -6.31553649e-05+0.24974397j
   7.21575110e-05+0.25001137j -1.22776400e-04-0.24988575j
  -1.76832959e-04-0.25040874j -5.29317470e-05+0.25004797j
  -4.99662312e-05+0.25017397j -2.32093255e-04-0.25031913j]
 [ 2.64562333e-04-0.2502432j   2.71184942e-04-0.25037159j
   1.03032697e-04-0.25028004j  6.23238331e-05-0.25012676j
  -1.13092796e-04+0.24972909j -4.27786997e-04+0.24971896j
  -8.46886235e-05+0.24986732j  3.57055828e-04+0.24977717j
   2.43265977e-04-0.25015778j  1.00894187e-04-0.24998216j
  -1.12079902e-04-0.25013398j  1.10418122e-04-0.25050161j
  -1.13613866e-04+0.2498877j  -3.59612051e-05+0.24971644j
  -1.21706907e-04+0.24966041j -1.82049119e-04+0.24984243j]
 [ 2.61458659e-04-0.25015254j -2.81540305e-04+0.25022681j
   7.00699624e-05-0.25042853j  2.35190304e-05+0.25023542j
  -2.74906607e-04+0.25000191j  1.76932800e-04-0.2499164j
   1.64630950e-04+0.24959504j -2.29410379e-04-0.24964982j
   1.33963963e-04-0.25034174j -2.19624320e-04+0.25005765j
   1.26950201e-04-0.25004064j -1.43059734e-04+0.25029035j
  -9.30488509e-05+0.24947274j  1.18652281e-04-0.24963125j
  -1.84301848e-04+0.25000451j  1.94871084e-04-0.2499511j ]
 [-1.92630427e-04-0.25020244j  8.08031994e-05-0.25002331j
   2.63088895e-06+0.2500658j   2.10105779e-04+0.25036343j
  -5.67195789e-05+0.25004859j -9.42217693e-05+0.25013897j
  -2.07896264e-04-0.24944404j -7.04475380e-05-0.24955087j
   1.46564273e-04-0.25023908j  8.93857126e-05-0.25025738j
   1.61431974e-04+0.25039533j  1.93451223e-04+0.25017516j
   2.13550796e-05+0.24953069j  1.14605381e-04+0.2497495j
  -2.44191020e-04-0.25002184j -1.46299915e-04-0.24979021j]
 [-1.81417015e-04-0.25012873j  1.70767424e-05+0.25027235j
   6.84397347e-05+0.25014663j -1.08902997e-04-0.2500828j
   5.86841275e-05+0.2497911j   1.76758041e-04-0.24991641j
  -1.37422130e-04-0.2498351j   2.15317832e-04+0.24966173j
   2.46306824e-04-0.25001128j -1.03169189e-04+0.25027748j
   1.77843013e-04+0.25053439j -1.50263476e-04-0.25026837j
   8.13346250e-05+0.25005873j -1.09816414e-04-0.24974001j
  -1.70359538e-04-0.24954326j  1.51572336e-04+0.24972874j]
 [-5.97178131e-05-0.25016783j -4.26955090e-05-0.25029287j
   2.65466030e-04-0.25011825j  1.66735304e-04-0.25006711j
   1.28589256e-04-0.24972842j -1.85495517e-04-0.2496111j
  -2.52154671e-04-0.24971644j  8.95686057e-05-0.25003179j
  -9.06337951e-06+0.25018598j -8.21711360e-05+0.2499378j
   7.99291185e-05+0.25032715j  1.82376046e-04+0.25058986j
  -1.57367676e-04+0.24987576j  8.14830587e-05+0.24992271j
   2.97479437e-04+0.24969206j -4.45319733e-05+0.24973184j]
 [-1.97593694e-04-0.25004786j -1.44976122e-04+0.24991612j
   3.53346977e-04-0.25022204j  1.36674021e-04+0.25041475j
  -1.37819545e-04-0.24990026j  1.48159125e-06+0.24971414j
   2.53806241e-05-0.2496615j   1.70223251e-04+0.24974885j
  -1.58155937e-04+0.25022209j  1.83619389e-04-0.2503875j
   1.57133806e-04+0.25038728j -1.10574867e-04-0.25008158j
   1.94665800e-05+0.24968245j  4.21117924e-06-0.24997177j
  -3.60264345e-06+0.25006122j  1.35071732e-04-0.24957757j]
 [-6.34294515e-05-0.25038092j  5.43675126e-05-0.25008671j
   1.53226035e-05+0.25025985j  2.33000297e-05+0.25051804j
  -8.46213328e-05-0.24990725j  2.61881002e-04-0.24971774j
  -1.59513743e-04+0.24972826j  2.06597559e-04+0.24976491j
  -2.01914625e-04+0.2501861j  -7.48253933e-05+0.2504507j
  -1.04164384e-04-0.25010396j  7.92634862e-06-0.24988848j
   2.47148436e-04+0.24987473j  6.38480434e-05+0.24967023j
   1.59667455e-04-0.24965807j -9.58152233e-05-0.24980094j]
 [-6.60053058e-05-0.25040933j  8.36481257e-05+0.2505757j
   1.12412973e-04+0.25027686j  1.00510859e-04-0.24998641j
   8.09697404e-05-0.2494651j  -2.07742988e-04+0.24987377j
   6.25480839e-05+0.25006626j -1.08048404e-04-0.24968502j
  -1.66937791e-04+0.25008144j -7.03945126e-05-0.25003933j
  -2.54298594e-06-0.25015998j -1.62967016e-04+0.25033037j
  -1.19829015e-04+0.24988093j -2.21898205e-04-0.24982923j
  -8.86425529e-05-0.2495575j  -5.17577242e-05+0.2497795j ]
 [-1.44075648e-04-0.24963641j -1.23133893e-04-0.24988017j
   2.38877239e-04-0.24978514j  1.27768133e-04-0.24962091j
   2.86001413e-04+0.25009018j  2.12140953e-04+0.25000145j
   2.66329281e-05+0.2502981j   1.01859641e-04+0.25057058j
   2.24958492e-05+0.24984226j  1.62793148e-04+0.24983338j
   2.44805604e-04+0.24986761j  4.43108545e-06+0.24984402j
  -2.82020669e-04-0.25027672j -2.27893602e-04-0.25057025j
   5.83619327e-05-0.25004862j  1.86955436e-04-0.24983064j]
 [-2.24260049e-04-0.2496063j   2.59372529e-04+0.24977164j
   1.35841969e-04-0.24982475j -1.15052329e-04+0.24970591j
   2.74619000e-04+0.25028013j -1.46147057e-04-0.25037654j
   1.79961839e-04+0.25017859j -2.67940125e-04-0.25004667j
  -5.20106591e-05+0.25013582j -2.89941794e-04-0.24977852j
   2.59415664e-04+0.24961924j  1.12873083e-04-0.2498757j
  -2.26396648e-04-0.25032381j -2.22537857e-05+0.25018843j
   6.34714453e-05-0.25018256j  8.68063475e-06+0.25010227j]
 [-1.08947373e-04-0.24981788j -1.53243753e-05-0.24965834j
  -2.26527818e-04+0.24978318j -2.44245066e-04+0.24992746j
  -2.25011436e-04+0.25019438j -1.08931941e-04+0.2502414j
   1.64360804e-05-0.25032371j  7.34849259e-05-0.25021238j
   2.29040322e-05+0.24965137j  3.16363955e-05+0.24998806j
   3.18546731e-04-0.2497586j   1.87163824e-04-0.24953697j
  -5.75949063e-05-0.25022904j -2.72093943e-04-0.25008551j
  -2.27071250e-04+0.25023759j -2.27775783e-04+0.25035093j]
 [-5.65715536e-05-0.25004694j -1.64017750e-04+0.24963771j
  -1.80247815e-04+0.24965734j -7.55630741e-06-0.24988967j
  -1.31840760e-04+0.25002665j  2.00683793e-04-0.2498441j
   8.58827431e-05-0.25048359j  4.08805211e-06+0.25057528j
  -3.31354684e-05+0.24957816j  1.23128847e-04-0.24976282j
   2.77258917e-04-0.24984457j -9.75453885e-05+0.24972017j
   1.22845878e-04-0.2502607j   4.93710606e-04+0.25037854j
  -1.29940301e-04+0.25010258j  5.22629190e-04-0.25018674j]]

********* Summary *****************
Final fidelity error 8.281824348532751e-07
Final objective value 8.295877428358593e-07
Final penalized error 1.4196960288940966e-09
Final gradient 0.0002497591738450054
Number of iterations 2
Terminated due to function converged
Completed in 0:00:00.483699 HH:MM:SS.US
Computational time 0.48369850000000003
total tv norm 67.3355952781142
total l2 norm 1.4196960288940966e-09
