Final evolution
[[-3.39842702e-06-0.25017298j  5.38476700e-05-0.24997444j
   1.92510855e-04-0.24959134j  1.14186543e-04-0.24968264j
  -9.95429830e-05-0.25030362j  1.80617540e-04-0.25011643j
   1.09793950e-04-0.25024545j -2.86112892e-04-0.2501996j
  -1.08205572e-04-0.24959452j  4.43884281e-05-0.24976718j
  -1.19284406e-04-0.24979037j -8.86770203e-05-0.24962519j
  -5.29345770e-05-0.24996996j -8.11157673e-05-0.25043463j
   5.45442332e-05-0.25053564j  1.95443157e-04-0.24999268j]
 [-4.28483297e-05-0.24969769j  7.05312184e-06+0.24996809j
   2.69700263e-05-0.25004121j -5.14515660e-05+0.24975924j
   4.50181331e-05-0.25036203j  1.02279333e-04+0.25019381j
  -2.90244213e-04-0.25004388j  1.83528271e-04+0.25033054j
   3.03432588e-05-0.2500176j   2.71097270e-05+0.24979186j
  -2.01375325e-04-0.24931463j  2.77792274e-05+0.24963599j
   6.99312588e-05-0.25007725j  2.45357056e-04+0.25003958j
  -6.59110594e-05-0.25023882j -2.72762681e-04+0.25048437j]
 [-2.26823540e-04-0.2493878j  -9.44150161e-05-0.24972777j
  -2.03115514e-04+0.25000152j -7.73195841e-05+0.24977391j
   1.03398812e-05-0.24997534j -1.98656686e-05-0.2504688j
   3.61163973e-05+0.25026813j -1.05417023e-04+0.25004739j
   3.96411742e-04-0.24997468j -7.76864286e-05-0.24991913j
   2.19895014e-04+0.24971643j -2.24439869e-05+0.24975503j
   1.03429552e-04-0.25020089j -2.41237670e-04-0.25000949j
   1.08910263e-04+0.25025363j -4.52391544e-05+0.2505166j ]
 [-1.23181907e-04-0.24993179j  1.50006755e-04+0.24964213j
  -7.75490360e-05+0.24948505j  3.44107002e-05-0.24981278j
  -8.96544547e-05-0.25018174j -6.26172156e-05+0.25014125j
  -1.90373945e-05+0.25029041j -1.35753506e-04-0.25019261j
   2.07870620e-04-0.2497468j  -7.15879105e-05+0.24973868j
   3.90332165e-05+0.25000833j -9.37071013e-05-0.24988575j
  -1.81144082e-04-0.25040312j -6.00306649e-05+0.25006385j
  -6.90071900e-05+0.25017143j -2.11724524e-04-0.25030176j]
 [ 2.49853527e-04-0.25025511j  2.64216506e-04-0.2503603j
   9.05357158e-05-0.25029553j  4.04946479e-05-0.25012087j
  -1.49746118e-04+0.24975888j -4.67836780e-04+0.24969899j
  -1.00785427e-04+0.24984533j  3.52981032e-04+0.24977223j
   2.42839883e-04-0.2501738j   1.10622276e-04-0.24995358j
  -1.21454409e-04-0.25014745j  7.77416811e-05-0.25049151j
  -1.34544618e-04+0.24990191j -4.83314615e-05+0.24967959j
  -1.40609662e-04+0.24968725j -2.00141148e-04+0.2498542j ]
 [ 2.44787826e-04-0.25013661j -2.62034402e-04+0.25023891j
   6.18684739e-05-0.25042915j  3.05250527e-05+0.25024726j
  -2.94125505e-04+0.25000003j  2.03954342e-04-0.24992893j
   1.25629920e-04+0.24957095j -2.10554591e-04-0.249647j
   1.17634559e-04-0.25030549j -2.06682782e-04+0.25007559j
   1.21989129e-04-0.2500338j  -1.24782159e-04+0.25030373j
  -1.07113237e-04+0.24945797j  1.16020914e-04-0.24961456j
  -2.01148101e-04+0.24999784j  2.19934609e-04-0.2500086j ]
 [-1.96479605e-04-0.25020804j  7.87976964e-05-0.25001172j
   1.79482770e-05+0.25007475j  2.28355323e-04+0.25038813j
  -5.86271692e-05+0.25003998j -1.06061097e-04+0.25013597j
  -2.20079479e-04-0.24943463j -8.31887109e-05-0.24952537j
   1.53712788e-04-0.25024313j  8.78777873e-05-0.25027344j
   1.85059304e-04+0.25037932j  1.99142354e-04+0.25016173j
   4.34831293e-05+0.24953352j  1.15793507e-04+0.24976881j
  -2.60584881e-04-0.25002851j -1.68773468e-04-0.2497894j ]
 [-2.09096007e-04-0.25012184j  2.44387497e-05+0.25027526j
   5.96103163e-05+0.25016992j -1.14051993e-04-0.25009764j
   5.89727534e-05+0.24976794j  1.78653121e-04-0.24992849j
  -1.40235316e-04-0.24982418j  2.14087503e-04+0.24962903j
   2.42799468e-04-0.25002939j -9.63176981e-05+0.25027932j
   1.94655647e-04+0.25051778j -1.56386467e-04-0.25025473j
   1.21766173e-04+0.25006368j -1.24034227e-04-0.2497731j
  -1.67790539e-04-0.24956034j  1.62621528e-04+0.24970438j]
 [-9.12590592e-05-0.25017748j -5.42253839e-05-0.2502701j
   2.45835234e-04-0.25010229j  1.31516850e-04-0.25005496j
   1.41604906e-04-0.24974332j -1.76954805e-04-0.24959965j
  -2.50191976e-04-0.24972381j  8.97143227e-05-0.25003819j
  -1.02019077e-05+0.25017522j -7.10507065e-05+0.24990863j
   1.04682832e-04+0.2503653j   2.00818767e-04+0.25060055j
  -1.57522932e-04+0.24989154j  6.69759171e-05+0.24990549j
   2.85931441e-04+0.24970181j -3.71590620e-05+0.24973862j]
 [-2.44956792e-04-0.25002222j -1.14455571e-04+0.24994484j
   3.63253346e-04-0.2502101j   1.44539098e-04+0.25038267j
  -1.45364619e-04-0.24990968j -1.21186938e-05+0.24971836j
   6.02066638e-05-0.2496491j   1.61621640e-04+0.24976279j
  -1.38141625e-04+0.25019282j  1.63255696e-04-0.25040372j
   1.62300856e-04+0.25040154j -1.21968841e-04-0.25009319j
   5.18915790e-05+0.24968162j  5.01108651e-06-0.24998188j
  -4.53103218e-05+0.25004879j  1.43625592e-04-0.24959372j]
 [-7.10015331e-05-0.2503799j   5.91883898e-05-0.25006905j
   8.11654912e-06+0.25025461j  2.49211235e-05+0.25050445j
  -9.00035486e-05-0.24992932j  2.87038549e-04-0.24970163j
  -1.64131273e-04+0.24973599j  2.28917198e-04+0.24977186j
  -2.13107286e-04+0.25020765j -1.19292309e-04+0.25045377j
  -8.95419195e-05-0.25009954j -4.97969647e-07-0.24990327j
   2.58126961e-04+0.2498921j   5.73806240e-05+0.24969199j
   1.60030223e-04-0.24963204j -9.71342885e-05-0.24976962j]
 [-8.02750181e-05-0.25039221j  8.53732458e-05+0.2505592j
   8.32006770e-05+0.25025801j  1.17816433e-04-0.24999411j
   6.82467893e-05-0.24943037j -2.08017738e-04+0.24990206j
   3.99268524e-05+0.25009533j -8.73704553e-05-0.24968829j
  -1.66635597e-04+0.25009023j -5.22894129e-05-0.25003513j
   3.09851575e-05-0.25017242j -1.86109242e-04+0.25035231j
  -1.08602549e-04+0.24988078j -2.36680039e-04-0.2498519j
  -7.72514509e-05-0.24954594j -8.01711922e-05+0.24974835j]
 [-1.54812736e-04-0.24964759j -1.15172407e-04-0.24987431j
   2.33990890e-04-0.24980239j  9.87082710e-05-0.24961459j
   2.51177085e-04+0.2501224j   1.81896614e-04+0.24997407j
   1.21841657e-05+0.25028112j  9.36118474e-05+0.25057345j
   1.90341710e-05+0.24986392j  1.52584158e-04+0.24982711j
   2.46502216e-04+0.24989338j  2.71191397e-05+0.24981899j
  -2.63403518e-04-0.25028371j -2.07420207e-04-0.2505101j
   7.21626055e-05-0.25006187j  1.92446683e-04-0.24984767j]
 [-2.19299516e-04-0.24960584j  2.77576877e-04+0.24978139j
   1.19059197e-04-0.24980945j -1.11199978e-04+0.24972262j
   2.69922257e-04+0.25026388j -1.21371498e-04-0.25039122j
   1.36710613e-04+0.25017309j -2.46858937e-04-0.2500508j
  -2.99978067e-05+0.25011621j -2.96155231e-04-0.24980022j
   2.51928596e-04+0.24961036j  1.00940131e-04-0.24989997j
  -2.00461875e-04-0.25029353j -1.56874132e-05+0.25016414j
   6.83612849e-05-0.25016764j -7.66797885e-06+0.25014666j]
 [-9.56549328e-05-0.24983021j -1.63529922e-05-0.24964994j
  -2.01822846e-04+0.24978531j -2.33668444e-04+0.24994932j
  -2.06063981e-04+0.25018252j -1.18923222e-04+0.25024632j
   4.66095013e-06-0.25033532j  4.73863456e-05-0.25019861j
   2.42843263e-05+0.24966312j  3.26459162e-05+0.24999875j
   2.99594832e-04-0.24972385j  1.78176026e-04-0.24952382j
  -6.98401249e-05-0.25021378j -2.82508284e-04-0.25010909j
  -1.96252887e-04+0.25025061j -2.06610942e-04+0.25033631j]
 [-8.57572850e-05-0.25002926j -1.72786452e-04+0.24964955j
  -1.94137380e-04+0.24968618j -2.40023208e-05-0.24989212j
  -1.27668555e-04+0.25002641j  1.85898453e-04-0.24985082j
   7.32812895e-05-0.25047965j  3.58520349e-06+0.2505679j
  -3.11247233e-05+0.24960282j  1.07976740e-04-0.2497717j
   2.58738548e-04-0.24982114j -9.98027091e-05+0.24969047j
   7.20561992e-05-0.25025168j  4.99456056e-04+0.2503983j
  -1.28774741e-04+0.25011456j  4.94833386e-04-0.25016316j]]

********* Summary *****************
Final fidelity error 8.200141596859112e-07
Final objective value 8.319118333239534e-07
Final penalized error 1.1906495248151371e-08
Final gradient 0.0002508946980987838
Number of iterations 330
Terminated due to function converged
Completed in 0:00:32.890720 HH:MM:SS.US
Computational time 32.890720375
total tv norm 67.33845236911976
total l2 norm 1.190649524815137e-06
