Final evolution
[[ 0.24995944-0.24998796j  0.24997901-0.24998082j  0.24982716-0.25009048j
   0.24987692-0.25002312j  0.25005583-0.25028143j  0.24995818-0.24996188j
   0.25000424-0.24988859j  0.24998724-0.25013737j]
 [ 0.24978433-0.24997041j -0.25023306+0.25011895j  0.25007877-0.2499065j
  -0.25005566+0.25003766j  0.2501234 -0.24993658j -0.24972786+0.24985465j
   0.25000827-0.25009622j -0.25012342+0.24994371j]
 [ 0.25004335-0.24981111j  0.24994919-0.24984907j -0.25012756+0.24994341j
  -0.25003595+0.25003855j  0.25016259-0.25005425j  0.24995433-0.25001111j
  -0.2500707 +0.25006995j -0.24994802+0.24993059j]
 [ 0.24993735-0.25013551j -0.25018411+0.25008316j -0.2500631 +0.24982337j
   0.24990789-0.25000378j  0.24998423-0.24977178j -0.25001633+0.25013775j
  -0.25006092+0.2499405j   0.24998684-0.249963j  ]
 [ 0.25006484-0.25009961j  0.25018451-0.24995059j  0.25011407-0.24998332j
   0.24987017-0.25000745j -0.24993687+0.24969117j -0.25002564+0.25004311j
  -0.24989146+0.24985741j -0.25019278+0.25008651j]
 [ 0.2499762 -0.2500629j  -0.24985663+0.24991593j  0.25000185-0.25009185j
  -0.24989507+0.25001396j -0.25016236+0.2500877j   0.24996439-0.25007426j
  -0.2499186 +0.25005945j  0.24988665-0.25003198j]
 [ 0.25002426-0.2500543j   0.25020651-0.24985477j -0.24992327+0.24994224j
  -0.25005145+0.25014465j -0.2499061 +0.24983342j -0.2499317 +0.25019185j
   0.24995964-0.25010667j  0.24998422-0.24988455j]
 [ 0.25003965-0.25004851j -0.24978131+0.24987173j -0.24997946+0.2501033j
   0.25001029-0.25002727j -0.24996021+0.25005137j  0.25017407-0.2499725j
   0.25001734-0.25004985j -0.24989173+0.25002115j]]

********* Summary *****************
Final fidelity error 9.270649403703146e-08
Final objective value 1.1175781591051348e-07
Final penalized error 1.9067827004077604e-08
Final gradient 0.0001986433308462503
Number of iterations 36
Terminated due to function converged
Completed in 0:00:01.149390 HH:MM:SS.US
Computational time 1.149389625
total tv norm 75.20934782894885
total l2 norm 1.9067827004077602e-07
