Final evolution
[[-2.44848776e-05+0.50002793j -3.81444936e-05+0.50001218j
   1.05778936e-05+0.50002798j  1.22306505e-05+0.4999319j ]
 [ 7.69288869e-06+0.50000596j -9.02942555e-06-0.5000471j
  -8.34015538e-06+0.49993812j  2.16885389e-05-0.50000881j]
 [-1.74168143e-05+0.50001381j  2.83489418e-06+0.49994608j
  -3.26448319e-05-0.5000687j  -3.82109534e-05-0.4999714j ]
 [ 8.27501876e-06+0.4999523j  -1.35290591e-05-0.49999463j
   2.27601283e-05-0.49996519j -2.19060758e-06+0.50008787j]]

********* Summary *****************
Final fidelity error 4.8739804414665855e-09
Final objective value 1.3540493218808768e-08
Final penalized error 8.662643317034456e-09
Final gradient 0.00017280137995338417
Number of iterations 6
Terminated due to function converged
Completed in 0:00:00.114228 HH:MM:SS.US
Computational time 0.1142280101776123
total tv norm 18.868909637297143
total l2 norm 8.662643317034457e-08
