Final evolution
[[ 1.48036608e-05+0.49998189j  1.26917336e-06+0.5000035j
  -4.46872234e-05+0.50001149j  2.48801001e-05+0.50000312j]
 [-1.96954098e-05+0.49999232j  1.31534714e-05-0.49997905j
  -2.92281607e-05+0.5000143j  -2.02649102e-05-0.50001433j]
 [ 5.67511053e-06+0.4999966j  -3.47470011e-06+0.50001801j
   3.37392467e-05-0.49998864j -6.11532906e-08-0.49999675j]
 [ 2.78976709e-05+0.50002919j  1.32822625e-06-0.49999944j
   1.71038007e-06-0.49998557j  5.21650392e-05+0.49998579j]]

********* Summary *****************
Final fidelity error 1.5597014790813546e-09
Final objective value 8.525179268164298e-09
Final penalized error 6.9652450863369816e-09
Final gradient 7.962404813873179e-05
Number of iterations 23
Terminated due to function converged
Completed in 0:00:00.393794 HH:MM:SS.US
Computational time 0.39379405975341797
total tv norm 18.869304845607797
total l2 norm 6.965245086336982e-07
