Final evolution
[[ 0.24998125-0.25000549j  0.24991138-0.24990182j  0.24996654-0.25007452j
   0.2499343 -0.24999702j  0.25002958-0.25013647j  0.25005695-0.24999157j
   0.2499524 -0.24996832j  0.25005565-0.25003662j]
 [ 0.24986371-0.25005026j -0.25010791+0.25000603j  0.24994664-0.24999515j
  -0.25010633+0.25004393j  0.25002563-0.24993725j -0.24984849+0.25002653j
   0.24999217-0.25007442j -0.25002327+0.2499521j ]
 [ 0.25004751-0.24992041j  0.24991541-0.24994226j -0.25004563+0.25003364j
  -0.25002408+0.25007371j  0.25006646-0.25003677j  0.24999751-0.25005898j
  -0.24998849+0.25002061j -0.24992761+0.2499008j ]
 [ 0.24998649-0.25002901j -0.25010045+0.25005169j -0.24998461+0.24988275j
   0.24999014-0.24993421j  0.25001243-0.24987103j -0.25003604+0.25004682j
  -0.25011129+0.24996273j  0.2500039 -0.24999626j]
 [ 0.25010333-0.25003612j  0.25014054-0.2500508j   0.25004213-0.25002123j
   0.24991655-0.24991675j -0.24999338+0.24976531j -0.24996389+0.25004375j
  -0.25005623+0.2498665j  -0.25003496+0.25004826j]
 [ 0.24995623-0.24993479j -0.2498682 +0.25005296j  0.25001954-0.25000295j
  -0.24997455+0.2500707j  -0.25012484+0.25009708j  0.24990453-0.25004763j
  -0.24995562+0.25002455j  0.24993851-0.25002717j]
 [ 0.24993442-0.25001806j  0.25012873-0.24996222j -0.24995   +0.2500226j
  -0.24999118+0.24999003j -0.24996074+0.24988553j -0.24993517+0.2500777j
   0.24996766-0.25007977j  0.25009359-0.25000247j]
 [ 0.25006072-0.25007207j -0.24991348+0.24994586j -0.24998175+0.25003025j
   0.25003596-0.25000046j -0.24999925+0.25005794j  0.25002534-0.24993897j
   0.24997383-0.25000531j -0.25001429+0.24994446j]]

********* Summary *****************
Final fidelity error 3.587933694593204e-08
Final objective value 9.521012495452519e-08
Final penalized error 5.93413717646869e-08
Final gradient 0.00012651516538218384
Number of iterations 895
Terminated due to function converged
Completed in 0:00:24.831797 HH:MM:SS.US
Computational time 24.831796916000002
total tv norm 75.21665664650166
total l2 norm 5.93413717646869e-06
