Final evolution
[[ 1.05225698e-05+0.49996356j -7.90625659e-05+0.50002147j
  -7.79330050e-05+0.50004215j -9.77653548e-05+0.49997279j]
 [ 1.39343831e-04+0.50000319j -5.03307188e-07-0.49998904j
   5.42338500e-06+0.49999107j -3.48356123e-05-0.50001667j]
 [ 1.03993440e-04+0.49999735j  3.39431228e-05+0.50001759j
   3.37066062e-05-0.50000229j -6.44908889e-05-0.49998275j]
 [ 9.15011689e-06+0.50003586j  1.16460766e-05-0.49997188j
   7.55134771e-05-0.49996447j -2.65791888e-05+0.50002777j]]

********* Summary *****************
Final fidelity error 9.50830614243614e-09
Final objective value 1.0005103119411354e-08
Final penalized error 5.100070766560179e-10
Final gradient 0.00019597720361245536
Number of iterations 2
Terminated due to function converged
Completed in 0:00:00.137065 HH:MM:SS.US
Computational time 0.13706541061401367
total tv norm 18.86859952887326
total l2 norm 5.1000707665601794e-11
