Final evolution
[[ 0.24998277-0.2499447j   0.25008712-0.24992436j  0.2497831 -0.25008758j
   0.24986822-0.24996326j  0.25009905-0.25031777j  0.24999564-0.24993705j
   0.25002389-0.24981197j  0.25002682-0.25014618j]
 [ 0.24979099-0.2499858j  -0.25019036+0.25005505j  0.25002565-0.24985732j
  -0.25010424+0.25005685j  0.25012182-0.24991053j -0.24966404+0.24978949j
   0.25003828-0.25021829j -0.25020907+0.24998143j]
 [ 0.25005265-0.24968657j  0.24995516-0.24989988j -0.25018002+0.2499781j
  -0.25001105+0.25003357j  0.25021157-0.24994191j  0.24996946-0.2499937j
  -0.25014894+0.25003563j -0.24996406+0.24993727j]
 [ 0.25000671-0.25022407j -0.25025524+0.25017639j -0.25006339+0.24981585j
   0.24979273-0.24999823j  0.25000848-0.24971398j -0.24995445+0.25015164j
  -0.250071  +0.24986055j  0.24992516-0.2499814j ]
 [ 0.25012254-0.25015329j  0.25021377-0.2499838j   0.25006471-0.24995954j
   0.24984609-0.25001439j -0.24993219+0.24968636j -0.25006337+0.25011317j
  -0.24979516+0.24983202j -0.25016331+0.25005561j]
 [ 0.24998887-0.25009586j -0.24982108+0.24988821j  0.24997351-0.25018324j
  -0.24992233+0.25006006j -0.2501659 +0.25012037j  0.24995309-0.25012212j
  -0.24987305+0.25005277j  0.24976902-0.25001004j]
 [ 0.24995237-0.24997041j  0.25023078-0.24983897j -0.24992312+0.24999884j
  -0.25005851+0.25022949j -0.24992251+0.24975867j -0.24986624+0.25019062j
   0.25000942-0.2500743j   0.25005611-0.24991908j]
 [ 0.25002067-0.25002124j -0.24964826+0.24983059j -0.24995792+0.25014767j
   0.24998454-0.2500561j  -0.25002031+0.25006761j  0.25021523-0.25002004j
   0.25005386-0.25010039j -0.24982867+0.25002636j]]

********* Summary *****************
Final fidelity error 1.4752317811783655e-07
Final objective value 1.487065933509515e-07
Final penalized error 1.221138391045663e-09
Final gradient 0.000452888218237843
Number of iterations 3
Terminated due to function converged
Completed in 0:00:00.187600 HH:MM:SS.US
Computational time 0.18759974999999995
total tv norm 75.20877451758405
total l2 norm 1.221138391045663e-10
