Final evolution
[[ 2.69836686e-05-0.25014854j  4.44470604e-05-0.24996778j
   1.91670951e-04-0.24959036j  1.40902977e-04-0.24969128j
  -1.15631849e-04-0.25029699j  1.68869868e-04-0.25012625j
   1.16854311e-04-0.250238j   -3.03631116e-04-0.25020105j
  -1.07308525e-04-0.24961293j  4.75671102e-05-0.24978148j
  -9.29244977e-05-0.24976125j -9.00045843e-05-0.24963923j
  -6.91111664e-05-0.24996397j -1.26058810e-04-0.25045937j
   3.19924800e-05-0.25053089j  1.91454970e-04-0.24998731j]
 [-7.12223909e-06-0.2496824j  -1.48926017e-05+0.24993164j
   2.38602596e-05-0.25005424j -4.07176056e-05+0.24976791j
   7.13965833e-05-0.25037689j  1.30886303e-04+0.2501889j
  -3.30545472e-04-0.2500438j   1.83201472e-04+0.25032278j
   6.40287260e-05-0.25004737j  1.85633976e-05+0.24978573j
  -2.02859324e-04-0.24931457j  1.82261615e-05+0.24963135j
   8.13694092e-05-0.250082j    2.68009284e-04+0.25003932j
  -1.02539091e-04-0.25025276j -2.52138444e-04+0.25047483j]
 [-2.36232393e-04-0.24937684j -1.05567773e-04-0.24972934j
  -1.85850406e-04+0.25000747j -6.93685478e-05+0.24977539j
   2.25872178e-05-0.24997823j -4.80383139e-05-0.25047861j
   5.59208918e-05+0.25025508j -1.38277443e-04+0.25003223j
   4.01369434e-04-0.24996749j -1.01919987e-04-0.2499207j
   2.34998046e-04+0.24973312j -4.85231732e-05+0.24973674j
   7.88534104e-05-0.25020098j -2.71286032e-04-0.24998802j
   1.28636107e-04+0.2502733j  -3.35820246e-05+0.25054281j]
 [-1.16138447e-04-0.24993616j  1.57147773e-04+0.24964217j
  -3.66962373e-05+0.24948055j  2.63358975e-05-0.24980846j
  -8.52928184e-05-0.2501925j  -7.67169654e-05+0.25014257j
  -6.82690335e-07+0.25027651j -1.58820038e-04-0.25017958j
   2.23484695e-04-0.24973321j -7.77200667e-05+0.24975359j
   6.35762919e-05+0.25001077j -1.02684968e-04-0.24988326j
  -1.97126154e-04-0.25040121j -4.73339354e-05+0.25006151j
  -4.12377251e-05+0.25017356j -2.38037839e-04-0.25032179j]
 [ 2.61170808e-04-0.25024232j  2.36454744e-04-0.2503737j
   7.70050885e-05-0.25028241j  4.92990482e-05-0.25012442j
  -1.25866655e-04+0.24973974j -4.29797169e-04+0.24971713j
  -9.49235642e-05+0.24986184j  3.53565111e-04+0.24978383j
   2.62380809e-04-0.25016332j  9.96177108e-05-0.24997784j
  -1.17165223e-04-0.25013458j  1.05807603e-04-0.25050541j
  -1.09350698e-04+0.24988444j -1.34339613e-05+0.24970935j
  -1.14784549e-04+0.24965748j -1.72436223e-04+0.24983884j]
 [ 2.46792530e-04-0.25014457j -2.66459183e-04+0.25023263j
   6.37832749e-05-0.2504361j   4.67741946e-05+0.25023145j
  -2.90774327e-04+0.24999652j  1.82001102e-04-0.24992279j
   1.47024436e-04+0.24960538j -2.20306980e-04-0.24964796j
   1.47516201e-04-0.25032762j -2.27988587e-04+0.25006745j
   1.35561666e-04-0.25005461j -1.36941146e-04+0.25028709j
  -9.07976391e-05+0.24946395j  1.03274870e-04-0.24962399j
  -1.83519975e-04+0.25000225j  1.87199509e-04-0.24995212j]
 [-2.06257117e-04-0.25022051j  8.72205787e-05-0.25000848j
   4.99336514e-06+0.2500657j   2.18968583e-04+0.25037028j
  -5.52233350e-05+0.25005682j -9.25214914e-05+0.25012814j
  -2.15137428e-04-0.24944873j -6.38045104e-05-0.24954699j
   1.49133591e-04-0.25025207j  1.02118213e-04-0.25025426j
   1.68201667e-04+0.25040131j  1.94202009e-04+0.25017685j
   4.00422505e-05+0.24953726j  1.24235424e-04+0.24973145j
  -2.59982024e-04-0.25001368j -1.53954577e-04-0.24978399j]
 [-1.77650337e-04-0.25012411j  2.37479998e-05+0.25028373j
   8.05640012e-05+0.25014326j -9.69055409e-05-0.250089j
   5.68544499e-05+0.24978353j  1.79074204e-04-0.24992882j
  -1.40312037e-04-0.24982773j  2.04222257e-04+0.24966268j
   2.60313241e-04-0.25001761j -1.12266531e-04+0.25028687j
   1.89094959e-04+0.25052634j -1.40187915e-04-0.25027804j
   9.52103988e-05+0.25004284j -1.20911356e-04-0.24975005j
  -1.82841759e-04-0.24953542j  1.50824621e-04+0.24971704j]
 [-6.75978510e-05-0.25017326j -6.15726727e-05-0.25028209j
   2.50487206e-04-0.25011294j  1.45269399e-04-0.25007623j
   1.43394859e-04-0.24973351j -1.71681194e-04-0.24960632j
  -2.29072893e-04-0.2497127j   9.42301147e-05-0.25003908j
  -1.93130271e-05+0.25017987j -7.87304074e-05+0.2499257j
   7.87404421e-05+0.25032667j  1.88509630e-04+0.25058907j
  -1.46591415e-04+0.24988702j  9.75943945e-05+0.24991428j
   2.94017092e-04+0.2496915j  -3.22642567e-05+0.24974679j]
 [-2.04265927e-04-0.25004129j -1.29720949e-04+0.24992503j
   3.48305903e-04-0.25022716j  1.52380447e-04+0.25040538j
  -1.05117114e-04-0.24990632j -3.75887357e-06+0.2497129j
   4.10811312e-05-0.24965784j  1.45374134e-04+0.24975183j
  -1.73319045e-04+0.25021247j  1.82948708e-04-0.25038464j
   1.52025365e-04+0.25038358j -1.09917753e-04-0.25007777j
   2.22236478e-05+0.24968455j -1.55429679e-05-0.24997946j
  -8.92276098e-06+0.25006598j  1.36206853e-04-0.24958085j]
 [-6.77336307e-05-0.25039009j  5.34328114e-05-0.25008264j
   2.61958734e-05+0.25026507j  2.29805875e-05+0.25051063j
  -7.63574161e-05-0.2499194j   2.63884880e-04-0.24970778j
  -1.51421515e-04+0.24972944j  1.93372045e-04+0.24975929j
  -2.08293618e-04+0.25019579j -8.85522551e-05+0.25043936j
  -1.07482991e-04-0.25009829j  1.53578493e-05-0.24988227j
   2.56764532e-04+0.24988633j  7.46649031e-05+0.24967344j
   1.51137022e-04-0.2496645j  -8.56408247e-05-0.24979258j]
 [-6.59505942e-05-0.25040062j  8.23308391e-05+0.25058143j
   1.19534379e-04+0.25027383j  1.07155054e-04-0.24999553j
   7.73958914e-05-0.24944449j -2.24749393e-04+0.2498922j
   5.00961311e-05+0.25007131j -1.00957092e-04-0.24967948j
  -1.74084377e-04+0.25006804j -5.46749609e-05-0.25004523j
   1.89684720e-06-0.25015635j -1.75807331e-04+0.25032834j
  -1.07688373e-04+0.2498734j  -2.23338078e-04-0.24984489j
  -8.63735095e-05-0.24955958j -6.13545054e-05+0.24978193j]
 [-1.37405813e-04-0.24963687j -1.43417085e-04-0.24988629j
   2.20374513e-04-0.24979021j  1.18208586e-04-0.24961815j
   2.70655926e-04+0.25009376j  2.11121801e-04+0.24998892j
   1.09914659e-05+0.25028466j  9.09273911e-05+0.25057288j
   4.71437683e-06+0.24984793j  1.67694673e-04+0.24983336j
   2.47982830e-04+0.24987168j  5.57017207e-06+0.24984649j
  -2.72352172e-04-0.25027938j -2.32787026e-04-0.25056477j
   6.15119770e-05-0.25004797j  1.84982224e-04-0.24983316j]
 [-2.24767595e-04-0.24960189j  2.64167053e-04+0.24977695j
   1.33389337e-04-0.24983232j -9.86844896e-05+0.24970629j
   2.59218231e-04+0.25026512j -1.39304042e-04-0.25037727j
   1.55357490e-04+0.2501836j  -2.52758036e-04-0.25003622j
  -6.18958464e-05+0.25012725j -2.82147822e-04-0.2497893j
   2.47331075e-04+0.24963067j  1.07566300e-04-0.24987515j
  -2.11366552e-04-0.25031598j -2.03195209e-05+0.25018532j
   7.09553426e-05-0.25018705j  6.00010375e-06+0.25010663j]
 [-1.18113110e-04-0.24983615j -8.94760867e-06-0.24964184j
  -2.17423623e-04+0.24978117j -2.33146787e-04+0.24993481j
  -2.29863583e-04+0.25019699j -1.18667292e-04+0.25022869j
   2.49232115e-05-0.25032726j  9.21094072e-05-0.25020355j
   1.65797482e-05+0.24966436j  1.24100127e-05+0.24998121j
   3.22325369e-04-0.24975731j  1.94500070e-04-0.24953567j
  -6.82210477e-05-0.25023983j -2.78507650e-04-0.25007647j
  -2.09576656e-04+0.25024031j -2.22444980e-04+0.25035122j]
 [-5.29278476e-05-0.25004091j -1.61486189e-04+0.24965117j
  -1.65542556e-04+0.24965398j -1.89305308e-06-0.24989208j
  -1.44354139e-04+0.25001663j  2.10342646e-04-0.24984962j
   9.55238419e-05-0.25047259j -2.18916597e-05+0.25057629j
  -5.33597855e-05+0.24957989j  1.35300740e-04-0.24977115j
   2.74037578e-04-0.24983465j -1.18858265e-04+0.24972356j
   1.12309914e-04-0.25025387j  4.96274075e-04+0.25039455j
  -1.19399021e-04+0.25010045j  5.21377319e-04-0.25018418j]]

********* Summary *****************
Final fidelity error 8.255913386268077e-07
Final objective value 8.275480965273191e-07
Final penalized error 1.958966356152011e-09
Final gradient 0.00023162205644152914
Number of iterations 7
Terminated due to function converged
Completed in 0:00:00.915480 HH:MM:SS.US
Computational time 0.9154799590000002
total tv norm 67.33576984600114
total l2 norm 1.9589663561520108e-08
