Final evolution
[[ 3.06104027e-01-0.17673061j  3.06132369e-01-0.17677658j
   3.06202662e-01-0.17678699j  3.06231195e-01-0.17677083j
   3.06132366e-01-0.17677658j  3.06196304e-01-0.17682683j
   3.06231196e-01-0.17677083j  3.06217343e-01-0.17684748j]
 [ 3.06261170e-01-0.17677904j -3.33458575e-06+0.35358797j
   3.06169693e-01-0.17677782j  5.08895061e-05+0.35356579j
   4.99845907e-05-0.35349673j -3.06201439e-01+0.17674515j
   3.32388340e-05-0.35356307j -3.06171005e-01+0.1767035j ]
 [ 3.06308303e-01-0.17679353j  3.06189268e-01-0.17676919j
  -3.06162258e-01+0.17673936j -3.06177676e-01+0.17674479j
   3.06189268e-01-0.17676919j  3.06174304e-01-0.17688102j
  -3.06177677e-01+0.17674479j -3.06128097e-01+0.17674196j]
 [ 3.06143749e-01-0.17674495j  2.64310023e-05+0.35359151j
  -3.06227443e-01+0.17676529j  7.59554185e-06-0.35357233j
   4.40822769e-05-0.35353736j -3.06182433e-01+0.17676149j
   6.09134121e-05+0.35351236j  3.06196834e-01-0.17682531j]
 [ 3.06261172e-01-0.17677904j  4.99841513e-05-0.35349673j
   3.06169695e-01-0.17677782j  3.32377008e-05-0.35356307j
  -3.33345352e-06+0.35358796j -3.06201440e-01+0.17674515j
   5.08907232e-05+0.35356579j -3.06171005e-01+0.1767035j ]
 [ 3.06133917e-01-0.17686211j -3.06223326e-01+0.17677631j
   3.06140805e-01-0.17680075j -3.06161203e-01+0.17677746j
  -3.06223327e-01+0.17677631j  3.06167597e-01-0.17668061j
  -3.06161202e-01+0.17677746j  3.06246019e-01-0.1768185j ]
 [ 3.06143751e-01-0.17674495j  4.40846248e-05-0.35353736j
  -3.06227445e-01+0.1767653j   6.09130914e-05+0.35351236j
   2.64322049e-05+0.3535915j  -3.06182434e-01+0.17676149j
   7.59418045e-06-0.35357233j  3.06196836e-01-0.17682531j]
 [ 3.06142291e-01-0.17676423j -3.06195056e-01+0.17679307j
  -3.06166131e-01+0.17684109j  3.06192266e-01-0.17678341j
  -3.06195057e-01+0.17679308j  3.06201492e-01-0.1767811j
   3.06192267e-01-0.17678342j -3.06134422e-01+0.17679671j]]

********* Summary *****************
Final fidelity error 0.09861219236307706
Final objective value 0.09861219235892893
Final penalized error 0.0
Final gradient 5.719556678658551e-05
Number of iterations 84
Terminated due to function converged
Completed in 0:00:02.609353 HH:MM:SS.US
Computational time 2.6093528750000003
total tv norm 50.935596709104054
total l2 norm 555.3671371321086
