Final evolution
[[ 1.30624652e-05+0.4999859j  -1.94009871e-05+0.50000976j
  -1.68951215e-05+0.50001698j  6.68332624e-06+0.49998737j]
 [ 1.23826457e-05+0.49998645j -2.62494834e-06-0.50000822j
  -3.46199383e-06+0.50001068j  2.58955981e-06-0.49999466j]
 [ 1.66474149e-06+0.50001675j -2.83588954e-06+0.49998759j
   5.58740035e-06-0.49999351j -5.42409006e-07-0.50000214j]
 [ 2.23204934e-05+0.5000109j   4.88552130e-06-0.49999443j
   1.62301540e-05-0.49997883j  1.26055981e-05+0.50001583j]]

********* Summary *****************
Final fidelity error 5.634887001448874e-10
Final objective value 6.701412153700762e-08
Final penalized error 6.645148582121255e-08
Final gradient 3.557890037963028e-05
Number of iterations 273
Terminated due to function converged
Completed in 0:00:03.264578 HH:MM:SS.US
Computational time 3.264578104019165
total tv norm 18.89280039103611
total l2 norm 6.645148582121256e-05
