Final evolution
[[ 0.25054135-0.25071918j  0.25000272-0.24900069j  0.2494116 -0.25110921j
   0.2499225 -0.24781507j  0.24911074-0.24952801j  0.25016002-0.24885857j
   0.24900077-0.25179102j  0.25134241-0.25164768j]
 [ 0.2493872 -0.24981577j -0.24882334+0.24880631j  0.24857856-0.25139546j
  -0.25303172+0.24988985j  0.24960476-0.24918306j -0.25122251+0.24912184j
   0.24915279-0.25162085j -0.24949206+0.2508264j ]
 [ 0.25177483-0.24892149j  0.25037369-0.25102502j -0.24935575+0.2508612j
  -0.25006304+0.24829143j  0.25037285-0.24861053j  0.25261038-0.24834798j
  -0.25004423+0.24860349j -0.25140109+0.24929178j]
 [ 0.25204042-0.25070673j -0.24808959+0.25108912j -0.24852164+0.25089681j
   0.24940173-0.24942759j  0.24863478-0.25101195j -0.25208268+0.25033622j
  -0.24822601+0.25136654j  0.24789292-0.25021524j]
 [ 0.25006293-0.24867178j  0.25083237-0.2515115j   0.25041566-0.25033498j
   0.24949613-0.25010502j -0.24977474+0.25070884j -0.25041127+0.25019395j
  -0.24996874+0.24746653j -0.24749734+0.25249825j]
 [ 0.25101362-0.25103782j -0.25047376+0.25064794j  0.25017003-0.24727368j
  -0.2492295 +0.25037261j -0.25087235+0.25215019j  0.25103563-0.24851879j
  -0.25196887+0.24806111j  0.24614356-0.25094456j]
 [ 0.24800725-0.24940117j  0.24914783-0.24997163j -0.25219743+0.25086872j
  -0.24821218+0.25148207j -0.25039468+0.25237024j -0.25178614+0.2467007j
   0.25156006-0.24954064j  0.24805571-0.25021883j]
 [ 0.24874673-0.24911019j -0.2500159 +0.25016018j -0.25063649+0.24791725j
   0.25170761-0.25149371j -0.24860722+0.24902225j  0.25047738-0.24805767j
   0.25080689-0.25075657j -0.25036968+0.2520647j ]]

********* Summary *****************
Final fidelity error 1.460929518659615e-05
Final objective value 0.0016558911526053759
Final penalized error 0.0016412820883619332
Final gradient 0.002336668986871631
Number of iterations 2057
Terminated due to function converged
Completed in 0:00:59.938931 HH:MM:SS.US
Computational time 59.938930541
total tv norm 84.01820994611312
total l2 norm 16.412820883619332
