Final evolution
[[-1.80563209e-06+0.49997124j -7.39560655e-05+0.5000184j
  -6.83442179e-05+0.50004055j -8.06820786e-05+0.49996979j]
 [ 1.13527798e-04+0.50000358j -1.42433476e-06-0.4999953j
   3.22178915e-06+0.49998461j -3.08284423e-05-0.50001649j]
 [ 8.25802426e-05+0.49999984j  3.07282107e-05+0.5000105j
   2.39024876e-05-0.50000958j -6.39519857e-05-0.49998006j]
 [ 6.78247413e-06+0.50002532j  5.11509808e-06-0.49997579j
   6.35674725e-05-0.49996524j -1.56722250e-05+0.50003364j]]

********* Summary *****************
Final fidelity error 6.965214849330437e-09
Final objective value 8.548884436391013e-09
Final penalized error 1.593966461524764e-09
Final gradient 0.00015289213834154895
Number of iterations 3
Terminated due to function converged
Completed in 0:00:00.082485 HH:MM:SS.US
Computational time 0.08248496055603027
total tv norm 18.86864040889337
total l2 norm 1.593966461524764e-09
