Final evolution
[[ 2.92566617e-04-0.25092253j  2.57635189e-04-0.24970092j
   4.55600104e-04-0.25000409j -6.41926040e-05-0.24940135j
  -5.81700073e-05-0.24945675j -7.52744181e-04-0.2495946j
   2.16833067e-04-0.25041248j  2.89055646e-04-0.2510446j
  -7.42372464e-06-0.25054532j -4.72588777e-04-0.24954915j
  -6.82001274e-04-0.25039612j  4.24639022e-04-0.24968498j
  -1.34551835e-04-0.24970188j  2.67855641e-04-0.25034869j
   2.91858324e-05-0.24954574j -4.44210356e-04-0.24967776j]
 [ 2.94855194e-04-0.24938935j  5.17397732e-04+0.2494802j
  -2.10527251e-04-0.24932195j -2.30193256e-04+0.25053786j
   7.71325152e-04-0.2498129j   7.36787219e-04+0.25054707j
  -9.83632438e-05-0.25024664j -1.89236607e-04+0.25045252j
   2.91838228e-04-0.2496816j  -5.02669705e-04+0.25045008j
  -5.74422918e-04-0.25002883j  5.13183925e-04+0.24965872j
  -5.74442441e-04-0.24974006j  1.17583282e-04+0.25046703j
   5.26796460e-04-0.2507805j  -7.81288181e-04+0.24938972j]
 [ 1.22785254e-04-0.2501883j   1.91851777e-04-0.25086745j
  -9.69793038e-05+0.2491783j   1.62837441e-04+0.2508515j
   1.04994538e-03-0.25048198j -3.25374272e-04-0.24953335j
   2.98804737e-04+0.25013334j -5.64318878e-04+0.25008976j
  -4.45820742e-04-0.25001028j -8.07793302e-04-0.25077438j
  -6.22326780e-04+0.2494332j   1.87413726e-04+0.25062366j
   3.60323922e-04-0.24950407j -1.04082541e-04-0.24880255j
   2.64293159e-04+0.24994369j -5.00903086e-04+0.24956563j]
 [-3.32532740e-04-0.25016106j  4.65090472e-04+0.24995897j
   1.15189172e-04+0.24983103j  2.70158717e-05-0.24996062j
   3.81461916e-04-0.24966355j  6.79461032e-04+0.24991552j
   5.11644451e-04+0.25055456j -3.72662391e-04-0.2489099j
   8.72483998e-04-0.25000426j  5.68344145e-06+0.25004444j
  -5.55474211e-04+0.24956543j  5.70110854e-04-0.24992774j
  -4.91935031e-04-0.25071608j -3.04345721e-04+0.24995056j
  -2.22293619e-04+0.25061405j -3.71179608e-04-0.25021008j]
 [ 2.38433272e-04-0.24981797j  9.86849497e-04-0.24925647j
   1.19517157e-04-0.25019747j  5.32822282e-04-0.25052721j
   5.79061193e-04+0.24963449j -3.80165680e-04+0.25059104j
  -1.17572125e-04+0.2500637j  -1.61226460e-04+0.25062387j
  -5.05315157e-04-0.24931035j  2.59086723e-04-0.25062142j
   1.99608019e-04-0.25055563j  8.26433391e-04-0.24949553j
  -3.29638352e-04+0.25058379j -1.34972164e-03+0.24999231j
   3.42204215e-06+0.24909658j -1.07500108e-04+0.24961347j]
 [-1.33601198e-03-0.25056307j -2.92873286e-04+0.25030981j
  -1.12332915e-03-0.249885j   -8.00201853e-04+0.2501672j
  -4.92956693e-04+0.25057659j  3.04639486e-04-0.24963256j
   4.15867324e-04+0.24966102j  7.86344360e-04-0.24931355j
  -5.19501506e-04-0.24973539j -4.44654783e-04+0.25037635j
   7.50086158e-04-0.24962714j  1.03580270e-03+0.25076729j
   4.05493615e-04+0.25055052j -1.30244965e-04-0.24924495j
   8.87168335e-04+0.25012022j -2.23344397e-04-0.24944603j]
 [ 4.57880391e-05-0.24935249j  5.37181430e-04-0.24987538j
   3.94009219e-04+0.25023974j  9.04561114e-04+0.24943816j
   7.41270827e-05+0.25008068j -7.17940447e-04+0.25078924j
  -7.18156896e-05-0.250259j    1.78526885e-04-0.25017341j
  -3.30274752e-04-0.24946162j -4.69493938e-04-0.24972649j
  -1.25113192e-04+0.25041019j -4.02866937e-04+0.24955257j
  -2.15118510e-04+0.2503396j   4.04223273e-04+0.2505496j
   3.34450826e-04-0.24927328j  1.67389807e-04-0.25046635j]
 [ 3.19323051e-04-0.25021866j -5.19120225e-04+0.24977901j
  -5.48554539e-04+0.25073512j -2.32373183e-04-0.25010568j
   8.43608764e-04+0.24945119j  3.30378802e-04-0.24951917j
  -1.60317535e-04-0.24909356j  1.64046264e-04+0.25030111j
   3.55823054e-04-0.25061868j -2.37121536e-04+0.24921037j
   6.43377765e-04+0.25057934j -3.34238943e-04-0.24928601j
   6.48882583e-04+0.24968894j -5.68468519e-04-0.25050318j
   3.45326421e-04-0.25018854j  1.44522221e-04+0.25070541j]
 [ 4.36000702e-04-0.25009024j  8.54060959e-04-0.24991613j
  -6.71614948e-04-0.24989754j  1.87352761e-05-0.25020567j
   6.50499005e-04-0.24982747j -1.05348697e-03-0.24952741j
   1.19177020e-04-0.2496946j  -1.02257776e-03-0.25028749j
   6.13992796e-04+0.24978489j  3.35406948e-04+0.2506253j
   3.09131303e-04+0.2500056j   3.38734191e-04+0.2493354j
   4.77630184e-04+0.24953894j -2.28154972e-04+0.25060403j
   1.83975818e-04+0.24946992j  3.03114226e-04+0.25117201j]
 [ 7.54095234e-05-0.24979011j  7.70487863e-04+0.25020828j
   3.17780546e-04-0.2503731j   2.57739151e-04+0.24948383j
   4.21480990e-04-0.25042912j -7.27750862e-04+0.2494119j
  -3.54045214e-05-0.25031598j  2.42441354e-04+0.25018709j
  -5.45362067e-04+0.25030003j  3.39618428e-04-0.24948259j
  -4.38753415e-04+0.25046173j  1.49310478e-04-0.2497046j
   7.14260972e-04+0.25014717j  3.92719319e-04-0.24972578j
   1.67249276e-04+0.24985833j -3.51162839e-04-0.25011052j]
 [ 2.45597897e-04-0.24985615j  7.52072319e-04-0.25014691j
   4.83287554e-04+0.25015381j -3.03376772e-04+0.24934774j
  -1.29465462e-04-0.24976036j  1.26906338e-04-0.25010985j
   6.72936926e-05+0.24996206j -8.00620911e-04+0.24932189j
   1.14738150e-03+0.2502886j  -1.36849936e-03+0.24984619j
   8.96192156e-05-0.2499111j   1.64733299e-04-0.25033301j
  -3.33503195e-04+0.25062915j -4.04003969e-04+0.24943006j
  -6.13097143e-04-0.25058725j -6.11145689e-04-0.2502993j ]
 [-8.72659049e-04-0.2493347j  -2.32745118e-05+0.25058379j
   3.67881976e-04+0.25020596j -6.64675231e-05-0.24952465j
  -2.45098283e-04-0.2508154j  -3.50943430e-04+0.25048266j
   8.16813526e-04+0.24970233j  1.72489985e-05-0.2503798j
   6.07127209e-04+0.24991064j  5.89744409e-04-0.25002598j
  -4.98623992e-04-0.24968306j -4.11659110e-04+0.25092258j
  -6.12046643e-04+0.24948385j  6.15395368e-04-0.24985414j
   1.35131626e-04-0.24970147j -4.86098899e-04+0.24937336j]
 [-2.46594422e-05-0.24983748j  5.50331941e-04-0.25022462j
   5.21080375e-05-0.25003529j -5.37792389e-04-0.24994767j
   1.87489148e-04+0.24994648j  3.67951906e-04+0.24968683j
   8.96170421e-04+0.24987231j -9.46487681e-05+0.24971701j
  -4.51074491e-04+0.25035392j  1.71400849e-03+0.2494517j
  -7.36282870e-04+0.24997421j -1.73988261e-05+0.2502982j
  -4.52227211e-06-0.25024195j -6.76993400e-04-0.25017561j
   2.88819467e-04-0.25037724j  1.93471075e-04-0.2498457j ]
 [-3.96046492e-04-0.25027815j -5.58455837e-04+0.25035479j
   1.00067127e-03-0.24958073j  1.58694759e-05+0.25026427j
  -6.17462704e-04+0.2500376j  -6.73356150e-05-0.24944035j
  -3.81242238e-04+0.24999758j -4.77891161e-04-0.24992199j
   2.95750210e-04+0.24958278j  8.38221013e-05-0.25040862j
  -5.12102118e-05+0.24964206j  1.10306319e-04-0.25007699j
   5.32058131e-04-0.24988753j  6.06617187e-04+0.25008749j
   2.31753622e-04-0.25034546j  3.19365895e-04+0.25008456j]
 [ 2.48512507e-04-0.25030776j -2.36685677e-04-0.24962302j
   3.25397394e-04+0.25038885j -7.93032725e-05+0.25017135j
   8.33315105e-05+0.25039355j  1.10053245e-03+0.2505669j
   4.82983281e-04-0.24938131j -3.41649699e-04-0.24894641j
   1.55973720e-04+0.25007918j  4.81005323e-04+0.24955406j
   6.41536101e-04-0.24984986j -5.18044210e-04-0.25012764j
  -4.33640170e-04-0.24937199j  6.25165796e-06-0.25016937j
  -6.76756236e-04+0.25059896j  1.00712496e-03+0.25045376j]
 [-7.12043059e-04-0.24987833j  3.20531068e-04+0.24969922j
  -4.62817507e-04+0.24995879j  4.44783020e-04-0.25005403j
  -1.61984002e-03+0.24961277j  2.60798733e-05-0.25063227j
   3.89284667e-04-0.25063893j -1.23822808e-04+0.25031183j
  -8.88406438e-04+0.25031742j -5.58017891e-04-0.24983045j
  -1.97076228e-04-0.24986416j  1.04808509e-04+0.25019055j
   3.27003768e-04-0.24986166j  3.66118885e-04+0.25007868j
  -7.18244594e-04+0.24948439j -3.98072374e-04-0.24957112j]]

********* Summary *****************
Final fidelity error 3.791393135554877e-06
Final objective value 3.7913510224640845e-06
Final penalized error 0.0
Final gradient 0.0003778241985536304
Number of iterations 1008
Terminated due to function converged
Completed in 0:01:41.198273 HH:MM:SS.US
Computational time 101.198273
total tv norm 115.70917932566249
total l2 norm 1475.3263577087487
