Final evolution
[[ 0.24997143-0.24996035j  0.2500642 -0.24993403j  0.24978995-0.25008926j
   0.24986707-0.24998041j  0.25008354-0.25032097j  0.24998687-0.24994107j
   0.2500178 -0.24982814j  0.250014  -0.25015041j]
 [ 0.24979035-0.24998126j -0.25020406+0.25006909j  0.250039  -0.24986475j
  -0.25010005+0.25004675j  0.25011772-0.24991466j -0.24967819+0.24980099j
   0.25003361-0.25019674j -0.25019101+0.24997102j]
 [ 0.25004482-0.24971621j  0.24995164-0.24989016j -0.25016951+0.24997233j
  -0.25001925+0.25003473j  0.25020527-0.24997381j  0.24996055-0.24999447j
  -0.2501258 +0.25004852j -0.24995624+0.24993629j]
 [ 0.24998891-0.25020876j -0.2502479 +0.25015466j -0.25006721+0.24981417j
   0.24981496-0.2500023j   0.24999556-0.2497258j  -0.24997414+0.25014709j
  -0.25007065+0.24987216j  0.24994078-0.24997431j]
 [ 0.25010824-0.25014964j  0.25020375-0.24998298j  0.25007254-0.24996095j
   0.24985071-0.25001375j -0.24993097+0.24968835j -0.25005046+0.25010164j
  -0.24980692+0.24983915j -0.25017038+0.25006894j]
 [ 0.24999457-0.25008457j -0.24983304+0.24988312j  0.24998438-0.25015827j
  -0.24991991+0.25004633j -0.25016896+0.25011115j  0.24995818-0.25011105j
  -0.24988784+0.25005296j  0.24979533-0.25000993j]
 [ 0.24996535-0.24998837j  0.25022339-0.24984462j -0.24992388+0.24998812j
  -0.25005554+0.25021161j -0.24991453+0.24978095j -0.249875  +0.25019088j
   0.24999933-0.25008537j  0.25003954-0.24991301j]
 [ 0.25002547-0.25002127j -0.24967684+0.24983562j -0.24996662+0.25013865j
   0.24999248-0.25004384j -0.25001006+0.25005682j  0.25021793-0.25001088j
   0.2500481 -0.2500865j  -0.24984557+0.25002288j]]

********* Summary *****************
Final fidelity error 1.3363880546624074e-07
Final objective value 1.412095407186156e-07
Final penalized error 7.603348830879364e-09
Final gradient 0.00038549235509547817
Number of iterations 4
Terminated due to function converged
Completed in 0:00:00.217988 HH:MM:SS.US
Computational time 0.21798824999999988
total tv norm 75.20890615239087
total l2 norm 7.603348830879364e-09
