Final evolution
[[ 2.02121769e-04-0.24991004j -3.39184164e-05-0.24989098j
   8.54956000e-05-0.24940836j  4.99139186e-04-0.24945769j
  -8.40803350e-05-0.25017998j  1.70306995e-04-0.25014548j
  -3.07709224e-04-0.25048908j -4.86463544e-04-0.25047399j
  -3.95244074e-05-0.24990261j -8.35336392e-05-0.24979347j
  -1.80093356e-04-0.24938428j -8.29105516e-05-0.24959333j
  -1.46142424e-05-0.249978j    1.67796440e-04-0.25042257j
   1.98913373e-04-0.25069464j -2.12752308e-05-0.25026891j]
 [ 3.13252637e-04-0.24966545j -1.70016973e-04+0.24987997j
  -7.83055475e-05-0.24975862j -2.26877330e-04+0.24940329j
  -1.85801789e-04-0.2502458j   2.01617320e-05+0.25010007j
  -3.16366101e-04-0.2504424j   3.89394845e-04+0.25052894j
   2.62929737e-04-0.25006757j  3.68477537e-05+0.24989914j
  -3.90463175e-04-0.2492532j   4.49329314e-05+0.24942892j
  -1.82056051e-04-0.25020862j  2.76718249e-05+0.25007158j
   4.10619940e-04-0.25040425j -2.25134399e-04+0.25063509j]
 [-2.56332735e-04-0.24971513j -7.69856327e-05-0.24980724j
  -7.96185493e-05+0.24973654j  2.01211752e-04+0.24970688j
   6.37911772e-05-0.25000489j -2.24394505e-04-0.25024112j
   1.98188923e-04+0.25043117j -6.24888205e-05+0.2503415j
   2.82046740e-04-0.24980536j  2.55027455e-04-0.24995142j
   2.80122582e-04+0.24960824j  3.38579682e-04+0.249323j
   1.71980185e-05-0.25026364j -2.18503881e-04-0.24998566j
   4.15498434e-05+0.25042396j -1.76927447e-04+0.25064908j]
 [-2.00232087e-04-0.24997056j  2.12698842e-04+0.2497825j
  -1.03710243e-04+0.24946935j -1.08039026e-05-0.24973138j
   2.77202035e-04-0.25007579j -1.00515864e-05+0.25011521j
   3.76346421e-04+0.25043508j -1.43271963e-04-0.25038712j
  -1.57217123e-04-0.24974331j -1.32461728e-04+0.24977927j
  -5.12197907e-05+0.24960471j -3.22430242e-04-0.24956869j
  -1.29306720e-05-0.25026125j  1.14658072e-04+0.2501318j
   1.71341867e-04+0.25044651j -5.65267785e-05-0.25049294j]
 [ 2.17049875e-05-0.25007537j  2.78640957e-04-0.25026495j
   1.26416735e-04-0.25049203j -5.49693916e-07-0.2503267j
   2.79142453e-06+0.24986927j  6.57220108e-06+0.2497021j
   6.99953741e-05+0.24953937j  1.15252637e-05+0.24964747j
   1.17864806e-04-0.25027839j  3.66364826e-04-0.25011039j
   2.51994206e-05-0.25042481j -2.21087568e-04-0.2506807j
  -3.70214438e-05+0.24983486j  2.68621426e-04+0.24979427j
  -2.85206285e-05+0.24945545j -2.64737798e-04+0.24949854j]
 [-6.78473615e-05-0.25016766j -9.70041566e-05+0.25002159j
   2.07341483e-04-0.25048785j -1.77202736e-04+0.25050735j
  -3.88296910e-04+0.24993973j  3.78715496e-06-0.24989344j
   4.99374345e-04+0.24948413j -7.82405126e-05-0.24948262j
  -8.32420560e-06-0.2503158j  -2.01878561e-04+0.25020067j
   2.84882515e-04-0.25040229j -9.52295441e-05+0.25053493j
  -2.13813563e-05+0.24951994j -6.24974186e-05-0.2497514j
  -1.47823889e-04+0.2497077j   1.57179389e-04-0.24957711j]
 [-2.30433810e-04-0.25023183j -4.80270169e-04-0.24995706j
   5.28627766e-05+0.25031542j -1.53195165e-04+0.25065021j
  -2.02188869e-04+0.24992503j -2.70885618e-04+0.25013993j
  -2.45732360e-06-0.2494258j  -2.11175088e-05-0.24935511j
   4.09680550e-04-0.25012501j  1.32553666e-04-0.25017801j
   7.96643416e-05+0.25053787j -1.74148833e-04+0.25034447j
   1.62091614e-04+0.2497261j  -1.74074165e-04+0.24978493j
   2.15641849e-06-0.24970719j -2.61072172e-04-0.24959013j]
 [-2.10205415e-06-0.24998489j  2.42642336e-04+0.2503152j
   2.12472739e-04+0.25054894j -1.17955884e-05-0.25029896j
   7.10161308e-05+0.24983614j  2.57023153e-04-0.24993716j
   3.14814802e-04-0.24958419j -1.83427750e-05+0.24947661j
   3.48589776e-04-0.25003871j -2.30589637e-04+0.25016556j
   1.32772120e-04+0.25055857j -1.83852644e-05-0.25043404j
   3.52665037e-04+0.25012858j -1.55057589e-04-0.24978068j
   5.40821394e-05-0.24931998j  7.63418462e-05+0.24958615j]
 [-1.44272118e-04-0.25028151j -1.57998423e-04-0.25034587j
   1.15251893e-04-0.2503804j   1.72721741e-04-0.25036684j
   2.37345584e-05-0.24964736j -1.74161885e-04-0.249725j
  -1.98434530e-04-0.24962259j  1.34755014e-04-0.2496691j
   1.39031529e-05+0.25012362j -2.49145768e-04+0.24992598j
   5.29448186e-05+0.25046403j  3.93646814e-04+0.2505643j
   1.90706392e-05+0.24981209j  1.91010239e-04+0.24987124j
   4.96390735e-05+0.24964171j -1.38606076e-04+0.24955371j]
 [-3.39506697e-04-0.25013832j -1.72392294e-05+0.25025423j
   2.56488467e-04-0.2504981j   4.83927482e-05+0.25044511j
   4.29494289e-05-0.24984129j  6.36179594e-05+0.24969333j
  -2.23549827e-04-0.24948521j -8.51511281e-06+0.24961467j
   2.62735999e-05+0.25023616j  3.98768633e-05-0.25020454j
  -5.45602434e-05+0.2503207j  -8.01308412e-05-0.25034545j
  -8.42277560e-06+0.24969229j -9.38583575e-05-0.24988148j
  -6.48651175e-05+0.24981036j  1.75856132e-04-0.24953466j]
 [-1.67369133e-04-0.25034801j -1.97892136e-04-0.25023107j
   3.88103076e-05+0.25033035j -1.96793492e-05+0.25045239j
   1.05067766e-04-0.24988906j  2.29095509e-04-0.24963437j
  -6.60465192e-05+0.24947132j  1.04787722e-04+0.24965379j
  -3.09863062e-04+0.25020868j -1.51673930e-04+0.25051447j
   9.82861173e-05-0.25040812j  3.30449166e-04-0.25018333j
   3.05523298e-04+0.24975763j  5.69263025e-05+0.24968031j
   1.19901190e-04-0.24957708j -1.30508447e-04-0.249655j  ]
 [ 3.62700250e-05-0.25050038j  2.70179384e-04+0.25034067j
   2.22320362e-04+0.25025462j  1.35652742e-04-0.25027444j
   1.40505020e-04-0.24958412j -2.45130634e-04+0.24981001j
  -9.23445561e-05+0.24977819j -4.97999217e-05-0.24948474j
  -1.89045764e-04+0.25013846j  1.56163673e-04-0.25016201j
   8.09017181e-05-0.25048515j -1.77231498e-04+0.25052084j
   4.16933676e-04+0.24979738j -3.32730172e-04-0.24972179j
   1.32532842e-04-0.249466j   -2.46854876e-05+0.24967572j]
 [-6.92118858e-06-0.24972587j -1.91613196e-04-0.24981965j
   1.99284076e-04-0.24964588j  4.72830693e-04-0.24960253j
   2.50067058e-04+0.25026415j  1.80269045e-05+0.25009705j
   1.69846068e-04+0.25031102j  2.33621801e-04+0.25061126j
  -6.48983831e-05+0.24968374j  1.26929527e-04+0.24979775j
   3.58480141e-04+0.24973747j  1.86414658e-04+0.2495296j
   1.78676749e-05-0.25027026j  1.00665300e-04-0.25051277j
   1.69655077e-04-0.25032215j  1.38931822e-04-0.25006385j]
 [ 1.02748721e-05-0.2496963j   9.38863629e-05+0.24981157j
   8.19484306e-05-0.24966347j -2.77637224e-04+0.24959649j
   2.53134890e-04+0.25028802j -1.25573997e-04-0.25030397j
   2.32028466e-04+0.2503442j  -1.80399509e-04-0.25030597j
  -9.14050670e-05+0.24998179j -9.98735562e-05-0.24959451j
   3.24765999e-04+0.24941827j -1.73983972e-04-0.24979082j
  -1.25209850e-04-0.25020117j -1.81936044e-04+0.25028478j
   3.98374494e-04-0.25044133j -1.49742527e-04+0.25027258j]
 [-8.33147790e-05-0.24969993j  4.70020594e-07-0.24969206j
  -1.81047378e-04+0.24955102j -6.84759051e-05+0.24956937j
  -2.21128643e-04+0.250201j    1.67989985e-04+0.25033182j
  -1.87941586e-04-0.25057151j  8.21804511e-05-0.25037786j
  -8.77869878e-05+0.24972748j -3.43933539e-04+0.24987043j
   1.65887503e-04-0.24963179j -8.51874059e-05-0.24957611j
  -8.40659369e-05-0.25020476j -1.50433462e-04-0.25009821j
  -1.99701811e-04+0.25038562j -1.84799471e-04+0.25050607j]
 [-6.70487777e-05-0.24988574j -2.34008711e-05+0.24958214j
  -2.00075099e-04+0.2494524j   7.88123021e-05-0.24960294j
  -2.78291342e-04+0.25020571j  1.10895480e-04-0.25012752j
  -1.83994519e-04-0.25057597j  1.19528708e-04+0.25058123j
   3.00982931e-05+0.24962051j  1.14935398e-04-0.24984957j
   1.48895056e-04-0.24975211j  1.88874153e-06+0.24957297j
  -3.55891855e-06-0.25034041j  3.88611447e-04+0.2502233j
  -1.31086634e-05+0.25018887j  3.13791178e-04-0.25043331j]]

********* Summary *****************
Final fidelity error 1.3325002378161699e-06
Final objective value 2.291376144934466e-06
Final penalized error 9.588874720894991e-07
Final gradient 0.00044408476812643835
Number of iterations 1626
Terminated due to function converged
Completed in 0:02:32.091635 HH:MM:SS.US
Computational time 152.09163520799999
total tv norm 67.2240098884744
total l2 norm 0.0009588874720894991
