Final evolution
[[ 0.25166684-0.24889349j  0.24987472-0.25021347j  0.24885377-0.25070766j
   0.24821073-0.25109368j  0.24954025-0.25065742j  0.249207  -0.25073526j
   0.24968033-0.24977763j  0.25080188-0.25006009j]
 [ 0.25046292-0.25000561j -0.24879296+0.25192209j  0.24968812-0.24963604j
  -0.2510554 +0.24987065j  0.25068831-0.24991746j -0.24917775+0.24850795j
   0.25022265-0.2495732j  -0.24997512+0.25048264j]
 [ 0.25040501-0.2490547j   0.25018741-0.25078051j -0.25055987+0.25041665j
  -0.24882265+0.25072233j  0.2495622 -0.24836536j  0.25139959-0.24943784j
  -0.24915067+0.25051635j -0.25186915+0.24871898j]
 [ 0.25054756-0.25010367j -0.25019052+0.25047991j -0.25196406+0.25049927j
   0.24942534-0.24769969j  0.24994941-0.25015082j -0.24928859+0.24978384j
  -0.24855909+0.25016043j  0.25082199-0.25034827j]
 [ 0.25050782-0.25083363j  0.24940657-0.24892697j  0.24974444-0.24912107j
   0.25068115-0.25124362j -0.24885808+0.24935457j -0.25095113+0.25072931j
  -0.2499082 +0.24955887j -0.25029784+0.24985918j]
 [ 0.24966807-0.24976074j -0.24941939+0.24996165j  0.25021012-0.25022463j
  -0.24883399+0.25046923j -0.25117462+0.24982172j  0.25086987-0.24961336j
  -0.24950528+0.25173725j  0.24953533-0.24917743j]
 [ 0.25092367-0.24908712j  0.24921864-0.25000266j -0.24829846+0.25065889j
  -0.24974703+0.25107332j -0.25040588+0.25171203j -0.2495753 +0.2494878j
   0.25190692-0.24929226j  0.25023308-0.24834229j]
 [ 0.2498205 -0.24823558j -0.25004624+0.2505585j  -0.25068047+0.24871043j
   0.24998889-0.25102447j -0.24945342+0.25036713j  0.25161759-0.24959289j
   0.24883851-0.25158249j -0.24896931+0.25048358j]]

********* Summary *****************
Final fidelity error 6.396908809103152e-06
Final objective value 0.00014792372751303658
Final penalized error 0.0001415269605970973
Final gradient 0.0019554770381969965
Number of iterations 2350
Terminated due to function converged
Completed in 0:01:05.697268 HH:MM:SS.US
Computational time 65.69726804199999
total tv norm 70.40209998087703
total l2 norm 0.1415269605970973
