Final evolution
[[ 3.19128860e-04-0.25074653j -7.88838084e-05-0.25004905j
   8.40246469e-04-0.24978559j  8.82441069e-04-0.25048099j
   8.98149587e-04-0.2486691j  -1.92979362e-04-0.24900003j
  -1.49684795e-03-0.2506815j  -7.47758031e-04-0.25016202j
  -3.14425259e-05-0.25120451j  2.47213942e-04-0.25013062j
  -6.47439366e-04-0.24855933j -6.06639361e-04-0.25007696j
   1.49689423e-04-0.24859476j  4.36368437e-04-0.25114647j
   4.00321414e-05-0.25121225j  1.95579801e-05-0.24946229j]
 [-1.32575315e-05-0.25005057j -1.53767269e-04+0.25066482j
  -5.05446713e-04-0.25027382j -6.25644318e-04+0.24928453j
  -5.21820182e-04-0.24900519j  2.29109887e-04+0.24838619j
  -1.82170956e-03-0.24979621j  7.79220784e-04+0.25064485j
  -1.01969333e-03-0.25132502j  5.97289841e-04+0.25067702j
   1.74457035e-03-0.24926811j  1.50761546e-04+0.24969727j
   1.44784030e-03-0.25112198j -5.80516389e-04+0.24949151j
  -8.89414487e-06-0.24966286j  4.47838507e-04+0.25060618j]
 [-5.09402455e-04-0.25034158j  5.34276318e-05-0.25171024j
   1.91230136e-04+0.2505108j  -6.34604716e-05+0.24937666j
  -2.18229950e-04-0.24904078j  5.90100754e-04-0.24925383j
   8.79452092e-04+0.25010528j  8.08093138e-04+0.24993805j
   3.54348770e-04-0.24980389j -2.66569982e-04-0.25121724j
  -7.44814334e-04+0.25081211j -1.08062268e-03+0.24863775j
   4.93807883e-04-0.25040689j  3.64529808e-04-0.24864201j
   1.19244151e-03+0.24948064j  1.40810072e-03+0.25068269j]
 [ 4.81513688e-04-0.25213316j  1.34784029e-03+0.25014955j
  -1.90672267e-05+0.24950506j  8.37379532e-04-0.25051571j
   1.40891236e-03-0.24936803j  1.80752909e-04+0.2491446j
   1.39617234e-03+0.25000612j -4.57792101e-04-0.24989601j
  -2.29704471e-04-0.24975993j -7.06296750e-04+0.25059312j
   3.18865971e-04+0.24961359j  1.64264707e-04-0.25019049j
  -2.08709279e-03-0.24839477j -7.10846430e-05+0.24970218j
   1.68755737e-04+0.25068251j -1.00662029e-03-0.25029905j]
 [-4.04548526e-04-0.24875449j -1.30659995e-03-0.2488328j
   3.60382650e-04-0.2505052j   2.47622292e-03-0.24999363j
  -2.67535366e-04+0.24997199j -9.19220768e-04+0.24984553j
   9.99481914e-04+0.25046885j  2.57930365e-04+0.2506491j
   4.41980494e-04-0.24898001j -5.88047053e-05-0.25092358j
   5.49783609e-04-0.25126381j -2.40314682e-04-0.24967813j
  -4.94511280e-04+0.25103994j  1.25781540e-04+0.25097584j
  -1.72791735e-04+0.249122j    4.61440700e-04+0.24895006j]
 [ 6.06385051e-05-0.24955074j  5.70882717e-04+0.24851764j
  -3.06148053e-04-0.24926606j -1.73811421e-04+0.250991j
   5.19576470e-04+0.24989733j -5.81182376e-04-0.25085692j
   3.50871212e-04+0.2507989j  -4.92352089e-04-0.25016509j
  -1.54096440e-04-0.25058397j -3.33111531e-04+0.24875761j
   9.50811831e-04-0.24985302j -6.75841773e-04+0.25120355j
  -3.90046744e-04+0.25051603j  1.02998108e-03-0.25094498j
  -3.64420363e-05+0.24939192j -3.77785978e-04-0.24867272j]
 [-3.12983527e-04-0.24925359j -8.92165848e-04-0.25023984j
  -6.32660495e-05+0.25001832j  1.11234040e-04+0.24973421j
  -7.06438838e-04+0.25002612j  1.49416833e-03+0.25174708j
  -8.21015227e-04-0.25017685j  5.39611977e-04-0.24965448j
   4.01842770e-05-0.24952367j  1.61312759e-03-0.24824448j
  -1.71503158e-03+0.24991606j -1.20908409e-03+0.25061052j
   6.32408730e-04+0.25069323j -1.42647129e-03+0.25090348j
  -7.61883929e-05-0.25031193j -6.94920034e-04-0.2488967j ]
 [-1.07076130e-03-0.24949556j  7.96105002e-04+0.24979836j
  -4.91461452e-04+0.25029906j  1.02176381e-03-0.24967616j
  -9.29758853e-04+0.25167761j  1.12142491e-03-0.24952822j
  -1.30354815e-03-0.24930596j  7.71474155e-04+0.25093664j
   8.58281280e-04-0.24846094j -4.48388259e-04+0.24944808j
  -8.93173541e-04+0.25050749j  9.66745148e-04-0.24980545j
  -5.11797407e-05+0.25153489j -9.56118499e-04-0.25039562j
  -5.55376482e-04-0.2487371j  -1.65905758e-04+0.25034587j]
 [ 3.30322389e-04-0.24845903j -2.95161341e-04-0.25076566j
  -5.82953099e-04-0.2513689j   1.27570067e-03-0.24924532j
   1.13093114e-04-0.25070042j -4.39748854e-04-0.25017396j
  -1.08202964e-03-0.24937215j  6.68650283e-04-0.25028897j
   6.57060914e-04+0.24871087j  1.99123816e-04+0.2501476j
  -1.42735551e-03+0.24969373j  5.37124488e-04+0.24909183j
  -9.77724696e-05+0.251309j   -6.68887850e-05+0.24951547j
  -2.21037866e-04+0.24940884j  1.23906175e-03+0.2517031j ]
 [-4.70648537e-04-0.25050115j -9.24445160e-05+0.2479967j
   1.92018502e-04-0.24973879j  8.10963188e-04+0.25242644j
  -1.34491309e-04-0.2502665j   9.21388284e-04+0.25152279j
  -7.90946287e-04-0.25052106j  4.96794228e-04+0.24886061j
  -1.30833736e-03+0.25005831j  7.95467580e-04-0.24814447j
   9.31215322e-04+0.24880834j -1.56710145e-04-0.24965569j
   9.95881565e-04+0.25036624j -1.01722500e-03-0.25144674j
  -1.08234705e-03+0.25064843j  1.21140418e-03-0.24897088j]
 [ 1.78334466e-04-0.25046228j -1.07419915e-03-0.24897635j
   5.37446619e-04+0.24969452j  2.62151872e-04+0.25145662j
   8.92711842e-04-0.25004384j -8.73425475e-07-0.25154393j
  -8.81021361e-04+0.24924422j -7.51320655e-04+0.24824387j
  -7.95682421e-04+0.2503594j  -1.74345849e-03+0.24900703j
  -5.29834446e-04-0.25078534j -3.17989940e-04-0.25080802j
   1.08173478e-03+0.24915922j  1.69377383e-04+0.25060397j
   1.05703059e-03-0.2512574j   1.38135481e-03-0.24829517j]
 [ 1.05048342e-04-0.24883486j  5.05293388e-04+0.25120391j
   1.11129979e-03+0.25105436j  3.64956342e-04-0.24911019j
   7.31470337e-04-0.25132534j -1.09562232e-03+0.24940692j
  -5.32991302e-04+0.24828507j  6.69454394e-04-0.25002178j
   6.93141602e-04+0.24936091j -4.95641983e-04-0.25066273j
   1.01963021e-03-0.25091701j -2.95383177e-04+0.25029721j
  -1.97547493e-04+0.25000501j -3.89245049e-06-0.24884092j
  -2.22753972e-04-0.249144j    4.56017814e-04+0.25148564j]
 [ 9.61614519e-04-0.25114028j  1.38571588e-03-0.25040118j
   3.91988368e-04-0.24904407j -3.42266764e-04-0.25037983j
   1.13351508e-03+0.24864338j  1.03066873e-03+0.25064094j
  -6.83873925e-04+0.25128297j -1.04908483e-04+0.2493993j
  -5.90560463e-04+0.25200521j -1.81332012e-04+0.25062365j
   7.81127120e-04+0.24826825j  3.36825684e-04+0.25060543j
  -1.34612095e-04-0.24782287j  3.91503045e-04-0.25044367j
   6.87523799e-04-0.25017081j  1.41848361e-04-0.24907199j]
 [-1.15737493e-06-0.24966231j  9.89376588e-04+0.25088424j
  -2.54170952e-04-0.25111476j -1.81196489e-03+0.24903979j
  -3.30624868e-04+0.25098036j -6.51169800e-04-0.24838308j
   2.41013065e-03+0.24888019j -3.28803541e-04-0.25096899j
  -2.12020390e-04+0.25004156j -1.62673947e-05-0.25113063j
  -8.69959077e-04+0.25133525j -3.57142073e-04-0.24941854j
   1.35574635e-04-0.24974082j -1.94520250e-04+0.24896833j
   1.74846871e-03-0.24982025j -2.04752046e-04+0.24957401j]
 [-1.23473056e-03-0.24931112j -1.90199394e-03-0.25049245j
   8.10220077e-04+0.24984926j -4.79353242e-04+0.24850459j
  -5.19258905e-04+0.25136783j -2.71984823e-04+0.24927843j
  -9.49586434e-04-0.24942911j  1.97989140e-05-0.25085456j
  -4.98002587e-04+0.24898021j -8.72129927e-04+0.25009254j
   3.28242190e-04-0.25188156j -2.52709265e-04-0.24926461j
   1.04128530e-03-0.25054464j  1.16415614e-04-0.24816189j
  -1.77503561e-04+0.25022851j -5.26255487e-04+0.25170259j]
 [-6.70586407e-05-0.25126215j  4.14861969e-04+0.24925845j
   9.91784123e-04+0.24793879j -1.57238224e-03-0.24971835j
   4.14658028e-04+0.24897024j -1.29291135e-03-0.25122819j
   9.22152700e-04-0.25157667j -9.60723758e-04+0.24928593j
   5.57966015e-04+0.25079846j  6.36288046e-04-0.25015211j
  -2.74077907e-04-0.2484493j   2.78778915e-04+0.2509323j
  -9.93960367e-04-0.24868693j -3.37293742e-04+0.24977467j
  -3.60678240e-04+0.25068715j  1.70424745e-04-0.25122212j]]

********* Summary *****************
Final fidelity error 1.2247922434371894e-05
Final objective value 0.0002571052524044855
Final penalized error 0.0002448574744156802
Final gradient 0.0027081370060649448
Number of iterations 2590
Terminated due to function converged
Completed in 0:04:30.970123 HH:MM:SS.US
Computational time 270.9701225
total tv norm 78.69587321065782
total l2 norm 2.4485747441568018
