Final evolution
[[ 0.05225256+0.4972553j   0.05226391+0.49726341j  0.05226391+0.49726341j
   0.05225652+0.49726378j]
 [ 0.05226999+0.49726196j  0.15450594-0.47552515j -0.15451105+0.47553136j
  -0.05226699-0.49725904j]
 [ 0.05226999+0.49726196j -0.15451105+0.47553136j  0.15450594-0.47552515j
  -0.05226699-0.49725904j]
 [ 0.05226511+0.49726451j -0.05226916-0.497258j   -0.05226916-0.497258j
   0.05225649+0.49726297j]]

********* Summary *****************
Final fidelity error 0.01634378643644263
Final objective value 0.016343794177570814
Final penalized error 0.0
Final gradient 2.0600759614510798e-05
Number of iterations 19
Terminated due to function converged
Completed in 0:00:00.267525 HH:MM:SS.US
Computational time 0.26752519607543945
total tv norm 15.271544670653558
total l2 norm 91.60629622773332
