Final evolution
[[ 1.14031247e-01+1.92931155e-01j -1.45593501e-02-2.08129397e-02j
  -8.70003483e-03-2.91190621e-03j -1.96602117e-01-3.54075451e-01j
  -1.53606385e-01-2.67997012e-01j  2.06263374e-02+2.57934165e-02j
   9.32308620e-04+4.96819049e-03j  2.63790543e-01+4.91476381e-01j
  -2.65845697e-03-7.97376802e-03j -2.48332941e-03-4.74125279e-03j
  -3.83070873e-03-5.91767484e-03j  4.03887665e-03+1.40623967e-02j
   1.44726263e-01+2.59373112e-01j -1.89026698e-02-2.54157096e-02j
  -3.60768025e-03-3.87546192e-03j -2.48472326e-01-4.75396937e-01j]
 [-1.89576340e-02-4.06842404e-02j  3.89154849e-02+1.95379788e-02j
  -2.26156974e-01-3.99896144e-01j  2.19293357e-02+4.34491138e-02j
  -4.57072247e-03+3.30692040e-03j -4.94062140e-02-2.22460808e-02j
   3.04658938e-01+5.55930406e-01j  2.03111656e-02+3.91658865e-02j
  -4.90922090e-04-5.27055323e-04j -1.47325173e-03-1.31343934e-03j
   4.71408960e-03+1.57355006e-02j -5.80381685e-03-1.30300760e-02j
  -3.82995725e-03-1.77844381e-02j  4.87126023e-02+2.41660672e-02j
  -2.87210782e-01-5.38055649e-01j -4.86692452e-03-9.14126433e-03j]
 [-1.15923064e-02-1.09678945e-02j -2.24553265e-01-4.02549368e-01j
   5.15078858e-03-4.06735748e-02j  2.05317187e-03+1.87979896e-02j
   6.77499701e-03+1.70694896e-02j  3.01599370e-01+5.58990358e-01j
  -7.52740643e-03+5.57492395e-02j -9.29847306e-03-2.71823531e-02j
  -1.99384302e-03-1.25173003e-03j  4.90264094e-03+1.65160187e-02j
  -3.87186319e-04+1.61744580e-03j -4.14420872e-03-8.97099065e-03j
  -8.73173459e-03-1.56843293e-02j -2.84026684e-01-5.40727876e-01j
   7.87732015e-03-5.35898753e-02j  7.16311405e-03+2.66272901e-02j]
 [-1.99242863e-01-3.49135486e-01j  2.62672811e-02+5.75135962e-02j
   9.77900979e-03+1.73899416e-02j -1.06180748e-01-2.00205895e-01j
   2.69522819e-01+4.87833620e-01j  2.20862384e-02+3.28410295e-02j
  -1.38563258e-02-1.27764378e-02j  1.41043076e-01+2.72445599e-01j
   4.42761092e-03+1.41541450e-02j -4.13657460e-03-1.07579392e-02j
  -4.09728568e-03-8.37952341e-03j  2.43665480e-03+8.67940053e-03j
  -2.54031172e-01-4.71907652e-01j -4.72834267e-03+2.99099705e-04j
   1.33666940e-02+1.63696688e-02j -1.33019240e-01-2.64718104e-01j]
 [ 1.96710716e-01+3.47027336e-01j -2.16936813e-02-3.05994143e-02j
  -2.43950241e-02-3.70178552e-02j -3.38937108e-01-6.38863570e-01j
   1.29893076e-01+2.34078852e-01j -2.29428045e-02-2.95436066e-02j
   2.19028338e-02+4.07740011e-02j -2.21899524e-01-4.25514133e-01j
  -1.39829172e-02-2.91243143e-02j  1.52908564e-03+2.24193785e-03j
   1.10599689e-03+2.02566944e-03j  2.33136049e-02+5.22796676e-02j
  -1.11305324e-02-2.53688938e-02j  2.29431377e-03-1.05910856e-03j
  -1.83067917e-02-3.61152440e-02j  1.80636997e-02+4.35722986e-02j]
 [-4.36059814e-03-2.57292393e-02j  6.58823309e-02+3.19959654e-02j
  -3.93247614e-01-7.26155377e-01j -7.17935564e-03-7.58177335e-03j
  -7.94731188e-03-2.00804191e-02j  4.39005110e-02+2.15491709e-02j
  -2.57959228e-01-4.84741386e-01j -7.58701764e-04-6.44383232e-03j
   5.56587480e-05+1.59790064e-03j -5.12286561e-03-2.87481990e-03j
   2.74706664e-02+6.02934505e-02j  5.06600370e-04+8.60098208e-04j
  -1.89362289e-03-6.73016169e-03j -4.10884210e-03-2.02746617e-03j
   2.14079340e-02+4.99970739e-02j -1.51999169e-03+4.99551509e-03j]
 [-2.98205597e-02-4.99237953e-02j -3.87375618e-01-7.26081264e-01j
   1.10744234e-02-7.13794787e-02j  2.08428364e-03+2.14756320e-02j
   1.57869186e-02+2.72126560e-02j -2.53618146e-01-4.84552550e-01j
   5.96752468e-03-4.93974415e-02j  1.54580283e-02+4.20866683e-02j
   1.62931842e-03+3.45256328e-03j  2.68628551e-02+5.98001246e-02j
  -1.54280766e-03+5.12455978e-03j -4.52891054e-04-2.49596917e-03j
  -1.46973475e-02-2.75356072e-02j  2.09209178e-02+5.06252155e-02j
  -2.85673799e-04+5.83395375e-03j -1.10469859e-02-2.47773549e-02j]
 [-3.47734882e-01-6.36506026e-01j -7.38977030e-03+5.32435246e-03j
   1.79562610e-02+2.37570969e-02j -1.82403367e-01-3.58159759e-01j
  -2.27767303e-01-4.24585469e-01j  1.29567976e-03+4.06500311e-03j
   1.12052379e-02+1.19649363e-02j -1.19769929e-01-2.38819480e-01j
   2.43657529e-02+5.28868695e-02j  6.94260840e-04+5.45577670e-05j
  -1.44542532e-03-2.29506917e-03j  1.25990897e-02+2.96954328e-02j
   1.91644389e-02+4.44711221e-02j  1.69276739e-04+7.92973054e-03j
  -4.14611647e-03-6.22086603e-03j  1.00185515e-02+2.45121445e-02j]
 [-2.29064988e-02-3.44245077e-02j  1.56833813e-03+4.37752558e-04j
  -3.09638637e-03-2.18131298e-03j  3.93077340e-02+6.30695996e-02j
   3.87561741e-03+5.27199722e-03j  1.16039716e-03+3.78513610e-03j
   5.73608566e-03+3.55772517e-03j -6.37743648e-03-9.34715468e-03j
  -2.35527196e-01-4.19655447e-01j  3.05576352e-02+4.20633576e-02j
   7.17260276e-03+6.85679441e-03j  4.04458078e-01+7.69345705e-01j
   1.18204338e-02+2.14947881e-02j -4.12815084e-03-4.43305076e-03j
   2.42896475e-03-5.20196430e-03j -2.01846161e-02-3.96863192e-02j]
 [-5.37284046e-03-8.00614286e-03j -6.11337709e-03-1.49281608e-03j
   4.52230099e-02+7.10449411e-02j  7.55494018e-03+1.43003951e-02j
   1.06096139e-02+1.81588351e-02j  1.50789864e-04-8.66024638e-04j
  -7.87291621e-03-1.09606378e-02j -1.36043088e-02-2.59407503e-02j
   8.70373706e-03+3.44182460e-02j -7.89922008e-02-3.88004636e-02j
   4.66940608e-01+8.70221574e-01j  3.88704298e-03+5.98462728e-03j
   1.19401124e-02+2.11261801e-02j  2.20907897e-03-6.82676061e-04j
  -2.37683637e-02-4.53671407e-02j -2.46471153e-02-5.31946624e-02j]
 [-9.91330255e-04+1.42306773e-03j  4.51151277e-02+7.19639161e-02j
  -4.41295242e-04+7.56988610e-03j -4.47367479e-03-7.40472586e-03j
   3.76386058e-03+4.19812544e-04j -7.52527365e-03-1.10147751e-02j
  -1.73488175e-04-1.22917259e-03j  5.05557840e-03+5.93730439e-03j
   1.53750608e-02+2.53955706e-02j  4.62340037e-01+8.74968761e-01j
  -1.26410441e-02+8.68678388e-02j -1.10055551e-02-4.20532135e-02j
   2.31015190e-03-3.73314946e-03j -2.30124747e-02-4.48873448e-02j
   5.99816365e-04-4.19378701e-03j  9.92204401e-04-2.79032276e-03j]
 [ 4.01453710e-02+6.26390406e-02j  9.66211822e-03+1.64926635e-02j
  -4.02938345e-03-3.30179891e-03j  2.11657570e-02+3.47458510e-02j
  -7.57470276e-03-1.08145298e-02j -1.72360044e-02-3.16729670e-02j
   3.05718827e-03+1.11814212e-03j -3.12510142e-03-3.78133782e-03j
   4.12729839e-01+7.62576310e-01j  2.96713421e-03-1.10154913e-02j
  -2.15527278e-02-2.67051905e-02j  2.16741514e-01+4.29181157e-01j
  -2.13109991e-02-4.05797381e-02j -2.67667816e-02-5.64603698e-02j
  -9.17137561e-04-9.01890817e-03j -1.00844297e-02-1.92085970e-02j]
 [ 6.92722810e-02+1.26892587e-01j -1.30609400e-02-1.90484383e-02j
   4.83534671e-03+7.45440237e-03j -1.18806839e-01-2.32254638e-01j
  -1.25105751e-01-2.26181104e-01j  1.42146737e-02+1.85911043e-02j
   5.14052628e-03+5.78093629e-03j  2.15136246e-01+4.15448740e-01j
  -1.50596185e-02-2.90049603e-02j -3.78502318e-03-2.56652474e-04j
   3.62376852e-02+6.53380598e-02j  2.72562097e-02+5.82414692e-02j
  -1.78174423e-01-3.34760002e-01j  2.37961745e-02+3.41122648e-02j
   3.21182082e-03+1.72602192e-03j  3.04834711e-01+6.12253519e-01j]
 [-6.00514949e-03-1.61995121e-02j  2.37459607e-02+1.21733226e-02j
  -1.37860590e-01-2.64074793e-01j -1.11471490e-03-9.17717279e-04j
   1.53172389e-03+1.27601079e-02j -4.23934121e-02-2.08885381e-02j
   2.49708485e-01+4.72003791e-01j  3.12385967e-03+7.25261547e-03j
  -1.21229365e-03+6.17131609e-03j -5.49039698e-03-3.42542560e-03j
   3.12288992e-02+6.53578011e-02j  4.52433534e-03-3.03317660e-03j
   5.63059901e-03+2.58310219e-02j -6.17296344e-02-3.18642642e-02j
   3.54403913e-01+6.97189164e-01j  4.31243433e-03+8.19092775e-03j]
 [ 3.35113800e-03+3.91041770e-03j -1.35530464e-01-2.63806164e-01j
   3.58308003e-03-2.65708309e-02j  3.30774277e-03+1.27799551e-02j
   1.04081554e-02+1.77268198e-02j  2.45949968e-01+4.72510862e-01j
  -6.98373130e-03+4.69643180e-02j -7.18336379e-03-2.49032174e-02j
   3.29798527e-02+5.86328296e-02j  3.10248099e-02+6.49532245e-02j
  -2.86950143e-03+4.30310920e-03j  1.52099280e-02+2.90467270e-02j
   9.55748569e-03+1.67808552e-02j  3.48623657e-01+6.96593865e-01j
  -1.15436471e-02+6.79634891e-02j -8.86321717e-03-3.48926849e-02j]
 [-1.21563703e-01-2.30916669e-01j  1.16901784e-03+7.20456843e-03j
   4.03362804e-03+3.34228551e-03j -6.38479196e-02-1.30082210e-01j
   2.20949164e-01+4.14038604e-01j  4.26261337e-03+5.90579848e-04j
  -1.33387216e-02-1.73527335e-02j  1.15843214e-01+2.32667921e-01j
   2.76964085e-02+5.70749674e-02j  4.71096134e-03-5.54286187e-03j
   4.61639620e-04-1.50918453e-03j  1.41005359e-02+3.23625145e-02j
   3.13408992e-01+6.11019033e-01j  3.99364198e-03-4.97677526e-03j
  -1.66134044e-02-2.09133550e-02j  1.63977404e-01+3.43489004e-01j]]

********* Summary *****************
Final fidelity error 0.24127988289232905
Final objective value 0.30103896354743237
Final penalized error 0.059759085146493134
Final gradient 0.041854160497318646
Number of iterations 1849
Terminated due to function converged
Completed in 0:02:48.940700 HH:MM:SS.US
Computational time 168.940699583
total tv norm 96.71263601573276
total l2 norm 59.759085146493135
