Final evolution
[[ 4.01677928e-01+1.23824882e-01j -1.55035894e-03-3.45986109e-03j
  -2.20458963e-03-1.21912775e-03j ...  6.05274984e-07-4.19319770e-06j
   2.75264634e-06-2.20238045e-06j  2.10184369e-07+8.90680260e-07j]
 [-1.47206441e-03-3.51185072e-03j  1.60395910e-01+3.75068398e-02j
   1.36792446e-01-3.96273065e-01j ... -4.89248019e-07+2.08347510e-06j
   5.45856530e-08+5.93030770e-07j  1.77005939e-06-2.20032307e-06j]
 [-2.02073909e-03-9.84905527e-04j  1.36273652e-01-3.96325061e-01j
  -9.26556842e-02-3.28771041e-02j ...  1.52042016e-07+3.94981475e-07j
  -2.33705862e-07-2.43216155e-06j -3.40711731e-07-7.46141978e-07j]
 ...
 [ 5.77546873e-07-4.13608759e-06j -1.39149669e-06+1.87868552e-06j
  -3.04091115e-08+2.88707338e-07j ... -9.42316171e-02-2.12729812e-02j
   1.26637573e-01-4.00044423e-01j  8.86920522e-04+8.02965404e-04j]
 [ 2.68233802e-06-2.17772463e-06j  1.07750921e-07+5.37371917e-07j
   6.80389357e-07-2.15818818e-06j ...  1.26180314e-01-4.00309706e-01j
   1.54813376e-01+5.67006785e-02j -2.15192550e-03+2.00605587e-03j]
 [ 8.09260345e-08+8.05759066e-07j  1.55530863e-06-2.25556454e-06j
  -6.18624782e-07-8.99059928e-07j ...  1.10272828e-03+9.04930517e-04j
  -1.99216720e-03+1.83582930e-03j  4.07648830e-01+9.89444019e-02j]]

********* Summary *****************
Final fidelity error 0.18495284528918876
Final objective value 0.18495282780260147
Final penalized error 0.0
Final gradient 0.05320930607863348
Number of iterations 2058
Terminated due to Max wall time exceeded
Completed in 2:00:00.416541 HH:MM:SS.US
Computational time 7200.416540791
total tv norm 213.2258922564921
total l2 norm 14457.304430261467
