Final evolution
[[-7.63424986e-04-5.32165538e-04j  1.58435433e-04+9.45371579e-05j
  -1.43742379e-04-1.29490565e-03j ... -9.11934354e-05+6.70465567e-04j
  -1.04960649e-05+9.46331310e-06j -6.55520315e-07+1.14978843e-06j]
 [ 2.04241350e-04+1.16060328e-04j  1.63815932e-04+1.91185140e-04j
   5.69039016e-04+3.31086338e-04j ...  6.30046237e-05-2.72430180e-05j
  -3.07862176e-05+8.36142788e-06j -6.85974636e-06-1.72799741e-05j]
 [-1.54672098e-04-1.20605501e-03j  6.24602701e-04+3.11559408e-04j
   7.67921032e-04+5.98218024e-04j ... -3.01871681e-05-9.25590837e-06j
  -4.35271974e-05+6.66361599e-05j -7.16888099e-05+6.82252821e-04j]
 ...
 [-1.25469763e-04+6.60249131e-04j  6.34454418e-05-2.61080820e-05j
  -2.94171680e-05-9.58554828e-06j ... -4.25809012e-04-9.79889055e-04j
   9.87384302e-04+1.16179568e-03j -2.61530483e-04-1.25975520e-03j]
 [-1.04598764e-05+9.38987924e-06j -3.08247760e-05+7.69840789e-06j
  -4.45205895e-05+6.58682769e-05j ...  1.00315631e-03+1.20600394e-03j
   3.71534260e-04-5.71025898e-05j  1.55196338e-04+2.07113225e-04j]
 [-4.05495373e-07+1.27399779e-06j -6.76215313e-06-1.74017697e-05j
  -1.06838131e-04+6.72054254e-04j ... -2.11653412e-04-1.33235232e-03j
   1.57284120e-04+1.39667367e-04j  4.99688438e-04-4.03307868e-05j]]

********* Summary *****************
Final fidelity error 1.2610108579447221e-05
Final objective value 1.2610052905204228e-05
Final penalized error 0.0
Final gradient 0.0007441163963207213
Number of iterations 1850
Terminated due to function converged
Completed in 1:54:52.899051 HH:MM:SS.US
Computational time 6892.899050583
total tv norm 329.26589096681505
total l2 norm 7149.845809787682
