Final evolution
[[ 1.39968414e-05+9.42488143e-05j -1.87422619e-01-9.82279364e-01j
   3.01685125e-05+2.02918895e-05j -3.17806066e-05+3.15775910e-05j]
 [-1.87430777e-01-9.82277808e-01j -2.16911313e-05-9.27839575e-05j
  -4.13129017e-05-1.76271669e-05j  2.09916238e-05-2.99823908e-05j]
 [ 3.05583932e-05+2.01501120e-05j -4.11703563e-05-1.76574754e-05j
  -1.28861693e-06-4.97484963e-05j -1.87409483e-01-9.82281874e-01j]
 [-3.19237528e-05+3.16024347e-05j  2.05769122e-05-2.99706483e-05j
  -1.87417593e-01-9.82280327e-01j  1.71153106e-05+4.67281864e-05j]]

********* Summary *****************
Final fidelity error 4.591432789524674e-09
Final objective value 4.592412561343906e-09
Final penalized error 0.0
Final gradient 0.00046884727811379707
Number of iterations 90
Terminated due to Goal achieved
Completed in 0:00:00.826550 HH:MM:SS.US
Computational time 0.8265498330000005
total tv norm 20.24098173868639
total l2 norm 82.27799596605014
