Final evolution
[[ 1.94931574e-01+1.18247142e-02j  6.04239458e-02-9.78880881e-01j
   1.45639899e-04-5.10581337e-04j  1.91775055e-04+1.64494289e-03j]
 [ 6.04486496e-02-9.78879358e-01j  1.94905719e-01+1.22453779e-02j
  -1.10751665e-04-1.68281920e-03j -7.28950099e-05+3.54305497e-04j]
 [-3.90716210e-05-3.54767374e-04j  3.58895407e-04-1.60101730e-03j
   1.94727358e-01+1.33424805e-02j  6.05017867e-02-9.78897313e-01j]
 [-3.50742833e-04+1.66452655e-03j  7.10973657e-05+5.30413742e-04j
   6.03883303e-02-9.78904162e-01j  1.94889506e-01+1.07141097e-02j]]

********* Summary *****************
Final fidelity error 0.019245419995028046
Final objective value 0.019245394490403744
Final penalized error 0.0
Final gradient 0.03255460739598711
Number of iterations 977
Terminated due to function converged
Completed in 0:00:35.464668 HH:MM:SS.US
Computational time 35.464668417000006
total tv norm 44.570345323684705
total l2 norm 1033.4813942583007
