Final evolution
[[-4.30016993e-03-3.06640088e-04j -1.64111542e-04+3.83145798e-04j
  -8.43200238e-04-3.53849131e-03j -9.97667137e-01-6.69685027e-02j
   4.48128404e-05+4.83911796e-06j -1.74049093e-04+8.08211290e-05j
   4.88762199e-05-1.49207540e-03j  1.14388769e-02+2.97295140e-04j
   7.75544977e-07+1.06735999e-08j  3.24390653e-07-3.00547971e-07j
  -1.09464252e-05-8.75094660e-08j  1.78986552e-04+4.00048441e-06j
   1.36409890e-05+2.24212096e-06j  6.56106367e-07-1.19041409e-06j
   1.63516288e-06+1.17226571e-05j  3.16535621e-03+5.07113920e-04j]
 [-9.01693644e-05-1.71975953e-04j -2.15155012e-04-1.03732886e-04j
  -9.97652721e-01-6.69561082e-02j  1.22589787e-03-3.38286648e-03j
   1.46090069e-04-8.52872174e-05j -4.28877205e-06+4.14646390e-06j
   1.14385193e-02+3.08061765e-04j -7.17826818e-03-2.94243371e-04j
  -2.52594722e-07+3.02572651e-07j  5.19104639e-08+1.03555497e-08j
   1.79010252e-04+3.97577853e-06j  6.88383794e-06+1.05418769e-05j
   2.23060342e-07+5.90436599e-07j  6.57313740e-07+3.96428067e-07j
   3.16537924e-03+5.07082399e-04j -3.67548014e-06+1.02754144e-05j]
 [-2.27003623e-02+2.54506003e-03j -9.97455795e-01-6.64572827e-02j
   2.28214621e-04-7.85004052e-05j  2.06949903e-04+3.91740818e-04j
   2.95084574e-04-1.57049424e-03j  1.14162063e-02+3.21797630e-04j
  -3.17248186e-06+2.15032858e-06j -4.74274101e-05+1.71588095e-04j
  -7.08265156e-06-1.34645283e-06j  1.79166549e-04+4.01071167e-06j
  -4.06118102e-08+1.35138495e-08j -2.02704000e-08-4.42378738e-07j
   7.32027192e-05-1.27314147e-06j  3.16483473e-03+5.05416358e-04j
  -7.50488812e-07+1.81340898e-07j -5.47188534e-07-1.33465850e-06j]
 [-9.97425579e-01-6.64253109e-02j  2.20797345e-02+5.54203639e-03j
   1.12747361e-04-1.43281593e-04j  4.30244662e-03+2.60402426e-04j
   1.12875375e-02+3.51172617e-04j -7.41832377e-03-3.83704765e-04j
   4.51575321e-05-1.68271197e-04j -4.83611221e-05+2.23698136e-06j
   1.79202503e-04+4.04076180e-06j  3.08367706e-06+9.10761719e-06j
   6.58049307e-09+4.01701455e-07j -7.72509124e-07-1.92790642e-08j
   3.16483404e-03+5.05307902e-04j -6.76289107e-05-2.43495139e-05j
  -4.00578421e-07+4.46854667e-07j -1.36573063e-05-2.09503484e-06j]
 [-4.61584409e-05-3.88165755e-08j  2.12712096e-05+1.78781074e-04j
   7.13735835e-03+5.85873785e-04j -1.13793461e-02-1.21157025e-03j
  -4.30160549e-03-3.06257336e-04j -1.61966812e-04+3.77796239e-04j
  -8.43445887e-04-3.54981720e-03j -9.97645420e-01-6.69996508e-02j
  -3.28946817e-07+2.17751565e-06j  1.79872475e-07+7.41829346e-08j
  -3.14419820e-06+2.83970727e-07j -7.46149194e-05+5.05471082e-04j
   8.89931464e-07-1.35707564e-07j -2.69004475e-07-3.25637191e-07j
  -1.19626001e-05-2.77750927e-06j  2.08564553e-04-3.09621535e-05j]
 [-2.20380104e-05-1.82264242e-04j -3.15257108e-06+3.41121291e-06j
  -1.13805983e-02-1.20044295e-03j  1.83180520e-04-1.56090739e-03j
  -9.22901046e-05-1.66725061e-04j -2.15385461e-04-1.05348694e-04j
  -9.97680017e-01-6.69902620e-02j  1.22789176e-03-3.39392208e-03j
  -8.28124434e-08+6.48387008e-08j -6.27624213e-08+1.06657137e-07j
  -7.45568790e-05+5.05516749e-04j -1.63578210e-06-5.31896346e-07j
   2.72785831e-07+2.62320306e-07j  4.14968797e-08+7.30160105e-09j
   2.08556329e-04-3.09761965e-05j -8.63469103e-06-7.20308894e-07j]
 [ 6.88374796e-03+6.42138821e-04j -1.15174963e-02-1.27393007e-03j
   3.12619686e-06+1.96821519e-07j  1.34339504e-04+1.10338727e-04j
  -2.27004412e-02+2.53288235e-03j -9.97434174e-01-6.64882301e-02j
   2.27718834e-04-7.70128800e-05j  2.05563446e-04+3.86212944e-04j
  -9.32474008e-07+1.16651463e-05j -7.43193948e-05+5.05394601e-04j
  -2.91588920e-08-1.21093594e-07j  1.84668627e-07-1.00107028e-07j
  -7.73230554e-06-5.00350488e-06j  2.08719008e-04-3.08871432e-05j
  -4.37602512e-08+2.55747774e-08j -3.83047916e-07-4.28545855e-08j]
 [-1.13940614e-02-1.22693650e-03j  4.16662263e-04-1.45001808e-03j
  -1.61514914e-04-1.09492584e-04j  5.00786995e-05+5.70522250e-06j
  -9.97452929e-01-6.64596547e-02j  2.20819868e-02+5.53194710e-03j
   1.14124504e-04-1.37704875e-04j  4.30111589e-03+2.59733296e-04j
  -7.42732951e-05+5.05426639e-04j  3.75653608e-06-1.07935343e-05j
  -3.95230060e-08-5.27150971e-08j  3.07667699e-07-2.17900478e-06j
   2.08308258e-04-3.10468774e-05j -1.33286883e-05-1.61833569e-06j
   3.61177577e-07+2.01275299e-08j -8.98314573e-07+1.43376042e-07j]
 [-6.20643802e-07-7.39567975e-08j -3.99240050e-07-1.00684705e-08j
  -8.74844808e-06-1.85070022e-07j -1.41442842e-04-1.64450603e-05j
   3.68132946e-08+2.20516976e-06j  1.64229635e-07+7.97045054e-08j
  -1.74770814e-06+2.80379034e-07j  1.05353693e-05+5.11639223e-04j
  -4.30034181e-03-3.04526567e-04j -1.63923941e-04+3.83228463e-04j
  -8.44942657e-04-3.53809349e-03j -9.97704959e-01-6.64781328e-02j
   4.48143103e-05+4.81532120e-06j -1.74009087e-04+8.09076349e-05j
   4.81713436e-05-1.49211230e-03j  1.14388061e-02+2.91257320e-04j]
 [ 3.05095839e-07+4.51278125e-08j -4.02388270e-08-1.63439011e-08j
  -1.41455901e-04-1.64338545e-05j -1.24521739e-05+1.32960749e-06j
  -5.02898922e-08+3.90977013e-08j -4.39367411e-08+1.16625473e-07j
   1.05993248e-05+5.11609552e-04j -2.96780007e-06-7.88008273e-07j
  -9.02543464e-05-1.71932528e-04j -2.15207088e-04-1.03627577e-04j
  -9.97690538e-01-6.64657454e-02j  1.22424017e-03-3.38348856e-03j
   1.46047732e-04-8.53600192e-05j -4.28674011e-06+4.14848630e-06j
   1.14384538e-02+3.02024170e-04j -7.17841013e-03-2.90712686e-04j]
 [-1.18982083e-05+5.34612457e-07j -1.41244179e-04-1.63192252e-05j
   3.21932185e-08-1.05641015e-08j -2.48299922e-07+2.54544021e-07j
   2.33253829e-06+1.11516218e-05j  1.07825895e-05+5.11514595e-04j
  -5.04354697e-08-1.14633209e-07j  1.74784011e-07-8.76279422e-08j
  -2.26992195e-02+2.55623797e-03j -9.97493365e-01-6.59670143e-02j
   2.28177126e-04-7.86130294e-05j  2.07143610e-04+3.91641040e-04j
   2.94333373e-04-1.57065942e-03j  1.14161468e-02+3.15771218e-04j
  -3.17133709e-06+2.15196922e-06j -4.73422088e-05+1.71611903e-04j]
 [-1.41668843e-04-1.62165115e-05j -9.54164726e-06+2.74887580e-06j
   3.31981658e-07-2.20218019e-07j  6.12284285e-07+7.13534687e-08j
   1.08331846e-05+5.11472613e-04j  6.47440200e-07-1.18189621e-05j
  -6.22116610e-08-8.51788585e-08j -5.79957813e-08-2.20373375e-06j
  -9.97463133e-01-6.59350572e-02j  2.20825685e-02+5.53120115e-03j
   1.12677413e-04-1.43337841e-04j  4.30259576e-03+2.58287559e-04j
   1.12874931e-02+3.45209493e-04j -7.41850818e-03-3.80045571e-04j
   4.50738220e-05-1.68293650e-04j -4.83590722e-05+2.26253504e-06j]
 [-1.38368192e-05+2.89008787e-07j -4.02848565e-07+1.29515640e-06j
  -2.48606113e-06-1.08370207e-05j -3.20858404e-03+7.99838943e-05j
  -7.14967986e-07-2.29102563e-07j -1.19116904e-07+4.25220921e-07j
   8.34630401e-06-9.53560572e-06j -1.66072905e-04-5.49751762e-05j
  -4.61577205e-05-1.71911143e-08j  2.13601146e-05+1.78770354e-04j
   7.13764696e-03+5.82363253e-04j -1.13797771e-02-1.20622128e-03j
  -4.30173405e-03-3.04140010e-04j -1.61780154e-04+3.77873834e-04j
  -8.45187934e-04-3.54938137e-03j -9.97673253e-01-6.65086131e-02j]
 [-3.46845881e-07-5.46791896e-07j -7.18951433e-07-2.70164491e-07j
  -3.20862613e-03+8.00190258e-05j  3.05369635e-06-1.15533011e-05j
   2.14351633e-08-4.05353360e-07j -3.99074854e-08-1.51683323e-08j
  -1.66055967e-04-5.49483195e-05j -1.07653691e-05-1.29388268e-06j
  -2.21285339e-05-1.82253173e-04j -3.15079912e-06+3.41271625e-06j
  -1.13810238e-02-1.19509341e-03j  1.82439453e-04-1.56098098e-03j
  -9.23716339e-05-1.66678681e-04j -2.15436171e-04-1.05242225e-04j
  -9.97707845e-01-6.64992074e-02j  1.22621796e-03-3.39450816e-03j]
 [-7.05553785e-05+1.50489173e-05j -3.20778142e-03+8.15414194e-05j
   7.05624179e-07-3.15774757e-07j  7.99253325e-07+1.20096471e-06j
   4.37225759e-06-9.46154940e-06j -1.66315425e-04-5.47539848e-05j
   4.16675224e-08+1.46581458e-09j  2.49674177e-07+3.80519001e-07j
   6.88406591e-03+6.38746472e-04j -1.15179581e-02-1.26851316e-03j
   3.12628088e-06+1.95352119e-07j  1.34394152e-04+1.10271816e-04j
  -2.26990793e-02+2.54403735e-03j -9.97461755e-01-6.59972991e-02j
   2.27679785e-04-7.71244818e-05j  2.05752268e-04+3.86109750e-04j]
 [-3.20774522e-03+8.16395825e-05j  7.23408324e-05+1.08279672e-05j
   2.90414052e-07-5.01880372e-07j  1.38265398e-05-4.36902082e-07j
  -1.66273808e-04-5.47788259e-05j -7.62029216e-06+1.13361234e-06j
  -2.39517975e-07-2.86720653e-07j  7.19540275e-07+2.37019760e-07j
  -1.13944994e-02-1.22158021e-03j  4.15970340e-04-1.45020247e-03j
  -1.61569263e-04-1.09412260e-04j  5.00807994e-05+5.68164677e-06j
  -9.97480497e-01-6.59687145e-02j  2.20845962e-02+5.52105808e-03j
   1.14056270e-04-1.37760208e-04j  4.30122156e-03+2.57616448e-04j]]

********* Summary *****************
Final fidelity error 0.0014017549323639411
Final objective value 0.004728677679150119
Final penalized error 0.003326922609756568
Final gradient 0.0022351405714086045
Number of iterations 1896
Terminated due to function converged
Completed in 0:03:54.333437 HH:MM:SS.US
Computational time 234.33343725
total tv norm 185.7420044414854
total l2 norm 332.6922609756568
