Final evolution
[[ 8.14425737e-01+2.25355174e-01j  3.27946281e-01+9.68212981e-02j
   3.27859162e-02+1.32126343e-02j  1.62489879e-01+4.59519214e-02j
   1.56776934e-01+4.62788191e-02j  6.31095647e-02+1.98105797e-02j
   6.29760239e-03+2.66388009e-03j  3.12760245e-02+9.42483366e-03j
  -8.69161643e-02-2.55496908e-02j -3.49882947e-02-1.09395716e-02j
  -3.49185720e-03-1.47239137e-03j -1.73393558e-02-5.20368792e-03j
  -2.71927057e-01-8.14733809e-02j -1.09454177e-01-3.48480609e-02j
  -1.09174058e-02-4.67047900e-03j -5.42463994e-02-1.65877171e-02j]
 [-7.88847677e-02-2.34308887e-03j  2.76374661e-01+2.62283573e-02j
  -8.46252010e-01-2.47101620e-01j  1.61383896e-02-3.04835857e-04j
  -1.52497168e-02-7.13918503e-04j  5.33681882e-02+5.98642313e-03j
  -1.62860721e-01-5.05900907e-02j  3.12240678e-03-5.61885588e-06j
   8.45197098e-03+3.86085945e-04j -2.95808622e-02-3.28422211e-03j
   9.02905576e-02+2.79352148e-02j -1.73046087e-03+5.07426260e-06j
   2.64771329e-02+1.34745141e-03j -9.26352293e-02-1.07726825e-02j
   2.82461525e-01+8.90031578e-02j -5.42231216e-03-1.22908022e-05j]
 [ 3.33898129e-01+9.36642598e-02j -7.77642481e-01-2.28682184e-01j
  -2.54259906e-01-1.32858068e-01j -3.24229057e-02-1.12453788e-02j
   6.42711733e-02+1.92196347e-02j -1.49651521e-01-4.68007347e-02j
  -4.87384390e-02-2.65370658e-02j -6.23389307e-03-2.28218443e-03j
  -3.56316970e-02-1.06113356e-02j  8.29675274e-02+2.58434142e-02j
   2.70279175e-02+1.46764697e-02j  3.45630932e-03+1.26089239e-03j
  -1.11475563e-01-3.38300471e-02j  2.59549605e-01+8.23294081e-02j
   8.44502390e-02+4.64275840e-02j  1.08094655e-02+4.00718857e-03j]
 [ 1.35668420e-01+4.23318557e-02j  9.42493311e-02+2.93441652e-02j
   2.89621785e-03-1.57256251e-03j -8.69798035e-01-2.72506857e-01j
   2.61003294e-02+8.63600965e-03j  1.81322025e-02+5.98710249e-03j
   5.65368304e-04-2.94583838e-04j -1.67330895e-01-5.55816577e-02j
  -1.44704463e-02-4.76976425e-03j -1.00527796e-02-3.30671974e-03j
  -3.13146984e-04+1.63615807e-04j  9.27710997e-02+3.06987773e-02j
  -4.52640218e-02-1.51813231e-02j -3.14455303e-02-1.05250495e-02j
  -9.83880800e-04+5.07572692e-04j  2.90189040e-01+9.77029199e-02j]
 [ 1.99745891e-01+5.57509376e-02j  8.04287086e-02+2.39407261e-02j
   8.03879856e-03+3.26049388e-03j  3.98516920e-02+1.13661506e-02j
  -8.39923358e-01-2.49226201e-01j -3.38096901e-01-1.06655998e-01j
  -3.37329480e-02-1.43252044e-02j -1.67558036e-01-5.07507990e-02j
  -4.71789908e-02-1.49617858e-02j -1.89844306e-02-6.38038959e-03j
  -1.89025369e-03-8.44664072e-04j -9.41074659e-03-3.04305658e-03j
   1.22918060e-01+3.78724081e-02j  4.94688797e-02+1.61747511e-02j
   4.93001782e-03+2.15458313e-03j  2.45195956e-02+7.70676320e-03j]
 [-1.93579374e-02-6.18240280e-04j  6.78111219e-02+6.58815860e-03j
  -2.07544506e-01-6.11052004e-02j  3.96071177e-03-6.59682565e-05j
   8.17281458e-02+3.94180263e-03j -2.85990914e-01-3.24892539e-02j
   8.72497856e-01+2.72379272e-01j -1.67351330e-02+6.48067527e-06j
   4.61211005e-03+3.08731283e-04j -1.61194423e-02-2.13633498e-03j
   4.89945131e-02+1.63038553e-02j -9.45259629e-04-1.72614046e-05j
  -1.19915567e-02-7.03814568e-04j  4.19333662e-02+5.20736457e-03j
  -1.27664500e-01-4.13211374e-02j  2.45670730e-03+2.46776880e-05j]
 [ 8.18910896e-02+2.31692138e-02j -1.90717037e-01-5.65472709e-02j
  -6.23254885e-02-3.27441887e-02j -7.95078946e-03-2.77750806e-03j
  -3.44327221e-01-1.03497516e-01j  8.01729497e-01+2.51969565e-01j
   2.61021401e-01+1.42599008e-01j  3.33943759e-02+1.22789569e-02j
  -1.93396654e-02-6.20855117e-03j  4.50187921e-02+1.50765092e-02j
   1.45931050e-02+8.32937836e-03j  1.87328542e-03+7.28728969e-04j
   5.03883201e-02+1.57206312e-02j -1.17307046e-01-3.82166386e-02j
  -3.80992440e-02-2.13331043e-02j -4.88344956e-03-1.85367795e-03j]
 [ 3.32713837e-02+1.04630502e-02j  2.31137830e-02+7.25303014e-03j
   7.11626450e-04-3.84337978e-04j -2.13309050e-01-6.73528357e-02j
  -1.39823955e-01-4.64837809e-02j -9.71374220e-02-3.22261817e-02j
  -3.03242105e-03+1.57459462e-03j  8.96418760e-01+2.99166293e-01j
  -7.84873325e-03-2.77282915e-03j -5.45268180e-03-1.92255264e-03j
  -1.72939205e-04+8.57439331e-05j  5.03174254e-02+1.78420666e-02j
   2.04548006e-02+7.03789668e-03j  1.42103038e-02+4.87952593e-03j
   4.47567176e-04-2.26504590e-04j -1.31135036e-01-4.52900735e-02j]
 [ 1.32544338e-01+3.77609842e-02j  5.33643449e-02+1.61963914e-02j
   5.33064320e-03+2.19541233e-03j  2.64433135e-02+7.69536982e-03j
   4.78003770e-04+1.19813012e-03j  1.85090959e-04+4.88064213e-04j
   1.42091794e-05+5.20555388e-05j  9.41649493e-05+2.39958834e-04j
   8.53513602e-01+2.57230983e-01j  3.43539892e-01+1.09988846e-01j
   3.42599997e-02+1.47220892e-02j  1.70264695e-01+5.23657213e-02j
   1.20408865e-01+3.79119254e-02j  4.84534114e-02+1.61733477e-02j
   4.82554096e-03+2.14437586e-03j  2.40181456e-02+7.71182589e-03j]
 [-1.28622821e-02-4.79783216e-04j  4.50410053e-02+4.61966724e-03j
  -1.37707911e-01-4.13469734e-02j  2.63235989e-03-2.97371671e-05j
  -6.99857711e-05-9.80599729e-05j  2.23291589e-04+3.60192626e-04j
  -4.80952748e-04-1.25689832e-03j  1.52711196e-05+1.93372476e-05j
  -8.31388092e-02-4.36590300e-03j  2.90845980e-01+3.42999220e-02j
  -8.86556544e-01-2.80930127e-01j  1.70275251e-02+6.61464680e-05j
  -1.17648254e-02-7.63160838e-04j  4.11239263e-02+5.36394237e-03j
  -1.25046420e-01-4.13253284e-02j  2.41097851e-03+3.90532856e-05j]
 [ 5.43389297e-02+1.56888833e-02j -1.26541301e-01-3.82580459e-02j
  -4.13023487e-02-2.19823493e-02j -5.27387573e-03-1.87412659e-03j
   1.94424156e-04+4.92384715e-04j -4.39997365e-04-1.15648622e-03j
  -7.32482157e-05-4.31759740e-04j -1.62655150e-05-4.97978802e-05j
   3.49892784e-01+1.06802266e-01j -8.14640568e-01-2.59856262e-01j
  -2.64961648e-01-1.46224770e-01j -3.39244068e-02-1.26386220e-02j
   4.93585353e-02+1.57332048e-02j -1.14899875e-01-3.82158903e-02j
  -3.72635731e-02-2.11673478e-02j -4.78165354e-03-1.84877226e-03j]
 [ 2.20735287e-02+7.07177671e-03j  1.53346376e-02+4.90236293e-03j
   4.74285949e-04-2.52881269e-04j -1.41516542e-01-4.55194184e-02j
   7.38014953e-05+2.04010814e-04j  5.13478702e-05+1.41668013e-04j
   4.58576478e-06+2.06885555e-06j -4.71808763e-04-1.30897875e-03j
   1.42064645e-01+4.79036100e-02j  9.86943467e-02+3.32113897e-02j
   3.09224175e-03-1.58892229e-03j -9.10778915e-01-3.08289093e-01j
   2.00328042e-02+7.03082599e-03j  1.39171949e-02+4.87479605e-03j
   4.40630993e-04-2.19599822e-04j -1.28428603e-01-4.52415829e-02j]
 [-2.21585479e-01-6.64046106e-02j -8.91909386e-02-2.84024661e-02j
  -8.89621009e-03-3.80643291e-03j -4.42038029e-02-1.35197102e-02j
  -1.79342792e-01-5.57963425e-02j -7.21735104e-02-2.38176792e-02j
  -7.19056550e-03-3.16602690e-03j -3.57745469e-02-1.13521800e-02j
   1.48885514e-01+4.59058994e-02j  5.99193624e-02+1.96050035e-02j
   5.97137064e-03+2.61111291e-03j  2.96995255e-02+9.34140140e-03j
  -8.05870583e-01-2.59028963e-01j -3.24251555e-01-1.10386069e-01j
  -3.22713111e-02-1.45718237e-02j -1.60742294e-01-5.26711974e-02j]
 [ 2.15757665e-02+1.09929747e-03j -7.54865844e-02-8.78297700e-03j
   2.30169501e-01+7.25410254e-02j -4.41856294e-03-1.02774957e-05j
   1.75081773e-02+1.07577552e-03j -6.12134838e-02-7.77208592e-03j
   1.86260100e-01+6.08514463e-02j -3.58737451e-03-4.58723142e-05j
  -1.45255972e-02-8.55461319e-04j  5.07940058e-02+6.31801970e-03j
  -1.54634197e-01-5.00846097e-02j  2.97588453e-03+3.04885634e-05j
   7.88570581e-02+5.58776540e-03j -2.75536879e-01-3.76118300e-02j
   8.36830626e-01+2.82102573e-01j -1.61649556e-02-3.58283978e-04j]
 [-9.08381854e-02-2.75729990e-02j  2.11499232e-01+6.71015769e-02j
   6.88150324e-02+3.78372438e-02j  8.80828314e-03+3.26592194e-03j
  -7.35179664e-02-2.31582196e-02j  1.71147778e-01+5.62765493e-02j
   5.55500395e-02+3.13047828e-02j  7.12376769e-03+2.72643552e-03j
   6.10332210e-02+1.90551361e-02j -1.42088624e-01-4.63215167e-02j
  -4.61456973e-02-2.58507300e-02j -5.91503393e-03-2.24660526e-03j
  -3.30338353e-01-1.07470942e-01j  7.68918577e-01+2.60846854e-01j
   2.49019768e-01+1.43425226e-01j  3.19888509e-02+1.25879354e-02j]
 [-3.68842616e-02-1.23732263e-02j -2.56239982e-02-8.57822899e-03j
  -8.01774710e-04+4.13566103e-04j  2.36466121e-01+7.96307086e-02j
  -2.98414981e-02-1.03591751e-02j -2.07314442e-02-7.18235435e-03j
  -6.54478948e-04+3.28967508e-04j  1.91312155e-01+6.66610879e-02j
   2.47758676e-02+8.53019577e-03j  1.72122262e-02+5.91417608e-03j
   5.42207789e-04-2.74263955e-04j -1.58837210e-01-5.48931543e-02j
  -1.34046315e-01-4.79454600e-02j -9.31250772e-02-3.32439004e-02j
  -2.96337845e-03+1.45487817e-03j  8.59352820e-01+3.08497789e-01j]]

********* Summary *****************
Final fidelity error 0.31110602421349043
Final objective value 0.3116116819342101
Final penalized error 0.0005056668748823484
Final gradient 0.11738418767071251
Number of iterations 349
Terminated due to function converged
Completed in 0:00:41.987218 HH:MM:SS.US
Computational time 41.987217791
total tv norm 70.63185850065354
total l2 norm 0.0005056668748823484
