Final evolution
[[-4.15494051e-03-3.17642616e-03j -1.31470853e-03-9.41603023e-04j
   1.32040926e-03+2.22993733e-04j -9.10838221e-01-4.11861101e-01j
   6.07963712e-03+1.20943055e-03j -8.66500383e-04-2.30687591e-04j
   2.61690448e-05+4.52948416e-04j  2.31841850e-02+1.02738776e-02j
  -5.54507648e-04+9.76037250e-04j  6.75086980e-04+3.93710901e-04j
   2.26999403e-04+7.02500922e-04j  8.35422993e-04+7.27421402e-04j
  -5.89637222e-05-5.19235581e-05j -6.42041225e-04+8.43128372e-04j
   2.00678246e-04-8.27574044e-05j  4.63348492e-03+1.90410680e-03j]
 [ 1.82763869e-04-4.93662403e-04j  2.62824192e-04+7.85669447e-04j
  -9.11109278e-01-4.11248023e-01j -1.20118173e-03-9.60807757e-04j
   8.06227061e-04-2.28324131e-03j -4.60242340e-03+3.88499580e-03j
   2.25754069e-02+1.01638130e-02j -7.33855148e-03-3.71287472e-03j
   2.41863794e-04+3.53669720e-04j  8.56772067e-04-8.26905096e-04j
   1.33747075e-03+1.16226289e-03j  6.03165565e-04+3.83896571e-04j
  -6.68660819e-04+8.34692863e-04j -5.22840015e-05+2.14392939e-05j
   4.32991378e-03+1.92206651e-03j  7.15568190e-05-2.00002600e-04j]
 [-2.30889651e-02-9.23940231e-03j -9.10563634e-01-4.11785510e-01j
  -7.88348148e-04+5.04909535e-06j  1.65598692e-03+4.03659683e-04j
   2.46889404e-04-1.14238891e-04j  2.24834391e-02+1.06560848e-02j
  -1.46622118e-03-5.76829365e-03j -1.18641339e-03+1.34377282e-03j
  -6.05308141e-04-1.63385816e-04j -6.66368429e-04-3.85258167e-04j
  -9.23321017e-04-2.97723562e-04j -3.86822514e-04-3.22806045e-04j
   1.34098772e-04+7.33078949e-04j  4.38997865e-03+1.92555933e-03j
   1.03901113e-04-4.11037560e-06j  8.31656823e-04+6.19203176e-04j]
 [-9.10485666e-01-4.11831277e-01j  2.19823570e-02+1.11414136e-02j
   1.71187727e-04-3.86335639e-04j  5.35864270e-03+1.17179598e-03j
   2.27493706e-02+9.73514762e-03j -8.88918031e-03-3.81602333e-03j
  -9.07753144e-04-2.06625917e-04j  5.44915680e-03+2.53541045e-03j
  -6.05873983e-04+2.32758680e-04j -1.76101501e-04+5.60678457e-05j
  -2.00919319e-04-7.50506721e-04j  1.54348243e-03+7.32201157e-04j
   4.62481320e-03+1.92369547e-03j  4.20721523e-04+2.65293946e-04j
   8.36413182e-04+5.61187522e-04j -1.31097343e-04-9.50468424e-05j]
 [-5.73695436e-03-2.45371387e-03j -1.29479074e-04+1.78676811e-03j
   7.68666285e-03+3.01482091e-03j -2.30239340e-02-1.05821025e-02j
  -4.74029116e-03-1.14687798e-03j -6.14689981e-04-1.47362970e-03j
   7.79291719e-05-1.10733147e-03j -9.11562293e-01-4.10205201e-01j
   7.60918432e-05+8.24445301e-05j  6.38758567e-04-7.66596695e-04j
  -3.38193576e-04+2.66887201e-04j -1.61287914e-04-3.48973456e-05j
  -5.64540961e-04+1.18815912e-03j  4.73767427e-04+3.76179622e-04j
   5.03220362e-04+1.71761110e-04j  1.48692263e-03+3.17751926e-04j]
 [ 8.95454977e-04+4.67412218e-04j  5.26789606e-03-2.74748707e-03j
  -2.25660483e-02-1.01703127e-02j -3.79724515e-04+2.40922273e-04j
  -8.59235028e-05-2.43807200e-05j -7.82867515e-04-1.04601017e-03j
  -9.11598400e-01-4.10280219e-01j  6.02144522e-04-9.05637238e-04j
   6.17164164e-04-8.37635310e-04j  2.03825933e-05-1.90527220e-05j
   9.06809243e-05+7.55819000e-06j  8.90502784e-06+3.41683189e-04j
   1.16530930e-04+1.26072758e-04j  5.80276931e-04-1.02351719e-03j
   1.76113129e-03+7.26021741e-04j  3.78348952e-04-1.52717638e-04j]
 [ 7.57309332e-03+3.64358635e-03j -2.30514494e-02-9.91997014e-03j
   1.57587977e-04+5.96784004e-03j  6.43921189e-04+3.94458097e-04j
  -2.41838878e-02-1.06234729e-02j -9.11085673e-01-4.10464060e-01j
   1.26917681e-03-3.94344122e-04j  1.51945678e-03-3.93970948e-04j
  -6.70774426e-05-3.95082156e-04j  7.88200375e-05-8.37515483e-05j
  -7.48335655e-05+1.76465859e-05j -8.41153895e-04-5.58718297e-04j
  -4.69645888e-04-7.75327800e-04j -5.95951532e-05-8.33351315e-04j
  -7.36620000e-04-3.32123280e-04j -4.49681765e-04-1.23786230e-04j]
 [-2.25429961e-02-1.07426507e-02j  1.06097228e-03+2.77750330e-04j
   1.15166010e-03-2.30399479e-03j -4.70451680e-03-3.66544156e-03j
  -9.11003004e-01-4.10718763e-01j  2.37489926e-02+1.09821470e-02j
  -1.10584695e-05+1.10343651e-04j  4.23131577e-03+2.94554430e-03j
  -2.46328746e-04+4.86567344e-06j -3.26678329e-04-1.90386404e-04j
  -7.53793306e-04-6.02277786e-04j  6.64533674e-05+9.31950842e-05j
  -2.19190631e-04-1.23306548e-04j -5.90898644e-04-3.97643695e-04j
  -3.66841024e-04-6.19518019e-04j  1.47753550e-03+9.96152931e-04j]
 [-1.54425452e-03-6.67033701e-04j  5.60000779e-04+1.07146049e-04j
  -6.97632321e-04-2.05907496e-04j -1.08815117e-03-1.35635617e-04j
  -4.11449561e-05+2.97030059e-05j  9.42236900e-04+2.54567724e-04j
  -2.46438683e-04+2.22265706e-04j  1.64718747e-04+9.56119129e-05j
  -3.96387123e-03-2.68013204e-03j -1.03688243e-03-2.06043294e-06j
  -4.76132695e-04+1.62935019e-03j -9.11576403e-01-4.11043339e-01j
   5.59752127e-03+9.94437463e-04j -9.83968657e-04+2.35295763e-03j
  -3.05626907e-04-2.06494786e-04j  1.71948590e-04+6.29236516e-05j]
 [ 7.36517112e-04-3.21670329e-04j  7.85013397e-04+5.20530253e-04j
  -1.75789770e-03-2.36049386e-04j -7.12611636e-04+2.93227061e-04j
   9.25070037e-04+1.62618712e-04j -5.95929474e-06+5.26378246e-05j
  -2.87097986e-05-5.91723367e-05j  7.22447942e-06+4.13725649e-04j
   4.65928230e-04+5.77840990e-04j  7.65872331e-04+9.40163227e-04j
  -9.11787812e-01-4.10499846e-01j -8.93729303e-04+1.44763972e-03j
   8.01021122e-04+2.46831248e-04j -4.67914247e-03+4.18119133e-03j
  -3.97256486e-04-3.11720198e-05j -8.13279098e-03-3.90289386e-03j]
 [ 1.06296260e-04+1.81422714e-04j  7.38431632e-04+2.47678390e-04j
   3.44509766e-05-1.20763871e-03j -7.38885680e-04-2.44476293e-04j
   3.74601854e-04+1.13301752e-04j -1.54434031e-05-1.28528301e-04j
   5.88201137e-06-2.90129456e-05j  1.67230519e-04-9.95687988e-04j
  -2.19850923e-02-9.85962002e-03j -9.11642310e-01-4.10220100e-01j
  -1.23379850e-03+5.13444461e-05j  8.04135844e-04+8.10608834e-04j
   2.44019080e-04+2.22815731e-04j -6.90611060e-05+5.50279304e-04j
  -1.26147744e-03-6.11112828e-03j  1.01423817e-03+3.07092812e-04j]
 [ 2.38365230e-04+6.19763265e-04j  4.79865573e-04+3.09270036e-04j
  -4.14693916e-04+5.06533311e-05j -3.24044449e-04+1.08779912e-03j
   1.69613851e-04+1.61872952e-04j  3.23870306e-04-2.18514930e-04j
   2.36368937e-04-1.02428848e-03j -1.10244426e-04-6.24704517e-06j
  -9.11570127e-01-4.10275487e-01j  2.19690355e-02+9.93254008e-03j
  -7.58283950e-04+5.59716187e-05j  4.60814316e-03+1.19045813e-03j
   1.59912381e-05-5.12858073e-04j -7.51478297e-03-3.57358940e-03j
   1.29252982e-03-1.19067329e-03j  5.17064634e-03+2.55351324e-03j]
 [ 2.88930145e-05-3.04030058e-06j -1.01974369e-03-2.13789622e-04j
   1.27613785e-04-1.90187114e-04j -4.52423384e-03-2.24541580e-03j
  -1.69642053e-03-4.39413131e-04j  4.63383659e-04+2.64495295e-04j
  -1.41432355e-04-3.91723467e-04j -1.10268693e-03-8.43803888e-04j
  -5.35675572e-03-2.19968617e-03j -7.73914881e-04-5.13235960e-04j
   8.29549559e-03+3.52408277e-03j -1.47525876e-04-9.82606257e-05j
  -4.62595845e-03-7.86138699e-04j -8.05140828e-04-5.24689289e-04j
  -7.59240328e-04-4.29419830e-04j -9.11092116e-01-4.11994764e-01j]
 [-9.67194739e-04-2.63808564e-04j -1.79499471e-05-6.53952858e-05j
  -4.33280325e-03-1.99670114e-03j -7.28422955e-05-2.16420694e-04j
   7.52283885e-04-1.28314661e-04j  6.86582704e-04+3.50661009e-04j
  -1.60121754e-03-7.92417941e-04j -4.86051576e-04-2.71295595e-04j
   1.79807060e-04-1.82217624e-03j  5.41929069e-03-3.05819905e-03j
   2.85192408e-04+2.77406712e-04j  3.51928283e-04+1.12037531e-04j
  -2.36777073e-04+1.07437776e-03j -4.67568139e-04-8.27989013e-04j
  -9.11028250e-01-4.12254502e-01j  8.24457358e-04+2.99678578e-04j]
 [-6.98989433e-04-2.38490808e-04j -4.32657529e-03-2.02041439e-03j
   2.72228937e-05+6.12255558e-05j -1.97173475e-04+1.04052136e-03j
   7.23489424e-04+1.59953674e-04j  7.68044109e-04-4.65263990e-04j
   3.70705618e-04-1.13224951e-03j -6.05065403e-04-9.48645482e-05j
   7.65149099e-03+3.27279852e-03j -5.60124157e-04+3.34272971e-04j
  -5.50631714e-05+6.25771830e-03j -1.24671127e-03+2.18737164e-03j
  -2.22737919e-02-1.18459743e-02j -9.11067716e-01-4.11308209e-01j
   9.00877617e-04-1.59684644e-04j  9.72046673e-04+3.70256263e-04j]
 [-4.50766354e-03-2.17971499e-03j -3.84332660e-04+4.85166754e-04j
  -1.97363349e-04+1.03837015e-03j  1.05814174e-04+3.53839091e-05j
   3.58177586e-04+1.37130570e-04j  8.45910679e-04-1.74807920e-04j
  -1.87783989e-04+1.83865999e-06j -4.75787953e-04+1.24079259e-03j
   1.67277160e-04-4.25442470e-04j -3.31864628e-04-4.10027578e-05j
  -7.62467517e-04-6.17529697e-04j -4.41469684e-03-3.59182926e-03j
  -9.10922775e-01-4.11700358e-01j  2.36107099e-02+8.89606323e-03j
  -6.66179483e-04+8.90609311e-04j  3.61510722e-03+2.94100882e-03j]]

********* Summary *****************
Final fidelity error 0.0012848758412377093
Final objective value 0.0012848764121403012
Final penalized error 5.729880348180088e-10
Final gradient 7.765677779602632e-05
Number of iterations 1218
Terminated due to function converged
Completed in 0:12:05.852213 HH:MM:SS.US
Computational time 725.852212958
total tv norm 95.34228785661672
total l2 norm 5.7298803481800874e-09
