Final evolution
[[ 1.78416002e-01+5.44060572e-02j  2.28229724e-01-7.56072685e-04j
  -2.34007481e-04+7.47914716e-03j  6.28726505e-02-1.78768897e-03j
  -6.94874420e-02-7.23105602e-02j -1.02990144e-01-5.91249906e-02j
  -1.55510421e-02-3.76901518e-04j -2.94085483e-02-1.57171133e-02j
   3.61204518e-03-3.31935974e-02j -7.81505249e-03-3.95825645e-02j
   1.02910331e-03-2.37572119e-03j -2.40737713e-03-1.09264362e-02j
   4.58940468e-01+3.62276321e-01j  6.57866002e-01+2.58255554e-01j
   2.79785993e-02+1.08481134e-02j  1.84409724e-01+6.67542162e-02j]
 [-2.20821482e-02+4.87293399e-03j  4.10647265e-02-1.83491989e-02j
  -2.26780005e-01+1.92173964e-01j  1.01779657e-03-2.03765104e-03j
   2.04433629e-02+1.07213646e-02j -1.07137348e-02+2.89487136e-03j
   1.54962608e-01-2.89830179e-02j  2.62719221e-03+1.99740973e-03j
   6.71900645e-04+4.76188289e-03j -5.27676326e-03-4.99905947e-03j
   4.11586455e-02+3.32302121e-02j -5.68575460e-04+3.27925432e-04j
  -9.06521180e-02-2.44228961e-02j  1.10883379e-01-1.44945228e-02j
  -8.77682927e-01+2.98336916e-01j -2.83871033e-03-6.75356507e-03j]
 [ 2.21258815e-01+6.60288991e-02j -1.85294120e-01-7.90707028e-03j
  -4.46704031e-02+1.02641529e-02j -1.30387429e-02+3.01886643e-02j
  -8.25181696e-02-8.92919607e-02j  8.63575294e-02+5.15764850e-02j
   2.34430472e-02+6.89349671e-03j -2.28523585e-03-3.40903653e-03j
   4.24306917e-03-4.06206224e-02j  4.87513797e-03+3.30315756e-02j
   3.29643079e-03+7.48706061e-03j  4.92339308e-03-7.43429790e-04j
   5.62182621e-01+4.46633227e-01j -5.34994712e-01-2.32475922e-01j
  -1.41672230e-01-2.10106824e-02j -3.91010710e-02+5.36770140e-02j]
 [ 2.81313462e-02-3.23849342e-02j  3.49274464e-02-3.26009435e-02j
   1.02902113e-03-1.85263821e-03j -1.71958670e-01+2.39170298e-01j
  -1.03389414e-02+1.64283625e-02j -3.50973769e-02+1.23067382e-03j
  -3.75666884e-03+1.64480952e-04j  1.40687183e-01-6.40569244e-02j
  -7.73827913e-03-2.51904625e-03j -6.25030796e-03-6.27234472e-03j
  -2.94427011e-04-4.57930358e-04j  4.74314699e-02+2.19089369e-02j
   9.26287062e-02-7.83406130e-02j  1.62148024e-01-4.71692921e-02j
   1.12159653e-02-3.95025658e-03j -7.69649497e-01+4.94943705e-01j]
 [ 1.71052269e-01+4.05341854e-01j  3.39138349e-01+4.08484083e-01j
   1.81053736e-02+1.83890647e-02j  9.72169193e-02+1.10881128e-01j
  -2.87669227e-02+4.31077138e-01j  1.18312406e-01+5.09602938e-01j
   2.14495095e-03+1.87672645e-02j  3.65437713e-02+1.40349318e-01j
  -1.55781807e-02-5.34340535e-02j -3.68566064e-02-5.61673532e-02j
  -1.32622047e-03-3.23747639e-03j -1.06213741e-02-1.53324422e-02j
  -4.80212451e-04-6.71987245e-02j -2.65560066e-02-8.06868178e-02j
   1.18694734e-02+6.55068957e-03j -7.66765280e-03-2.16759881e-02j]
 [-5.17969246e-02-5.10417110e-02j  7.64425466e-02+2.86130707e-02j
  -6.86281261e-01-1.21998172e-01j  5.86552331e-05-6.03506372e-03j
  -2.31589033e-02-6.29301904e-02j  5.60629395e-02+6.45235872e-02j
  -5.49366319e-01-4.10017684e-01j  3.17081801e-03-3.73619910e-03j
   5.19079299e-03+7.11935000e-03j -9.89215857e-03-4.53994579e-03j
   8.44907429e-02+2.52140170e-02j -2.84777435e-04+8.06462390e-04j
   3.74244343e-03+6.05824674e-05j -1.39411982e-02-2.03751782e-02j
   9.21802588e-02+5.74682508e-02j -1.70239624e-03-2.33957672e-03j]
 [ 2.07706945e-01+4.98082281e-01j -2.68625570e-01-3.47385595e-01j
  -8.57190191e-02-6.52395661e-02j -4.14947389e-02+2.13522714e-02j
  -3.63820460e-02+5.29948846e-01j -8.17840790e-02-4.22956590e-01j
  -4.64764214e-02-9.51303916e-02j -5.26037515e-02-3.36835999e-03j
  -1.89997029e-02-6.54894298e-02j  2.86432400e-02+4.76496550e-02j
   9.82882541e-03+9.44284706e-03j  6.02198780e-03-2.88820150e-03j
  -3.01526313e-03-8.50392058e-02j  1.62249751e-02+6.41638861e-02j
   8.43055980e-03+1.43618613e-02j  2.25754869e-02+5.98978831e-03j]
 [ 8.82483063e-02-2.05403125e-02j  1.25342475e-01+2.95128239e-02j
   9.27513376e-03+1.78846700e-03j -6.86146277e-01+4.66318508e-02j
   8.64283131e-02+2.68101926e-02j  9.60878454e-02+7.66081377e-02j
   6.80958592e-03+4.62988168e-03j -6.24313168e-01-2.61954570e-01j
  -1.21098798e-02+1.25848664e-03j -1.47555828e-02-5.62133158e-03j
  -1.01097771e-03-4.21365876e-04j  8.69306739e-02+3.93947231e-03j
  -1.49137968e-02-1.49505121e-02j -1.30556773e-02-1.81865968e-03j
   1.95792217e-04+1.29696475e-03j  1.03425479e-01+3.33676043e-02j]
 [-6.15244350e-02-6.38762132e-02j -9.13721992e-02-5.11703242e-02j
  -1.38684951e-02-4.57475336e-03j -2.60263534e-02-1.37316898e-02j
   3.73170099e-03+1.36597704e-02j  7.43038791e-03+1.22037171e-02j
   9.40123943e-03+7.99821870e-03j  2.35290124e-03+3.70208511e-03j
  -3.43916214e-01-5.09977050e-01j -5.77422828e-01-4.69782498e-01j
  -2.07852415e-02-1.93007158e-02j -1.63546044e-01-1.25959451e-01j
  -2.32792135e-02+2.95297181e-02j -1.74782336e-02+4.14009758e-02j
   3.80978779e-03+4.52653679e-03j -4.42754408e-03+1.17675711e-02j]
 [ 1.60859575e-02+1.12844344e-02j -1.11223830e-02+5.54670404e-03j
   1.36656781e-01-2.62914849e-02j  1.89155716e-03+2.57645339e-03j
  -1.59804546e-03-9.19199104e-03j -8.30817019e-04-7.43026942e-03j
  -1.97223908e-02-6.64379533e-03j -8.61198173e-04-2.52385933e-03j
   8.17081759e-02+5.14569003e-02j -1.18142809e-01-2.28754656e-02j
   9.75543028e-01-1.81954347e-02j  2.88062854e-05+7.17304887e-03j
   1.01069612e-03-9.13594306e-03j -1.05547629e-03+3.42250690e-03j
  -1.84639699e-02-5.64652019e-02j -1.20914432e-04-1.17688358e-03j]
 [-7.31363462e-02-7.79192989e-02j  7.65393084e-02+4.58894405e-02j
   2.07453006e-02+6.02073562e-03j -3.19006194e-03-7.11027752e-03j
   2.66955314e-03+1.49242422e-02j -8.04834512e-03-1.26383913e-02j
  -2.36549827e-03-2.34059549e-03j  9.03072606e-03+5.40851125e-03j
  -4.21205069e-01-6.27770516e-01j  4.61347381e-01+4.04303140e-01j
   1.35287489e-01+6.64279038e-02j  6.01626363e-02-4.16951383e-02j
  -2.96534287e-02+3.54580633e-02j  1.44688418e-02-3.45387065e-02j
   1.39338936e-03-9.07090747e-03j  1.59067560e-03-9.85073122e-04j]
 [-1.15446491e-02+1.69166188e-02j -2.95270516e-02-1.09759154e-03j
  -3.12312613e-03-4.92934265e-04j  1.23706036e-01-5.75440390e-02j
   2.34288097e-03-9.45426970e-03j  5.73333802e-03+8.51325082e-03j
   1.24655839e-03+1.64481313e-03j -1.94085130e-02-1.41167816e-03j
  -1.19649403e-01+4.63596329e-02j -1.75850758e-01-2.98410206e-03j
  -1.19665449e-02+6.38364046e-04j  9.30493688e-01-2.50024267e-01j
   4.18534432e-03+1.84700089e-03j  4.34389959e-03+1.34832220e-02j
   7.89331175e-04+1.35691681e-03j -3.06497044e-02-4.96441729e-02j]
 [-1.80035059e-01+3.45331650e-01j -8.68927297e-02+4.63375017e-01j
  -5.85748482e-03+1.68551928e-02j -2.06995088e-02+1.29059835e-01j
   3.52819382e-01-2.57725583e-01j  3.17911562e-01-4.22194734e-01j
   1.35148572e-02-1.62486764e-02j  8.50327571e-02-1.19418984e-01j
   3.36209401e-02-6.42003301e-02j  1.78223551e-02-8.22428106e-02j
  -8.87871527e-03-1.72727441e-02j  4.19954243e-03-2.35369272e-02j
   1.45388385e-01-1.37364885e-01j  1.20268119e-01-2.10159742e-01j
   4.50678247e-03-7.50071570e-03j  3.17632479e-02-5.91506585e-02j]
 [ 4.29986055e-03-6.01865565e-02j  2.36427983e-02+7.35085841e-02j
  -3.04778798e-01-5.37426446e-01j  4.17878335e-03-1.95470807e-03j
  -3.49779267e-02+5.96106941e-02j  1.24301439e-02-8.39359777e-02j
   3.89086083e-02+6.91842944e-01j -5.26648213e-03+3.60065425e-04j
  -3.37465111e-03+2.13701333e-02j -3.29509426e-03-5.35731728e-04j
   5.41955386e-02+9.91815303e-02j -4.42576996e-04+3.90824530e-03j
  -1.18752987e-02+2.91458108e-02j  1.52210079e-03-3.89971558e-02j
   5.74820873e-02+3.12092024e-01j -2.17909294e-03+4.20492072e-04j]
 [-2.21968066e-01+4.24054352e-01j  8.59113162e-02-3.78783574e-01j
  -3.87641269e-03-9.53551154e-02j -4.28436763e-02-2.10770159e-02j
   4.34264733e-01-3.15518571e-01j -2.74683817e-01+3.38356307e-01j
  -4.35361815e-02+9.77910699e-02j  3.13164594e-02+4.05523206e-02j
   4.33729303e-02-7.54155145e-02j -1.49005714e-02+7.14333200e-02j
   5.96905169e-04+1.75553338e-02j -5.20801453e-03-7.29519880e-03j
   1.79220642e-01-1.68433492e-01j -1.05215878e-01+1.69408730e-01j
  -1.41496541e-02+4.69258208e-02j  1.60466717e-02+1.74212960e-02j]
 [ 6.23611372e-02+5.36135027e-02j  5.09164831e-02+9.80592216e-02j
   3.79605198e-03+6.33359153e-03j -4.20322402e-01-4.42318434e-01j
  -3.68781865e-02-8.33669990e-02j -2.02039743e-03-1.25279726e-01j
  -6.66791119e-04-8.60774829e-03j  2.02223228e-01+6.53595107e-01j
  -1.42615790e-02+2.86500534e-03j -9.32592115e-03-2.86568570e-02j
  -1.43573448e-03-3.66597991e-03j  7.42445435e-02+8.13710836e-02j
  -2.08247173e-02-3.56913114e-02j -8.70195894e-03-5.67045569e-02j
  -9.29315951e-04-3.81109514e-03j  1.29451460e-01+2.85398880e-01j]]

********* Summary *****************
Final fidelity error 0.362880358757658
Final objective value 0.3628979514067313
Final penalized error 1.7596110695726103e-05
Final gradient 0.06211224432173827
Number of iterations 783
Terminated due to function converged
Completed in 0:01:29.810885 HH:MM:SS.US
Computational time 89.810885083
total tv norm 31.5252700486648
total l2 norm 1.7596110695726102e-06
