Final evolution
[[-8.57701435e-03-4.69126992e-03j  3.00460949e-02+1.57339336e-02j
  -1.64570084e-04-1.03907339e-04j  7.34886800e-02+3.76089668e-02j
   9.80980207e-02+4.96619109e-02j -3.31846514e-01-1.68430498e-01j
  -3.26976804e-04+2.27534469e-04j -8.15257591e-01-4.14800871e-01j
  -1.42619455e-03+1.01757045e-04j -2.45237069e-04+2.92111779e-04j
   1.03010714e-04+2.81216113e-04j -6.61785307e-04-1.46788750e-04j
   6.73653781e-03+3.55808615e-03j -2.25859072e-02-1.23340841e-02j
   4.82708899e-05-2.71348259e-04j -5.62086344e-02-2.77703813e-02j]
 [ 3.95393931e-04-2.11155414e-04j -7.95810842e-05+2.76630531e-04j
   7.96283695e-02+4.08159993e-02j -7.04812592e-05-1.08813111e-04j
   3.72616514e-04+5.59572267e-04j -4.32392665e-04-7.18539070e-05j
  -8.85383353e-01-4.50906406e-01j  2.44276270e-04+5.16465515e-04j
   1.55516757e-04+1.11107985e-04j -5.17405074e-04-1.01327317e-04j
   1.03265245e-03-6.15268238e-04j  3.90453470e-04+1.86399576e-04j
   2.39041321e-04+1.75460116e-03j  6.04072639e-05+4.33092782e-04j
  -6.15796208e-02-3.12137733e-02j -4.57885332e-04-6.06186541e-05j]
 [ 7.68827842e-02+3.84016362e-02j  2.25400348e-02+1.16643011e-02j
   6.09644028e-05-3.36006026e-05j -4.03828240e-05-3.66117816e-04j
  -8.49358615e-01-4.32148577e-01j -2.50633107e-01-1.27493453e-01j
  -5.70428602e-04+1.79278445e-04j -5.61576731e-05-1.75994183e-04j
  -6.25651679e-04+4.58657180e-04j  1.25735871e-04+3.70264126e-04j
   4.91901977e-04-3.20642166e-04j  6.39283842e-04-6.79765900e-04j
  -5.83211968e-02-3.06073101e-02j -1.78120800e-02-8.76259219e-03j
  -1.16094473e-03+3.27502299e-04j  6.95594976e-05-2.72379767e-04j]
 [ 7.64522495e-01+3.88532146e-01j  2.83352231e-01+1.43847548e-01j
  -4.76660942e-04+4.49356830e-04j  1.90622190e-01+9.71877975e-02j
   6.05428787e-03+3.54705254e-03j  2.56684215e-01+1.30747248e-01j
  -2.88902679e-04+3.02207244e-04j -9.25383651e-02-4.71560134e-02j
   2.48692550e-04+3.53432671e-05j  2.27020883e-04+1.66324548e-04j
  -5.11176873e-04-4.95492096e-05j -3.89949633e-04+3.07914710e-04j
  -9.14428306e-02-4.65796687e-02j  3.62991455e-02+1.83229123e-02j
   4.70134692e-05+1.91821214e-04j  9.66819733e-02+4.93337288e-02j]
 [ 2.77156232e-01+1.40759836e-01j -2.76084643e-01-1.40664028e-01j
   4.45098127e-04-4.75552019e-04j -7.94517487e-01-4.03657448e-01j
   1.04724838e-02+5.11465506e-03j  2.93521216e-02+1.53007111e-02j
   2.92654602e-05+1.77277444e-04j -9.57810865e-02-4.83484566e-02j
  -2.82070208e-04-7.67883470e-04j -2.28345604e-04+1.42352609e-04j
   7.41070127e-04-2.80610556e-04j -3.43481783e-05-5.01750206e-04j
  -1.83027943e-02-8.78560641e-03j -9.83396697e-04-1.57325685e-03j
  -3.99241445e-05+3.86063989e-05j -1.69633147e-03-9.78588312e-04j]
 [-5.01039969e-05-4.99662347e-04j -7.37509175e-05-7.02296579e-04j
  -8.87414305e-01-4.52148495e-01j  1.40300095e-04-6.11782506e-04j
   5.18065048e-06-1.68786565e-04j  1.56537518e-04+3.11919432e-04j
  -8.00642787e-02-4.05149124e-02j  1.36797224e-04-9.79142465e-05j
   8.66860888e-05-8.79646225e-04j -3.80981003e-04-8.57452725e-04j
   3.34609777e-04-3.22974519e-04j -7.08707007e-04+4.96868919e-04j
  -9.49710314e-04-9.75833917e-05j  7.40264012e-04-4.71006318e-05j
   5.67468121e-04+9.31398233e-05j -3.07114201e-04-7.64399194e-05j]
 [-2.41425401e-01-1.22304960e-01j -1.43713183e-01-7.28720974e-02j
   6.25134127e-04-1.69035228e-04j  3.00574426e-02+1.50476606e-02j
  -2.43105110e-01-1.23699560e-01j  7.37742720e-01+3.74463291e-01j
  -6.61620454e-04-2.83073966e-04j -3.29228643e-01-1.67569573e-01j
   1.72029474e-04-4.66917369e-05j  4.48293160e-05-6.67623783e-05j
   6.60824839e-04+1.35737418e-04j  4.19680351e-04+2.31033343e-05j
  -1.58430327e-02-7.45804109e-03j  5.12577413e-02+2.63205221e-02j
   2.64906498e-04-1.62528547e-04j -2.31792100e-02-1.16630336e-02j]
 [-2.30752068e-01-1.17911285e-01j  7.83521848e-01+3.99202882e-01j
  -2.39770376e-04+7.38644925e-05j -3.46999622e-01-1.76532369e-01j
  -2.05043484e-02-1.09070548e-02j  7.06199120e-02+3.57007509e-02j
   7.11311550e-05-2.95888869e-04j -3.07212420e-02-1.60594858e-02j
  -5.58100136e-04-4.75731764e-05j  1.65165985e-04-5.62426250e-04j
  -1.05273512e-03+1.27805248e-04j  7.65510931e-05+1.06189219e-03j
   6.24663012e-05-7.94401299e-07j  3.33265113e-04-2.87794693e-04j
   5.45288139e-04-5.43621266e-04j -1.36693305e-03-1.75746216e-04j]
 [-3.05744345e-04-2.46189261e-04j  7.14693059e-04-4.74136278e-04j
   3.01413491e-04+7.85963016e-04j -1.08225788e-05-1.07138526e-04j
  -7.76761999e-05-9.80457701e-04j  4.00680634e-04+4.58710018e-05j
  -1.61057492e-04+5.14076242e-05j  2.32007933e-04+3.07618449e-04j
   9.88890836e-02+5.08770339e-02j -3.34824906e-01-1.69898437e-01j
   1.52045292e-04+7.92807818e-05j -8.20198983e-01-4.17048489e-01j
  -3.68800632e-04+1.43241817e-04j -1.69401215e-04-3.70771924e-04j
   2.27648061e-05-4.21110744e-04j  1.33475369e-04-4.09044560e-05j]
 [-2.42906024e-04+3.28032706e-05j -7.01091031e-04-1.24935126e-03j
   7.50652344e-05-3.50335957e-04j -1.73758749e-05-3.96160689e-04j
  -1.15235191e-04-6.45844168e-04j  1.71726383e-04+9.99187946e-05j
  -1.02567036e-04-1.24554714e-03j -4.20870361e-04-1.13650301e-04j
  -7.42598043e-05-5.88095979e-04j -7.44793378e-05+4.43208418e-04j
  -8.91312364e-01-4.53383490e-01j -1.44633245e-04-3.35352634e-04j
  -7.29931540e-05-2.77782169e-04j -1.57336400e-04-4.50928017e-04j
  -4.85004999e-05+1.18943381e-04j  9.17665749e-06+2.15375953e-04j]
 [ 7.87660381e-05+2.39718553e-04j -1.18187637e-04-2.93409131e-04j
   8.95948298e-04-6.18249216e-04j  8.50392307e-04-6.64166260e-05j
  -1.90664737e-04+5.51423101e-04j  3.06062196e-04+8.78181345e-04j
   1.19541794e-05-2.34061550e-05j  6.82053519e-04+1.09272089e-03j
  -8.54793916e-01-4.34904814e-01j -2.52479109e-01-1.28192612e-01j
   4.08981382e-04-1.83900831e-04j -5.79683546e-04+3.23429411e-04j
  -3.19817582e-05+1.61634044e-04j -3.56226419e-04+3.57627996e-04j
   6.52655074e-05+1.83969538e-04j  2.52341729e-04-3.87577816e-04j]
 [-5.02487147e-04+1.41635187e-04j  5.03990951e-04-8.53015270e-04j
  -5.81236544e-04+3.95552692e-04j  1.92620300e-05-1.25086415e-04j
   2.85755324e-04-2.75799002e-04j  3.87170620e-04-5.27984341e-05j
  -5.85548111e-04-3.79933068e-04j  4.26441533e-04+1.31710263e-04j
  -2.32028665e-01-1.18214963e-01j  7.86334857e-01+4.00653055e-01j
   5.53095041e-04-3.88303926e-04j -3.48838291e-01-1.77907085e-01j
  -2.11566820e-04+3.02123459e-05j -1.91608355e-05+3.45185227e-04j
  -9.56405421e-05-2.04234009e-06j -6.16125142e-05-2.51615065e-04j]
 [-9.84679803e-02-5.04394412e-02j -3.35121019e-02-1.65510649e-02j
   7.67406814e-05+8.79307524e-05j -1.99846301e-02-9.75726515e-03j
   5.67010011e-03+2.89580735e-03j -5.53582738e-02-2.82529148e-02j
  -3.33100466e-04-2.94723459e-04j -4.43237428e-02-2.29919544e-02j
  -2.78983793e-04+2.04958325e-04j -2.36568541e-05+1.09985138e-04j
   9.54380794e-05-4.56676040e-05j -1.28859240e-04+1.43892428e-04j
  -8.74664676e-02-4.48957347e-02j  3.31211253e-01+1.69316825e-01j
   3.33345458e-04-2.26642918e-04j  8.12364637e-01+4.14125411e-01j]
 [-1.00396684e-04+4.24493423e-04j  6.85541336e-05-5.74517191e-04j
   5.91706567e-03+3.23266218e-03j -6.73142586e-05+2.36887439e-04j
  -3.70775697e-04-9.08311201e-04j -2.64731382e-04-5.37582342e-04j
  -6.12136915e-02-3.12146354e-02j -1.42825022e-04+3.79319340e-04j
   2.11029572e-04-9.39743047e-05j -5.48530250e-05+1.45784649e-04j
   1.40290680e-04-1.51208697e-04j -2.94988359e-04+2.28419314e-04j
   2.92307157e-04-7.09473929e-04j -1.98742585e-04-1.77303780e-04j
   8.89492408e-01+4.51700287e-01j  3.07277630e-05-4.28211763e-04j]
 [ 7.88008206e-02+3.98886503e-02j  2.11712585e-02+1.04124736e-02j
  -6.70329272e-04-4.05350410e-04j  1.06386171e-03+4.20812824e-04j
  -5.84543761e-02-2.91767767e-02j  6.33329134e-03+4.03499220e-03j
   1.46753978e-03-8.19793691e-04j -9.60300636e-03-5.03268996e-03j
   1.19857384e-04-2.56161222e-04j  4.32494930e-07+5.32608070e-05j
  -3.84985863e-04+1.10886501e-04j -1.92836926e-04-4.45653228e-04j
   8.48463945e-01+4.32641845e-01j  2.52157096e-01+1.28611524e-01j
   4.91942504e-04-6.30165464e-04j -5.41864875e-04-4.81418090e-04j]
 [ 1.01661708e-03+8.36282769e-04j -4.50131245e-03-1.98168236e-03j
  -5.74549298e-04-8.08125701e-04j  2.36165403e-03+1.64538083e-04j
  -1.59805311e-02-7.37816916e-03j  5.42193121e-02+2.73981644e-02j
  -1.59466945e-04-2.30003226e-04j -2.32897445e-02-1.29604563e-02j
  -2.14450676e-04+6.06811268e-04j  4.21448552e-04-4.54394332e-05j
   4.39606618e-04-1.35888698e-04j  1.96104560e-04-3.46756780e-05j
   2.31855175e-01+1.17710298e-01j -7.85118586e-01-3.98824013e-01j
   1.85983951e-05-3.46531163e-04j  3.48031152e-01+1.76198316e-01j]]

********* Summary *****************
Final fidelity error 2.683139402770429e-06
Final objective value 2.6831583006536874e-06
Final penalized error 0.0
Final gradient 0.0005490191238187138
Number of iterations 3930
Terminated due to function converged
Completed in 0:09:45.964715 HH:MM:SS.US
Computational time 585.9647150410001
total tv norm 487.3306887582303
total l2 norm 6966.203454503259
