Final evolution
[[ 3.80337861e-01+1.27521363e-01j -7.12495931e-02-3.02622282e-02j
   3.32546097e-03+3.55820276e-03j  2.24178217e-01+7.81770045e-02j
   1.04173700e-02-1.86723827e-03j -3.80712355e-02-1.89736313e-02j
   3.07066215e-02+2.18505631e-02j -5.70347307e-03-5.73955080e-03j
   2.83592867e-02+8.65744770e-03j  2.43127324e-02+1.58328115e-03j
  -3.35359882e-02-2.32029979e-02j  4.62963343e-03-3.20854351e-03j
  -7.06009817e-01-2.37907292e-01j  1.35620375e-01+5.34326543e-02j
  -4.37468009e-03-2.79599549e-03j -4.16496569e-01-1.42579870e-01j]
 [ 8.38177367e-03+6.09923859e-03j  1.84936115e-03+8.16911241e-04j
   4.47830023e-01+1.52589009e-01j  1.39235954e-02+3.50950588e-03j
   4.74555907e-02+2.11754054e-02j -1.96386631e-02-9.78289298e-03j
   2.04444913e-03+2.86709111e-04j  3.00570471e-02+1.13077204e-02j
   6.36884654e-02+2.01275870e-02j -3.48545849e-03-2.38962484e-03j
   8.62455144e-03+1.81201111e-04j -1.22423521e-01-1.86356111e-02j
   2.20799206e-02+2.78240700e-03j  7.41398471e-03-5.62508924e-04j
  -8.21902229e-01-2.75048104e-01j  1.62517667e-04+4.00577690e-03j]
 [ 9.84544509e-02+3.35703906e-02j  4.36043765e-01+1.52055245e-01j
   4.63212051e-03+4.44380766e-03j -1.99994574e-02-1.57694219e-02j
  -2.91692330e-02-2.77578266e-02j -3.49989543e-03-7.79537941e-04j
   1.11418824e-02+5.24719003e-03j  2.23696407e-02+8.20036792e-03j
  -1.29613301e-02-1.98251096e-02j -1.04514631e-02-3.48143531e-03j
  -4.38535587e-04+6.29523736e-03j  6.84756693e-03+4.04760000e-04j
  -1.81082895e-01-6.09123196e-02j -8.09303885e-01-2.80824342e-01j
  -7.88548662e-03-7.95552681e-03j  3.37574905e-02+2.25985842e-02j]
 [ 2.33616999e-01+8.20165913e-02j -4.98569679e-02-9.58793907e-03j
   4.35518007e-03+4.89454518e-03j -3.79099965e-01-1.28268337e-01j
   2.89256348e-02+9.15891156e-03j  1.30476334e-01+4.80956681e-02j
   5.13874825e-02+3.50266368e-02j -1.53586508e-02-7.10347970e-03j
   1.58904000e-02+2.89327984e-03j -5.79927473e-02-1.77318119e-02j
   7.90362671e-02+4.04199297e-02j -8.39624519e-03-3.69286789e-03j
  -3.90603469e-01-1.27535160e-01j  1.34600155e-01+3.65603188e-02j
  -5.83984337e-03-5.87265783e-03j  7.04545898e-01+2.34196022e-01j]
 [ 1.27143410e-01+4.44578747e-02j  1.02988467e-01+1.12615239e-02j
  -1.38380570e-02+1.84231368e-03j  6.98908205e-02+2.65601093e-02j
   7.74671789e-01+2.73945174e-01j -1.73442861e-01-6.09493867e-02j
   1.02876211e-02-9.83375350e-03j  4.62380155e-01+1.66003938e-01j
  -2.41192107e-03+1.53465649e-03j  8.78316168e-03+2.29977548e-03j
  -5.33506622e-03-7.55468854e-04j  1.18295605e-02+3.53110664e-03j
   6.99479605e-02+3.33781524e-02j  2.99773490e-02+1.22344973e-02j
   6.52776550e-02+2.04186302e-02j  4.91553021e-02+2.00793484e-02j]
 [ 2.02590999e-02+1.12131126e-02j -7.14534322e-03-4.31356015e-03j
   1.47909369e-01+6.13087158e-02j  2.17656018e-02+8.25251990e-03j
  -2.12147112e-02-1.26011498e-02j -9.97043194e-03+5.11392972e-03j
   9.23866684e-01+3.20357003e-01j  1.67432969e-03-1.01677306e-02j
   7.07736593e-03+8.55088448e-04j  2.70279253e-03+3.50087959e-04j
  -2.81695503e-04+3.08244379e-03j  7.85961025e-03+2.03974380e-03j
   8.38301589e-02+9.90283496e-03j -7.17863132e-03+1.79803806e-04j
   8.39140142e-02+3.36105165e-02j -2.71125335e-02+5.65429719e-04j]
 [ 8.87106235e-02+4.69788618e-02j  1.63242709e-01+6.65552007e-02j
  -3.31889542e-04+2.22912067e-03j  6.61204538e-02+1.72806094e-02j
   1.91524413e-01+6.05946412e-02j  8.81178023e-01+3.21498766e-01j
  -1.34458025e-03+2.32704491e-03j -5.92837262e-02-2.16758123e-02j
   3.64792653e-03+4.80045720e-03j  1.38100736e-02+6.70380743e-03j
  -1.50542375e-02-7.49619924e-03j -6.90835858e-03-3.11477362e-03j
   8.55930113e-02+4.42102825e-02j  5.68727700e-02+2.99979671e-02j
  -8.30332604e-03+2.02728827e-03j -1.20025964e-01-3.85002685e-02j]
 [ 6.20640777e-02+1.97555352e-02j -1.08258508e-03-1.45561740e-02j
  -7.51406379e-03-1.35242189e-02j -1.30593902e-01-5.63912662e-02j
   4.47579573e-01+1.54126890e-01j -1.55824962e-01-5.36511396e-02j
   4.85606629e-03+7.88906597e-03j -7.99425683e-01-2.73597984e-01j
   2.39505065e-04+8.67878264e-04j -4.63013211e-03-9.00579239e-04j
  -7.08982475e-03-4.18208331e-03j -1.64970165e-03-3.56941678e-03j
   4.49556423e-02+1.46729110e-02j -4.60135874e-02-1.36354600e-02j
  -3.08208410e-03-8.98303127e-03j -6.55102410e-02-2.78842242e-02j]
 [-1.71049112e-03-8.60109217e-03j  9.81833710e-03-3.22819293e-03j
  -3.07876487e-02-1.31750515e-02j  8.02886305e-03+4.64294660e-03j
  -5.91876095e-03+2.16753125e-03j -1.08782560e-03+2.02773951e-03j
  -4.11692539e-03-2.36522093e-03j -2.01779495e-03+9.81718457e-04j
   8.02228025e-01+2.70236969e-01j -1.55158646e-01-5.91113368e-02j
   4.66980490e-03+5.99147253e-03j  4.75500832e-01+1.62642522e-01j
   2.50423016e-02+1.14691387e-02j -1.73827547e-02+5.05626521e-03j
  -1.74059695e-02-1.90915652e-02j -3.70454089e-05-2.19866882e-03j]
 [ 1.12798764e-01+4.19895139e-02j -1.55792572e-02-5.55450797e-03j
   2.94325446e-04-1.22875363e-03j  7.70197966e-02+1.34504257e-02j
  -1.66873732e-02-5.83032911e-03j -1.06606462e-02-1.14860005e-03j
  -1.49467502e-02-3.11328451e-03j -1.10901394e-02+4.44734161e-04j
  -1.56179899e-02-1.51161352e-03j  1.51232954e-03+2.36116075e-03j
   9.33085784e-01+3.10822004e-01j  8.80113892e-03+4.48794328e-03j
   7.02215889e-02+2.78464709e-02j -1.12292363e-02-9.70471231e-03j
   8.63949752e-03+5.41197883e-03j -6.80278212e-02-8.48047753e-03j]
 [-2.10218390e-02-1.83558898e-02j -2.26261499e-03-2.24582943e-06j
  -1.11713511e-02-7.74929380e-03j -7.39862495e-02-4.38712999e-02j
  -1.24532257e-03+2.44287461e-03j -1.69090321e-03+2.75786722e-03j
   2.18927566e-03+1.33714414e-03j  4.04806902e-03+2.74114076e-03j
   2.05487383e-01+7.21484091e-02j  9.15678553e-01+3.18979429e-01j
   1.17056558e-02+1.06342291e-02j -3.82260522e-02-2.81773038e-02j
  -1.97315649e-02-6.18284065e-03j -1.32295349e-02-3.26847980e-03j
   7.82392735e-03+5.18746279e-03j  2.68199344e-02+3.53652360e-03j]
 [ 1.95303300e-02+6.68556639e-03j  5.70998512e-02+2.13985992e-02j
  -4.57826616e-02-1.16647008e-02j  4.41034400e-03+1.62572190e-03j
  -1.44208780e-02-4.99378975e-03j -2.17785840e-02-4.75251378e-03j
  -2.68014160e-03-4.27477353e-03j  2.18455023e-03-2.23577343e-03j
   4.52811155e-01+1.50180788e-01j -1.43432267e-01-3.39935549e-02j
   9.05131343e-03+3.14498021e-03j -8.07714245e-01-2.67928870e-01j
   2.61568331e-02+6.36505612e-03j  9.02873182e-03+1.14567888e-02j
   1.18432551e-01+6.36714163e-02j -1.29635504e-02-7.06511465e-03j]
 [ 6.77738930e-01+2.36757202e-01j -1.55016729e-01-5.65075106e-02j
   1.02674568e-02-4.30301754e-03j  3.99009194e-01+1.45624128e-01j
  -1.43951209e-01-4.12515458e-02j -5.38155866e-02-5.40288215e-03j
  -5.87641001e-02-1.90034919e-02j -8.06146093e-02-1.92564076e-02j
  -1.30397616e-03-1.01492235e-02j  6.17042917e-02+4.62928388e-03j
  -1.36046221e-01-4.42840085e-02j  6.20699105e-03-2.59755510e-04j
   3.62946609e-01+1.25014171e-01j -8.02401556e-02-2.97797960e-02j
   1.58862784e-02+2.61997674e-04j  2.34767920e-01+7.95416857e-02j]
 [-2.11652086e-02-1.42474604e-02j -6.63819580e-03+4.93180564e-03j
   8.16361423e-01+2.82189913e-01j -6.77155286e-03-1.72357841e-03j
  -2.12449452e-03-5.00727780e-04j  7.56373177e-03+5.77653936e-03j
  -1.75558810e-01-4.85720959e-02j -2.52329240e-02+7.06168085e-03j
   2.33130339e-02+7.85075801e-03j  2.82396910e-03-2.44139812e-03j
  -2.34081695e-03+2.95026000e-04j  4.00197228e-02-3.31147267e-03j
  -2.15162162e-02-8.10336834e-03j -4.18146865e-03+2.82127559e-03j
   4.39887922e-01+1.51277980e-01j  3.43014330e-03-1.80148570e-03j]
 [ 1.65079963e-01+5.13128310e-02j  7.77291115e-01+2.83183779e-01j
   9.48472956e-03+6.73320145e-03j -5.21314646e-02-2.00525844e-02j
  -1.44134007e-01-6.85484915e-02j -1.78304159e-01-4.33555292e-02j
  -7.90666895e-03-4.72555030e-03j -5.18856185e-02-1.98757004e-02j
  -3.07356114e-02-1.07918809e-02j  2.03117817e-02+4.87981175e-03j
  -1.09253011e-02-4.54618516e-03j  5.62767244e-02+1.35798506e-02j
   9.37758264e-02+2.74185497e-02j  4.26931727e-01+1.51726152e-01j
  -3.14782926e-03-1.29637240e-04j -1.67592387e-02-7.16569032e-03j]
 [ 3.92680251e-01+1.34042582e-01j -1.35523013e-01-4.40518702e-02j
   1.02377495e-02+7.45841661e-04j -7.04263654e-01-2.41620445e-01j
  -7.57716172e-02-1.42374704e-02j -9.86882850e-03+5.22055884e-03j
  -2.24553243e-02-1.52013028e-02j  1.60480100e-01+4.59309290e-02j
  -9.34954539e-03-4.03768182e-03j -3.79290973e-02-2.08835882e-03j
  -4.05047017e-02-6.17413618e-03j  1.04246218e-02+2.26945944e-03j
   2.10811688e-01+7.05402541e-02j -6.07513860e-02-2.43079495e-02j
   1.53673642e-03-8.42079896e-04j -3.80323776e-01-1.29226582e-01j]]

********* Summary *****************
Final fidelity error 0.26636551797255137
Final objective value 0.266368093919697
Final penalized error 2.57606667680594e-06
Final gradient 0.007804569513260083
Number of iterations 777
Terminated due to function converged
Completed in 0:01:27.019006 HH:MM:SS.US
Computational time 87.01900624999999
total tv norm 38.48212946195868
total l2 norm 2.57606667680594e-07
