Final evolution
[[ 0.4454484 +0.00221665j -0.16104688-0.18182677j  0.00505366-0.75654794j
  -0.30928252+0.27299766j  0.        +0.j          0.        +0.j
   0.        +0.j          0.        +0.j          0.        +0.j
   0.        +0.j          0.        +0.j          0.        +0.j
   0.        +0.j          0.        +0.j          0.        +0.j
   0.        +0.j        ]
 [ 0.1751088 +0.16832701j -0.01594854+0.44516833j  0.28639507-0.29691962j
   0.75603252+0.02837524j  0.        +0.j          0.        +0.j
   0.        +0.j          0.        +0.j          0.        +0.j
   0.        +0.j          0.        +0.j          0.        +0.j
   0.        +0.j          0.        +0.j          0.        +0.j
   0.        +0.j        ]
 [-0.30970637-0.69026973j -0.16791396+0.37681335j  0.40673043-0.18165778j
  -0.22169325-0.09924302j  0.        +0.j          0.        +0.j
   0.        +0.j          0.        +0.j          0.        +0.j
   0.        +0.j          0.        +0.j          0.        +0.j
   0.        +0.j          0.        +0.j          0.        +0.j
   0.        +0.j        ]
 [ 0.13715688-0.38906477j  0.6994897 -0.28827849j  0.22893754+0.08114603j
   0.16903214+0.41213751j  0.        +0.j          0.        +0.j
   0.        +0.j          0.        +0.j          0.        +0.j
   0.        +0.j          0.        +0.j          0.        +0.j
   0.        +0.j          0.        +0.j          0.        +0.j
   0.        +0.j        ]
 [ 0.        +0.j          0.        +0.j          0.        +0.j
   0.        +0.j         -0.33214496+0.29683147j  0.24138105+0.02706038j
   0.50318072+0.56497743j  0.04665806-0.40988587j  0.        +0.j
   0.        +0.j          0.        +0.j          0.        +0.j
   0.        +0.j          0.        +0.j          0.        +0.j
   0.        +0.j        ]
 [ 0.        +0.j          0.        +0.j          0.        +0.j
   0.        +0.j         -0.24277367-0.0076171j  -0.28645051-0.34113824j
  -0.0136394 +0.41230737j -0.58022167+0.48552357j  0.        +0.j
   0.        +0.j          0.        +0.j          0.        +0.j
   0.        +0.j          0.        +0.j          0.        +0.j
   0.        +0.j        ]
 [ 0.        +0.j          0.        +0.j          0.        +0.j
   0.        +0.j          0.69241909+0.30487069j -0.12784355-0.39222369j
  -0.18019752+0.40737949j  0.23106327-0.07487882j  0.        +0.j
   0.        +0.j          0.        +0.j          0.        +0.j
   0.        +0.j          0.        +0.j          0.        +0.j
   0.        +0.j        ]
 [ 0.        +0.j          0.        +0.j          0.        +0.j
   0.        +0.j          0.15888395+0.38070893j -0.3260727 +0.68269094j
  -0.2243147 +0.09316645j -0.40163045-0.19267117j  0.        +0.j
   0.        +0.j          0.        +0.j          0.        +0.j
   0.        +0.j          0.        +0.j          0.        +0.j
   0.        +0.j        ]
 [ 0.        +0.j          0.        +0.j          0.        +0.j
   0.        +0.j          0.        +0.j          0.        +0.j
   0.        +0.j          0.        +0.j         -0.43786107+0.0818955j
   0.19246984+0.14816354j  0.13782528+0.74390491j  0.25219944-0.32646415j
   0.        +0.j          0.        +0.j          0.        +0.j
   0.        +0.j        ]
 [ 0.        +0.j          0.        +0.j          0.        +0.j
   0.        +0.j          0.        +0.j          0.        +0.j
   0.        +0.j          0.        +0.j         -0.20373114-0.13225241j
  -0.06835754-0.44017774j -0.22520839+0.34563649j -0.74780039+0.11482556j
   0.        +0.j          0.        +0.j          0.        +0.j
   0.        +0.j        ]
 [ 0.        +0.j          0.        +0.j          0.        +0.j
   0.        +0.j          0.        +0.j          0.        +0.j
   0.        +0.j          0.        +0.j          0.43441926+0.6194112j
   0.09377779-0.40173265j -0.36513516+0.25515781j  0.2364397 +0.05561783j
   0.        +0.j          0.        +0.j          0.        +0.j
   0.        +0.j        ]
 [ 0.        +0.j          0.        +0.j          0.        +0.j
   0.        +0.j          0.        +0.j          0.        +0.j
   0.        +0.j          0.        +0.j         -0.06126119+0.4079589j
  -0.63250969+0.41511664j -0.24013823-0.03647882j -0.2437796 -0.37282798j
   0.        +0.j          0.        +0.j          0.        +0.j
   0.        +0.j        ]
 [ 0.        +0.j          0.        +0.j          0.        +0.j
   0.        +0.j          0.        +0.j          0.        +0.j
   0.        +0.j          0.        +0.j          0.        +0.j
   0.        +0.j          0.        +0.j          0.        +0.j
   0.27015269-0.35418459j -0.24215018+0.01898333j -0.60076924-0.45985503j
   0.03154086+0.41132539j]
 [ 0.        +0.j          0.        +0.j          0.        +0.j
   0.        +0.j          0.        +0.j          0.        +0.j
   0.        +0.j          0.        +0.j          0.        +0.j
   0.        +0.j          0.        +0.j          0.        +0.j
   0.23984811-0.03834002j  0.34568756+0.2809436j  -0.06442312-0.40747155j
   0.47815785-0.58630658j]
 [ 0.        +0.j          0.        +0.j          0.        +0.j
   0.        +0.j          0.        +0.j          0.        +0.j
   0.        +0.j          0.        +0.j          0.        +0.j
   0.        +0.j          0.        +0.j          0.        +0.j
  -0.73751498-0.16870682j  0.1995728 +0.36104584j  0.10007165-0.4340678j
  -0.2127782 +0.11714312j]
 [ 0.        +0.j          0.        +0.j          0.        +0.j
   0.        +0.j          0.        +0.j          0.        +0.j
   0.        +0.j          0.        +0.j          0.        +0.j
   0.        +0.j          0.        +0.j          0.        +0.j
  -0.22788207-0.34387957j  0.19136384-0.73196326j  0.20269937-0.13382839j
   0.43077632+0.11340617j]]

********* Summary *****************
Final fidelity error 0.6882210183925367
Final objective value 0.6932776402612622
Final penalized error 0.005056647968355103
Final gradient 0.34183979661953107
Number of iterations 181
Terminated due to function converged
Completed in 0:00:14.736758 HH:MM:SS.US
Computational time 14.736758208000001
total tv norm 73.57828380116132
total l2 norm 0.005056647968355103
