Final evolution
[[-0.03559564+4.26055459e-01j -0.07041635+4.21449619e-01j
   0.00672876-3.76342380e-02j  0.11766221-2.38262594e-01j
  -0.06909569-8.07240776e-03j -0.08540706-1.29347900e-01j
   0.08712938-2.80777482e-02j -0.00554932+2.00863400e-02j
   0.01293287-4.01903801e-02j  0.1070149 -1.45528982e-02j
  -0.19797277-6.61393056e-02j -0.01797763+8.42895688e-02j
   0.19149825-4.48159413e-01j  0.14255576-3.94200429e-01j
  -0.08334537-3.46763821e-02j -0.0844357 +1.78669261e-01j]
 [ 0.08928252-4.79706656e-02j  0.02639355+3.32727193e-02j
  -0.2593709 +6.14415657e-01j  0.01856577-1.15830722e-02j
  -0.14323945+6.60920759e-02j -0.17816855+4.84296701e-02j
   0.02271846-3.28910464e-02j -0.09342725+1.09701765e-02j
  -0.2242197 -7.23108180e-03j -0.06291286+9.31095071e-03j
  -0.05565479-9.75482948e-02j -0.09912734+2.35081210e-01j
  -0.04383509+9.28057523e-03j  0.09463937+3.53628395e-02j
   0.21468037-5.30400215e-01j  0.02200434-3.25250952e-02j]
 [-0.0336172 +4.80323281e-01j  0.0601281 -5.52236676e-01j
   0.07334112+1.71132874e-02j  0.05731925-3.60546128e-02j
  -0.09297595-1.97408701e-02j -0.05276327+1.02075816e-01j
  -0.01497536-3.94722761e-02j  0.03466705-8.53036383e-02j
   0.0058157 +1.28414294e-01j  0.00358144-1.59877331e-01j
   0.16102131+8.94373415e-02j -0.03457944+1.40862496e-02j
   0.04985142-4.11730411e-01j  0.02241793+3.95849285e-01j
  -0.02275804-7.34347731e-02j -0.03427754+5.57890419e-02j]
 [ 0.04953073+4.85229678e-01j  0.02420178+2.27902766e-02j
   0.01404185+1.35637247e-01j -0.39471454+4.49985595e-02j
  -0.11737006+1.50942837e-01j  0.08271249-1.90289244e-01j
   0.02285226+1.56292989e-02j  0.17334883-1.07850048e-01j
   0.16096676+6.55250147e-02j -0.09207897+8.86491507e-02j
   0.04718618+2.37878929e-01j -0.15987911+8.59246055e-03j
   0.13613804+3.65690437e-01j  0.10179875-1.47746266e-01j
  -0.00868676+3.18778430e-02j  0.20397878-3.23067747e-01j]
 [ 0.09512019-1.09399163e-02j -0.17044928+2.50261043e-01j
   0.11925134+4.29953703e-02j -0.10729365-2.89067648e-02j
   0.20599759-1.57316386e-01j -0.09037757-5.67758033e-01j
   0.00815532-6.46064561e-02j  0.07657242+2.92076170e-01j
   0.03469441+4.36290793e-02j  0.02450599+1.14897369e-01j
  -0.05493555+6.76057308e-02j  0.05171722+9.41599656e-02j
  -0.02335897-1.19407423e-01j -0.12887656+5.36562800e-01j
  -0.03043153-7.05548562e-02j  0.12376294-3.23505640e-02j]
 [-0.04539368-2.41712455e-03j -0.00153839-7.03430167e-02j
  -0.08449943+1.08452307e-01j  0.0773731 +4.49912859e-02j
   0.03216162-2.74786893e-02j  0.06057057-1.60900287e-01j
  -0.01128905-9.06934996e-01j  0.04649696-1.62396280e-01j
  -0.00646018+4.72543877e-02j  0.01802747-5.74734573e-02j
  -0.01821331-1.44356794e-01j  0.12771634-1.26981616e-01j
  -0.03676207+5.55267530e-02j  0.03883138-7.53651109e-02j
  -0.05749423+8.53815591e-02j -0.01728047-3.87819969e-02j]
 [-0.32531089+2.01744677e-01j  0.01077591+2.00715432e-01j
   0.02547354+9.54885938e-02j  0.06746034+4.90204772e-01j
   0.00068376-2.09542708e-01j  0.1996596 +7.41310138e-02j
  -0.1060174 +3.24927071e-02j -0.14823732+4.22116994e-02j
   0.03594288-9.08397032e-02j  0.06518942+8.93172203e-02j
   0.17741249-8.44099435e-02j -0.0457521 +1.24257154e-01j
  -0.44343384-2.19429196e-01j -0.08381783-6.67230282e-02j
  -0.04260637+2.05287375e-02j  0.02895426-3.09663408e-01j]
 [-0.06401623-1.10814780e-02j -0.06232493-2.37195220e-02j
   0.02865805+1.63136594e-01j -0.02657004-2.63422395e-01j
   0.26687474-3.52347774e-01j  0.02768419-1.23705345e-01j
   0.03524315+1.92663489e-01j  0.17811724-7.17273345e-01j
   0.04048619-2.21610128e-02j  0.02924455+3.09660997e-02j
  -0.01982023-5.61949495e-02j  0.07003077+1.43043007e-01j
  -0.15483519+5.50527348e-02j -0.12445442-1.26993931e-02j
  -0.04499048-1.89338313e-02j -0.14044627+1.29586045e-02j]
 [ 0.12668839+3.68676756e-02j -0.00628041-5.40023934e-03j
  -0.16118479+6.34779488e-02j  0.17364386+4.12019920e-02j
  -0.03936325-1.17930319e-01j -0.07760592+4.79930548e-03j
   0.04999645+8.57294070e-02j -0.04450742-4.15185275e-02j
  -0.17401671+5.80510741e-01j -0.08629093+5.98261105e-01j
   0.02761933+6.46066802e-02j  0.10972391-3.21672123e-01j
  -0.00198945-9.85374676e-02j -0.02705084-7.56071915e-02j
   0.03133187+1.13715658e-01j -0.00496994-4.91960588e-02j]
 [-0.04624   -3.65706684e-02j -0.32967275+2.85669983e-02j
  -0.05058384+5.22743592e-02j  0.30429934+4.10925691e-02j
  -0.02608707+6.34303119e-02j -0.05381563+2.26174985e-02j
   0.0554087 -6.34425314e-02j -0.03345558-6.08893970e-02j
  -0.04790956-1.20801665e-01j  0.12138073-1.00103289e-01j
  -0.05397704+8.22382512e-01j  0.13008687-7.22244605e-03j
  -0.09723613+3.10644022e-02j -0.02428615-4.17290400e-02j
   0.06600797-1.79996423e-02j -0.09697098-5.22852621e-02j]
 [ 0.04361454-1.24340898e-01j -0.02712629+2.34356556e-01j
  -0.07112459-3.79158099e-02j  0.00192805+2.25084041e-01j
  -0.11265841+4.87309753e-02j  0.09487792-9.52555636e-02j
   0.00655252+9.71570319e-02j  0.02163997-1.46463333e-01j
   0.04934665+6.12812469e-01j -0.0946862 -6.17855603e-01j
  -0.08687005-1.66533305e-02j -0.03564391+3.39958714e-02j
   0.04163291-5.53032893e-02j -0.03109628+4.18274439e-02j
   0.02182614+8.94708097e-03j -0.10459394-8.56233808e-02j]
 [-0.09247176+8.44445294e-03j  0.00507899-5.16160341e-02j
  -0.10520393-1.69861906e-01j -0.00180319-1.46969675e-01j
   0.09011702-3.28039430e-03j -0.1363897 +1.10240496e-01j
  -0.06826062-1.50116513e-01j -0.15044838+8.88606466e-02j
  -0.03843994+2.89961355e-01j  0.03938234+1.41014377e-01j
   0.06222947+7.18539989e-02j -0.09903229+7.79206277e-01j
  -0.00917447+1.41746660e-01j  0.04293893-1.18446085e-02j
   0.01376382+2.71416890e-01j -0.02759455+2.78585314e-02j]
 [ 0.09150082-1.30204627e-01j -0.03455207-3.25742900e-01j
   0.0883444 +9.93273335e-02j -0.00857066+3.12659149e-02j
  -0.11852086-6.08751254e-01j -0.02219272-2.25692428e-01j
   0.04435103+1.73365348e-02j  0.10581103+3.28594644e-01j
   0.05311883+3.62178965e-02j -0.12363404-1.52336543e-01j
   0.15252023+9.84505864e-02j -0.13243685+4.72457322e-02j
   0.03633854-3.35976910e-04j -0.00528636-4.31898382e-01j
  -0.00826269-3.29290192e-02j -0.0077271 +8.19068417e-02j]
 [ 0.02025116+1.41956382e-02j  0.07014868-2.14502170e-02j
  -0.00117174-5.95291987e-01j  0.02762129-3.96308655e-02j
   0.00758502-8.76056614e-02j  0.08858632-3.13018697e-02j
  -0.09561815-1.11410588e-01j -0.0569324 -8.94900726e-02j
   0.07096306+1.05319658e-01j  0.02126528+1.13531008e-01j
  -0.00408405+5.55417160e-02j  0.02279864+3.70048811e-02j
  -0.03819801+6.03325085e-02j -0.04160106-8.64746342e-02j
   0.06817519-7.18584943e-01j  0.06192204-1.19670786e-01j]
 [-0.13034048-1.90254239e-01j  0.19260982-1.54894197e-01j
   0.02426424-3.26179986e-04j -0.07655401+1.33912040e-01j
  -0.21188469+3.30592507e-01j  0.18004068-5.30971716e-01j
  -0.12078267+1.16500321e-01j -0.018354  -1.53204372e-01j
  -0.09635705+1.63847786e-02j  0.18927865+1.21102301e-01j
   0.18660668+7.72501158e-02j  0.10936651+1.04063375e-01j
  -0.13686587-1.26327464e-01j  0.2302472 -1.18652880e-01j
   0.0396765 +4.45794061e-03j  0.00773097+3.37310754e-01j]
 [-0.03881592-2.18433738e-01j  0.0900006 -1.21064412e-01j
   0.05422028-5.18837065e-03j  0.08760646-4.44895234e-01j
  -0.14484174+7.44712647e-02j  0.05002818-1.69521143e-01j
   0.02887236+5.89853418e-02j -0.18823965+1.55720701e-02j
  -0.05675225-5.81318538e-02j -0.02951323-7.38175053e-02j
   0.01383522-4.59267801e-02j  0.13072375+1.24607336e-02j
   0.02276359-2.41759297e-01j  0.07944449-5.66141540e-02j
   0.05829965+1.27094755e-01j  0.08425023-7.02920936e-01j]]

********* Summary *****************
Final fidelity error 0.20555825061954158
Final objective value 0.20555824638166553
Final penalized error 0.0
Final gradient 0.010017767544107402
Number of iterations 1000
Terminated due to Iteration or fidelity function call limit reached
Completed in 0:02:25.267304 HH:MM:SS.US
Computational time 145.267304083
total tv norm 262.0891833395621
total l2 norm 9880.620622730252
