Final evolution
[[1.95506211e-01+1.16521108e-02j 4.70799971e-02-9.79498763e-01j
  3.58136622e-04+4.22090777e-04j 4.75799950e-04+2.58137728e-03j]
 [4.72690043e-02-9.79489639e-01j 1.95723097e-01+7.18913470e-03j
  4.19981049e-04-2.48726901e-03j 2.95520479e-04-1.53999601e-04j]
 [2.53736416e-04+3.55098769e-04j 7.26516970e-04-2.39150121e-03j
  1.94642519e-01+1.43934971e-02j 4.74140700e-02-9.79618592e-01j]
 [1.84844030e-04+2.64828620e-03j 3.74454783e-04-2.11826450e-04j
  4.74280356e-02-9.79617797e-01j 1.95121209e-01+4.47586747e-03j]]

********* Summary *****************
Final fidelity error 0.01930258252568995
Final objective value 0.01930258252570627
Final penalized error 0.0
Final gradient 0.007920628858503143
Number of iterations 401
Terminated due to function converged
Completed in 0:04:10.095577 HH:MM:SS.US
Computational time 250.095577167
total tv norm 100.96167846187578
total l2 norm 16062.93897545425
