Final evolution
[[ 1.95162106e-01+0.01273608j  5.74457265e-02-0.97900078j
   7.28561250e-04-0.00162523j -2.05457225e-04+0.00194533j]
 [ 5.74823886e-02-0.97899713j  1.95314122e-01+0.01019103j
   6.34285144e-05-0.00233373j  4.62329711e-04+0.00180907j]
 [ 5.56948532e-04-0.00177984j  3.98661517e-05-0.00174542j
   1.94549617e-01+0.01374294j  5.74078846e-02-0.97911153j]
 [-1.94159616e-04+0.00253556j  4.16774221e-04+0.00166401j
   5.73878650e-02-0.97911163j  1.94821136e-01+0.00907524j]]

********* Summary *****************
Final fidelity error 0.019261740400454808
Final objective value 0.019261717082127094
Final penalized error 0.0
Final gradient 0.011323920231833411
Number of iterations 628
Terminated due to function converged
Completed in 0:03:15.361546 HH:MM:SS.US
Computational time 195.36154625
total tv norm 73.72516853143775
total l2 norm 8038.954530490289
