Final evolution
[[ 2.78531668e-02+1.00837950e-03j  2.78174019e-02+5.02615425e-04j
  -3.20089275e-03-5.81203264e-02j -3.22147115e-01-4.99945705e-01j
  -3.66210699e-02+1.47276401e-03j -3.50559334e-02+3.26301404e-03j
   5.09573110e-03+7.64514527e-02j  4.76067993e-01+6.25947333e-01j
   1.81561584e-03-1.51099058e-03j -1.70729990e-04-7.42004650e-03j
  -1.63211738e-03-3.15248633e-03j -3.53427226e-02-1.82795929e-02j
   4.98335815e-03+1.30956415e-03j  8.14118116e-03+8.76758384e-03j
  -4.44009991e-04-1.08014366e-02j -5.55035958e-02-9.69962498e-02j]
 [-2.83301183e-02-2.84856207e-03j  1.14212084e-02-2.45262572e-02j
   2.84041493e-01+5.52876428e-01j -4.91986902e-02-3.37216620e-02j
   3.26354454e-02+8.03261720e-03j -1.85372153e-02+2.79411466e-02j
  -2.38295906e-01-7.28192262e-01j  5.83457033e-02+4.85673505e-02j
  -3.24580677e-04+7.38968591e-03j -3.31406542e-04-2.05860805e-03j
   2.59683104e-02+2.27812820e-02j -3.29485298e-03-8.77047035e-04j
  -4.97666658e-03-9.29951071e-03j  2.58358403e-03-3.52398743e-03j
   4.76631340e-02+9.84909570e-02j -8.83949199e-03-6.09402953e-03j]
 [-3.74018136e-01+4.65241959e-01j -8.21909747e-03+2.62917511e-02j
  -2.83348209e-02-3.77472353e-03j -2.65390854e-02-2.69040614e-03j
   4.45846025e-01-6.51455732e-01j  3.23229226e-03-3.52097153e-02j
   3.80048251e-02+5.04914752e-04j  3.51099514e-02+5.60538851e-04j
  -6.51260382e-03+3.95993709e-02j  3.36042384e-04+1.71634466e-03j
  -7.39865251e-03+4.51002012e-03j -1.81444382e-03+1.00095386e-03j
  -7.44044834e-02+8.33352949e-02j -1.47437899e-03+5.18652258e-03j
   1.80810455e-03-6.43860064e-03j -4.79059769e-03-1.14114261e-03j]
 [-4.96160372e-03-3.01259083e-02j  3.05722367e-01+5.43590413e-01j
   2.54870155e-02+4.61632657e-03j -1.47482961e-02+2.52855328e-02j
  -3.42614541e-03+3.35914586e-02j -2.67300077e-01-7.21314255e-01j
  -3.00294366e-02-1.07318345e-02j  2.16104134e-02-2.92911205e-02j
  -4.66857718e-04-1.13094769e-03j  2.69838849e-02+2.21934011e-02j
   1.46853535e-03-6.21197005e-04j  1.22827800e-03+8.56786327e-03j
  -1.18062553e-03-5.41132044e-03j  5.15189541e-02+9.65658095e-02j
   4.28864404e-03+1.27237151e-03j -3.07531165e-03-4.33290061e-03j]
 [-1.84578666e-02-3.16090261e-02j -1.84350011e-02-3.06457632e-02j
  -4.93998372e-02+4.70121872e-02j -3.47020005e-01+7.07228650e-01j
  -1.57568142e-02-2.29666883e-02j -1.57702637e-02-2.31577578e-02j
  -3.82987471e-02+3.92932650e-02j -2.17456370e-01+5.54123625e-01j
   2.65747704e-03+4.09815143e-03j -2.82911119e-03+1.01929969e-02j
   5.95427169e-03-8.34134616e-03j  2.62427040e-02-1.04790726e-01j
  -1.56379389e-03-1.02324890e-03j -5.26972993e-03+3.93508324e-03j
  -2.05071607e-03+2.11212002e-03j -1.15267930e-02+3.35385287e-02j]
 [ 3.10151601e-02+1.33410370e-02j -2.32659138e-02+2.29998527e-02j
  -9.27191888e-02-7.60983456e-01j  2.88687414e-02+6.12842889e-02j
   2.35208483e-02+1.60198818e-02j -2.17030415e-02+1.56005198e-02j
   2.00912775e-02-6.21480975e-01j  1.95077293e-02+5.31593129e-02j
  -2.87067265e-03-1.09557542e-02j  3.71415936e-03-2.44034697e-03j
   7.96325261e-03+1.12194925e-01j -4.89048853e-03-9.02637544e-03j
   3.81608166e-03-6.16095656e-03j -9.06154652e-04+1.77648448e-03j
  -7.51438905e-03-3.32928678e-02j  1.32760658e-03+2.69912217e-03j]
 [ 7.82205818e-01+1.04712066e-01j  4.99324446e-02-5.53517282e-03j
   1.72041051e-02+3.34414928e-02j  1.54107554e-02+3.24782825e-02j
   5.96029260e-01+3.05883977e-02j  3.32203505e-02-6.34483540e-03j
   1.37355798e-02+2.48255167e-02j  1.34214474e-02+2.34304992e-02j
  -1.07600236e-01+8.56365416e-03j -5.69398013e-03+2.28786985e-03j
   5.01651828e-03-3.02812570e-04j -2.38589893e-03-3.78087538e-03j
   3.58347065e-02+4.14904724e-04j  2.25840187e-03-2.34701695e-04j
   7.27319481e-03+3.79945840e-03j  1.26267126e-03+1.41617128e-03j]
 [-1.81095951e-03+4.94202893e-02j -1.20133353e-01-7.58606060e-01j
  -2.78208331e-02-1.56162142e-02j  2.66523519e-02-2.38958717e-02j
  -8.28374178e-03+3.55451864e-02j -2.57327324e-03-6.23289720e-01j
  -2.02490301e-02-1.61783801e-02j  2.49313228e-02-1.46533843e-02j
   6.23097650e-04-6.70922779e-03j  1.21604709e-02+1.11720842e-01j
   3.73595044e-03+3.06530047e-03j -2.87571140e-03-5.48517715e-03j
  -1.71060434e-05+1.93268935e-03j -8.61039353e-03-3.33700307e-02j
  -1.52658591e-03-2.14478484e-04j  3.21069413e-03-7.90350001e-03j]
 [-3.92672051e-03-1.18467344e-03j -1.12876620e-02-7.83505859e-03j
   6.78555035e-04+7.53762820e-03j  4.27520505e-02+6.60828668e-02j
  -3.43830695e-03-1.84026331e-03j -1.09380393e-03-1.60611470e-03j
  -3.21091432e-03+7.75426185e-03j  7.65852011e-03+8.71719059e-02j
  -4.45860552e-02-5.97763025e-03j -4.37177401e-02-4.14055572e-03j
  -5.52661873e-03+9.35758819e-02j  4.38579647e-01+8.55967128e-01j
   8.60743572e-03-4.74872167e-03j  8.19412181e-03-4.41087166e-03j
  -5.67795708e-03-1.74200650e-02j -1.97218145e-01-9.27934034e-02j]
 [ 9.93792649e-03+9.66206982e-03j -2.71310752e-03+2.44642307e-03j
  -2.83171934e-02-7.21163487e-02j  6.04376971e-03+4.30099276e-03j
   3.65924523e-03-1.94571966e-04j -2.42741044e-03+2.83707476e-03j
  -1.37146038e-02-8.53003392e-02j  4.65893325e-03+6.86289897e-03j
   4.26294239e-02+9.95231209e-03j -2.34038006e-02+3.54786602e-02j
  -3.09964544e-01-9.23945946e-01j  7.00028981e-02+6.36748195e-02j
  -3.98092261e-03-6.75864435e-03j  6.42382265e-03-2.27734384e-03j
  -5.24333254e-02+1.43750693e-01j -8.58251352e-03-1.22272700e-02j]
 [ 4.91492048e-02-6.11712422e-02j  4.01255041e-04-3.46029037e-03j
  -1.24575701e-03+1.02358886e-02j  3.46405472e-03+8.62241603e-04j
   8.05119590e-02-3.50587073e-02j  3.36608448e-03-3.06440617e-03j
   3.00482695e-03-9.12503951e-05j  3.15259001e-03+2.10108409e-03j
   6.76322839e-01-6.88855000e-01j  1.61438443e-02-4.14195870e-02j
   4.56491342e-02+9.39904495e-03j  4.22640488e-02+8.43991533e-03j
  -2.65763707e-02+2.16691989e-01j  9.14502170e-03+9.60153552e-03j
  -8.26096392e-03+4.10833823e-03j -8.54152253e-03+4.53240488e-03j]
 [ 5.33925594e-04+3.56942301e-03j -3.08537717e-02-7.08357237e-02j
  -3.24150773e-03-1.42031451e-03j  8.99797732e-03+5.75708317e-03j
  -3.71122663e-04+4.39125956e-03j -1.69214936e-02-8.50972454e-02j
  -3.26479882e-03-1.65064090e-03j  2.99609039e-03-4.46862367e-03j
  -2.22544378e-04+4.63239456e-02j -3.46003697e-01-9.14828154e-01j
  -3.83783442e-02-1.31685759e-02j  2.82241987e-02-3.69815336e-02j
   8.73345496e-03-6.33017263e-04j -4.61958475e-02+1.46326700e-01j
   3.31613932e-03+5.70592058e-03j -6.97739543e-03+9.86373047e-04j]
 [-1.94378771e-03-3.42493610e-03j -3.85885749e-03-1.98556486e-03j
  -6.35698505e-03+4.59840435e-03j -3.93949271e-02+7.32606584e-02j
   5.26464208e-04+4.23481699e-03j -2.07455561e-03+1.39091088e-02j
   5.67291861e-03-3.93014526e-03j  4.76015752e-02-6.25027355e-02j
  -2.84510039e-03+9.59766801e-03j -3.44531105e-03+1.06846105e-02j
   1.32582133e-02+8.75648413e-04j  2.09840633e-01-6.50924418e-02j
   1.63655304e-02+4.18749273e-02j  1.71043986e-02+4.12191736e-02j
   7.32583806e-02-4.74135544e-02j  5.48937080e-01-7.90516496e-01j]
 [ 1.34418451e-03+1.79079192e-03j -3.49867831e-03+1.34118202e-03j
   2.73648817e-02-8.34028842e-02j  8.87874820e-04+8.19359252e-03j
  -3.50738580e-03-1.33830600e-02j  3.36612731e-03-5.19416477e-04j
  -1.46986533e-02+7.44215052e-02j -1.35034730e-03-6.48111823e-03j
  -6.45892541e-03-1.40609296e-03j  2.71705016e-03-5.52845534e-03j
   6.56788332e-02+1.37537692e-01j -4.05202406e-03-7.77247325e-03j
  -3.20023494e-02-2.99803758e-02j  3.78360546e-02-1.80068615e-02j
  -2.06488055e-01+9.53229277e-01j -1.36870404e-02-8.75694416e-02j]
 [ 8.23239271e-02+1.42783496e-02j  4.33532010e-03-3.09319180e-04j
   3.53351752e-03+5.16974156e-03j  1.68109916e-03+3.50033967e-03j
  -7.39893513e-02-2.53726964e-02j -4.45937718e-03+2.81935879e-05j
   1.00718095e-02-3.87292154e-03j -2.29816773e-04-3.63526204e-03j
  -1.27864278e-01-1.78135744e-01j -1.63397241e-02-8.86353203e-03j
   4.48884064e-03-9.10133653e-03j  3.55486743e-03-9.52992882e-03j
  -9.26065513e-01-2.70513856e-01j -5.63050110e-02-2.37210978e-03j
  -1.37580522e-02-4.46005802e-02j -1.25047643e-02-4.19343770e-02j]
 [-2.57297075e-03+4.11297885e-03j  2.42774852e-02-8.46461979e-02j
  -2.00837927e-03-2.84310748e-03j  2.73516963e-03-2.28075669e-03j
   1.23328077e-03-4.56652708e-03j -1.20922809e-02+7.45695598e-02j
   2.04594360e-03+3.00386272e-03j -4.69665366e-03-9.73093083e-03j
  -2.64570503e-03-1.50590359e-02j  7.02544177e-02+1.34657778e-01j
   6.40404908e-03+1.09445987e-03j -2.90457413e-03+5.01185548e-03j
   2.24238939e-02-5.37391459e-02j -1.72195805e-01+9.62372245e-01j
   2.67371926e-02+3.05519856e-02j -4.27231700e-02+1.68565586e-02j]]

********* Summary *****************
Final fidelity error 0.2729319637213994
Final objective value 0.285481810200139
Final penalized error 0.012549851021576724
Final gradient 0.060352410550451256
Number of iterations 841
Terminated due to function converged
Completed in 0:01:26.348740 HH:MM:SS.US
Computational time 86.34874020800001
total tv norm 57.786949277133324
total l2 norm 1.2549851021576723
