Final evolution
[[-7.33354448e-02+4.62306969e-02j -4.72136347e-02+8.35935986e-02j
  -4.30780506e-02+1.42713356e-02j -8.85278729e-02-1.75754133e-01j
  -4.88480869e-02-1.61686941e-03j  6.97079353e-02+7.10327921e-02j
   8.03831888e-02+1.54602051e-02j -2.84600467e-02+2.35955184e-02j
  -4.02209050e-02+2.76829187e-02j -1.05026612e-01+4.49120255e-02j
   3.48109871e-02-6.63450436e-02j  3.26586908e-04+2.94831736e-02j
  -3.64139106e-02+1.57008104e-01j  1.59716690e-02+1.68497372e-01j
   1.72983316e-02+2.54652457e-02j -1.89892062e-01-8.99208245e-01j]
 [-1.79196615e-02+4.87579716e-02j  4.91886622e-02-6.93995443e-03j
  -6.33415084e-02-1.76627043e-01j  7.34672442e-03+1.14381384e-01j
  -9.42533136e-02-9.23770806e-02j  6.56038265e-02+5.88906341e-02j
  -3.92282473e-02+2.27365583e-02j  1.28843810e-02+6.65354562e-02j
  -4.27064866e-02-3.66149606e-02j  2.32148624e-02-5.79307367e-02j
  -2.80447931e-02-2.82922148e-02j  2.10272473e-03+5.16322956e-02j
   3.11357833e-02-8.03264386e-02j  2.85720359e-03-2.69780986e-02j
  -4.16930546e-01-8.47042559e-01j -7.55969536e-03-6.16912181e-02j]
 [ 3.10983281e-02+1.72565731e-02j -7.50627140e-02+1.45371282e-01j
  -5.59175333e-03+7.91885597e-03j -1.99607800e-02+9.49329441e-02j
  -2.28598448e-02-7.68516668e-04j -1.60488837e-02+8.76862492e-02j
   7.87953178e-03-7.85127993e-03j -1.45196026e-02-6.74791340e-02j
   1.04262784e-02+2.71401671e-02j -1.38988373e-03+5.45395119e-02j
  -1.80694649e-02-5.99597476e-02j -1.19729301e-01+3.90415684e-02j
   3.52549011e-02-6.11013300e-02j  1.33311849e-01+9.32835732e-01j
  -3.83783342e-02-9.05711781e-03j  6.10687228e-02+1.65189768e-01j]
 [ 1.76266853e-01+9.30856876e-02j -1.37545256e-01-5.31020378e-01j
   6.30770454e-02+6.15869906e-03j -9.35611468e-02-4.80883303e-01j
  -4.46189074e-02+1.71806195e-01j -1.38547807e-02-8.82866521e-02j
   5.65428364e-02+2.60261696e-02j -7.79999827e-02-4.95467411e-01j
   1.36324500e-01+2.00674936e-02j -3.10719706e-02+2.66336779e-02j
  -3.64809963e-02-6.85788844e-02j  6.81670309e-02-1.40564368e-02j
   1.73576668e-01+1.38547034e-01j  1.09015228e-01+5.34316242e-02j
  -3.81758280e-02-1.38204146e-01j  2.79442037e-02+5.88329390e-02j]
 [-2.54901697e-02-2.05821601e-02j  1.17569356e-01+7.15355707e-01j
  -1.94150766e-02-1.11219797e-02j -6.43647063e-02-3.10336576e-01j
  -5.68361703e-02+8.79394274e-02j -2.22406364e-02+9.35866712e-02j
  -3.41905466e-03+4.67789988e-02j  1.27726565e-02-5.42767876e-01j
  -4.03290413e-02-1.24304038e-02j -5.50920248e-02-1.98734894e-02j
  -4.37406777e-02+3.80512485e-02j -2.94323302e-02+3.85612719e-02j
  -6.45068665e-02-7.02323735e-02j -7.34413249e-02-1.30851279e-01j
  -3.57898890e-02-5.37676452e-02j -1.07727658e-02+9.17518986e-02j]
 [-4.28418035e-02+7.11803121e-02j  1.86169870e-02-2.26794120e-02j
  -7.67796013e-02-3.50712726e-02j -8.06968909e-03-2.08051622e-02j
  -4.28183855e-02+8.74009526e-03j -2.48490202e-02+8.77824514e-02j
  -3.18293566e-01-9.21189038e-01j  2.48865809e-02-7.77089251e-02j
   2.12867093e-02-3.18156024e-02j -3.68544015e-03+2.28963391e-02j
   5.82409492e-02+2.75028368e-02j  1.33867526e-02-6.14467344e-02j
  -4.36014322e-02+2.97325876e-02j -6.46626449e-03-5.28994012e-04j
  -3.43002305e-02+1.52714306e-02j  4.84729532e-02-3.36120624e-02j]
 [ 2.36511236e-03+1.20965484e-01j -3.54195562e-02+2.33313697e-01j
   3.52800777e-02+8.11856241e-03j  1.83008310e-02+9.05105964e-02j
  -5.41655131e-02+1.82833363e-02j -2.79523245e-01-3.97133190e-01j
  -1.13769286e-02-3.20152194e-02j -9.13745908e-02+9.50482751e-02j
  -1.65863937e-01+1.10109367e-01j -5.20940344e-02-7.26409252e-02j
  -3.39010943e-02+6.89736191e-03j  2.51684315e-02+1.67585893e-02j
   2.59470630e-01+7.18923790e-01j  4.19852584e-02+3.82945683e-04j
  -7.05031466e-02-4.87333279e-02j  1.24206184e-01+6.10855382e-02j]
 [ 8.15682858e-02-6.20813259e-02j -1.44758389e-04+4.95304191e-02j
  -6.86533161e-02-2.31660435e-02j  2.75750056e-02+2.22111222e-03j
   3.45461555e-01+8.64567218e-01j  7.63177675e-02-7.16022135e-03j
   1.37552515e-02-3.05209907e-02j  1.50988286e-01+1.87918331e-01j
  -2.16751047e-03+6.67733433e-02j -6.60591043e-02-5.82401044e-02j
   4.15120524e-02+4.71584381e-02j -1.89091410e-02+5.18119826e-02j
  -8.80990025e-02+2.34928790e-02j -2.99291365e-02+2.74812110e-02j
   3.86335031e-02-1.32385572e-01j  2.85402282e-02-9.53950308e-03j]
 [-1.06974727e-02-3.94515636e-03j -6.15498293e-02-3.07189425e-02j
  -1.38987154e-02-7.43812352e-02j -8.86324521e-02+3.03182185e-03j
  -3.47061487e-02-1.60442843e-02j -7.09341809e-02+1.75920740e-03j
  -5.05965151e-02-2.45040119e-02j  3.74860736e-02+7.02098963e-03j
  -6.11714584e-02-1.08289122e-01j  1.14252873e-02-8.60923210e-03j
   8.90471059e-02-1.76099744e-02j  3.75758289e-01+8.87850234e-01j
   3.11241245e-02-4.26639706e-02j -8.90330426e-02+1.98266809e-02j
   3.16326279e-02+6.39674044e-02j -7.13975029e-03+2.82555693e-02j]
 [ 2.19264625e-03-6.95715406e-03j -1.11651198e-02-3.84937399e-02j
  -1.22761171e-02-3.06056352e-02j -1.01863172e-01-5.01194706e-02j
  -3.05546704e-02-5.84973642e-02j  5.42739622e-02-8.99397726e-02j
  -4.37668344e-02+5.55169797e-02j  1.12384442e-01-1.28553604e-02j
  -2.08606323e-02-6.29097977e-02j -2.71583642e-02+5.75925695e-03j
   1.57992902e-01+9.46704358e-01j  7.73146744e-02-5.35772342e-02j
   4.14531576e-02+1.16326509e-03j  4.04674154e-02+9.68479200e-02j
   1.70629755e-02-3.38337950e-02j -2.76041044e-02-3.20015819e-02j]
 [ 9.64388168e-02-3.19430800e-02j  2.56134812e-02-2.39249371e-02j
  -1.41018409e-02-6.60835206e-03j -6.72353474e-02-2.74836335e-03j
   1.85383123e-02-9.70012175e-02j  2.86339747e-02+5.72178822e-02j
  -8.37643425e-03-2.52438806e-02j -3.51972051e-02+1.48309481e-02j
   9.36750937e-02-4.89594706e-03j -3.87915320e-01-8.87852428e-01j
   3.52953849e-02-2.27104923e-02j -8.04213032e-03-6.01846249e-03j
   8.03262058e-03-2.14108598e-02j  4.66211440e-02+4.21543543e-02j
   4.73383993e-02+3.58222006e-02j -9.74236727e-02+2.75046244e-02j]
 [-1.56602694e-02-5.36048821e-02j  1.39591428e-01-6.37667634e-02j
  -2.81532823e-02-1.34408929e-02j  1.49926924e-01+5.91871373e-03j
   4.01996188e-02+9.91257665e-02j -1.70250988e-01-6.30416278e-03j
   3.41670963e-02+1.82716816e-02j  4.64985054e-03-6.04383044e-02j
  -2.90778620e-01-8.80471041e-01j  4.29822505e-02-5.42622035e-02j
  -3.00907119e-02-4.63263228e-02j -2.10215572e-02-1.08928872e-01j
   1.10425779e-01+1.95457961e-02j  1.69777825e-02+5.69241291e-02j
  -2.65214469e-04+3.58728588e-02j -7.21084744e-02-4.09492804e-02j]
 [-4.28619564e-02-8.45378448e-02j -1.00110025e-01-1.05941382e-01j
   1.95057872e-02-3.55852006e-03j  3.19678363e-01+6.47996015e-01j
   2.71651521e-02+1.14385237e-01j  7.23473249e-02+6.91730757e-02j
   4.27274085e-02-6.49115994e-03j -1.79623090e-01-5.46700731e-01j
  -1.53191188e-02+1.08875743e-01j -1.40802539e-02-3.83615228e-02j
  -8.57401142e-02+1.15108549e-01j -4.36064214e-02+7.87305430e-02j
   8.82226506e-02+3.98873204e-02j -5.34123309e-02-5.71110494e-02j
   5.52856981e-02+1.57713363e-02j -6.14417781e-02-1.59375496e-01j]
 [ 3.85472827e-03+2.96206569e-02j  2.23682707e-02-2.60025806e-02j
  -1.79681516e-01-9.48784803e-01j  7.71922062e-03-1.87508387e-02j
   5.65095192e-02-2.99795427e-02j  3.09870073e-02+1.10334694e-02j
  -2.99886826e-02+6.92609053e-02j  1.66911126e-02-3.30454955e-02j
  -6.09865196e-03+3.99135130e-02j -1.41857454e-02+3.51332558e-02j
   1.52080691e-03-3.81109647e-02j -3.27964267e-02-6.69941300e-02j
  -2.43986400e-02+8.52539517e-02j  2.44573233e-02+1.09712932e-02j
   5.04325897e-02+1.69964500e-01j -4.23806445e-02+3.01170061e-02j]
 [ 3.83948525e-02+7.89448515e-02j -1.14722301e-01+1.01772221e-02j
   1.02457690e-02+5.54760457e-02j  1.29566234e-02-2.15121913e-02j
   3.19635457e-02-2.98439777e-02j  1.81409810e-01+7.82828083e-01j
   8.25309252e-02+5.50921441e-02j -2.43554475e-02+8.68962581e-02j
   7.82171732e-02-1.02477263e-01j  1.60958882e-02+4.81628441e-02j
   9.60068818e-02+6.25978843e-02j  3.30596322e-03+2.29029461e-02j
   2.39120873e-02+4.90269192e-01j  2.44100735e-03-7.09595702e-02j
  -6.38001260e-02+2.42154326e-02j -5.53054505e-04+1.61491994e-01j]
 [ 2.34629584e-01+9.10718898e-01j -6.63671431e-02+6.98284067e-02j
   6.90401926e-03+1.74378896e-02j -1.98456391e-02+1.30988956e-01j
   1.35366196e-01-6.17712419e-03j  1.89706954e-02-2.66741379e-02j
   6.71538920e-02+2.41514873e-02j -2.28668137e-02-1.49902067e-02j
  -1.81528136e-02-9.03592792e-02j -8.90715966e-02+2.33789002e-02j
  -1.31690510e-02+2.36966713e-02j -2.21760252e-02+8.50683549e-03j
  -5.15881843e-02-1.71724854e-01j -2.96875508e-03-5.70328675e-02j
   4.00321804e-02+3.66911266e-02j  7.36265291e-02-3.20295242e-02j]]

********* Summary *****************
Final fidelity error 0.06297628985011006
Final objective value 0.06297628510487674
Final penalized error 0.0
Final gradient 0.015024003248659558
Number of iterations 5000
Terminated due to Iteration or fidelity function call limit reached
Completed in 0:09:09.263781 HH:MM:SS.US
Computational time 549.263781
total tv norm 337.4453506506026
total l2 norm 6469.17655556428
