Final evolution
[[ 0.28499901+3.76667847e-02j  0.12427399+2.32174853e-02j
   0.02724771+8.50065840e-02j  0.1864212 +6.57541799e-01j
  -0.13705284-3.65768353e-02j -0.05932946-1.92731247e-02j
  -0.00791991-4.33289607e-02j -0.04934992-3.33607523e-01j
   0.04805156+1.02046269e-02j  0.02086263+5.60695922e-03j
   0.00351212+1.48437755e-02j  0.02301955+1.14495821e-01j
  -0.19261828-4.20871663e-02j -0.08360175-2.29946162e-02j
  -0.01374702-5.96591352e-02j -0.08969762-4.60078399e-01j]
 [ 0.12436956+2.70262916e-04j -0.28192789-8.30609997e-03j
   0.20926614+6.53304816e-01j -0.02323743-8.68865150e-02j
  -0.06083731-8.05104367e-03j  0.13741957+2.20149935e-02j
  -0.06079782-3.32988924e-01j  0.00583797+4.39934780e-02j
   0.02118389+1.69896194e-03j -0.04791858-5.16195157e-03j
   0.02696771+1.14077631e-01j -0.00280395-1.51107406e-02j
  -0.08498307-7.31715228e-03j  0.19220317+2.18449089e-02j
  -0.10555365-4.58492826e-01j  0.01089845+6.07139623e-02j]
 [-0.15068826-4.83657873e-01j  0.12817409+4.52739649e-01j
  -0.24116052+1.72724793e-01j -0.06493121+5.88807309e-02j
   0.04293711+2.46250261e-01j -0.03388945-2.29688340e-01j
   0.12899845-6.91598582e-02j  0.03552013-2.46763029e-02j
  -0.01924311-8.43982125e-02j  0.01581853+7.88317904e-02j
  -0.04337946+2.62201176e-02j -0.01184417+9.16790541e-03j
   0.0752485 +3.39190721e-01j -0.06163464-3.16768951e-01j
   0.17472321-1.04215978e-01j  0.04775303-3.65174510e-02j]
 [ 0.13203345+4.48924413e-01j  0.13217732+4.89183913e-01j
  -0.07241711+4.36392614e-02j  0.23114893-1.93372119e-01j
  -0.03602078-2.28067261e-01j -0.03352779-2.47775554e-01j
   0.03821256-1.67419533e-02j -0.12541439+7.99001295e-02j
   0.01652672+7.82331226e-02j  0.01601616+8.50936058e-02j
  -0.01291689+6.47189237e-03j  0.04194831-2.98706348e-02j
  -0.06449106-3.14382813e-01j -0.06228055-3.41905833e-01j
   0.05199508-2.56715837e-02j -0.16906503+1.18901245e-01j]
 [ 0.20341834+2.62483715e-02j  0.08871559+1.62920598e-02j
   0.01962672+6.05890907e-02j  0.13444719+4.68721352e-01j
   0.29073235+6.19291445e-02j  0.12622341+3.40065248e-02j
   0.02119739+8.98359377e-02j  0.13887033+6.92924432e-01j
   0.05880796+7.24615777e-03j  0.02565557+4.55973150e-03j
   0.00577013+1.74708075e-02j  0.0396154 +1.35184133e-01j
   0.09601533+2.98737916e-02j  0.041465  +1.53681816e-02j
   0.00435561+3.09189339e-02j  0.02529908+2.37721056e-01j]
 [ 0.08873343-8.00985411e-05j -0.20116279-5.30740684e-03j
   0.15073687+4.65648299e-01j -0.01676967-6.19391484e-02j
   0.12818195+1.03595894e-02j -0.28994643-3.14143384e-02j
   0.16276302+6.90408562e-01j -0.0169111 -9.14487669e-02j
   0.02563363-1.69970395e-04j -0.05812171-1.20035774e-03j
   0.04431616+1.34269418e-01j -0.004947  -1.78655468e-02j
   0.04285779+7.46327007e-03j -0.09669653-1.95703156e-02j
   0.03342548+2.37614229e-01j -0.00286175-3.13293533e-02j]
 [-0.10857156-3.44740363e-01j  0.09244072+3.22730822e-01j
  -0.1716796 +1.23761617e-01j -0.04619668+4.21515934e-02j
  -0.11613022-5.10783290e-01j  0.09542807+4.77086935e-01j
  -0.26259599+1.58502186e-01j -0.07170572+5.54329027e-02j
  -0.03193516-9.94106916e-02j  0.02723878+9.30791557e-02j
  -0.04939088+3.60369713e-02j -0.01327578+1.22534104e-02j
  -0.02328521-1.75660684e-01j  0.01735612+1.63668089e-01j
  -0.09337067+4.52521628e-02j -0.02587293+1.64500973e-02j]
 [ 0.09518586+3.20000330e-01j  0.09537685+3.48723598e-01j
  -0.05157102+3.12938263e-02j  0.16449141-1.38470709e-01j
   0.09971567+4.73466903e-01j  0.09660067+5.14979260e-01j
  -0.07818697+3.91147583e-02j  0.25394935-1.80597573e-01j
   0.02802729+9.22858148e-02j  0.02813   +1.00583223e-01j
  -0.01484631+9.12565657e-03j  0.04728998-4.02743141e-02j
   0.01891265+1.62581571e-01j  0.01657648+1.76468718e-01j
  -0.02755033+1.07523075e-02j  0.09114294-5.29631805e-02j]
 [ 0.10859618+1.22049850e-02j  0.04740374+7.90369774e-03j
   0.01098537+3.21059530e-02j  0.07572136+2.48525840e-01j
  -0.04093749-4.58168829e-03j -0.01787023-2.97101414e-03j
  -0.00414655-1.21004268e-02j -0.02858663-9.36686417e-02j
  -0.34370663-4.16109916e-02j -0.14996285-2.63248259e-02j
  -0.03393147-1.02011026e-01j -0.23314886-7.89394610e-01j
   0.10029847+2.20524887e-02j  0.04352914+1.20338177e-02j
   0.0071197 +3.10833855e-02j  0.04640702+2.39697278e-01j]
 [ 0.04727012-8.18371574e-04j -0.10721152-1.06885664e-03j
   0.08437247+2.46746334e-01j -0.00947515-3.28501431e-02j
  -0.01781834+3.16748747e-04j  0.0404136 +3.84163941e-04j
  -0.03184736-9.29963442e-02j  0.0035774 +1.23812134e-02j
  -0.14977606+1.31070805e-03j  0.33962197+6.29368236e-03j
  -0.26060423-7.83991667e-01j  0.02912682+1.04327698e-01j
   0.04425928+3.86899832e-03j -0.10009602-1.15088309e-02j
   0.05466686+2.38882199e-01j -0.00563528-3.16308653e-02j]
 [-0.06085284-1.82703851e-01j  0.05206709+1.71119758e-01j
  -0.09037668+6.74321359e-02j -0.0242418 +2.28591979e-02j
   0.02297043+6.88596255e-02j -0.01965661-6.44945345e-02j
   0.03405572-2.54343597e-02j  0.00913396-8.62101823e-03j
   0.18782977+5.80464350e-01j -0.16031024-5.43527156e-01j
   0.28814612-2.11177109e-01j  0.07741903-7.17615538e-02j
  -0.03896326-1.76721936e-01j  0.03188759+1.65034083e-01j
  -0.09107714+5.41630876e-02j -0.02489746+1.89879952e-02j]
 [ 0.05350563+1.69641150e-01j  0.05385847+1.84941181e-01j
  -0.02719978+1.71219393e-02j  0.08641874-7.52052481e-02j
  -0.02019861-6.39369213e-02j -0.02033429-6.97042101e-02j
   0.01024997-6.45887422e-03j -0.03256242+2.83637444e-02j
  -0.1649077 -5.38881870e-01j -0.1656106 -5.87362628e-01j
   0.08663446-5.35054407e-02j -0.275818  +2.35910016e-01j
   0.03337701+1.63793182e-01j  0.03220693+1.78127310e-01j
  -0.02709959+1.33359358e-02j  0.08814001-6.18158983e-02j]
 [-0.08469025-1.50010705e-02j -0.03684003-8.57158089e-03j
  -0.0070279 -2.57658990e-02j -0.04708553-1.98984339e-01j
   0.181787  +2.87322106e-02j  0.07915808+1.68761044e-02j
   0.01605876+5.48461447e-02j  0.10863683+4.23850045e-01j
  -0.13424681-1.54558221e-02j -0.05859197-9.93217068e-03j
  -0.01347683-3.97382776e-02j -0.0928037 -3.07574988e-01j
  -0.28624271-5.08456468e-02j -0.12451143-2.90340724e-02j
  -0.02371305-8.71046823e-02j -0.15882933-6.72678356e-01j]
 [-0.03716994-1.71401626e-03j  0.08415788+6.18496589e-03j
  -0.05396942-1.98017927e-01j  0.00580456+2.62751384e-02j
   0.07959169+2.19151588e-03j -0.18029802-9.89163304e-03j
   0.12332628+4.21509171e-01j -0.01346168-5.59842060e-02j
  -0.05845592+8.53795804e-04j  0.13257184+1.68049681e-03j
  -0.10350743-3.05403440e-01j  0.01160683+4.06534730e-02j
  -0.12563789-5.85488457e-03j  0.28445771+2.10448416e-02j
  -0.18209964-6.69423057e-01j  0.01957712+8.88239829e-02j]
 [ 0.03868858+1.46541981e-01j -0.03236522-1.37005006e-01j
   0.07435002-4.84597014e-02j  0.02018087-1.67464965e-02j
  -0.08859006-3.11985005e-01j  0.07468288+2.91832042e-01j
  -0.15714523+1.06629151e-01j -0.04251139+3.66296062e-02j
   0.07463789+2.26131207e-01j -0.06381238-2.11777172e-01j
   0.11198347-8.30826618e-02j  0.03005337-2.81860594e-02j
   0.1305326 +4.95400462e-01j -0.10917428-4.63153457e-01j
   0.25139549-1.63679553e-01j  0.06824235-5.65727598e-02j]
 [-0.03356887-1.35915331e-01j -0.03308317-1.47950601e-01j
   0.02221822-1.20925854e-02j -0.07162874+5.47625659e-02j
   0.07721478+2.89452943e-01j  0.07665343+3.15221213e-01j
  -0.04705496+2.67536227e-02j  0.15107296-1.20005856e-01j
  -0.06559619-2.09953571e-01j -0.06598131-2.28874434e-01j
   0.03369194-2.10815928e-02j -0.10711519+9.27079665e-02j
  -0.11324461-4.59472153e-01j -0.11158306-5.00152605e-01j
   0.07512126-4.08383957e-02j -0.24220749+1.84988785e-01j]]

********* Summary *****************
Final fidelity error 0.5288868145563994
Final objective value 0.612109984622046
Final penalized error 0.08322318196036936
Final gradient 0.15638400314349296
Number of iterations 1039
Terminated due to function converged
Completed in 0:01:08.681424 HH:MM:SS.US
Computational time 68.681424417
total tv norm 67.94106742555637
total l2 norm 8.322318196036935
