Final evolution
[[-4.23907105e-03-2.87155012e-03j -1.92509483e-03+1.44491546e-03j
   7.35254597e-04-1.76654335e-03j -8.85800258e-01+4.62924202e-01j
   1.25375682e-02+7.45302115e-03j -4.24415968e-05-1.50744998e-04j
   4.25232310e-03+3.29860589e-03j  2.16689733e-02-1.23750906e-02j
   9.25336880e-04-3.03227279e-03j -8.71186753e-04-1.52229640e-03j
  -1.34754860e-03+1.23161853e-04j -1.24905734e-05+9.50772966e-04j
  -8.62043264e-03-3.78570458e-03j  1.61004129e-03+2.37985994e-03j
   1.53649305e-03+2.17822910e-04j  6.21327041e-03-2.28628391e-03j]
 [ 9.97773113e-04-1.14307794e-03j -2.40200544e-03+1.95339897e-04j
  -8.86594857e-01+4.61780256e-01j -1.90392081e-03-4.71765440e-04j
  -1.37997499e-03+7.20183977e-04j -8.43919899e-04+3.77924922e-04j
   2.19184082e-02-1.19402185e-02j -2.59908602e-03+1.27250669e-03j
   1.92109511e-03+1.27981106e-03j -3.88814863e-03+1.73830672e-03j
   2.45230634e-03-2.52360955e-04j -1.25257149e-03-8.60858912e-04j
  -3.17166449e-04-2.61651420e-03j -1.01279767e-03+2.40146638e-03j
   3.13933431e-03-2.03582975e-03j  1.46589051e-03-4.63277899e-04j]
 [-2.15739057e-02+1.48426053e-02j -8.86141084e-01+4.61652715e-01j
   1.43160961e-03-1.82845871e-03j  2.07805284e-03-8.65499029e-04j
  -4.29750274e-03-3.55786890e-03j  2.38709251e-02-1.21293293e-02j
  -1.19473829e-03-3.82686940e-04j -8.41236173e-04-4.98482087e-04j
   9.78747836e-04+2.41282471e-04j -1.45089415e-03-5.08111071e-04j
  -1.24076022e-03-3.00041275e-03j  4.43815439e-04+2.27684717e-03j
   9.21194389e-03+6.21889866e-03j  4.71678838e-03-2.31983278e-03j
  -5.86989727e-04-2.66802426e-03j  7.50281877e-04-2.33737575e-03j]
 [-8.86633027e-01+4.60335001e-01j  2.42047989e-02-8.90386247e-03j
  -1.63151654e-03+2.50733090e-04j  2.94353532e-04-5.54883086e-03j
   2.12856921e-02-1.14074257e-02j -1.31913074e-02+6.72082864e-03j
   3.32076093e-05-3.98652888e-04j  1.31850945e-02-5.68788609e-03j
  -1.38943072e-03-5.11007285e-04j -1.81874261e-03+2.27657872e-04j
  -8.80270656e-04-1.78371337e-03j -7.86797472e-04-3.33991448e-03j
   3.29371864e-03-2.18597750e-03j  9.51709429e-03-6.20234940e-03j
   1.40375016e-04+2.94157375e-03j -8.61713285e-03+4.14506846e-03j]
 [-1.24624406e-02+7.40770239e-03j  4.05501158e-04-1.07007636e-03j
   2.54749502e-03-1.57968058e-03j -2.25956613e-02+1.06041093e-02j
  -4.10431576e-03-1.76678466e-03j  2.85480851e-04-4.84259910e-04j
   5.12850301e-05-4.41606052e-03j -8.87294198e-01+4.60062719e-01j
   1.76992282e-03-1.81238989e-03j  2.44474788e-03+1.38985597e-03j
   1.01997646e-02-4.30603433e-03j  8.57726656e-04-9.67837513e-04j
  -2.70884585e-03-1.43024869e-03j  2.20690224e-03+1.29595671e-03j
  -1.36452392e-03+1.44506637e-03j  3.08514232e-03-2.09039708e-04j]
 [-3.21933489e-04-3.02263327e-04j  9.53983661e-05-1.18377287e-03j
  -2.22814329e-02+1.11813297e-02j  1.72550789e-04+5.30739301e-03j
  -1.09850491e-03+5.54744797e-04j -6.81858075e-03-4.81077784e-04j
  -8.86240557e-01+4.62183864e-01j -3.75476900e-03-2.60557579e-03j
  -2.53900266e-03-8.73503501e-04j -4.34313327e-03-8.39530911e-03j
  -9.69854302e-04+1.84933717e-03j -1.73229570e-03-1.08865467e-02j
  -9.85060498e-04-1.86643764e-03j -1.77619299e-03-1.99376700e-03j
   1.77588434e-03+6.78519835e-04j  2.38133738e-03-1.92401259e-04j]
 [ 1.19545711e-02-6.15839710e-03j -2.39942203e-02+1.25373310e-02j
   1.01258752e-03-7.04907078e-04j -8.20322563e-05+3.14907073e-04j
  -2.37990717e-02+1.45276682e-02j -8.87088929e-01+4.59580543e-01j
   3.51061475e-03-5.89842026e-03j -6.18726246e-04-1.28583545e-04j
   9.10507562e-04-2.10251912e-03j  5.75633249e-04-9.12954288e-04j
   9.48334148e-03-3.82083608e-04j -2.39876382e-03-1.62495802e-03j
   1.69132478e-03-1.76783106e-03j  5.08283029e-04-1.06143879e-03j
   1.65070837e-03-3.77625866e-04j -6.86086252e-04-1.73831909e-03j]
 [-2.19884456e-02+1.08122615e-02j  8.22309002e-04-6.00536018e-03j
   1.33249733e-03-6.87221732e-04j -1.04504959e-03+1.43066068e-02j
  -8.86972002e-01+4.60027276e-01j  2.53125870e-02-1.07484652e-02j
   1.07546210e-03-4.31830106e-04j  1.30333672e-03-4.85802582e-03j
  -2.19870292e-04+2.91196877e-04j  1.33915405e-03-1.54710758e-03j
   1.25260581e-03+2.07101123e-03j  1.88653994e-04-2.49307549e-03j
  -1.13393587e-03+2.77081868e-05j  6.86570400e-04+6.49397423e-04j
   5.42094887e-04+2.21005340e-03j -1.82653631e-03+6.27708890e-04j]
 [-2.29858026e-03-2.51492429e-03j  1.70645563e-03+1.63808068e-03j
  -1.84322524e-04-1.71880260e-03j  6.39503850e-04+5.51220632e-04j
  -2.11621098e-03-1.30448499e-03j  1.50322049e-06-2.97775113e-03j
  -7.92705249e-03-7.64680259e-03j -1.26239065e-03+1.80765011e-04j
  -3.88487180e-03+4.55936958e-03j -1.76216119e-03+1.61479586e-03j
  -7.10639264e-04+3.82169402e-03j -8.87289774e-01+4.60939107e-01j
   5.91019682e-04+1.04246108e-03j  1.17489662e-03-6.01253031e-04j
  -3.37885726e-03-4.65994740e-03j -4.12305072e-05+3.02842736e-04j]
 [-1.04071235e-03-1.70769427e-03j -1.97579539e-03-2.44135637e-03j
  -1.53411069e-03+1.84748527e-03j  6.55329792e-04-7.93710606e-04j
   8.28517324e-04+2.45039871e-03j -5.79243480e-03+7.50195576e-03j
   2.05639920e-03+1.94076372e-04j -9.41507199e-03+5.95917933e-03j
   1.07413549e-03-7.15974787e-04j  5.28941549e-03+5.31215640e-04j
  -8.87897586e-01+4.59289244e-01j  3.46056131e-03+1.64171394e-03j
  -4.34192642e-04+1.11838939e-04j -8.27650208e-03+1.17586597e-02j
   7.71306505e-04+9.08654399e-04j -1.12057524e-02+8.19015622e-03j]
 [ 1.20250305e-03-1.33364707e-03j  4.37558801e-04-1.48432227e-03j
   3.51923214e-03-2.37373913e-03j -9.57345639e-04-1.51946458e-03j
  -2.11509259e-03+2.85700139e-04j -1.08040950e-03-6.06547738e-05j
  -4.48026951e-03-8.34758302e-03j -3.11438440e-04+2.89345982e-03j
  -2.06416720e-02+1.08412840e-02j -8.86518607e-01+4.61664759e-01j
  -2.66494904e-03+4.59655613e-03j  2.68550495e-03-5.85127083e-04j
   2.69175921e-03+4.82069240e-03j  9.82901577e-04+5.76843758e-05j
  -6.94824626e-03-1.26614160e-02j -1.24905547e-04+3.72538504e-04j]
 [ 2.94788316e-04-1.35883390e-03j -4.85451113e-04+1.00877375e-03j
  -1.00377705e-04+2.30449274e-03j -3.05477861e-03-9.64058678e-04j
   3.49537458e-04+6.30765422e-05j -2.21629020e-03-5.00770119e-04j
   8.96591691e-04-2.39797353e-03j -2.42504564e-03+3.88825410e-04j
  -8.87207439e-01+4.60674976e-01j  2.07741039e-02-1.06376306e-02j
  -1.04561379e-03+3.79521169e-04j  5.92613163e-03-5.18063645e-04j
  -2.04191729e-03+5.97740168e-04j -4.05867407e-03-3.84117526e-04j
   7.62321698e-04+5.57441726e-04j  4.86194825e-04-1.12288346e-03j]
 [ 8.27944924e-03-4.59488316e-03j -2.52922670e-03-5.41817025e-04j
  -1.24289202e-03+9.44974241e-04j -5.54144096e-03+3.80265392e-03j
   1.39948163e-03-1.07034103e-03j -8.25690492e-04-1.64942688e-03j
  -1.50466420e-03+1.82396868e-03j -1.82696681e-03+2.27503071e-03j
  -1.17580154e-03-2.75144401e-04j  3.51557847e-04+7.98297860e-05j
   1.31817316e-02-4.42758010e-03j  2.28172738e-04+1.24723762e-04j
  -3.70986002e-03+9.26669395e-03j  2.43407698e-04-2.11798233e-04j
  -1.35727162e-03+1.84436771e-03j -8.87415373e-01+4.60466488e-01j]
 [ 2.39857885e-03+1.78836942e-03j -1.92684892e-03-1.98980741e-03j
  -3.43940768e-03+1.49939969e-03j -5.98240950e-04+1.35199549e-03j
   1.44192809e-03+1.65176625e-03j -1.20102101e-03+1.18045517e-03j
  -1.96443848e-04+1.70066305e-03j  1.89161682e-03-3.60799808e-04j
  -1.65425031e-04+6.32739965e-04j -6.42853840e-03-1.29893199e-02j
   1.39799108e-04+1.07512438e-03j -1.90588892e-03-5.41450098e-03j
  -1.21246008e-03+1.12762334e-03j  3.92229534e-03-8.69705472e-05j
  -8.86653080e-01+4.62094068e-01j  2.34139419e-03-3.62331429e-05j]
 [-1.07091375e-02+4.43135096e-03j -4.39567678e-03+2.73947143e-03j
   2.50136898e-03+3.95470981e-04j  1.12411045e-03+2.49547733e-03j
   3.76751680e-04+7.27960850e-04j -1.11298132e-03-3.10035119e-04j
  -7.31082524e-04-2.69388469e-03j  1.21678014e-04+2.33996395e-03j
   2.00797093e-03-3.55944810e-03j -6.36391473e-04+9.58639075e-04j
   1.43804414e-02-6.23499769e-05j -1.19972763e-03+5.68812537e-04j
  -2.13636179e-02+6.23293340e-03j -8.86401922e-01+4.61913485e-01j
  -2.31923166e-03+3.15915848e-03j -9.48953754e-06+1.46543534e-04j]
 [-3.43434259e-03+1.48218879e-03j -3.54200156e-05+1.10151211e-02j
  -2.04400282e-03-1.82580238e-03j  1.84775000e-03-9.41758148e-03j
   4.83736677e-04-8.79721361e-04j -2.45713058e-03+1.23294826e-04j
  -9.60058613e-04-1.72753530e-03j  4.27970348e-04-2.88432703e-03j
   1.72654259e-03-1.09686851e-03j  2.38500770e-03+4.99800405e-03j
  -8.90480195e-05-2.45332883e-04j  5.60119123e-04+1.04174202e-03j
  -8.85993240e-01+4.62737332e-01j  1.73421494e-02-1.40549111e-02j
   1.56629261e-03-3.79268496e-04j  9.64763465e-03+2.33332242e-03j]]

********* Summary *****************
Final fidelity error 0.001127386924990037
Final objective value 0.0011274455505389106
Final penalized error 5.863445830245193e-08
Final gradient 0.00018667326829141103
Number of iterations 4702
Terminated due to function converged
Completed in 0:11:47.572945 HH:MM:SS.US
Computational time 707.5729447079999
total tv norm 74.71130512569624
total l2 norm 5.863445830245192e-06
