Final evolution
[[-4.65175080e-03-6.29028071e-03j  2.42704400e-03-2.33326590e-03j
  -1.61948130e-03+6.23760873e-03j -8.14810738e-01-5.79079092e-01j
   3.46751751e-03-5.18135049e-03j -7.57071270e-04-1.33626872e-03j
   1.97480305e-03+1.00780530e-05j  1.92860553e-02+9.28644197e-03j
   1.49437932e-03-4.35743770e-03j -1.47686143e-03+1.61064587e-03j
   5.22022301e-03+3.22183884e-03j  1.06957730e-03+4.49408619e-03j
  -3.40180842e-05+9.08114961e-05j  1.39328337e-04-2.86904573e-04j
  -4.29731139e-04-1.06835391e-04j  5.92043230e-03+3.62627318e-03j]
 [ 2.14540477e-03+3.97520481e-04j  8.38572241e-04+5.44629119e-04j
  -8.13637117e-01-5.80934518e-01j -5.57680342e-03+3.49322871e-03j
   3.08812591e-03+4.40031558e-03j  2.31835107e-03+5.28012749e-03j
   9.13991204e-03+1.02630753e-02j -7.41185504e-03-5.52725782e-03j
  -3.04330664e-03+2.01555734e-03j -3.26685840e-03-5.30023709e-04j
   8.14762716e-04+5.73186024e-03j -2.41996993e-03-3.63537030e-03j
   3.55661486e-04-1.19548190e-04j  3.06244450e-05-5.56906610e-05j
   6.04144391e-03+3.22466080e-03j  4.20138417e-05+4.92949173e-04j]
 [-2.03369175e-02-1.51061507e-02j -8.11711195e-01-5.82995567e-01j
  -7.96023731e-04-7.03104240e-04j  1.67597763e-03-2.97129301e-03j
   1.54058660e-03+2.69165946e-03j  1.84352740e-02+8.96617017e-03j
  -3.75943481e-03-5.06199595e-03j  4.26282992e-03-1.55128691e-03j
  -1.97809537e-04-4.25457890e-03j  1.39523272e-03-1.63381954e-03j
   3.03959504e-03+4.00619522e-03j -1.40693842e-03+7.31723295e-04j
  -1.77532876e-04-8.41532832e-05j  5.92259035e-03+3.25798659e-03j
  -1.16110790e-05-7.55079208e-05j -1.77373122e-04-1.41387575e-04j]
 [-8.14528884e-01-5.79165642e-01j  2.07976525e-02+1.43193718e-02j
  -1.11691786e-03-1.86995266e-03j  7.47816743e-03+2.47923375e-03j
   9.86283247e-03+1.07254488e-02j -6.56919544e-03-4.81890168e-03j
   1.13225285e-04+5.03327819e-04j  5.59744232e-03-1.68330665e-04j
   1.41931803e-03-2.84984034e-03j  3.86676973e-03-2.07776775e-06j
  -2.18457896e-03+1.54137389e-03j  2.53871519e-03-2.57513233e-03j
   5.97645429e-03+3.69180883e-03j -4.92515076e-04+1.51867854e-04j
  -5.26178418e-06-4.38319426e-04j -1.42609965e-04+6.64426949e-05j]
 [-1.83535411e-03-5.66339706e-03j  1.88653244e-04-4.44647851e-03j
   7.57544103e-03+5.35765849e-03j -1.49865681e-02-1.52079294e-02j
  -5.03096886e-03-2.52759184e-03j  1.77574896e-03-7.55793320e-04j
   1.08288069e-04+8.15022188e-04j -8.13492320e-01-5.80974771e-01j
   5.36705107e-05-9.70781600e-05j -6.04080176e-04+9.42092727e-04j
   1.49631071e-04-8.82947778e-05j -2.02286789e-03-2.40613877e-03j
   1.69492795e-03-4.27653955e-03j -2.79622708e-03+1.60157887e-03j
   1.71324326e-04+4.05707775e-03j -4.45342796e-04+2.41512889e-03j]
 [-3.12996735e-04+9.95478681e-05j  5.95878426e-03+1.87873127e-03j
  -1.26685337e-02-5.36645150e-03j -7.58148414e-04-1.79342750e-03j
   2.25574941e-03-9.11989704e-04j -1.91197014e-03-2.27969245e-03j
  -8.10522481e-01-5.85449544e-01j -9.30481839e-04+1.76640158e-04j
  -6.57875037e-04+1.00986895e-03j -3.77287014e-05-1.78199722e-05j
  -1.74487514e-03-2.69200178e-03j -1.07998300e-04-4.14007342e-04j
  -1.59265211e-03+1.54535270e-03j -3.44900508e-03-6.66909740e-04j
  -3.97373550e-04+3.10394214e-03j -3.90604687e-03+1.29697083e-05j]
 [ 5.97771755e-03+4.00775150e-03j -1.45639792e-02-1.48150685e-02j
  -5.82659960e-03-5.41215906e-04j  1.60985563e-03+1.20144941e-04j
  -1.81915838e-02-2.10639068e-02j -8.09717805e-01-5.85621947e-01j
   2.81353047e-03+9.64699539e-04j  2.22359641e-04-1.81817833e-03j
  -9.08957416e-05-7.89950974e-05j -1.70095290e-03-2.81974151e-03j
  -1.46048376e-05-4.99079309e-05j  7.37766577e-04+7.63657763e-04j
  -5.29512224e-03-3.50995302e-03j -2.18265567e-04-3.42807425e-03j
   3.19474652e-03+3.84561745e-03j -2.19717164e-03+1.72628657e-03j]
 [-1.35304161e-02-5.99756362e-03j -2.16281662e-03-6.28025260e-05j
  -5.11749797e-03-1.62674502e-03j  3.93542848e-03-4.84195868e-03j
  -8.11468463e-01-5.83384497e-01j  2.56694251e-02+1.06069525e-02j
   8.33130429e-05-2.40117813e-03j  4.02050774e-03+4.06975082e-03j
  -2.13785830e-03-2.49500325e-03j  2.99802463e-05-2.55836403e-04j
   6.01576201e-04+1.09336007e-03j  7.50804819e-05-7.24484702e-06j
   3.42276593e-04-5.62447415e-03j  2.56906870e-03+3.70916753e-03j
  -1.89032973e-03+2.28645322e-04j  2.34841768e-03-2.52356970e-03j]
 [ 1.61960128e-03-3.23693293e-03j -2.89710358e-04+1.60750651e-03j
   4.24184528e-03+1.17347549e-03j -4.41901866e-03+5.20441142e-04j
  -6.69565306e-05-2.61932219e-05j -9.61636994e-04-5.30107607e-04j
   3.35921876e-04-8.20280523e-05j  3.09872773e-03+1.15822303e-03j
  -5.44007379e-03-4.20966337e-03j -1.79254053e-03+1.00966053e-03j
   1.23661771e-03+3.35151680e-03j -8.12022921e-01-5.83337496e-01j
   3.42619011e-03-5.05246096e-03j -3.24323671e-03-4.40255541e-03j
   1.09194883e-03+1.86949164e-03j  1.08842048e-02+3.78133210e-03j]
 [-9.08498962e-04+2.46637125e-03j -4.73549981e-03-1.65483460e-03j
  -5.65434054e-03+1.12984478e-03j -4.78957725e-03-3.95295265e-03j
  -1.11787686e-03-2.91231796e-04j  1.79987903e-04+6.88570388e-05j
   3.20025375e-03+8.00917635e-04j  1.39922691e-04-1.20476729e-04j
  -2.22947935e-03+3.69166115e-03j  2.93335057e-03+1.24579802e-03j
  -8.10827407e-01-5.85057848e-01j -3.66538141e-03-1.88831872e-04j
   8.79570019e-04+1.21631432e-03j  2.54269335e-03+5.28754227e-03j
   5.22935087e-04+4.72604025e-03j -5.70724744e-03-3.99641694e-03j]
 [-1.20096541e-03-3.76364540e-03j  1.34008033e-03-1.75449612e-03j
   1.53604632e-03+2.95030650e-03j -9.51712757e-04+1.86813542e-03j
   4.14106474e-04+7.49559128e-06j  3.10468950e-03+7.21195235e-04j
  -3.22202926e-05-1.82211464e-05j -6.84531097e-04+8.48961604e-04j
  -2.35936412e-02-1.13668426e-02j -8.10273718e-01-5.85283470e-01j
  -2.13500944e-03-2.33088030e-03j -2.90348313e-04+2.09293986e-03j
   1.57487574e-03+8.78963739e-04j  9.59800061e-03+3.65462729e-03j
  -4.00417719e-03-5.20484882e-03j  1.62514834e-04-3.13090435e-04j]
 [ 2.43565815e-03-2.13999376e-03j  3.95783533e-03-1.11818285e-03j
  -1.00689140e-03+3.47131654e-03j  3.72259617e-03-2.79407484e-03j
   2.95556976e-03+1.25417152e-03j -9.23779439e-05-2.02973190e-05j
  -6.90285626e-04+9.30607556e-04j -5.87515101e-05+5.88716009e-05j
  -8.13055534e-01-5.81327411e-01j  1.82749448e-02+1.86581546e-02j
  -2.88320166e-03+3.35606083e-03j  5.79765001e-03+3.82744783e-03j
   1.37093200e-03+5.40602593e-03j -7.80033859e-03-5.85465200e-03j
  -4.02599983e-03+1.62186743e-03j  5.50543703e-03+5.12019881e-05j]
 [-2.01167595e-05-1.07655127e-05j  1.92777793e-04+1.73311747e-04j
  -3.44767034e-04+2.09460967e-04j -5.40077736e-03-4.34411464e-03j
   1.61968900e-03-3.00205526e-03j -9.17695217e-04+2.69035619e-03j
   1.25978885e-03+3.68541892e-03j -1.97837916e-03+1.28036927e-03j
  -1.88084503e-03-5.33035815e-03j  1.54999605e-04-5.13420392e-05j
   5.62555949e-03+4.19717908e-03j -7.05623523e-03-9.06248504e-03j
  -6.09590297e-03-5.86141956e-04j -1.81010449e-03+2.31951232e-03j
   3.97698872e-03-3.12104550e-03j -8.15160203e-01-5.78912996e-01j]
 [ 4.51861639e-04-6.36118251e-05j -5.26983747e-05-7.40022569e-05j
  -5.02233584e-03-4.65306696e-03j  6.03993024e-05+3.58335363e-04j
   2.59211831e-04+1.79512168e-03j -4.69595157e-03-1.83813807e-03j
  -2.74654039e-03+1.45253685e-03j -3.96328418e-03+1.05437041e-03j
  -7.96226847e-05+4.41002425e-03j  6.21176445e-03+2.01245965e-03j
  -4.63294936e-03+1.08393346e-03j -2.13398541e-03-5.41454014e-04j
  -1.32899544e-03+2.12350005e-03j  1.65109861e-04-1.54005180e-03j
  -8.12013553e-01-5.83444900e-01j  1.63511431e-03-4.76415249e-03j]
 [-3.75485687e-04+2.91535218e-04j -4.99192123e-03-4.58012821e-03j
   4.15553679e-05-4.72537310e-05j  1.44058271e-04-1.54371921e-04j
  -4.12533001e-03-1.27090564e-03j  3.73495763e-03-6.58644441e-04j
   1.70319084e-03+3.04463670e-03j -4.70861759e-04+3.10334843e-03j
   7.70245592e-03+5.31361170e-03j -6.68937331e-03-8.15549338e-03j
  -5.82547860e-03-7.91776788e-04j  5.19354465e-03+1.55616619e-03j
  -2.15675739e-02-1.78102331e-02j -8.12953215e-01-5.81333659e-01j
   1.35723909e-03-6.86786399e-04j -1.66695638e-03+2.60740308e-03j]
 [-5.35825849e-03-4.52104596e-03j  5.40183342e-04+4.21765168e-04j
  -4.28063305e-06-2.78343859e-04j  6.10344910e-05+5.81287906e-05j
   5.51912650e-03-1.91922017e-03j  4.75883095e-03+3.97679635e-03j
  -1.00136873e-03+1.92612025e-03j  3.51025748e-03-3.04091829e-03j
  -5.76249890e-03+2.98945065e-04j -9.52680132e-04-9.90702913e-04j
  -1.33985226e-03-4.15512261e-04j  3.59003046e-03-4.86749040e-03j
  -8.14800078e-01-5.78837697e-01j  2.38460088e-02+1.45839024e-02j
  -1.69772675e-03+1.95752803e-03j  2.59081757e-03+5.53877150e-03j]]

********* Summary *****************
Final fidelity error 0.001405380351600538
Final objective value 0.0014055256830120023
Final penalized error 1.453108532423964e-07
Final gradient 0.0018523079120202762
Number of iterations 652
Terminated due to function converged
Completed in 0:01:37.778912 HH:MM:SS.US
Computational time 97.778912
total tv norm 43.83775271641986
total l2 norm 1.4531085324239638e-08
