Final evolution
[[-2.22501346e-06+2.41406078e-05j -8.03308186e-02-9.96757923e-01j
  -2.13189167e-03+7.03663430e-05j  8.59157805e-04+3.91323729e-03j]
 [-8.02827129e-02-9.96761349e-01j -2.33504917e-05-2.25304363e-05j
   1.67542396e-04-4.11207360e-03j -2.07491436e-03+5.05937209e-04j]
 [-2.12852811e-03-1.66983917e-04j  2.20821157e-04-3.99996014e-03j
  -1.82301537e-04+1.51612953e-05j -8.04717352e-02-9.96746537e-01j]
 [ 8.24102492e-04+4.03252607e-03j -2.11624633e-03+2.72185457e-04j
  -8.04228861e-02-9.96750038e-01j -1.65897785e-04+8.94484320e-06j]]

********* Summary *****************
Final fidelity error 1.0535662680721813e-05
Final objective value 1.0559749758107465e-05
Final penalized error 2.4077877633579913e-08
Final gradient 4.4412481671176964e-05
Number of iterations 1086
Terminated due to function converged
Completed in 0:10:07.251446 HH:MM:SS.US
Computational time 607.251445791
total tv norm 253.72508569359837
total l2 norm 2.4077877633579913e-08
