Final evolution
[[ 0.00180377+4.58088078e-05j -0.5233439 -8.52093917e-01j
   0.00576668+2.48972235e-05j  0.00325625+3.21681988e-05j]
 [-0.52330806-8.52127299e-01j  0.00079556-1.60748434e-03j
   0.00330384-4.08543907e-05j  0.003252  -1.74010886e-03j]
 [ 0.00302848-2.10352369e-03j  0.00145495-2.90761367e-03j
   0.00176295+5.37560424e-05j -0.52337562-8.52086076e-01j]
 [ 0.00154192-2.91680535e-03j  0.00259715-5.15576484e-03j
  -0.52333018-8.52102245e-01j  0.00076942-1.57441261e-03j]]

********* Summary *****************
Final fidelity error 1.8677375737463642e-05
Final objective value 1.8677382038890782e-05
Final penalized error 4.930380657631324e-11
Final gradient 0.0010611034770480164
Number of iterations 12
Terminated due to function converged
Completed in 0:00:00.199080 HH:MM:SS.US
Computational time 0.1990803750000003
total tv norm 18.71820117851821
total l2 norm 4.930380657631324e-31
