Final evolution
[[-9.30072252e-04-4.82281180e-03j -8.00828904e-04+1.10959059e-03j
   2.40341561e-03-1.71063487e-03j -3.20355816e-01-9.46821529e-01j
   2.93047891e-03-2.09091473e-03j -9.24465067e-04+5.02855938e-06j
  -1.50219555e-03-6.09897975e-04j  1.08122161e-02+2.63939168e-02j
  -2.13808585e-03+3.25083040e-04j  9.20664152e-05-8.40516371e-04j
  -1.57324936e-07+1.41785830e-03j  8.11200428e-04+1.58785024e-03j
  -3.66476875e-06+1.69293747e-05j -9.12690806e-04+3.12505813e-04j
   3.49093219e-04-2.59673203e-04j  8.33937145e-04+4.90520658e-03j]
 [ 4.14465087e-04-1.01675952e-03j -5.74418596e-05+5.40374144e-04j
  -3.16725205e-01-9.48228734e-01j  2.92617367e-03-3.16333243e-04j
   1.75443048e-03-9.20631185e-04j -1.50825299e-03+3.86114690e-03j
   6.63974163e-03+1.95294756e-02j -2.04475491e-03-7.37607119e-03j
  -5.21290577e-05+1.78273913e-05j  1.56928916e-03-3.55722924e-04j
   1.39967137e-03+1.61146272e-03j  6.89637806e-05+1.03055554e-03j
  -6.57783589e-04+6.97928607e-05j -3.19789961e-05-2.12646565e-05j
   6.12699723e-04+4.77543393e-03j  3.27971905e-04-3.51296529e-04j]
 [-7.35902113e-03-2.09227884e-02j -3.16340603e-01-9.47988388e-01j
  -1.92414267e-04-4.03958857e-04j -1.30435726e-03-2.53677460e-04j
  -1.24707631e-03-4.04323837e-04j  8.89767120e-03+2.48855764e-02j
   2.23257456e-03-2.27096688e-03j -2.08854812e-03+2.69080482e-03j
   1.86874176e-04-1.73295612e-04j  9.20209918e-04+1.78333567e-03j
   1.36982840e-03-1.05346466e-03j -5.41418422e-04-6.59433579e-04j
   2.21012325e-04-1.96761548e-05j  6.19951205e-04+4.69501179e-03j
  -9.93737145e-06+3.68779446e-05j -6.75608924e-04+3.02658616e-04j]
 [-3.19470784e-01-9.46992656e-01j  6.73451444e-03+2.09083570e-02j
   9.23834675e-04+4.72491986e-04j  2.09252644e-03+4.51438156e-03j
   8.39529047e-03+2.07397570e-02j -2.18885965e-03-7.82701146e-03j
   2.63051233e-03-3.60216568e-03j -5.99787235e-04+3.37262321e-03j
   9.87988864e-04+1.90137639e-03j  9.84235810e-04+6.38498371e-04j
  -1.14172347e-03-6.14129292e-04j -1.22533648e-03+1.39782589e-03j
   8.58547033e-04+4.86937595e-03j  2.85025444e-04-3.17874050e-04j
  -7.35564956e-04+6.23433704e-04j -4.92589844e-05-1.06691822e-04j]
 [-2.62957151e-03-2.56766251e-03j -3.22714922e-03-7.92072155e-04j
   2.86339594e-03+7.03996711e-03j -7.27703080e-03-2.75616241e-02j
  -1.05211845e-03-3.81722286e-03j  8.70116076e-04+8.86470464e-04j
  -5.50135086e-04-2.58101322e-03j -3.14808403e-01-9.48667747e-01j
  -7.46858697e-05-4.21859009e-06j  8.59516425e-04-2.64042465e-04j
   2.79020824e-04-5.69379129e-05j -3.99424328e-04-2.86187071e-04j
  -2.09298223e-03+2.32327334e-04j -8.71026096e-05-2.07938491e-04j
  -2.09285264e-04+5.15808652e-05j -5.88695033e-04-2.58011314e-04j]
 [ 4.33166989e-03+1.29439068e-03j  3.06733952e-03+4.57304436e-04j
  -6.34013242e-03-1.96586470e-02j -7.71547881e-04+1.43928881e-03j
  -8.15842572e-04-8.72936798e-04j -1.14774625e-04-4.90387426e-04j
  -3.11537851e-01-9.49985240e-01j  1.06217755e-03+2.18927525e-03j
   6.09583158e-04-4.65104046e-04j  6.75377688e-05-4.39445427e-05j
  -4.16798777e-04-6.22860577e-05j  1.56616938e-04-8.50231527e-05j
   3.26949160e-04+1.75403591e-04j  1.45998971e-03-3.65481508e-04j
  -5.62623270e-05-8.07448619e-04j -9.67349679e-04-6.54892630e-04j]
 [ 2.54256702e-03+6.50662174e-03j -7.75259065e-03-2.54051344e-02j
  -3.47216058e-03-2.21877461e-03j -6.94057442e-04+4.55288190e-04j
  -1.01893011e-02-2.17966186e-02j -3.10614544e-01-9.49820489e-01j
   3.12371236e-04+5.05911769e-04j  1.51958712e-04-1.13830518e-03j
   5.81822197e-04-2.74962967e-04j -4.92551793e-04+6.44518454e-05j
   3.74205594e-05-5.57705338e-05j  4.66988546e-04-4.52118675e-04j
  -1.01672388e-05-1.46305384e-03j -5.55443471e-04-1.75076766e-04j
   1.43477811e-03-1.08937751e-03j -4.48007891e-04+2.25831440e-04j]
 [-5.80806979e-03-2.17501554e-02j -5.14619021e-04+2.17078708e-03j
   2.03882516e-03-2.35422109e-04j  3.68768440e-03+1.20797281e-04j
  -3.14503939e-01-9.48664214e-01j  4.72829282e-03+2.33672004e-02j
  -1.12368933e-04+1.10884634e-03j  1.33042925e-03+3.79773756e-03j
  -4.48221998e-04-2.60057180e-04j  3.71630836e-04-2.86766050e-04j
   8.20771497e-04-6.53089505e-04j -3.69366916e-05+4.06945046e-05j
  -4.81040918e-04-5.11318453e-04j  3.12564107e-05-9.51360822e-04j
  -7.97373622e-04-7.79958231e-04j -1.37317097e-03+1.39208466e-03j]
 [-1.81397666e-03-3.91627088e-04j  1.56478728e-05+8.73302028e-04j
  -5.59941583e-04-8.85504759e-04j -3.01380270e-04-1.71957226e-03j
   1.80086873e-05-2.63970450e-06j  6.34575858e-04+6.71943049e-05j
   1.85520264e-04-1.85898013e-05j -1.38310363e-04+5.04489415e-04j
  -1.07126208e-03-4.99858117e-03j -6.38523361e-04+3.19463373e-04j
  -1.43268167e-03-1.13030324e-03j -3.13888440e-01-9.49419296e-01j
   3.03562517e-03-2.07951115e-03j -1.79989203e-03+9.95863662e-04j
  -9.41529537e-04-9.97058773e-04j  1.18146870e-03+4.11811243e-03j]
 [-4.84550415e-04+1.16502996e-03j  1.72848628e-03+2.51476834e-05j
   1.45706961e-04-2.13137123e-03j -8.46732782e-04-1.17485840e-03j
   1.05427887e-03+1.98600662e-06j -1.55556650e-05+3.18894396e-05j
  -3.14204806e-04+3.54511510e-04j  2.80040554e-04-1.11289743e-04j
   2.92004482e-04-1.69531889e-03j  1.07477941e-04+4.24495118e-04j
  -3.10273255e-01-9.50584938e-01j -4.78675754e-04+1.75184660e-03j
   1.05339561e-03-1.59480980e-04j -1.63757098e-03+3.76879728e-03j
  -2.89467550e-03-2.87727335e-03j -1.64539799e-03-7.89169599e-03j]
 [ 4.03524061e-04-1.19567164e-03j -3.34782660e-04-1.93670676e-03j
   1.46975998e-03-6.55034274e-04j  5.46255932e-04+6.65381373e-04j
   4.50328521e-04+6.45074095e-05j -4.17685981e-04+2.82623395e-04j
   8.06982059e-05+3.28183122e-06j  8.31994617e-04-3.10523791e-04j
  -6.11773305e-03-2.10932121e-02j -3.10551092e-01-9.50275791e-01j
  -1.25582808e-04-3.99105775e-04j -6.71344894e-04+2.42006064e-04j
  -1.07510614e-03-1.26962241e-03j -6.96217063e-04+2.52309891e-03j
   2.08240017e-03-2.22856507e-03j -2.76492897e-03+3.78112212e-03j]
 [-3.72901783e-04-2.07855655e-03j  2.73214114e-04+7.88865728e-05j
  -5.96553552e-05+1.98953581e-05j -1.91849032e-03+1.05106903e-03j
  -1.88402260e-04+5.25431956e-04j  6.39823090e-04-1.45523167e-04j
   7.84908491e-04+3.72580473e-06j -2.78951255e-05+2.80021902e-05j
  -3.13739079e-01-9.49185539e-01j  7.59166984e-03+2.06177182e-02j
   1.21507794e-03+1.15992657e-03j  2.11909951e-03+4.66049349e-03j
  -1.17960950e-03-1.66901281e-03j -1.82655106e-03-7.86134434e-03j
   2.06978496e-03-2.55560588e-03j -4.05218915e-04+3.44426275e-03j]
 [-6.62281414e-05+4.53796328e-05j -7.53594368e-04+1.76556629e-04j
   4.65313821e-04+8.57571132e-05j -2.31822757e-03-4.38278540e-03j
  -1.94155872e-03-2.80382062e-04j -4.22731082e-04+9.90819439e-05j
  -3.90355954e-04+1.09803565e-03j -2.36152128e-04+6.86377037e-04j
  -2.50741300e-03-2.53475581e-03j -4.41955288e-03-1.31519468e-03j
   3.41802168e-03+7.31252941e-03j -1.50302625e-03-3.98886895e-03j
  -1.33623927e-03-3.92192944e-03j  3.97880528e-04+1.32487878e-04j
  -1.63772142e-03-2.27042125e-03j -3.21510075e-01-9.46814373e-01j]
 [-9.72135036e-04-3.50420557e-05j  3.86964218e-05-2.40220111e-05j
  -2.37612288e-03-4.15886843e-03j  4.43804616e-04+3.63811750e-06j
  -9.73785381e-05+1.09529167e-03j  1.79878414e-03+1.31403481e-05j
   4.87343369e-04+7.60070848e-04j -2.25896073e-04+5.22192991e-05j
   3.25611442e-03+8.49893809e-04j  2.94901745e-03+5.32490391e-04j
  -6.07939101e-04+4.02128024e-03j -1.59799609e-04+1.37024462e-03j
  -9.26109340e-04-1.50683355e-03j -3.01796687e-05-6.41931055e-04j
  -3.17950543e-01-9.48065335e-01j  5.61522581e-05+2.80693596e-03j]
 [ 3.31241919e-04-6.91256482e-05j -2.33890162e-03-4.11317582e-03j
  -4.49618979e-06+2.18791065e-05j -9.20458805e-04+2.98442614e-04j
   5.76715904e-04+7.58171787e-04j -2.72680823e-04+5.89922168e-04j
   1.39441003e-03-5.96760867e-04j  2.59917081e-05+2.41671226e-04j
   3.19056235e-03+7.38928690e-03j -2.14029351e-03-1.72162488e-03j
  -3.54937876e-03-2.07139252e-03j -1.97171237e-03+2.48402214e-04j
  -6.42930285e-03-2.21396791e-02j -3.17999220e-01-9.47746854e-01j
   3.34058688e-04+5.84265680e-04j  2.48363862e-04-2.94745114e-04j]
 [-2.29024346e-03-4.37356242e-03j  3.18098376e-04+1.13026628e-04j
  -5.36014609e-04+3.35007628e-04j -1.46295288e-05+4.00885440e-05j
  -7.62962352e-06+8.02875027e-04j  8.58910221e-04+1.11126001e-03j
   1.40401212e-04-3.52911753e-04j -1.81588629e-03+1.08769285e-03j
   1.17412111e-05+1.93091773e-03j -3.38510598e-05+1.65425099e-03j
   1.00895027e-03-5.06789160e-04j  3.72174439e-03-1.64956422e-04j
  -3.21634753e-01-9.46543992e-01j  8.30243599e-03+2.15097518e-02j
   1.71047723e-04+1.76224788e-03j  1.32728536e-03+3.91279843e-03j]]

********* Summary *****************
Final fidelity error 0.0013261683389202972
Final objective value 0.0013263754135625337
Final penalized error 2.070107198136427e-07
Final gradient 0.005944707626082682
Number of iterations 522
Terminated due to function converged
Completed in 0:00:38.707990 HH:MM:SS.US
Computational time 38.707990459
total tv norm 35.58580793062222
total l2 norm 2.070107198136427e-06
