Final evolution
[[ 2.78575594e-01+2.03625829e-01j -5.92488523e-02-3.45089299e-02j
   2.31270544e-02+7.62941588e-03j -3.39848566e-01-2.48505669e-01j
  -3.24358401e-01-3.11861066e-01j  7.73232473e-02+4.66546423e-02j
  -3.37578571e-02-6.30476620e-03j  3.96281705e-01+3.79670187e-01j
  -4.22935529e-03+4.89962404e-02j -2.42576925e-03+4.11725568e-03j
   1.69104445e-03-8.66059539e-03j  5.08847554e-03-5.83624957e-02j
  -1.98184105e-01-1.78242101e-01j  2.81013909e-02+4.10294231e-02j
  -5.29483520e-03-1.72010388e-02j  2.40390758e-01+2.18662419e-01j]
 [ 3.64530343e-02+2.13518643e-02j -3.40303982e-02+2.60297396e-02j
  -1.77924879e-01+5.13953691e-01j  1.79937315e-02+3.51018622e-02j
  -5.67282453e-02-3.88107422e-02j  4.77123491e-02-2.71413406e-02j
   3.20292364e-01-6.32130318e-01j -1.73205768e-02-4.99850221e-02j
   1.84298812e-02+2.73220156e-03j -5.11743129e-03-3.37437874e-03j
  -7.68920188e-02+1.56012458e-02j -1.74039749e-03+6.32560002e-03j
  -7.52774534e-03-5.19073677e-03j  2.97356313e-02-1.78123858e-02j
   1.76557414e-01-3.82701743e-01j -1.14638341e-02-2.59416152e-02j]
 [ 1.10824560e-01+3.21941307e-02j  4.36166825e-01+3.06240079e-01j
  -4.30022813e-02-9.53170973e-03j  2.79255001e-02-2.93474816e-02j
  -1.38123827e-01-6.24305753e-02j -5.09057522e-01-4.72068965e-01j
   5.33774264e-02+2.28126635e-02j -4.81091924e-02+4.51452604e-02j
   5.83452481e-03+1.71625232e-02j -6.18789572e-03+7.64815716e-02j
  -3.37681267e-03-9.66142283e-03j  5.49673419e-03-1.70280470e-02j
  -8.24809945e-02-3.08527184e-02j -3.12868848e-01-2.69820472e-01j
   3.45560940e-02+6.22921030e-03j -7.04806024e-03+4.51430308e-03j]
 [ 1.33189045e-01-3.86049223e-01j -8.30383685e-02+5.92028937e-02j
  -5.08743223e-02-5.89022142e-03j  1.20777664e-01-3.25435053e-01j
  -2.40137252e-01+4.74197992e-01j  1.26671865e-01-5.91605455e-02j
   7.50506581e-02+1.85905074e-02j -2.15297515e-01+3.97495545e-01j
   5.83449056e-02-1.10773566e-02j -2.54271596e-02-3.01524288e-03j
  -1.61388680e-02-2.19610292e-03j  5.24447427e-02-8.67488362e-03j
  -1.32373620e-01+2.88670279e-01j  5.55269852e-02-4.77877766e-02j
   2.32694347e-02+2.53720708e-04j -1.15512405e-01+2.44786808e-01j]
 [ 1.27436046e-01-4.87157306e-01j -1.47502533e-02+9.59023945e-02j
  -2.14150131e-03-3.28842950e-02j -1.55581147e-01+5.94051854e-01j
   1.67541620e-01-3.31035878e-01j -2.37582529e-02+6.52587820e-02j
   2.15972509e-03-2.25892967e-02j -2.04272795e-01+4.03474482e-01j
   7.97271770e-04-1.68994196e-02j  1.94849694e-02+8.56787063e-03j
  -1.71992428e-02-4.19827323e-03j  1.01475470e-03+2.09420468e-02j
  -3.79976712e-02-4.52989500e-02j  1.61364507e-02+2.00346245e-02j
  -1.09830245e-02-1.18024500e-02j  4.72467050e-02+5.63890661e-02j]
 [ 5.56084795e-03-6.01045516e-02j  5.34297712e-02+3.25291381e-02j
   7.93225938e-01-3.32342512e-02j  3.77630825e-02-4.35325871e-02j
   1.06749998e-02-4.39788343e-02j  3.32257862e-02+3.18215180e-02j
   5.76521655e-01+9.96319199e-02j  3.39804692e-02-2.58051199e-02j
  -2.08068509e-03-2.84589469e-02j  4.42076296e-04-2.84359098e-04j
   2.46871819e-02-5.15043326e-03j  3.30056306e-03-3.16889292e-03j
   6.25018181e-03-1.98712543e-02j  6.37642339e-03-4.17663380e-03j
   4.93777249e-02-7.79796472e-02j  3.83702790e-04-6.24663540e-03j]
 [-1.59213118e-02-1.67956173e-01j  1.82682868e-01-7.56171741e-01j
   1.03773225e-02+6.42759065e-02j -5.46505498e-02-1.82853480e-02j
   1.45913492e-02-1.23770102e-01j  2.49381299e-01-5.16160352e-01j
  -2.74973780e-03+4.85230285e-02j -3.84630977e-02-1.93395050e-02j
   3.52877290e-04-7.43201313e-03j  1.55887520e-03-2.44646622e-02j
  -4.67778379e-03+3.39652537e-03j -2.77828815e-02-2.81252868e-03j
  -1.50876824e-02-1.00067945e-02j -6.03565123e-02-6.75712407e-02j
   3.24189320e-03+1.49907975e-03j -1.82805806e-02-9.76780212e-03j]
 [-5.95714169e-01+2.54372164e-02j  1.27385891e-01+8.04154250e-02j
   2.20124113e-02+7.11945979e-02j -5.07292374e-01+9.99663950e-03j
  -4.33047097e-01-7.46347285e-02j  8.10624828e-02+7.86791307e-02j
   6.91824477e-03+5.55448029e-02j -3.67328914e-01-7.21911584e-02j
  -1.74556915e-02+3.10952989e-03j  6.76040052e-03+1.92553213e-02j
   5.49425310e-03+2.13948095e-02j -1.50867066e-02-1.50052545e-03j
  -3.60795799e-02+5.86911925e-02j  9.09020305e-03+3.73731653e-03j
   1.46317833e-03+1.52107242e-02j -3.01198124e-02+4.70733045e-02j]
 [ 3.28068897e-02-9.74053617e-03j  7.20069542e-03-2.18155984e-02j
  -7.75631353e-03+2.05071719e-02j -3.89293539e-02+9.28622252e-03j
  -2.29432706e-02+2.21325687e-02j  3.19110892e-03-5.38872634e-03j
  -2.60658413e-04+2.38198238e-03j  2.79030037e-02-2.70443535e-02j
  -5.93369192e-01-1.92624904e-01j  8.36850800e-02+1.06452593e-01j
  -1.78047882e-02-7.17515238e-02j  7.20999367e-01+2.43632414e-01j
  -1.23432874e-02+2.05463368e-02j  3.66206894e-03-3.23545444e-03j
  -1.86924027e-03+8.44106373e-04j  1.52408646e-02-2.49747037e-02j]
 [-3.25472099e-02-7.70637790e-03j -1.82301915e-03+6.01626592e-03j
   3.14625064e-02+4.69646418e-02j  2.62155767e-03-2.99140079e-03j
  -2.80783903e-03+4.32618237e-03j -1.76768417e-03-3.43832985e-03j
  -4.38846159e-02-2.43859333e-02j -3.61849050e-03+1.12302977e-03j
   4.25158069e-02-4.62229283e-03j  4.92094436e-02-6.99271721e-02j
   1.01469450e-02-9.89314741e-01j -4.59961519e-02-3.87069581e-02j
  -6.23999937e-04+1.25267428e-04j -2.12827982e-03-2.32961916e-03j
  -3.68209661e-02-8.98985421e-03j -2.04991752e-03+1.39837596e-03j]
 [ 7.12665340e-03-1.02372913e-02j  5.28908473e-02-1.65742004e-02j
  -3.27983105e-03+1.06663328e-02j -1.25712172e-02+3.02182644e-02j
  -4.81489279e-03+9.64827993e-03j -3.47945661e-02+3.47574174e-02j
   1.84060921e-03-3.75265323e-03j  3.48371879e-03+3.50600689e-03j
  -2.01180154e-01+1.76695050e-02j -9.29827662e-01-2.77634222e-01j
   7.73479345e-02-3.28270796e-02j -9.24493474e-04-4.51657814e-02j
  -1.28082229e-03+7.74025833e-03j -1.84293873e-02+3.22708541e-02j
  -1.62048820e-04-3.07267841e-03j -1.35875669e-04+7.25195676e-04j]
 [-2.43565356e-02-3.69571839e-02j  2.40396951e-02+1.30804410e-02j
   2.38893218e-02+4.12504273e-03j -2.51837840e-02-3.28887339e-02j
   3.29056069e-02+1.82988028e-02j -3.92331375e-03-9.39651920e-03j
   1.40344970e-03-5.55777594e-03j  2.75564809e-02+1.63900282e-02j
  -4.24763039e-03+7.48158952e-01j  3.11149116e-02-1.52665757e-01j
   3.42707508e-03-1.40730426e-02j -1.53163773e-03+6.37739804e-01j
   2.77792869e-02+6.68123029e-03j -4.95455163e-03-3.67539150e-03j
  -9.03983173e-05-1.63032848e-03j  2.35732541e-02+5.86282520e-03j]
 [-1.03332720e-01+1.02273665e-01j  1.75194183e-02-2.17474957e-02j
  -4.07977299e-03+8.54552557e-03j  1.26025031e-01-1.24695166e-01j
   2.28290226e-01-4.10493444e-02j -4.74205758e-02-1.25496218e-02j
   1.89894691e-02+1.37542047e-02j -2.79126901e-01+4.75216512e-02j
  -3.26381225e-03+1.03417928e-02j -2.73124844e-03-6.04670487e-03j
   2.99925992e-03+3.90043933e-03j  3.62602261e-03-1.29797953e-02j
  -5.25879472e-01+2.00866513e-01j  1.19784897e-01+3.67118719e-02j
  -5.44378485e-02-4.82585434e-02j  6.44584802e-01-2.36414796e-01j]
 [-1.02278778e-02+1.44718379e-02j -8.46773021e-03-1.59271706e-02j
  -2.01931417e-01-1.08467240e-01j -1.58206606e-02+5.27704849e-03j
  -2.99851430e-03+7.24753492e-03j -3.53149897e-03+3.09259862e-02j
   1.69763040e-01+3.25630556e-01j  2.25297450e-02+5.46441282e-03j
  -3.79530516e-03+6.98074166e-03j -9.46899122e-04-3.23586173e-04j
  -1.66405777e-02-2.62044785e-04j -1.56535596e-03+8.41609654e-04j
   3.86186891e-02-3.23185773e-02j -4.86294656e-03-7.78261736e-02j
  -5.54169865e-01-7.00872315e-01j -5.32102024e-02-3.18178791e-04j]
 [-2.07841020e-02+4.40926042e-02j -1.56646101e-01+1.60952440e-01j
   6.95421236e-03-1.75070861e-02j  1.12336352e-02+1.26466154e-02j
   6.36917519e-02-4.04020917e-02j  3.52877328e-01-7.18820894e-02j
  -2.03199600e-02+2.22839336e-02j  8.23491311e-03+4.57145945e-03j
  -5.61645203e-04+3.73540050e-03j -4.65777993e-03+1.56052151e-02j
   1.16976731e-03-8.46867096e-04j  6.06063340e-03+4.88357377e-03j
  -1.30073716e-01+1.26966405e-01j -8.10954885e-01+3.32394535e-01j
   3.42674547e-02-6.90732958e-02j -2.91724376e-02-4.30166332e-02j]
 [ 1.51705794e-01+8.13497614e-02j -1.98239688e-02-3.89565428e-02j
   4.96953459e-03-2.11892882e-02j  1.27469630e-01+7.22239133e-02j
  -1.29167378e-01-2.45268219e-01j  9.93724989e-03+5.69496281e-02j
  -5.89222980e-03+7.60327521e-03j -1.09343159e-01-2.08902933e-01j
   1.21594163e-02+1.81968368e-04j -4.26507099e-04-5.75369689e-03j
   1.62488083e-03-6.13345700e-03j  9.80299743e-03+1.19817508e-03j
   4.21999162e-01+5.28439952e-01j -7.20377904e-02-1.21202932e-01j
  -1.33658341e-02-6.90940980e-03j  3.62822511e-01+4.48608604e-01j]]

********* Summary *****************
Final fidelity error 0.39377160468580696
Final objective value 0.3940411298388784
Final penalized error 0.00026952705969963633
Final gradient 0.029387433824465
Number of iterations 917
Terminated due to function converged
Completed in 0:01:36.385168 HH:MM:SS.US
Computational time 96.38516770800001
total tv norm 30.201924638173626
total l2 norm 0.0026952705969963634
