Final evolution
[[ 3.89405487e-03+2.52135269e-02j -4.87659502e-03+3.60835573e-02j
  -6.51446583e-04-2.57901749e-02j  9.09584146e-02-5.44553997e-01j
  -2.11343049e-02-2.84064043e-02j -3.64798549e-02-1.02280810e-02j
  -1.85492913e-02-2.16818144e-02j -1.51254945e-01+8.03260957e-01j
   2.25209467e-03-1.91035017e-02j  1.01831303e-02+2.91343050e-02j
   1.23544085e-03+2.89453790e-03j  1.03453902e-02-9.16740323e-03j
   3.07360457e-02+2.95192882e-02j -3.28799004e-02-1.43373539e-03j
   9.84767727e-03-1.15509381e-02j  3.88946645e-03-1.27544615e-01j]
 [-1.58646452e-02-5.47773688e-02j  1.42190965e-02+7.45476474e-03j
  -1.27879014e-01+4.95973252e-01j  8.17643548e-03-7.95406071e-03j
   8.39240115e-03-1.07471839e-03j -6.39492686e-03-1.11181655e-02j
   1.84942565e-01-8.26680613e-01j  2.44670683e-02+2.62747155e-03j
  -1.38431358e-02+3.92809293e-02j -4.11276650e-02-3.94943872e-02j
  -3.32746159e-03-1.87349197e-02j  2.04621967e-02+2.44326246e-02j
  -1.40688136e-03+2.57945602e-02j  3.37603678e-02-1.37710571e-03j
   5.77084704e-03+8.34534430e-02j -1.97296862e-02+3.38601085e-03j]
 [-5.66039630e-02+5.09604081e-01j -3.96218423e-02+5.27644655e-02j
  -2.52451773e-02-7.32404130e-04j  1.13852422e-03+4.46201010e-02j
   4.57661642e-02-8.32536879e-01j -3.18557879e-02+1.35443399e-02j
   1.11509887e-02-2.07291405e-02j  4.19186265e-02-1.46429250e-02j
  -8.35735611e-03-1.95346221e-02j  2.07018655e-02-3.63601203e-02j
  -4.27636837e-02+7.80275187e-02j -6.79427009e-03+8.18914864e-02j
  -8.34175891e-03+1.01262263e-01j -1.09657479e-02-5.21004016e-02j
   3.12564641e-02+4.54678220e-04j -8.36443038e-03-1.01281354e-02j]
 [-1.85604603e-01+4.43727678e-01j  5.00983169e-02+2.18804538e-01j
   1.30093355e-02+7.35294513e-03j -3.21981598e-02+4.26338476e-02j
  -9.95095359e-02+2.92510302e-01j  3.85130623e-02-3.63799673e-01j
   8.35299839e-03-2.52582086e-02j  1.80494991e-02-8.98128136e-02j
  -1.76205288e-02-1.88973794e-02j  1.66809636e-02-9.15892154e-03j
  -1.89610686e-03+5.75523191e-02j  4.65625626e-03-9.25966147e-03j
   2.65510877e-03-3.99114687e-02j -2.39204113e-02+6.47299116e-02j
  -4.81658591e-04+6.20428965e-03j  9.70236742e-02-6.75668940e-01j]
 [-1.17985519e-02-1.86791983e-02j  5.27043565e-02-4.38672286e-02j
   3.57478765e-02+4.13115498e-03j -4.83215346e-02+8.21522184e-01j
  -3.86753289e-02+1.23312102e-02j -8.33767245e-04-3.14354843e-02j
   1.88190000e-03-1.25376647e-02j -4.16930824e-02+5.50751797e-01j
   3.72595431e-03-1.97081250e-02j  1.85107508e-02+2.62441200e-04j
   1.08697460e-02-3.19356772e-02j -9.55021237e-03-1.72713793e-02j
  -4.13996184e-03+3.02909407e-02j -6.23572341e-02+2.33258465e-02j
   1.98052591e-02-7.49289172e-04j  1.84201842e-02-6.78004634e-03j]
 [ 9.07983988e-03-9.31464597e-04j -2.83941216e-03+1.16938063e-02j
   1.29912523e-01-8.39916462e-01j -3.35133973e-02+7.47812395e-03j
  -2.13750696e-02+1.26619196e-02j -8.53830954e-03+6.58175400e-03j
   6.13625932e-02-5.12983913e-01j  1.57442767e-03-2.49632521e-02j
  -2.65615022e-02-1.09695733e-02j  2.45047733e-02-1.29982919e-02j
  -1.01760225e-02+2.74886047e-02j -2.78547437e-02-1.64670062e-02j
  -1.47735636e-02-2.81424133e-02j -6.90535123e-05-4.66930414e-02j
  -3.04454213e-03+1.54628862e-02j  1.65756410e-02+2.76371346e-02j]
 [-1.61414649e-01+4.83275560e-01j -2.84552716e-04-3.21595993e-01j
  -6.99224052e-03+2.45568331e-02j -1.16775250e-02-4.52990674e-03j
  -5.32238342e-02+2.79882827e-01j -8.25153267e-02+6.72816030e-01j
   3.04030662e-02-2.29845010e-02j -2.36429913e-02+1.05530515e-02j
   2.69468722e-02-4.79671673e-02j -1.20863399e-02-1.03548464e-02j
   2.60900133e-01-3.83988410e-04j  8.20689887e-03-8.29017936e-02j
  -1.64794351e-02+1.36189698e-02j  2.72307108e-03-6.29162474e-02j
  -2.93109174e-02+2.78359938e-02j  9.12615269e-02+2.64930637e-02j]
 [ 1.76941523e-02+6.80859753e-02j  1.53289066e-01-8.50245114e-01j
  -1.08745260e-02-1.38157563e-02j -3.53390559e-02-6.94221397e-02j
  -2.45989709e-02-4.26761968e-02j  1.05495494e-01-4.55704289e-01j
   1.03899239e-02-2.77291975e-03j  7.41109721e-03-5.28102437e-03j
  -2.34943020e-02-2.09058275e-02j -7.75509205e-02+1.38588934e-02j
   3.49588246e-02-1.92092878e-02j  3.34599623e-02-3.58472273e-03j
   2.68913804e-03-9.92641062e-03j -1.00284429e-03-2.63665810e-02j
   7.58120787e-03+4.38016692e-02j  8.81495123e-02+1.92832514e-02j]
 [ 1.76585830e-02-1.50128359e-02j -1.53703009e-02-5.61941727e-02j
   4.89703586e-02-4.22930010e-03j -2.12876557e-02+1.53800220e-03j
  -1.93802693e-02+8.23871206e-02j -2.91779766e-02+5.59702851e-02j
  -1.36513513e-02+8.31975113e-03j -9.27126976e-03+1.87818496e-02j
   1.36261400e-02+8.02077481e-03j  1.99446202e-02-3.65839443e-02j
   2.19561005e-02+4.33659490e-02j -2.76249985e-01+9.46142429e-01j
  -1.63454888e-02-3.37832354e-03j  3.42673925e-02+1.26283303e-02j
  -3.67183715e-02+1.76380151e-02j  3.24489284e-02-3.43904486e-02j]
 [-1.93608014e-01+2.16503539e-02j  8.22795423e-02+5.05054453e-02j
  -7.16950030e-03-4.18964761e-02j  1.69718402e-03-2.85588886e-02j
  -1.45266690e-01-6.14569677e-02j -1.15198716e-01-5.15163439e-02j
   3.39169645e-03+8.28689414e-03j -1.07972942e-02-3.29257978e-02j
   1.62447275e-02+3.29243391e-02j -1.99900296e-02+1.17949747e-02j
   1.00444811e-01-9.36423611e-01j -2.34453907e-02+5.14437269e-02j
   1.08444255e-02+5.20333251e-02j -1.24194620e-02+1.53434492e-02j
   5.21659699e-02+1.35522851e-04j -9.97104558e-02+8.77672052e-03j]
 [ 1.45425161e-02-6.56708349e-02j -5.15394353e-03+1.62993254e-02j
  -2.16718291e-02+2.62204950e-02j  6.87717237e-06-5.19872329e-03j
  -6.69863794e-03-1.41275968e-02j -3.87606647e-02-1.29713032e-02j
  -1.68335550e-02-3.05925706e-02j  9.70325135e-04-2.95258974e-02j
   6.77563940e-02-9.88859640e-01j -7.02405198e-03-3.84048979e-02j
   4.54890182e-03-2.79035069e-02j -1.47509192e-02+6.55648673e-03j
  -2.75588571e-02-1.06237305e-02j -1.62706325e-03-2.01951269e-02j
   2.23624813e-02-5.06533257e-02j -1.65766310e-02-1.87184936e-02j]
 [-8.94630847e-03-2.59461851e-02j -6.70269608e-02-3.59548879e-02j
   3.95638946e-02+2.04869526e-03j -1.47703083e-02-1.59603294e-02j
   1.11955781e-02+1.65796886e-02j -1.63283279e-02-1.27247211e-02j
  -3.19084302e-02+2.83952592e-02j -3.13048490e-02+1.86034594e-02j
  -1.18766203e-02+3.64377854e-02j  9.30144180e-02-9.82914619e-01j
  -1.88805725e-02-2.52543525e-02j -3.66757788e-03-4.70158527e-02j
   7.98898802e-02-1.55659650e-02j  1.60661209e-02+1.29237580e-02j
   6.44862206e-03-2.72402991e-02j  9.42036282e-03-7.59753768e-03j]
 [ 5.15590254e-02-4.30847389e-01j  9.26464322e-02-2.36870630e-01j
   1.77088578e-02-2.35261413e-02j -6.73758555e-03+3.31370047e-02j
   4.91991486e-03-2.78356864e-01j -2.72165880e-02+3.93896558e-01j
  -8.71383966e-03+4.86453127e-03j -7.85798555e-03-6.78001814e-02j
   6.93593409e-03+3.55164571e-02j -4.65515809e-03+1.63967022e-02j
  -1.27790858e-01-4.94604693e-02j -8.95916120e-03-4.63254898e-02j
   1.39806944e-02-2.02586673e-02j  2.58574252e-02+1.02089370e-02j
  -4.47262801e-02+4.11287344e-02j  1.22356739e-02-6.92117596e-01j]
 [ 2.53956473e-02+1.20361639e-02j  1.53875668e-03+5.53139440e-02j
   1.40723946e-02-1.95636230e-02j  1.37438475e-02-4.79542046e-03j
  -2.78971195e-02+3.67240901e-03j -4.91534140e-02-1.58337226e-02j
  -3.01945419e-02+7.42429382e-02j  1.42372187e-02+1.41016526e-02j
  -1.28723892e-02-5.29977898e-02j  6.46022281e-03-2.56989246e-02j
  -5.24869404e-02-6.77635202e-03j -2.17096091e-02-2.60183059e-02j
  -5.80708677e-03-2.10436377e-02j -1.55432665e-02-6.45267455e-03j
  -8.93071172e-02+9.83220538e-01j  1.96791821e-02+4.00077374e-02j]
 [-1.03632546e-02+5.00621142e-02j -4.62662230e-03+5.04096405e-03j
  -3.08994609e-02+2.81148525e-02j  2.02438235e-02+2.09885334e-02j
   2.52977959e-02-8.82610198e-02j -3.61730284e-03+1.61263877e-02j
  -3.41821523e-03-1.52217553e-02j -3.57593448e-02+3.04077694e-02j
  -3.28227592e-02-1.53597985e-03j  6.61917101e-02+4.12963797e-02j
   3.65353685e-02-4.30695874e-02j  1.49223212e-02+1.79616925e-02j
   2.73263881e-01-9.45676872e-01j  4.33742065e-02+5.56345675e-05j
   2.15001704e-02-1.23289179e-02j -1.75028072e-03+3.48718924e-02j]
 [-2.84281645e-02+2.13604143e-02j -9.71080076e-03-4.80148062e-02j
   2.48190585e-02-2.79171634e-02j -2.81318503e-02-2.83169294e-02j
   1.17756567e-02-5.08446969e-02j  1.15365619e-02+5.47839326e-02j
  -1.54068759e-02-3.59030617e-02j -5.38375184e-02-2.19006381e-02j
   1.31382947e-02-2.22457604e-02j -2.09804166e-02+4.49028657e-03j
   1.95904469e-02+2.12593135e-02j  3.63615268e-02+1.48135583e-03j
  -4.69273773e-02-1.48999762e-02j -1.75038632e-01+9.70962708e-01j
  -1.39621655e-02+8.66034254e-03j -4.99215709e-03+5.63065219e-02j]]

********* Summary *****************
Final fidelity error 0.028864780432834802
Final objective value 0.028864777832362742
Final penalized error 0.0
Final gradient 0.00887354419249588
Number of iterations 3000
Terminated due to Iteration or fidelity function call limit reached
Completed in 0:05:21.584729 HH:MM:SS.US
Computational time 321.584728625
total tv norm 345.49761957154175
total l2 norm 6250.861270193698
total tv norm 345.49761957154175
total l2 norm 6250.861270193698
