Final evolution
[[ 0.26036259+0.0296681j  -0.22918349-0.0474091j   0.17745234+0.06732917j
  -0.71509261-0.25801696j -0.15484758-0.02184114j  0.13596538+0.03192846j
  -0.10478815-0.04298872j  0.42248412+0.16529808j  0.        +0.j
   0.        +0.j          0.        +0.j          0.        +0.j
   0.        +0.j          0.        +0.j          0.        +0.j
   0.        +0.j        ]
 [-0.2257485 -0.03857961j -0.25594921-0.03274735j -0.72153282-0.24823658j
  -0.17720721-0.06875858j  0.13405672+0.02660657j  0.15216578+0.02360785j
   0.42648165+0.15956605j  0.10461917+0.04383754j  0.        +0.j
   0.        +0.j          0.        +0.j          0.        +0.j
   0.        +0.j          0.        +0.j          0.        +0.j
   0.        +0.j        ]
 [-0.72285275-0.24141945j -0.18148219-0.05757699j  0.28392742+0.15580806j
  -0.0989414 -0.07525709j  0.42737752+0.15552029j  0.10734733+0.03723516j
  -0.16689821-0.09746502j  0.05782621+0.04646895j  0.        +0.j
   0.        +0.j          0.        +0.j          0.        +0.j
   0.        +0.j          0.        +0.j          0.        +0.j
   0.        +0.j        ]
 [-0.17294011-0.07461183j  0.71886271+0.2510473j  -0.10058422-0.06428555j
  -0.28554916-0.16230413j  0.1019805 +0.04726141j -0.42484407-0.16120031j
   0.0589808 +0.03995001j  0.16776231+0.10136607j  0.        +0.j
   0.        +0.j          0.        +0.j          0.        +0.j
   0.        +0.j          0.        +0.j          0.        +0.j
   0.        +0.j        ]
 [-0.15499243-0.02078838j  0.1361792 +0.03100379j -0.10507786-0.04227565j
   0.42359763+0.16242331j -0.25870064-0.04174751j  0.22673001+0.05801892j
  -0.17412823-0.075511j    0.70231608+0.29100227j  0.        +0.j
   0.        +0.j          0.        +0.j          0.        +0.j
   0.        +0.j          0.        +0.j          0.        +0.j
   0.        +0.j        ]
 [ 0.13423442+0.02569498j  0.15232269+0.02257327j  0.42755612+0.15666425j
   0.10491465+0.04312559j  0.22370948+0.0490392j   0.25414879+0.04461813j
   0.70920428+0.28153206j  0.17381687+0.07692745j  0.        +0.j
   0.        +0.j          0.        +0.j          0.        +0.j
   0.        +0.j          0.        +0.j          0.        +0.j
   0.        +0.j        ]
 [ 0.42842448+0.15261249j  0.10759788+0.03650483j -0.16755668-0.09632863j
   0.05814065+0.04607493j  0.7108399 +0.27478371j  0.17860737+0.06595683j
  -0.27637219-0.1688471j   0.09533348+0.07977817j  0.        +0.j
   0.        +0.j          0.        +0.j          0.        +0.j
   0.        +0.j          0.        +0.j          0.        +0.j
   0.        +0.j        ]
 [ 0.1022993 +0.04656732j -0.42592968-0.15830959j  0.05925092+0.03954828j
   0.16844726+0.10022371j  0.1692821 +0.08257588j -0.70640631-0.28421553j
   0.0974849 +0.06889492j  0.27768999+0.17541158j  0.        +0.j
   0.        +0.j          0.        +0.j          0.        +0.j
   0.        +0.j          0.        +0.j          0.        +0.j
   0.        +0.j        ]
 [ 0.        +0.j          0.        +0.j          0.        +0.j
   0.        +0.j          0.        +0.j          0.        +0.j
   0.        +0.j          0.        +0.j         -0.25892587-0.04032705j
   0.22704503+0.05677367j -0.17454004-0.07455418j  0.70390262+0.28714334j
   0.15382091+0.02817688j -0.13454068-0.03748089j  0.10293585+0.04725247j
  -0.41534529-0.18249542j]
 [ 0.        +0.j          0.        +0.j          0.        +0.j
   0.        +0.j          0.        +0.j          0.        +0.j
   0.        +0.j          0.        +0.j          0.22397525+0.04781066j
   0.25438984+0.0432226j   0.71073874+0.27763547j  0.17423646+0.07597233j
  -0.13285201-0.03208515j -0.15106887-0.02983206j -0.41957467-0.17693225j
  -0.10273219-0.04809364j]
 [ 0.        +0.j          0.        +0.j          0.        +0.j
   0.        +0.j          0.        +0.j          0.        +0.j
   0.        +0.j          0.        +0.j          0.7123373 +0.27087824j
   0.17896667+0.06497558j -0.27729471-0.16732773j  0.0957699 +0.07925374j
  -0.4206358 -0.17292666j -0.10572897-0.04160878j  0.16275818+0.10423157j
  -0.05587066-0.0488027j ]
 [ 0.        +0.j          0.        +0.j          0.        +0.j
   0.        +0.j          0.        +0.j          0.        +0.j
   0.        +0.j          0.        +0.j          0.16973276+0.08164556j
  -0.70795554-0.28033425j  0.09786155+0.06835886j  0.27864852+0.17388488j
  -0.09995524-0.05140635j  0.4178714 +0.17849793j -0.05729178-0.04233662j
  -0.16346147-0.10816478j]
 [ 0.        +0.j          0.        +0.j          0.        +0.j
   0.        +0.j          0.        +0.j          0.        +0.j
   0.        +0.j          0.        +0.j          0.15400883+0.02713096j
  -0.13479227-0.03656576j  0.10325458+0.04655189j -0.41657583-0.17966876j
   0.25676964+0.05232808j -0.22415825-0.06727387j  0.17088298+0.08259271j
  -0.6897833 -0.31957658j]
 [ 0.        +0.j          0.        +0.j          0.        +0.j
   0.        +0.j          0.        +0.j          0.        +0.j
   0.        +0.j          0.        +0.j         -0.13306697-0.03118163j
  -0.1512681 -0.02880479j -0.42076731-0.17407698j -0.10305663-0.04739442j
  -0.22150873-0.05817777j -0.25210383-0.0550095j  -0.69705431-0.310397j
  -0.17051376-0.0839952j ]
 [ 0.        +0.j          0.        +0.j          0.        +0.j
   0.        +0.j          0.        +0.j          0.        +0.j
   0.        +0.j          0.        +0.j         -0.4218012 -0.17006427j
  -0.10600928-0.04088934j  0.16346272+0.10312315j -0.056201  -0.04842191j
  -0.69896547-0.30372146j -0.1757504 -0.0732304j   0.26921079+0.18004577j
  -0.0919795 -0.08362296j]
 [ 0.        +0.j          0.        +0.j          0.        +0.j
   0.        +0.j          0.        +0.j          0.        +0.j
   0.        +0.j          0.        +0.j         -0.10030226-0.05072593j
   0.41907472+0.1756542j  -0.05757815-0.04194632j -0.16419272-0.1070515j
  -0.16575103-0.08945279j  0.69414858+0.31296339j -0.0945757 -0.07283717j
  -0.27025811-0.1866588j ]]

********* Summary *****************
Final fidelity error 0.3715684035972202
Final objective value 0.4744448727533376
Final penalized error 0.10287648576048071
Final gradient 0.1623827745408708
Number of iterations 820
Terminated due to function converged
Completed in 0:01:22.572869 HH:MM:SS.US
Computational time 82.57286933399999
total tv norm 81.9246960264981
total l2 norm 10.28764857604807
