Final evolution
[[ 2.38866473e-03+5.54383991e-03j -4.78448338e-03+4.28566101e-03j
  -2.82120282e-03-1.14713163e-02j  1.20840732e-02+3.06601852e-02j
  -3.00296056e-03+1.59790954e-03j  1.92079814e-03-3.25669525e-03j
   2.26011241e-03+1.01250796e-02j -1.40083874e-02+9.28240298e-03j
   3.25802319e-03-6.97857592e-04j -4.13552233e-02-8.90463315e-03j
  -2.24757366e-03+3.50221679e-03j  5.82648450e-03+1.74466028e-03j
  -1.92998315e-01-5.75024151e-02j -2.44311835e-03-4.17917484e-03j
  -1.89158431e-03+9.90023547e-04j -9.36521469e-01-2.80660828e-01j]
 [ 6.21753924e-03-4.20059084e-03j  1.45115154e-03-1.96274003e-03j
   1.26515619e-02+3.07459287e-02j  1.11931435e-02+2.61737127e-03j
  -7.43487580e-03+3.98847212e-03j  1.14567904e-03+1.19936668e-04j
  -1.39510813e-02+9.05987188e-03j -9.07074397e-03-2.49421530e-03j
  -4.08163333e-02-9.17799090e-03j -1.64958202e-03-2.16013465e-03j
   6.10753451e-03+1.75203532e-03j  9.76089120e-03-6.77906642e-06j
  -3.00829954e-03+9.57696370e-04j  3.34939906e-02+5.22161801e-02j
  -9.54465950e-01-2.85484088e-01j  1.39682964e-03+1.59706323e-03j]
 [ 5.13114989e-03+1.17296378e-02j -1.25827972e-02-3.04876729e-02j
  -1.76340437e-03-5.37299299e-04j  3.14107392e-03-6.20234150e-03j
  -2.81353189e-03-8.45481974e-03j  1.45458717e-02-9.94737761e-03j
   3.38647104e-04-5.08578734e-04j -8.76756221e-04+4.97323120e-03j
   9.18056115e-03+4.65873101e-03j -6.12023028e-03-1.37423198e-03j
  -2.77502810e-04+9.59226159e-05j  3.86465986e-02+1.46704128e-02j
  -4.86235026e-02+2.14897555e-02j  9.53428544e-01+2.84050813e-01j
   5.66852332e-02-2.52261681e-02j  5.97935786e-03-2.07036899e-03j]
 [-1.19216357e-02-3.04988004e-02j -1.11635981e-02-3.54424929e-03j
  -4.21166453e-03+5.48891841e-03j  2.05618646e-03+6.14180260e-03j
   1.31104207e-02-8.65486237e-03j  1.08816225e-02+1.71407402e-03j
   5.64608768e-03-4.82894717e-03j -3.28775778e-03+1.66868008e-03j
  -5.93476641e-03-1.58773268e-03j  1.93084036e-04-3.62439028e-03j
   4.00743193e-02+1.53005270e-02j  1.23553654e-03+2.70063081e-04j
   9.35752991e-01+2.78082849e-01j  2.91187391e-02+4.47505746e-02j
   1.32355054e-03-1.15791658e-03j -1.92935078e-01-5.77053713e-02j]
 [-1.45579983e-01-4.25930400e-02j -2.87786419e-02-9.25574351e-03j
  -2.05206538e-03+3.47307383e-03j -7.12862418e-01-2.04653468e-01j
   1.27465350e-01+3.65459066e-02j -3.02007012e-02-4.15763644e-03j
  -3.37533828e-04+1.57344585e-03j  6.10911298e-01+1.82504321e-01j
  -9.83095708e-04+7.52800918e-05j  1.22924569e-03+8.34658559e-04j
   1.62330772e-04+1.49646215e-05j -1.08167449e-03+1.44790097e-03j
  -5.37302915e-03+6.54354954e-04j  5.80115865e-04+8.05391611e-03j
  -1.43991467e-02-6.30236909e-03j -2.45396093e-02+4.54343814e-03j]
 [-2.88120604e-02-4.49453400e-03j  2.49112016e-02+3.81315595e-02j
  -7.26424877e-01-2.08181601e-01j  6.79889940e-03+1.65813968e-03j
  -2.88038245e-02-7.79146690e-03j -2.29140720e-02-3.54309003e-02j
   6.22775122e-01+1.85586459e-01j  6.98883540e-03-7.01656843e-04j
   1.21934967e-03+1.01524435e-03j  5.50415804e-04-4.22831923e-04j
  -1.33813345e-03+7.43203819e-04j -3.53870420e-04-7.68678569e-05j
   5.60381238e-04-9.94627454e-03j  1.64675977e-03+4.13974313e-04j
  -2.50651197e-02+4.53831946e-03j  1.17260584e-02-9.39021609e-03j]
 [-3.17479647e-02+1.94480420e-02j  7.25575976e-01+2.07278753e-01j
   4.28472832e-02-1.96694981e-02j  2.98632899e-02+8.21476970e-03j
   3.83256052e-02-9.91976483e-03j -6.22104449e-01-1.84389320e-01j
  -3.68897264e-02+1.64718419e-02j  2.58226335e-02+1.24917399e-02j
  -3.56807980e-04-1.86454311e-04j  1.21055363e-03-1.51081730e-03j
   5.92731231e-04+2.24121185e-04j -1.18558093e-03-1.02096113e-03j
   1.34382403e-02+6.14660939e-03j  2.54080922e-02-3.84220554e-03j
   1.01283116e-03-1.26128580e-03j -3.65298278e-03-8.34968096e-03j]
 [ 7.12195273e-01+2.02855736e-01j  2.32975435e-02+3.09646445e-02j
   2.69096795e-02+8.38234221e-03j -1.46843445e-01-4.21193766e-02j
  -6.10497033e-01-1.80690351e-01j -1.92109783e-02-3.19979874e-02j
   2.93692251e-02+1.26747111e-02j  1.25845004e-01+3.74424372e-02j
   1.21203456e-03-7.15873308e-04j  1.51098521e-04+1.09932424e-04j
  -1.24278993e-03-1.14399680e-03j -8.11087640e-04+5.94142712e-04j
   2.46500121e-02-5.36538019e-03j -1.01446152e-02+1.13212689e-02j
   2.34621553e-03+8.83503757e-03j -5.07995556e-03+1.00854884e-03j]
 [-2.11565811e-03-1.63358274e-03j -5.68022839e-03+4.10521431e-03j
  -2.51687340e-03-9.74415482e-03j -1.14353614e-02-8.68391770e-03j
  -3.12214133e-03-3.30375778e-03j -4.15493008e-03+4.42875734e-03j
  -2.67977169e-03-1.15765576e-02j -1.43438732e-02-1.23604412e-02j
  -1.93135838e-01-5.73822080e-02j -2.48113463e-03-3.85521342e-03j
  -1.34925479e-03+1.64235312e-03j -9.37072868e-01-2.80141986e-01j
  -3.35234718e-03+7.63599628e-04j  4.14805455e-02+9.24663401e-03j
   1.81403433e-03-3.47881465e-03j -6.18111943e-03-1.62959485e-03j]
 [ 3.74025798e-03-3.05217468e-03j -8.19847384e-05+8.11643164e-04j
  -1.19623168e-02-8.44668977e-03j  9.92737208e-03+2.28691298e-03j
   6.76418293e-03-3.68770405e-03j  9.58300870e-04+1.24879513e-03j
  -1.43112465e-02-1.30833812e-02j  1.09666651e-02+2.84358040e-03j
  -3.46352289e-03+2.07491329e-03j  3.34693748e-02+5.22234804e-02j
  -9.55063552e-01-2.84946140e-01j  6.68385311e-04+1.57460170e-03j
   4.07182638e-02+9.05048552e-03j  1.62847093e-03+2.14047576e-03j
  -6.51979299e-03-1.60750466e-03j -9.58306597e-03-4.16548990e-04j]
 [ 2.49096440e-03+9.36256546e-03j  1.13391067e-02+9.33024385e-03j
   8.65442131e-04-5.78371140e-04j  4.46928352e-03-5.70948647e-03j
   2.20426475e-03+1.07754586e-02j  1.43661838e-02+1.32220713e-02j
   1.28613920e-03+4.40290861e-04j  2.96872080e-03-6.58566675e-03j
  -4.90465130e-02+2.08288771e-02j  9.53995347e-01+2.83476963e-01j
   5.67052731e-02-2.53043538e-02j  6.24348736e-03-2.27195311e-03j
  -8.75154416e-03-4.71855656e-03j  6.50122834e-03+1.26847757e-03j
   3.00136397e-04-1.69730868e-04j -3.88340345e-02-1.49685012e-02j]
 [ 1.22837203e-02+8.00908722e-03j -9.92382657e-03-9.21229569e-04j
  -2.05571076e-03+4.18044624e-03j -1.95507913e-03-1.55032655e-03j
   1.45673302e-02+1.24001404e-02j -1.15689860e-02-9.41231993e-04j
  -4.79852840e-03+4.82253308e-03j -3.39515271e-03-2.70022555e-03j
   9.36317637e-01+2.77593855e-01j  2.98546973e-02+4.45314386e-02j
   1.72921354e-03-2.27551521e-03j -1.93033121e-01-5.75736370e-02j
   6.33542392e-03+1.42671607e-03j -3.40340982e-04+4.05062062e-03j
  -3.98910832e-02-1.52365796e-02j -1.27250543e-03-2.09416891e-04j]
 [-1.27529779e-01-3.61861125e-02j  3.02860022e-02+4.38714522e-03j
  -6.72735325e-05-1.61715701e-03j -6.10859309e-01-1.80764530e-01j
  -1.44852894e-01-4.51147067e-02j -2.90436950e-02-8.47657655e-03j
  -2.36926523e-03+2.73612275e-03j -7.09279675e-01-2.16715009e-01j
   4.46007153e-03-8.53484751e-04j  1.86242612e-03+9.87394215e-03j
  -1.42602290e-02-6.33599309e-03j  2.37455134e-02-2.61020943e-03j
  -1.98362287e-03+5.06545265e-03j  1.19904347e-03+9.77989262e-04j
  -9.59062687e-06-2.04899234e-05j -1.25453807e-02+2.34167214e-02j]
 [ 2.87586061e-02+7.56873535e-03j  2.30034307e-02+3.52790696e-02j
  -6.22771449e-01-1.83865396e-01j -6.77045750e-03+3.64634846e-04j
  -2.85291592e-02-4.43564794e-03j  2.42345259e-02+3.85811054e-02j
  -7.22781499e-01-2.20469014e-01j  7.54922380e-03+1.60337382e-03j
   1.71817740e-03-8.40881539e-03j -9.89986125e-04-1.13407288e-03j
   2.41153015e-02-2.77833405e-03j  1.14113042e-02-9.73136389e-03j
   1.27604812e-03+8.31677309e-04j  1.17101764e-03-5.35831222e-05j
  -1.25515439e-02+2.45986651e-02j -1.64572677e-04-2.00773352e-04j]
 [-3.78653813e-02+1.00012357e-02j  6.22074462e-01+1.82634002e-01j
   3.68733801e-02-1.65565567e-02j -2.59990091e-02-1.27039166e-02j
  -3.16049073e-02+1.94082428e-02j  7.21941695e-01+2.19606534e-01j
   4.31671142e-02-1.89521132e-02j  3.01477732e-02+7.39461373e-03j
   1.49671173e-02+3.77443063e-03j -2.37091742e-02+3.51102489e-03j
  -1.01811193e-03+1.07507864e-03j -4.93317337e-03-9.89743995e-03j
   1.20107162e-04+1.19638575e-03j  1.26446385e-02-2.38348183e-02j
  -9.66230949e-04-1.99037217e-03j -1.30413615e-03-1.22425754e-03j]
 [ 6.10481953e-01+1.78984065e-01j  1.90686803e-02+3.22848689e-02j
  -2.92545986e-02-1.24977098e-02j -1.25863402e-01-3.70371424e-02j
   7.08682876e-01+2.14871063e-01j  2.18854586e-02+3.13706141e-02j
   2.68397987e-02+8.35987626e-03j -1.46099225e-01-4.46029948e-02j
  -2.35432789e-02+1.88683413e-03j -1.24334562e-02+1.01306309e-02j
   1.26141601e-03+7.12874935e-03j  4.87251393e-03-4.56358766e-04j
   1.23553396e-02-2.41516244e-02j  1.29891193e-03-3.30558667e-04j
  -1.28588952e-03-1.01426708e-03j -2.00056262e-03+4.53603456e-03j]]

********* Summary *****************
Final fidelity error 0.28899063895481314
Final objective value 0.28899328125500967
Final penalized error 2.64369535186218e-06
Final gradient 0.023044454121979013
Number of iterations 753
Terminated due to function converged
Completed in 0:01:24.372332 HH:MM:SS.US
Computational time 84.37233158400001
total tv norm 29.403745641757702
total l2 norm 2.64369535186218e-07
