Final evolution
[[-2.65789074e-03-9.05781827e-04j  1.71434449e-04-6.69862006e-04j
   1.06113617e-03-6.67016112e-04j -8.31764571e-01+5.54316268e-01j
   4.07473305e-03+4.66098986e-03j -9.66885962e-04-2.50039015e-04j
   1.04990060e-04+6.82912777e-04j  2.08682038e-02-1.44228541e-02j
  -1.73697598e-03-1.65083980e-03j -1.10008397e-03-2.28641227e-03j
   1.21199524e-03+3.90251803e-04j -7.51600715e-04-5.92054440e-04j
  -2.05503903e-03-1.84199977e-03j -1.31383089e-03+3.03535066e-04j
  -9.21995935e-03+8.89694430e-03j  4.38355197e-03-6.36383426e-04j]
 [-1.55160162e-04-8.02595492e-05j  4.81638771e-03-2.94020058e-03j
  -8.30091970e-01+5.56727984e-01j -1.21459029e-03+8.23359260e-04j
   4.67084202e-04+8.96257083e-04j  5.76953397e-03+4.02325002e-03j
   2.00708952e-02-1.21538761e-02j -6.10930929e-03+4.30359997e-03j
   5.48233003e-04+1.11784649e-03j  1.45147401e-03-2.18188725e-03j
   2.15812674e-03+4.10668184e-04j  1.36858376e-03+6.96241725e-04j
   1.59351092e-03-1.11343980e-04j -2.14978455e-03-2.91978898e-03j
   3.64663165e-03-5.00526576e-03j  1.11830169e-02-1.07535657e-02j]
 [-1.99911875e-02+1.51242402e-02j -8.31788548e-01+5.53693453e-01j
  -4.49474133e-03+3.12809580e-03j -7.41750971e-04-1.73522133e-04j
   2.40977458e-03-1.12468628e-03j  2.06379136e-02-1.43086581e-02j
   4.93088670e-03-2.99711167e-03j -1.93666203e-03+1.11752557e-03j
   1.74831939e-03+2.02086775e-03j -2.00036213e-03-1.42856966e-03j
  -1.11324943e-03-5.21725552e-04j -2.49153121e-03+1.59480098e-03j
  -9.18671274e-03+8.66550577e-03j  4.71314894e-03-9.23001894e-04j
  -2.12973240e-03+1.66740485e-03j  3.88663892e-04+1.70838581e-03j]
 [-8.29658788e-01+5.56775280e-01j  2.14210080e-02-1.25670617e-02j
   4.19023768e-05-1.10684527e-04j  2.58044104e-04-3.01759487e-03j
   2.05229522e-02-1.22279747e-02j -8.54530199e-03+5.92955637e-03j
  -7.43371730e-04+3.75432035e-05j  5.33246327e-03-5.31682405e-03j
   3.33224652e-04+1.30339582e-03j  1.02990277e-03-6.50635714e-04j
   1.19248867e-03+4.24644774e-04j -2.83628730e-03+1.23709747e-05j
   3.84992930e-03-5.18037330e-03j  1.11375216e-02-1.05782381e-02j
   6.08858478e-04-1.28197263e-03j -3.22709184e-03+1.57525627e-03j]
 [-6.95451199e-03+3.00995351e-03j  1.92606187e-03-1.36516608e-03j
   6.32857891e-03-4.01488909e-03j -2.12388327e-02+1.37662108e-02j
   9.71410625e-05+6.22180765e-03j -8.40060754e-05+2.02265203e-03j
  -2.88947158e-03+1.11075636e-04j -8.30682587e-01+5.55982537e-01j
   1.55909503e-03-4.67227700e-04j  2.82561119e-03-5.33304491e-04j
  -1.84264915e-03-2.94973182e-04j  6.28691987e-04-1.25481074e-03j
  -4.03999167e-04+1.56081798e-03j  1.69666899e-03+1.42907364e-03j
  -1.75199916e-03-1.79076733e-03j  2.78073742e-03+1.00702872e-03j]
 [ 2.30444041e-04-5.99202575e-04j -4.57020982e-03+3.46495280e-03j
  -1.89555726e-02+1.39011028e-02j  5.77747816e-04+3.45280561e-04j
   5.89892416e-05+6.25879229e-04j  5.09893264e-04+3.70317089e-03j
  -8.33193889e-01+5.52404093e-01j  1.06881016e-03-2.51143063e-03j
  -5.09985000e-04+8.83538291e-04j  2.07597173e-03+2.04048421e-04j
  -8.42891466e-04+1.06056948e-03j  5.76380471e-04+2.61402645e-03j
   9.44527810e-05-2.03439782e-03j  5.73904200e-04+2.39044723e-03j
   4.72645469e-04-1.92259368e-03j -9.81909701e-04+2.53026465e-04j]
 [ 7.76465989e-03-4.89512337e-03j -2.13657469e-02+1.37029673e-02j
   1.52690919e-03+6.99882953e-03j  2.20776518e-04-7.94854348e-04j
  -2.12544269e-02+1.38184996e-02j -8.30822024e-01+5.55212802e-01j
   3.33460606e-03+1.67268041e-03j  1.94857937e-03+9.05413241e-04j
  -1.96279035e-03-1.92436306e-04j  7.24325291e-04-1.20196415e-03j
  -1.75684696e-04-1.58189666e-03j  2.18187678e-04-2.74946526e-03j
  -1.52827154e-03-3.13029303e-04j  1.51409374e-03+1.66284619e-04j
   2.26513341e-03-1.27896371e-03j  2.03073551e-03-3.38436903e-04j]
 [-1.93969330e-02+1.44619983e-02j -9.43806977e-04+1.11674960e-03j
   5.74195451e-04+6.14107311e-04j  2.89929370e-03+5.57287281e-03j
  -8.32408276e-01+5.52963330e-01j  2.08052241e-02-1.41908976e-02j
   4.56261584e-04+2.42543257e-04j  5.71338147e-03+2.20270131e-03j
  -8.83985817e-04+1.08685563e-03j  5.79091336e-04+2.60480202e-03j
   1.03154514e-03+8.44466322e-04j  5.23580053e-04-1.95199407e-03j
  -1.26686056e-03-9.88103922e-04j -1.19647428e-03-1.00823450e-03j
  -1.80819076e-03+5.87556579e-04j  1.37440279e-03+1.68528899e-03j]
 [ 1.14130248e-03-2.64052593e-03j  2.26396679e-03-1.69571697e-03j
   2.12998143e-04+1.55202682e-03j -3.14008047e-04-8.83241819e-04j
  -2.11954912e-03-2.09712296e-04j -2.60959638e-03-8.41643226e-04j
   2.17145419e-03+1.54618265e-03j -1.40091837e-03+1.55121315e-04j
   3.75112568e-05-9.11932893e-04j -7.92163857e-04+1.04238707e-04j
  -4.85025295e-04+1.05785439e-03j -8.32771087e-01+5.53531057e-01j
   6.12878842e-03+2.95091784e-03j -6.75414823e-04-1.13948846e-03j
   1.32643947e-03-8.02181479e-04j  3.14134189e-04-1.25609968e-03j]
 [ 3.50525685e-05+1.33760490e-03j -4.21129956e-05-1.26648800e-03j
  -5.46458380e-04+2.23457646e-03j -1.08969564e-04+1.25181152e-03j
   3.43128385e-04+1.23727942e-03j -1.38033645e-03-7.48896997e-04j
   1.33724303e-03-4.39370118e-04j  4.49326142e-04-1.83131104e-03j
  -1.12698892e-03+1.71864834e-03j  1.93447094e-03-3.27124086e-03j
  -8.31627666e-01+5.55183667e-01j  1.15371979e-03-4.11809204e-05j
   1.25276056e-03+6.36469864e-04j  3.95425838e-03+5.60979621e-03j
   1.96046611e-04+2.81515279e-04j -6.46539869e-03+5.96681144e-03j]
 [-9.22080903e-04+6.90762884e-04j -5.01359536e-04-2.34936813e-03j
  -2.50727785e-03+5.33794144e-04j -1.80654999e-03-1.84026434e-03j
   2.18941918e-03+1.57363978e-03j -1.40179466e-03+1.84112067e-04j
  -5.28774841e-04+1.99501826e-03j -1.55107239e-03+2.45755919e-03j
  -1.89958895e-02+1.50516370e-02j -8.33091444e-01+5.52501905e-01j
  -3.72402576e-03+5.06236404e-04j  3.96776077e-04-7.05565117e-04j
  -5.81147048e-04+6.75555828e-04j  3.57044868e-04-1.08932590e-03j
   4.36512424e-03-5.86520413e-03j  5.08667326e-04+2.68480855e-05j]
 [ 1.05818930e-03+9.26624916e-04j  1.18226378e-03+2.38938104e-03j
   1.01255907e-03+8.68223688e-04j -8.62081757e-04-2.18305705e-03j
   1.26045604e-03-5.24977098e-04j  5.73954898e-04-1.94424265e-03j
   9.99765858e-04-1.95424700e-04j -9.62263707e-04+1.27078559e-03j
  -8.30787523e-01+5.55950720e-01j  2.12141780e-02-1.17354525e-02j
   2.08317115e-03-3.39254846e-04j -8.54174602e-04-2.92942666e-04j
  -3.56500826e-04+4.36796777e-04j -4.59967811e-03+4.73412992e-03j
   2.33044104e-03-1.29474769e-03j  5.76901390e-03-2.76654394e-03j]
 [ 2.70271868e-03-2.29341226e-03j  1.47658149e-03+1.02491633e-03j
  -1.41336722e-02+6.22504959e-03j -2.28954913e-03+3.88873189e-03j
   9.76863332e-04+2.02040902e-03j -1.04210863e-03+1.70907525e-03j
   9.33822231e-04-9.33579692e-04j -1.72677885e-04+2.94146278e-03j
  -4.73776397e-03+4.27785075e-03j -4.18756457e-05+3.49322046e-04j
   8.02674646e-03-3.68383125e-03j -1.25106236e-03-1.56632602e-04j
  -2.88503689e-03+6.41825704e-03j -9.84012673e-04+1.79113671e-04j
  -5.40224356e-04-2.25174043e-03j -8.29936706e-01+5.57435722e-01j]
 [-1.24211611e-03+4.40180272e-05j  2.39925432e-03-1.24732954e-03j
  -6.11239720e-03+1.46692922e-03j  1.17021794e-02-5.17867079e-03j
   1.16251076e-03-1.44138176e-03j -2.13316601e-03+1.71091522e-03j
  -1.80809505e-03-3.43185352e-04j -1.32777953e-03-2.14655196e-03j
  -2.27554120e-03+1.70524083e-03j -7.01496243e-03+1.75399734e-03j
   1.99761352e-04+2.69874395e-04j -1.25395417e-03+9.21855336e-04j
  -8.29540939e-04-2.21630347e-03j  3.22511740e-03+4.12963490e-03j
  -8.32192762e-01+5.54185095e-01j -1.83907433e-03-1.39580336e-03j]
 [-1.42164070e-02+6.39033466e-03j -2.00316055e-03+3.76250869e-03j
  -1.84219408e-03-2.99780071e-03j  7.65038683e-04-1.21542489e-03j
  -1.42470761e-04-1.64474758e-03j -4.96414905e-04+1.47468666e-03j
   1.96737925e-03+1.48982788e-03j  7.42717686e-04+2.06579369e-03j
   6.14732267e-03-2.41393045e-03j -1.27839814e-03-4.22480827e-05j
   3.65758340e-03+5.85524543e-03j -8.26055108e-04-8.82143830e-04j
  -2.17899063e-02+1.36270740e-02j -8.30211521e-01+5.56484044e-01j
   2.55549790e-03+4.50817799e-03j  6.99992625e-04-7.15227402e-04j]
 [-5.64719315e-03+1.21857489e-03j  1.17313137e-02-5.34496518e-03j
  -5.51063014e-04+1.46566733e-03j -8.38672595e-04-2.56266200e-03j
  -3.02238662e-04-1.56884946e-03j -3.09198785e-05-1.37240870e-03j
  -2.01504796e-03-7.52056882e-04j  1.67471374e-03+2.08744312e-04j
   4.24694076e-04-1.44109134e-04j  8.87484784e-04-2.70868200e-04j
  -2.72924300e-05+1.27407953e-03j  4.06644883e-04+6.80800165e-03j
  -8.31558827e-01+5.54546546e-01j  2.09426380e-02-1.49612253e-02j
  -1.78421433e-03-1.78409955e-03j  6.98503733e-03-2.32542586e-04j]]

********* Summary *****************
Final fidelity error 0.001201540124284639
Final objective value 0.001201597864003387
Final penalized error 5.773966035028038e-08
Final gradient 0.0005151707841204457
Number of iterations 2353
Terminated due to function converged
Completed in 0:30:07.862348 HH:MM:SS.US
Computational time 1807.862348167
total tv norm 72.24638359724148
total l2 norm 5.773966035028038e-07
