Final evolution
[[ 4.01306155e-03+2.36641154e-03j -1.01236333e-03-9.33167368e-04j
   8.19395493e-04+5.47984817e-04j  8.70515507e-01+4.91447403e-01j
  -1.25713331e-03+1.05093800e-03j  5.30503871e-04-7.42192289e-04j
  -4.93602271e-04-1.24349951e-03j -2.15040043e-02-1.20641794e-02j
   4.98705019e-04+1.10976697e-03j -8.49309487e-05-1.84253268e-03j
   3.19607624e-04+5.93679195e-04j -6.01601165e-04+6.38857474e-04j
  -1.91979179e-03+1.73028579e-04j  4.41655597e-05+2.09759095e-04j
  -2.76760347e-04-8.73009891e-05j -4.86067436e-03-3.28297283e-03j]
 [ 4.09591284e-04-8.89522844e-04j  1.95109730e-05-7.98403762e-04j
   8.70464988e-01+4.91556597e-01j -9.46570653e-04-4.06939220e-04j
   1.53276832e-03-1.62716496e-03j -7.93103954e-05+4.30530887e-04j
  -2.19269534e-02-1.19915450e-02j -8.82790246e-04+2.21915126e-04j
  -1.03624822e-03-5.73027642e-04j  1.61875457e-04-1.00551072e-03j
   4.12277022e-04+1.31976649e-04j -1.42101707e-03-8.05158366e-04j
  -4.08361909e-04-2.61963665e-04j -1.36798104e-03+1.86014632e-03j
  -3.58036793e-03-2.41990102e-03j  6.91467800e-06+1.24049046e-04j]
 [ 2.13800424e-02+1.15707393e-02j  8.70285468e-01+4.91215348e-01j
   6.98743020e-04-4.71964173e-04j  1.20521130e-03+3.62089892e-04j
  -1.42824150e-03-4.45074836e-04j -2.21430255e-02-1.36168023e-02j
  -6.88920718e-04-1.16079098e-04j -4.26512856e-04+4.34125555e-04j
   2.87440892e-05-4.87853431e-04j -8.09258012e-04-1.30321228e-04j
   1.03627114e-05+3.53987805e-04j  3.69191876e-04-2.16394410e-04j
   1.06793496e-03+8.31109363e-04j -3.67943492e-03-2.22378666e-03j
   3.70295998e-03-1.46618818e-03j  7.99891275e-04-7.34997249e-04j]
 [ 8.60913677e-01+4.86748619e-01j -2.01187742e-02-1.20890746e-02j
   5.15946958e-04-8.64956753e-04j -4.65663566e-03-2.68443676e-03j
  -2.05186985e-02-1.08692413e-02j  3.02875141e-02+1.67101989e-02j
  -6.55313154e-05+1.39958338e-03j -4.89462100e-02-2.78316144e-02j
   6.29528530e-04-4.12995441e-04j -2.10807940e-04-1.24177061e-03j
   3.91035731e-04+3.29500377e-04j -2.18038167e-04-6.98086380e-04j
  -5.40495812e-03-2.25099154e-03j -4.82075216e-02-2.74539630e-02j
  -1.17444204e-04-5.00267865e-04j  1.00286711e-01+5.69384583e-02j]
 [ 4.95756348e-02+2.77816557e-02j -1.32621362e-03-1.00648763e-04j
   3.06634538e-04+7.94455754e-04j  2.11758471e-02+1.20186986e-02j
   2.18047888e-03+1.40762596e-03j  1.90756209e-03+1.11119539e-03j
  -4.83785108e-04-1.19728333e-03j  8.69504928e-01+4.90004117e-01j
  -2.31998744e-03-5.71583604e-04j -8.35516256e-04+2.13198833e-04j
   8.52072782e-04-2.35566470e-04j  1.41822900e-03-3.85765894e-04j
  -7.57020036e-04-9.93853388e-04j -2.53711452e-03-9.41075274e-04j
  -4.52457680e-06-4.40801339e-04j -6.85700685e-04-4.27715225e-05j]
 [-1.02545090e-03+9.17874527e-04j  4.62282631e-04+5.00364855e-04j
   2.15862324e-02+1.26104618e-02j  1.33650181e-03-2.36948623e-04j
  -1.40827803e-04+1.15929981e-03j -4.03869162e-04+2.53573207e-04j
   8.69807818e-01+4.92725225e-01j  1.28262220e-03-2.42214751e-04j
   1.11192743e-04+3.45461837e-04j -8.31553489e-04+2.77223989e-03j
  -2.37733364e-03+1.00209463e-03j  2.25289231e-04-1.82675733e-03j
   6.27771066e-04+1.67074502e-03j  6.63365485e-05+6.56141692e-04j
   4.17984885e-04-8.23787174e-04j -2.60065411e-04-7.95798788e-04j]
 [-2.90798811e-02-1.68899816e-02j  2.38194095e-02+1.23596206e-02j
  -3.15453389e-04+2.55229829e-04j  5.18781222e-04-7.11828164e-04j
   2.29606347e-02+1.33775761e-02j  8.69841990e-01+4.90719759e-01j
  -3.12195622e-05+4.44769618e-04j -3.37320823e-04-7.87197737e-05j
  -9.75319022e-04-1.05048133e-03j  1.09715991e-03-1.05635659e-03j
   4.81290528e-04-1.95159116e-03j -9.43148812e-04-5.27674709e-04j
   5.03543491e-04+2.17991642e-04j  5.69101955e-04-3.02295313e-04j
  -1.38354582e-04-3.48001524e-04j -3.78994511e-04-5.38256539e-05j]
 [ 2.05993819e-02+1.24517906e-02j  1.94210417e-05+3.78579640e-04j
   5.97465869e-04-2.15693475e-03j -4.42272842e-04+1.54140459e-03j
   8.69740396e-01+4.92205449e-01j -2.26204658e-02-1.23701940e-02j
  -9.43529076e-04+7.96329967e-04j -3.44364193e-03-1.86048454e-03j
  -3.51835113e-04+6.97805135e-04j -3.26160833e-04+2.05990844e-03j
  -1.76867080e-04+4.41358427e-04j -2.02212276e-03+2.19346618e-03j
  -1.48517653e-04+7.07337932e-04j -8.01456712e-04-9.13843031e-04j
  -7.13654455e-04-6.49717123e-05j  3.23754684e-04-2.75031123e-04j]
 [ 7.43058020e-04-3.35852780e-04j  1.74670612e-05-4.17650551e-04j
   1.47616825e-03+7.83812547e-04j -2.56834700e-04+8.09267657e-04j
  -8.30323325e-04+2.88119934e-03j  9.93542002e-04+4.60149715e-04j
   1.40695440e-03-1.14678449e-03j -4.25864339e-04-1.42438805e-03j
   4.47145874e-03+1.85231157e-03j  7.20817926e-04+1.04998572e-03j
  -4.01168663e-04+5.03051739e-04j  8.70697033e-01+4.91763121e-01j
   5.29124025e-04-1.38743160e-03j  1.81037235e-03-1.53673889e-03j
  -1.53928569e-04+1.50802820e-03j  2.04413686e-05+2.40832733e-04j]
 [-6.68033268e-04-2.10306108e-04j -2.60083377e-04+1.41317217e-04j
  -3.12204210e-04-2.22334363e-04j -6.66652458e-04+1.36278313e-05j
  -2.41377509e-04+3.46254368e-04j  1.41440906e-03-1.44267267e-03j
   3.73754793e-04+2.56499207e-03j -1.83105998e-04-8.37785301e-04j
   3.35890289e-04+1.51874060e-04j  1.13077693e-03+6.16258049e-04j
   8.70675994e-01+4.91839155e-01j -2.27412189e-04+6.01327412e-04j
   5.47457510e-04-8.14915817e-04j -2.00620272e-04-4.74467305e-04j
   5.85433865e-04-4.62950794e-04j  7.97160228e-04+2.12769602e-04j]
 [ 1.15104667e-03-4.51769864e-04j  5.11391355e-04+5.97615378e-04j
   7.56200433e-04-5.88366136e-04j  1.59162048e-03-8.35622409e-04j
  -1.62802540e-03+1.32818923e-03j  4.38851278e-04-1.54736215e-03j
  -1.98347880e-03+2.15269756e-03j  1.92459810e-04+9.26841409e-04j
   2.20283655e-02+1.24008461e-02j  8.69668707e-01+4.92955880e-01j
  -1.11961090e-03-6.67867192e-04j -1.36461427e-03-1.52694643e-04j
   1.45849286e-03+1.74155269e-04j -6.34080761e-06+9.75352678e-04j
  -3.45814378e-05-4.97228663e-04j  1.56786351e-04+1.44274396e-03j]
 [ 2.52457753e-05-6.76226033e-04j  4.29740123e-04-2.66171051e-04j
   9.88757039e-04+6.08768976e-04j -1.20673259e-03+2.06739382e-04j
  -3.25741212e-04+6.41746150e-04j  1.38977014e-03+2.96445697e-04j
  -3.31974526e-04+1.63414166e-05j  1.71107209e-03+1.70918993e-03j
   8.70708130e-01+4.91111102e-01j -2.19868669e-02-1.24891723e-02j
  -2.71489442e-04-1.98065265e-04j -3.86694356e-03-2.87145102e-03j
  -7.91267100e-04-9.69307239e-04j -4.53395752e-05-5.66092176e-05j
  -5.68711432e-04+7.44604966e-04j  7.84231925e-05+1.12961342e-04j]
 [-9.99542328e-02-5.64489492e-02j  2.54527003e-03+3.29834455e-04j
  -1.45032091e-04+1.58857234e-04j  5.90696914e-03+2.82795245e-03j
   2.44925402e-03+8.56569109e-04j -3.28230213e-03-1.60239980e-03j
   8.18383808e-04-3.63592021e-04j  5.94953259e-03+3.73684112e-03j
  -2.36884393e-04+6.17151229e-05j -1.30312009e-03+7.37298736e-04j
  -6.34747788e-04-6.16760643e-04j -1.86407635e-04+1.85158001e-04j
   5.24130147e-03+3.83489757e-03j  4.67805012e-03+3.09578291e-03j
  -3.64432658e-05+9.21227951e-05j  8.63980961e-01+4.90064279e-01j]
 [ 4.52702856e-04-2.61323752e-04j -6.61385468e-04-3.92539466e-03j
   3.92874437e-03+1.79246058e-03j  2.16159234e-04+1.77142577e-04j
   4.28951997e-04+5.76136880e-04j  3.84981231e-04+2.39318100e-05j
   3.96076414e-04-8.21162424e-04j  3.42635491e-04-2.18949356e-04j
  -3.45239949e-04+8.70226792e-04j  4.54492387e-04-2.49489846e-04j
   9.57710119e-05-7.39625357e-04j -1.22191817e-03+9.06224834e-04j
  -4.13592615e-04-5.22155417e-04j -7.56870852e-04+4.06899319e-05j
   8.70992179e-01+4.91254598e-01j -7.17769425e-06+6.12581059e-05j]
 [ 4.88887869e-02+2.73847329e-02j  2.63541297e-03+1.29810709e-03j
  -8.56715649e-04+2.09519068e-03j -4.19062705e-04-3.14028140e-06j
   3.30312077e-05-3.92004867e-04j  1.54203932e-03+2.21127741e-04j
  -6.34128540e-04+3.08163327e-04j -6.26512974e-04+1.26775824e-04j
   1.11467272e-04-1.34550867e-05j -8.64244271e-04+4.03305820e-04j
   5.51283748e-04-7.27008764e-05j  3.98297621e-04-2.41624353e-03j
   2.08410490e-02+1.24881592e-02j  8.69340307e-01+4.90399086e-01j
   3.90598409e-04+6.26874009e-04j  4.18649127e-04+6.78477262e-04j]
 [ 4.19487034e-03+3.10452649e-03j -1.47109398e-03-6.12992090e-04j
   4.21612161e-04+1.67552003e-04j  8.11818004e-04+1.70678569e-03j
  -6.60285106e-04+4.12833227e-04j -2.46922622e-04-1.97317941e-04j
  -1.75253868e-03+3.12032637e-04j  9.28865295e-04-1.29028951e-04j
   1.21825856e-03+1.41492761e-04j -9.03666764e-04-1.19797602e-03j
   4.11702596e-04-8.83768129e-04j  9.02550359e-04-1.11613684e-03j
   8.70734301e-01+4.91056339e-01j -2.17307533e-02-1.15689887e-02j
   6.45691094e-04+6.90840166e-05j -5.41912335e-03-2.12585195e-03j]]

********* Summary *****************
Final fidelity error 1.1111182010914433e-05
Final objective value 1.1111273557462553e-05
Final penalized error 0.0
Final gradient 0.00047911797775138717
Number of iterations 6382
Terminated due to function converged
Completed in 0:33:11.144203 HH:MM:SS.US
Computational time 1991.14420275
total tv norm 449.3919403775454
total l2 norm 13414.698759791092
