Final evolution
[[ 9.24733091e-01+3.05415891e-01j  1.81880523e-04+6.38183921e-05j
  -3.21466181e-05-1.10814151e-05j  1.61356764e-01+5.89797072e-02j
   1.38485039e-01+4.72317683e-02j  2.72323810e-05+9.85282070e-06j
  -4.81349757e-06-1.71166490e-06j  2.41559841e-02+9.09597701e-03j
   0.00000000e+00+0.00000000e+00j  0.00000000e+00+0.00000000e+00j
   0.00000000e+00+0.00000000e+00j  0.00000000e+00+0.00000000e+00j
   0.00000000e+00+0.00000000e+00j  0.00000000e+00+0.00000000e+00j
   0.00000000e+00+0.00000000e+00j  0.00000000e+00+0.00000000e+00j]
 [ 1.42636906e-05+6.60553161e-05j -6.58933781e-02-3.35011032e-01j
   8.75838457e-01+3.07013736e-01j  1.72198660e-04+6.39560660e-05j
   2.04674335e-06+9.94477704e-06j -9.41177040e-03-5.04272777e-02j
   1.31136891e-01+4.74006158e-02j  2.57775990e-05+9.85940403e-06j
   0.00000000e+00+0.00000000e+00j  0.00000000e+00+0.00000000e+00j
   0.00000000e+00+0.00000000e+00j  0.00000000e+00+0.00000000e+00j
   0.00000000e+00+0.00000000e+00j  0.00000000e+00+0.00000000e+00j
   0.00000000e+00+0.00000000e+00j  0.00000000e+00+0.00000000e+00j]
 [ 1.74388685e-04+5.77177938e-05j -8.75550666e-01-3.07833509e-01j
  -2.60844304e-01+2.20305647e-01j -5.24238868e-05+4.26438008e-05j
   2.61157086e-05+8.92536942e-06j -1.31092460e-01-4.75233575e-02j
  -3.95095167e-02+3.27183410e-02j -7.93815373e-06+6.33036050e-06j
   0.00000000e+00+0.00000000e+00j  0.00000000e+00+0.00000000e+00j
   0.00000000e+00+0.00000000e+00j  0.00000000e+00+0.00000000e+00j
   0.00000000e+00+0.00000000e+00j  0.00000000e+00+0.00000000e+00j
   0.00000000e+00+0.00000000e+00j  0.00000000e+00+0.00000000e+00j]
 [-1.62815328e-01-5.48249952e-02j -3.20190625e-05-1.14447565e-05j
  -1.81859858e-04-6.38772573e-05j  9.12716849e-01+3.39644090e-01j
  -2.43811663e-02-8.47390656e-03j -4.79380474e-06-1.76606673e-06j
  -2.72291905e-05-9.86163438e-06j  1.36629896e-01+5.23566365e-02j
   0.00000000e+00+0.00000000e+00j  0.00000000e+00+0.00000000e+00j
   0.00000000e+00+0.00000000e+00j  0.00000000e+00+0.00000000e+00j
   0.00000000e+00+0.00000000e+00j  0.00000000e+00+0.00000000e+00j
   0.00000000e+00+0.00000000e+00j  0.00000000e+00+0.00000000e+00j]
 [ 1.37917939e-01+4.88629510e-02j  2.71141961e-05+1.01735452e-05j
  -4.79296034e-06-1.76835708e-06j  2.40469461e-02+9.38044495e-03j
  -9.14758992e-01-3.34104987e-01j -1.79801897e-04-6.94592653e-05j
   3.17854111e-05+1.20785122e-05j -1.59439014e-01-6.39829039e-02j
   0.00000000e+00+0.00000000e+00j  0.00000000e+00+0.00000000e+00j
   0.00000000e+00+0.00000000e+00j  0.00000000e+00+0.00000000e+00j
   0.00000000e+00+0.00000000e+00j  0.00000000e+00+0.00000000e+00j
   0.00000000e+00+0.00000000e+00j  0.00000000e+00+0.00000000e+00j]
 [ 1.92922735e-06+9.96824109e-06j -8.81594589e-03-5.05348479e-02j
   1.30568310e-01+4.89450600e-02j  2.56594377e-05+1.01629579e-05j
  -1.21968298e-05-6.64679998e-05j  5.54140695e-02+3.36902968e-01j
  -8.65838311e-01-3.34177285e-01j -1.70120450e-04-6.92949450e-05j
   0.00000000e+00+0.00000000e+00j  0.00000000e+00+0.00000000e+00j
   0.00000000e+00+0.00000000e+00j  0.00000000e+00+0.00000000e+00j
   0.00000000e+00+0.00000000e+00j  0.00000000e+00+0.00000000e+00j
   0.00000000e+00+0.00000000e+00j  0.00000000e+00+0.00000000e+00j]
 [ 2.60085478e-05+9.23297892e-06j -1.30522434e-01-4.90672688e-02j
  -3.98929237e-02+3.22497503e-02j -8.01231503e-06+6.23622936e-06j
  -1.72503949e-04-6.31280025e-05j  8.65525095e-01+3.34987684e-01j
   2.67587631e-01-2.12064114e-01j  5.37282291e-05-4.09882306e-05j
   0.00000000e+00+0.00000000e+00j  0.00000000e+00+0.00000000e+00j
   0.00000000e+00+0.00000000e+00j  0.00000000e+00+0.00000000e+00j
   0.00000000e+00+0.00000000e+00j  0.00000000e+00+0.00000000e+00j
   0.00000000e+00+0.00000000e+00j  0.00000000e+00+0.00000000e+00j]
 [-2.42794547e-02-8.76107554e-03j -4.77262681e-06-1.82252270e-06j
  -2.71109018e-05-1.01823206e-05j  1.36002439e-01+5.39655669e-02j
   1.61026432e-01+5.98756977e-02j  3.16465868e-05+1.24376990e-05j
   1.79779406e-04+6.95174575e-05j -9.01681195e-01-3.67941814e-01j
   0.00000000e+00+0.00000000e+00j  0.00000000e+00+0.00000000e+00j
   0.00000000e+00+0.00000000e+00j  0.00000000e+00+0.00000000e+00j
   0.00000000e+00+0.00000000e+00j  0.00000000e+00+0.00000000e+00j
   0.00000000e+00+0.00000000e+00j  0.00000000e+00+0.00000000e+00j]
 [ 0.00000000e+00+0.00000000e+00j  0.00000000e+00+0.00000000e+00j
   0.00000000e+00+0.00000000e+00j  0.00000000e+00+0.00000000e+00j
   0.00000000e+00+0.00000000e+00j  0.00000000e+00+0.00000000e+00j
   0.00000000e+00+0.00000000e+00j  0.00000000e+00+0.00000000e+00j
   9.14813602e-01+3.33955430e-01j  1.79813251e-04+6.94298689e-05j
  -3.17873854e-05-1.20733155e-05j  1.59449472e-01+6.39568366e-02j
   1.36953193e-01+5.15050386e-02j  2.69136261e-05+1.06928657e-05j
  -4.75808266e-06-1.86016262e-06j  2.38621882e-02+9.84095212e-03j]
 [ 0.00000000e+00+0.00000000e+00j  0.00000000e+00+0.00000000e+00j
   0.00000000e+00+0.00000000e+00j  0.00000000e+00+0.00000000e+00j
   0.00000000e+00+0.00000000e+00j  0.00000000e+00+0.00000000e+00j
   0.00000000e+00+0.00000000e+00j  0.00000000e+00+0.00000000e+00j
   1.22076963e-05+6.64660049e-05j -5.54691484e-02-3.36893904e-01j
   8.65892933e-01+3.34035726e-01j  1.70131777e-04+6.92671314e-05j
   1.73725723e-06+1.00034837e-05j -7.84291516e-03-5.06949745e-02j
   1.29603343e-01+5.14458548e-02j  2.54593401e-05+1.06543165e-05j]
 [ 0.00000000e+00+0.00000000e+00j  0.00000000e+00+0.00000000e+00j
   0.00000000e+00+0.00000000e+00j  0.00000000e+00+0.00000000e+00j
   0.00000000e+00+0.00000000e+00j  0.00000000e+00+0.00000000e+00j
   0.00000000e+00+0.00000000e+00j  0.00000000e+00+0.00000000e+00j
   1.72514267e-04+6.30997993e-05j -8.65579850e-01-3.34846176e-01j
  -2.67552957e-01+2.12107859e-01j -5.37215273e-05+4.09970140e-05j
   2.58262621e-05+9.73122007e-06j -1.29555126e-01-5.15671592e-02j
  -4.05054709e-02+3.14769532e-02j -8.13071000e-06+6.08106106e-06j]
 [ 0.00000000e+00+0.00000000e+00j  0.00000000e+00+0.00000000e+00j
   0.00000000e+00+0.00000000e+00j  0.00000000e+00+0.00000000e+00j
   0.00000000e+00+0.00000000e+00j  0.00000000e+00+0.00000000e+00j
   0.00000000e+00+0.00000000e+00j  0.00000000e+00+0.00000000e+00j
  -1.61036219e-01-5.98493710e-02j -3.16486198e-05-1.24325250e-05j
  -1.79790769e-04-6.94880647e-05j  9.01741337e-01+3.67794395e-01j
  -2.41065596e-02-9.22616653e-03j -4.73671169e-06-1.91392737e-06j
  -2.69101638e-05-1.07015762e-05j  1.34939962e-01+5.65698911e-02j]
 [ 0.00000000e+00+0.00000000e+00j  0.00000000e+00+0.00000000e+00j
   0.00000000e+00+0.00000000e+00j  0.00000000e+00+0.00000000e+00j
   0.00000000e+00+0.00000000e+00j  0.00000000e+00+0.00000000e+00j
   0.00000000e+00+0.00000000e+00j  0.00000000e+00+0.00000000e+00j
   1.36335764e-01+5.31178439e-02j  2.67855488e-05+1.10097696e-05j
  -4.73579665e-06-1.91619042e-06j  2.37443781e-02+1.01219006e-02j
  -9.03954327e-01-3.62321308e-01j -1.77560638e-04-7.50035454e-05j
   3.13954209e-05+1.30587275e-05j -1.57377439e-01-6.88981341e-02j]
 [ 0.00000000e+00+0.00000000e+00j  0.00000000e+00+0.00000000e+00j
   0.00000000e+00+0.00000000e+00j  0.00000000e+00+0.00000000e+00j
   0.00000000e+00+0.00000000e+00j  0.00000000e+00+0.00000000e+00j
   0.00000000e+00+0.00000000e+00j  0.00000000e+00+0.00000000e+00j
   1.61906991e-06+1.00232909e-05j -7.24404043e-03-5.07840096e-02j
   1.28987125e-01+5.29719176e-02j  2.53318190e-05+1.09540588e-05j
  -1.01290282e-05-6.68143730e-05j  4.49361928e-02+3.38459846e-01j
  -8.55054948e-01-3.60875982e-01j -1.67888948e-04-7.45389720e-05j]
 [ 0.00000000e+00+0.00000000e+00j  0.00000000e+00+0.00000000e+00j
   0.00000000e+00+0.00000000e+00j  0.00000000e+00+0.00000000e+00j
   0.00000000e+00+0.00000000e+00j  0.00000000e+00+0.00000000e+00j
   0.00000000e+00+0.00000000e+00j  0.00000000e+00+0.00000000e+00j
   2.57096103e-05+1.00353572e-05j -1.28937480e-01-5.30926444e-02j
  -4.08741569e-02+3.09966942e-02j -8.20191552e-06+5.98467463e-06j
  -1.70462606e-04-6.84489369e-05j  8.54716742e-01+3.61676275e-01j
   2.74037376e-01-2.03661105e-01j  5.49738837e-05-3.93017781e-05j]
 [ 0.00000000e+00+0.00000000e+00j  0.00000000e+00+0.00000000e+00j
   0.00000000e+00+0.00000000e+00j  0.00000000e+00+0.00000000e+00j
   0.00000000e+00+0.00000000e+00j  0.00000000e+00+0.00000000e+00j
   0.00000000e+00+0.00000000e+00j  0.00000000e+00+0.00000000e+00j
  -2.39959885e-02-9.51004207e-03j -4.71379260e-06-1.96969919e-06j
  -2.67819839e-05-1.10184386e-05j  1.34262896e-01+5.81585825e-02j
   1.59091505e-01+6.48421486e-02j  3.12455209e-05+1.34134349e-05j
   1.77536352e-04+7.50610118e-05j -8.89833158e-01-3.95736158e-01j]]

********* Summary *****************
Final fidelity error 0.3175714536875631
Final objective value 0.3185388471033352
Final penalized error 0.0009674047349506481
Final gradient 0.15027019321295018
Number of iterations 351
Terminated due to function converged
Completed in 0:00:27.230919 HH:MM:SS.US
Computational time 27.230918791999997
total tv norm 53.06760342931081
total l2 norm 0.0009674047349506481
