Final evolution
[[ 0.00150594-2.27621664e-04j -0.02791065-9.99571626e-01j
  -0.00206589-9.18807670e-05j  0.00088588+8.37727513e-03j]
 [-0.02816555-9.99565351e-01j  0.00148165+1.39406927e-04j
   0.0006297 -8.29013722e-03j -0.00210124-2.39388025e-04j]
 [-0.00208239+3.56366444e-04j  0.00042648-8.41885571e-03j
   0.00122844-2.35283118e-04j -0.02669094-9.99605176e-01j]
 [ 0.00108479+8.23713182e-03j -0.0020598 +2.07378282e-04j
  -0.02694995-9.99599288e-01j  0.00127402+1.66195209e-04j]]

********* Summary *****************
Final fidelity error 3.837198464640146e-05
Final objective value 3.8399668139301334e-05
Final penalized error 2.7627598832724882e-08
Final gradient 0.00025180666361709225
Number of iterations 613
Terminated due to function converged
Completed in 0:04:35.981008 HH:MM:SS.US
Computational time 275.981007916
total tv norm 122.036742602706
total l2 norm 2.7627598832724882e-08
