Final evolution
[[ 0.00180377+4.58088064e-05j -0.5233439 -8.52093917e-01j
   0.00576668+2.48972235e-05j  0.00325625+3.21681989e-05j]
 [-0.52330806-8.52127299e-01j  0.00079556-1.60748434e-03j
   0.00330384-4.08543906e-05j  0.003252  -1.74010886e-03j]
 [ 0.00302848-2.10352369e-03j  0.00145495-2.90761367e-03j
   0.00176295+5.37560410e-05j -0.52337562-8.52086076e-01j]
 [ 0.00154192-2.91680535e-03j  0.00259715-5.15576484e-03j
  -0.52333018-8.52102245e-01j  0.00076942-1.57441261e-03j]]

********* Summary *****************
Final fidelity error 1.867737573635342e-05
Final objective value 1.8677337663858348e-05
Final penalized error 4.931993788572833e-12
Final gradient 0.0010611034771523605
Number of iterations 8
Terminated due to function converged
Completed in 0:00:00.154385 HH:MM:SS.US
Computational time 0.15438499999999955
total tv norm 18.718201178525984
total l2 norm 4.931993788572832e-22
