Final evolution
[[ 1.94212690e-01+0.01282273j  5.89172651e-02-0.97910073j
   1.62184146e-04-0.00113335j -3.31817225e-04+0.0024712j ]
 [ 5.89221452e-02-0.97910056j  1.94349836e-01+0.01056568j
  -8.58096260e-05-0.00227189j  1.56620923e-04+0.00125983j]
 [ 3.39912843e-04-0.0013073j  -1.88020897e-06-0.00242483j
   1.95609839e-01+0.01469135j  5.90395382e-02-0.97878884j]
 [-3.22695733e-04+0.00231363j  6.39692008e-05+0.00106899j
   5.89957553e-02-0.9787921j   1.95957852e-01+0.00891297j]]

********* Summary *****************
Final fidelity error 0.01928000589670964
Final objective value 0.019280016885619422
Final penalized error 0.0
Final gradient 0.008952802788659047
Number of iterations 519
Terminated due to function converged
Completed in 0:04:24.467103 HH:MM:SS.US
Computational time 264.46710287499997
total tv norm 65.142024245152
total l2 norm 12920.574660462973
