Final evolution
[[2.07319179e-01+1.44361204e-02j 5.08460234e-02-9.76836894e-01j
  4.42119649e-04-3.54219043e-03j 1.40590413e-03-2.53023914e-05j]
 [5.08459873e-02-9.76836896e-01j 2.07686223e-01+7.16539394e-03j
  1.46829464e-03+2.40630678e-04j 6.93701111e-05+4.15148568e-03j]
 [4.42121836e-04-3.54219021e-03j 1.46829349e-03+2.40631394e-04j
  1.87745064e-01+1.58397662e-02j 4.84804278e-02-9.80885103e-01j]
 [1.40590518e-03-2.53017176e-05j 6.93676288e-05+4.15148569e-03j
  4.84803911e-02-9.80885104e-01j 1.88380658e-01+2.75215752e-03j]]

********* Summary *****************
Final fidelity error 0.019879961235039323
Final objective value 0.019879936409645582
Final penalized error 0.0
Final gradient 0.023241847126103887
Number of iterations 142
Terminated due to function converged
Completed in 0:00:12.116518 HH:MM:SS.US
Computational time 12.116517625
total tv norm 29.387970273028387
total l2 norm 1539.3274774429715
