Final evolution
[[ 8.00797565e-02+6.23064401e-02j -1.18778709e-02-1.37089184e-01j
   7.25039101e-02+2.29839068e-02j  1.60217788e-01+4.24767986e-01j
  -1.21265115e-01-9.39441819e-02j  9.36056648e-02+2.25499402e-01j
  -3.89693554e-03+1.24370337e-01j -1.66276544e-01-7.61672207e-01j
   2.60052227e-03+3.06867640e-02j  2.13915368e-02+3.93897761e-02j
   1.06177051e-02+2.90128348e-03j -4.20582128e-03-1.87735962e-02j
   4.81757044e-02+1.44532307e-02j -1.47413568e-02-3.71369606e-02j
   2.51151136e-03-2.32769299e-02j  3.92382169e-02+2.06897824e-01j]
 [-8.92495888e-02-1.51082483e-01j  4.71387570e-02+3.83197363e-01j
   1.20970591e-01+3.68815999e-01j -2.65737522e-02-1.40683905e-01j
   2.59695227e-02+3.74383722e-01j  1.49114990e-02+4.69313494e-02j
  -2.21066960e-01-5.76249450e-01j -4.28979150e-02-2.60235950e-01j
   4.68255666e-02+4.38069263e-02j -2.76741453e-02-3.38342901e-02j
  -3.86316170e-03-3.55622168e-02j -9.53776818e-03-1.84413810e-04j
   3.27344326e-04-1.10487659e-01j -3.41077976e-02-3.11352837e-02j
   4.58846779e-02+1.66971232e-01j  1.26177902e-02+5.78988954e-02j]
 [-1.24544415e-01-2.69344702e-01j -1.71222424e-01-3.55812049e-01j
   6.19741583e-03-2.67442191e-02j -5.27901511e-03-8.17272839e-02j
   8.76650104e-02+3.14958469e-01j  2.06059651e-01+7.09079476e-01j
  -4.72187579e-02+7.77120140e-02j  1.03755678e-01+1.58859153e-01j
  -7.68663190e-03-1.59105288e-03j  8.78664070e-03+2.57610853e-02j
  -2.43575382e-03-1.82066268e-03j -1.57485413e-02-2.62983157e-02j
  -1.70496517e-02-9.81661339e-02j -5.24365587e-02-1.89156381e-01j
   2.58070151e-02-1.70996604e-02j -9.08924350e-03-3.00674463e-02j]
 [-1.98952965e-02-1.31012307e-01j  1.65185426e-01+2.98829013e-01j
  -1.77575381e-01-1.91398483e-01j  1.14357754e-01+3.66051993e-01j
   2.15311197e-01+6.17730819e-01j -9.92434806e-02-1.39615085e-01j
   1.85699577e-01+3.21056676e-01j  7.29557580e-02-5.78603048e-03j
  -4.57730300e-03+1.50677256e-02j -9.69539379e-03-1.97246638e-02j
   1.50754017e-02-3.38740073e-02j  2.75084254e-03-9.42548450e-03j
  -6.73888071e-02-1.68075881e-01j  2.45386184e-02+5.67365408e-02j
  -3.61302206e-02-8.40050294e-02j -5.62961132e-02-7.84479034e-03j]
 [-7.02871148e-02-1.58725508e-01j -1.99374158e-01-5.06346135e-01j
   1.28573151e-01+2.49251469e-01j  1.89077046e-01+4.87573109e-01j
   3.82184941e-02+1.18100930e-01j -7.47287187e-03-3.43279922e-01j
  -1.59555368e-01-2.28522193e-01j  8.82613381e-02+1.98828624e-01j
   2.56585593e-02-1.42766331e-02j -1.66652032e-02-1.83020982e-03j
  -8.15825020e-03+9.23338350e-04j -3.18939698e-02-2.08243193e-02j
   1.52959780e-02+3.70560257e-02j  5.73238078e-02+2.14748442e-01j
   4.12227515e-02+6.94206013e-02j -1.96859652e-02-5.20401662e-02j]
 [-5.56957966e-02-5.77510024e-02j -4.32824293e-02-5.47808759e-02j
  -3.15380345e-01-7.52455330e-01j -1.11087823e-03+9.74518867e-02j
   4.88356525e-02-8.11148258e-02j -1.18404030e-02+1.11975913e-02j
  -1.81104765e-01-4.69341016e-01j -1.77016781e-02-5.79349895e-02j
   2.18460923e-02+1.25904344e-02j -2.46458910e-03-1.57080450e-02j
  -2.14939060e-03+2.72357324e-02j -4.25010124e-03+4.42039336e-04j
  -2.00359110e-02-9.54037311e-02j  2.67270997e-02+5.41834743e-02j
   8.68295303e-02+1.42957417e-01j  6.24056491e-03+6.88103157e-02j]
 [-2.67785770e-01-5.56679193e-01j -1.48954061e-01-2.21449667e-01j
  -8.07398304e-02-1.63904959e-02j -3.48004439e-01-3.10344368e-01j
   6.93968649e-02+4.95793020e-03j -2.06155226e-01-2.89299865e-01j
   7.59923062e-02+1.82264201e-01j -1.42716866e-01-3.13164374e-01j
   1.05026165e-02+6.26816262e-03j  1.71190468e-02+2.24526131e-02j
   1.03109189e-02-4.12246173e-02j -2.71785923e-03+1.41436573e-03j
   3.42091621e-03+5.09618738e-03j  5.58947138e-02+7.49105126e-02j
  -1.97774819e-02-5.42583611e-02j  7.62346154e-02+1.17521278e-01j]
 [ 1.48751235e-01+6.36441980e-01j -1.53281585e-01-3.84328673e-01j
  -6.80907976e-02-1.39122783e-02j -1.76521818e-01-2.76341787e-01j
   1.09581746e-01+4.33710772e-01j -9.83325583e-02-1.23894484e-01j
   2.72199981e-02-5.28585982e-02j -5.38810659e-02-1.70863485e-01j
   2.07242968e-03-3.11757855e-02j  1.45669532e-03+1.66076733e-02j
   1.59424685e-02+6.49111050e-03j  3.95754559e-03-1.04102372e-02j
  -5.44850147e-02-1.26887506e-01j  4.79574939e-02+3.46144562e-02j
  -2.40963219e-02-3.60834364e-02j  2.94289729e-02+3.87444084e-02j]
 [ 9.76229384e-03-7.77321330e-03j -1.34293634e-02-4.66371120e-02j
   7.34751136e-03+7.66055683e-03j -6.14891419e-05+2.09612155e-02j
   6.74712147e-04+7.68548024e-03j -1.58162339e-02+2.13610280e-02j
   1.99450916e-03-1.52727716e-02j -7.89642411e-03+3.24070916e-03j
   1.13689250e-01+2.05795048e-01j -6.47092200e-02-2.41270305e-01j
   2.95495966e-02+5.00959526e-02j  2.60905552e-01+8.89092478e-01j
  -2.82699253e-02-1.08531007e-02j -5.02880582e-02+2.91025054e-03j
   1.16323087e-04-1.06277680e-01j -2.92263699e-02+2.53359141e-02j]
 [-2.08048919e-02-2.83212288e-02j  4.75912744e-03+9.48803636e-03j
   2.00781430e-03+2.97556563e-02j -5.47987482e-03-7.10695190e-03j
   5.10399226e-02-2.55844832e-04j -3.30236232e-02-8.01196741e-05j
   1.39240201e-02+1.04617516e-02j -1.97914005e-02-3.77969849e-02j
  -1.00109566e-02+9.27524564e-02j -4.51055740e-02-2.25488181e-02j
   3.67161833e-01+9.00905330e-01j -6.52343799e-03-8.59928544e-02j
   4.96011360e-02-5.63347081e-02j -4.99638251e-02+2.64507221e-02j
   1.08007319e-03+1.93370666e-02j  2.13775236e-02-1.30687975e-01j]
 [-6.08484135e-03-1.53359199e-02j -3.69856062e-03-2.39705090e-02j
   7.07409916e-03-1.62126799e-02j -4.61493152e-03+7.32961931e-04j
  -8.17044466e-03+1.17867217e-02j  1.42725907e-02+5.43213220e-03j
   1.04861360e-02+5.68488258e-03j -2.03942002e-02-5.19504358e-02j
  -1.16935273e-01-4.81075086e-01j -3.29517162e-01-7.79128075e-01j
   4.02669921e-02-3.47225549e-03j -9.29206029e-02-8.57706491e-02j
  -8.36340790e-03+9.49685365e-02j  1.28673608e-02-6.98849523e-02j
  -3.85858412e-03-1.42248465e-02j -4.87776329e-02+4.51271629e-03j]
 [-2.57419338e-03-3.57921852e-02j  1.66826168e-02+4.58674906e-02j
  -8.95872683e-03+1.33620141e-02j  4.34987312e-03+7.72130831e-03j
  -1.61735504e-02+3.73552985e-02j  4.13954361e-03+4.28158624e-02j
   3.95071281e-02-6.47894603e-02j -7.53271302e-03-1.89625815e-02j
  -2.15277426e-01-7.85421529e-01j  2.01911965e-01+3.89795666e-01j
   5.42053772e-02+1.05309474e-01j  5.95686137e-02+2.97977145e-01j
  -2.17589171e-02+3.90683825e-02j -2.99554134e-02+1.33955569e-01j
   4.28021168e-02-2.26183240e-02j -1.91521881e-02+2.12481686e-02j]
 [ 1.40396188e-03+3.28156484e-02j  1.18173915e-03+2.29797367e-02j
   2.18467198e-02+8.83474240e-03j -7.17416389e-03+4.86413867e-02j
   3.21372492e-02+5.96515521e-02j -1.35304692e-02-7.43562367e-02j
   2.63593768e-03+2.73692071e-04j  8.72563727e-02+2.39408763e-01j
   4.04502150e-02-1.48458004e-02j  4.96866919e-02-4.86241787e-03j
   1.27622671e-01+7.99574944e-02j -2.80145879e-02-1.04141491e-02j
   1.06937045e-01+1.46324758e-01j -7.86188501e-02-2.49661864e-01j
   2.75924420e-02-1.53809431e-03j  3.26749023e-01+8.26661060e-01j]
 [ 1.80161932e-03-3.70828830e-02j  1.36651358e-02+2.49837271e-02j
   3.09965622e-02-1.64166963e-02j  3.86045950e-04+2.19243997e-02j
  -6.90290760e-03-3.77307643e-02j  1.37145764e-02+2.40258541e-02j
  -7.97890386e-02-2.47603838e-01j -1.83627910e-03+1.81421338e-02j
   4.01789731e-02-7.91546818e-03j -1.75398743e-02+2.46587748e-02j
  -1.38685055e-02+2.29775977e-02j -7.91728652e-02-8.68009084e-02j
   1.35206329e-02-9.23525722e-02j  4.25050992e-02+4.85657581e-02j
  -2.86206884e-01-9.01195052e-01j -1.20235759e-02+4.06469410e-02j]
 [-1.39578224e-02-3.15161792e-02j -8.43066911e-03-9.39421984e-02j
   2.02672378e-02+1.97443191e-02j  3.62832434e-02+8.01410267e-02j
  -2.39776387e-02-1.05283359e-01j -9.21632943e-02-2.58375344e-01j
  -1.41360135e-02-3.51707767e-02j -1.50603031e-02-1.84266796e-02j
  -7.83503259e-02-8.59699415e-02j  5.95290256e-02+4.77358697e-02j
   6.73843268e-03-2.24726980e-02j  8.67500316e-02-8.90469736e-03j
  -1.43463125e-01-4.21644545e-01j -3.21265554e-01-7.30754961e-01j
   2.41408486e-02-2.73408926e-02j -1.16323014e-01-1.20468459e-01j]
 [-3.59415717e-02+7.11203674e-03j  6.05097698e-03-1.85844253e-02j
  -5.20970466e-02-1.08779615e-01j  1.77511618e-02+1.14614460e-02j
   5.95366580e-02+2.13721423e-01j -3.61485461e-02-8.41111910e-02j
  -5.25193357e-02-7.83878707e-02j -3.31300604e-02-8.60575739e-02j
   3.73882414e-02+3.50266205e-02j  6.19271254e-02+8.31203335e-02j
   6.58091999e-02-2.31140103e-02j  1.06785884e-02+1.26988730e-02j
   2.02784451e-01+7.83353166e-01j -1.50671311e-01-3.55549039e-01j
  -4.28860930e-02-9.05700107e-02j -5.80454500e-02-2.69205374e-01j]]

********* Summary *****************
Final fidelity error 0.16738973703775128
Final objective value 0.2769580765252613
Final penalized error 0.1095683447257385
Final gradient 0.02053888020167668
Number of iterations 3000
Terminated due to Iteration or fidelity function call limit reached
Completed in 0:05:01.425434 HH:MM:SS.US
Computational time 301.425434292
total tv norm 324.22612809981723
total l2 norm 1095.6834472573848
