Final evolution
[[ 0.01102913+2.27373381e-04j -0.1182582 -9.92906831e-01j
  -0.00041892-5.37847300e-03j  0.00031018+3.61088496e-04j]
 [-0.1182582 -9.92906831e-01j  0.01066434-2.80679812e-03j
   0.00034474-4.20451147e-04j  0.00083892+5.33082080e-03j]
 [-0.00041892-5.37847300e-03j  0.00034474-4.20451147e-04j
  -0.01272238-3.46606730e-03j -0.11687598-9.93044174e-01j]
 [ 0.00031018+3.61088496e-04j  0.00083892+5.33082080e-03j
  -0.11687598-9.93044174e-01j -0.01157416+6.32158764e-03j]]

********* Summary *****************
Final fidelity error 8.881888007317151e-05
Final objective value 8.881888007195027e-05
Final penalized error 0.0
Final gradient 0.004262223539108864
Number of iterations 48
Terminated due to function converged
Completed in 0:00:00.287855 HH:MM:SS.US
Computational time 0.287854834
total tv norm 19.242802247541974
total l2 norm 67.37602205563763
