Final evolution
[[ 1.78678560e-01+1.53233337e-01j  2.80611937e-02-7.52163610e-03j
  -6.96718584e-02-1.33064512e-01j -3.63829799e-01-6.71724979e-01j
  -1.22168358e-01-1.15348492e-01j -2.02638451e-02+4.40559923e-03j
   4.51360028e-02+9.72499238e-02j  2.36491883e-01+4.91342194e-01j
   1.77099657e-04+1.60645215e-04j  2.87061529e-05-6.84425849e-06j
  -6.69836742e-05-1.37084148e-04j -3.50446237e-04-6.92359134e-04j
  -1.88050215e-03-2.21896131e-03j -3.57085115e-04+3.69103780e-05j
   5.89924242e-04+1.75975897e-03j  3.12586221e-03+8.90715827e-03j]
 [-3.61239703e-02-2.69151772e-02j  1.43588346e-01-4.92514992e-02j
  -4.10810635e-01-6.68718440e-01j  7.82713466e-02+1.23485084e-01j
   2.48377840e-02+2.04224390e-02j -1.04056697e-01+3.02175616e-02j
   2.70091167e-01+4.90801191e-01j -5.15941012e-02-9.07132644e-02j
  -3.59196568e-05-2.83510386e-05j  1.47192856e-04-4.59512068e-05j
  -3.98235884e-04-6.90634374e-04j  7.59864525e-05+1.27600232e-04j
   3.88133072e-04+3.99022777e-04j -1.84823828e-03+3.20196699e-04j
   3.70496176e-03+8.96232718e-03j -7.13576846e-04-1.65969154e-03j]
 [-7.31938362e-02-1.26560784e-01j -4.02420004e-01-6.73801061e-01j
   1.10151195e-01-1.04451124e-01j -7.12456948e-03-4.44815524e-02j
   4.78689835e-02+9.27329933e-02j  2.63935377e-01+4.94138811e-01j
  -8.20994253e-02+7.07147898e-02j  3.56236121e-03+3.19578020e-02j
  -7.07437676e-05-1.30579782e-04j -3.89572301e-04-6.95558107e-04j
   1.14800987e-04-1.02946509e-04j -5.97688771e-06-4.53682702e-05j
   6.45611948e-04+1.68729166e-03j  3.59264916e-03+9.00793661e-03j
  -1.54818649e-03+1.05907000e-03j -3.77384557e-08+5.56656498e-04j]
 [-4.26842904e-01-6.33554816e-01j  8.56666711e-02+1.23375660e-01j
  -1.96623334e-02+2.13868710e-02j -5.30578366e-02-2.29328039e-01j
   2.82721474e-01+4.66276882e-01j -5.68706039e-02-9.08875175e-02j
   1.47485409e-02-1.45778347e-02j  3.00066603e-02+1.65317823e-01j
  -4.15509197e-04-6.55382211e-04j  8.34988079e-05+1.27698180e-04j
  -2.05698498e-05+2.11605379e-05j -4.73924141e-05-2.34361116e-04j
   3.96932268e-03+8.56463429e-03j -8.04022438e-04-1.67281504e-03j
   2.81717056e-04-2.22503159e-04j  1.99008852e-04+2.90180515e-03j]
 [-1.20425394e-01-1.17167006e-01j -2.03276141e-02+4.10132074e-03j
   4.36730182e-02+9.79156477e-02j  2.29099400e-01+4.94832327e-01j
  -1.60672516e-01-1.72019822e-01j -2.87199691e-02+4.37822722e-03j
   5.45582043e-02+1.39941887e-01j  2.87460280e-01+7.07780392e-01j
   1.88608424e-03+2.21580485e-03j  3.57152614e-04-3.76989654e-05j
  -5.93978965e-04-1.75920794e-03j -3.14644328e-03-8.90406618e-03j
   1.29375910e-04+2.00052558e-04j  2.93943535e-05+7.63383153e-07j
  -2.93813014e-05-1.49157128e-04j -1.60080814e-04-7.56444393e-04j]
 [ 2.45288319e-02+2.07924973e-02j -1.04498007e-01+2.86542103e-02j
   2.62703019e-01+4.94795085e-01j -5.02283846e-02-9.14765389e-02j
   3.29322775e-02+3.07381333e-02j -1.48147375e-01+3.31009900e-02j
   3.34485893e-01+7.09978055e-01j -6.41625372e-02-1.31370224e-01j
  -3.89157500e-04-3.98346940e-04j  1.84830794e-03-3.24331677e-04j
  -3.72590141e-03-8.95800369e-03j  7.17465906e-04+1.65883140e-03j
  -2.73241824e-05-3.65007002e-05j  1.53502851e-04-6.53965300e-06j
  -2.06539126e-04-7.67025968e-04j  4.04795518e-05+1.42331354e-04j]
 [ 4.64734070e-02+9.34401960e-02j  2.56497885e-01+4.98040046e-01j
  -8.31503136e-02+6.94760581e-02j  3.08286868e-03+3.20076157e-02j
   5.87765532e-02+1.33866664e-01j  3.25585506e-01+7.14103444e-01j
  -1.21007588e-01+9.16541540e-02j  2.17107794e-03+4.49961571e-02j
  -6.49532720e-04-1.68659010e-03j -3.61364122e-03-9.00387520e-03j
   1.54653206e-03-1.06286022e-03j -1.16780988e-06-5.56886417e-04j
  -3.46681141e-05-1.43857327e-04j -1.96935674e-04-7.69547651e-04j
   1.36913403e-04-6.97180926e-05j  5.86692895e-06-4.52160503e-05j]
 [ 2.75699561e-01+4.70462877e-01j -5.55016821e-02-9.17298745e-02j
   1.49654257e-02-1.43550953e-02j  2.75249426e-02+1.65749088e-01j
   3.54301616e-01+6.76798981e-01j -7.15247488e-02-1.32077779e-01j
   2.19029024e-02-1.90858158e-02j  2.74199643e-02+2.33783280e-01j
  -3.98951019e-03-8.55957407e-03j  8.07977263e-04+1.67176443e-03j
  -2.81351493e-04+2.23205149e-04j -2.05375527e-04-2.90257227e-03j
  -2.32202132e-04-7.37506716e-04j  4.76880799e-05+1.44350119e-04j
  -2.52273579e-05+1.51059983e-05j  1.44026270e-05-2.37806048e-04j]
 [-1.96159048e-04-1.35206435e-04j -2.74431649e-05+1.05585736e-05j
   8.42944330e-05+1.26513076e-04j  4.37725209e-04+6.37362242e-04j
   2.15934736e-03+1.95046760e-03j  3.49168743e-04-8.40261273e-05j
  -8.18672417e-04-1.66655305e-03j -4.28250811e-03-8.41680605e-03j
   1.67217547e-01+1.65664626e-01j  2.85287443e-02-5.48782719e-03j
  -5.99399250e-02-1.37722673e-01j -3.14670613e-01-6.96109834e-01j
  -1.13572754e-01-1.23820887e-01j -2.05278262e-02+2.93957108e-03j
   3.80383640e-02+1.00239161e-01j  2.00610219e-01+5.07051385e-01j]
 [ 3.92252735e-05+2.32441387e-05j -1.39279825e-04+6.48615658e-05j
   4.84692072e-04+6.29333649e-04j -9.19299555e-05-1.15955560e-04j
  -4.37854363e-04-3.44103766e-04j  1.79011019e-03-5.62973173e-04j
  -4.86404713e-03-8.39459451e-03j  9.27990574e-04+1.55090697e-03j
  -3.40986351e-02-2.94389338e-02j  1.46753458e-01-3.88167858e-02j
  -3.61746066e-01-6.96483622e-01j  6.92048959e-02+1.28785284e-01j
   2.33076571e-02+2.21527574e-02j -1.05957437e-01+2.26697799e-02j
   2.34161655e-01+5.08923739e-01j -4.49490420e-02-9.41829677e-02j]
 [ 8.71468534e-05+1.19591950e-04j  4.76787954e-04+6.35342816e-04j
  -9.97471875e-05+1.16860562e-04j  1.19073390e-05+4.40128088e-05j
  -8.64265130e-04-1.58730108e-03j -4.75874027e-03-8.45473610e-03j
   1.39445541e-03-1.25575769e-03j -7.38965272e-05-5.51962995e-04j
  -6.39196931e-02-1.31488554e-01j -3.53012222e-01-7.00950799e-01j
   1.17365140e-01-9.62743168e-02j -3.91303189e-03-4.48782343e-02j
   4.10885465e-02+9.59300742e-02j  2.27782152e-01+5.11810847e-01j
  -8.69639511e-02+6.46387540e-02j  1.25904527e-03+3.21310807e-02j]
 [ 4.97084639e-04+5.92233779e-04j -9.93618217e-05-1.15057978e-04j
   1.75132187e-05-2.36198634e-05j  7.78221650e-05+2.25172962e-04j
  -5.07335595e-03-7.96514653e-03j  1.01941579e-03+1.55190690e-03j
  -2.49786792e-04+2.58042167e-04j -5.82740763e-04-2.85088023e-03j
  -3.80261230e-01-6.62561614e-01j  7.65889955e-02+1.29207024e-01j
  -2.11468839e-02+1.99202108e-02j -3.64583867e-02-2.32545183e-01j
   2.48519881e-01+4.85369381e-01j -5.01994227e-02-9.47355506e-02j
   1.57569761e-02-1.34814848e-02j  1.80617267e-02+1.67045373e-01j]
 [-2.16266671e-03-1.94498080e-03j -3.48841173e-04+8.47466299e-05j
   8.21936999e-04+1.66408588e-03j  4.29893393e-03+8.40402583e-03j
  -1.55364497e-04-1.81749956e-04j -2.93411844e-05+3.15942813e-06j
   4.91117127e-05+1.44453854e-04j  2.60084427e-04+7.31115467e-04j
  -1.11703742e-01-1.25509586e-01j -2.05695875e-02+2.63149984e-03j
   3.65313636e-02+1.00798144e-01j  1.92986262e-01+5.10001828e-01j
  -1.47909369e-01-1.83110081e-01j -2.89601706e-02+2.30523774e-03j
   4.43715702e-02+1.43497372e-01j  2.35909881e-01+7.26590048e-01j]
 [ 4.38416217e-04+3.43012652e-04j -1.78814476e-03+5.66611853e-04j
   4.88018214e-03+8.38056515e-03j -9.30959276e-04-1.54825152e-03j
   3.20463421e-05+3.26655031e-05j -1.51821865e-04+2.69698275e-05j
   3.07708562e-04+7.35447550e-04j -5.92414663e-05-1.36184466e-04j
   2.29729368e-02+2.24996822e-02j -1.06285380e-01+2.10787817e-02j
   2.26505859e-01+5.12376955e-01j -4.35320557e-02-9.48462321e-02j
   3.06407457e-02+3.30229117e-02j -1.50141362e-01+2.23806732e-02j
   2.82656412e-01+7.32157826e-01j -5.45664511e-02-1.35637282e-01j]
 [ 8.67339186e-04+1.58476833e-03j  4.77504938e-03+8.44090951e-03j
  -1.39115599e-03+1.25825104e-03j  7.50600896e-05+5.51572698e-04j
   5.36641005e-05+1.38477162e-04j  2.98491916e-04+7.39236250e-04j
  -1.26897059e-04+8.76035780e-05j  1.92095921e-07+4.57598758e-05j
   3.96458026e-02+9.65352680e-02j  2.20083791e-01+5.15168101e-01j
  -8.79232031e-02+6.33277781e-02j  7.77213850e-04+3.21463445e-02j
   4.90151526e-02+1.37740642e-01j  2.73482842e-01+7.35633648e-01j
  -1.27274895e-01+8.27310358e-02j -1.06462116e-03+4.50359254e-02j]
 [ 5.08847431e-03+7.95084349e-03j -1.02234849e-03-1.54905319e-03j
   2.49124147e-04-2.58474980e-04j  5.88666619e-04+2.84842926e-03j
   3.29300856e-04+7.02662565e-04j -6.66811343e-05-1.37231565e-04j
   2.30804842e-05-1.83896257e-05j  1.73770447e-05+2.38472665e-04j
   2.41215584e-01+4.89040494e-01j -4.87735624e-02-9.54774635e-02j
   1.59573116e-02-1.32437506e-02j  1.55554526e-02+1.67297371e-01j
   3.04802809e-01+7.00486843e-01j -6.18588764e-02-1.36871515e-01j
   2.32164914e-02-1.74642530e-02j  1.05668375e-02+2.35148517e-01j]]

********* Summary *****************
Final fidelity error 0.4933777514580152
Final objective value 0.49507717905866283
Final penalized error 0.0016994318935936099
Final gradient 0.06565715750013443
Number of iterations 434
Terminated due to function converged
Completed in 0:00:27.517989 HH:MM:SS.US
Computational time 27.517988916999997
total tv norm 37.05738178665352
total l2 norm 0.016994318935936097
