Final evolution
[[-2.61917697e-03+2.95871641e-03j  5.71084047e-05+8.10337183e-04j
   1.48936205e-03+6.32832015e-04j -4.09872941e-01+9.11657292e-01j
   1.25292044e-03-4.29313168e-04j -3.80120272e-05-5.48576127e-04j
  -1.10197078e-04+4.78756917e-04j  9.70652769e-03-2.14588817e-02j
   3.79956550e-04+8.69862290e-04j  4.70293852e-05-1.13820302e-03j
  -9.53807270e-04+3.52689923e-04j -6.94847117e-04-5.88665472e-05j
   9.99677243e-04-3.64174575e-03j -2.43731141e-04+2.22090620e-03j
  -5.96072228e-03+1.47444000e-02j  4.33738308e-03-3.81446334e-03j]
 [-2.92586569e-04+6.41869926e-04j -1.85447173e-04-1.04646481e-03j
  -4.08809185e-01+9.12085625e-01j  1.38231832e-03+8.93705066e-04j
  -7.60042036e-04-1.12682585e-04j  7.67766353e-04+1.79866600e-03j
   8.94868774e-03-2.22388797e-02j -3.10268443e-03+8.38199288e-03j
   1.45720096e-03-4.03722205e-04j -1.04416699e-04+2.01160175e-04j
   8.27676889e-05-4.87596898e-05j -4.08691670e-04+1.57205382e-04j
   1.81529667e-04-2.20377075e-03j  1.64121205e-04-3.73497176e-03j
  -7.89894939e-04-5.50374053e-03j  5.52114735e-03-1.51253340e-02j]
 [-8.60920004e-03+2.36745258e-02j -4.10050829e-01+9.11122076e-01j
  -7.55658612e-04+3.18941816e-04j  6.19711092e-04-5.94753514e-04j
   6.44791632e-04-1.01286563e-03j  9.14685048e-03-2.29484695e-02j
   6.83986561e-03-1.03279257e-02j -1.85134782e-03+5.71289384e-04j
  -1.87405216e-03+5.75894375e-04j  5.41941981e-05-4.58716008e-04j
  -1.14071648e-03+7.31675000e-04j  5.78648746e-04+1.62396119e-03j
  -6.01731506e-03+1.43056365e-02j  4.50807694e-03-4.01931018e-03j
  -2.77363551e-03+3.43683855e-03j  1.49781128e-03-1.40520698e-03j]
 [-4.09461317e-01+9.11209424e-01j  1.18937479e-02-2.18492923e-02j
   2.75452914e-04-4.85429718e-04j  6.18713485e-04-4.24160436e-03j
   9.79668453e-03-2.42006519e-02j -5.00285341e-03+1.19094122e-02j
   8.91147453e-04+1.78593867e-03j  7.73851315e-03-1.32883013e-02j
  -5.02615319e-04+1.96849265e-04j  8.97206104e-04+2.69758177e-04j
   2.22472064e-04-4.13720213e-04j -4.11810656e-04-1.34144021e-04j
  -5.17205356e-04-5.66048037e-03j  5.42046689e-03-1.49508817e-02j
  -1.31887978e-03+1.59033872e-03j -2.17161279e-03+4.06693765e-03j]
 [-4.89301258e-03+1.47505746e-02j -6.95175281e-04-2.04555680e-03j
   4.21587747e-03-7.87675461e-03j -9.68054474e-03+2.14241595e-02j
  -4.43615455e-04+5.34121234e-03j -7.55833822e-04+1.71932097e-03j
  -2.33968887e-03+5.87741105e-04j -4.11303426e-01+9.10990797e-01j
  -1.16204597e-04+2.58043480e-04j -4.63501840e-04-1.22874626e-05j
  -1.29563844e-03+7.20421544e-04j  3.93309871e-04-1.82420309e-04j
   2.94693045e-05-1.27022397e-04j  1.49824854e-03-4.50568497e-04j
   1.75740461e-03-2.15587036e-04j  1.35839238e-04-4.18102088e-04j]
 [ 1.86292737e-03-2.47749504e-04j -3.26836595e-03+1.19816126e-02j
  -1.07371677e-02+2.14412377e-02j  2.75106560e-04-4.19391874e-04j
   8.79683838e-04-1.46879704e-05j  5.97454183e-04+5.12861380e-04j
  -4.12401673e-01+9.10592283e-01j -1.25304796e-03-1.92858195e-03j
   5.41675233e-04-1.91424482e-04j -1.84657128e-04+1.98237127e-04j
  -3.37795601e-04-3.43727022e-04j  9.62789734e-04-4.59016848e-04j
   2.85656393e-05-1.11415027e-03j -3.69318848e-04-9.62474677e-04j
   6.83929465e-04-1.00908718e-03j -7.76901554e-04-8.15518955e-04j]
 [ 5.03043963e-03-1.05159419e-02j -1.12753281e-02+2.23334043e-02j
   1.84419945e-03-6.05977631e-04j -4.00290613e-04+3.56635482e-04j
  -1.26769999e-02+2.33392008e-02j -4.10465768e-01+9.11062901e-01j
   9.27529915e-04-1.25140192e-04j  7.75061966e-04-1.64332119e-03j
  -1.09379589e-03+6.36459547e-04j  2.40193617e-04-1.31335336e-04j
  -1.01621454e-03+9.82390577e-05j  1.24412755e-04+2.46003361e-04j
   7.67960675e-04+2.88143581e-05j  1.09874163e-03-1.26982134e-03j
   3.62520558e-04+1.61668167e-04j  4.91741615e-04-4.20878363e-04j]
 [-1.17088724e-02+2.36054366e-02j  2.61347275e-04+8.13729632e-06j
  -6.30309383e-04-4.40371596e-04j  6.28767581e-04+9.77329605e-04j
  -4.11844752e-01+9.10469525e-01j  8.99199036e-03-2.46777372e-02j
   6.02607703e-04+7.25954920e-04j  3.89755888e-03-4.18696437e-03j
  -5.45755774e-04-1.94665531e-04j  1.14742749e-03-3.32340819e-04j
  -2.89917249e-04-3.31464288e-04j -9.59485348e-04+9.62601381e-05j
   4.44128435e-04-1.21168791e-03j  4.39993191e-04-5.68628203e-04j
   3.41034951e-04+1.63245899e-03j  1.13071112e-03-4.81529180e-04j]
 [-3.31989121e-04-2.61959521e-04j  1.60015595e-03-6.21288891e-04j
  -1.28368799e-04-3.51832844e-04j -4.97128790e-04-4.75758556e-04j
  -5.41267214e-04-7.79434445e-04j  2.42304385e-04-4.00535698e-05j
   2.72129710e-04+1.04593183e-03j  1.41308896e-04+4.32706576e-04j
  -3.01216783e-03+3.23105143e-03j -5.97199496e-05+2.08528107e-04j
   1.28491999e-03+7.11609621e-04j -4.12276279e-01+9.11040166e-01j
   1.33769376e-03-7.23278499e-04j  8.24064756e-04+1.97161032e-04j
   5.57885093e-04+4.52011935e-04j  7.53411594e-04+1.47636419e-03j]
 [-1.60718869e-04+3.73733481e-04j -2.18932334e-04-1.34986069e-03j
  -6.46879974e-05+2.51651611e-04j -3.79640114e-04-9.37457070e-04j
  -4.53326414e-04-2.47133720e-05j -5.80591492e-04-7.84032243e-04j
  -4.87206214e-04-1.55747364e-05j -2.97076823e-04-1.42701441e-03j
  -3.74506571e-05+1.52980963e-04j -8.94261178e-05-9.28030862e-04j
  -4.11600216e-01+9.11308217e-01j  1.39787442e-03+4.88364116e-04j
   8.42921651e-05+1.68151902e-04j  6.10372728e-04+1.30986260e-03j
   3.09794123e-04+4.26759995e-04j -3.88756029e-03+8.68037487e-03j]
 [ 7.86129931e-04+5.56113930e-04j -3.41865356e-04+2.84698180e-04j
   1.57036785e-04-2.37828572e-04j -9.35543301e-04+9.26443356e-04j
   4.52474424e-04+1.07487603e-03j  5.38039368e-05+2.01858728e-04j
   4.30679126e-05-2.67148095e-04j -3.10498397e-04-4.09248944e-04j
  -8.67012449e-03+2.32805559e-02j -4.11512821e-01+9.10973559e-01j
  -7.57668171e-04+5.60894592e-04j  1.10780271e-04-2.85108147e-04j
  -1.09642185e-03+3.05869982e-03j  1.31349600e-03-2.17952077e-04j
   6.47998082e-03-1.01055205e-02j -6.37080368e-04-2.16938167e-03j]
 [-3.21312562e-04-3.89349512e-04j -8.11248929e-04-1.75514273e-03j
   7.95270011e-04+1.20273465e-03j  9.27069341e-04-4.11568334e-04j
  -5.17524163e-04-3.45254559e-04j -2.15337976e-04-1.19772381e-03j
   2.07363935e-04+5.34588103e-04j  1.26006110e-04-2.20494853e-04j
  -4.11177520e-01+9.11036347e-01j  1.17874545e-02-2.19009930e-02j
   4.20014493e-05-2.84227915e-05j  4.07800058e-04-4.38749439e-03j
   3.61965069e-04-1.59011499e-03j -3.35619227e-03+7.48973202e-03j
   1.94387782e-03-5.09451145e-04j  7.74958188e-03-1.28190850e-02j]
 [ 1.56131216e-03-4.17411980e-03j -1.23593087e-04+2.06004903e-03j
  -7.63640295e-03+1.41916697e-02j  7.09124324e-05+5.87279465e-03j
   3.36980162e-04+1.30108464e-03j  2.69997441e-05+5.34700433e-04j
  -9.50032265e-04-4.08368851e-04j -3.14842553e-04+4.38086472e-04j
  -4.47398539e-03+1.43303576e-02j -1.93101257e-03+5.77253352e-04j
   3.91779693e-03-8.66096820e-03j  1.58969446e-03-4.66375385e-04j
  -3.36818289e-04+6.24347211e-03j -8.59917442e-04+6.07874935e-04j
  -9.68573096e-04-1.79273240e-03j -4.09517784e-01+9.11924612e-01j]
 [ 4.43506553e-04-2.17655727e-03j  7.09675758e-04-4.28456169e-03j
  -4.69985477e-03+3.07709184e-03j  7.07621730e-03-1.41771452e-02j
   1.43997612e-03-7.37880135e-04j  3.14945024e-04+2.96286438e-04j
  -2.13716424e-04+1.14125967e-03j  7.79186514e-04+1.84579286e-03j
   8.29734154e-04+2.07083781e-03j -3.30371394e-03+1.15225707e-02j
   5.56260968e-04-5.48176111e-05j  7.14181057e-04+1.03139978e-04j
   3.51680976e-04-5.04965157e-04j  3.53565162e-04+1.16474096e-03j
  -4.09661538e-01+9.11979865e-01j -2.01013015e-03+4.13892358e-04j]
 [-7.65516552e-03+1.42068543e-02j  3.65300518e-04+5.43747760e-03j
  -2.74570095e-03+2.59742531e-03j  1.45174501e-03-1.60802427e-03j
   3.11200419e-05+4.01976778e-04j -3.10299059e-04+1.72266152e-03j
  -8.99750599e-04+2.67130308e-04j  7.29581969e-04+1.28144370e-03j
   3.36848900e-03-7.42286554e-03j  6.77503308e-04+1.23942271e-03j
   1.39013454e-03-3.97773115e-04j  6.93468066e-04+5.62220823e-04j
  -1.13901317e-02+2.09214632e-02j -4.09909354e-01+9.11601697e-01j
   1.08265817e-03-5.03807962e-04j -5.76543870e-05-1.03425553e-03j]
 [-4.33215880e-03+2.70543652e-03j  6.82328639e-03-1.41850826e-02j
  -1.39211374e-03+1.48408026e-03j -2.06624749e-03+3.15517216e-03j
  -4.94151802e-04+1.04966661e-03j  3.42105165e-04+8.78340611e-04j
  -8.65489048e-04+8.90058772e-04j  5.42747823e-05-4.22356230e-05j
  -8.94629352e-04+1.36398573e-03j  1.58926878e-03-2.89156355e-03j
   1.28131950e-04-8.42928641e-06j  3.04076451e-04+1.43501914e-03j
  -4.09928590e-01+9.11614083e-01j  8.08614816e-03-2.23952500e-02j
  -1.79720122e-04+6.48400605e-04j  4.46563562e-03-4.38923440e-03j]]

********* Summary *****************
Final fidelity error 0.0011439552065313219
Final objective value 0.0011439558134390558
Final penalized error 6.174458598795899e-10
Final gradient 0.0002226501203137529
Number of iterations 5
Terminated due to function converged
Completed in 0:00:01.254932 HH:MM:SS.US
Computational time 1.2549324169999991
total tv norm 53.97552623913407
total l2 norm 6.174458598795899e-10
