Final evolution
[[-4.83611797e-03-2.61355261e-03j -3.95769529e-03-2.13532158e-03j
   8.72005949e-04+5.50582738e-04j -9.22682339e-01-3.84315242e-01j
   1.30714924e-03-3.75996550e-04j -2.65984634e-04+6.01583218e-05j
  -5.03390499e-04-5.67200811e-04j  2.58672172e-02+1.25238986e-02j
   6.44688153e-04+8.89430432e-04j  1.39465739e-04-1.63483715e-03j
   5.02116521e-03+3.75370447e-03j  3.00033162e-03-1.30711042e-03j
  -5.27158329e-05+2.10381780e-05j  1.35917365e-04+7.64456457e-04j
  -5.72115878e-04-5.02880557e-05j  4.64060026e-03+1.65780511e-03j]
 [-3.21559228e-04+2.49936262e-03j -1.35737947e-03+4.63399640e-04j
  -9.19976182e-01-3.91134079e-01j -1.25607529e-03-2.97971812e-04j
  -3.34967188e-03-1.62042559e-03j -1.08177522e-03+4.85271385e-04j
   2.05530981e-02+8.57836454e-03j -9.00230800e-03-1.12976342e-03j
   1.72983791e-03+2.12698347e-03j  1.98132887e-04+6.68751584e-04j
   3.76046334e-03-1.34778740e-03j -1.42844517e-03-1.94856498e-03j
   2.01236269e-04+3.64029424e-04j  7.47503548e-05+1.25811202e-05j
   4.56036012e-03+1.82884390e-03j -3.09393805e-04+2.83476867e-04j]
 [-2.16459366e-02-9.08900830e-03j -9.19474506e-01-3.91222610e-01j
   5.12845166e-04+1.22974701e-03j  4.54973286e-03+1.58135058e-03j
   1.03443201e-03-9.34079667e-04j  2.51729497e-02+1.16989289e-02j
  -1.30391524e-03-2.39842509e-04j  4.11713912e-03+7.58795037e-03j
   4.11226354e-03+4.53262414e-03j -2.54426414e-03-2.99528429e-03j
  -1.23323212e-03+4.97550934e-05j -5.62004190e-04+2.42670341e-03j
  -6.41070059e-04-4.23611764e-05j  4.61366535e-03+1.87541011e-03j
   7.72618101e-05+6.71514425e-05j  5.26198796e-04-6.84246093e-04j]
 [-9.22638128e-01-3.83973555e-01j  2.13830323e-02+9.10526499e-03j
  -1.78716312e-03+1.94126553e-03j  5.19221187e-03+1.56767380e-03j
   2.16908609e-02+9.46982693e-03j -9.36122897e-03-1.72296600e-03j
  -5.28156029e-03+1.02992974e-03j  6.74507051e-04-4.68142823e-04j
  -2.67901443e-03-2.81300992e-03j -1.69540274e-03+1.56432847e-03j
   1.89029565e-04-6.74395232e-04j  3.62069977e-04+2.12523606e-04j
   4.63667206e-03+1.74889421e-03j -5.22921308e-04+2.13233776e-04j
   4.67477333e-04-3.03733501e-04j -8.78546854e-05+9.24345316e-06j]
 [-5.61897889e-04-8.64792762e-04j -8.48837725e-03+2.15977336e-03j
   7.04200926e-03+5.74648651e-03j -2.68963729e-02-9.92697489e-03j
  -4.82727376e-03-1.63422856e-03j -1.87236692e-03-1.68757496e-03j
  -3.90151524e-04-6.41133313e-04j -9.16760115e-01-3.98069459e-01j
  -5.19592873e-05+1.09774940e-04j  7.23333889e-04+7.27410004e-05j
  -3.41834743e-04+7.90371079e-04j  1.78182665e-04+4.87064543e-04j
  -1.09598047e-04+1.18060429e-03j  2.05899857e-03+2.02453122e-03j
  -4.17150190e-03-4.63682890e-03j  3.80431105e-03+3.41785541e-03j]
 [ 2.86359145e-03+4.65771706e-03j  9.45132909e-04+6.75241661e-04j
  -2.02743953e-02-9.15245389e-03j  7.30061245e-04-7.22498104e-05j
  -2.67259557e-03+1.68168071e-03j -1.10910015e-03-4.58773589e-04j
  -9.14028759e-01-4.04944286e-01j  5.04531892e-04-2.18513693e-04j
  -4.27651218e-04-4.93121623e-04j  1.32950446e-04-2.20789932e-04j
   1.88518594e-04+3.27475268e-04j -3.56844754e-04+8.73619194e-04j
   7.23218300e-04-1.84002792e-03j  6.73583992e-04+2.66872150e-04j
   3.20580439e-03+3.30374188e-03j  1.81785456e-03-1.66851368e-03j]
 [ 6.52289674e-03+5.09002563e-03j -2.58739526e-02-1.05530008e-02j
   5.05284519e-04+1.18523489e-03j  2.85581110e-04+2.19959942e-04j
  -2.28270132e-02-1.06133491e-02j -9.13558210e-01-4.04799295e-01j
   1.10682396e-03+5.55244101e-04j  2.72266079e-03+5.15929620e-04j
  -3.88125945e-04+1.00213677e-03j  3.22598689e-04+3.68996427e-04j
   2.19154290e-04-1.08417008e-04j -8.46909507e-04-4.91129299e-04j
  -5.10056395e-03-3.96954633e-03j -2.19518142e-03+1.98195965e-03j
  -4.55251014e-04+1.28148736e-04j -6.16751499e-05-1.32835633e-03j]
 [-2.20429561e-02-9.22612076e-03j  1.19017308e-03-9.42659540e-04j
   3.40005903e-03+1.38497145e-03j -3.84309728e-04-1.10061316e-03j
  -9.16693914e-01-3.97996692e-01j  2.30736685e-02+9.59022566e-03j
   3.39749133e-04+3.09576534e-03j  4.48356898e-03+2.43278634e-03j
   8.91498935e-05+2.65470237e-04j -5.72241648e-04+9.54524483e-04j
  -1.57748141e-04+3.43086848e-04j -6.92437186e-05+1.51604509e-04j
  -2.41452878e-03+1.96871335e-03j  1.55537945e-03+1.80757190e-03j
  -7.44536825e-04+2.18195746e-03j -3.20705136e-04+6.00631006e-04j]
 [-4.27660756e-04-9.02806510e-05j -1.35163367e-03+2.08910590e-03j
   2.37716839e-03-2.90803133e-04j -1.12518097e-03-3.04323689e-03j
  -2.07347627e-05+1.60706931e-04j  9.54923126e-04+2.26180202e-04j
  -4.54021429e-04+8.66345697e-04j -3.79237992e-04+2.92289031e-04j
  -4.59224161e-03-2.21782987e-03j -5.45581773e-06-2.49967612e-03j
   1.14977899e-04+2.23523207e-03j -9.17417673e-01-3.97805781e-01j
   1.32650012e-03-2.05916808e-04j  3.35168423e-03+1.55001942e-03j
   5.52272177e-04-1.89336504e-03j  2.76705677e-03+2.51067081e-03j]
 [ 3.23220514e-04-5.70877645e-04j  7.90340435e-04+9.38385441e-04j
  -1.58170357e-03-3.68083449e-03j -6.23384760e-03-1.05223132e-03j
  -1.61877992e-04+3.57639637e-04j -7.93050000e-05-2.84593580e-04j
  -3.53612362e-04+1.36874894e-04j -2.19399979e-04+7.94521094e-04j
   3.43648564e-03+2.15448048e-03j -1.22746170e-03+5.13487592e-04j
  -9.14375845e-01-4.04672668e-01j -1.74790249e-03+1.39223758e-03j
   3.22106094e-04-5.49241910e-05j -9.32139318e-04+6.18076818e-04j
  -2.57301637e-03-1.64091265e-03j -7.64932193e-03-2.32985982e-03j]
 [ 2.17130381e-04+2.30285782e-03j  3.76330756e-03-2.24770784e-04j
  -6.92406717e-04+3.25553229e-04j  1.06661196e-03-1.23877390e-03j
  -3.44014014e-04+1.02509407e-03j -5.89731243e-04+4.17907646e-05j
   1.27948819e-04-2.37118236e-04j -5.71939308e-04-4.83742275e-04j
  -2.25220464e-02-7.76248822e-03j -9.14194552e-01-4.04486491e-01j
   3.01499510e-04+1.23556229e-03j  1.98013721e-03-1.66933151e-03j
  -6.92274579e-05-1.78527480e-03j  1.37875803e-03+1.41930861e-03j
  -1.23398574e-03-1.44498433e-04j  5.32172211e-03-1.10950089e-03j]
 [ 3.72707031e-03-8.13601239e-05j -6.34709390e-03+1.55073231e-04j
  -2.73143441e-03+1.47658494e-04j -1.12807772e-03+2.10306926e-04j
  -3.90973277e-04+1.27481150e-04j -2.32969323e-04+9.87028405e-04j
   6.86163245e-04-6.13547703e-05j  4.26736610e-05+2.01198056e-04j
  -9.17207871e-01-3.97362281e-01j  2.09506241e-02+1.12947401e-02j
  -3.90195587e-03-1.07788402e-03j  4.68574463e-03+1.87177745e-03j
  -2.14434326e-03-5.85549621e-04j -8.68327886e-03-1.61918877e-03j
  -4.23476559e-03-7.62121799e-03j  9.41589879e-04-8.12008551e-05j]
 [-2.33264083e-05+7.12800236e-05j  1.09243539e-04-8.62699783e-04j
   7.25278400e-05+3.96575924e-04j -4.54270899e-03-2.12153071e-03j
  -2.12038813e-04+6.30609873e-04j  1.02034329e-03-8.68331015e-04j
  -3.59684047e-05-2.50025217e-03j -4.97744431e-03-2.89795270e-04j
  -7.20303076e-04-8.19276257e-04j -2.82383587e-03-4.63740539e-03j
   6.96978563e-03+3.98364994e-03j -3.67675149e-03-2.71894699e-04j
  -5.07482743e-03-1.50277145e-03j  1.97326705e-03-1.80176242e-03j
   7.46861479e-04-2.02470248e-03j -9.22952382e-01-3.84643954e-01j]
 [-1.30211496e-04-4.41216662e-04j -2.54855483e-05-6.10871288e-05j
  -4.60916060e-03-2.04183582e-03j  6.44282976e-04+3.42472015e-04j
  -1.05548713e-03+2.05289553e-03j  2.36843723e-04+3.63440484e-04j
  -4.49682352e-03-3.75103468e-05j  6.18350222e-03-2.07903376e-04j
   8.47405549e-03-2.16921561e-03j  7.53033160e-04+8.36131827e-04j
   2.99424689e-03+7.46792547e-04j  9.38942329e-04-1.70780095e-03j
   1.34028602e-03+1.59909290e-03j -1.09912835e-03-2.28057800e-04j
  -9.20073561e-01-3.91501050e-01j  8.96986383e-04-1.96701608e-03j]
 [-9.08062516e-05+3.96099284e-04j -4.49143401e-03-1.90885199e-03j
  -1.14652008e-05-3.00727230e-05j -6.94329561e-04+4.22369282e-04j
  -2.38712768e-03+2.54549912e-04j  3.94065168e-04+3.04417027e-03j
  -6.27068189e-04-3.48846924e-04j -2.86970242e-03-7.69573510e-05j
   7.14720550e-03+5.22205620e-03j -2.10207386e-03-2.37355397e-04j
   2.07541498e-04+1.14346142e-03j -3.48615532e-03-1.41445346e-03j
  -2.20240282e-02-1.18592948e-02j -9.19859800e-01-3.91251049e-01j
   8.89209466e-04+7.05158011e-04j  4.87320286e-05-2.58022104e-03j]
 [-4.55950264e-03-2.00004518e-03j  8.79580570e-04+5.60411909e-04j
  -3.89816022e-04+5.38852960e-05j  6.30579565e-05+8.77444072e-05j
   5.74106808e-04+3.17003551e-03j  6.29911424e-03+7.93829355e-04j
   8.23757887e-04-1.77060972e-03j -6.83462595e-04+8.69153026e-04j
   1.75179068e-03+9.55382045e-04j  1.36173111e-03-1.17790242e-03j
  -2.10889897e-04-3.22948410e-04j -6.65500089e-04-1.07284444e-03j
  -9.22874125e-01-3.84126673e-01j  2.38914811e-02+7.45058851e-03j
  -2.09942479e-03+1.72335417e-04j  4.65502446e-03+2.62563103e-03j]]

********* Summary *****************
Final fidelity error 0.0013909287266343773
Final objective value 0.0013916858128869506
Final penalized error 7.57082024510956e-07
Final gradient 0.0024760299938064805
Number of iterations 305
Terminated due to function converged
Completed in 0:00:22.958467 HH:MM:SS.US
Computational time 22.958467333
total tv norm 12.112016190969673
total l2 norm 7.57082024510956e-07
