Final evolution
[[ 2.08320559e-03-9.51317746e-04j  2.02491957e-04+1.86107532e-03j
  -4.44448073e-04+7.56576034e-04j ...  5.52251022e-04-3.58092021e-04j
  -2.22095242e-06-2.70789923e-07j  1.33264050e-06+1.29083836e-05j]
 [ 1.98836847e-04+1.86261979e-03j  1.02994838e-03-2.16674020e-03j
   3.09117856e-04+3.82683326e-04j ... -2.36507281e-07+4.11701550e-05j
  -1.36319019e-06+4.62156271e-06j -9.86971142e-07+7.27129048e-07j]
 [-4.44755659e-04+7.54531205e-04j  2.89063171e-04+3.63184042e-04j
   2.71587136e-04-7.32780089e-04j ... -2.61468094e-05+8.82148290e-06j
  -3.73339614e-05-1.53446383e-05j  5.40002773e-04-3.53086009e-04j]
 ...
 [ 5.52598803e-04-3.59333977e-04j -5.66311353e-07+4.10736457e-05j
  -2.61937246e-05+8.84484957e-06j ... -5.97004966e-04+6.31029307e-04j
  -4.23295113e-04+9.51395314e-04j -1.52754071e-04-5.14756070e-04j]
 [-2.21426031e-06-3.24836293e-07j -1.33703694e-06+4.63783435e-06j
  -3.73807192e-05-1.56947683e-05j ... -4.24754430e-04+9.79000369e-04j
   1.40589554e-03-9.48731920e-05j  3.28994208e-03+7.24555087e-04j]
 [ 1.36451501e-06+1.28958965e-05j -9.91106213e-07+7.41470105e-07j
   5.40346815e-04-3.54323878e-04j ... -1.54931824e-04-5.12896289e-04j
   3.28541160e-03+7.21063157e-04j -4.35501616e-04+1.18999226e-03j]]

********* Summary *****************
Final fidelity error 5.287043800683566e-05
Final objective value 5.2870363702051115e-05
Final penalized error 0.0
Final gradient 0.002477792322333887
Number of iterations 782
Terminated due to function converged
Completed in 0:27:38.062761 HH:MM:SS.US
Computational time 1658.062760875
total tv norm 227.2468929991746
total l2 norm 4447.94045539406
