Final evolution
[[ 4.40638117e-01+1.11140475e-03j  6.61324046e-02-2.14399576e-02j
   3.63303717e-03-5.27210578e-03j -2.97389765e-02-3.01231454e-03j
  -3.19260781e-01-2.93533666e-03j -4.80201465e-02+1.52147222e-02j
  -2.65781756e-03+3.80236359e-03j  2.15329357e-02+2.32634435e-03j
   8.73108074e-04-1.34874374e-02j -5.30423532e-04-2.06538318e-03j
  -1.54480353e-04-1.21260026e-04j -1.48848392e-04+9.04683286e-04j
  -8.21262154e-01+1.99591512e-02j -1.22177434e-01+4.32635313e-02j
  -6.50721552e-03+1.00071357e-02j  5.55744161e-02+4.12712712e-03j]
 [ 2.71032397e-03+9.91418552e-03j  2.37697087e-03-3.83612543e-02j
  -4.23037809e-01+1.39111559e-01j -3.36315330e-03+4.86104293e-03j
  -1.91585074e-03-7.19646558e-03j -1.90768396e-03+2.77833137e-02j
   3.07186250e-01-9.87488668e-02j  2.46028500e-03-3.50583095e-03j
   3.08670819e-04-6.40939281e-05j -1.16985278e-03-1.45817133e-04j
   3.45314803e-03+1.32156464e-02j  1.42410132e-04+1.12215122e-04j
  -5.54684166e-03-1.83413202e-02j -2.51196713e-03+7.16117813e-02j
   7.81450202e-01-2.80409335e-01j  6.02479127e-03-9.22755453e-03j]
 [-4.24502745e-02-5.32301476e-02j  3.69837508e-01+2.38126500e-01j
  -8.44539911e-03+3.80779198e-02j  1.06595424e-02+1.32838904e-02j
   3.05002035e-02+3.87733281e-02j -2.66816168e-01-1.74323342e-01j
   6.30321886e-03-2.75486875e-02j -7.65920022e-03-9.67642593e-03j
  -1.71040646e-03+1.19819571e-03j  7.99419023e-03-1.08686350e-02j
   1.14962308e-03+3.31054507e-04j  4.26967158e-04-3.01031997e-04j
   8.17748799e-02+9.70813635e-02j -7.01162745e-01-4.25299938e-01j
   1.38357157e-02-7.13871390e-02j -2.05300816e-02-2.42239229e-02j]
 [ 3.19124947e-02-2.85006673e-03j -1.12306923e-02+3.20682959e-03j
  -5.44402522e-03-5.09206035e-03j  4.45770842e-01-8.21315517e-04j
  -2.31361062e-02+1.91076114e-03j  8.15274606e-03-2.26923187e-03j
   3.91987555e-03+3.71578985e-03j -3.22989061e-01-1.55978809e-03j
  -2.64817501e-05-9.82386095e-04j  7.67868373e-05+3.49919402e-04j
  -1.66253470e-04+1.56965099e-04j  8.23714373e-04-1.36482494e-02j
  -5.93320495e-02+6.90711959e-03j  2.07700383e-02-6.53798813e-03j
   1.04004841e-02+9.21776629e-03j -8.30731259e-01+2.38177345e-02j]
 [-5.66566512e-01-2.25400031e-01j -9.60145326e-02-6.01939100e-03j
  -7.35569782e-03+4.93894414e-03j  3.67449855e-02+1.89929194e-02j
  -7.06768127e-01-3.13047777e-01j -1.21336902e-01-1.22882451e-02j
  -9.55790970e-03+5.89931902e-03j  4.56253900e-02+2.58443826e-02j
  -2.91260856e-02-1.34919783e-02j -5.02931268e-03-5.95058209e-04j
  -4.00969600e-04+2.38255795e-04j  1.87629241e-03+1.10496396e-03j
  -2.82475041e-02-8.05717686e-04j -4.27549210e-03+1.26428700e-03j
  -2.41702063e-04+3.31939636e-04j  1.90154796e-03+2.42689393e-04j]
 [ 1.55085551e-03-1.41378514e-02j -2.25577598e-02+4.81653827e-02j
   6.15186886e-01+3.59775126e-02j  6.79940188e-03-4.54705593e-03j
   2.65120526e-03-1.78342215e-02j -3.09148878e-02+5.99193859e-02j
   7.77558838e-01+7.54524995e-02j  8.83417315e-03-5.42989994e-03j
   1.22549406e-04-7.38622551e-04j -1.32548698e-03+2.46623305e-03j
   3.22314642e-02+3.67653075e-03j  3.70591809e-04-2.19271631e-04j
  -1.57233974e-04-6.40117118e-04j -2.16329247e-04+2.45538211e-03j
   2.73528733e-02-8.21332802e-03j  2.23714611e-04-3.06036202e-04j]
 [ 2.75803440e-02+9.00876655e-02j -3.54970153e-01-4.94467824e-01j
   3.02242278e-02-4.47162231e-02j -6.96756359e-03-2.25153578e-02j
   3.05630508e-02+1.15460660e-01j -4.25654766e-01-6.43621022e-01j
   4.04591014e-02-5.51777346e-02j -7.73289434e-03-2.88603766e-02j
   1.18823600e-03+4.81529701e-03j -1.72230955e-02-2.70207914e-02j
   1.71844672e-03-2.26268555e-03j -3.00887653e-04-1.20368986e-03j
   2.63276643e-03+3.48334749e-03j -2.33134075e-02-1.58827687e-02j
   6.04904560e-04-2.42710252e-03j -6.61242514e-04-8.69399191e-04j]
 [-4.25222103e-02-1.25523992e-02j  1.60846519e-02+1.58097892e-03j
   4.41861719e-03+9.32094454e-03j -5.74155052e-01-2.25521373e-01j
  -5.32566475e-02-1.79662384e-02j  2.02989254e-02+2.78391253e-03j
   5.14473613e-03+1.20221739e-02j -7.16375241e-01-3.13570032e-01j
  -2.19865124e-03-7.83200077e-04j  8.40864206e-04+1.29782968e-04j
   2.05202276e-04+5.02758124e-04j -2.95246076e-02-1.35203806e-02j
  -2.05066399e-03+1.29525626e-04j  7.25346092e-04-1.86870619e-04j
   3.40529478e-04+3.35526754e-04j -2.85797852e-02-6.90366123e-04j]
 [-4.24396300e-02-2.50168935e-03j -6.48689906e-03+1.70586855e-03j
  -3.78613275e-04+4.88106391e-04j  2.84831782e-03+4.51784704e-04j
  -6.65723971e-03+4.33086977e-03j -7.85953328e-04+9.75892153e-04j
  -2.78000604e-06+1.15366716e-04j  4.78283228e-04-2.47989215e-04j
   9.84148296e-01-1.42383992e-02j  1.46884288e-01-5.03927470e-02j
   7.91384439e-03-1.19124012e-02j -6.65323206e-02-5.59911720e-03j
  -1.85905628e-02+1.36069445e-02j -2.12061853e-03+2.95207712e-03j
   1.03688567e-05+3.34592990e-04j  1.34570640e-03-7.94646655e-04j]
 [-2.07201113e-04-9.69740141e-04j -4.37440915e-04+3.68233503e-03j
   4.15062684e-02-1.11013187e-02j  3.50382069e-04-4.49976313e-04j
  -1.38700664e-04-1.22796677e-04j  3.42645508e-04+6.02066840e-04j
   5.00823460e-03-6.27223728e-03j  2.76509238e-06-1.06503678e-04j
   6.42935136e-03+2.20391567e-02j  3.85297909e-03-8.57649125e-02j
  -9.39519431e-01+3.26739711e-01j -7.32669328e-03+1.09841064e-02j
  -4.21340987e-04-3.33522622e-04j  1.08857475e-03+1.68912026e-03j
   1.35043880e-02-1.89666365e-02j -8.99686952e-06-3.08919633e-04j]
 [ 3.79986150e-03+5.35823365e-03j -3.43315189e-02-2.49480526e-02j
   1.02045907e-03-3.62206343e-03j -9.54618756e-04-1.33753588e-03j
   1.16549453e-03+3.84042821e-04j -7.92788446e-03+5.73349846e-05j
  -2.48318058e-04-6.57668437e-04j -2.91848840e-04-9.51905634e-05j
  -9.68268788e-02-1.17271564e-01j  8.35018472e-01+5.17789639e-01j
  -1.74167510e-02+8.53623971e-02j  2.43107320e-02+2.92632973e-02j
   3.43706896e-03+9.26247371e-04j -2.29532345e-02+1.43193044e-03j
  -8.24241998e-04-1.86522668e-03j -8.60512679e-04-2.29110500e-04j]
 [-3.08954677e-03+1.01113283e-04j  1.09925449e-03-2.47873869e-04j
   4.96737997e-04+5.20091956e-04j -4.29445571e-02-2.34340838e-03j
  -4.53224824e-04+3.57858628e-04j  1.37755074e-04-1.59179149e-04j
   1.32355536e-04+2.30906068e-05j -6.71558858e-03+4.41066449e-03j
   7.11641263e-02-7.57620181e-03j -2.49605573e-02+7.58818655e-03j
  -1.23517247e-02-1.11658532e-02j  9.95538209e-01-1.87496384e-02j
  -1.25558391e-03+1.10887218e-03j  3.73578395e-04-4.83043482e-04j
   3.87042590e-04+4.57462866e-05j -1.87468239e-02+1.38473793e-02j]
 [-5.83871442e-01-2.49945196e-01j -9.98131412e-02-8.85162898e-03j
  -7.79203716e-03+4.94471958e-03j  3.77495807e-02+2.07652569e-02j
   4.68019352e-01+2.29326115e-01j  8.14289569e-02+1.14403899e-02j
   6.59321679e-03-3.72556278e-03j -3.00661403e-02-1.86010458e-02j
  -3.04668665e-02-1.61229125e-02j -5.35938308e-03-9.23847001e-04j
  -4.43516600e-04+2.32713252e-04j  1.94926744e-03+1.29150941e-03j
  -5.01216730e-01-2.09127669e-01j -8.54167941e-02-6.78361100e-03j
  -6.62383680e-03+4.28937198e-03j  3.24418553e-02+1.74587920e-02j]
 [ 1.99530544e-03-1.46793017e-02j -2.47844922e-02+4.95451328e-02j
   6.39595137e-01+5.40174624e-02j  7.20224752e-03-4.55163698e-03j
  -2.25087243e-03+1.19464935e-02j  2.23896511e-02-3.95644208e-02j
  -5.21904029e-01-7.10938703e-02j -6.09337855e-03+3.42815439e-03j
   1.73380149e-04-7.85100437e-04j -1.56150449e-03+2.56936234e-03j
   3.43545787e-02+5.77373211e-03j  4.09862366e-04-2.14081440e-04j
   1.59065492e-03-1.25675175e-02j -2.08027315e-02+4.25594873e-02j
   5.47323159e-01+4.11575218e-02j  6.12261776e-03-3.94861968e-03j]
 [ 2.62935995e-02+9.45460249e-02j -3.56305591e-01-5.24417573e-01j
   3.26743786e-02-4.57473757e-02j -6.64904368e-03-2.36316276e-02j
  -1.75832004e-02-7.85863781e-02j  2.70010121e-01+4.44721215e-01j
  -2.86963973e-02+3.61211287e-02j  4.45799731e-03+1.96457688e-02j
   1.00063022e-03+5.23119917e-03j -1.69340516e-02-2.99542980e-02j
   1.97133109e-03-2.32876226e-03j -2.54270850e-04-1.30787320e-03j
   2.32265675e-02+8.06365859e-02j -3.08791172e-01-4.45610677e-01j
   2.75790060e-02-3.93742044e-02j -5.87128420e-03-2.01543799e-02j]
 [-4.39384432e-02-1.42145414e-02j  1.67055970e-02+2.07906363e-03j
   4.35004051e-03+9.82434735e-03j -5.91769744e-01-2.50275766e-01j
   3.54128578e-02+1.34920784e-02j -1.36035972e-02-2.40449832e-03j
  -3.15296793e-03-8.23382176e-03j  4.74478410e-01+2.29928284e-01j
  -2.31323009e-03-9.64779950e-04j  8.94328455e-04+1.86945830e-04j
   1.91485247e-04+5.50791767e-04j -3.08926084e-02-1.61760113e-02j
  -3.76822334e-02-1.18087929e-02j  1.43007996e-02+1.64633482e-03j
   3.79686657e-03+8.36628096e-03j -5.07972928e-01-2.09348200e-01j]]

********* Summary *****************
Final fidelity error 0.2513222534678138
Final objective value 0.25135539139987934
Final penalized error 3.313988456991422e-05
Final gradient 0.032626123471241074
Number of iterations 644
Terminated due to function converged
Completed in 0:01:11.938734 HH:MM:SS.US
Computational time 71.938734375
total tv norm 28.005009143802653
total l2 norm 3.313988456991422e-05
