Final evolution
[[ 0.00049908+6.95126337e-04j -0.01282883-9.99884164e-01j
  -0.0012611 -6.03740117e-05j -0.00044969+8.03442990e-03j]
 [-0.01282752-9.99884180e-01j  0.00046096-7.04808091e-04j
  -0.00066166-8.02101761e-03j -0.00126085+9.32528908e-05j]
 [-0.0012611 -6.04115971e-05j -0.00066169-8.02091468e-03j
   0.00035409+6.94882736e-04j -0.01357779-9.99874326e-01j]
 [-0.00044968+8.03453081e-03j -0.00126085+9.32154481e-05j
  -0.01357649-9.99874343e-01j  0.00035543-7.04348814e-04j]]

********* Summary *****************
Final fidelity error 3.358503162631532e-05
Final objective value 3.433305134240052e-05
Final penalized error 7.479807881132378e-07
Final gradient 0.0009947400100956316
Number of iterations 131
Terminated due to function converged
Completed in 0:00:03.234179 HH:MM:SS.US
Computational time 3.234179
total tv norm 9.650840463567581
total l2 norm 7.479807881132378e-07
