Final evolution
[[-3.64356093e-03-2.36660136e-03j -8.11947582e-04-9.53411816e-05j
  -4.31648144e-04+6.78101578e-05j -9.70252368e-01-2.40616588e-01j
   6.23951800e-03+1.97420823e-03j -2.99919083e-04+7.55782936e-05j
   3.66164925e-04-1.52134673e-04j  2.44367273e-02+5.87951734e-03j
  -2.73613678e-04+1.89578088e-04j  7.74215111e-04+2.78274219e-04j
  -2.49962342e-04+1.15381058e-04j  1.54683289e-03+6.73550469e-04j
  -8.62599058e-06-2.02586292e-06j  1.85085805e-04-3.87164077e-04j
   3.70749883e-05-1.58841848e-05j  3.30347287e-03+2.15660188e-03j]
 [ 1.21334919e-04-4.41463391e-04j  6.85118952e-04+2.21034664e-04j
  -9.69673886e-01-2.42884506e-01j  1.57501270e-04+2.16446163e-04j
   3.34168218e-04-1.22712743e-05j  1.75837314e-04+6.42446759e-03j
   2.36025382e-02+7.26057379e-03j -7.96199925e-03-2.10239984e-03j
   6.72214489e-04+3.27874623e-04j  3.24796844e-04+5.31006770e-04j
   1.59147598e-03+5.96092554e-04j -4.06105048e-04+3.23021519e-04j
   2.03071770e-04-3.98252516e-04j  1.19898182e-05+2.58335373e-05j
   3.28778663e-03+2.17521843e-03j  8.39230673e-06+1.57496561e-05j]
 [-2.35183298e-02-4.09213058e-03j -9.69450213e-01-2.42687060e-01j
  -5.66200376e-04-4.27633327e-04j  8.59657246e-04+2.74828252e-04j
   4.66086357e-04+1.85858998e-04j  2.45467143e-02+5.89783380e-03j
   2.81706546e-03-5.83075163e-03j  2.24098511e-05-4.48944410e-05j
   1.01917857e-04-1.91109624e-04j -1.23445445e-03-2.43262205e-04j
  -1.46443333e-04-3.73305052e-04j -7.65500143e-04-7.64847652e-05j
   8.12831678e-05+5.87207410e-05j  3.34740321e-03+2.19164806e-03j
  -8.63563763e-07-1.35316650e-05j -3.01578654e-04-3.07875881e-04j]
 [-9.69789014e-01-2.41237900e-01j  2.24750882e-02+7.37080576e-03j
   3.96711316e-05-3.89031034e-04j  4.62332646e-03-3.35034165e-04j
   2.31401526e-02+7.18652317e-03j -8.86946539e-03-2.63766665e-03j
   1.15870308e-04+1.62251369e-04j  6.32530252e-03+7.31660997e-04j
  -1.29338544e-03-1.39112985e-04j  4.02431958e-04-1.69140553e-04j
  -7.65179177e-04-1.83533624e-04j -5.80690279e-04+1.87895636e-04j
   3.36187830e-03+2.18112160e-03j -1.03609305e-04-9.01584383e-05j
  -2.96396638e-04-2.83153699e-04j -4.36408987e-05+1.43769459e-05j]
 [-6.12311452e-03-2.39025736e-03j  1.06981242e-04-1.19182778e-06j
   7.97935065e-03+1.87408508e-03j -2.43282050e-02-6.30197473e-03j
  -4.42322090e-03-2.18949573e-04j -7.56250055e-04-2.71185769e-04j
  -8.34046438e-04-1.63113978e-03j -9.69381385e-01-2.43975122e-01j
   2.29363921e-06+8.98822046e-06j -1.53969043e-04+4.05841486e-04j
  -2.12845682e-05+9.24598937e-06j -1.96501447e-03+1.27903400e-03j
  -2.67802069e-04+2.01318412e-04j  6.73435872e-04+2.29029400e-04j
  -1.65079276e-04+1.75342425e-04j  1.87049107e-03+6.46524626e-04j]
 [-1.52290484e-04-9.25282450e-05j  2.64272916e-04-6.46525675e-03j
  -2.42324629e-02-4.77608268e-03j -2.08715856e-04-3.22538420e-04j
   7.53983321e-05-2.77705322e-04j -1.59282745e-03+2.90888866e-04j
  -9.68997866e-01-2.45713121e-01j  1.31728979e-03-1.07274576e-03j
  -1.72329952e-04+4.05912703e-04j -2.80745317e-05-1.52451484e-05j
  -1.95035052e-03+1.25991242e-03j -7.05498273e-06-4.39440129e-05j
   5.68748533e-04+2.79542102e-04j  2.91091322e-04+5.54707483e-04j
   1.91063734e-03+5.55862258e-04j -3.94419771e-04+1.93155247e-04j]
 [ 7.88463368e-03+1.64922841e-03j -2.46061469e-02-6.50205080e-03j
  -3.19977504e-03+5.58071552e-03j  7.28353778e-05+1.97627437e-04j
  -2.39510832e-02-5.99077673e-03j -9.68508018e-01-2.46206799e-01j
   1.42129355e-03+7.28595844e-04j  8.04281198e-04+2.03511806e-04j
  -5.56225437e-06+2.04734172e-05j -2.01154333e-03+1.23869609e-03j
   8.59776821e-07+1.36948878e-05j  3.20257752e-04+2.74864032e-04j
   1.90488190e-04-1.49553428e-04j -8.98289643e-04-2.88883251e-04j
  -1.54530975e-04-3.78859810e-04j -8.47269382e-04+8.19787546e-06j]
 [-2.40053271e-02-4.59934931e-03j  6.59779363e-04+2.51522923e-04j
  -2.47972507e-04-3.35764867e-04j -6.22708579e-03-1.16137950e-03j
  -9.69139955e-01-2.43925983e-01j  2.37126650e-02+6.07078575e-03j
   4.45758881e-05-2.87038961e-04j  4.29435212e-03+1.93433229e-03j
  -2.03085232e-03+1.26195877e-03j  5.72520635e-05-2.40005993e-05j
   3.20516271e-04+2.56999164e-04j  2.99944172e-05-1.50711989e-05j
  -9.79951433e-04-1.76160126e-04j  4.13988541e-04-3.16577289e-04j
  -8.41103750e-04-1.00361789e-04j -5.62777204e-04+2.33368509e-04j]
 [ 4.72624533e-04+4.56364882e-04j  6.89307576e-04+2.84281694e-04j
   1.93432820e-04+4.64735104e-04j -1.65597980e-03-8.53975634e-05j
  -2.48231203e-05-1.98020665e-05j -4.20464642e-04+9.05501659e-05j
   2.13126894e-05-3.78586946e-05j  1.16747257e-03+2.05641979e-03j
  -4.25500956e-03-1.50982451e-03j -1.03096723e-03+2.67327378e-04j
   6.71521914e-04-2.12289845e-04j -9.69863765e-01-2.43494158e-01j
   6.14876140e-03+1.89039466e-03j -3.76471309e-04+4.43499767e-07j
   2.94625320e-05+1.79042120e-05j  6.81236152e-04-1.04871691e-03j]
 [ 7.60076933e-04+1.96412750e-04j  2.88702491e-04-2.31405116e-04j
  -1.65221013e-03-1.79191150e-04j  1.26248150e-04+2.25059775e-04j
  -4.22597203e-04+7.32005141e-05j  8.25839586e-06+2.53717642e-05j
   1.16114495e-03+2.05192787e-03j -2.49811606e-05+1.24573813e-05j
  -1.22824371e-04-7.46474769e-05j  1.67957469e-03-1.29988526e-04j
  -9.69288204e-01-2.45690639e-01j -4.90167534e-04-5.18680700e-04j
   2.84910972e-04-8.19795270e-05j  2.07622935e-04+6.43840337e-03j
  -1.24799444e-04+2.52568622e-04j -7.65502947e-03-1.87882710e-03j]
 [-2.30857295e-04-3.33548756e-04j  1.23741364e-03+4.19331183e-04j
  -5.38373006e-04+2.79966100e-04j -8.07698294e-04-1.00218961e-04j
   2.96386644e-05+6.44374057e-05j  1.14772584e-03+2.04105732e-03j
   4.57346078e-05-6.20772802e-07j -4.17366179e-05+4.32077090e-04j
  -2.32732485e-02-4.22706808e-03j -9.69134990e-01-2.45277374e-01j
  -1.41812669e-03-9.21616154e-04j  8.86237437e-04+7.34086365e-04j
  -4.33469047e-04+2.32186526e-04j  8.28720585e-04-1.07061450e-03j
   2.77842957e-03-5.85720884e-03j -4.06957516e-05-1.00397126e-05j]
 [ 1.23855517e-03+5.38221693e-04j -9.75904394e-05-2.40068943e-04j
  -7.35515131e-04-2.39870027e-05j  2.06233684e-04+3.02679457e-04j
   1.15745376e-03+2.04871654e-03j -4.00536208e-05-6.51922277e-05j
  -2.97360347e-05+4.41816717e-04j -2.65493434e-05-3.35115670e-05j
  -9.69467133e-01-2.43791047e-01j  2.24939437e-02+7.30630072e-03j
   9.66560622e-05+5.77660373e-05j  4.44552699e-03+6.72678165e-04j
  -5.98988758e-04+1.94402012e-04j -8.01733025e-03-2.20689620e-03j
   3.16217159e-05+1.70040647e-04j  6.43810506e-03+6.96897172e-04j]
 [-6.90135335e-08+4.26148096e-05j  4.17506462e-04-1.15224575e-04j
   1.23565672e-05+1.23842123e-05j -3.97462477e-03+3.56503664e-04j
   4.35830444e-04+4.93192702e-04j  7.21009874e-04+3.97746598e-04j
   2.40662985e-04+3.39322596e-04j -1.86005911e-03-3.17896257e-04j
  -5.99525879e-03-2.41388954e-03j  1.79473025e-04+6.96721484e-05j
   7.63550554e-03+1.96125530e-03j -1.06020908e-04-1.22482432e-03j
  -5.04266757e-03+6.43758145e-04j -9.85556847e-04+1.16101359e-04j
  -8.81625923e-04-1.50252148e-03j -9.70575706e-01-2.40471435e-01j]
 [ 4.12908223e-04-1.04857567e-04j  4.19161593e-06-1.98886019e-05j
  -3.97585887e-03+3.57343540e-04j -1.58434737e-05-3.38353967e-05j
   7.87515354e-04+3.03839727e-04j  2.93253432e-04-2.33576542e-04j
  -1.84966416e-03-4.17529051e-04j  2.71506798e-05+2.31196675e-04j
  -9.08038984e-05-2.23259519e-05j  3.25526693e-04-6.47637837e-03j
  -1.57571394e-05+2.84388487e-04j -3.75071147e-05+1.19215843e-05j
  -1.72699591e-04+8.29804555e-05j -5.74767164e-04-5.65205078e-05j
  -9.70181413e-01-2.42243377e-01j  1.48470958e-03-9.13568173e-04j]
 [-8.66632409e-05-2.84281004e-05j -3.96459876e-03+3.60802695e-04j
  -2.60900160e-05+1.86695008e-05j  6.71524769e-06-4.36833786e-04j
  -1.81567392e-04-4.74499950e-04j  1.02672968e-03+1.70227778e-04j
  -5.17363181e-04+3.15650737e-04j -6.96983602e-04-9.52818409e-05j
   8.11391909e-03+1.82091638e-03j -4.06700519e-04-1.38777562e-03j
  -3.24472033e-03+5.55826487e-03j  1.23165479e-04+1.52831820e-04j
  -2.48840632e-02-5.56492633e-03j -9.69770895e-01-2.42408229e-01j
   5.47762025e-04+2.25671591e-04j  8.43220863e-04+6.77534012e-04j]
 [-3.96246116e-03+3.69685185e-04j  9.51110267e-05-3.42938711e-06j
  -8.24043829e-06-4.47265927e-04j  4.37486859e-05+2.10254767e-05j
   1.04601829e-03+3.04797280e-04j -1.89932802e-04-2.35106925e-04j
  -6.20354014e-04-1.89089077e-05j  1.97570055e-04+3.11835518e-04j
   2.31700194e-04+4.25982281e-04j  2.65807599e-04+4.34651317e-04j
  -1.59469757e-04-3.68977224e-04j -6.32726564e-03-1.21655432e-03j
  -9.70342657e-01-2.40206416e-01j  2.45946801e-02+6.74933911e-03j
   9.86835517e-05+1.59317641e-04j  4.13807276e-03+2.89391221e-03j]]

********* Summary *****************
Final fidelity error 0.0012935865114852563
Final objective value 0.001293634144937561
Final penalized error 4.7602836350379546e-08
Final gradient 0.0024961262897962126
Number of iterations 800
Terminated due to function converged
Completed in 0:00:59.546687 HH:MM:SS.US
Computational time 59.546687250000005
total tv norm 18.303510394256328
total l2 norm 4.7602836350379545e-07
