Final evolution
[[ 2.61580539e-01+1.26646769e-02j  2.92323873e-02+3.98114947e-02j
  -7.37990631e-03-2.12504803e-03j -5.60284044e-01-2.87905441e-02j
  -1.76147440e-01-6.69212495e-03j -1.89108429e-02-1.71829055e-02j
   5.39523114e-03+2.26666521e-03j  3.78589687e-01+8.65085498e-03j
   3.63773223e-03-1.10197647e-02j -3.10028129e-03+9.04142353e-03j
  -4.91965950e-03-5.04188869e-03j -6.13600378e-03+2.83080520e-02j
  -2.77689807e-01-8.98192693e-03j -3.89709753e-02-3.95353549e-02j
  -5.11652203e-03-4.10297325e-03j  5.97468897e-01+2.45767015e-02j]
 [-5.09389211e-03-1.36271545e-02j  3.78719498e-03+2.12191654e-02j
  -4.57095649e-02+6.19328670e-01j -1.24005541e-02-1.86854343e-02j
   8.65344486e-03+1.94565524e-02j -2.79274973e-03-1.28836620e-02j
   2.20786307e-02-4.15894651e-01j -9.41431794e-03+8.71640569e-03j
  -1.02939697e-02-5.43484078e-03j  1.65011842e-03+6.19145952e-04j
   3.03368751e-02+8.33942666e-03j -2.13131775e-02-1.14910513e-02j
   4.72221525e-03+1.33870275e-02j -3.79445688e-03-2.15297028e-02j
   4.18181339e-02-6.59359997e-01j -3.17169076e-03-2.67887362e-03j]
 [-4.18680663e-02+2.12699343e-02j  6.08517967e-01-1.05629020e-01j
  -2.19610037e-02-1.63361871e-03j  1.51119331e-02-3.25027828e-02j
   1.01077371e-02-2.03189509e-02j -4.09955960e-01+8.14068156e-02j
   1.41472175e-02+1.47548853e-03j -2.64435422e-03+1.94588805e-02j
   1.81958421e-02+9.56261317e-03j  8.82329232e-04-3.46395271e-02j
  -6.53248026e-04-9.16804614e-05j  4.36229897e-03-3.76063712e-03j
   6.50066335e-02-2.04730261e-02j -6.45377135e-01+1.17749928e-01j
   2.28842377e-02+8.51568408e-04j -4.15809440e-03+3.94858116e-02j]
 [-8.01022896e-02-5.55718542e-01j  7.63147388e-03-3.08871007e-02j
   2.15111195e-03-1.43603888e-02j -3.79505248e-02-2.60099980e-01j
   5.97479416e-02+3.73099606e-01j  1.13222807e-02+1.22807727e-02j
  -1.00377904e-02+2.77949761e-02j  3.13186070e-02+1.74904627e-01j
  -2.71993529e-02-2.89100672e-03j  2.09188372e-02+1.50126602e-02j
   1.05480687e-02-8.48913041e-03j -1.34224736e-02-6.27129992e-04j
   9.15395386e-02+5.88502519e-01j  1.57967259e-02+5.73278429e-02j
  -1.23114771e-03+1.16610659e-02j  4.52929489e-02+2.77006400e-01j]
 [-4.74932114e-02+2.28079126e-01j -2.60537591e-02+4.58344246e-02j
  -8.44560659e-03+2.38801522e-02j  1.12084389e-01-4.90647811e-01j
  -5.07803238e-02+3.44029038e-01j -4.98495375e-02+4.93315491e-02j
  -3.29742649e-02+2.91953896e-02j  1.21611240e-01-7.38560213e-01j
   4.58682137e-04+4.46113477e-03j -1.82375250e-03+8.39837346e-03j
   1.99906449e-04+1.27538988e-02j -1.10237357e-03-9.15525085e-03j
  -7.74386337e-03-1.02030348e-03j  6.75709900e-03-4.37762309e-03j
  -1.28097875e-02+8.95659919e-03j  1.49698090e-02+3.95504562e-03j]
 [ 9.23995077e-03+5.17397182e-04j -1.80527512e-02-1.42719438e-03j
  -5.40109448e-01-1.32598456e-01j -3.37073131e-02+1.82749826e-02j
   2.77296610e-02-4.65684423e-03j -2.62570359e-02+7.40895689e-04j
  -8.14029040e-01-1.51292423e-01j -2.74378469e-02+7.91884392e-03j
   3.81901740e-03-8.34691768e-03j -2.62220370e-04-3.40689758e-04j
  -1.09608090e-02+1.83498935e-03j -1.46610562e-02-2.26292438e-03j
   1.17350098e-02-4.56820729e-03j  8.10551998e-04-8.84152371e-04j
   4.91073705e-03-1.78717176e-02j -3.69799882e-03+6.45376352e-03j]
 [-8.13637193e-03-7.48175124e-02j -4.75679394e-03+5.51561389e-01j
   2.57108505e-03-2.03127275e-02j  2.45931193e-02+1.35160736e-02j
   5.05144365e-03-1.05881284e-01j  4.59456106e-02+8.19634029e-01j
   4.43865549e-03-3.03552143e-02j  4.33987244e-02+1.32039133e-02j
  -5.96409371e-03-2.90971260e-03j  3.95198766e-03+9.54517919e-03j
  -1.20412059e-04-1.39010021e-03j  1.85611966e-03+2.66589888e-03j
   1.37505646e-02+3.69722801e-03j -1.78118674e-02+1.24123494e-03j
   9.68040876e-04-8.82975341e-04j -5.09465777e-03+5.30081760e-03j]
 [ 5.00316814e-01+1.16319686e-02j  6.55786730e-02-2.14094887e-02j
  -3.42677515e-04+1.15913638e-03j  2.37602007e-01+6.05798430e-03j
   7.44938882e-01-2.59228175e-02j  8.69153158e-02-1.80679799e-02j
   5.99182247e-03-3.67162201e-03j  3.52002274e-01-1.29643573e-02j
   9.47504931e-03-2.82533094e-03j  4.79607651e-03+1.62819990e-03j
   2.07217527e-03+9.18163823e-03j  5.37938180e-03-1.76903724e-03j
   8.47661438e-05+1.67518541e-02j -7.58469269e-03+1.28134129e-03j
   6.04818379e-03-9.81074173e-04j  4.16415468e-04+8.04198399e-03j]
 [ 8.44539578e-03+1.03071518e-02j -8.42655592e-03-8.86303658e-04j
  -1.21986727e-02-4.06727255e-03j -1.85947250e-02-2.17500012e-02j
  -4.18113454e-04-2.97163902e-03j  2.01916207e-03-3.88016739e-03j
  -6.64715640e-03-4.90194324e-03j  8.85723645e-04+7.62343665e-03j
  -4.12988886e-01-7.64726984e-02j -4.23310273e-02-6.19673619e-02j
   8.63153603e-03-4.50190611e-03j  8.86292547e-01+1.71164571e-01j
   7.41864630e-03-4.78561903e-03j -1.00907469e-02+7.14039647e-03j
  -1.25155924e-02-2.48116675e-02j -1.78925117e-02+1.84863256e-02j]
 [ 6.68019266e-03+7.43670345e-03j -3.82417238e-04-1.43447302e-04j
  -2.60593099e-02+1.86568953e-02j  1.53673565e-02-1.01104941e-02j
   2.30312258e-03+4.91883383e-03j  5.52744859e-04+6.89272880e-04j
   8.16615509e-03-1.75988012e-03j  4.52442486e-04-3.62388604e-03j
  -7.07409805e-03+1.39726765e-02j -8.26947109e-04-3.20721296e-02j
   2.11638938e-01-9.75109273e-01j -1.24018727e-02+1.08673877e-02j
  -9.38111260e-03-3.66927564e-03j  8.62223765e-04-1.71345827e-04j
   1.78979553e-02+1.92567442e-02j  1.52518331e-03-2.12039238e-02j]
 [-3.23824601e-03-7.92670255e-03j  2.46656922e-02+1.93465267e-02j
   5.46618767e-04-8.84633795e-04j -1.00897692e-02-5.09368408e-03j
   8.06391083e-03+1.70124564e-03j -2.87882091e-03-8.15884292e-03j
   2.70125512e-04+9.71411088e-04j  1.74375519e-03+2.14908963e-03j
   9.79653826e-02-9.94094440e-03j -9.90673588e-01+2.97057582e-02j
   3.37282872e-02+6.72374477e-03j -1.09388878e-02+5.47010369e-02j
   2.19263677e-02+2.87377961e-02j  1.64780908e-02-2.53811309e-02j
   1.14585786e-03-1.09681749e-03j -8.06912527e-03-8.15081123e-03j]
 [ 1.83466533e-02-2.18345246e-02j -1.15286398e-02-7.70610010e-03j
  -1.04413018e-02-5.03621985e-03j  7.13257231e-03-8.88477999e-03j
  -7.76245655e-03+2.89454424e-03j  2.52186122e-03+4.51336631e-03j
  -2.35312568e-03-2.29059550e-03j -3.54625864e-03+1.12492884e-03j
   4.44251469e-03+9.00594016e-01j  1.60513805e-02+8.49376078e-02j
   8.62096504e-03+1.72272078e-02j  4.24628385e-03+4.22067681e-01j
  -1.59152806e-02-1.57977304e-02j -3.09267531e-03+1.63597901e-02j
   1.75983382e-02-1.65873686e-02j -1.10023133e-02-5.70872710e-03j]
 [ 9.50903039e-03-2.31026852e-01j  3.88922522e-02-3.02454956e-02j
   2.38818938e-03-1.23306852e-03j -2.14500693e-02+4.94948969e-01j
   9.01771624e-03+1.54346101e-01j -2.94857180e-02+1.79957469e-02j
   1.69433937e-02-9.14820860e-03j -1.94493132e-02-3.33506873e-01j
  -7.13733340e-04-9.74867976e-03j -1.24815357e-02-1.84397320e-02j
  -4.90655614e-03-1.90365031e-02j -4.63010456e-03+2.36448403e-02j
  -1.40580725e-03-3.12603670e-01j  5.77145997e-02-4.73886409e-02j
   7.08687373e-04-1.28304448e-02j -8.31550501e-03+6.75648944e-01j]
 [-1.48953196e-02+8.29946048e-03j  1.76301828e-02-3.07298445e-03j
   5.47660924e-01+3.62979085e-02j -3.05381074e-03+9.78105288e-03j
   1.67900091e-03-5.97240232e-03j -1.19665523e-02+3.59353559e-03j
  -3.68722647e-01+1.30183458e-02j  1.17344161e-02-4.18056976e-03j
   4.21889710e-03-2.36325982e-04j  1.92201562e-03+7.17652403e-04j
   2.54993667e-02+1.98585379e-03j  2.22429036e-02-1.63729483e-02j
  -1.07547091e-02+6.63207216e-03j  2.39054883e-02-4.64865892e-03j
   7.47478608e-01+2.30244349e-02j  1.02493422e-02+2.66450037e-03j]
 [ 2.02338694e-02+4.44500749e-02j -9.81115366e-02-5.36022991e-01j
  -1.84450492e-03+1.97736711e-02j -3.35344694e-02-6.04366479e-03j
  -3.17623675e-02-2.59736130e-02j  1.03022630e-01+3.51899053e-01j
  -1.64806263e-04-1.13054124e-02j  3.02809844e-02-5.07525120e-03j
   7.83634840e-03+1.47767925e-02j  2.70768871e-03-2.60877816e-02j
   2.23268317e-03+1.56135356e-03j  7.11130689e-03-1.01830367e-02j
   3.52466444e-02+9.53824713e-02j -1.54825782e-01-7.22998124e-01j
  -6.81227550e-04+2.54382458e-02j -5.53093234e-02+6.21780725e-03j]
 [-4.90418845e-01+7.39374549e-02j -3.97599165e-02+1.01620074e-03j
  -1.39364979e-02-7.15256341e-03j -2.29935344e-01+3.66056394e-02j
   3.22659982e-01-8.19001512e-02j  2.86623297e-02-8.00914902e-03j
   1.12722170e-02+8.37140316e-03j  1.50788860e-01-4.16027534e-02j
  -2.17511958e-02+2.85703277e-03j -7.70337003e-03+1.17634985e-02j
   8.60735673e-03-2.19530029e-04j -1.26314953e-02-1.17709090e-03j
  -6.61024838e-01+1.24007870e-01j -8.45935092e-02+2.67155232e-02j
  -1.88361692e-03-6.49774841e-03j -3.10962974e-01+6.13003649e-02j]]

********* Summary *****************
Final fidelity error 0.35115499435870956
Final objective value 0.3512057593491631
Final penalized error 5.0765800471046604e-05
Final gradient 0.012543300517126533
Number of iterations 1111
Terminated due to function converged
Completed in 0:01:57.104430 HH:MM:SS.US
Computational time 117.104430208
total tv norm 41.05372772294994
total l2 norm 0.000507658004710466
