Final evolution
[[-0.00017875-6.05871408e-04j -0.01884728-9.99799738e-01j
  -0.00101468-7.04501532e-05j  0.00039421+6.60867948e-03j]
 [-0.01806418-9.99813070e-01j -0.00016997+6.12274238e-04j
   0.00028742-6.77998180e-03j -0.00102762+2.72404687e-05j]
 [-0.00102637+1.01185638e-05j  0.00014805-6.61818954e-03j
  -0.00035731-6.06502535e-04j -0.01837178-9.99808535e-01j]
 [ 0.00052897+6.76601028e-03j -0.00101292+1.07156923e-04j
  -0.01758967-9.99821495e-01j -0.00032166+6.17373305e-04j]]

********* Summary *****************
Final fidelity error 2.3320954814942674e-05
Final objective value 2.400800504320602e-05
Final penalized error 6.870843000087704e-07
Final gradient 0.000646589492418261
Number of iterations 225
Terminated due to function converged
Completed in 0:00:10.772112 HH:MM:SS.US
Computational time 10.772112083
total tv norm 19.38287594769887
total l2 norm 6.870843000087704e-07
