Final evolution
[[ 0.20101399+0.01599139j -0.00076092-0.97942292j  0.00083068+0.00175169j
   0.00047663+0.0079896j ]
 [-0.00103731-0.97942247j  0.20099918-0.01638659j  0.00051466-0.00759631j
   0.00083127-0.00164402j]
 [ 0.00085922+0.00183374j  0.00043502-0.0075965j   0.19596508+0.01667815j
  -0.00125196-0.98043662j]
 [ 0.00052828+0.0079889j   0.00080307-0.00156157j -0.00152551-0.98043637j
   0.19590557-0.01720536j]]

********* Summary *****************
Final fidelity error 0.02006973942742163
Final objective value 0.020069751524334545
Final penalized error 0.0
Final gradient 0.0025232917108984265
Number of iterations 48
Terminated due to function converged
Completed in 0:05:13.153157 HH:MM:SS.US
Computational time 313.153157417
total tv norm 26.071964553109865
total l2 norm 125177.42164022359
