Final evolution
[[ 3.64372030e-03-3.22522691e-03j -2.03192615e-03+7.10499402e-04j
  -2.22532690e-04+2.92971714e-05j  6.72592139e-01-7.39517016e-01j
  -2.91564851e-04+7.52984296e-04j  2.63162230e-03-4.82550893e-04j
  -5.11918315e-04+1.16606477e-04j -1.76540622e-02+1.86183370e-02j
   2.33855346e-04+1.29379981e-03j  5.87461540e-04-1.15218550e-03j
  -8.45717537e-04+5.35945677e-04j -1.11990480e-03+5.66421352e-04j
  -1.35419517e-03-2.89905339e-03j -4.64715534e-04+2.34404798e-04j
   5.10653383e-04+1.07346026e-03j -3.92287910e-03+2.52025502e-03j]
 [ 3.85612400e-04+3.91129012e-04j -9.13001992e-05-9.78238244e-04j
   6.73689846e-01-7.38521964e-01j  3.67769427e-05-2.01247012e-04j
   1.51593521e-03-1.16531197e-03j -8.70723863e-04-7.51870722e-04j
  -1.76924440e-02+1.83992390e-02j  1.62666090e-03+3.91929573e-04j
   7.96964044e-04-4.11379938e-04j  9.48353476e-04+9.65729811e-04j
   2.02389710e-03-1.01686854e-03j -2.04797060e-03+8.02235185e-04j
  -3.36406509e-04-2.06366220e-03j -1.76029175e-03-8.42986019e-04j
  -4.74786831e-03+4.71786539e-03j  1.85059028e-05+1.03514585e-03j]
 [ 1.75134205e-02-1.95318273e-02j  6.74397322e-01-7.37470895e-01j
  -9.58583536e-04+7.49021041e-05j  4.03180219e-04-2.08245506e-03j
   2.19080734e-04+2.39778954e-04j -1.54093943e-02+1.83088487e-02j
   1.16588491e-04+1.43239201e-03j -1.45256120e-03-1.49671387e-03j
   8.87103058e-04-2.70907453e-04j -1.25414497e-03+2.61320744e-04j
   8.42824218e-04-1.37918565e-03j  1.15792158e-04-1.68191346e-04j
  -3.50430931e-04-1.78380340e-03j -2.12441534e-03+5.45070432e-03j
  -2.84855464e-03+3.94116178e-04j -1.04454889e-03-2.56497811e-04j]
 [ 6.67035464e-01-7.30343295e-01j -1.73575722e-02+1.85009844e-02j
   5.69159375e-04+2.33936944e-04j -3.57320149e-03+4.63692619e-03j
  -1.56159472e-02+1.77555655e-02j  2.29814026e-02-2.53446780e-02j
  -9.45059661e-04-1.38404426e-03j -3.73100461e-02+3.98395486e-02j
   5.77322259e-04+2.49058462e-04j  1.20835613e-03-9.00984657e-04j
   5.74853798e-04+4.55944701e-04j  3.19876931e-04-2.75401245e-04j
  -2.89974505e-03+2.86467136e-03j -3.77308392e-02+4.10437834e-02j
  -9.37205551e-06-1.35046495e-03j  7.69682746e-02-8.49608256e-02j]
 [ 3.66474925e-02-4.10324058e-02j -2.63847856e-03-2.78829044e-04j
   5.62736829e-04+1.59015053e-03j  1.67467107e-02-1.90076485e-02j
   2.74538313e-03-2.40315611e-03j  1.03611419e-03-2.65625141e-03j
   3.58782387e-04-1.18863835e-03j  6.74262100e-01-7.35959391e-01j
  -2.65294926e-05+4.48609991e-04j -1.63243717e-03-1.01977712e-03j
  -4.77534007e-04-1.48885814e-03j -8.21214351e-04+8.20190327e-04j
  -9.65693090e-04-1.62599954e-03j -3.55296727e-03+2.86447484e-03j
   4.41133832e-04-4.00744448e-04j -7.16235615e-04+3.40281654e-04j]
 [-1.56511768e-03-8.56699534e-04j  1.48383773e-03-3.76755710e-06j
   1.66859017e-02-1.93307956e-02j  6.42246469e-05-5.16650433e-04j
   7.51933635e-04-3.01837078e-04j  7.68136416e-06+6.97431965e-04j
   6.73127456e-01-7.39068826e-01j -1.01718889e-03+5.27219939e-04j
   1.97560214e-03+1.16266649e-03j -6.41761320e-04+8.30050868e-04j
  -7.29160809e-04+1.38141872e-04j  1.74390153e-03-9.73566192e-04j
   4.05297446e-05+1.51286106e-03j  5.74114011e-04-1.30161937e-03j
  -1.53094523e-04-2.35400759e-04j  1.07347990e-03-2.14409520e-04j]
 [-2.25753732e-02+2.44984260e-02j  1.74449807e-02-1.76214516e-02j
  -8.68959386e-04-7.70852102e-04j -1.48124076e-04+2.48048227e-03j
   1.73030062e-02-1.82698998e-02j  6.73359324e-01-7.37701734e-01j
   7.47327342e-04+6.03810129e-05j -1.35950084e-03-1.18285141e-04j
  -1.71900777e-03-1.46978691e-04j  1.22315754e-03-1.57732238e-03j
  -1.33103690e-03+9.73387831e-04j -7.03637145e-04+2.12456530e-04j
  -1.82779468e-03-8.26920409e-04j -6.07932456e-04+1.16803503e-04j
  -2.47509140e-04-5.61108087e-04j -5.52031463e-04+5.18866766e-04j]
 [ 1.67168656e-02-1.78541481e-02j -5.85581429e-04+1.09561830e-03j
  -9.98339308e-04+1.65588729e-03j  5.77314798e-04-2.20619576e-04j
   6.72910693e-01-7.38885427e-01j -1.60380764e-02+1.83049069e-02j
  -2.46544636e-04+6.98399224e-04j -3.03880559e-03+3.91204530e-03j
   3.75026518e-05+7.95132752e-04j  1.14615278e-03+4.85232081e-04j
  -1.39760829e-03-1.20853819e-03j -1.19489000e-03+1.68893689e-03j
   1.30810909e-03-3.39487225e-04j -5.65266879e-04+1.44683593e-03j
  -3.79362544e-04-1.08823538e-03j  4.52586692e-04+1.61614787e-03j]
 [ 5.97683031e-05+1.46697424e-04j -1.48282176e-04+1.14802771e-04j
   5.85835010e-04-2.05530063e-03j  4.82132775e-04-1.18663309e-03j
   1.58454357e-03-1.37605834e-03j  1.08996392e-04-7.01866175e-04j
  -8.17640625e-04+1.88733059e-03j  7.38537768e-04-8.73294690e-04j
   2.93334916e-03-4.51633936e-03j  2.45580735e-04+1.33413377e-03j
   5.43201628e-04+3.72203973e-04j  6.74149656e-01-7.38556580e-01j
   6.91002013e-05-1.00571916e-03j  1.96807231e-03-1.23235715e-03j
   6.50049831e-04+4.83926489e-04j -1.00824198e-03+5.88417192e-04j]
 [ 4.68070261e-04+5.57459473e-04j -1.29082975e-03+9.22077477e-04j
  -8.26643833e-04+2.08130323e-03j  4.00080959e-04-9.00598022e-04j
  -1.33618801e-03-1.32221565e-03j  9.31245178e-04-1.38976359e-03j
   9.57353796e-05-7.96515446e-04j -1.56902052e-03-3.39830325e-04j
  -9.35315189e-04+6.00570898e-04j  1.28901541e-05+3.28510998e-04j
   6.73732320e-01-7.38957642e-01j  4.29253683e-04+5.04482442e-04j
   1.75402991e-03-1.07866754e-03j  2.53904691e-04+4.88584317e-05j
  -3.89230247e-04-7.00559311e-04j -1.02120630e-03-5.54940971e-05j]
 [-6.86996833e-04+1.31267761e-03j  1.24479592e-04-1.25521690e-03j
   1.06313109e-03+8.45434921e-04j -1.08849315e-03+6.33383185e-04j
   5.89149789e-04+1.08568027e-03j -1.51501355e-03+1.36865748e-03j
   7.71330068e-04-6.92451580e-04j -1.08459753e-03-1.63328891e-03j
   1.56191066e-02-1.79213352e-02j  6.74179091e-01-7.38167721e-01j
   3.40913729e-04-4.22134402e-05j  1.25449301e-03+2.01538603e-04j
  -6.45586533e-04-3.64220690e-04j  5.14821742e-04-4.01150785e-04j
  -2.90878794e-05-1.69169548e-03j -6.85097764e-04-1.40320131e-03j]
 [ 2.96392157e-04+5.26655556e-04j -2.13915506e-04+8.78518085e-04j
  -3.45366509e-04+8.55223938e-04j  1.35466718e-03+9.84243260e-05j
   7.55261637e-04-1.05172768e-04j -2.69954581e-04-1.72842824e-03j
   1.33527151e-03+1.84517972e-03j  4.13456221e-04-5.55738249e-05j
   6.73793906e-01-7.38501682e-01j -1.64275018e-02+1.71742602e-02j
   4.96469688e-04-9.86395094e-04j -4.25860181e-03+3.33248396e-03j
   7.38451104e-04+7.59402771e-04j  6.04617990e-05-4.87535646e-04j
  -1.45289405e-03-2.14060048e-03j  7.79825903e-04+4.60239919e-04j]
 [-7.70986650e-02+8.39283724e-02j  1.65183461e-03-3.15534143e-03j
   9.51085683e-04-7.77038158e-05j  2.56380315e-03-4.72605134e-03j
   3.48488005e-03-1.74888141e-03j -2.20827474e-03+2.31252214e-03j
  -3.35215290e-05+1.26058835e-03j  4.52081469e-03-5.22880952e-03j
   4.36666166e-04+7.04410126e-04j -1.61987420e-03-4.76144661e-04j
  -2.21953666e-04-1.06333684e-03j  4.38303546e-04-1.03215241e-03j
   3.63427496e-03-3.22024788e-03j  5.87439602e-03-5.40497641e-03j
  -1.12183989e-03+7.96297062e-04j  6.69279991e-01-7.34073328e-01j]
 [-1.42509376e-03+1.77382718e-04j  1.62902065e-04-2.89097456e-03j
   4.26825498e-03-5.15498289e-03j  1.11448150e-03+4.03883126e-04j
  -1.08753509e-03-2.98002050e-04j -6.08872812e-04-1.13420270e-04j
  -3.57208818e-04-9.37096481e-07j -3.00203186e-04+4.56404087e-04j
  -2.29036910e-03-1.25167737e-03j -1.63358957e-03+1.60922977e-04j
  -7.24641894e-04-3.35602487e-04j  5.37913435e-04+6.14242372e-04j
   1.23687750e-04-4.28299184e-04j  4.57528548e-05-3.53091213e-04j
   6.75159787e-01-7.37623055e-01j  5.27982805e-04-1.16196305e-03j]
 [ 3.79553165e-02-4.20608825e-02j  4.19603074e-03-1.57094171e-03j
  -1.07222604e-03-1.63634064e-03j -3.52784346e-05-3.18916288e-04j
   4.94339875e-04+3.22486611e-04j  1.17712556e-03-2.03312441e-03j
  -1.23364162e-03+6.46917909e-04j  3.64678230e-04-1.52750092e-03j
  -4.40410536e-04+1.57695871e-04j -2.82632413e-04+4.73578936e-04j
   8.32931976e-05+3.12441204e-04j -1.06278428e-03+2.08408688e-03j
   1.76229958e-02-1.86782267e-02j  6.71514793e-01-7.38346205e-01j
  -3.60227848e-04+5.32879434e-06j -6.10824266e-04+1.64672789e-03j]
 [ 1.80638847e-03-2.42951359e-03j -2.00527944e-03-8.71086671e-05j
  -2.02334020e-03-1.12580417e-04j -3.07825622e-03-1.04076210e-03j
  -3.34276372e-04+1.36468029e-03j -8.81049657e-04-1.84112204e-03j
   1.59115127e-03-1.22620380e-04j -1.80057235e-03-5.53675950e-04j
   8.21343041e-04+6.48232840e-04j -4.27591047e-04-6.43678184e-04j
  -9.16574294e-04+1.84878020e-03j -9.62675052e-04+1.08966516e-04j
   6.74389124e-01-7.37877301e-01j -1.70999703e-02+1.94478610e-02j
  -3.80659180e-04+1.52278134e-04j -2.53037639e-03+3.49503691e-03j]]

********* Summary *****************
Final fidelity error 1.5333924942240174e-05
Final objective value 1.5333796358429908e-05
Final penalized error 0.0
Final gradient 0.0003042878270200783
Number of iterations 6194
Terminated due to function converged
Completed in 1:03:43.911573 HH:MM:SS.US
Computational time 3823.9115725829997
total tv norm 700.8932076548559
total l2 norm 26881.522805240656
