Final evolution
[[ 0.00113838+2.91718414e-04j -0.02567228-9.99660015e-01j
  -0.00156897-2.93735582e-05j  0.00075784+4.04618126e-03j]
 [-0.02527074-9.99668640e-01j  0.00110862-3.50792182e-04j
   0.00049252-4.46463621e-03j -0.00157242+2.58718737e-06j]
 [-0.00157006+7.94647733e-05j  0.00054687-4.08313346e-03j
   0.0008522 +2.87139284e-04j -0.02618377-9.99647017e-01j]
 [ 0.00071956+4.43057517e-03j -0.00156649+1.11470199e-04j
  -0.02577964-9.99655922e-01j  0.00084943-3.33458366e-04j]]

********* Summary *****************
Final fidelity error 1.1113853293998055e-05
Final objective value 1.1505145083665416e-05
Final penalized error 3.9129178877918204e-07
Final gradient 0.0006354952745107335
Number of iterations 149
Terminated due to function converged
Completed in 0:00:03.134830 HH:MM:SS.US
Computational time 3.1348298750000003
total tv norm 10.208023352736854
total l2 norm 3.9129178877918204e-07
