Final evolution
[[ 2.85813145e-02+2.85473210e-01j -6.45822495e-03-3.62855217e-02j
  -7.61838161e-03+4.86440333e-02j  1.28515388e-02+2.46198187e-01j
  -4.48818352e-02+2.19412241e-02j  4.70228842e-03-3.68086399e-03j
  -5.78585276e-03+6.61201860e-03j -3.91569565e-02+1.74923343e-02j
  -2.71883270e-03-5.51959195e-02j  8.83857572e-04+7.03923045e-03j
   1.95125128e-03-9.24618788e-03j -7.40126059e-05-4.74834881e-02j
  -5.91267561e-02-6.85025199e-01j  1.41015331e-02+8.70944080e-02j
   2.05196738e-02-1.15355499e-01j -2.26538682e-02-5.90296268e-01j]
 [ 6.12586100e-03+5.90780955e-02j  2.89487951e-02+4.90356275e-02j
   4.07798265e-02-3.68917051e-01j  7.13272101e-03+1.27020834e-02j
   6.70526077e-03+4.18023533e-03j  5.78013179e-03-3.33215065e-03j
  -4.14179719e-02-7.53299347e-03j  1.30946433e-03+3.00031073e-03j
  -4.89603658e-04-1.14263938e-02j -5.00136512e-03-9.79504730e-03j
  -1.22049477e-02+7.06225295e-02j -1.23031357e-03-2.50528288e-03j
  -9.51569173e-03-1.42573027e-01j -6.57335603e-02-1.21261885e-01j
  -1.31086279e-01+8.88902168e-01j -1.60783377e-02-3.06049235e-02j]
 [ 5.26526953e-03-6.94572846e-02j -2.79083321e-02-3.67869085e-01j
   3.23832686e-02-5.74544567e-02j -1.12729854e-02+3.79188231e-02j
   9.88547066e-03-6.52570083e-03j  5.84535493e-02-2.68585166e-02j
   1.11582692e-02+1.42278563e-03j -4.92384037e-03+4.31514448e-03j
  -1.69751731e-03+1.32861319e-02j  1.78772420e-03+7.10400067e-02j
  -6.78988065e-03+1.07345219e-02j  2.54654667e-03-7.15551008e-03j
  -1.53445945e-02+1.65648695e-01j  5.48266918e-02+8.82440221e-01j
  -7.95331222e-02+1.36541054e-01j  2.87600377e-02-8.97376266e-02j]
 [-2.19605635e-02+2.34168575e-01j -1.20294722e-02-7.68110082e-02j
   1.93915368e-03+1.70699406e-02j  3.70574247e-02-2.85858449e-01j
   2.63954074e-02+3.76587212e-03j -8.62567145e-03-4.91285226e-03j
   2.51674487e-03-8.53658193e-04j -3.21193422e-02-6.45805365e-03j
   6.99184054e-03-4.48776742e-02j  1.42084470e-03+1.49046079e-02j
  -1.67721593e-04-3.31781681e-03j -1.05097121e-02+5.46580609e-02j
   7.37128012e-02-5.64689009e-01j  2.22323757e-02+1.85734412e-01j
  -3.09610569e-03-4.16360992e-02j -1.14793433e-01+6.88294506e-01j]
 [-2.51944505e-02+4.15533237e-02j  2.07943090e-03-4.91308657e-03j
  -1.45834919e-04+5.09428354e-03j -2.27358762e-02+3.45635224e-02j
  -9.77423376e-02+7.42801463e-01j -6.46003293e-03-8.37003749e-02j
   5.06927361e-02+9.78791417e-02j -1.04282555e-01+6.31426875e-01j
   2.34886075e-03-2.54171491e-03j -2.34470791e-04+2.64860203e-04j
   1.47499178e-05-5.04690866e-05j  2.07106907e-03-2.05829180e-03j
   3.62589985e-02+4.34247319e-02j -5.63357651e-03-4.48557663e-03j
   9.33232858e-03+7.15229472e-03j  2.98694257e-02+3.85918984e-02j]
 [-5.15210261e-04-7.76944459e-03j -8.53635932e-03-6.42558742e-03j
   1.77202404e-02+6.42541556e-02j  1.63577781e-03-6.99895818e-05j
   3.33614614e-02-1.28701437e-01j -1.04148111e-01-1.16254988e-01j
   5.73769021e-02+9.72489125e-01j  3.85195246e-02-8.91675716e-03j
   6.73805305e-04+1.00498340e-03j  1.38185274e-03+4.29388210e-04j
  -5.30612451e-03-7.48808559e-03j -4.92627797e-06+1.14184358e-04j
   8.62442537e-03-5.61293466e-03j  1.44268782e-03-7.49334416e-03j
  -3.85055812e-02+3.16466737e-02j  3.57432592e-03-1.21584544e-03j]
 [ 3.97243444e-03-8.32595404e-03j  3.36629090e-02-5.27306304e-02j
   9.78111892e-03-4.44815798e-03j -8.38797908e-04+3.52974214e-03j
  -9.74382243e-03-1.58306948e-01j  1.48302861e-01-9.53434551e-01j
   1.08916657e-01-1.25482998e-01j  2.60590258e-02+7.48651169e-02j
  -3.54924868e-04+3.25455315e-04j -3.09393312e-03+3.20243670e-03j
  -7.39419032e-04+1.48346751e-04j  5.08216340e-05-1.87981881e-07j
  -1.02055069e-02-1.07871955e-02j -4.52939410e-02-5.70278512e-02j
  -1.47961719e-03-1.28550949e-02j  6.41846984e-03+6.25878895e-03j]
 [-1.24512183e-02-4.08135455e-02j  1.45733644e-03+9.72914504e-03j
  -2.02056952e-03-3.58203161e-03j  1.27905404e-02+5.02195322e-02j
  -5.60047632e-02-6.19546919e-01j -3.12011804e-02+1.63704174e-01j
  -2.30105355e-02-5.67291115e-02j  2.99463205e-02+7.57124574e-01j
   3.49400444e-03+4.69338236e-03j -9.56506039e-04-1.22807121e-03j
   3.89879749e-04+3.33795341e-04j -4.01054498e-03-5.89834532e-03j
   2.35970823e-02-2.05979074e-02j -1.07529114e-02+7.58363839e-03j
   8.51453058e-04-2.40695543e-03j -3.03738179e-02+2.40674708e-02j]
 [ 3.81057513e-02-4.18697399e-02j -3.70295865e-03+6.12456463e-03j
   5.69311482e-03-9.79141532e-03j  3.41733506e-02-3.48319707e-02j
  -2.27361772e-03-2.59576021e-03j  2.42640785e-04+2.89840486e-04j
   2.84814623e-05-1.80222978e-04j -1.81567190e-03-2.28575583e-03j
  -7.03239206e-02-7.41693994e-01j  1.61049447e-02+9.42503285e-02j
   2.10705221e-02-1.25332472e-01j -2.99504534e-02-6.39402878e-01j
   2.37471382e-02+4.21986574e-02j -3.12872894e-03-4.99814310e-03j
   1.10547457e-03+6.08194464e-03j  1.85542606e-02+3.69944760e-02j]
 [-6.81740890e-03-8.19784671e-03j -7.58697672e-03-4.89863332e-04j
   3.60587053e-02+3.43571796e-02j -1.79946621e-03-3.67788645e-03j
   7.52401131e-04-9.62514052e-04j  6.21911032e-05-1.44076880e-03j
  -5.86304435e-03+7.06155492e-03j  7.61234860e-05-6.99751919e-05j
  -1.21360789e-02-1.54261422e-01j -7.26590845e-02-1.30332072e-01j
  -1.30465089e-01+9.63321380e-01j -1.77976798e-02-3.30246081e-02j
  -1.37059397e-03+8.81347765e-03j  2.99330061e-03+9.93516297e-03j
   2.25350849e-02-6.26116629e-02j  8.02703739e-04+1.04761139e-03j]
 [-9.22618271e-03+1.13020066e-02j -5.03526739e-02+5.26842570e-02j
  -1.25313998e-02+3.18713149e-03j  5.22510075e-03-6.88019414e-03j
   2.37052718e-04+4.91940718e-04j  2.84800124e-03+3.40265679e-03j
   6.29315559e-05+7.60757395e-04j  6.76925429e-05-1.73631617e-04j
  -1.50393744e-02+1.79723403e-01j  6.74661173e-02+9.55636900e-01j
  -8.49198562e-02+1.48683229e-01j  3.02600827e-02-9.76175722e-02j
  -3.20335616e-03-9.82813863e-03j -2.92527333e-02-5.49666088e-02j
   1.18649363e-03-1.09207333e-02j  7.31269080e-05+5.08997042e-03j]
 [-2.32706283e-02-2.08635446e-02j  9.07952013e-03+1.01686263e-02j
  -2.49638324e-03-4.69754752e-04j  2.75602491e-02+2.72071070e-02j
   3.63629161e-03-4.58113076e-03j -8.83630594e-04+1.30937741e-03j
   2.22864478e-04-4.48152002e-04j -4.66115321e-03+5.39835674e-03j
   7.25361529e-02-6.11824109e-01j  2.64466137e-02+2.00833935e-01j
  -3.89554570e-03-4.49763077e-02j -1.15397859e-01+7.46088219e-01j
  -1.36520457e-02+4.01323078e-02j  1.02441826e-03-1.16540901e-02j
  -6.04744511e-04+3.35860684e-03j  1.84406482e-02-4.82852384e-02j]
 [ 8.44090140e-02-6.86265676e-01j  6.59840401e-03+7.71685199e-02j
  -4.75510427e-02-8.97567091e-02j  9.13128951e-02-5.83515451e-01j
  -4.75053266e-03+5.53689777e-02j -7.62430828e-04-6.18622908e-03j
   4.07958685e-03+7.12080612e-03j -5.60933671e-03+4.71419902e-02j
   4.37537682e-02+2.36469134e-02j -6.05851512e-03-2.18266499e-03j
   8.73856905e-03+4.52884228e-03j  3.68395348e-02+2.19565692e-02j
   3.91711609e-02-2.85831624e-01j  2.35191304e-03+3.23041592e-02j
  -1.92975550e-02-3.82140979e-02j  4.14618770e-02-2.42972965e-01j]
 [-2.93218759e-02+1.19228280e-01j  9.75119761e-02+1.06318364e-01j
  -6.36292048e-02-8.98168187e-01j -3.54088793e-02+8.59438236e-03j
   2.13887337e-03-9.58954404e-03j -7.98905756e-03-8.28307052e-03j
   6.84580075e-03+7.14950552e-02j  2.83771509e-03-7.74354471e-04j
   8.06449427e-03-2.22392711e-03j  4.55517308e-03-4.38235060e-03j
  -4.18172568e-02+4.43890757e-03j  2.64639381e-03-1.13100698e-03j
  -1.41983106e-02+4.90077868e-02j  3.86940997e-02+4.53291526e-02j
  -1.28133548e-02-3.71742498e-01j -1.50134660e-02+3.19671921e-03j]
 [ 1.02281762e-02+1.45903680e-01j -1.29423722e-01+8.81045413e-01j
  -9.95352297e-02+1.16639444e-01j -2.46398859e-02-6.87496189e-02j
  -1.25027001e-03-1.17227415e-02j  7.79095702e-03-7.11462870e-02j
   7.65018861e-03-9.66652698e-03j  2.17751891e-03+5.48954110e-03j
  -1.10758573e-02-6.63013413e-03j -5.55354527e-02-3.17922222e-02j
  -5.29601681e-03-1.01431970e-02j  6.30893221e-03+4.34207041e-03j
   3.41687861e-03+6.12542872e-02j -5.90820527e-02+3.66836208e-01j
  -4.22031733e-02+4.81275380e-02j -9.85675075e-03-2.92073714e-02j]
 [ 5.84984549e-02+5.71996134e-01j  2.69103167e-02-1.51534051e-01j
   2.18553584e-02+5.21801088e-02j -3.59285530e-02-6.99421256e-01j
  -5.79823808e-03-4.54933970e-02j -1.89381716e-03+1.21668222e-02j
  -1.85513511e-03-4.11810324e-03j  4.24519003e-03+5.57020629e-02j
   2.62287972e-02-3.26422832e-03j -1.03663304e-02+3.29230754e-03j
   1.53381719e-03-8.23978958e-04j -3.25342726e-02+2.86189584e-03j
   1.56248542e-02+2.36988127e-01j  1.37810720e-02-6.24366910e-02j
   8.32378827e-03+2.18685752e-02j -4.35833422e-03-2.89284167e-01j]]

********* Summary *****************
Final fidelity error 0.19023486020043257
Final objective value 0.19283807734843367
Final penalized error 0.0026032239858049698
Final gradient 0.1067304393224908
Number of iterations 1103
Terminated due to function converged
Completed in 0:02:31.122196 HH:MM:SS.US
Computational time 151.12219591599998
total tv norm 50.19403877702536
total l2 norm 0.026032239858049696
