Final evolution
[[ 7.94874979e-01+3.56312417e-01j  2.88050356e-01+1.45166363e-01j
  -2.57380217e-02-2.66554187e-02j -3.17932772e-01-1.64248442e-01j
  -4.27004844e-02-2.10561058e-02j -1.54418051e-02-8.50672880e-03j
   1.35231057e-03+1.50752859e-03j  1.70356721e-02+9.60892322e-03j
   2.95617900e-03+1.31911543e-03j  1.07137470e-03+5.37650984e-04j
  -9.58164285e-05-9.88948321e-05j -1.18254478e-03-6.08375462e-04j
   5.40364766e-02+2.68240985e-02j  1.95382545e-02+1.08309450e-02j
  -1.70849746e-03-1.91477317e-03j -2.15541954e-02-1.22329170e-02j]
 [-6.66061826e-02+3.82321018e-02j  2.78582511e-01-9.45596409e-02j
   8.77729285e-01+3.59458402e-01j -1.31048612e-02-4.92040040e-03j
   3.71466648e-03-1.95457685e-03j -1.54056140e-02+4.60587050e-03j
  -4.72195960e-02-2.13941572e-02j  7.05903780e-04+2.95038275e-04j
  -2.47281701e-04+1.42499433e-04j  1.03467635e-03-3.53163418e-04j
   3.26410356e-03+1.33028341e-03j -4.87315969e-05-1.82025304e-05j
  -4.71352687e-03+2.46424340e-03j  1.95363854e-02-5.78455977e-03j
   5.97616496e-02+2.72676145e-02j -8.93482901e-04-3.76220343e-04j]
 [ 3.28414966e-01+1.54112668e-01j -7.84243619e-01-3.87980547e-01j
   1.11799963e-01+2.79685724e-01j  5.38095342e-02+3.83398106e-02j
  -1.76285337e-02-9.07634609e-03j  4.20562777e-02+2.27644604e-02j
  -5.54530716e-03-1.55004576e-02j -2.86210874e-03-2.20203541e-03j
   1.22143490e-03+5.70642520e-04j -2.91687052e-03-1.43686826e-03j
   4.17239186e-04+1.03866726e-03j  2.00210082e-04+1.42139324e-04j
   2.23072155e-02+1.15600608e-02j -5.32144511e-02-2.89866467e-02j
   6.97463107e-03+1.96597164e-02j  3.61927989e-03+2.79986944e-03j]
 [ 2.88004985e-01+1.14131426e-01j  1.78741745e-01+6.44299228e-02j
  -9.36491963e-03-2.14422766e-02j  8.46740039e-01+3.77722066e-01j
  -1.55015887e-02-6.81153918e-03j -9.63344515e-03-3.87768889e-03j
   4.68485888e-04+1.18994436e-03j -4.54903528e-02-2.23295310e-02j
   1.07101012e-03+4.22318665e-04j  6.64650211e-04+2.38306981e-04j
  -3.49374863e-05-7.96250472e-05j  3.14905608e-03+1.39835086e-03j
   1.96196952e-02+8.68311796e-03j  1.21938299e-02+4.94585850e-03j
  -5.89641081e-04-1.50938726e-03j  5.75673337e-02+2.84470547e-02j]
 [-4.25739932e-02-2.15548994e-02j -1.53866302e-02-8.68911584e-03j
   1.33941736e-03+1.52521727e-03j  1.69724326e-02+9.81064029e-03j
  -7.64004569e-01-4.22753554e-01j -2.75514115e-01-1.69225324e-01j
   2.34670498e-02+2.87895596e-02j  3.03757738e-01+1.90798704e-01j
   7.02112051e-04+4.48739168e-04j  2.52182171e-04+1.77797635e-04j
  -2.06120500e-05-2.88352513e-05j -2.77778925e-04-2.00048589e-04j
  -8.30648604e-05-6.73847950e-05j -2.95946741e-05-2.63229923e-05j
   2.21214921e-06+3.97579972e-06j  3.25377870e-05+2.95310479e-05j]
 [ 3.74368936e-03-1.91970652e-03j -1.54889765e-02+4.45337725e-03j
  -4.70997017e-02-2.19414850e-02j  7.04373513e-04+3.03164693e-04j
   6.97455375e-02-3.25871386e-02j -2.86217414e-01+7.10238354e-02j
  -8.46499928e-01-4.32863796e-01j  1.26761404e-02+6.01688185e-03j
  -6.83916963e-05+2.68258878e-05j  2.76876837e-04-5.03667056e-05j
   7.80069390e-04+4.63347300e-04j -1.17094342e-05-6.49551223e-06j
   9.11090793e-06-2.43287299e-06j -3.60427368e-05+2.42155394e-06j
  -9.27968604e-05-7.03749618e-05j  1.39959656e-06+9.97750775e-07j]
 [-1.75722586e-02-9.28313194e-03j  4.19102769e-02+2.32602886e-02j
  -5.39392557e-03-1.55939647e-02j -2.84527156e-03-2.23724786e-03j
  -3.15080385e-01-1.81556002e-01j  7.50722108e-01+4.53491541e-01j
  -8.81517419e-02-2.88769238e-01j -5.05239585e-02-4.28213863e-02j
   2.89120349e-04+1.91929365e-04j -6.87606711e-04-4.77211949e-04j
   6.65250917e-05+2.80340971e-04j  4.55337861e-05+4.38320946e-05j
  -3.41017160e-05-2.86594222e-05j  8.08031540e-05+7.08067053e-05j
  -4.43241982e-06-3.67181604e-05j -5.17403149e-06-6.24886166e-06j]
 [-1.54644689e-02-6.99074303e-03j -9.61413349e-03-3.98825521e-03j
   4.56960860e-04+1.19757501e-03j -4.53566785e-02-2.28606834e-02j
  -2.78078757e-01-1.38221923e-01j -1.73119748e-01-7.93882674e-02j
   7.55101024e-03+2.22054186e-02j -8.14010053e-01-4.48500538e-01j
   2.56496010e-04+1.48425170e-04j  1.60085415e-04+8.60575911e-05j
  -5.85121399e-06-2.16039344e-05j  7.48182625e-04+4.76278517e-04j
  -3.05694975e-05-2.26390021e-05j -1.91742632e-05-1.32905307e-05j
   4.33994237e-07+2.84008860e-06j -8.85428855e-05-7.15633359e-05j]
 [-1.01353235e-04-3.41760630e-05j -3.69180363e-05-1.43458446e-05j
   3.46008838e-06+2.95438251e-06j  4.07953565e-05+1.63257239e-05j
  -7.54575941e-04-3.53473226e-04j -2.73190711e-04-1.43438772e-04j
   2.41920151e-05+2.59051101e-05j  3.01467428e-04+1.62166455e-04j
  -7.65702171e-01-4.19670983e-01j -2.76193899e-01-1.68113556e-01j
   2.35828887e-02+2.86947475e-02j  3.04524239e-01+1.89572932e-01j
   4.09758705e-02+2.44568317e-02j  1.47466810e-02+9.73573431e-03j
  -1.23036667e-03-1.61447343e-03j -1.62508480e-02-1.09645825e-02j]
 [ 7.68992900e-06-5.45825121e-06j -3.29339637e-05+1.48423999e-05j
  -1.11516987e-04-3.35835409e-05j  1.65972998e-06+4.46848466e-07j
   6.43153318e-05-3.55047951e-05j -2.67958694e-04+8.59984060e-05j
  -8.33771846e-04-3.57803693e-04j  1.24556793e-05+4.91513790e-06j
   6.96136365e-02-3.28679666e-02j -2.85928845e-01+7.21767892e-02j
  -8.48237607e-01-4.29448666e-01j  1.27002870e-02+5.96574484e-03j
  -3.86786106e-03+1.65533500e-03j  1.57606354e-02-3.36798638e-03j
   4.54638506e-02+2.51564892e-02j -6.81641854e-04-3.51305081e-04j]
 [-4.19569928e-05-1.49632973e-05j  1.00427281e-04+3.81719852e-05j
  -1.69625629e-05-3.28655002e-05j -7.02884074e-06-4.05145304e-06j
  -3.11654794e-04-1.52639270e-04j  7.43902475e-04+3.83592676e-04j
  -1.02470333e-04-2.69288838e-04j -5.08546803e-05-3.75283851e-05j
  -3.15809544e-01-1.80284671e-01j  7.52543700e-01+4.50462253e-01j
  -8.93148411e-02-2.88411619e-01j -5.06961295e-02-4.26174138e-02j
   1.68858282e-02+1.04799626e-02j -4.01954300e-02-2.61120611e-02j
   4.29898381e-03+1.59306280e-02j  2.68318976e-03+2.42926757e-03j]
 [-3.65465218e-05-1.05532147e-05j -2.26060161e-05-5.76702771e-06j
   1.39745405e-06+2.51029409e-06j -1.07944775e-04-3.61812005e-05j
  -2.73642309e-04-1.13754652e-04j -1.69930090e-04-6.44749061e-05j
   8.61509269e-06+2.06578523e-05j -8.03840855e-04-3.74777729e-04j
  -2.78633569e-01-1.37100070e-01j -1.73438297e-01-7.86899050e-02j
   7.64044253e-03+2.21748058e-02j -8.15811016e-01-4.45216224e-01j
   1.49421690e-02+8.04685494e-03j  9.31425107e-03+4.64569364e-03j
  -3.72769293e-04-1.22639398e-03j  4.36612518e-02+2.59525378e-02j]
 [-5.15566451e-02-3.13270715e-02j -1.85452355e-02-1.24549990e-02j
   1.53928184e-03+2.05327331e-03j  2.04345016e-02+1.40235068e-02j
   2.69513939e-03+1.79312115e-03j  9.66844498e-04+7.08607119e-04j
  -7.80039358e-05-1.13474058e-04j -1.06468015e-03-7.96862004e-04j
   4.06219544e-02+2.48303802e-02j  1.46094825e-02+9.86796844e-03j
  -1.21047844e-03-1.62361579e-03j -1.60971739e-02-1.11097489e-02j
   7.26054873e-01+4.81278602e-01j  2.60492163e-01+1.90236992e-01j
  -2.10419618e-02-3.04990648e-02j -2.86859109e-01-2.13940763e-01j]
 [ 4.90620600e-03-2.05401406e-03j -1.99579228e-02+4.10034208e-03j
  -5.72232744e-02-3.22563860e-02j  8.58209837e-04+4.50920522e-04j
  -2.67564081e-04+9.93166164e-05j  1.07904950e-03-1.75874144e-04j
   2.99690134e-03+1.85542673e-03j -4.50185757e-05-2.60658491e-05j
  -3.87616511e-03+1.61073332e-03j  1.57589356e-02-3.19420318e-03j
   4.50919961e-02+2.55756152e-02j -6.76338818e-04-3.57650016e-04j
  -7.19534002e-02+2.68474463e-02j  2.90280985e-01-4.78193518e-02j
   8.07284476e-01+4.97906432e-01j -1.21259657e-02-6.99347443e-03j]
 [-2.12420710e-02-1.34172013e-02j  5.05534969e-02+3.34117859e-02j
  -5.27559311e-03-2.01821219e-02j -3.36777507e-03-3.09782937e-03j
   1.10931240e-03+7.66134522e-04j -2.63676502e-03-1.90268080e-03j
   2.38389856e-04+1.09365831e-03j  1.73735413e-04+1.73504094e-04j
   1.67357573e-02+1.06329528e-02j -3.98259354e-02-2.64734966e-02j
   4.12121788e-03+1.59383243e-02j  2.65130397e-03+2.45177765e-03j
   2.98855151e-01+2.05651898e-01j -7.10397009e-01-5.10786696e-01j
   6.46483828e-02+2.94183484e-01j  4.68297906e-02+4.66087735e-02j]
 [-1.88092343e-02-1.03219030e-02j -1.17284978e-02-5.96601582e-03j
   4.58999733e-04+1.55410609e-03j -5.49365142e-02-3.32447326e-02j
   9.85696909e-04+5.94825472e-04j  6.15666994e-04+3.45693900e-04j
  -2.11855171e-05-8.43323779e-05j  2.87212271e-03+1.90337871e-03j
   1.48222815e-02+8.18512606e-03j  9.24341587e-03+4.73275813e-03j
  -3.58985719e-04-1.22742652e-03j  4.32852685e-02+2.63508194e-02j
   2.65513132e-01+1.59610872e-01j  1.65827880e-01+9.27412558e-02j
  -5.73937024e-03-2.26833105e-02j  7.73729722e-01+5.10866881e-01j]]

********* Summary *****************
Final fidelity error 0.3267226111131355
Final objective value 0.3677127367064663
Final penalized error 0.0409901342127694
Final gradient 0.10699006525900924
Number of iterations 2626
Terminated due to function converged
Completed in 0:03:18.020230 HH:MM:SS.US
Computational time 198.020229875
total tv norm 62.80025191366322
total l2 norm 4.09901342127694
