Final evolution
[[ 0.9494107 +0.064381j   -0.25473054-0.16344282j -0.02675836-0.03979506j
  -0.0226566 +0.00776063j]
 [-0.25473054-0.16344282j -0.4261529 -0.83765846j -0.13259288-0.04862668j
  -0.04289324+0.05775421j]
 [-0.02675836-0.03979506j -0.13259288-0.04862668j  0.93309074-0.14302159j
  -0.27737834-0.09850212j]
 [-0.0226566 +0.00776063j -0.04289324+0.05775421j -0.27737834-0.09850212j
  -0.61139245-0.7306223j ]]

********* Summary *****************
Final fidelity error 0.7034553131187757
Final objective value 0.7038793991396919
Final penalized error 0.0004240860206883475
Final gradient 0.004297892744177393
Number of iterations 55
Terminated due to function converged
Completed in 1:13:25.842666 HH:MM:SS.US
Computational time 4405.842665583
total tv norm 9.360434676132208
total l2 norm 0.0004240860206883475
