Final evolution
[[ 4.08817859e-01+1.50973399e-01j -1.23471284e-03-5.61601460e-03j
  -4.15277902e-03-1.60488123e-03j ...  1.00224277e-07-2.56227599e-07j
   1.28276963e-07-9.42898635e-08j -5.40444815e-08+1.69420688e-07j]
 [-1.28412212e-03-5.31605694e-03j  1.57282908e-01+4.53610980e-02j
   1.57945865e-01-3.89275960e-01j ... -2.17941708e-07+6.11459382e-07j
  -2.65574509e-08+5.22807436e-08j  4.68516900e-08-5.71180323e-09j]
 [-4.41836498e-03-1.89938794e-03j  1.58042318e-01-3.89163621e-01j
  -1.06647725e-01-4.62375316e-02j ... -6.43474249e-08+1.43054037e-07j
   2.65420714e-07-6.03204900e-07j -3.46489786e-08-7.10696325e-08j]
 ...
 [ 9.84194541e-08-2.60528952e-07j -1.49501971e-07+6.32858034e-07j
  -5.12660488e-08+1.49054228e-07j ... -1.10045879e-01-2.96618767e-02j
   1.46566745e-01-3.94391702e-01j  4.09769635e-04+1.10544554e-03j]
 [ 1.21993879e-07-9.16811953e-08j -2.21661400e-08+5.50986413e-08j
   1.97886426e-07-6.27386515e-07j ...  1.46735770e-01-3.94414284e-01j
   1.51410888e-01+6.32655024e-02j -2.80370254e-03+1.28814003e-03j]
 [-3.86155972e-08+1.74381757e-07j  5.28604952e-08+2.10944016e-09j
  -2.60116255e-08-6.54682020e-08j ...  8.47243955e-05+1.07650558e-03j
  -2.80769947e-03+1.53696903e-03j  4.18438810e-01+1.17097011e-01j]]

********* Summary *****************
Final fidelity error 0.18647510682576918
Final objective value 0.18647508936262525
Final penalized error 0.0
Final gradient 0.07493221214664458
Number of iterations 1390
Terminated due to function converged
Completed in 0:45:15.717506 HH:MM:SS.US
Computational time 2715.717506334
total tv norm 186.38628307820395
total l2 norm 7151.906867125998
