Final evolution
[[-2.28953679e-04+2.94949032e-04j -9.56032577e-05-2.21919429e-06j
  -4.40897306e-06-3.44118317e-06j ...  5.70644725e-09+4.26810061e-09j
  -5.10094144e-10+2.56204622e-09j  8.31278063e-10+1.00871436e-09j]
 [-3.84330147e-05+3.73687334e-05j -1.65985573e-05-7.50570190e-04j
   1.27337190e-04+1.54764266e-04j ... -3.40250636e-08+3.08089467e-09j
  -1.82416393e-09-5.55597824e-10j -2.73719991e-09+7.40534258e-10j]
 [-4.20545931e-06-3.38692378e-06j -1.73145979e-05-1.40608116e-04j
   2.29093970e-04-2.94713379e-04j ...  1.21831216e-09+7.93254973e-10j
  -7.09493340e-09+3.08678627e-08j  5.69806889e-09+4.20160297e-09j]
 ...
 [ 8.69795117e-09+3.78363204e-09j -2.78278321e-08+1.51306160e-08j
   1.09164913e-09+9.59483838e-10j ...  2.22215853e-04-2.99720786e-04j
  -1.37120403e-04+1.92490162e-05j -4.41614702e-06-3.04079671e-06j]
 [ 2.31297694e-11+2.83561487e-09j -1.02548588e-09-1.60879799e-09j
   6.17258861e-09+3.36012219e-08j ...  1.86577275e-04+7.94817186e-05j
   7.27796344e-04-1.85496776e-04j  8.48669381e-05+1.07034151e-04j]
 [ 1.19408855e-09+5.29328931e-10j -2.33091645e-09+1.18092010e-09j
   8.77411454e-09+3.77470761e-09j ... -4.61050526e-06-3.32416244e-06j
   3.13523191e-05+6.26242752e-05j -2.22764564e-04+2.99909943e-04j]]

********* Summary *****************
Final fidelity error 1.0563218429959775e-06
Final objective value 1.0677953974206305e-06
Final penalized error 1.1473158075033253e-08
Final gradient 0.00013758080930366455
Number of iterations 531
Terminated due to function converged
Completed in 0:35:42.267743 HH:MM:SS.US
Computational time 2142.267742959
total tv norm 84.87090505162841
total l2 norm 1.1473158075033253e-06
