Final evolution
[[ 8.26219803e-01+3.69281323e-02j  3.93796398e-01-8.89511144e-02j
  -8.14550944e-02+9.89673758e-02j -1.91219712e-01-3.52688026e-02j
   1.31687858e-01-1.08725424e-02j  6.06087228e-02-2.20686028e-02j
  -1.09057320e-02+1.73333463e-02j -3.10186726e-02-1.71863101e-03j
   9.95972892e-02+1.04233876e-02j  4.82390983e-02-7.91070023e-03j
  -1.05592307e-02+1.13744272e-02j -2.28579634e-02-5.64224238e-03j
   2.16767324e-01+2.20812506e-02j  1.04911590e-01-1.75018403e-02j
  -2.29065747e-02+2.48119928e-02j -4.97684554e-02-1.21391888e-02j]
 [ 2.24216755e-01+5.19611982e-02j -6.54407081e-01-4.31465853e-02j
  -5.97919344e-01+2.44110339e-01j  3.23719498e-02-6.14719270e-04j
   3.65859845e-02+3.69611162e-03j -1.04584645e-01+6.40907291e-03j
  -8.98175295e-02+5.07904368e-02j  5.11790282e-03-7.52718648e-04j
   2.67258445e-02+7.89784638e-03j -7.87857438e-02-9.93562626e-03j
  -7.40303080e-02+2.51920662e-02j  3.91717243e-03+1.59215675e-04j
   5.81977723e-02+1.70237280e-02j -1.71482435e-01-2.11449428e-02j
  -1.60924580e-01+5.52576711e-02j  8.52397727e-03+3.22901393e-04j]
 [ 3.30869623e-01+1.62355344e-01j -5.04791893e-01-1.36594828e-01j
   6.56455480e-01-1.29838395e-01j  1.62637993e-01-1.32963171e-01j
   5.57231430e-02+1.90325647e-02j -8.27650948e-02-1.14293418e-02j
   1.01407586e-01-3.38654107e-02j  2.30835294e-02-2.43644066e-02j
   3.88204506e-02+2.20103266e-02j -6.00279402e-02-2.01512918e-02j
   8.02811605e-02-1.09579746e-02j  2.06168879e-02-1.48978222e-02j
   8.45980737e-02+4.76571725e-02j -1.30730369e-01-4.34849213e-02j
   1.74610717e-01-2.43245333e-02j  4.47689643e-02-3.25386230e-02j]
 [-1.08551923e-01+1.28979225e-01j -1.83750401e-01-2.98952045e-02j
   1.37877186e-01+3.00049486e-02j -8.85715790e-01+1.83709349e-01j
  -1.45925485e-02+2.26381754e-02j -2.97261508e-02-1.01821595e-03j
   2.24583286e-02+1.96420821e-03j -1.36650546e-01+4.70438041e-02j
  -1.40508657e-02+1.48064409e-02j -2.19939241e-02-4.93886545e-03j
   1.64485211e-02+4.62122271e-03j -1.08380032e-01+1.58154843e-02j
  -3.04830992e-02+3.23003674e-02j -4.78842469e-02-1.06139629e-02j
   3.58165986e-02+9.95613148e-03j -2.35719343e-01+3.50622757e-02j]
 [-1.30364594e-01-9.67602340e-02j -7.38386300e-02-2.87829376e-02j
   2.41228437e-02-7.15431816e-03j  2.72363137e-02+2.67416502e-02j
   7.29385093e-01+4.28362536e-01j  3.98579669e-01+1.07827486e-01j
  -1.20960039e-01+5.05432646e-02j -1.56033848e-01-1.23301161e-01j
  -3.18930571e-02-2.89999214e-02j -1.87500047e-02-9.55041134e-03j
   6.56189966e-03-1.25450821e-03j  6.49125169e-03+7.78300970e-03j
   1.00487288e-01+7.18071802e-02j  5.65586421e-02+2.08786422e-02j
  -1.82500832e-02+5.77309337e-03j -2.10838684e-02-1.99661478e-02j]
 [-3.07712278e-02-3.30818047e-02j  1.01728702e-01+7.88999708e-02j
   1.24090897e-01+2.59604347e-02j -5.33423465e-03-3.45573475e-03j
   1.77888819e-01+1.54168030e-01j -5.71065419e-01-3.51850164e-01j
  -6.57314063e-01-6.51187773e-02j  2.95634308e-02+1.49195663e-02j
  -7.25811376e-03-9.55126117e-03j  2.47979843e-02+2.35265326e-02j
   3.21012641e-02+1.01289623e-02j -1.31826228e-03-1.05359101e-03j
   2.38596924e-02+2.47400496e-02j -7.84608695e-02-5.86156334e-02j
  -9.47428360e-02-1.80414945e-02j  4.10480441e-03+2.55523311e-03j]
 [-3.59972523e-02-6.27570280e-02j  6.71228613e-02+7.76696332e-02j
  -1.21062692e-01-5.09813937e-02j -4.10649027e-02+3.76806481e-03j
   2.21546752e-01+3.04967770e-01j -3.91115866e-01-3.64819370e-01j
   6.55612781e-01+1.96422536e-01j  2.10614377e-01-4.24716612e-02j
  -7.85683928e-03-1.75293098e-02j  1.56873847e-02+2.22895239e-02j
  -3.06418353e-02-1.66598140e-02j -1.09488334e-02-8.66198425e-05j
   2.82423541e-02+4.72398814e-02j -5.21220152e-02-5.81551754e-02j
   9.27832179e-02+3.71145761e-02j  3.11830965e-02-3.43016030e-03j]
 [ 3.18278397e-02-9.06073362e-03j  2.66113414e-02+2.50469679e-02j
  -1.91360019e-02-2.00260933e-02j  1.64279113e-01+6.73989553e-02j
  -1.59807157e-01+6.47253030e-02j -1.51849206e-01-1.14871850e-01j
   1.10319813e-01+9.30414378e-02j -8.88654743e-01-2.57311966e-01j
   8.64783366e-03-1.55514658e-03j  6.37079014e-03+7.31879732e-03j
  -4.52808336e-03-5.79526586e-03j  4.16271696e-02+2.21362667e-02j
  -2.40844830e-02+7.32899411e-03j -2.05852219e-02-1.86857206e-02j
   1.48303471e-02+1.49694195e-02j -1.25880086e-01-4.90084871e-02j]
 [-1.29717480e-01+1.62984881e-02j -5.89825754e-02+2.43699274e-02j
   1.00498888e-02-1.75940071e-02j  3.07349471e-02+3.91425865e-04j
   3.61068135e-03-4.68273000e-04j  1.63989807e-03-6.85213210e-04j
  -2.77928093e-04+4.91087533e-04j -8.55977566e-04-7.49404286e-06j
   8.54767049e-01-2.89575737e-02j  3.98758596e-01-1.23649033e-01j
  -7.59453432e-02+1.08636119e-01j -1.99994524e-01-2.08466646e-02j
   1.00075065e-01-1.95163301e-02j  4.46106451e-02-2.20699586e-02j
  -6.89289358e-03+1.42194761e-02j -2.39356296e-02+1.31475597e-03j]
 [-3.63216860e-02-2.11153200e-03j  1.03113616e-01-1.07438395e-02j
   8.66453390e-02-5.39931501e-02j -5.02740927e-03+9.59800895e-04j
   1.01175271e-03+5.47778432e-05j -2.87040894e-03+3.10633364e-04j
  -2.40699184e-03+1.51325330e-03j  1.39901384e-04-2.72866399e-05j
   2.35366207e-01+3.53783730e-02j -6.78145375e-01+8.60836793e-03j
  -5.96606771e-01+3.00166300e-01j  3.33232052e-02-3.25992989e-03j
   2.83733243e-02-2.70680758e-04j -7.96671302e-02+1.37925593e-02j
  -6.45744183e-02+4.65773900e-02j  3.86128191e-03-1.01170373e-03j]
 [-5.58855530e-02-1.64652340e-02j  8.22965151e-02+7.80946610e-03j
  -9.88157230e-02+3.77509970e-02j -2.17914893e-02+2.50576418e-02j
   1.55817570e-03+4.52344017e-04j -2.29273227e-03-2.08363029e-04j
   2.74772385e-03-1.06227635e-03j  6.04091354e-04-7.00242945e-04j
   3.54273201e-01+1.40534237e-01j -5.31484297e-01-9.98674763e-02j
   6.66223579e-01-1.87109207e-01j  1.56880943e-01-1.50269285e-01j
   4.43523118e-02+9.86724448e-03j -6.44467606e-02-1.74064150e-03j
   7.48999985e-02-3.45805131e-02j  1.56358529e-02-2.06455927e-02j]
 [ 1.34707676e-02-2.29933276e-02j  2.94277431e-02-2.46465557e-04j
  -2.22832474e-02-9.95011179e-04j  1.33098527e-01-5.22636009e-02j
  -3.72597298e-04+6.41831796e-04j -8.19502681e-04+1.01256321e-05j
   6.20674008e-04+2.52400304e-05j -3.70085329e-03+1.47023625e-03j
  -1.01445425e-01+1.41774358e-01j -1.91858282e-01-1.59128380e-02j
   1.44575308e-01+1.97474768e-02j -8.98203600e-01+2.61245081e-01j
  -9.27022243e-03+1.86009479e-02j -2.28848796e-02+1.74222988e-03j
   1.73911234e-02-3.99810320e-04j -1.00810986e-01+4.76790898e-02j]
 [-1.65309990e-01-6.47046901e-02j -8.61676840e-02-9.19120366e-03j
   2.34014113e-02-1.44682318e-02j  3.64091619e-02+2.04044676e-02j
  -1.51893395e-01-5.40817459e-02j -7.84829514e-02-5.91595743e-03j
   2.08363926e-02-1.37937943e-02j  3.36275687e-02+1.74975117e-02j
  -1.04558826e-01-6.84284284e-02j -5.80409479e-02-1.87636519e-02j
   1.82101621e-02-6.59211476e-03j  2.21411161e-02+1.93107195e-02j
   7.45205753e-01+3.61261035e-01j  3.97392797e-01+7.41950728e-02j
  -1.14115415e-01+5.87477752e-02j -1.61884111e-01-1.08185095e-01j]
 [-4.19576454e-02-2.60804246e-02j  1.29971534e-01+5.40729752e-02j
   1.38382394e-01-8.20108057e-03j -6.61970770e-03-2.11631855e-03j
  -3.88244729e-02-2.24938703e-02j  1.19513189e-01+4.54258779e-02j
   1.25393984e-01-1.13441868e-02j -6.06907448e-03-1.73469599e-03j
  -2.51449985e-02-2.40217483e-02j  8.17455040e-02+5.60053092e-02j
   9.65244502e-02+1.43137733e-02j -4.25546342e-03-2.41308790e-03j
   1.85617349e-01+1.36607787e-01j -5.84734487e-01-2.98917684e-01j
  -6.46579849e-01-1.23641985e-02j  3.00144374e-02+1.22585474e-02j]
 [-5.59838287e-02-5.58935991e-02j  9.31038500e-02+6.27009194e-02j
  -1.42364020e-01-1.90686875e-02j -4.22493288e-02+1.57547523e-02j
  -5.23976328e-02-4.91633877e-02j  8.62874052e-02+5.42972295e-02j
  -1.29776920e-01-1.32994204e-02j -3.79104902e-02+1.54927834e-02j
  -3.05075465e-02-4.65856489e-02j  5.51000487e-02+5.66308973e-02j
  -9.53335320e-02-3.36762413e-02j -3.13814126e-02+4.75934820e-03j
   2.39969139e-01+2.80381596e-01j -4.10121879e-01-3.25588732e-01j
   6.55144844e-01+1.40643193e-01j  2.02242561e-01-5.78521482e-02j]
 [ 3.09846074e-02-1.86898686e-02j  3.52636213e-02+1.87955663e-02j
  -2.59357641e-02-1.56419138e-02j  1.92673485e-01+2.39959187e-02j
   2.76015500e-02-1.78399120e-02j  3.25423008e-02+1.60692109e-02j
  -2.39855098e-02-1.34691184e-02j  1.75587240e-01+1.63548619e-02j
   2.40438004e-02-8.40668723e-03j  2.15839851e-02+1.80369707e-02j
  -1.56123418e-02-1.45184933e-02j  1.29284399e-01+4.43289719e-02j
  -1.50924004e-01+7.56140461e-02j -1.57143652e-01-1.00284351e-01j
   1.14912793e-01+8.22129897e-02j -8.87325022e-01-1.81920214e-01j]]

********* Summary *****************
Final fidelity error 0.6522165814430991
Final objective value 0.6598927444906114
Final penalized error 0.007676173408573153
Final gradient 0.1475395176945551
Number of iterations 1246
Terminated due to function converged
Completed in 0:01:37.545231 HH:MM:SS.US
Computational time 97.545230667
total tv norm 65.38204453202292
total l2 norm 0.07676173408573153
