Final evolution
[[ 1.01274834e-02+7.48605115e-03j  7.58552410e-03+7.06112216e-02j
  -5.14469148e-02-3.27423444e-02j -2.79017079e-02-2.63532769e-01j
   2.98160118e-03-8.42818187e-03j  4.95591817e-02-2.66344318e-02j
   7.52315652e-02+1.12655306e-01j -2.42483917e-01+8.21151544e-01j
  -2.85321277e-02-1.09728987e-02j -5.65335265e-02-1.77572825e-01j
  -2.96784796e-02-1.45037229e-02j -4.09325005e-02-1.56477154e-01j
  -3.09240749e-03+3.93360958e-05j -1.89082797e-03+6.43793618e-03j
   2.36631873e-02+4.31248091e-02j -1.06282909e-01+2.99134716e-01j]
 [ 1.05016079e-02-6.40456467e-02j -9.77945408e-03+5.23882912e-03j
  -1.39929149e-01+2.29246733e-01j  5.05767737e-02-1.09720678e-02j
  -4.46689063e-02+1.89364740e-02j  6.49259866e-03+4.12099688e-03j
   3.65431979e-01-7.78417267e-01j -1.34140095e-01+3.31877395e-02j
   2.11233245e-02+1.87865316e-01j  2.15132621e-02-2.22237821e-02j
  -3.31001593e-02+1.47716217e-01j  2.48147426e-02-1.28923624e-02j
  -2.34229164e-02-5.77091155e-03j  2.83136740e-03+2.07116152e-03j
   1.37777451e-01-2.78336433e-01j -4.82188657e-02+1.01531817e-02j]
 [-6.00773061e-02-1.03960525e-02j -1.27418324e-01-2.32215640e-01j
   5.21282236e-03+1.06122674e-02j -2.37967100e-02+6.28345984e-02j
   1.12740969e-01+7.53205140e-02j  9.06359467e-02+8.52057030e-01j
   6.92864166e-03-5.16707736e-03j  5.30801575e-02+5.09047505e-03j
  -3.32325291e-02-2.05299961e-03j -9.85705791e-02-1.30171034e-01j
  -2.00938854e-02-2.24414637e-02j  3.07231739e-02-1.80909106e-01j
   3.84452070e-02+3.07765997e-02j  1.67677002e-02+3.17538434e-01j
  -2.06317795e-03-1.49890348e-03j -1.37156074e-03+7.54011106e-03j]
 [-4.07037910e-02+2.64977080e-01j  4.23931460e-02-2.95654860e-02j
   3.52977518e-02-4.95891080e-02j -1.03555117e-02+3.10855895e-04j
   3.94828599e-02-8.59568148e-01j -1.11283891e-01+8.20808055e-02j
  -4.43621083e-02-9.44846188e-03j  2.76812049e-03+6.73474633e-03j
   2.65042968e-02+1.50643918e-01j  1.81229324e-02-2.16404344e-02j
  -6.68441335e-02+1.74363984e-01j  2.89633938e-02-9.76091686e-03j
   2.01621881e-02-3.10408192e-01j -4.06601898e-02+2.79505182e-02j
  -2.06723744e-02-1.90499055e-02j  1.40899327e-03+3.79182771e-03j]
 [ 1.50401226e-02+2.97810354e-03j  3.52762885e-02+3.66372071e-02j
  -2.06186753e-01+1.11065546e-01j -8.25873524e-01-1.10207085e-01j
   1.53330325e-02-9.02167866e-03j  6.06762692e-02+9.58261170e-03j
  -6.58781170e-02+1.18313602e-02j -2.10243317e-01-1.63628778e-01j
   3.48597357e-03+4.75269320e-03j  5.72576469e-03+3.16528345e-02j
  -7.74114724e-02+4.02067894e-02j -3.04138255e-01-4.24203246e-02j
  -3.59348349e-02+3.60170921e-02j -1.80799381e-01+2.53016185e-02j
  -3.92158001e-02+2.42440749e-02j -1.62135127e-01-3.55225526e-02j]
 [ 4.41105404e-02-3.84067333e-02j -1.63883405e-02+2.18627911e-03j
  -9.33186017e-02+8.26906556e-01j  1.61114505e-01-1.73514952e-01j
   1.58270247e-03-6.76769772e-02j -1.10622491e-02+1.45789185e-02j
  -2.83961845e-02+2.52219297e-01j  4.44242872e-02-3.99043491e-02j
   5.19263028e-03+7.41990306e-04j -1.63198526e-03-3.75474267e-03j
  -4.47565249e-02+3.09169448e-01j  6.20784073e-02-6.41018191e-02j
   3.76659645e-02+1.77110983e-01j  2.15560693e-02-4.60053111e-02j
   1.90184693e-02+1.77372581e-01j  2.38333990e-02-3.87093903e-02j]
 [-1.47977715e-01+1.81637646e-01j -8.05371858e-01+2.14557031e-01j
   1.00737919e-02+1.01929299e-02j  7.55000860e-03+4.66795525e-02j
  -5.60979701e-02+3.62454162e-02j -2.56435365e-01-6.99378113e-02j
   1.67754182e-02-1.31673458e-03j  4.75275008e-02+3.28337763e-02j
  -5.60826459e-02+6.69767873e-02j -2.97451173e-01+7.79657330e-02j
   8.30899197e-04+6.99260880e-03j -1.22132245e-02+3.37379711e-02j
  -2.72010629e-02+3.77871533e-02j -1.64959960e-01+2.97606240e-02j
  -4.81038696e-02+1.53850806e-02j -1.71212177e-01-6.02139925e-02j]
 [ 2.30648608e-01+7.99953568e-01j  8.23898432e-02-2.22089342e-01j
   5.47424956e-02-7.12322704e-03j -1.39205913e-02-6.78921241e-03j
   7.11159175e-02+2.43357696e-01j  2.55013832e-02-5.38796945e-02j
   2.99893580e-02-5.67627714e-02j -1.55716377e-02+7.78881583e-03j
   7.75549743e-02+3.03068930e-01j  3.27305691e-02-8.31675095e-02j
   7.81033220e-03+5.66133256e-03j -8.76020296e-05-5.23130522e-03j
   8.61485379e-02+1.58039598e-01j  7.30063777e-03-4.53185000e-02j
  -4.72213365e-02+1.73127307e-01j  3.99191416e-02-3.06982339e-02j]
 [ 8.95373422e-03+4.84440476e-03j  3.16579334e-03+4.00901141e-02j
   3.27843924e-02+4.86783086e-02j -9.65731103e-02+3.28843045e-01j
  -2.19109652e-02-1.83580800e-02j  3.06522324e-03-1.79483113e-01j
   7.56178888e-03-1.25694277e-02j  9.66179437e-02-5.46848443e-02j
   9.04242411e-03-5.14410670e-03j  5.58297035e-02+1.62580529e-02j
  -8.11013523e-02-1.23158377e-01j  2.68915763e-01-8.46072421e-01j
  -7.07537067e-03-7.02497364e-03j -1.41485626e-03-6.21653828e-02j
  -1.41662989e-02+5.40838969e-03j -1.01246467e-01+6.28761518e-02j]
 [ 3.02789980e-02-3.85442066e-02j -9.21627821e-03+1.52159472e-03j
   1.69347301e-01-2.91542836e-01j -5.56972811e-02+8.72430578e-03j
  -3.27378122e-02+1.79724261e-01j  2.57473183e-02-1.43298378e-02j
  -6.66334208e-02+6.42395082e-02j  1.17160674e-02+2.72338242e-03j
  -4.34320434e-02-2.69690971e-02j  7.23077575e-04+8.77281665e-03j
  -4.40566077e-01+7.75960875e-01j  1.44750315e-01-2.49439021e-02j
  -5.29593711e-03+5.48333456e-02j  7.63844414e-03-4.41755965e-03j
   1.02650446e-02-1.17814236e-01j -7.36348542e-03+8.47554173e-03j]
 [ 4.88267524e-02+3.22648999e-02j  3.70573508e-02+3.39905240e-01j
   6.19800664e-03+7.95181329e-03j -1.15111466e-02+3.72821724e-02j
   2.28375156e-03-1.43248054e-02j  6.78343201e-02-8.61828688e-02j
  -1.10993062e-02-2.69643870e-02j  8.71920087e-02-1.60544382e-01j
  -1.22042709e-01-8.26131291e-02j -7.57869571e-02-8.83962269e-01j
   1.12465704e-02+4.77088967e-04j  4.09876145e-02+4.72889023e-02j
  -1.08733858e-02+1.03751941e-02j -6.86667795e-02+9.73070090e-02j
  -3.24624647e-03-9.66499011e-03j  2.74637964e-02-5.84145943e-02j]
 [ 4.40869746e-02-3.33462697e-01j -4.79352224e-02+2.93959308e-02j
   4.07857724e-02-2.11383587e-02j -8.61155065e-03-2.31347395e-03j
  -3.63077209e-02+8.35388483e-02j  1.16407989e-02-1.91621306e-03j
  -1.13958951e-01+1.46134012e-01j  2.99118440e-02-7.32300715e-04j
  -1.09598216e-01+8.85081805e-01j  1.24081628e-01-7.84670184e-02j
  -2.33110199e-02-5.08634909e-02j -4.57846676e-03+8.50424091e-03j
  -3.62859604e-02-1.13320066e-01j -3.56311542e-03+1.07894612e-02j
  -2.95686186e-02+4.93014832e-02j  9.09103395e-03-7.38801328e-04j]
 [ 3.69663103e-02-3.28958498e-02j  1.76309573e-01-1.70546187e-02j
   3.31164259e-02+6.75633047e-04j  9.52086896e-02+5.12741261e-02j
   1.20172999e-02-5.39897062e-05j  3.68211903e-02+3.72102863e-02j
   9.17519716e-02-1.22995292e-02j  2.84351664e-01+1.67571746e-01j
   1.06522233e-02-1.15958494e-02j  5.18290221e-02-1.05411710e-02j
  -2.43192687e-02+1.83810480e-02j -1.15045304e-01+5.75072815e-02j
  -1.54859269e-03-1.56652564e-02j  3.03074225e-02-4.43555588e-02j
  -2.39683649e-01+3.32396289e-02j -7.53708909e-01-4.27449138e-01j]
 [-2.24837308e-02-1.73464916e-01j -2.43866804e-02+4.33038241e-02j
   9.22774559e-02-8.37760911e-02j -3.67796546e-02+7.87122512e-03j
   8.29715164e-03-3.89617083e-02j -8.17641831e-03+4.67418735e-03j
   1.38880606e-01-3.05551899e-01j -8.14537266e-02+4.42761379e-02j
  -1.14947702e-02-5.86048796e-02j -6.55753528e-03+1.54067124e-02j
  -5.88810419e-02+7.20119891e-02j  3.05593184e-02-1.83219665e-02j
  -5.47761356e-02-2.67448245e-02j  7.80978340e-03+1.43637550e-02j
  -3.63738597e-01+7.86464716e-01j  2.13351864e-01-1.13850452e-01j]
 [ 3.04768075e-02-1.18609699e-02j  1.06079036e-01+1.07214286e-02j
   4.84047845e-02-1.21979234e-02j  1.65405251e-01+6.69895326e-02j
   7.98023733e-02-4.65394666e-02j  3.26244635e-01+4.51669330e-02j
   1.01386987e-02+4.51801173e-03j  1.59719871e-02+4.62064555e-02j
  -1.53964715e-02+2.65417065e-02j -8.46996353e-02+9.79178516e-02j
   1.51720680e-02-6.09508538e-03j  5.34399547e-02+1.28267633e-02j
  -2.08593621e-01+1.22501202e-01j -8.59761951e-01-1.06031375e-01j
   7.90573308e-03-1.51654148e-02j  5.44657262e-02-2.23585620e-02j]
 [ 5.29533028e-02-1.11275346e-01j -3.06626037e-02+2.10534602e-02j
   6.08089310e-02-1.66028837e-01j -4.20140470e-02+2.74484371e-02j
   1.07869755e-02-3.34733898e-01j -5.80662891e-02+7.20376159e-02j
   2.11629457e-02-3.11957061e-02j -8.52389541e-03+1.14693221e-03j
  -2.59715350e-02+8.94921610e-02j  2.10917986e-02-2.88570009e-02j
   1.59929971e-02-5.96042550e-02j -1.31524713e-02+1.14081021e-02j
  -3.45837160e-02+8.65497870e-01j  1.53391561e-01-1.86840305e-01j
  -3.41266422e-02-5.62193837e-02j -1.39631667e-03+1.75652738e-02j]]

********* Summary *****************
Final fidelity error 0.3785352405556405
Final objective value 0.7876900418139064
Final penalized error 0.4091548210637401
Final gradient 0.10800523427320516
Number of iterations 1201
Terminated due to function converged
Completed in 0:01:24.207283 HH:MM:SS.US
Computational time 84.207282959
total tv norm 187.32176244571494
total l2 norm 409.15482106374014
