Final evolution
[[-5.07467450e-05-3.89123493e-03j -5.54145802e-04-5.64376871e-04j
   3.82696786e-03-1.04320732e-02j -3.23319593e-01-9.45820727e-01j
   1.05255228e-03+1.79793299e-03j -1.73066860e-03-1.89621179e-04j
   8.49268765e-04+2.53973047e-03j  4.95757229e-03+2.49960854e-02j
  -3.88146735e-04-8.33092126e-04j  4.19187541e-03+2.22990896e-03j
   1.09850588e-03-2.90919890e-03j  2.21616826e-03+3.18032473e-03j
  -9.87807686e-05+7.37804291e-05j -2.38907946e-05-2.43826254e-03j
  -1.17117361e-03+1.90537469e-03j  1.45262712e-03+4.82356324e-03j]
 [-3.73364805e-04-2.35642140e-03j -8.49726291e-03+7.89820358e-03j
  -3.22280556e-01-9.46103380e-01j  9.35327797e-03+5.77499042e-03j
  -2.24600514e-04-4.95710277e-04j  5.49995036e-04-3.61764196e-04j
   6.48486002e-03+2.39504610e-02j -2.01773958e-03-8.59385108e-03j
   1.50964641e-03+5.47572203e-04j -9.46454991e-04-4.39596754e-04j
   2.75948657e-03+4.46358537e-03j  2.07808281e-04-1.10029171e-03j
  -4.49896414e-04-1.89481689e-03j  4.70759175e-05-1.99143194e-05j
   1.44672188e-03+4.88867864e-03j  9.64983246e-04+2.23938567e-03j]
 [-5.70934555e-03-1.20647303e-02j -3.21802525e-01-9.46251326e-01j
  -1.15186068e-02-1.04912404e-03j  8.60978634e-05+7.62791424e-04j
   1.33718752e-03+1.62455610e-03j  4.88387194e-03+2.49561911e-02j
   1.42669031e-03+8.16478210e-04j  2.76139846e-04+2.23557642e-03j
  -1.26929283e-03+1.30164095e-03j  1.71356741e-03+3.80760065e-03j
   2.74422411e-04+1.22476693e-03j -1.71083517e-03-4.21675413e-03j
  -1.10812753e-03+2.03294749e-03j  1.42194636e-03+4.90724190e-03j
  -4.71682953e-05+1.71599350e-05j -2.62121984e-04-2.36977525e-03j]
 [-3.22436719e-01-9.46028196e-01j  2.78136869e-03+1.28589084e-02j
   1.29854219e-03+2.14815636e-03j  2.29467478e-03+3.15766387e-03j
   6.29211290e-03+2.39720761e-02j -2.14266596e-03-9.96030634e-03j
   8.82591195e-04+1.49968288e-03j -3.89190914e-04-8.14016591e-04j
   2.63754550e-03+4.67945852e-03j  1.18285610e-03+5.39216488e-03j
  -4.32028346e-03-5.77762114e-03j  9.70380475e-04+5.72668425e-04j
   1.49204396e-03+4.89367271e-03j  1.11393973e-03+2.24682101e-03j
  -5.95693142e-04-1.79114860e-03j -1.54088734e-04-6.43237096e-05j]
 [ 2.36774359e-04+7.53102444e-04j -9.19449264e-04-2.13287972e-03j
   3.49826754e-03+7.50823866e-03j -1.11937724e-02-2.30427803e-02j
   9.03445369e-03-1.36612299e-03j  6.15919614e-03-2.12060219e-03j
  -3.59915840e-03-1.24813392e-02j -3.09946146e-01-9.50161933e-01j
  -1.90168541e-04+2.04137628e-04j -6.67820552e-03+2.63089035e-03j
   5.13508810e-03-7.14304672e-04j  2.00011985e-03+1.30776348e-03j
   2.82507640e-05-1.25577886e-03j  3.75437937e-04+2.02029319e-03j
   1.15165153e-03-1.32599864e-03j -2.52532087e-03-8.25230642e-04j]
 [-4.30597788e-05-1.95123238e-03j  4.36242845e-04-1.17769025e-03j
  -9.24197381e-03-2.32119429e-02j -4.22906537e-04-2.14075564e-03j
   6.91535824e-03-4.08095705e-03j -1.68362613e-03+1.57616440e-03j
  -3.08970055e-01-9.50542150e-01j  4.41940447e-03+1.21252420e-02j
  -6.57527787e-03+8.93566279e-04j -2.98351755e-04-5.02652315e-04j
   1.60660413e-03+9.26470048e-04j  3.54212193e-03-2.94510824e-03j
   2.96730241e-03+3.90908071e-03j -8.11601642e-04-6.68656257e-04j
  -3.35000312e-03-1.68710912e-03j -1.24802215e-03-5.15452216e-03j]
 [ 3.72548182e-03+8.65819923e-03j -1.10262979e-02-2.30800800e-02j
   2.32596558e-04-3.73933128e-05j -1.21518573e-03+1.06720038e-03j
  -1.33085363e-02-1.43377551e-02j -3.08691966e-01-9.50465429e-01j
  -2.04553210e-03-4.29164947e-04j  6.40544228e-03-2.01433838e-03j
   5.38297620e-03-3.12350949e-04j  2.09085958e-03+1.22585731e-03j
  -1.71135450e-04+7.31026547e-04j -6.37959247e-03+2.76815653e-03j
  -1.35801012e-03+2.84051028e-03j -2.92462327e-03-1.17650825e-04j
   6.54647483e-04+8.78843099e-04j -5.20780919e-03-4.01684870e-03j]
 [-9.27245706e-03-2.31730405e-02j  2.21440132e-04-1.29728303e-03j
   2.31760823e-04+5.54512799e-04j  8.72804826e-05-2.15837042e-03j
  -3.09564366e-01-9.50217184e-01j -2.39594451e-03+1.92779505e-02j
   8.13167804e-03-7.87758260e-04j  7.83489599e-03-4.24528679e-03j
   1.83670583e-03+9.17784414e-04j  4.02688541e-03-2.90903451e-03j
  -6.60893371e-03+1.16710955e-03j -7.29639605e-05-9.79564609e-05j
  -3.52067408e-03-1.41280175e-03j -3.24281873e-04+1.30161153e-03j
  -2.53305945e-03-2.46560124e-03j  1.07694615e-03+3.88224056e-04j]
 [ 4.91867652e-04-9.63228830e-04j  9.88940618e-04+4.42947803e-03j
   1.06984297e-03+7.25213103e-04j -1.31362876e-04-3.89837493e-03j
  -1.43726384e-04+2.31584446e-04j -6.76718683e-03+1.40396506e-03j
   4.58963406e-03+2.21818463e-04j  8.23123247e-04-2.13202184e-03j
   8.98809733e-03-1.43291018e-03j -2.78457788e-03-1.11008721e-03j
   7.77431695e-03-9.47978756e-03j -3.07656423e-01-9.51309162e-01j
   3.05478254e-04-2.38951409e-04j  1.04740468e-04+1.02679902e-03j
  -2.20476084e-04+7.13974452e-04j -1.03046892e-03-7.78158149e-04j]
 [-1.56258039e-04+7.29160531e-03j -6.17926784e-04-1.22357370e-03j
  -4.92423809e-04-5.26467913e-03j  2.75913818e-03+1.60018724e-03j
  -6.02617032e-03+2.76331656e-03j -3.84166138e-04-3.90778032e-04j
   7.76455098e-04-1.54188369e-03j  4.49452625e-03-2.49851005e-03j
  -1.81612510e-03-3.04207452e-03j -7.49561787e-04+2.47044881e-03j
  -3.06305283e-01-9.51702351e-01j  1.18580601e-02+3.13259610e-03j
   1.59640869e-03+4.94338109e-04j -1.73100382e-03-9.15311023e-04j
   2.88997366e-04-2.00460863e-03j -3.80374944e-03-8.83115059e-03j]
 [-2.15777606e-03-5.12023926e-03j -8.71476551e-04-4.07480107e-03j
  -4.31543321e-04+8.59421333e-04j  1.87250545e-03-4.19565828e-03j
   5.01350971e-03+1.75775759e-05j  9.36779347e-04-2.25543806e-03j
  -1.08642122e-04+6.64019185e-04j -7.00536039e-03+1.93441983e-03j
  -2.47195458e-03-1.12664966e-02j -3.06724217e-01-9.51635484e-01j
  -2.09261976e-03-1.61968663e-03j -1.49458418e-03+2.46496519e-03j
  -5.90988855e-04+1.62421053e-03j -1.05852750e-03-6.66623862e-04j
   3.51230916e-04+5.42962189e-04j -1.09958893e-03-9.92012087e-04j]
 [-6.95547886e-04-5.33225095e-03j -1.75590279e-03-2.84538232e-04j
   7.23491470e-04-1.19847349e-03j  1.89010482e-04+9.81383814e-04j
   9.26148020e-04-1.81848260e-03j  4.52427837e-03-2.92511957e-03j
  -5.85084664e-03+3.21194972e-03j -7.65397690e-05-1.27506731e-04j
  -3.07300075e-01-9.51391666e-01j  4.59372517e-03+1.06034378e-02j
   4.05809464e-04+3.57781878e-03j  8.04765848e-03-4.20566782e-03j
   3.97837277e-04-2.07717558e-03j -3.43224597e-03-7.58955086e-03j
  -4.72093844e-04-1.88185774e-03j -1.07099537e-03-2.06426317e-04j]
 [-3.70715135e-05+2.25939788e-05j  1.17970697e-03+2.23136852e-03j
  -5.06928848e-04-2.33650011e-03j -1.84809277e-03-4.64218983e-03j
   6.30313400e-04-7.93509940e-04j -1.82069797e-03+6.26294333e-03j
   2.06426708e-03+5.03798567e-03j -1.57724015e-03+2.23488713e-03j
  -7.05191384e-04+8.61557192e-04j -2.42231048e-04+1.41286456e-03j
   2.21917669e-03+9.35655424e-03j -4.40063699e-04+1.22578551e-03j
  -3.15147392e-04-2.03458727e-03j -1.46658005e-03-1.60175342e-03j
  -2.86772968e-03-1.37559989e-02j -3.22509282e-01-9.46343569e-01j]
 [ 5.60768963e-04+1.85903629e-03j -1.64416333e-04+2.04085845e-05j
  -1.87858674e-03-4.64716750e-03j -1.97026255e-03-7.22678370e-04j
  -6.11105682e-04+3.46400119e-03j  7.39146729e-05-1.19254553e-03j
  -1.65152027e-03+3.37667724e-03j  1.74478151e-03+3.08306465e-04j
   8.70341981e-04+1.72450736e-03j -5.80317715e-05-7.14579746e-04j
   1.43983919e-03+1.32537534e-03j -6.66073122e-04-4.36711585e-04j
  -1.30949818e-03-3.46125411e-03j -8.55374005e-03+7.42398597e-03j
  -3.21531424e-01-9.46680357e-01j  6.16104693e-03+1.26808328e-02j]
 [-5.61418495e-04-2.57777329e-03j -1.94689938e-03-4.66213307e-03j
  -4.42298653e-05+1.05554199e-04j  1.41897439e-03+1.93067108e-03j
  -1.02487355e-03-6.20866599e-04j -2.32818862e-03+1.95991956e-03j
  -2.02816038e-04+9.02344708e-04j -9.04165615e-04-1.93169397e-03j
   1.84119650e-03+8.17399846e-03j -5.30732535e-04+1.08495822e-03j
  -8.09726454e-04+1.66393940e-03j -6.07093362e-04-8.85904284e-04j
  -1.32371821e-02-1.53905327e-02j -3.21117434e-01-9.46683111e-01j
  -1.12614916e-02-5.89007609e-04j -1.52925605e-05+2.19954011e-03j]
 [-1.87129476e-03-4.64697165e-03j -2.16450221e-03-8.23368927e-04j
   7.89763700e-04+1.68978434e-03j -1.11995265e-04-7.73041471e-06j
  -1.94631503e-03+3.36004925e-03j -2.65300046e-03-1.53541017e-03j
   2.71109215e-05-4.99711938e-03j  7.66821730e-04+1.08676088e-03j
   1.56131600e-03+1.23684285e-03j -1.43523023e-03-9.64831887e-04j
   9.88035682e-04-1.40797497e-03j  3.98268025e-04+8.22420774e-05j
  -3.22459989e-01-9.46305350e-01j -1.05613073e-03+2.02653768e-02j
   1.27998908e-03+3.65167767e-03j  9.73300225e-04+1.66433522e-03j]]

********* Summary *****************
Final fidelity error 0.0014923831938601362
Final objective value 0.0014934110657307796
Final penalized error 1.0278403955986279e-06
Final gradient 0.007968241759444982
Number of iterations 185
Terminated due to function converged
Completed in 0:00:29.819659 HH:MM:SS.US
Computational time 29.819659416
total tv norm 10.34235281933415
total l2 norm 1.0278403955986279e-06
