Final evolution
[[ 2.43858090e-02-5.40632425e-01j  1.99669203e-02-3.60897420e-01j
  -2.71100821e-03+2.90890865e-02j  2.57014147e-02-2.28769654e-01j
  -4.55129235e-02+4.85995773e-01j -3.47101853e-02+3.35911081e-01j
  -1.42467308e-02+1.37190191e-02j -9.85561171e-03+2.13945598e-01j
  -3.56490286e-02+4.04830892e-03j -2.12125293e-02+5.30466092e-03j
   4.62313525e-02-3.82138819e-03j  2.07801321e-03-2.62974437e-02j
   1.00620863e-02-2.72047843e-01j  8.05435319e-03-1.62819047e-01j
   5.16303839e-03-2.33825362e-02j  1.37351980e-02-1.34163453e-01j]
 [-1.00775934e-02-3.48659539e-03j -9.57682645e-03+1.83336082e-02j
  -5.58944250e-02+7.05955053e-01j -6.51198830e-04-2.12739535e-02j
  -3.20376392e-03+1.57422340e-03j  1.94654700e-02+6.73653695e-04j
   5.40787046e-02-6.06738243e-01j -1.73610326e-02-6.15036095e-03j
   1.04639683e-02+1.13683318e-02j -1.69921544e-02+1.23635728e-02j
  -1.84994890e-02-8.80616324e-03j  1.32534662e-02-2.71043385e-02j
   2.57571664e-02-1.54152220e-03j -1.50024053e-02-6.19514597e-03j
  -2.87299295e-02+3.47767226e-01j -1.62978442e-02+2.73651138e-02j]
 [-1.31833140e-02+3.90796207e-01j  2.05908922e-02-5.68428928e-01j
   3.34241004e-02+2.39344341e-03j  4.82527564e-03-2.03723515e-03j
   5.38397344e-03-3.46087637e-01j -1.59460665e-02+5.15119157e-01j
   2.04755266e-04-9.74176981e-03j  2.64687050e-03+8.51607081e-03j
  -1.15653779e-03-2.23376265e-03j  6.88063496e-03+4.64792180e-03j
  -3.95123675e-03+5.45032484e-03j  1.23554392e-02-1.85271968e-02j
   1.32229852e-02+1.96755518e-01j  1.03235314e-02-3.10026944e-01j
  -4.93977638e-03+1.18094617e-02j -2.70764726e-02-1.45690592e-02j]
 [ 1.80145966e-02-3.45728603e-02j -1.93277342e-03+2.68464351e-03j
  -1.70009217e-02-1.26633613e-03j -2.58896770e-02+6.43680042e-02j
  -3.00691062e-02+3.23804471e-01j -3.50674796e-02+3.39682402e-01j
  -1.50697816e-02-7.25929932e-04j  5.80465591e-03+9.23712158e-02j
   2.30832244e-03+9.91155780e-03j  1.40148188e-02-1.70172036e-02j
  -7.93932504e-03+3.15304757e-03j  9.59251477e-03-1.50218010e-02j
  -3.26695902e-02+6.11227242e-01j -2.21125698e-02+5.29880594e-01j
   3.05807725e-02-5.75387115e-03j -4.23796534e-02+3.20204617e-01j]
 [-3.12421994e-02+4.47735088e-01j -2.06591875e-02+1.06723606e-01j
  -1.31280846e-02+2.45259584e-02j  1.76554070e-02-2.23278857e-01j
  -4.02941970e-02+4.54077174e-01j  1.97818806e-02-2.67379496e-01j
  -3.96140275e-03+1.85514860e-02j -4.31029301e-02+4.40577290e-01j
  -5.69138312e-03-1.27374202e-02j  1.14620312e-02-4.74431453e-03j
   6.82205958e-03+8.56514198e-03j  8.75453757e-03-1.24732134e-02j
  -3.86155303e-03+3.00601201e-01j  4.54218342e-02-3.72905986e-01j
   1.07681125e-02-2.08191968e-02j  7.91106173e-03-1.64231366e-01j]
 [-6.91301418e-03-7.71968523e-03j -1.50634636e-03+8.61929235e-03j
   1.94305935e-02-6.45245151e-01j -2.22545472e-03-2.50511725e-02j
   2.25136762e-02+3.68349673e-02j -1.01503416e-02+8.68476896e-03j
   3.34558637e-02-7.58234306e-01j  1.60661207e-02-4.04387730e-03j
  -1.00048628e-02-6.04568953e-03j -2.85515764e-02+1.18734215e-02j
  -8.48224521e-03+5.88619819e-03j  1.80954586e-02+2.45442906e-02j
   2.08831022e-03+1.09588256e-02j  1.77409779e-02-2.48594043e-02j
   1.01304133e-02-1.32536616e-02j  1.93659927e-02-1.64233382e-02j]
 [ 1.22674104e-02-1.53785498e-01j -3.30892578e-02+5.02395719e-01j
   1.23723165e-02-3.41937923e-03j  3.63821586e-02-4.38820338e-01j
   2.00162067e-02-4.32791852e-01j -9.61005828e-03+3.68087628e-01j
  -1.27672185e-03+1.20606421e-02j -1.24552843e-02+3.97844373e-01j
   1.61176681e-02-1.88884748e-02j -9.61222779e-04+2.51203302e-03j
   1.76700013e-03-1.46055166e-02j  2.23783392e-02+2.89337937e-02j
   1.24253371e-03+6.91223127e-02j  2.59776499e-03+4.27646698e-02j
  -1.24877413e-02+8.71025331e-04j  2.91518081e-02-1.92299448e-01j]
 [ 9.56573445e-03-1.92601319e-01j  7.56859150e-03-1.22005980e-01j
  -1.70138977e-02-4.74733049e-03j -6.17913586e-02+6.41831467e-01j
   1.43296311e-02-2.05781220e-01j  2.57752965e-02-1.30843068e-01j
   7.34095294e-03-3.26083900e-02j -3.82776721e-02+6.83162988e-01j
   2.63114136e-02-2.02139104e-02j -9.19578618e-03-1.17341831e-02j
   8.65830878e-03-7.12175324e-03j -7.76777289e-03+2.49855252e-03j
  -1.74070451e-02+1.72725647e-03j -6.55977503e-03+3.35189610e-03j
   4.65385597e-03+6.39557493e-03j  1.18111510e-02-9.23969938e-03j]
 [ 2.91797626e-02+1.21017173e-02j  2.33063630e-02-1.14172223e-02j
   1.37305407e-02+5.17263780e-04j  1.58467986e-02+2.36867667e-03j
  -2.06366365e-02-1.73522785e-03j  9.06343086e-03-7.40515852e-03j
   6.61019824e-03+1.28775122e-02j  7.96965953e-03+3.21427181e-02j
  -5.39143061e-02+7.84558555e-01j -3.12122818e-02+5.14427630e-01j
  -2.82417912e-03-7.51145490e-03j -4.73129433e-03+3.33085273e-01j
   1.31810572e-02+4.79579057e-03j  1.82063593e-02+1.44819027e-02j
  -1.78693105e-03+7.61814004e-03j -6.40509148e-03-9.45089723e-03j]
 [ 2.99673007e-02+2.30384684e-02j  2.34803151e-02-4.98926498e-03j
   6.06177342e-03-6.77014415e-03j  1.75807124e-02+4.99534747e-03j
  -1.62130512e-02+1.00900908e-02j  2.36181639e-03-9.56093653e-05j
  -1.79936371e-02-4.51836545e-03j -2.07833500e-02-7.28873633e-03j
   7.35941526e-03-5.06273338e-03j  4.20252904e-03-1.04060876e-02j
   4.56276014e-02-9.96696032e-01j -1.01324353e-02+4.21881422e-04j
   1.03181568e-02-2.75359200e-03j  1.37657471e-02+7.41106695e-03j
   1.03995636e-02-1.02923514e-02j  7.41516493e-05-3.58310666e-03j]
 [ 2.22401897e-02-1.36140972e-02j -3.24746964e-03-7.49061591e-03j
   3.97343852e-04+3.26730219e-03j -1.50328450e-02+3.36077171e-03j
   1.50453250e-02+8.82920786e-03j  5.96067897e-03-7.68706928e-03j
   2.18952351e-02+1.75226722e-02j -5.10790105e-03-1.43113183e-02j
   5.71071310e-02-5.40038716e-01j -7.35479779e-02+8.33922842e-01j
   2.04637438e-03-6.30208535e-03j -1.22290998e-02-1.39291882e-02j
  -3.93448555e-03+3.06879064e-02j -3.45361096e-04+4.70003460e-03j
  -1.69781764e-02+2.42390053e-03j  1.35119793e-02+2.38741477e-03j]
 [-2.12837513e-03+2.70679597e-03j  4.38763339e-03-2.58909495e-02j
  -7.10745277e-03+3.53424854e-02j -1.60552180e-02+5.73367123e-03j
   2.39514654e-03+3.53920059e-02j  2.02684900e-02+1.92501328e-02j
  -2.74347013e-02-2.50200282e-03j  1.14111931e-03-1.29490234e-02j
   3.50855175e-02-2.83447928e-01j  5.20803415e-03-1.70697334e-01j
   1.23795721e-02+5.24326161e-03j -4.30030932e-02+9.38602627e-01j
   9.40385723e-03+3.77201001e-03j -4.97373479e-03-1.16381337e-02j
  -6.67420067e-03+1.45824555e-02j -2.17452830e-02+2.11261243e-03j]
 [ 1.97167536e-02-3.86669569e-01j  1.07307716e-02-3.88470550e-01j
   4.90986722e-03-4.63290340e-03j  8.97280134e-03-3.93237449e-01j
   2.81678098e-02-2.96022508e-01j  2.71392539e-02-5.05937493e-01j
  -1.05655554e-02+1.54945668e-03j  2.74831750e-03+2.80836928e-03j
  -9.60130544e-03+4.64496717e-03j -1.50544362e-02-2.47088095e-02j
   2.12437857e-02-1.16404005e-02j -1.07013182e-02+8.46630132e-03j
  -7.62918472e-03+4.40477616e-01j -3.36474297e-03-8.84269985e-03j
   1.46593934e-03+9.67451220e-03j  5.72608167e-03+5.50399524e-02j]
 [ 5.03133361e-03-8.47069021e-03j -4.64249808e-03+2.01471316e-03j
   1.38978735e-02-2.71271508e-01j  9.96555887e-03+5.97463798e-03j
   2.10143136e-02+3.76557913e-02j -8.25728706e-03+6.62391652e-03j
  -2.72210862e-02+2.16692880e-01j  1.03256347e-02+6.55343541e-03j
   5.22290638e-03-2.37613179e-03j -9.40785148e-03-1.08947163e-02j
  -1.64424572e-03-8.52081656e-03j -9.88850017e-03-9.15093043e-03j
   1.22512788e-02+8.99378656e-03j  2.51289737e-02-8.15655885e-03j
  -7.23978303e-02+9.32092637e-01j  6.26686693e-03-2.52906493e-02j]
 [ 2.47071361e-02-3.62696192e-01j -2.53897596e-02+3.30891971e-01j
   2.88715880e-02+1.18285458e-02j -2.51363075e-02+2.85894909e-01j
  -1.72767600e-02+3.02750472e-02j -1.37378248e-02+1.38160085e-01j
  -1.18512853e-02+1.69654860e-02j  1.06428862e-02-2.71005089e-01j
  -5.78798225e-03+3.11230488e-02j -1.11267311e-02+7.44202456e-05j
  -1.01702928e-03-1.29163480e-02j  1.05277679e-03+8.55368328e-04j
  -4.42613544e-02+3.80400298e-01j  2.93026946e-02-6.43327472e-01j
  -2.05018540e-03-1.34363393e-02j -9.53980233e-03+1.30094655e-01j]
 [ 3.54370853e-02-5.93551267e-02j -1.60001358e-02-4.00186990e-02j
   2.26468265e-02+3.70349876e-02j -2.05134271e-02+2.06157857e-01j
   6.46415070e-03+4.83258152e-02j  1.39137317e-02+2.50311789e-02j
   1.18225907e-03-1.51053891e-02j  1.43351294e-03-2.15839574e-01j
   1.18345554e-02+5.57519813e-03j -8.51723247e-03-1.44164073e-02j
  -1.03746522e-02+5.46337700e-03j  1.95501401e-02-4.80523662e-03j
  -2.01232538e-03+2.71542852e-01j -1.43448547e-02+1.87192901e-01j
   1.33036453e-02-1.25623616e-02j  5.68325448e-02-8.86000068e-01j]]

********* Summary *****************
Final fidelity error 0.00299634885434219
Final objective value 0.0029963482526753626
Final penalized error 0.0
Final gradient 0.003599488402298401
Number of iterations 4316
Terminated due to function converged
Completed in 0:10:28.170628 HH:MM:SS.US
Computational time 628.1706282499999
total tv norm 438.6336700867926
total l2 norm 9479.085264096742
