Final evolution
[[ 2.18048737e-04+3.43657500e-04j -1.39371933e-02-9.99900819e-01j
  -7.56588708e-04-7.08494725e-05j  8.45478891e-05+1.83207283e-03j]
 [-1.38125405e-02-9.99902785e-01j  2.05745946e-04-3.49520643e-04j
  -1.09044972e-05-1.69834806e-03j -7.65168626e-04-2.53498124e-05j]
 [-7.63683788e-04+4.67260094e-05j  3.32099005e-05-1.83384733e-03j
  -6.50469455e-05+3.43871870e-04j -1.40639646e-02-9.99899061e-01j]
 [ 3.62066082e-05+1.69787333e-03j -7.54781557e-04+9.18741147e-05j
  -1.39368310e-02-9.99901085e-01j -7.19720461e-05-3.42095491e-04j]]

********* Summary *****************
Final fidelity error 1.928736573009182e-06
Final objective value 1.972971105722611e-06
Final penalized error 4.4182762902768333e-08
Final gradient 0.00011160325473443166
Number of iterations 260
Terminated due to function converged
Completed in 0:01:23.930703 HH:MM:SS.US
Computational time 83.930702917
total tv norm 44.12217628507253
total l2 norm 4.418276290276833e-07
