Final evolution
[[-1.20148107e-04-7.38965161e-03j -5.82351676e-04-1.77124204e-03j
   4.38557272e-03+2.90137330e-04j -1.96334102e-01-9.79993871e-01j
   5.36336004e-03-1.89890396e-03j  6.92116909e-05+9.96939072e-04j
   3.10421707e-03+4.38808030e-03j  7.72348385e-03+2.54513292e-02j
  -2.00183986e-03-2.02822523e-03j -7.85322089e-04-1.08041532e-03j
  -1.51049570e-03-1.91595141e-04j  2.60045700e-05+6.41339811e-04j
  -9.37517734e-04+9.32466135e-04j -2.33986163e-04+1.78079960e-03j
   1.76527694e-03+1.32631611e-02j  5.11790603e-04+4.57544073e-03j]
 [ 5.81289924e-04+1.33398323e-03j -2.15286111e-03+2.21687635e-03j
  -1.94531735e-01-9.80476922e-01j  3.98099696e-03-1.85726189e-03j
  -1.89737826e-04-1.46248077e-03j -5.25576902e-03+2.18297509e-03j
   2.65157916e-03+2.22771283e-02j  3.91947074e-04-4.74705182e-03j
   8.13357185e-05+1.95028063e-03j  6.05443475e-04+6.02346276e-04j
  -5.26811651e-05+2.27312865e-03j  1.90099948e-04-1.07739279e-03j
   6.46883865e-04-1.89275447e-04j  7.76517832e-04-8.17360935e-04j
   1.59661973e-03+4.69325973e-03j  3.24483627e-03+1.35334615e-02j]
 [-3.82367491e-03-2.27529411e-02j -1.92489627e-01-9.80488177e-01j
  -2.68267412e-03-1.33229288e-03j  2.86567888e-04+1.95440543e-03j
  -1.07244704e-03-3.29049280e-03j  6.98965544e-03+2.64820920e-02j
  -9.51530048e-05-4.66554940e-03j  1.23376350e-04-3.34168416e-03j
  -7.06567950e-04+3.40807936e-04j  2.86389750e-04-2.26532556e-03j
   1.29180587e-04+1.65136246e-03j -1.43360128e-03-9.74418016e-04j
   1.42933411e-03+1.43961540e-02j  6.97511562e-04+4.91333985e-03j
   5.28816045e-04+9.76713577e-04j  1.17986132e-03+1.50718987e-03j]
 [-1.98397987e-01-9.79297919e-01j  5.15881401e-03+2.21220533e-02j
  -6.43278466e-05-1.49390086e-03j  2.60203752e-03+7.00445139e-03j
   3.40999047e-03+2.23370815e-02j -3.80225072e-03-1.43035079e-02j
   9.92913635e-05+7.13678062e-04j -2.31534380e-04+7.03871655e-03j
   8.54739799e-04-1.96926235e-04j -4.81191524e-06-4.67621122e-04j
   1.38387178e-03-6.91164394e-05j  3.03510551e-03-6.64614955e-04j
   1.57777858e-03+4.55855982e-03j  2.91157906e-03+1.46209638e-02j
  -4.15825538e-04-2.10805492e-04j -3.89329817e-04-1.25312241e-03j]
 [-2.92588765e-03-6.54411218e-03j  1.45461005e-03+3.11099579e-03j
   2.32539694e-03+4.25848654e-03j -2.71158606e-03-2.63977788e-02j
  -6.43188321e-04-2.68158762e-03j -6.30093603e-04-1.47012664e-03j
   1.13220831e-03-1.13125930e-03j -1.99238410e-01-9.79530524e-01j
   6.09447269e-04-7.87138449e-04j  1.24720140e-03+7.81164481e-04j
  -1.39980363e-03+9.77790521e-04j  3.35925518e-04+6.22962447e-05j
   8.19748462e-04+1.63247011e-04j  1.11721926e-04+1.58988883e-03j
   6.83813241e-04-2.65995796e-04j -5.46278826e-04+3.17841182e-03j]
 [-2.34550566e-04-5.68669211e-04j  1.66865529e-03+4.30309504e-03j
  -6.00428493e-03-2.16003293e-02j  1.29578373e-03-5.27557017e-03j
  -2.99215931e-03+1.37245147e-03j  1.32623195e-03-2.97845310e-03j
  -1.92845711e-01-9.80922436e-01j  1.46309749e-03+6.64398029e-04j
   1.07981443e-03+3.81142190e-05j -6.92777950e-04+1.09610508e-03j
  -7.45803191e-04+5.07596839e-05j -2.25997795e-03+1.08053394e-03j
  -7.88772474e-04-1.36157077e-03j -2.31785645e-03-1.78155767e-03j
  -4.76684966e-04+1.45009206e-03j -3.66547068e-04+8.19664604e-04j]
 [ 1.88036729e-03+1.34866586e-02j -3.63578922e-03-2.73826327e-02j
  -5.67332684e-03+4.27316848e-05j -1.62372032e-04-9.62136929e-04j
  -2.24000204e-03-2.51314823e-02j -1.94394002e-01-9.80082512e-01j
   2.41308068e-03+2.10870627e-03j -1.57050739e-05+1.49785344e-03j
   3.39368708e-04+1.24069838e-03j  4.43989269e-04+3.39468632e-04j
  -7.21393203e-04-1.10512225e-03j  1.63947343e-03+1.69862676e-04j
   9.71620398e-04-3.95805726e-04j  2.51843928e-04+5.41603954e-04j
   3.06387736e-03-1.94663136e-04j  1.07730493e-03-2.38632758e-04j]
 [-5.56309142e-03-2.21425844e-02j  5.89970581e-04+4.57576335e-03j
   4.41338881e-04+1.40069489e-03j  5.71764511e-03-8.96748029e-05j
  -1.96988293e-01-9.79780894e-01j  7.46285140e-03+2.36369692e-02j
  -3.39045405e-03-1.50889360e-04j  3.01462821e-04+2.88140833e-03j
  -6.98716769e-04+3.35209082e-05j -4.38681808e-04+1.16806314e-03j
   1.19073402e-03-2.28083867e-04j  5.80976934e-04+9.00576867e-04j
  -2.51794297e-04-1.75486141e-03j -4.40539617e-04+5.41419930e-04j
  -1.48129424e-03-1.28494195e-03j -2.57773663e-04+1.05393860e-03j]
 [ 3.03963216e-03-5.38126025e-04j -9.05556905e-04+1.41742405e-03j
   5.56769140e-04+9.23204639e-04j -2.70805184e-04-6.18434821e-04j
   1.46380242e-04-1.04102466e-03j  1.52735833e-03-8.28741219e-04j
  -2.52366337e-03-1.49904939e-04j  2.91308455e-04-1.47092085e-04j
   1.22534635e-03-7.40083426e-03j -7.97807611e-04-2.19235749e-03j
  -3.29366371e-03+1.48927555e-03j -1.96586612e-01-9.80405533e-01j
   5.02085736e-03-2.22692058e-03j  4.44338806e-05+1.65544267e-03j
  -2.14289901e-03-3.38320451e-03j  2.50798928e-03+2.01856557e-03j]
 [ 1.22583727e-03-4.93032553e-04j -5.71805502e-04-1.55160134e-03j
  -9.95608028e-04-2.26629951e-03j -1.43840717e-03+6.85273093e-04j
   1.12519790e-03-2.21257066e-04j -2.41297804e-04+1.33075531e-03j
  -6.90808408e-04+2.78564727e-04j -1.68851454e-03-4.29692607e-04j
   3.98529981e-04+1.01024520e-03j -6.52467962e-04+2.64967510e-03j
  -1.95195465e-01-9.80629007e-01j -3.60096048e-03-1.50753769e-04j
  -1.04107287e-04-7.60761615e-04j -5.32855664e-03+2.00742849e-03j
  -2.42627753e-03-9.45848640e-04j -5.22500238e-03-1.25255254e-02j]
 [ 2.15765444e-04+5.20440362e-04j  1.14851831e-03+2.05240841e-03j
   2.80641846e-04-8.80180758e-04j -3.00012369e-04+1.23062508e-03j
  -8.71584414e-04-9.22501475e-04j  2.77206213e-04-5.42360750e-04j
  -1.03967296e-03-7.60099211e-04j  8.81816055e-04-1.21284985e-03j
  -4.99649906e-03-2.24685868e-02j -1.92754993e-01-9.80918196e-01j
  -1.61084983e-03-2.23333226e-03j  1.50051710e-04+2.51030346e-03j
   1.26988428e-03+5.72675332e-03j  1.80561037e-03+1.84165667e-03j
   3.45196668e-04-6.77428895e-03j -1.22076741e-04-1.22233601e-04j]
 [ 7.90058216e-04-1.87323875e-04j -8.77912704e-04-1.61653070e-04j
  -6.92360108e-04-1.75515068e-03j -1.02427424e-03+2.69288104e-03j
  -6.66085027e-04+2.34688287e-04j -1.46764488e-04-1.26085394e-03j
   1.03371868e-03-3.84610027e-04j  8.58824267e-04+4.38882989e-04j
  -1.99018548e-01-9.79656777e-01j  4.01916929e-03+2.26351250e-02j
   3.57131294e-05-1.11309032e-03j  4.00389276e-03+6.27007683e-03j
  -2.00915090e-03-2.34000905e-03j -7.04242173e-04-4.08577049e-03j
  -6.98489191e-05+3.77618133e-03j -4.93154990e-05+4.53717253e-03j]
 [ 1.25742503e-04+1.17517250e-03j  4.86874602e-04-1.85361024e-03j
  -2.21646463e-03-1.37184607e-02j -1.28854105e-03-4.53422948e-03j
  -6.13431705e-04-9.41372029e-04j  1.03510001e-03-1.09235210e-04j
  -6.14021628e-04-3.01627204e-04j -1.65096582e-03-2.67376651e-03j
  -1.82818127e-03-4.15159532e-03j  1.32444254e-05+2.08892356e-04j
  -1.47176359e-05+1.35908964e-02j  1.62345284e-03-2.81769142e-03j
  -2.30001212e-03-1.84412703e-03j  2.95874322e-03-2.37168976e-03j
  -1.87625141e-03-4.84543021e-04j -1.98653154e-01-9.79827078e-01j]
 [-3.65941409e-04+2.47755097e-04j  2.00654487e-04-1.16186310e-03j
  -3.04474092e-04-4.97245785e-03j -3.38952920e-03-1.29436401e-02j
  -7.30566225e-04+1.69842341e-03j  2.88522554e-03-9.78290157e-04j
  -9.27107505e-04-9.76186216e-04j  8.62892432e-04+3.02054391e-04j
  -1.49456493e-03-3.29901719e-03j  2.91963645e-03+6.21941907e-03j
  -1.87089481e-03+1.79652253e-03j -6.87320207e-04+3.96598249e-03j
   1.28075202e-03+8.17053871e-04j -2.38984552e-05-2.26535539e-03j
  -1.91824840e-01-9.81268358e-01j -1.54516508e-03+1.33504806e-03j]
 [-3.02852413e-03-1.48681418e-02j -1.28031117e-03-4.82406593e-03j
   1.05657113e-03+5.28853283e-04j -8.76253089e-04-1.44881512e-03j
  -5.26599801e-04-8.39227059e-06j  5.40439402e-05-6.60720668e-04j
  -1.48508788e-03+2.55208030e-03j -4.59788827e-04-1.39020061e-03j
   9.60849615e-04+4.04547161e-03j  9.15816326e-04-2.65759321e-03j
  -5.71297555e-03+1.79962408e-04j -4.23898700e-04-1.56676127e-03j
  -7.73137656e-03-2.42574158e-02j -1.94518983e-01-9.80389681e-01j
   8.67161143e-04+2.06137863e-03j  3.53946372e-03+1.10960243e-03j]
 [-3.73392314e-04-4.70322924e-03j -4.12596959e-03-1.36145165e-02j
   5.84443897e-04-5.30365637e-05j -1.17014463e-03-4.01204832e-04j
   4.75078836e-04+1.77544043e-03j  1.16162700e-03+2.77496231e-04j
  -1.79377561e-04+1.41979869e-03j  7.28529871e-04-4.40605148e-04j
  -9.58813121e-04+2.72734951e-03j -1.01179556e-03-5.81175292e-03j
   3.55492715e-04+7.18485107e-04j  5.48453330e-03+1.45096487e-04j
  -1.96640977e-01-9.79977688e-01j  2.18806900e-03+2.55309178e-02j
   9.15440322e-04-1.32614168e-03j -1.48525405e-03+2.57812213e-03j]]

********* Summary *****************
Final fidelity error 0.0012229664933842699
Final objective value 0.0012230170440994822
Final penalized error 5.055064215956233e-08
Final gradient 0.0004418612114625625
Number of iterations 1493
Terminated due to function converged
Completed in 0:09:34.144171 HH:MM:SS.US
Computational time 574.144171333
total tv norm 38.303506608680074
total l2 norm 5.055064215956233e-07
