Final evolution
[[ 0.19936207+1.16012030e-02j  0.04264918-9.78907323e-01j
  -0.0010063 -6.22545280e-03j -0.00029521-1.34957982e-03j]
 [ 0.04264918-9.78907323e-01j  0.19962308+5.76968618e-03j
  -0.00035707+7.43898776e-04j -0.00152774+5.98498547e-03j]
 [-0.0010063 -6.22545226e-03j -0.00035708+7.43896849e-04j
   0.19570412+1.55502897e-02j  0.0410191 -9.79660690e-01j]
 [-0.00029521-1.34958169e-03j -0.00152774+5.98498598e-03j
   0.0410191 -9.79660690e-01j  0.19631997+8.78023602e-04j]]

********* Summary *****************
Final fidelity error 0.01982284186553762
Final objective value 0.019822841865526186
Final penalized error 0.0
Final gradient 0.011468984393166017
Number of iterations 150
Terminated due to function converged
Completed in 0:00:49.373082 HH:MM:SS.US
Computational time 49.373082375
total tv norm 40.05680988633515
total l2 norm 6477.340567545382
