Final evolution
[[ 2.84460563e-01+7.20741605e-03j -1.64274898e-01-1.65766483e-01j
   1.17000791e-02-7.17820431e-01j -4.14462723e-01+4.18221777e-01j
  -1.40165768e-02-2.07833623e-03j  7.11618703e-03+9.18794426e-03j
  -4.92390755e-03+3.54093272e-02j  2.30177729e-02-1.81626000e-02j
   0.00000000e+00+0.00000000e+00j  0.00000000e+00+0.00000000e+00j
   0.00000000e+00+0.00000000e+00j  0.00000000e+00+0.00000000e+00j
   0.00000000e+00+0.00000000e+00j  0.00000000e+00+0.00000000e+00j
   0.00000000e+00+0.00000000e+00j  0.00000000e+00+0.00000000e+00j]
 [ 1.74471239e-01+1.54998567e-01j  2.26964030e-02+2.83645258e-01j
   3.87064312e-01-4.43700374e-01j  7.15081972e-01-6.37246966e-02j
  -7.68535566e-03-8.71743918e-03j  5.95325757e-04-1.41573124e-02j
  -2.18177790e-02+1.95878133e-02j -3.57305844e-02-1.17926181e-03j
   0.00000000e+00+0.00000000e+00j  0.00000000e+00+0.00000000e+00j
   0.00000000e+00+0.00000000e+00j  0.00000000e+00+0.00000000e+00j
   0.00000000e+00+0.00000000e+00j  0.00000000e+00+0.00000000e+00j
   0.00000000e+00+0.00000000e+00j  0.00000000e+00+0.00000000e+00j]
 [-2.83526204e-01-6.59557393e-01j -2.06645393e-01+5.51349694e-01j
   2.60395185e-01-1.14734940e-01j -2.19262996e-01-7.99281410e-02j
   1.00211436e-02+3.43167889e-02j  1.35517969e-02-2.60008983e-02j
  -1.35653070e-02+4.09467360e-03j  1.03537733e-02+5.27805045e-03j
   0.00000000e+00+0.00000000e+00j  0.00000000e+00+0.00000000e+00j
   0.00000000e+00+0.00000000e+00j  0.00000000e+00+0.00000000e+00j
   0.00000000e+00+0.00000000e+00j  0.00000000e+00+0.00000000e+00j
   0.00000000e+00+0.00000000e+00j  0.00000000e+00+0.00000000e+00j]
 [ 1.71211454e-01-5.63360845e-01j  6.26146680e-01-3.51202789e-01j
   2.23896648e-01+6.58411728e-02j  1.41438391e-01+2.46910794e-01j
  -1.18730956e-02+2.68090938e-02j -3.30750828e-02+1.35685009e-02j
  -1.06680845e-02-4.60981668e-03j -5.49619467e-03-1.30604652e-02j
   0.00000000e+00+0.00000000e+00j  0.00000000e+00+0.00000000e+00j
   0.00000000e+00+0.00000000e+00j  0.00000000e+00+0.00000000e+00j
   0.00000000e+00+0.00000000e+00j  0.00000000e+00+0.00000000e+00j
   0.00000000e+00+0.00000000e+00j  0.00000000e+00+0.00000000e+00j]
 [-1.11184350e-02+8.78432188e-03j  1.15680316e-02+1.11314083e-03j
   2.24150811e-02+2.78501249e-02j  2.54465387e-03-2.92099751e-02j
  -2.43064676e-01+1.47950405e-01j  2.27863247e-01+5.04292527e-02j
   3.78798992e-01+6.09847839e-01j  1.22032960e-01-5.76018021e-01j
   0.00000000e+00+0.00000000e+00j  0.00000000e+00+0.00000000e+00j
   0.00000000e+00+0.00000000e+00j  0.00000000e+00+0.00000000e+00j
   0.00000000e+00+0.00000000e+00j  0.00000000e+00+0.00000000e+00j
   0.00000000e+00+0.00000000e+00j  0.00000000e+00+0.00000000e+00j]
 [-1.16153740e-02-3.76196703e-04j -9.90304323e-03-1.01347739e-02j
  -6.84362854e-04+2.93126177e-02j -2.53429816e-02+2.52150472e-02j
  -2.30606034e-01-3.58556283e-02j -1.72650865e-01-2.26188942e-01j
  -8.52031317e-02+5.82605552e-01j -5.66709649e-01+4.40730345e-01j
   0.00000000e+00+0.00000000e+00j  0.00000000e+00+0.00000000e+00j
   0.00000000e+00+0.00000000e+00j  0.00000000e+00+0.00000000e+00j
   0.00000000e+00+0.00000000e+00j  0.00000000e+00+0.00000000e+00j
   0.00000000e+00+0.00000000e+00j  0.00000000e+00+0.00000000e+00j]
 [ 3.18603499e-02+1.62167637e-02j -9.65058480e-03-2.76868944e-02j
  -6.31330903e-03+1.26856626e-02j  1.09389276e-02-3.92406696e-03j
   5.95468604e-01+4.01023945e-01j -1.24768055e-01-5.75431782e-01j
  -1.56810575e-01+2.37445157e-01j  2.27621103e-01-5.15111872e-02j
   0.00000000e+00+0.00000000e+00j  0.00000000e+00+0.00000000e+00j
   0.00000000e+00+0.00000000e+00j  0.00000000e+00+0.00000000e+00j
   0.00000000e+00+0.00000000e+00j  0.00000000e+00+0.00000000e+00j
   0.00000000e+00+0.00000000e+00j  0.00000000e+00+0.00000000e+00j]
 [ 1.13895230e-02+2.70180805e-02j -1.27823000e-02+3.33867957e-02j
  -1.06676221e-02+4.61088667e-03j -1.32783601e-02-4.94662097e-03j
   1.61062394e-01+5.66345927e-01j -3.36292767e-01+6.34279306e-01j
  -2.23890043e-01+6.58636294e-02j -2.52595699e-01-1.31015921e-01j
   0.00000000e+00+0.00000000e+00j  0.00000000e+00+0.00000000e+00j
   0.00000000e+00+0.00000000e+00j  0.00000000e+00+0.00000000e+00j
   0.00000000e+00+0.00000000e+00j  0.00000000e+00+0.00000000e+00j
   0.00000000e+00+0.00000000e+00j  0.00000000e+00+0.00000000e+00j]
 [ 0.00000000e+00+0.00000000e+00j  0.00000000e+00+0.00000000e+00j
   0.00000000e+00+0.00000000e+00j  0.00000000e+00+0.00000000e+00j
   0.00000000e+00+0.00000000e+00j  0.00000000e+00+0.00000000e+00j
   0.00000000e+00+0.00000000e+00j  0.00000000e+00+0.00000000e+00j
  -2.80479813e-01+4.79669997e-02j  1.93243666e-01+1.30849740e-01j
   1.27406906e-01+7.06520024e-01j  3.25712184e-01-4.90510323e-01j
   1.41538372e-02-6.72903016e-04j -8.75942626e-03-7.63746614e-03j
  -2.02023149e-03-3.56929122e-02j -1.90686710e-02+2.22729364e-02j]
 [ 0.00000000e+00+0.00000000e+00j  0.00000000e+00+0.00000000e+00j
   0.00000000e+00+0.00000000e+00j  0.00000000e+00+0.00000000e+00j
   0.00000000e+00+0.00000000e+00j  0.00000000e+00+0.00000000e+00j
   0.00000000e+00+0.00000000e+00j  0.00000000e+00+0.00000000e+00j
  -2.01163928e-01-1.18312481e-01j -7.71479987e-02-2.73894040e-01j
  -2.93901833e-01+5.10206346e-01j -6.89239915e-01+2.00876585e-01j
   9.22680506e-03+7.06572756e-03j  2.15511995e-03+1.40049764e-02j
   1.76155984e-02-2.34390402e-02j  3.52835744e-02-5.75627490e-03j]
 [ 0.00000000e+00+0.00000000e+00j  0.00000000e+00+0.00000000e+00j
   0.00000000e+00+0.00000000e+00j  0.00000000e+00+0.00000000e+00j
   0.00000000e+00+0.00000000e+00j  0.00000000e+00+0.00000000e+00j
   0.00000000e+00+0.00000000e+00j  0.00000000e+00+0.00000000e+00j
   4.05781601e-01+5.92236740e-01j  9.60638790e-02-5.80913534e-01j
  -2.33275436e-01+1.62948856e-01j  2.30584449e-01+3.59941773e-02j
  -1.64714887e-02-3.17294088e-02j -8.26499146e-03+2.81316161e-02j
   1.25167237e-02-6.64195269e-03j -1.11793369e-02-3.17503778e-03j]
 [ 0.00000000e+00+0.00000000e+00j  0.00000000e+00+0.00000000e+00j
   0.00000000e+00+0.00000000e+00j  0.00000000e+00+0.00000000e+00j
   0.00000000e+00+0.00000000e+00j  0.00000000e+00+0.00000000e+00j
   0.00000000e+00+0.00000000e+00j  0.00000000e+00+0.00000000e+00j
  -5.89755602e-02+5.85841861e-01j -5.46363112e-01+4.65714949e-01j
  -2.32404957e-01-2.12768692e-02j -1.86538713e-01-2.14879193e-01j
   6.46163950e-03-2.85997399e-02j  2.98248138e-02-1.97115652e-02j
   1.13584171e-02+2.45861735e-03j  7.91931194e-03+1.17502513e-02j]
 [ 0.00000000e+00+0.00000000e+00j  0.00000000e+00+0.00000000e+00j
   0.00000000e+00+0.00000000e+00j  0.00000000e+00+0.00000000e+00j
   0.00000000e+00+0.00000000e+00j  0.00000000e+00+0.00000000e+00j
   0.00000000e+00+0.00000000e+00j  0.00000000e+00+0.00000000e+00j
   9.20872229e-03-1.07695562e-02j -1.15648118e-02+1.14610842e-03j
  -2.73800381e-02-2.29869275e-02j  3.15505809e-03+2.91503605e-02j
   2.09845789e-01-1.92183516e-01j -2.33314661e-01-5.38870917e-03j
  -4.89636140e-01-5.25032869e-01j -8.27741361e-03+5.88744671e-01j]
 [ 0.00000000e+00+0.00000000e+00j  0.00000000e+00+0.00000000e+00j
   0.00000000e+00+0.00000000e+00j  0.00000000e+00+0.00000000e+00j
   0.00000000e+00+0.00000000e+00j  0.00000000e+00+0.00000000e+00j
   0.00000000e+00+0.00000000e+00j  0.00000000e+00+0.00000000e+00j
   1.14686737e-02-1.87828695e-03j  1.16768163e-02+8.02719547e-03j
  -5.00005601e-03-2.88911293e-02j  1.99854147e-02-2.96420060e-02j
   2.33185873e-01-9.44020921e-03j  2.13152064e-01+1.88509831e-01j
  -2.91310398e-02-5.88081785e-01j  4.70727182e-01-5.42050721e-01j]
 [ 0.00000000e+00+0.00000000e+00j  0.00000000e+00+0.00000000e+00j
   0.00000000e+00+0.00000000e+00j  0.00000000e+00+0.00000000e+00j
   0.00000000e+00+0.00000000e+00j  0.00000000e+00+0.00000000e+00j
   0.00000000e+00+0.00000000e+00j  0.00000000e+00+0.00000000e+00j
  -3.43959708e-02-9.74589720e-03j  1.48251616e-02+2.52964917e-02j
   3.73955332e-03-1.36674668e-02j -9.97298257e-03+5.96641067e-03j
  -6.61807663e-01-2.78233140e-01j  2.33746541e-01+5.40417762e-01j
   1.07905880e-01-2.63298462e-01j -2.13353372e-01+9.45785799e-02j]
 [ 0.00000000e+00+0.00000000e+00j  0.00000000e+00+0.00000000e+00j
   0.00000000e+00+0.00000000e+00j  0.00000000e+00+0.00000000e+00j
   0.00000000e+00+0.00000000e+00j  0.00000000e+00+0.00000000e+00j
   0.00000000e+00+0.00000000e+00j  0.00000000e+00+0.00000000e+00j
  -1.64018363e-02-2.43038613e-02j  6.08099125e-03-3.52290628e-02j
   9.57391602e-03-6.58775907e-03j  1.39845339e-02+2.28401389e-03j
  -2.67597093e-01-5.24481266e-01j  2.07215941e-01-6.87360616e-01j
   2.06915864e-01-1.07937918e-01j  2.73171893e-01+7.96672812e-02j]]

********* Summary *****************
Final fidelity error 0.623236396462186
Final objective value 0.6566267001706403
Final penalized error 0.033390325791917086
Final gradient 0.2832778048281505
Number of iterations 320
Terminated due to function converged
Completed in 0:00:25.620030 HH:MM:SS.US
Computational time 25.620029917
total tv norm 76.13318491869492
total l2 norm 0.33390325791917086
