Final evolution
[[-4.15504520e-03-2.88298499e-03j -1.95804554e-03+1.45395806e-03j
   6.75570675e-04-1.72856565e-03j -8.86085946e-01+4.62378196e-01j
   1.25388887e-02+7.44405612e-03j -4.68591400e-05-1.48206196e-04j
   4.23578665e-03+3.31111822e-03j  2.16599120e-02-1.23849352e-02j
   9.26064404e-04-3.02914337e-03j -8.68760582e-04-1.52093276e-03j
  -1.37768614e-03+1.23678600e-04j  7.02667046e-05+9.48555807e-04j
  -8.61896845e-03-3.77966211e-03j  1.60766646e-03+2.37518880e-03j
   1.54111890e-03+2.17503600e-04j  6.23671733e-03-2.23362928e-03j]
 [ 1.05164557e-03-1.22734072e-03j -2.38765577e-03+1.31146990e-04j
  -8.86874487e-01+4.61242378e-01j -1.83819342e-03-5.00422646e-04j
  -1.37403988e-03+7.31326564e-04j -8.38965643e-04+3.83353679e-04j
   2.19145800e-02-1.19543038e-02j -2.59380852e-03+1.28027005e-03j
   1.92857760e-03+1.28740489e-03j -3.88657569e-03+1.74523625e-03j
   2.53650121e-03-2.52726439e-04j -1.25498817e-03-8.32405470e-04j
  -3.19941457e-04-2.62228896e-03j -1.01230413e-03+2.39792987e-03j
   3.16267486e-03-1.98361523e-03j  1.46822563e-03-4.66534365e-04j]
 [-2.16370598e-02+1.48799271e-02j -8.86432395e-01+4.61089528e-01j
   1.36976633e-03-1.85185173e-03j  2.10421711e-03-8.82592046e-04j
  -4.31013416e-03-3.54572768e-03j  2.38595607e-02-1.21390541e-02j
  -1.19819231e-03-3.80534583e-04j -8.36831415e-04-4.99700371e-04j
   9.74293173e-04+2.39705190e-04j -1.37465107e-03-5.06993591e-04j
  -1.24838020e-03-3.00480204e-03j  4.20095067e-04+2.27571805e-03j
   9.21252563e-03+6.21437778e-03j  4.74249393e-03-2.26772771e-03j
  -5.83837956e-04-2.66397075e-03j  7.49459035e-04-2.33151469e-03j]
 [-8.86905328e-01+4.59806707e-01j  2.42826302e-02-8.90498731e-03j
  -1.73048820e-03+2.44156539e-04j  2.42303297e-04-5.48531829e-03j
   2.12816126e-02-1.14203978e-02j -1.31886276e-02+6.71929397e-03j
   3.57454333e-05-4.10707466e-04j  1.31902557e-02-5.67816436e-03j
  -1.30905947e-03-5.12927084e-04j -1.82789642e-03+2.31622001e-04j
  -9.03210248e-04-1.79079989e-03j -7.82181122e-04-3.34222257e-03j
   3.31869156e-03-2.13472336e-03j  9.51589492e-03-6.19624968e-03j
   1.37447195e-04+2.94848906e-03j -8.61776604e-03+4.13490394e-03j]
 [-1.24629633e-02+7.40255106e-03j  4.03027821e-04-1.06582858e-03j
   2.54897433e-03-1.56709475e-03j -2.26115855e-02+1.05635320e-02j
  -4.02026115e-03-1.77272913e-03j  2.56214537e-04-4.77750911e-04j
  -6.57568121e-06-4.38886893e-03j -8.87575307e-01+4.59521080e-01j
   1.76675959e-03-1.81052777e-03j  2.45091805e-03+1.39172415e-03j
   1.01965428e-02-4.30338773e-03j  7.96791504e-04-9.37996394e-04j
  -2.71835825e-03-1.42671890e-03j  2.21289597e-03+1.30271039e-03j
  -1.35843210e-03+1.44644753e-03j  3.16096495e-03-2.19081681e-04j]
 [-3.29858275e-04-3.11821762e-04j  1.01420727e-04-1.18793621e-03j
  -2.23045831e-02+1.11443929e-02j  1.87944658e-04+5.29731401e-03j
  -1.04627929e-03+4.70422782e-04j -6.80592337e-03-5.48322924e-04j
  -8.86517271e-01+4.61653024e-01j -3.69667645e-03-2.63977476e-03j
  -2.53378093e-03-8.72167303e-04j -4.33615920e-03-8.39388429e-03j
  -1.03278785e-03+1.87867686e-03j -1.71943804e-03-1.08847450e-02j
  -9.82410246e-04-1.86310123e-03j -1.77391582e-03-1.99556271e-03j
   1.84636902e-03+6.71363252e-04j  2.38569804e-03-1.96094170e-04j]
 [ 1.19574336e-02-6.14129436e-03j -2.40113536e-02+1.24914190e-02j
   1.01428853e-03-6.97950679e-04j -7.73703519e-05+3.12124002e-04j
  -2.38605149e-02+1.45520831e-02j -8.87375667e-01+4.59023268e-01j
   3.45179733e-03-5.92272245e-03j -5.97978081e-04-1.47678492e-04j
   9.12286528e-04-2.10128969e-03j  5.14428902e-04-8.81637558e-04j
   9.47905834e-03-3.77220542e-04j -2.40163955e-03-1.63281464e-03j
   1.72298940e-03-1.76802866e-03j  5.75546232e-04-1.06842119e-03j
   1.65232140e-03-3.78513738e-04j -7.07493634e-04-1.74627225e-03j]
 [-2.20097788e-02+1.07746764e-02j  8.50693591e-04-6.00847815e-03j
   1.33459002e-03-6.73812639e-04j -1.07426264e-03+1.43055880e-02j
  -8.87240839e-01+4.59505669e-01j  2.53801487e-02-1.07540554e-02j
   9.78361283e-04-4.35901796e-04j  1.25447301e-03-4.79034314e-03j
  -2.82216537e-04+3.22385439e-04j  1.34240980e-03-1.55134713e-03j
   1.24655845e-03+2.06851855e-03j  1.91910102e-04-2.49076129e-03j
  -1.06606411e-03+1.80846516e-05j  6.89849579e-04+6.21765398e-04j
   5.19162162e-04+2.20959673e-03j -1.83272034e-03+6.32189668e-04j]
 [-2.29925236e-03-2.51565666e-03j  1.71713403e-03+1.62015972e-03j
  -1.57848566e-04-1.70425067e-03j  5.91087996e-04+6.17692832e-04j
  -2.11134757e-03-1.30289158e-03j  7.59778902e-07-2.98354536e-03j
  -7.92416995e-03-7.64579209e-03j -1.20201471e-03+1.45935319e-04j
  -3.80005398e-03+4.54475793e-03j -1.80139867e-03+1.62949114e-03j
  -7.70330659e-04+3.85378384e-03j -8.87574102e-01+4.60392018e-01j
   5.95232835e-04+1.03649662e-03j  1.16695992e-03-6.09927719e-04j
  -3.39530158e-03-4.64546787e-03j -4.36860835e-05+2.59830697e-04j]
 [-1.03111130e-03-1.73207057e-03j -1.97121349e-03-2.45196568e-03j
  -1.58359419e-03+1.91298365e-03j  6.75041875e-04-8.17505018e-04j
   8.26764854e-04+2.44605873e-03j -5.79553226e-03+7.49489163e-03j
   2.11720788e-03+1.61727632e-04j -9.41915185e-03+5.94853483e-03j
   1.12102240e-03-7.95128584e-04j  5.30021519e-03+4.72457094e-04j
  -8.88175815e-01+4.58749826e-01j  3.51745947e-03+1.61689698e-03j
  -4.27827640e-04+1.09176655e-04j -8.27730848e-03+1.17584040e-02j
   7.75464388e-04+8.62023553e-04j -1.12021118e-02+8.18731598e-03j]
 [ 1.20993131e-03-1.33418156e-03j  3.97826449e-04-1.42156504e-03j
   3.52627304e-03-2.36297836e-03j -9.55993092e-04-1.51800441e-03j
  -2.11684341e-03+2.82393461e-04j -1.01811205e-03-9.52917617e-05j
  -4.47351557e-03-8.34684867e-03j -3.18098896e-04+2.89941739e-03j
  -2.07047156e-02+1.08792742e-02j -8.86811508e-01+4.61098256e-01j
  -2.72824751e-03+4.56692355e-03j  2.72032973e-03-6.03421061e-04j
   2.67554475e-03+4.83327601e-03j  9.81802596e-04+1.36631108e-05j
  -6.94708990e-03-1.26599267e-02j -1.25045582e-04+3.84660844e-04j]
 [ 2.49949427e-04-1.29491121e-03j -4.83722582e-04+1.00101276e-03j
  -1.02381845e-04+2.31473620e-03j -3.05055993e-03-9.67085267e-04j
   4.12043899e-04+2.95824525e-05j -2.22077701e-03-4.98373602e-04j
   8.96859110e-04-2.39203940e-03j -2.42272379e-03+3.83616868e-04j
  -8.87481682e-01+4.60143689e-01j  2.08545113e-02-1.06413873e-02j
  -1.13590359e-03+3.70691650e-04j  5.86499047e-03-4.49073608e-04j
  -2.03608960e-03+5.50643086e-04j -4.05071298e-03-3.75434359e-04j
   7.58188798e-04+5.58995095e-04j  4.85431423e-04-1.12757815e-03j]
 [ 8.27721941e-03-4.58953771e-03j -2.52382526e-03-5.43248014e-04j
  -1.24689244e-03+9.43016909e-04j -5.51778601e-03+3.84705283e-03j
   1.40873198e-03-1.07179255e-03j -8.18429227e-04-1.67238225e-03j
  -1.51304546e-03+1.82369065e-03j -1.88235353e-03+2.32769191e-03j
  -1.18095112e-03-2.78993631e-04j  3.61234154e-04+8.66386369e-05j
   1.31834684e-02-4.41023231e-03j  1.93696207e-04+9.79607888e-05j
  -3.62476589e-03+9.25300225e-03j  2.06355047e-04-1.96498627e-04j
  -1.41505595e-03+1.86957469e-03j -8.87694798e-01+4.59927810e-01j]
 [ 2.40409505e-03+1.79151243e-03j -1.92435726e-03-1.98968492e-03j
  -3.41305726e-03+1.54621883e-03j -6.02183642e-04+1.35530223e-03j
   1.45203493e-03+1.63492464e-03j -1.20436055e-03+1.18092528e-03j
  -2.45042714e-04+1.75322237e-03j  1.88952459e-03-3.52774598e-04j
  -1.63135602e-04+6.29787893e-04j -6.41273617e-03-1.29955570e-02j
   9.71755133e-05+1.05190749e-03j -1.87801333e-03-5.42184788e-03j
  -1.16978152e-03+1.04983300e-03j  3.92917420e-03-1.47890715e-04j
  -8.86928241e-01+4.61565611e-01j  2.39384127e-03-6.62256639e-05j]
 [-1.07087266e-02+4.42292359e-03j -4.37150061e-03+2.78683731e-03j
   2.49742900e-03+3.95973266e-04j  1.11706647e-03+2.49271586e-03j
   3.48332680e-04+7.17867365e-04j -1.15765353e-03-2.60917152e-04j
  -7.31410054e-04-2.69427332e-03j  1.21253260e-04+2.34901313e-03j
   2.01315941e-03-3.54622717e-03j -6.72424409e-04+9.31769224e-04j
   1.43796073e-02-4.57957167e-05j -1.20362904e-03+5.54846046e-04j
  -2.14251975e-02+6.26606651e-03j -8.86690756e-01+4.61355533e-01j
  -2.37866715e-03+3.12651518e-03j  2.34495266e-05+1.25545834e-04j]
 [-3.40790921e-03+1.52948942e-03j -5.40288245e-05+1.10103012e-02j
  -2.04631363e-03-1.83405525e-03j  1.86316044e-03-9.40998428e-03j
   4.37380093e-04-8.28817788e-04j -2.47377544e-03+1.44050997e-04j
  -9.56304894e-04-1.72473352e-03j  4.40304172e-04-2.89101474e-03j
   1.68641749e-03-1.11679481e-03j  2.40057690e-03+4.99375944e-03j
  -9.42681966e-05-2.42355537e-04j  5.51061289e-04+1.04302192e-03j
  -8.86264452e-01+4.62215853e-01j  1.74223468e-02-1.40654118e-02j
   1.48103303e-03-3.85684195e-04j  9.58369535e-03+2.40801779e-03j]]

********* Summary *****************
Final fidelity error 0.0011274629326577523
Final objective value 0.0011274680820366027
Final penalized error 5.1611041377066105e-09
Final gradient 0.00018025870886130349
Number of iterations 10
Terminated due to function converged
Completed in 0:00:02.047392 HH:MM:SS.US
Computational time 2.0473918750000006
total tv norm 74.70417471053645
total l2 norm 5.16110413770661e-08
