Final evolution
[[ 2.69021721e-04+1.59719384e-05j -2.28416453e-02-9.99719317e-01j
  -8.64084770e-04+1.47327578e-04j -1.59497142e-03+6.01336788e-03j]
 [-2.22096854e-02-9.99732634e-01j  2.57408957e-04-2.54049116e-05j
  -1.94240541e-03-6.06589224e-03j -8.67774793e-04+4.25075167e-05j]
 [-8.67203494e-04-3.32657939e-06j -1.87119888e-03-5.93345551e-03j
  -3.63134714e-06+1.01958008e-05j -2.33871302e-02-9.99706748e-01j]
 [-1.66774503e-03+6.14684293e-03j -8.71562857e-04-1.08150820e-04j
  -2.27500581e-02-9.99720510e-01j  6.29123412e-06-6.56099383e-06j]]

********* Summary *****************
Final fidelity error 2.030381382756019e-05
Final objective value 2.0472839857577452e-05
Final penalized error 1.6899548289687182e-07
Final gradient 0.00017113829301256616
Number of iterations 644
Terminated due to function converged
Completed in 0:03:26.603425 HH:MM:SS.US
Computational time 206.60342500000002
total tv norm 106.57769215874106
total l2 norm 1.6899548289687182e-07
