Final evolution
[[ 0.0015745 +2.44616433e-04j -0.01178805-9.99907560e-01j
   0.0008197 -3.42526573e-04j -0.00178592+6.27659531e-03j]
 [-0.01176452-9.99910847e-01j  0.00157793-2.84837656e-04j
  -0.00175621-5.78717308e-03j  0.00078766-3.55082176e-04j]
 [ 0.00079887+3.31651258e-04j -0.00193245-6.23099462e-03j
   0.00131012+2.43457190e-04j -0.01148537-9.99911497e-01j]
 [-0.001622  +5.82881997e-03j  0.00082545+3.18187955e-04j
  -0.01150896-9.99914198e-01j  0.00129442-2.76346164e-04j]]

********* Summary *****************
Final fidelity error 2.1263846093577676e-05
Final objective value 2.1297986117533872e-05
Final penalized error 3.4140024733353034e-08
Final gradient 0.000389527935414698
Number of iterations 184
Terminated due to function converged
Completed in 0:00:07.447324 HH:MM:SS.US
Computational time 7.447324083000001
total tv norm 16.921173355071904
total l2 norm 3.4140024733353034e-08
