Final evolution
[[ 1.95377020e-01+8.39374355e-03j  4.37663627e-02-9.79713320e-01j
   5.35816479e-04-2.35953751e-04j -4.09597049e-04+1.78091483e-03j]
 [ 4.40689195e-02-9.79699622e-01j  1.95345446e-01+9.12188373e-03j
   7.73352162e-05-1.87566202e-03j  3.53244347e-05+5.33540673e-05j]
 [ 7.89073075e-06-1.26954437e-04j -2.80691439e-04-1.70747998e-03j
   1.94615517e-01+9.93586443e-03j  4.37921224e-02-9.79849641e-01j]
 [-1.21506972e-04+1.97852609e-03j  4.77655478e-04+2.06020901e-04j
   4.36458456e-02-9.79855730e-01j  1.94726240e-01+7.43500038e-03j]]

********* Summary *****************
Final fidelity error 0.019241076208679098
Final objective value 0.01924108719429196
Final penalized error 0.0
Final gradient 0.025375772601260654
Number of iterations 988
Terminated due to function converged
Completed in 0:00:59.357607 HH:MM:SS.US
Computational time 59.357607040999994
total tv norm 46.72928084132777
total l2 norm 1599.8060441510795
