Final evolution
[[ 1.11998566e-01+2.17619226e-02j -1.65833599e-01-3.22420830e-02j
  -2.53757005e-02-8.32070323e-03j  2.32239747e-02+3.64696587e-03j
  -1.35295608e-01-8.38396354e-02j  2.00319205e-01+1.24165069e-01j
   2.89755237e-02+2.34170943e-02j -2.84834384e-02-1.62560443e-02j
  -3.02473499e-02-1.27812540e-02j  4.47853561e-02+1.89304518e-02j
   6.65181782e-03+3.85055066e-03j -6.32349389e-03-2.40655927e-03j
   4.06056756e-01+3.15695649e-01j -6.01198344e-01-4.67522320e-01j
  -8.50941517e-02-8.51605875e-02j  8.59632499e-02+6.19816624e-02j]
 [-2.32510437e-02-1.26341563e-02j -4.50055761e-02-1.79222228e-02j
   1.79088402e-01+8.75013781e-02j  3.85504749e-03+5.69727413e-03j
   2.40686453e-02+2.79907592e-02j  4.98229943e-02+4.56595577e-02j
  -1.90244247e-01-2.02798828e-01j -2.20678404e-03-9.33938816e-03j
   5.79726640e-03+4.93905949e-03j  1.16094657e-02+7.72048413e-03j
  -4.52355836e-02-3.52794328e-02j -7.47198776e-04-1.83341011e-03j
  -6.77619363e-02-9.81781130e-02j -1.44472419e-01-1.63765549e-01j
   5.41918279e-01+7.16748207e-01j  3.89536387e-03+3.07652847e-02j]
 [-1.57123369e-01-6.57774500e-02j -9.53670881e-02-4.09042820e-02j
  -4.44726146e-02-1.93284638e-02j  2.46726685e-02+8.98869707e-03j
   1.72353740e-01+1.63589749e-01j  1.04125901e-01+1.00570322e-01j
   4.84315786e-02+4.72297101e-02j -2.77278485e-02-2.39401948e-02j
   4.03404160e-02+2.78569837e-02j  2.44266615e-02+1.71840235e-02j
   1.13758453e-02+8.08483858e-03j -6.41415656e-03-3.99690413e-03j
  -4.97847103e-01-5.84636342e-01j -3.00174602e-01-3.58790830e-01j
  -1.39464131e-01-1.68334804e-01j  8.09060162e-02+8.64145424e-02j]
 [ 7.77251837e-03+5.57467608e-03j  2.77697262e-02+1.99290293e-02j
   4.19598220e-04+5.43340681e-03j  1.67407266e-01+1.16226951e-01j
  -7.37675007e-03-1.11192677e-02j -2.63498913e-02-3.97423799e-02j
   2.14315553e-03-7.29414896e-03j -1.60785673e-01-2.34479385e-01j
  -1.85768440e-03-2.03158785e-03j -6.63645278e-03-7.26179186e-03j
   2.04587702e-04-1.55503214e-03j -4.02397114e-02-4.26749980e-02j
   1.98989511e-02+3.82535763e-02j  7.10711694e-02+1.36720085e-01j
  -9.38243988e-03+2.27049051e-02j  4.36419063e-01+8.08467197e-01j]
 [-5.06267792e-01-9.56102487e-02j  7.49619084e-01+1.41656879e-01j
   1.14786444e-01+3.69710752e-02j -1.04958916e-01-1.59170213e-02j
  -6.90014945e-02-3.65567892e-02j  1.02164935e-01+5.41416793e-02j
   1.49585686e-02+1.05025263e-02j -1.44805210e-02-7.01362612e-03j
   1.36251439e-01+6.25641883e-02j -2.01738124e-01-9.26624837e-02j
  -2.98180598e-02-1.85039833e-02j  2.85218116e-02+1.18680450e-02j
   7.79324436e-02+6.22666831e-02j -1.15384709e-01-9.22120679e-02j
  -1.62827871e-02-1.67338633e-02j  1.65109845e-02+1.22411038e-02j]
 [ 1.05294590e-01+5.64997573e-02j  2.03656933e-01+7.98623806e-02j
  -8.10786050e-01-3.90876014e-01j -1.75435107e-02-2.56355776e-02j
   1.27082289e-02+1.29037695e-02j  2.58997040e-02+2.06993023e-02j
  -9.98378628e-02-9.29651099e-02j -1.38950900e-03-4.49836297e-03j
  -2.57657515e-02-2.33520167e-02j -5.19016810e-02-3.68592723e-02j
   2.01504286e-01+1.67337755e-01j  3.15336629e-03+8.47177283e-03j
  -1.28881160e-02-1.92136913e-02j -2.75954678e-02-3.21302340e-02j
   1.03247318e-01+1.40390877e-01j  6.76230296e-04+5.97621443e-03j]
 [ 7.11082813e-01+2.93299110e-01j  4.31619787e-01+1.82446222e-01j
   2.01283640e-01+8.62251887e-02j -1.11627632e-01-4.00042257e-02j
   8.97821536e-02+7.43655591e-02j  5.42986499e-02+4.57785158e-02j
   2.52706374e-02+2.15139472e-02j -1.43651808e-02-1.07998983e-02j
  -1.80203094e-01-1.32778509e-01j -1.09071115e-01-8.18424285e-02j
  -5.07844992e-02-3.84893832e-02j  2.87129525e-02+1.91386321e-02j
  -9.50407936e-02-1.14657522e-01j -5.72882244e-02-7.03514456e-02j
  -2.66124705e-02-3.30034413e-02j  1.54673713e-02+1.69662586e-02j]
 [-3.52306888e-02-2.49889257e-02j -1.25872814e-01-8.93338373e-02j
  -2.02381526e-03-2.45256234e-02j -7.58719857e-01-5.20869256e-01j
  -3.97906100e-03-5.19834585e-03j -1.42140811e-02-1.85804085e-02j
   8.07444540e-04-3.64133145e-03j -8.64677398e-02-1.09447841e-01j
   8.19357576e-03+9.53164869e-03j  2.92704279e-02+3.40697981e-02j
  -1.15135741e-03+7.06810009e-03j  1.77669260e-01+2.00389749e-01j
   3.76046905e-03+7.46957808e-03j  1.34306650e-02+2.66964990e-02j
  -1.87793576e-03+4.37892350e-03j  8.25522154e-02+1.57906046e-01j]
 [-1.51314502e-01-4.82729569e-02j  2.24044563e-01+7.15038841e-02j
   3.37331332e-02+1.56243548e-02j -3.15170538e-02-8.81312240e-03j
   7.26837366e-02+4.37031719e-02j -1.07616051e-01-6.47240178e-02j
  -1.56052860e-02-1.22695980e-02j  1.52919620e-02+8.45773305e-03j
  -4.43086857e-01-2.72804031e-01j  6.56036429e-01+4.04018597e-01j
   9.49450359e-02+7.62795582e-02j -9.32687847e-02-5.28739670e-02j
   2.32021385e-02+1.64240527e-02j -3.43528296e-02-2.43231813e-02j
  -4.90939253e-03-4.49105869e-03j  4.89992566e-03+3.20912492e-03j]
 [ 3.00952325e-02+2.12431076e-02j  5.93141868e-02+3.20866047e-02j
  -2.33398076e-01-1.50056951e-01j -4.40488178e-03-8.50293070e-03j
  -1.30235848e-02-1.47414728e-02j -2.68715882e-02-2.39714063e-02j
   1.02809741e-01+1.06691730e-01j  1.24246611e-03+4.96022891e-03j
   7.89470859e-02+9.12776571e-02j  1.63307517e-01+1.48795820e-01j
  -6.23842316e-01-6.61175790e-01j -7.30233906e-03-3.05106304e-02j
  -3.98469364e-03-5.25275671e-03j -8.38268306e-03-8.68390183e-03j
   3.16975392e-02+3.82306418e-02j  2.91331376e-04+1.68899052e-03j]
 [ 2.06556771e-01+1.16455235e-01j  1.25211868e-01+7.20385245e-02j
   5.83489893e-02+3.39443213e-02j -3.26526671e-02-1.64337647e-02j
  -9.29977251e-02-8.59290571e-02j -5.61961269e-02-5.28398243e-02j
  -2.61414612e-02-2.48179146e-02j  1.49442655e-02+1.25572145e-02j
   5.64986363e-01+5.33165957e-01j  3.41347642e-01+3.27792544e-01j
   1.58773648e-01+1.53941944e-01j -9.08711889e-02-7.80014023e-02j
  -2.89367752e-02-3.10455774e-02j -1.74628778e-02-1.90659147e-02j
  -8.11748571e-03-8.94859821e-03j  4.68126084e-03+4.57067431e-03j]
 [-9.84103984e-03-8.96950622e-03j -3.51582473e-02-3.20626149e-02j
   3.02088305e-04-7.58029810e-03j -2.12583708e-01-1.87875949e-01j
   4.00971531e-03+5.87161876e-03j  1.43229517e-02+2.09863979e-02j
  -1.08977135e-03+3.90159998e-03j  8.73405856e-02+1.23781394e-01j
  -2.42203033e-02-3.62804617e-02j -8.65156110e-02-1.29673430e-01j
   6.93737534e-03-2.38655722e-02j -5.27838042e-01-7.65020877e-01j
   1.19349939e-03+2.06277478e-03j  4.26293862e-03+7.37257481e-03j
  -4.61755772e-04+1.27686326e-03j  2.60999431e-02+4.35562243e-02j]
 [-1.62023486e-02-4.56181220e-03j  2.39901903e-02+6.75746634e-03j
   3.62976132e-03+1.53201542e-03j -3.37023964e-03-8.18670568e-04j
   4.39113082e-01+2.69314978e-01j -6.50153017e-01-3.98851650e-01j
  -9.41239376e-02-7.53533581e-02j  9.24245508e-02+5.21851212e-02j
   8.32056235e-02+5.24134293e-02j -1.23194426e-01-7.76231606e-02j
  -1.77948217e-02-1.45993589e-02j  1.75234182e-02+1.01729245e-02j
   1.33315358e-01+1.04392669e-01j -1.97383544e-01-1.54597797e-01j
  -2.79161488e-02-2.81325530e-02j  2.82287449e-02+2.05029189e-02j]
 [ 3.26491304e-03+2.14037665e-03j  6.39914233e-03+3.18246440e-03j
  -2.52669395e-02-1.50433918e-02j -4.97510464e-04-8.84550972e-04j
  -7.83118535e-02-9.02284872e-02j -1.61925225e-01-1.47026472e-01j
   6.18720155e-01+6.53487374e-01j  7.28122945e-03+3.01924945e-02j
  -1.47424565e-02-1.74026835e-02j -3.05733722e-02-2.84359976e-02j
   1.16611863e-01+1.26158273e-01j  1.32084692e-03+5.78005025e-03j
  -2.21954163e-02-3.23981887e-02j -4.73739802e-02-5.40775755e-02j
   1.77583461e-01+2.36576568e-01j  1.24722235e-03+1.01325484e-02j]
 [ 2.23016615e-02+1.15821970e-02j  1.35242219e-02+7.17401251e-03j
   6.30367819e-03+3.38274036e-03j -3.51827083e-03-1.62167922e-03j
  -5.60235482e-01-5.26860446e-01j -3.38486976e-01-3.23926141e-01j
  -1.57445558e-01-1.52128774e-01j  9.00938429e-02+7.70649014e-02j
  -1.05737435e-01-1.01852898e-01j -6.38723626e-02-6.26079179e-02j
  -2.97065860e-02-2.93997220e-02j  1.70216088e-02+1.49168551e-02j
  -1.63225943e-01-1.93034275e-01j -9.84091420e-02-1.18458854e-01j
  -4.57200041e-02-5.55760764e-02j  2.65359592e-02+2.85405763e-02j]
 [-1.07498305e-03-9.14171675e-04j -3.84056629e-03-3.26789229e-03j
   4.39063209e-06-8.03971262e-04j -2.32001007e-02-1.91248101e-02j
   2.40395401e-02+3.58756576e-02j  8.58700541e-02+1.28226671e-01j
  -6.82715727e-03+2.36383042e-02j  5.23854881e-01+7.56455845e-01j
   4.50681562e-03+6.90322919e-03j  1.60983210e-02+2.46733827e-02j
  -1.35728986e-03+4.49666312e-03j  9.82676769e-02+1.45596787e-01j
   6.50713338e-03+1.26160200e-02j  2.32407956e-02+4.50901947e-02j
  -3.11469240e-03+7.46385673e-03j  1.42747753e-01+2.66650411e-01j]]

********* Summary *****************
Final fidelity error 0.308913611574104
Final objective value 0.3133078446429248
Final penalized error 0.004394240818617368
Final gradient 0.11437812452399593
Number of iterations 619
Terminated due to function converged
Completed in 0:01:01.676896 HH:MM:SS.US
Computational time 61.676895917
total tv norm 33.627859479107634
total l2 norm 0.043942408186173676
