Final evolution
[[-4.19760983e-03-2.65519795e-03j  1.42640265e-03+7.76881930e-04j
  -3.47734140e-04+4.50132923e-05j -8.89175386e-01-4.56698085e-01j
  -1.29038928e-03-5.78914950e-05j -6.68694248e-04-4.74956908e-04j
   2.67600617e-04+4.62132821e-06j  2.45715432e-02+1.06204727e-02j
   8.62439919e-04+8.44069671e-04j  8.37236514e-05-7.05618068e-04j
   1.78569485e-05+4.93548957e-04j  1.30586131e-03-5.14655400e-04j
  -1.98127151e-03-2.98600316e-03j  2.23797385e-03+7.76877196e-04j
   4.89949673e-04+4.25296605e-04j  4.79726466e-03+1.23644579e-03j]
 [-5.86029129e-04-1.76630991e-04j -1.45848349e-03+5.83791555e-05j
  -8.89948762e-01-4.55366332e-01j  2.08070534e-04+3.15472241e-04j
  -7.98448064e-04-4.68328433e-04j  7.36804699e-05-6.75023030e-04j
   2.14129603e-02+1.04241936e-02j  1.11870675e-03+1.13745463e-04j
  -6.30736378e-04+4.37178176e-04j -1.47908240e-03-7.53804797e-04j
   7.82400964e-04+1.74992098e-03j  2.91679102e-04-8.87373258e-04j
  -9.18849416e-04+3.27941674e-04j -2.12006321e-03-3.71054036e-04j
   6.34791163e-03+2.49130755e-03j  4.10868145e-04-3.84973629e-04j]
 [-2.21958117e-02-1.16828378e-02j -8.88972513e-01-4.56547915e-01j
   7.81083410e-04+1.21972296e-03j -1.41313072e-03-5.94704755e-04j
  -5.82895159e-04+9.66085594e-04j  2.03274672e-02+1.34489253e-02j
  -6.05537250e-05-9.79908251e-04j -2.27632091e-03+2.40127543e-03j
   1.96125730e-04+1.94188049e-03j -5.52618115e-04+3.44090328e-04j
  -2.18739424e-03-1.90955963e-04j -3.26143916e-04+4.00167760e-04j
  -5.02496022e-04+2.67261354e-04j  5.30632976e-03+2.74644646e-03j
  -7.61402342e-04+2.00873266e-03j  8.92941456e-04+5.10810853e-04j]
 [-8.79314015e-01-4.52941011e-01j  2.16594367e-02+1.07139732e-02j
   4.12957471e-04+2.29342856e-04j  5.52228686e-03+2.29707787e-03j
   2.13228013e-02+1.06408632e-02j -2.90501264e-02-1.63597525e-02j
  -3.46808446e-04+3.98770234e-04j  4.90860417e-02+2.44716013e-02j
  -1.37633127e-03-1.20414671e-03j -2.33874153e-04-6.36744312e-04j
   1.43462857e-04+1.06875964e-03j -3.64609677e-04+1.00663717e-04j
   2.05950607e-03+2.54603399e-03j  4.98215168e-02+2.46536721e-02j
  -4.05564994e-04+6.11700157e-04j -1.02214732e-01-5.28124720e-02j]
 [-4.86801650e-02-2.57669609e-02j  6.04008637e-04+3.89206866e-03j
  -6.90622932e-04-8.48997025e-04j -2.26323495e-02-1.36753598e-02j
  -2.56524786e-03-4.31356516e-04j -1.81849968e-03-1.67047177e-03j
   1.56920788e-03-4.66630065e-04j -8.87190189e-01-4.57273297e-01j
   4.58100984e-04+1.53778707e-03j -2.03269510e-03-4.60785939e-04j
  -4.52656054e-04-8.32377657e-04j -9.74717035e-05+7.15822333e-04j
   5.02482280e-04+2.92129811e-04j  3.40126813e-03+2.82042969e-03j
  -6.32351789e-04-1.84112626e-04j -8.91705485e-04-2.88907045e-04j]
 [-2.51032149e-04+6.40412987e-04j  8.24771560e-04-5.09190952e-04j
  -2.09739101e-02-1.13102229e-02j -1.55447564e-04-2.41171559e-04j
  -9.47881673e-04+1.18927241e-04j  1.06402170e-03-1.13752768e-04j
  -8.89303247e-01-4.56659534e-01j -4.87891531e-04-1.56276342e-03j
  -1.37504493e-03+2.13336192e-04j  1.59367507e-03-7.86291493e-04j
  -5.62374475e-04-2.03058309e-03j  1.84544687e-04-9.70299397e-04j
  -8.39928724e-04-1.68913581e-03j  6.99721708e-04+3.42910388e-03j
  -6.73419318e-04-6.40593874e-04j  7.08575660e-04-2.51658561e-04j]
 [ 2.96769808e-02+1.39177327e-02j -2.34990317e-02-9.02903317e-03j
   5.25499969e-04-4.62298239e-04j  6.15740950e-04+2.13477217e-04j
  -2.24753642e-02-1.10605895e-02j -8.87885497e-01-4.57487995e-01j
  -5.13805831e-04-9.48994842e-04j  7.29730302e-04-1.43972507e-04j
   5.52340534e-04+5.58012948e-04j -5.59879765e-04+9.08348673e-04j
  -2.58652248e-03-9.77053833e-04j -2.67388931e-03-5.19800218e-04j
   7.39324584e-04-4.02678416e-04j  1.32836614e-03+1.55509745e-04j
   1.18134623e-03-1.16683976e-03j -1.61880621e-03-1.05759827e-03j]
 [-2.18217208e-02-1.12039382e-02j  6.68811058e-04+1.51643323e-03j
   8.57797942e-04+4.11478839e-04j  9.70754066e-04+1.12160842e-03j
  -8.89924638e-01-4.54758583e-01j  2.13935866e-02+1.13849743e-02j
   4.35501796e-04+8.67931093e-04j  2.98060723e-03+2.40281253e-03j
   8.48276137e-04+8.16727888e-04j  2.58778670e-03+4.25085642e-04j
  -9.70636425e-04-4.35378711e-04j  8.73459749e-04+1.66509321e-03j
   6.43254345e-04+1.03851677e-03j  7.59976285e-04+5.74212970e-04j
   9.17952674e-04-1.45789620e-04j  1.26036983e-04-1.44475519e-03j]
 [-8.34618465e-05+4.73764881e-04j -8.35342771e-05+5.26776192e-04j
   5.70739343e-04-7.68867678e-04j -3.60770404e-04-1.35781321e-03j
  -1.81104111e-03+2.97089468e-04j  2.02181145e-03+1.86880007e-03j
   6.70149916e-04-6.90174753e-04j -5.18851432e-04+5.10169097e-04j
  -3.90972332e-03-2.10060621e-03j  9.54030984e-04-1.40060134e-03j
   9.94500867e-04+5.90728588e-04j -8.90358485e-01-4.55210976e-01j
   1.03690566e-03+4.86272685e-04j  2.57639688e-04-4.95155794e-04j
   8.15192739e-04-3.10390632e-04j  8.28409393e-04-1.39550126e-03j]
 [-7.74327542e-04+5.26844028e-04j  1.51085596e-03+1.67180835e-03j
  -1.82137417e-03+3.56485644e-04j -3.77173806e-04+2.64568221e-04j
   1.00314848e-03+5.51039859e-04j  2.22944244e-03+1.49837546e-03j
   2.01753463e-03-7.36463067e-04j  1.00708527e-03-1.64034783e-04j
   2.20704885e-03+8.58458627e-04j -8.42047307e-04+4.45900985e-04j
  -8.89800104e-01-4.56305019e-01j -1.05981290e-03-4.70035002e-04j
   4.18980639e-04-1.36868791e-03j  9.13532597e-04-8.97420830e-04j
   1.52618771e-03-1.61309261e-03j -9.19451358e-04-6.22404241e-04j]
 [ 5.57024747e-04-1.38264939e-04j -2.20645679e-05+6.99189899e-04j
   1.47606069e-03+7.43090971e-04j  5.37253705e-04-4.37063514e-04j
  -1.90063254e-03-1.83065195e-03j -3.70162751e-04+1.01154866e-03j
  -3.12604971e-04-1.73124435e-03j  1.47454249e-03+1.42590191e-03j
  -2.26603470e-02-1.13279828e-02j -8.88763046e-01-4.57637647e-01j
   7.41628882e-05+9.11514772e-04j  6.86629606e-04-1.53326175e-03j
   4.34432368e-04-5.42507265e-04j -8.47855729e-04+6.44915493e-05j
   1.04615498e-04-4.04590129e-04j  1.30594534e-03-1.28325100e-04j]
 [ 1.70783535e-03+4.63193925e-04j -1.74761197e-03+9.57813333e-04j
  -1.89411469e-05+7.91796357e-04j -1.26350236e-03-1.88670155e-04j
  -1.16954120e-03-1.68025226e-04j -6.47514895e-04-1.54417826e-04j
   6.33845307e-04+1.26225942e-03j -1.61552279e-03+4.75249396e-04j
  -8.88298656e-01-4.58499399e-01j  2.23598922e-02+1.18975809e-02j
  -2.00579243e-03-1.32473228e-03j  3.96061714e-03+1.99762721e-03j
  -1.63447349e-03+3.04803376e-03j -9.03471332e-04+1.06002332e-03j
  -8.49412816e-04+2.11109093e-03j -1.08947430e-03+7.25737310e-04j]
 [ 1.01755880e-01+5.23526596e-02j -3.40849145e-03-1.64063180e-03j
   1.56129057e-05-5.97164434e-04j -4.42446733e-03-3.45003004e-03j
  -1.33397206e-03-2.17039344e-03j  5.15727823e-03+2.63074002e-03j
  -1.56006612e-04-7.55007751e-04j -4.83431513e-03-2.17577786e-03j
   1.75295192e-04+1.45099386e-03j -6.22185239e-04-1.11094916e-03j
   1.03562633e-03+2.59343745e-04j  7.02120760e-04-1.52209950e-03j
  -5.86675705e-03-3.25970063e-03j -7.57608346e-03-1.52765186e-03j
  -2.21125048e-03-4.13093185e-05j -8.83087269e-01-4.54785213e-01j]
 [-3.90463622e-04+5.53086878e-04j -1.18540806e-03+1.74051604e-03j
  -5.69435640e-03-3.70686048e-03j -6.06207946e-04-1.26324617e-04j
  -4.08021096e-04-8.80301007e-04j  2.91721689e-04-1.63960126e-03j
   1.05862168e-03+2.61385801e-04j  5.69140733e-04+3.99820058e-04j
  -1.22264851e-03+1.91226152e-03j  2.90435336e-04-3.69940568e-04j
   4.25896576e-04-2.16260753e-03j -2.16436686e-04-8.58963672e-04j
  -1.13767734e-03+3.30932157e-05j  9.29186047e-04-3.40063211e-04j
  -8.88517113e-01-4.58761563e-01j  1.29535564e-03+1.83594168e-03j]
 [-4.97349252e-02-2.65701927e-02j -4.12181444e-03-2.05801164e-03j
   1.49664833e-03+1.57187068e-03j -1.63366082e-03-1.23774960e-03j
   2.03121648e-04+3.37762101e-04j -2.40984665e-03-1.89039716e-03j
  -3.19329093e-03+1.41623231e-03j -1.49805598e-03+3.48434718e-04j
  -4.33243814e-04+1.39801058e-03j  4.41245727e-04+6.44957635e-04j
   1.90443796e-04-1.25185147e-03j  1.93201815e-04-5.03127402e-04j
  -2.27778729e-02-1.20056200e-02j -8.88764921e-01-4.54080781e-01j
  -2.67661661e-04-8.85611004e-04j  1.35315960e-04+2.30074435e-03j]
 [-2.67399825e-03+1.73783139e-04j  2.78787002e-04+6.22244122e-04j
   2.86979989e-04+8.97691527e-04j  3.66233390e-03-7.97763807e-05j
  -1.13713916e-03+7.59472874e-05j -1.57655018e-04-8.19611933e-04j
   1.94479879e-03-3.56077573e-04j -3.64897359e-04-2.05807687e-04j
  -1.52532218e-03+3.03446293e-03j  2.20755411e-04-7.54883372e-04j
   8.53707000e-04-1.09778752e-03j -1.00446480e-03-5.41797280e-04j
  -8.89374466e-01-4.56351847e-01j  2.32479076e-02+1.14617158e-02j
   6.66517543e-04+9.68090784e-04j  5.63122062e-03+2.77491668e-03j]]

********* Summary *****************
Final fidelity error 1.8559444162846717e-05
Final objective value 1.8559311769861253e-05
Final penalized error 0.0
Final gradient 0.0009880323822459396
Number of iterations 5587
Terminated due to function converged
Completed in 0:15:05.153407 HH:MM:SS.US
Computational time 905.153406667
total tv norm 342.26387633926686
total l2 norm 4980.880077104522
