Final evolution
[[ 1.86274279e-01+7.37180967e-02j  2.40686119e-01+2.46314930e-02j
  -1.43767737e-02-9.20312074e-04j  6.90035114e-02+5.39793130e-03j
  -6.61672766e-02-8.13727393e-02j -1.04881177e-01-6.63040174e-02j
  -1.62443656e-02-1.84249296e-02j -3.03219157e-02-1.88158231e-02j
   8.46138932e-05-3.06412826e-02j -1.05330313e-02-3.57605809e-02j
   2.84857131e-03+8.49181925e-06j -3.20579855e-03-1.01450213e-02j
   4.29910056e-01+3.91920455e-01j  6.29211532e-01+3.01054196e-01j
   1.27208423e-02+2.26475844e-02j  1.81892971e-01+8.29776593e-02j]
 [-2.94510900e-03+2.33028281e-02j  4.85696611e-02-2.89325102e-02j
  -2.59769613e-01+1.82102912e-01j  6.72148137e-03-5.99588312e-03j
   3.36651377e-02+1.47590856e-02j  9.49445469e-03+2.11193022e-02j
   1.63893891e-01-2.03337456e-02j  7.77362828e-03+1.19808281e-03j
   1.03529707e-03+1.46156196e-03j -8.93605209e-03-1.73557065e-03j
   4.07715241e-02+2.66871532e-02j -1.32403633e-03+5.33079506e-04j
  -9.08971393e-02+1.69844025e-02j  7.81718158e-02-6.01427024e-02j
  -8.89179864e-01+2.34259080e-01j -5.16722435e-04-6.75965581e-03j]
 [ 2.27309826e-01+9.43230273e-02j -1.97811462e-01-2.43366945e-02j
  -4.22770500e-02-1.86423987e-02j -3.28906813e-02+1.27367191e-02j
  -8.14132418e-02-9.81639929e-02j  8.60809613e-02+6.10564565e-02j
   1.49670564e-02+1.87876418e-02j -9.18841804e-03-1.44641781e-02j
   4.48136599e-04-3.77771884e-02j  7.64452338e-03+2.97230612e-02j
  -2.43106946e-04+7.10102299e-03j  5.31826173e-03+1.41062151e-03j
   5.22973748e-01+4.83376301e-01j -5.15912005e-01-2.67776249e-01j
  -9.63554516e-02-9.29223002e-02j -4.30579714e-02+2.85257671e-02j]
 [ 5.21023365e-02-2.09407975e-02j  2.37306748e-02-3.81920281e-02j
  -5.87581884e-03+8.88308115e-04j -2.05917553e-01+2.38449899e-01j
   3.12214021e-03+2.71303199e-02j -5.17413706e-02-4.89205885e-03j
  -8.08129507e-03-3.19622343e-03j  1.49135749e-01-5.88216486e-02j
  -8.95359668e-03-3.37717285e-03j -5.07571330e-03-4.07950230e-03j
   9.17783142e-04-2.06657435e-04j  4.57091789e-02+1.54415462e-02j
   9.07006119e-02-5.76878058e-02j  1.70251497e-01-5.40445986e-02j
   6.27120681e-03+2.36600018e-03j -7.91939502e-01+4.39509788e-01j]
 [ 1.38009222e-01+4.17618663e-01j  2.97745990e-01+4.29602371e-01j
   1.49223674e-02+2.31819158e-02j  8.79188478e-02+1.21903823e-01j
  -6.33592757e-02+4.29348231e-01j  7.71352730e-02+5.17437234e-01j
  -1.44986799e-02+8.07372358e-03j  2.45360480e-02+1.47550743e-01j
  -1.04887921e-02-5.68971727e-02j -3.17680388e-02-6.08955617e-02j
   4.03027542e-04-4.83678107e-03j -9.38266648e-03-1.73711057e-02j
   4.05795579e-03-6.76570526e-02j -2.96258072e-02-9.09934473e-02j
   3.85933407e-02+3.01737165e-02j -7.96369159e-03-2.44933908e-02j]
 [-7.05355197e-02-2.17876448e-02j  6.87447916e-02-7.83605646e-03j
  -6.70294350e-01-1.76810163e-01j  2.65073375e-03-4.00333769e-03j
  -4.65660950e-02-4.41829515e-02j  7.44872958e-02+2.89210389e-02j
  -5.18344871e-01-4.54343822e-01j  4.96701771e-03-2.35039089e-03j
   8.15361640e-03+4.64806871e-03j -9.68410804e-03+7.62501668e-04j
   8.43496072e-02+3.45396602e-02j -4.22167413e-04+5.61172709e-04j
  -4.80924377e-03-4.21042734e-03j -3.27352629e-02-1.12607475e-02j
   9.77036461e-02+6.52368976e-02j -2.41370715e-03+6.57723445e-04j]
 [ 1.61626314e-01+5.09248520e-01j -2.41062972e-01-3.68465013e-01j
  -2.84976020e-02-9.65150912e-02j -2.33520250e-02+2.36171200e-03j
  -8.06432184e-02+5.27495043e-01j -4.90604845e-02-4.30287095e-01j
   1.73744224e-02-9.84256804e-02j -4.35723006e-02-2.23112742e-02j
  -1.25971517e-02-6.90689405e-02j  2.46668712e-02+5.23541852e-02j
   2.05120308e-03+1.30674125e-02j  4.57308644e-03-1.90486808e-03j
  -6.32348608e-04-9.54560983e-02j  1.27422165e-02+6.37760557e-02j
  -7.39107655e-04+1.68067829e-02j  5.09539214e-02+2.43585244e-02j]
 [ 7.55536336e-02-3.07617580e-03j  1.35841343e-01+2.60752908e-02j
   3.25954714e-03+2.17310262e-03j -6.82575483e-01-6.43238182e-03j
   7.63208963e-02+3.88079085e-02j  1.01585137e-01+7.87158742e-02j
   2.14822006e-04+4.24513407e-03j -6.05720231e-01-3.08031669e-01j
  -1.07323838e-02-1.95582701e-04j -1.67595687e-02-6.45519169e-03j
  -4.58323674e-04-5.14623089e-04j  8.88686995e-02+1.24455713e-02j
  -2.98883212e-02-1.82581210e-02j -3.37698199e-03-4.00161011e-03j
   2.96538688e-03-2.67309252e-03j  1.10988545e-01+3.81951986e-02j]
 [-5.67569192e-02-7.45232059e-02j -9.30661806e-02-6.27298069e-02j
  -8.22419876e-03-2.06416471e-02j -2.68020589e-02-1.77583615e-02j
  -2.13451519e-03+1.65319697e-02j  7.04877930e-03+1.74849824e-02j
  -1.51440707e-03+2.14357164e-02j  1.77262614e-03+5.15574914e-03j
  -3.07272120e-01-5.34604976e-01j -5.37104096e-01-5.08722193e-01j
  -1.86785069e-03-2.04586510e-02j -1.56654751e-01-1.42851703e-01j
  -2.24495006e-02+2.69989732e-02j -1.47894074e-02+3.74871627e-02j
  -4.53006607e-04+1.07356665e-02j -4.18867420e-03+1.09257752e-02j]
 [ 2.32584444e-02+1.85236147e-02j  1.81795321e-03+2.63818305e-02j
   1.47724148e-01-1.36171331e-02j  6.29527826e-03+3.87303697e-03j
  -1.31430438e-03-2.53631264e-02j -4.33253653e-03-2.70021529e-02j
  -2.13380661e-02-1.47350234e-02j -5.12510735e-03-6.22692859e-03j
   9.28255248e-02+5.00984545e-03j -1.05922969e-01+2.83798079e-02j
   9.73374550e-01+5.19225013e-02j -4.45978682e-03+6.17770551e-03j
  -2.58679941e-03-1.67037442e-02j -1.39640751e-03-8.27190341e-03j
  -1.70076742e-02-5.18300161e-02j -2.53017630e-03-2.62305731e-03j]
 [-7.04670981e-02-9.04503434e-02j  7.51692968e-02+5.74060418e-02j
   1.29236586e-02+1.73133844e-02j -2.96564379e-03-1.81798162e-02j
  -4.50051710e-04+1.97304264e-02j -3.40995317e-03-1.71688505e-02j
   1.38086982e-04-3.76285125e-03j  2.21138444e-03+2.02442903e-02j
  -3.71030376e-01-6.57599977e-01j  4.33724697e-01+4.37132832e-01j
   6.70900926e-02+1.25047230e-01j  5.77896633e-02-9.27525922e-03j
  -2.66718724e-02+3.25024764e-02j  1.40928631e-02-3.20743107e-02j
   5.12253509e-03-6.02499270e-03j  1.29748676e-03+7.06592502e-03j]
 [-5.94410652e-03+2.96551586e-02j -4.12145956e-02-1.16138165e-02j
  -5.71932568e-03-5.18422560e-03j  1.35635989e-01-4.94052486e-02j
   3.90961721e-03-2.79317502e-02j  9.64253470e-03+2.53021293e-02j
   2.72095210e-03+7.39766193e-03j -2.20572769e-02-7.28637913e-03j
  -1.15573446e-01+1.98874274e-02j -1.83303142e-01+5.14425402e-03j
  -3.33967725e-03-2.75213601e-03j  9.42679130e-01-1.86646333e-01j
   2.26891455e-03-8.66222467e-03j  7.89248788e-03+2.03458693e-02j
   1.62870612e-03+3.66027485e-03j -2.78088577e-02-4.47120759e-02j]
 [-2.01548647e-01+3.28564032e-01j -1.16636497e-01+4.49182975e-01j
  -1.72798429e-02+2.89267573e-03j -3.12857504e-02+1.28992284e-01j
   3.67258085e-01-2.32598817e-01j  3.41679358e-01-3.94471253e-01j
   1.67028197e-02-1.60676829e-03j  9.58801547e-02-1.14647349e-01j
   3.89153752e-02-7.42506976e-02j  2.62635015e-02-8.32166852e-02j
  -2.47521864e-02-4.71244807e-02j  6.58121846e-03-2.57180681e-02j
   1.62742197e-01-1.36633700e-01j  1.40436109e-01-2.13837847e-01j
   6.13936181e-03-2.55741758e-04j  3.90762858e-02-6.18876054e-02j]
 [-2.17451508e-02-5.28132855e-02j  5.16497810e-02+4.86105451e-02j
  -2.65173571e-01-5.51347000e-01j  4.90023025e-03-2.83356531e-04j
  -3.46903752e-03+6.66579937e-02j -2.61379426e-02-7.21634805e-02j
  -6.66773463e-03+6.88867520e-01j -4.90964820e-03-2.03507472e-03j
   1.55142058e-02+2.66170809e-02j  7.69847899e-03+5.53889663e-03j
   5.44200251e-02+1.10411449e-01j  7.95474562e-04+4.61987629e-04j
   3.30553827e-03+3.19732660e-02j -1.67988423e-02-3.42296271e-02j
   4.15490930e-02+3.34683364e-01j -2.49608922e-03-7.53367835e-04j]
 [-2.49070368e-01+4.02627872e-01j  1.10216342e-01-3.68536622e-01j
   4.84455283e-02-7.43194431e-02j -3.00150316e-02-3.14163155e-02j
   4.51970040e-01-2.81821193e-01j -2.94751606e-01+3.18837089e-01j
  -8.59476312e-02+5.09716776e-02j  1.07197539e-02+4.01987319e-02j
   5.05045958e-02-7.57717438e-02j -1.86030960e-02+8.45196459e-02j
  -9.68057500e-03+1.52716691e-02j -3.28818748e-02-3.14735945e-02j
   2.01221926e-01-1.66229354e-01j -1.21859531e-01+1.73660154e-01j
  -3.83773353e-02+3.03221045e-02j  6.42682525e-03+2.08302976e-02j]
 [ 4.99344311e-02+5.76328312e-02j  5.48169748e-02+1.00340833e-01j
  -1.25714135e-03+3.75936823e-03j -3.87446196e-01-4.62167688e-01j
  -2.07960297e-02-8.00158962e-02j -6.80898348e-03-1.30824723e-01j
   2.60478377e-03-3.14609396e-03j  1.60965400e-01+6.59571244e-01j
   2.58605903e-03+8.32974865e-03j -2.54950495e-02-3.28934873e-02j
  -3.72650972e-03+3.01974924e-04j  7.68160458e-02+9.20294747e-02j
  -1.44747238e-02-3.81697534e-02j -1.22993995e-02-6.23121390e-02j
   1.12394614e-03-1.53149248e-03j  1.20986209e-01+3.09663322e-01j]]

********* Summary *****************
Final fidelity error 0.36151963328718983
Final objective value 0.3616082124573958
Final penalized error 8.858265199146514e-05
Final gradient 0.054864136538602545
Number of iterations 507
Terminated due to function converged
Completed in 0:00:56.246582 HH:MM:SS.US
Computational time 56.246582292
total tv norm 26.979928945605746
total l2 norm 8.858265199146514e-05
