Final evolution
[[ 3.20549101e-09+1.03571747e-09j  1.36458221e-05-4.35569580e-05j
  -3.26084733e-09-1.20166018e-09j ...  1.20264266e-10-9.36265031e-14j
  -2.06430568e-18-4.71915743e-15j -1.53447497e-17-1.77947661e-14j]
 [ 1.36458221e-05-4.35569580e-05j  3.57984704e-09-1.60121778e-10j
   3.23359265e-08+4.97413261e-05j ...  1.24073834e-11-1.20103235e-14j
  -1.53447485e-17-1.77947661e-14j -4.18516872e-18-4.71963487e-15j]
 [-3.26084733e-09-1.20166018e-09j  3.23359300e-08+4.97413261e-05j
   3.20549839e-09+1.03570327e-09j ... -1.53447495e-17-1.77947661e-14j
   1.24040927e-11-2.41576632e-15j  1.20264265e-10-9.45051094e-14j]
 ...
 [ 1.20264266e-10-9.36265084e-14j  1.24073834e-11-1.20103249e-14j
  -1.53447500e-17-1.77947661e-14j ...  3.20369453e-09-1.04129124e-09j
   5.51384422e-08+4.97416061e-05j -3.25872879e-09+1.20734062e-09j]
 [-2.06430623e-18-4.71915743e-15j -1.53447515e-17-1.77947661e-14j
   1.24040927e-11-2.41576772e-15j ...  5.51384457e-08+4.97416061e-05j
   3.58010783e-09+1.53866483e-10j -1.37210378e-05-4.35326323e-05j]
 [-1.53447507e-17-1.77947661e-14j -4.18516927e-18-4.71963487e-15j
   1.20264265e-10-9.45051147e-14j ... -3.25872879e-09+1.20734062e-09j
  -1.37210378e-05-4.35326323e-05j  3.20368720e-09-1.04130542e-09j]]

********* Summary *****************
Final fidelity error 4.912671491830167e-09
Final objective value 1.5050071137699753e-08
Final penalized error 1.0139170451593862e-08
Final gradient 6.008557191772224e-05
Number of iterations 45
Terminated due to function converged
Completed in 0:00:37.713244 HH:MM:SS.US
Computational time 37.713244417
total tv norm 0.021175234781344244
total l2 norm 1.0139170451593862e-06
