Final evolution
[[-7.86920930e-02+6.43238124e-03j  1.10270020e-01+1.14435012e-02j
  -1.43339644e-02+3.04812614e-02j  1.96689974e-01+4.51772535e-03j
  -2.57209895e-01+8.67293042e-03j  2.81115272e-01-1.07873927e-02j
  -4.14705710e-02+1.56463505e-02j  6.79912989e-01+7.57873209e-02j
  -2.50244543e-02-1.20960783e-02j  2.66864708e-02+5.30710827e-02j
   2.89849488e-03-4.64848631e-03j -1.12449794e-02+3.89567042e-02j
   1.70990388e-01+2.84263525e-02j -1.72732856e-01-8.47229033e-03j
  -4.15646415e-02+4.26440628e-02j -4.98585802e-01-9.05872203e-02j]
 [ 3.94087483e-02+1.58209034e-02j -2.63255709e-03-1.54135298e-02j
   2.44535636e-01+1.93334374e-02j  5.38439719e-02+3.91783418e-02j
   1.93337103e-02+1.22987703e-02j -2.21804738e-02-5.07887038e-03j
   7.46989501e-01-7.00737904e-02j  3.10354143e-02+5.62831817e-02j
   3.70926013e-02+2.90650083e-02j  1.89343052e-02-5.08773395e-03j
  -1.16199477e-02+2.12016429e-02j -1.42519855e-02+1.77964153e-02j
   7.87769592e-03+2.62445728e-02j -1.99662180e-03+9.97189219e-03j
  -5.19709117e-01+2.91629503e-01j  3.34165557e-02+6.66592033e-02j]
 [ 1.35456512e-01-1.10139822e-01j  1.14836420e-01-1.36066580e-01j
  -8.01372576e-03+3.05689227e-02j  1.00475015e-03+3.08576288e-02j
   4.53793825e-01-2.95993741e-01j  3.84792170e-01-3.36123366e-01j
  -6.71251793e-03-3.82686837e-03j  1.03293937e-02+3.37486057e-02j
  -1.71866925e-02-2.58841634e-02j -3.49267264e-02-2.23139737e-02j
  -8.57379817e-03+4.02113347e-02j  4.10660813e-05-6.80151786e-03j
  -4.10198340e-01+2.09798599e-01j -3.43075507e-01+2.10425343e-01j
   2.13865246e-02+1.84292352e-02j -1.36953596e-02+1.77396861e-02j]
 [ 5.59974516e-02-1.34529019e-01j -8.26292342e-04+1.45145174e-01j
   1.25347828e-02+4.91215865e-02j  6.10618986e-02-1.34675100e-01j
   3.47354333e-01-2.85848958e-01j -2.98665327e-01+3.44452593e-01j
   7.20210385e-03+6.25929543e-02j  2.68738673e-01-2.10718717e-01j
  -1.11378344e-02+2.39564011e-02j -2.37810584e-03-2.38574327e-02j
  -3.67743578e-03-1.59927383e-03j -1.25600014e-02-2.83219503e-02j
  -3.56774227e-01+3.25790328e-02j  4.31374006e-01-8.21328008e-02j
   1.22240134e-02+4.64695535e-02j -2.76963124e-01+3.44346546e-03j]
 [ 8.37011072e-02-2.91763374e-01j -4.89356803e-02+3.30634211e-01j
   5.75725550e-02-3.20352700e-02j -2.45416985e-01+8.04535948e-01j
  -3.58210010e-02+4.78440657e-02j  5.04554645e-02-7.03533097e-02j
  -2.23094025e-02-2.74470578e-02j  1.15027597e-01-1.62330343e-01j
  -2.24514705e-02+1.46359684e-02j -5.51191974e-03-1.64646255e-03j
  -6.41250868e-02-2.05972781e-02j  2.49074727e-02-6.51460535e-02j
  -9.05613929e-03-3.77765324e-02j  7.60154608e-02+1.37014294e-02j
   1.84044331e-02-7.69956613e-04j  8.37614799e-03+1.19868165e-01j]
 [ 2.64493332e-02+1.22321996e-02j -3.58725571e-03+5.52982404e-03j
   8.63704723e-01-3.19581495e-01j  2.35381987e-02-4.66274111e-02j
  -6.54661943e-03+3.75844256e-03j -7.19403531e-03+1.59530081e-02j
  -1.99117378e-01+8.91999151e-02j  1.53913263e-02+3.18919096e-02j
   1.25157804e-02+3.62981441e-02j -1.92986591e-04-1.82522859e-02j
   5.93879173e-02+2.51748446e-01j  7.60204271e-02+6.27339514e-02j
  -3.37841267e-02-3.26116338e-02j -3.34291206e-02+9.07148240e-03j
   3.97645136e-02-1.20627092e-01j -8.10048544e-03-3.17927865e-02j]
 [ 7.07401975e-01-3.86254678e-02j  6.32270995e-01+3.18380464e-02j
  -2.21396089e-02+9.61369220e-03j -2.63205100e-03-5.08196092e-02j
  -2.17257620e-01-7.33973224e-03j -1.66270815e-01-3.04443147e-02j
   1.86069877e-02-4.75289243e-03j -3.44731522e-02+1.58451107e-02j
  -7.46452231e-02-1.88719176e-02j  1.50607591e-02-3.65505709e-02j
   1.48094565e-02+2.16433244e-02j -4.43396479e-02+1.75854197e-02j
   4.51978859e-02+1.82577287e-02j  2.35588460e-02+1.42560129e-02j
   4.19548546e-02-2.75061286e-02j  9.55146128e-03-1.74909282e-02j]
 [ 5.00363342e-01-2.23186172e-01j -5.85819112e-01+1.19294052e-01j
  -2.93112920e-02+1.07264326e-02j  4.14114457e-01-9.71904726e-02j
  -1.31622984e-01-1.62113855e-02j  1.89310128e-01+6.33186325e-02j
   1.35777063e-02+4.02604770e-02j -1.25304069e-01-4.16258026e-02j
  -3.69005641e-02-1.29082215e-01j  1.06238378e-01+1.77153186e-01j
  -1.23765142e-03+6.74567836e-02j -8.11613343e-03-1.11223409e-01j
   1.79063712e-02+1.75882972e-03j -3.29180643e-02-2.85212707e-02j
   2.61457036e-02-1.93908965e-02j -2.28835199e-02+4.83535996e-02j]
 [ 3.50510515e-02-4.54271394e-03j -5.01181150e-02-1.36283392e-02j
   5.23667089e-02-4.39792860e-02j -4.02085778e-02-2.12956928e-02j
  -9.47476341e-03+4.56778294e-02j  1.15306182e-03-3.89000330e-02j
  -2.05502778e-02+8.71633863e-03j  5.20835543e-02-1.41971826e-02j
   3.15123607e-01+1.71541836e-02j -3.27234542e-01-1.27823406e-03j
   8.42457594e-03+1.14410726e-02j -8.65293204e-01-1.58344047e-01j
  -6.46098532e-03-2.43835361e-02j  5.32632025e-04+2.10610867e-03j
   1.68486270e-02-1.27812593e-02j  3.98271623e-03+2.02689618e-02j]
 [-1.83552269e-02-3.97333173e-02j  1.08078598e-02-1.51710990e-03j
  -8.37335553e-02-2.36872301e-01j -4.14663506e-02-9.09496193e-02j
  -2.89743860e-02-1.20461911e-02j -2.63096686e-02-1.05287721e-02j
   9.50807748e-03+3.03512005e-02j  7.67335109e-03+1.74590631e-02j
  -1.34893754e-04+1.09039813e-02j  2.13189691e-02+1.73016328e-02j
  -9.39638533e-01+1.88973942e-01j -3.92154278e-03-5.61433144e-03j
  -8.90465695e-04+4.93183395e-03j -6.07904357e-03+2.38502633e-02j
  -3.12349313e-02-1.68293789e-02j -1.10610798e-02-1.12998914e-02j]
 [-1.09408786e-02+3.17387389e-02j -1.44534201e-02+5.64783171e-02j
  -2.73260213e-03-2.46410940e-02j  3.09136591e-03-4.23017663e-02j
   1.82009402e-02+3.32676521e-02j  1.31160188e-02+6.25391214e-03j
   3.21852774e-02-4.00626197e-02j -8.55805636e-03-1.44681813e-02j
  -6.50121165e-01+3.35390550e-01j -5.57471421e-01+3.74744369e-01j
   9.46214309e-03+2.56746976e-02j -1.50992710e-02-1.33684267e-02j
  -3.03643805e-03-1.85520309e-02j -1.47298198e-02-6.31474166e-03j
  -4.11395192e-03+2.88424301e-03j  1.59023293e-02+9.59705495e-03j]
 [ 1.87548146e-02+1.44389298e-01j -1.05451067e-01-1.56739618e-01j
  -7.17577726e-03-8.73799236e-02j  1.41619994e-02+1.27373938e-01j
  -5.46113755e-03-4.45089606e-02j  2.95916185e-02+4.97653122e-02j
  -1.64944924e-03-1.14414305e-02j -3.03936503e-02+5.76752277e-03j
  -5.25052471e-01+2.35733928e-01j  5.31783017e-01-3.20935997e-01j
   6.94344985e-03-1.74912422e-02j -4.11943021e-01+1.47302917e-01j
  -3.48184229e-02+7.96732045e-03j  2.60003219e-02-5.59408159e-04j
   2.32061619e-02+4.89043589e-03j -3.38570081e-02-9.67677980e-03j]
 [-4.45647799e-02-7.58016261e-03j  5.53507156e-02+2.95713247e-02j
  -9.30001931e-03-2.37882011e-02j  5.14390223e-02+7.29587050e-02j
   8.05054191e-02-1.68816243e-01j -9.55138406e-02+2.01775014e-01j
  -7.93591379e-03-2.80730481e-02j -2.29733210e-01+4.29860588e-01j
   1.80578144e-02-1.24113958e-02j -2.41065627e-02+2.09830004e-02j
   3.17775870e-03-2.68987519e-03j -1.61221603e-02+1.37915578e-02j
   1.31734708e-01-2.15601467e-01j -1.01079791e-01+2.53639582e-01j
   8.72436504e-02+1.37464379e-02j -3.64117738e-01+6.17602671e-01j]
 [-4.04711587e-02+9.59349612e-03j -8.78641529e-03-1.39547218e-02j
   4.21111459e-02-2.96470270e-02j  1.34995999e-02+1.98251402e-02j
   3.53298362e-02+4.32310415e-02j  3.54892307e-03-8.63348258e-03j
   6.04151360e-01+6.90637863e-02j  7.41091051e-02+1.97324068e-02j
   2.81122080e-02+1.45389296e-02j  7.87553761e-03+1.25557292e-02j
  -5.84439979e-03+1.46088393e-02j  1.79624489e-02+3.03796716e-03j
   2.20781338e-02-9.23932476e-03j -5.44525822e-03+9.40815755e-03j
   7.34842494e-01-2.56154635e-01j -1.13921244e-02-8.76689760e-02j]
 [ 7.26683592e-02+7.94489967e-03j  1.07995934e-01-5.05114550e-03j
   3.07659469e-02-1.23705878e-02j  1.58985923e-02-2.40511780e-02j
   4.22200777e-01+1.17275094e-02j  4.25799131e-01+5.10369698e-02j
  -2.48073959e-02+2.97816172e-02j -3.90176282e-02-2.37872208e-02j
  -2.14057976e-03-7.04624609e-03j -6.40547347e-03-8.47069388e-03j
  -2.03083390e-02+1.35107624e-02j -1.62357810e-02+1.07851474e-02j
   6.02016592e-01+1.05518381e-01j  4.63600297e-01+1.43989056e-01j
  -2.04593596e-02-9.79747331e-03j  4.35101389e-02-4.87820739e-02j]
 [ 6.78471126e-02-7.72751957e-02j -5.45127865e-02+6.30099198e-02j
  -2.38561210e-02-6.19815823e-03j  1.54331642e-02-1.94543062e-02j
   3.29602066e-01-1.92691977e-01j -3.34227193e-01+1.54285140e-01j
  -2.89312185e-02+5.31908943e-02j  2.98867087e-01-1.04398448e-01j
  -3.19303395e-02+2.30759725e-02j  4.28847076e-02-3.41127692e-02j
   7.00509617e-03+1.23818306e-02j -2.08072650e-02-1.70378387e-02j
   4.26236385e-01+1.50039370e-02j -5.21491769e-01-1.46745515e-01j
  -1.56761263e-02-4.11295587e-02j  3.26152265e-01+8.31223914e-02j]]

********* Summary *****************
Final fidelity error 0.18313579869311403
Final objective value 0.26704640818828246
Final penalized error 0.08391061356922208
Final gradient 0.017141760819691324
Number of iterations 2962
Terminated due to function converged
Completed in 0:04:28.633774 HH:MM:SS.US
Computational time 268.633773875
total tv norm 280.2020126149928
total l2 norm 839.1061356922207
