Final evolution
[[-2.93301705e-03-3.78462098e-03j -1.09517283e-03+3.75700295e-04j
  -2.88928003e-04+1.82619386e-04j -8.77007604e-01-4.79738307e-01j
   6.22678169e-03+3.57706550e-03j  5.86752757e-05-5.78791432e-05j
   3.50953494e-04+9.59530121e-05j  2.19604532e-02+1.15213202e-02j
  -1.58640235e-04+1.93373838e-04j  1.05899598e-04+5.54746016e-05j
  -3.03347576e-04+3.24090623e-04j  7.99053817e-04-5.91024114e-05j
  -7.98944808e-06+1.01996328e-05j -2.24150805e-04-2.55342690e-04j
   1.84638987e-06-3.42712028e-05j  2.89097940e-03+2.88721879e-03j]
 [ 3.54570230e-04-7.89236080e-04j  1.43512164e-03+5.94587399e-04j
  -8.77365746e-01-4.79028672e-01j -1.69310143e-04+2.42311202e-04j
  -2.79120046e-04+8.16800696e-05j -1.84048022e-04+7.12961154e-03j
   2.21642461e-02+1.13409760e-02j -7.13784065e-03-4.23683767e-03j
   1.66438905e-04+1.62851615e-05j  6.54835576e-04-5.68981293e-05j
   5.94002691e-04-1.04230053e-04j -1.29167366e-04+7.95993627e-07j
  -2.45651460e-04-2.78068290e-04j  3.03801200e-06-2.73123017e-06j
   2.88916344e-03+2.92924228e-03j  4.71071540e-05-1.86795096e-05j]
 [-2.19943912e-02-1.09118486e-02j -8.77393620e-01-4.78394038e-01j
  -9.76266293e-04-1.11514570e-03j  4.01725738e-04+1.13525978e-03j
   6.26882671e-04+3.76181563e-04j  2.23965144e-02+1.18840584e-02j
   5.59718433e-03-4.48490436e-03j  2.06835730e-04+7.51065135e-05j
   2.91763470e-04-3.00418509e-04j  4.92476716e-05+4.93246857e-04j
  -5.11879464e-05-2.94476498e-04j -4.47788105e-04-5.50375578e-04j
   8.44538006e-05+1.49401593e-04j  2.91531300e-03+2.92817420e-03j
  -1.41801610e-05+5.41140220e-06j -3.65724053e-04+4.01648742e-06j]
 [-8.76299857e-01-4.80342055e-01j  2.08818867e-02+1.25053863e-02j
   3.81286203e-04-6.96103884e-04j  5.07795395e-03+5.51655748e-04j
   2.18558461e-02+1.10435025e-02j -7.83229252e-03-4.74190951e-03j
  -2.96665692e-04+3.28737786e-05j  6.44632647e-03+2.75894939e-03j
   3.09969867e-04+5.46635576e-04j  1.23540126e-04-4.10055682e-05j
  -4.31035207e-04-4.93471966e-04j -2.89932925e-04+5.82140671e-04j
   2.90943224e-03+2.88622290e-03j -7.93835789e-05-6.91577165e-05j
  -3.45098460e-04+3.53726979e-06j -2.44178305e-05-1.88233934e-05j]
 [-5.98705901e-03-4.07571688e-03j -6.94061901e-05-3.91779586e-05j
   7.40524046e-03+3.72334676e-03j -2.15077954e-02-1.23446329e-02j
  -4.83907246e-03-7.92503106e-04j  2.54650297e-05-4.60194421e-04j
  -1.29780540e-04-8.37529664e-04j -8.75564638e-01-4.82307720e-01j
  -5.78195220e-06-1.07699448e-06j  1.94985801e-04+2.76948418e-04j
   4.87390593e-06+7.72985919e-05j -1.74552305e-03+3.76606526e-04j
  -1.53272661e-04+1.98779417e-04j  5.11626367e-05+9.82045894e-05j
  -3.04907965e-04+2.94347110e-04j  1.06750310e-03-9.81254179e-05j]
 [ 1.57587903e-04+6.71042837e-05j  7.34144960e-04-7.12321661e-03j
  -2.15097935e-02-1.25425508e-02j -2.68494116e-04-2.40239767e-04j
  -8.23890025e-04+8.22358114e-07j -2.14437739e-03+3.58072279e-04j
  -8.76605230e-01-4.80501130e-01j  6.11580266e-04-4.44027324e-04j
   2.12252922e-04+2.88286938e-04j -2.97140691e-06-4.33004524e-06j
  -1.75277416e-03+3.35347863e-04j -8.00088526e-06-1.23413300e-05j
   1.13793217e-04+5.63303132e-05j  6.52182555e-04-6.67448956e-05j
   8.54481780e-04-1.49081063e-04j -1.38696273e-04+4.44104467e-05j]
 [ 7.12976316e-03+3.44701533e-03j -2.22752512e-02-1.25433480e-02j
  -5.91590918e-03+4.03101025e-03j -1.63574871e-04-1.40548294e-04j
  -2.17989610e-02-1.21579499e-02j -8.76020653e-01-4.80820312e-01j
   1.15215114e-03+1.80216321e-03j  3.54485615e-04-1.60926347e-04j
  -4.00539667e-05-3.35022750e-05j -1.76846163e-03+3.31172200e-04j
   2.44081054e-06+1.23308840e-05j  3.57215939e-04+1.73336640e-05j
   2.63544718e-04-3.32790603e-04j  3.14126095e-04+4.48220427e-04j
  -4.47435180e-05-2.94816743e-04j -4.50915535e-04-4.84094748e-04j]
 [-2.12396679e-02-1.26059462e-02j  3.93319398e-04+3.15225567e-04j
   2.15445599e-04+1.48680029e-04j -6.15712119e-03-3.21310256e-03j
  -8.75556897e-01-4.81763361e-01j  2.17802105e-02+1.17693097e-02j
   4.07970299e-04+6.45511576e-04j  3.56387099e-03+3.82581673e-03j
  -1.76975920e-03+3.69944593e-04j  8.51138343e-05-4.03584096e-05j
   3.34125920e-04+2.62600547e-05j  8.99628235e-06+1.17159475e-07j
   5.76215158e-04+5.05151860e-04j  8.31414139e-05-3.39713429e-05j
  -4.32528973e-04-4.25960460e-04j -2.94016890e-04+5.81975085e-04j]
 [-2.88354630e-04+5.74465991e-04j  7.09139030e-04+5.81367356e-05j
   5.76794926e-05+9.52044549e-05j -3.66929636e-04-6.63913993e-04j
   1.09678003e-05-6.19414184e-06j -2.25537362e-04-2.85749313e-04j
   1.02257226e-05+3.99846290e-06j  6.26773137e-04+1.68843786e-03j
  -3.57083415e-03-3.44717347e-03j -1.20155759e-03+3.66707010e-04j
  -2.48650963e-04+5.13659920e-04j -8.76109136e-01-4.82027846e-01j
   6.15766971e-03+3.47256187e-03j  1.43354719e-04-2.63576816e-05j
   8.60570101e-05+1.05331606e-04j -4.85343296e-04+5.15005655e-04j]
 [ 6.47706111e-04+9.01538827e-05j  2.61595313e-04-7.83103521e-05j
  -2.15167373e-04-5.12059690e-04j -1.50051285e-04+4.20236103e-04j
  -2.20229956e-04-2.65446870e-04j -3.47539897e-06+2.16540074e-05j
   6.62025314e-04+1.67821575e-03j -7.31614990e-05+1.58422469e-05j
   1.97424539e-04-8.94745366e-04j  2.07561945e-03+1.25924198e-04j
  -8.76541073e-01-4.81195551e-01j -3.05280531e-04+4.94198983e-04j
  -1.86495490e-04+9.17610981e-05j -1.34867968e-04+7.13839380e-03j
  -2.52980956e-04+3.56914119e-04j -7.00823033e-03-4.04646456e-03j]
 [-6.72009334e-05-1.32759322e-04j -4.20445119e-04+2.64382120e-04j
  -2.75992722e-04-6.09381715e-04j -1.12566651e-04-5.16976341e-05j
   2.00743632e-05-3.60253326e-06j  6.79337916e-04+1.66909594e-03j
   9.56680604e-06+1.14759098e-05j -3.39373405e-04-2.26073314e-05j
  -2.22410387e-02-1.11523843e-02j -8.76610399e-01-4.80492057e-01j
  -1.20356722e-03-1.69833651e-03j  4.53105860e-04+1.23523454e-03j
  -1.62315503e-04+1.05127324e-04j -3.15293128e-05+9.39957103e-04j
   5.56218585e-03-4.52141525e-03j  2.95210948e-04+4.38886316e-05j]
 [-6.12212677e-04+6.56321943e-05j  8.43762576e-05-4.25641098e-04j
  -1.05561716e-04-1.19799806e-04j -3.40758448e-05+2.56172925e-04j
   6.50705191e-04+1.68582881e-03j  2.25268007e-06-5.56516145e-05j
  -3.56332864e-04-2.74446511e-05j  1.47591992e-05-1.28368767e-05j
  -8.75400997e-01-4.82601730e-01j  2.13336531e-02+1.28036197e-02j
   5.73910842e-04-5.95152288e-04j  4.80938957e-03+1.13783598e-03j
  -5.61049531e-04-5.34320871e-06j -7.17111387e-03-4.22709871e-03j
  -2.10395306e-04-7.27607080e-05j  6.57316232e-03+2.75280876e-03j]
 [-3.01484906e-05+1.62120713e-05j  2.03159082e-04+3.11958545e-04j
   1.45949714e-06-4.10202194e-05j -4.00229105e-03-9.00806239e-04j
  -2.91431707e-04+5.81421438e-04j  6.53599944e-04+9.58175904e-05j
   2.78308879e-05+1.26094375e-04j -3.86584969e-04-9.35544558e-04j
  -5.85132129e-03-4.06004421e-03j -6.42419695e-05-1.17323753e-04j
   7.18131061e-03+3.73151255e-03j -1.76145075e-04+6.89618589e-04j
  -5.49801676e-03-4.32062347e-04j -7.36034551e-05-4.71954384e-04j
   3.29734308e-04-5.65943052e-04j -8.76931430e-01-4.80442068e-01j]
 [ 1.92376581e-04+2.96615386e-04j  7.08413430e-06-1.46020826e-10j
  -4.02965349e-03-8.72171240e-04j  2.91036382e-05-1.28975373e-05j
   5.90846518e-04+1.26916075e-04j  2.54943961e-04-8.53996691e-05j
  -2.36574704e-04-7.82257899e-04j -1.21446262e-04+4.02125318e-04j
   2.04105699e-04-4.34960041e-05j  7.99345052e-04-7.12551577e-03j
  -1.63510264e-04+4.05650765e-04j -1.50483972e-04-9.85413766e-06j
  -9.81591509e-04-1.13325180e-04j -1.51239661e-03-1.09859730e-04j
  -8.78035538e-01-4.78518358e-01j  3.00940657e-04-5.77223604e-04j]
 [-8.68415365e-05-1.81732855e-05j -4.05169516e-03-8.67362591e-04j
  -1.96907903e-06-1.29435958e-05j  3.39497948e-04+5.34876018e-05j
  -5.74588334e-05-1.08952238e-04j -4.39391740e-04-9.68210556e-06j
  -2.65181388e-04-6.07431547e-04j -1.18700433e-04+1.59879510e-05j
   7.40156680e-03+3.79108651e-03j -9.53538158e-04+4.36599723e-04j
  -5.94944750e-03+3.96958911e-03j -2.48793163e-04-2.26822817e-04j
  -2.16871435e-02-1.23437477e-02j -8.77511456e-01-4.78757685e-01j
   9.28655248e-04+1.22811040e-03j  4.09923382e-04-7.15084009e-05j]
 [-4.02083142e-03-8.93104805e-04j  3.47959736e-05+4.27455883e-05j
   3.66813087e-04+5.13749549e-05j  1.62853226e-05+2.05965969e-05j
  -6.29139644e-04-2.05757006e-04j  1.30034791e-04-4.12595638e-04j
  -1.11703157e-04-5.13488024e-05j -4.26215689e-05+2.58944830e-04j
   1.14208211e-04+3.95868146e-04j  3.38512228e-06+1.78449505e-04j
   1.37651739e-04+7.25210715e-05j -6.23202610e-03-3.32586213e-03j
  -8.76919979e-01-4.79884444e-01j  2.21078735e-02+1.15893957e-02j
   5.96209726e-04+7.36463768e-04j  3.30995884e-03+4.40514922e-03j]]

********* Summary *****************
Final fidelity error 0.0012921783161700118
Final objective value 0.0012921817197806146
Final penalized error 3.4035375500293286e-09
Final gradient 0.0015387085842518576
Number of iterations 887
Terminated due to function converged
Completed in 0:00:42.157238 HH:MM:SS.US
Computational time 42.157238083
total tv norm 18.480813668190862
total l2 norm 3.4035375500293284e-08
