Final evolution
[[ 1.58081748e-02-5.88805541e-03j  1.59499220e-04+1.03366047e-04j
   2.41867130e-03-7.92382021e-03j  2.98740144e-01-9.54107142e-01j
  -1.43239281e-04+4.93330900e-05j -1.40889437e-06-9.63624029e-07j
  -2.34837912e-05+7.05994837e-05j -2.89508897e-03+8.49920712e-03j
   0.00000000e+00+0.00000000e+00j  0.00000000e+00+0.00000000e+00j
   0.00000000e+00+0.00000000e+00j  0.00000000e+00+0.00000000e+00j
   0.00000000e+00+0.00000000e+00j  0.00000000e+00+0.00000000e+00j
   0.00000000e+00+0.00000000e+00j  0.00000000e+00+0.00000000e+00j]
 [-2.74139141e-04-5.10576412e-05j  2.00450310e-03+5.67882891e-04j
   2.99235522e-01-9.54098759e-01j -2.53283300e-03+7.88543087e-03j
   2.44980220e-06+5.19598256e-07j -1.78694965e-05-5.54595279e-06j
  -2.89953457e-03+8.49902125e-03j  2.45001557e-05-7.02293383e-05j
   0.00000000e+00+0.00000000e+00j  0.00000000e+00+0.00000000e+00j
   0.00000000e+00+0.00000000e+00j  0.00000000e+00+0.00000000e+00j
   0.00000000e+00+0.00000000e+00j  0.00000000e+00+0.00000000e+00j
   0.00000000e+00+0.00000000e+00j  0.00000000e+00+0.00000000e+00j]
 [ 2.41950218e-03-7.92093884e-03j  2.98681260e-01-9.54272417e-01j
   1.97017899e-03+6.77435187e-04j  2.54262688e-04+1.14497323e-04j
  -2.34906075e-05+7.05734295e-05j -2.89459721e-03+8.50070408e-03j
  -1.75368776e-05-6.52184205e-06j -2.25718880e-06-1.08471744e-06j
   0.00000000e+00+0.00000000e+00j  0.00000000e+00+0.00000000e+00j
   0.00000000e+00+0.00000000e+00j  0.00000000e+00+0.00000000e+00j
   0.00000000e+00+0.00000000e+00j  0.00000000e+00+0.00000000e+00j
   0.00000000e+00+0.00000000e+00j  0.00000000e+00+0.00000000e+00j]
 [ 2.99092858e-01-9.53996633e-01j -2.53515948e-03+7.88732299e-03j
  -1.89965828e-04-6.12576454e-06j  9.62220263e-03+1.38557137e-02j
  -2.89823094e-03+8.49813622e-03j  2.45214651e-05-7.02458063e-05j
   1.70413202e-06+9.74098897e-08j -8.32939196e-05-1.26543939e-04j
   0.00000000e+00+0.00000000e+00j  0.00000000e+00+0.00000000e+00j
   0.00000000e+00+0.00000000e+00j  0.00000000e+00+0.00000000e+00j
   0.00000000e+00+0.00000000e+00j  0.00000000e+00+0.00000000e+00j
   0.00000000e+00+0.00000000e+00j  0.00000000e+00+0.00000000e+00j]
 [ 1.40705148e-04-5.61543128e-05j  1.45354089e-06+8.94859487e-07j
   2.00666222e-05-7.16456992e-05j  2.48363042e-03-8.62842058e-03j
   1.58181018e-02-5.86133438e-03j  1.59324325e-04+1.03635421e-04j
   2.43205750e-03-7.91972183e-03j  3.00351966e-01-9.53600970e-01j
   0.00000000e+00+0.00000000e+00j  0.00000000e+00+0.00000000e+00j
   0.00000000e+00+0.00000000e+00j  0.00000000e+00+0.00000000e+00j
   0.00000000e+00+0.00000000e+00j  0.00000000e+00+0.00000000e+00j
   0.00000000e+00+0.00000000e+00j  0.00000000e+00+0.00000000e+00j]
 [-2.47192654e-06-4.01363121e-07j  1.81151913e-05+4.68148937e-06j
   2.48807982e-03-8.62844840e-03j -2.10995882e-05+7.13247851e-05j
  -2.74052472e-04-5.15208081e-05j  2.00354063e-03+5.71269286e-04j
   3.00847330e-01-9.53591749e-01j -2.54615417e-03+7.88113963e-03j
   0.00000000e+00+0.00000000e+00j  0.00000000e+00+0.00000000e+00j
   0.00000000e+00+0.00000000e+00j  0.00000000e+00+0.00000000e+00j
   0.00000000e+00+0.00000000e+00j  0.00000000e+00+0.00000000e+00j
   0.00000000e+00+0.00000000e+00j  0.00000000e+00+0.00000000e+00j]
 [ 2.00746818e-05-7.16200024e-05j  2.48306735e-03-8.62989221e-03j
   1.78298167e-05+5.67222475e-06j  2.30667148e-06+9.75079410e-07j
   2.43288352e-03-7.91683906e-03j  3.00293361e-01-9.53766343e-01j
   1.96903144e-03+6.80763425e-04j  2.54068847e-04+1.14926812e-04j
   0.00000000e+00+0.00000000e+00j  0.00000000e+00+0.00000000e+00j
   0.00000000e+00+0.00000000e+00j  0.00000000e+00+0.00000000e+00j
   0.00000000e+00+0.00000000e+00j  0.00000000e+00+0.00000000e+00j
   0.00000000e+00+0.00000000e+00j  0.00000000e+00+0.00000000e+00j]
 [ 2.48682019e-03-8.62750179e-03j -2.11200823e-05+7.13422573e-05j
  -1.70684369e-06-1.54677112e-08j  8.92742819e-05+1.22398317e-04j
   3.00704493e-01-9.53489864e-01j -2.54848384e-03+7.88302782e-03j
  -1.89955206e-04-6.44675972e-06j  9.59877553e-03+1.38719535e-02j
   0.00000000e+00+0.00000000e+00j  0.00000000e+00+0.00000000e+00j
   0.00000000e+00+0.00000000e+00j  0.00000000e+00+0.00000000e+00j
   0.00000000e+00+0.00000000e+00j  0.00000000e+00+0.00000000e+00j
   0.00000000e+00+0.00000000e+00j  0.00000000e+00+0.00000000e+00j]
 [ 0.00000000e+00+0.00000000e+00j  0.00000000e+00+0.00000000e+00j
   0.00000000e+00+0.00000000e+00j  0.00000000e+00+0.00000000e+00j
   0.00000000e+00+0.00000000e+00j  0.00000000e+00+0.00000000e+00j
   0.00000000e+00+0.00000000e+00j  0.00000000e+00+0.00000000e+00j
   1.58152788e-02-5.86894717e-03j  1.59374187e-04+1.03558724e-04j
   2.42824535e-03-7.92089149e-03j  2.99892950e-01-9.53745423e-01j
  -1.43298795e-04+4.91599515e-05j -1.40772882e-06-9.65325953e-07j
  -2.35690924e-05+7.05710523e-05j -2.90535802e-03+8.49570224e-03j]
 [ 0.00000000e+00+0.00000000e+00j  0.00000000e+00+0.00000000e+00j
   0.00000000e+00+0.00000000e+00j  0.00000000e+00+0.00000000e+00j
   0.00000000e+00+0.00000000e+00j  0.00000000e+00+0.00000000e+00j
   0.00000000e+00+0.00000000e+00j  0.00000000e+00+0.00000000e+00j
  -2.74077238e-04-5.13888969e-05j  2.00381536e-03+5.70304888e-04j
   3.00388318e-01-9.53736441e-01j -2.54236057e-03+7.88236422e-03j
   2.44917249e-06+5.22558426e-07j -1.78627813e-05-5.56754376e-06j
  -2.90980340e-03+8.49551100e-03j  2.45850089e-05-7.01996790e-05j]
 [ 0.00000000e+00+0.00000000e+00j  0.00000000e+00+0.00000000e+00j
   0.00000000e+00+0.00000000e+00j  0.00000000e+00+0.00000000e+00j
   0.00000000e+00+0.00000000e+00j  0.00000000e+00+0.00000000e+00j
   0.00000000e+00+0.00000000e+00j  0.00000000e+00+0.00000000e+00j
   2.42907275e-03-7.91800912e-03j  2.99834266e-01-9.53910768e-01j
   1.96935888e-03+6.79815624e-04j  2.54124134e-04+1.14804512e-04j
  -2.35758773e-05+7.05449899e-05j -2.90486807e-03+8.49719980e-03j
  -1.75289832e-05-6.54303035e-06j -2.25587628e-06-1.08744443e-06j]
 [ 0.00000000e+00+0.00000000e+00j  0.00000000e+00+0.00000000e+00j
   0.00000000e+00+0.00000000e+00j  0.00000000e+00+0.00000000e+00j
   0.00000000e+00+0.00000000e+00j  0.00000000e+00+0.00000000e+00j
   0.00000000e+00+0.00000000e+00j  0.00000000e+00+0.00000000e+00j
   3.00245530e-01-9.53634487e-01j -2.54468934e-03+7.88425353e-03j
  -1.89958287e-04-6.35533092e-06j  9.60545118e-03+1.38673319e-02j
  -2.90849869e-03+8.49462754e-03j  2.46063382e-05-7.02161211e-05j
   1.70401306e-06+9.94692365e-08j -8.31409323e-05-1.26644506e-04j]
 [ 0.00000000e+00+0.00000000e+00j  0.00000000e+00+0.00000000e+00j
   0.00000000e+00+0.00000000e+00j  0.00000000e+00+0.00000000e+00j
   0.00000000e+00+0.00000000e+00j  0.00000000e+00+0.00000000e+00j
   0.00000000e+00+0.00000000e+00j  0.00000000e+00+0.00000000e+00j
   1.40772907e-04-5.59842317e-05j  1.45245841e-06+8.96615416e-07j
   2.01531903e-05-7.16213967e-05j  2.49405593e-03-8.62541285e-03j
   1.58251736e-02-5.84221416e-03j  1.59198967e-04+1.03827886e-04j
   2.44162659e-03-7.91677694e-03j  3.01504159e-01-9.53237302e-01j]
 [ 0.00000000e+00+0.00000000e+00j  0.00000000e+00+0.00000000e+00j
   0.00000000e+00+0.00000000e+00j  0.00000000e+00+0.00000000e+00j
   0.00000000e+00+0.00000000e+00j  0.00000000e+00+0.00000000e+00j
   0.00000000e+00+0.00000000e+00j  0.00000000e+00+0.00000000e+00j
  -2.47143969e-06-4.04350114e-07j  1.81095206e-05+4.70337789e-06j
   2.49850535e-03-8.62543529e-03j -2.11857677e-05+7.12992345e-05j
  -2.73990010e-04-5.18519588e-05j  2.00284880e-03+5.73690118e-04j
   3.01999511e-01-9.53227483e-01j -2.55567655e-03+7.87805689e-03j]
 [ 0.00000000e+00+0.00000000e+00j  0.00000000e+00+0.00000000e+00j
   0.00000000e+00+0.00000000e+00j  0.00000000e+00+0.00000000e+00j
   0.00000000e+00+0.00000000e+00j  0.00000000e+00+0.00000000e+00j
   0.00000000e+00+0.00000000e+00j  0.00000000e+00+0.00000000e+00j
   2.01612188e-05-7.15956901e-05j  2.49349463e-03-8.62688516e-03j
   1.78229489e-05+5.69376768e-06j  2.30549143e-06+9.77866276e-07j
   2.44244912e-03-7.91389318e-03j  3.01445754e-01-9.53402747e-01j
   1.96820731e-03+6.83142473e-04j  2.53929774e-04+1.15233766e-04j]
 [ 0.00000000e+00+0.00000000e+00j  0.00000000e+00+0.00000000e+00j
   0.00000000e+00+0.00000000e+00j  0.00000000e+00+0.00000000e+00j
   0.00000000e+00+0.00000000e+00j  0.00000000e+00+0.00000000e+00j
   0.00000000e+00+0.00000000e+00j  0.00000000e+00+0.00000000e+00j
   2.49724458e-03-8.62449021e-03j -2.12062829e-05+7.13166819e-05j
  -1.70682375e-06-1.75303949e-08j  8.91263002e-05+1.22506114e-04j
   3.01856551e-01-9.53125771e-01j -2.55800850e-03+7.87994226e-03j
  -1.89947276e-04-6.67631303e-06j  9.58200447e-03+1.38835433e-02j]]

********* Summary *****************
Final fidelity error 0.001560536012630176
Final objective value 0.03273503476756555
Final penalized error 0.031174500600804272
Final gradient 0.008989941591147143
Number of iterations 1773
Terminated due to function converged
Completed in 0:03:02.488639 HH:MM:SS.US
Computational time 182.488638583
total tv norm 186.72654303915255
total l2 norm 311.7450060080427
