Final evolution
[[ 2.15072963e-04+1.30847390e-03j -1.56184441e-02-9.99836666e-01j
  -1.54810039e-03-2.17432787e-05j -2.56129150e-03+8.48471639e-03j]
 [-1.56186121e-02-9.99836665e-01j  1.48292197e-04-1.30499472e-03j
  -2.83311796e-03-8.39812482e-03j -1.55499187e-03+7.10108566e-05j]
 [-1.54809832e-03-2.15670409e-05j -2.83312851e-03-8.39829741e-03j
   3.12677207e-05+1.30686467e-03j -1.65786662e-02-9.99821226e-01j]
 [-2.56128373e-03+8.48454440e-03j -1.55498824e-03+7.11866169e-05j
  -1.65788315e-02-9.99821225e-01j  1.44967127e-05-1.30003240e-03j]]

********* Summary *****************
Final fidelity error 4.1457911867492925e-05
Final objective value 4.2028912675040806e-05
Final penalized error 5.707178747595709e-07
Final gradient 0.0009896875582547972
Number of iterations 201
Terminated due to function converged
Completed in 0:00:15.456467 HH:MM:SS.US
Computational time 15.456467499999999
total tv norm 14.587918283251241
total l2 norm 5.707178747595709e-07
