Final evolution
[[ 5.68683719e-04-2.79970358e-03j -1.46628791e-01-9.89186327e-01j
  -3.32764745e-04-6.54188124e-04j -1.72304227e-04+1.29506259e-03j]
 [-1.45741711e-01-9.89317359e-01j  1.35429281e-03+2.51754992e-03j
  -5.55929785e-04-1.18696742e-03j -1.86010755e-04+7.69315342e-04j]
 [-3.99729912e-04-6.89321497e-04j -5.37946347e-04-1.18965302e-03j
  -6.99869447e-05+2.30168343e-03j -1.46376679e-01-9.89225063e-01j]
 [-1.92575140e-04+1.29722305e-03j -1.31956691e-04+7.16290397e-04j
  -1.45500998e-01-9.89354285e-01j -7.30678883e-04-2.18518647e-03j]]

********* Summary *****************
Final fidelity error 4.622681334165435e-06
Final objective value 4.6226172355501305e-06
Final penalized error 0.0
Final gradient 0.0011042374224290597
Number of iterations 104
Terminated due to function converged
Completed in 0:00:01.690712 HH:MM:SS.US
Computational time 1.690711792
total tv norm 28.711138462856958
total l2 norm 161.5247647006026
