Final evolution
[[ 3.90338957e-01+2.59235905e-01j  3.17353053e-02+3.83857475e-02j
   2.15993910e-02+1.45725943e-02j  3.19246877e-01+2.17778296e-01j
   3.90881101e-01+2.68692852e-01j  6.06737880e-02+5.56685859e-02j
  -6.11768515e-03+1.42185728e-02j  3.25347231e-01+2.28268051e-01j
  -4.18134970e-02-3.01095260e-02j  9.60727093e-02+4.51379424e-02j
  -8.30047739e-04+2.65527893e-02j -2.21571497e-02-2.12319600e-02j
   2.96444432e-01+2.04163514e-01j  4.17530380e-02+3.74950695e-02j
  -3.11975083e-03+2.59536306e-03j  2.45423864e-01+1.71567747e-01j]
 [ 3.51211572e-02+2.97323743e-02j  2.03044629e-02+2.30569224e-03j
  -5.04250062e-01-3.35179604e-01j  6.55987184e-02+4.07256713e-02j
  -3.61690345e-02-4.11243355e-02j  1.02472323e-02-1.41325049e-02j
  -5.09553617e-01-3.49831387e-01j -1.82460052e-02-1.80857961e-02j
  -6.83883336e-02-3.16398826e-02j -2.00079099e-02-5.08949668e-03j
   3.45133556e-02+3.34225491e-02j  8.86687149e-02+6.07422512e-02j
  -1.10928217e-03+1.57478468e-03j  3.29131241e-03-9.57745842e-03j
  -3.83984815e-01-2.67061793e-01j  7.62666727e-03-1.88478709e-03j]
 [ 6.47955950e-02+3.30651925e-02j -5.05214446e-01-3.41978832e-01j
   5.80670557e-04-1.72569160e-02j  5.69127531e-03-1.94093370e-02j
   8.90932127e-02+5.67992800e-02j -5.08393988e-01-3.56268316e-01j
   1.22328932e-03-1.83294817e-02j -5.93599952e-03-9.25693623e-03j
  -1.78568263e-02+8.17240768e-03j  1.71405750e-02+1.81472739e-02j
   1.84261319e-03-3.82876416e-03j -2.39911372e-02-1.72273369e-02j
   6.87192139e-02+4.22939453e-02j -3.81971085e-01-2.64724876e-01j
  -6.48644576e-04-1.35007352e-02j -7.22944672e-03-1.30262057e-02j]
 [ 3.30850337e-01+2.22076081e-01j -2.27273603e-04-1.34603436e-02j
  -1.57073369e-02-2.49363945e-02j -3.88881666e-01-2.65189817e-01j
   3.12201215e-01+2.18112935e-01j  1.06953074e-01+7.56335924e-02j
  -1.69672994e-02+4.62811231e-03j -3.93923245e-01-2.73613337e-01j
  -2.10785340e-03-4.16038037e-03j -4.53033694e-02-2.79449007e-02j
   1.59784517e-02-9.24687683e-03j  1.52358639e-02+1.36112307e-02j
   2.44735786e-01+1.67973229e-01j  4.97675455e-02+3.21132243e-02j
   2.13985833e-04-4.79403556e-03j -2.96942224e-01-2.06482186e-01j]
 [ 4.28591790e-01+2.91470032e-01j  9.35387437e-02+8.82047426e-02j
   4.17447038e-02+3.52199341e-02j  3.59706055e-01+2.50963703e-01j
  -4.36602186e-01-3.06260488e-01j -4.70496664e-02-4.88110786e-02j
   8.21418847e-02+4.48734310e-02j -3.68474385e-01-2.63210067e-01j
   2.05543705e-02+1.17897261e-02j  4.21678030e-03+6.42627420e-03j
  -4.49054220e-03-1.36838096e-03j  4.89020246e-03+5.17888623e-03j
   4.13043925e-02+2.61415287e-02j -9.86751787e-02-5.08722565e-02j
   2.41885805e-02-3.92794810e-03j  1.98779821e-02+1.55006698e-02j]
 [-4.52396857e-02-1.47272638e-02j  9.51480610e-03-7.91202756e-03j
  -5.73772071e-01-3.88747614e-01j  2.39983814e-02-1.09438617e-03j
  -2.19814049e-02+4.29501334e-03j -2.33395419e-02+7.63652965e-03j
   5.78507231e-01+4.05089635e-01j  4.03596501e-02+2.80217039e-02j
   2.38498155e-04-4.83256219e-03j -5.53501775e-04-1.73305675e-03j
  -2.29180318e-02-1.36951854e-02j  1.06798370e-03+2.81427464e-03j
   7.77119391e-02+5.19102122e-02j  1.92464084e-02+8.65313135e-03j
  -3.24164971e-02-2.57200961e-02j -4.59432612e-02-2.50853877e-02j]
 [ 7.30934831e-02+5.25851937e-02j -5.75052900e-01-3.94200302e-01j
   2.38066594e-03-2.00404437e-02j  2.36575709e-02-9.15386453e-03j
  -1.71442754e-01-9.61881189e-02j  5.50720106e-01+3.93924296e-01j
   6.62787400e-04+1.79461416e-02j  4.31445909e-02+4.06965933e-02j
   6.34020850e-03+2.66145020e-03j -1.80467696e-02-1.37945407e-02j
  -6.68143512e-04+3.29329442e-05j  2.30308417e-03-2.68698460e-03j
  -5.49663227e-03-3.02031270e-02j -2.16546231e-02-1.58048045e-02j
  -1.04674219e-03+3.38516589e-03j  3.15453632e-02+2.37209633e-02j]
 [ 3.66156663e-01+2.51969536e-01j  8.39430655e-02+5.10538458e-02j
   8.38520934e-03-8.87593159e-03j -4.46325904e-01-3.07441886e-01j
  -3.56086624e-01-2.52802195e-01j -9.86918311e-02-6.54074220e-02j
  -3.49862683e-03-1.07089856e-02j  4.40595047e-01+3.13466061e-01j
   1.24261054e-02+9.08786022e-03j  2.26992429e-03+2.25269552e-04j
  -4.25905676e-03+1.37247283e-03j -1.51604411e-02-1.08640437e-02j
   9.68271952e-03+6.28404271e-03j  6.41917662e-03-1.09812505e-02j
  -1.95051607e-02-6.16496037e-03j -1.59377672e-02-9.84719765e-03j]
 [-8.42062364e-03-3.04442654e-03j  8.14902184e-03+7.74446370e-03j
  -6.97382041e-03+4.58696619e-03j -9.13299862e-03-3.39043338e-03j
  -3.03680756e-02-2.08771202e-02j  4.75137890e-03+1.08019493e-02j
  -7.28683991e-03+6.16612563e-03j -2.69308425e-02-1.71142890e-02j
  -6.24215710e-01-4.32840963e-01j -8.17637448e-02-6.52045650e-02j
  -5.19826674e-04-5.86219398e-03j -5.21924235e-01-3.68051582e-01j
  -1.74597784e-02-9.33279808e-03j  2.38090129e-04+1.91930161e-02j
  -8.81241165e-03-8.06846881e-03j -1.60272654e-02-5.21794383e-03j]
 [-2.52556583e-02-1.37268858e-02j -5.01488811e-03+1.47494282e-03j
   1.00328131e-02+3.98290267e-03j -2.66526001e-02-1.60790159e-03j
  -2.16122266e-02-1.63893124e-02j -6.42808674e-03-2.14466164e-03j
   3.91068481e-02+2.42712623e-02j -2.19573061e-02+5.42890020e-03j
   5.74772383e-03-9.92416110e-03j -2.46207148e-02+7.27268853e-03j
   8.18396351e-01+5.65150585e-01j -1.02792166e-02+1.08229044e-02j
   2.93696664e-02+3.22526021e-02j  1.22216561e-03+6.15034316e-03j
   2.22820101e-02+9.41925728e-03j  2.85910832e-02+3.71392480e-02j]
 [-2.84546462e-02-2.24103445e-02j -5.55578634e-03-6.07675903e-03j
  -3.57654941e-03-5.90054961e-03j -5.74059362e-02-3.75912754e-02j
  -3.21442344e-02-2.85027620e-02j  2.48465984e-02+1.41103070e-02j
  -5.22266693e-05-3.19366557e-03j -5.15175140e-02-4.03291168e-02j
  -1.33583454e-01-8.53073326e-02j  8.04826562e-01+5.54990513e-01j
   6.64221051e-04+2.54024525e-02j  2.74298102e-02+2.64077426e-02j
  -9.96649663e-03-1.97420140e-02j  1.33921631e-02-4.69586463e-05j
   4.19892983e-04-2.09903790e-03j -2.96783415e-02-4.87842525e-02j]
 [-2.03346060e-03-5.41678242e-03j  4.95279883e-03+1.88642340e-02j
   6.53830844e-02+5.26522591e-02j -7.87981750e-03-6.65010170e-03j
  -1.09752526e-02-7.13034914e-03j -4.73326787e-04+1.37748506e-02j
   5.87639346e-02+5.54108684e-02j  2.38108120e-02+1.79423460e-02j
  -5.13537515e-01-3.49694806e-01j -1.05180568e-01-7.17800119e-02j
  -1.46187617e-02+8.18101834e-03j  6.22519230e-01+4.29450193e-01j
   3.38711021e-03+6.92656598e-03j -6.40891884e-02-4.54677786e-02j
   5.47839915e-02+2.95239939e-02j  9.53089026e-03+2.36947284e-04j]
 [-2.28465938e-01-1.56265500e-01j -2.28207518e-02-5.79498631e-03j
   1.29591296e-02+9.01012925e-03j -1.93643165e-01-1.31594231e-01j
  -1.92120237e-01-1.30550387e-01j -2.20954755e-02-3.47927559e-02j
  -3.09171230e-02-2.59152156e-02j -1.57546960e-01-1.14438091e-01j
  -5.46590201e-04+5.80940382e-04j  6.48163698e-03-1.90368207e-02j
  -6.56535551e-02-3.69087009e-02j  8.41625625e-04-4.78451653e-03j
   5.46877190e-01+3.81106109e-01j  7.24674958e-02+5.54528386e-02j
  -1.45017736e-03+3.68636931e-03j  4.56774038e-01+3.24294144e-01j]
 [-2.00018392e-02-1.50037284e-02j -1.53320490e-02+1.94033670e-03j
   3.01186660e-01+2.02081568e-01j -2.34744803e-02+3.06154793e-03j
   1.84609368e-02+1.05377666e-02j -1.34643430e-03+4.49054893e-03j
   2.49086878e-01+1.74805669e-01j -1.66405254e-04-9.99518774e-03j
   1.16508211e-02-6.97505889e-03j  1.56364087e-03-1.67543384e-03j
   3.12199064e-04+3.59324102e-03j  2.49681437e-03+6.88130628e-03j
  -6.60123096e-03+8.74655803e-03j  2.26321753e-02-5.78585489e-03j
  -7.22361694e-01-5.00909929e-01j  6.72840814e-03-1.28716281e-02j]
 [-9.25220537e-02-6.17826710e-02j  2.75005041e-01+1.83396502e-01j
  -5.45018014e-03+1.63887184e-03j -3.65780637e-02-3.40554159e-02j
   1.66962301e-02+1.63326404e-02j  2.71025461e-01+1.87339400e-01j
  -9.51437752e-03+5.13520625e-03j  4.38211262e-02+4.73375093e-02j
   3.55527099e-02+2.56635062e-02j  6.31282793e-03+9.63712582e-03j
   1.15723250e-03-1.04388401e-03j -6.02171694e-02-2.39317922e-02j
   1.17091055e-01+7.63820319e-02j -7.04679083e-01-4.88065808e-01j
  -4.96906174e-03-2.44806872e-02j -2.74677011e-02-2.22612438e-02j]
 [-1.75569543e-01-1.22360562e-01j -4.01911879e-02-6.44950259e-03j
   6.76491366e-02+6.30325104e-02j  2.20773485e-01+1.52226514e-01j
  -1.71728634e-01-1.13963561e-01j -1.75641754e-02-3.00980197e-02j
  -5.84804776e-02-5.09826203e-02j  2.00921260e-01+1.36403135e-01j
   2.96427383e-03-4.09938586e-03j -1.17134629e-02+3.89606662e-03j
   2.56936101e-03+6.95684389e-03j -2.47343144e-03+4.16234954e-03j
   4.50217757e-01+3.06746068e-01j  9.39688038e-02+6.60556514e-02j
   1.58465766e-02-7.35604757e-03j -5.52366948e-01-3.84372516e-01j]]

********* Summary *****************
Final fidelity error 0.23326792295073961
Final objective value 0.2333356319710738
Final penalized error 6.770986402651941e-05
Final gradient 0.013281843045626313
Number of iterations 1231
Terminated due to function converged
Completed in 0:02:15.821336 HH:MM:SS.US
Computational time 135.82133645899998
total tv norm 50.8109322231247
total l2 norm 0.000677098640265194
