Final evolution
[[-2.09447825e-03+9.94699153e-03j -2.68988925e-02-1.02613328e-05j
   3.15978816e-02+2.48796957e-02j  5.11596002e-01+6.98985506e-02j
   6.60598033e-03-1.60033555e-02j  2.66686505e-02+4.33914952e-03j
  -2.39424677e-02-2.62407522e-02j -8.31058787e-01-1.64013069e-01j
   1.64004741e-03+5.48849759e-04j -3.33897186e-03+7.64732784e-03j
  -5.24675155e-03-2.98374360e-03j  3.97989090e-03+6.50168065e-03j
  -2.95038691e-04+6.20262583e-04j -2.79822468e-02+1.14188955e-02j
   1.46627512e-03-9.61619407e-04j  9.92512885e-02+1.24051845e-02j]
 [ 9.30404346e-03-2.67605589e-03j  7.94835208e-03-9.61805337e-03j
  -4.92629016e-01-1.03207997e-01j -3.86611527e-02+1.27636831e-01j
   5.76020027e-03+7.38959150e-03j -1.10965881e-02+2.43482626e-03j
   8.28569055e-01+1.23372998e-01j -8.31664454e-02+9.92749337e-02j
   3.79571630e-03-7.72094749e-03j  9.17694139e-04+3.59371152e-03j
  -7.38539393e-03-2.18931961e-03j  3.80742716e-03-1.24419641e-02j
   2.26278380e-02-1.41908922e-02j -1.02708926e-03-1.28039778e-03j
  -9.38502813e-02-7.15444493e-03j -2.99357607e-04+1.11915751e-03j]
 [-4.27584844e-01+2.59811308e-01j  2.91457269e-02-1.26887584e-02j
  -5.99345696e-03-3.27369310e-03j -1.00332286e-02-1.36424386e-02j
   7.09446351e-01-4.47116959e-01j  4.51050770e-02+2.39131817e-02j
   1.61410565e-02+5.49758841e-03j  9.39612838e-03+1.05197832e-02j
  -7.18760715e-04-7.40264530e-03j -1.98307966e-03+6.09848058e-03j
  -4.84183330e-02+1.85317204e-02j -6.59384186e-02-1.02246195e-01j
  -6.00645572e-02+6.39121602e-02j -4.58830738e-03-4.68476135e-04j
   1.24346349e-01-3.39717138e-02j  8.14475062e-03+4.36966901e-03j]
 [-1.89547391e-01-3.17237234e-02j -3.88782920e-01+3.07736529e-01j
  -8.25711038e-03+2.15422662e-03j -1.74302589e-02+1.46006787e-02j
  -8.34879501e-02+3.30017836e-02j  6.37369031e-01-5.07792188e-01j
   1.77115427e-02+3.95437552e-03j  4.02256819e-02-1.82815533e-02j
   1.37376142e-02-8.37602582e-04j -7.44969162e-03-7.63920637e-03j
   4.48406830e-02+8.99422221e-02j -4.90130124e-02+2.98664016e-02j
   1.61493694e-03-3.86577229e-03j -6.89808735e-02+4.39098096e-02j
  -9.93715591e-03-1.98390652e-03j  1.36882751e-01-5.42866938e-02j]
 [-4.68912254e-03+1.61066400e-02j  2.21847763e-02-1.72487359e-02j
   1.18242443e-01+7.70832070e-02j -7.20882316e-01+4.30345590e-01j
  -2.73987377e-03+1.09646913e-02j  2.04341980e-02-1.82856409e-02j
  -7.75137053e-02-1.00202937e-01j -4.41744075e-01+2.39527683e-01j
   1.45109097e-04-3.08425672e-04j -1.07460316e-02+2.59149619e-02j
  -2.25814384e-03+7.43465265e-04j  4.54234339e-02-3.46835410e-02j
  -4.30586694e-03-1.31133073e-03j -9.79210551e-03-8.80453253e-03j
   1.23334354e-02+1.06155050e-02j  3.67586536e-03+1.28890645e-02j]
 [ 3.42085107e-04+5.35076851e-03j  2.74368191e-03+7.39393336e-03j
   7.95094446e-01-2.94494944e-01j  1.95147380e-02-4.30954094e-02j
  -4.60651959e-03+1.09269337e-02j  1.58903922e-03+7.38286880e-03j
   4.80788461e-01-2.03195483e-01j  2.94062757e-02-3.65346112e-02j
   1.50894230e-02-2.27697073e-02j -8.08329437e-04-9.22980820e-04j
  -4.93458066e-02+2.21109993e-02j  7.49567933e-05+3.46079019e-03j
   4.96215924e-03+9.08982771e-03j  7.36435095e-04-1.77252452e-03j
   2.54332919e-03-1.09265299e-02j -2.04724407e-03+9.67457669e-04j]
 [-7.41570132e-01-3.46787571e-01j  5.46341341e-02-4.20216139e-02j
  -5.50866124e-03-1.61847357e-02j  7.87111349e-04+1.28476074e-02j
  -4.43798512e-01-2.12334481e-01j -2.04280392e-01+3.13742194e-02j
  -4.94306880e-03-9.64597630e-03j  1.54789578e-03+9.14008948e-03j
   7.34723498e-02+1.86226662e-02j  2.59634484e-03+3.11290112e-03j
  -1.02544195e-01-1.05887137e-01j  9.74133022e-03-3.93776281e-03j
  -2.17474534e-03+1.77522608e-03j  1.09752536e-02-2.43719589e-03j
  -4.32467304e-02-3.61769016e-02j  9.34157299e-02-1.76480687e-03j]
 [-2.86066296e-02-1.52377349e-02j  8.20973669e-01+1.83126274e-01j
   3.08161971e-03+9.72757844e-03j  3.83190807e-02+1.88288537e-02j
  -4.12400321e-02-6.67451141e-03j  4.85295334e-01+1.14804613e-01j
  -1.08243197e-02+1.55870742e-03j  1.96712899e-02+9.27183454e-03j
   1.97472451e-03+1.31179840e-03j -5.69785972e-02-2.68875325e-02j
  -5.71408690e-03+8.28852453e-04j  1.06389110e-01+5.75722993e-02j
   6.73704203e-03+6.31690217e-05j  3.43325478e-03-4.84188369e-03j
  -1.28041961e-01-2.54562472e-02j  4.51096022e-02+2.56918264e-02j]
 [ 2.07397276e-02-5.77356352e-02j  1.41355930e-01+7.54854772e-03j
   2.58734607e-04-2.45323142e-03j -3.77912403e-02-1.89332945e-02j
  -3.72250194e-02+9.84980006e-02j  1.08081369e-02-3.81726135e-03j
   4.88117821e-04+3.33992429e-03j -3.33493061e-02-1.10843701e-02j
   6.66326085e-03-2.09231243e-02j  3.20720468e-02+3.49747322e-03j
  -1.36850499e-03-2.96781963e-02j -9.47175785e-01-2.43958600e-01j
  -8.12908862e-04-9.67359774e-03j -3.46591582e-03+1.00097049e-03j
   3.26015884e-02+3.04803070e-02j  2.60834846e-02-9.84356514e-03j]
 [-1.17288178e-01-1.07110798e-02j  1.09401276e-02-6.82025658e-02j
   3.92292110e-02+1.32707311e-02j -3.75619975e-03+6.20161542e-03j
  -1.02503311e-02+2.21176554e-03j -2.81683754e-02+1.29727535e-01j
   3.08700449e-02+4.91770867e-03j  2.62328265e-03-5.39584648e-03j
   3.79052549e-04+1.21198688e-02j -1.32036076e-02+4.41990385e-03j
   9.35182436e-01+2.21643135e-01j -9.28345879e-03+7.36847728e-03j
   2.96432659e-03-5.55356473e-03j  2.07765068e-04-4.86872055e-03j
  -1.53026951e-02-4.00381042e-02j  1.00712769e-01-1.56930443e-01j]
 [ 6.64371009e-02-1.33700886e-02j  1.71319730e-03-8.36077990e-04j
  -1.90943393e-02-9.94864003e-04j -1.26791759e-03+3.35745610e-04j
   3.11389936e-02-1.82767576e-02j  5.06098414e-03-2.48440134e-03j
  -1.73837620e-02-5.79781135e-03j  3.26170474e-04-1.10694213e-03j
   8.97058450e-01-4.24879888e-01j  4.62519208e-02+1.52539816e-02j
   1.27487370e-02+1.37925333e-02j  1.13854480e-02+2.07668184e-02j
  -5.56892555e-02-3.01826695e-02j  1.14570670e-02-2.52434088e-02j
   6.97369579e-03-2.77620695e-03j -1.97265574e-03-6.62142459e-04j]
 [-1.22386979e-02+1.96742948e-03j  3.82240721e-02-3.18082014e-02j
   3.57738758e-03+3.46766153e-03j -1.77254390e-02-6.00794223e-04j
   1.25789059e-02+4.14499791e-03j  2.01876856e-02-2.37796951e-02j
  -7.76727621e-04-2.93573154e-03j -1.64166418e-02-9.52217429e-03j
  -6.11572771e-03+3.92650603e-02j  8.47334014e-01-5.01679078e-01j
   1.32796536e-02-8.05985167e-04j  3.70202382e-02-1.62784830e-02j
   1.41940717e-01+6.56600631e-03j -2.14278682e-03+4.72529130e-02j
   1.42311702e-03+4.54905507e-03j  2.99838539e-03-2.90206226e-03j]
 [ 1.26544222e-01-1.99708951e-02j  4.88197289e-03-9.51451174e-03j
  -5.25775033e-03-2.55071485e-03j -5.04900586e-02+2.40302638e-02j
   6.90188983e-02-1.74657062e-02j -6.31588202e-02+9.47635182e-02j
  -4.39826188e-03-4.24089338e-03j  6.00562298e-02-5.12525818e-02j
  -7.68143634e-03-1.32562845e-03j  3.26441501e-04+2.28654889e-03j
  -1.58490864e-01-1.02352427e-01j  2.95124276e-02-5.35447157e-03j
   2.06753151e-03-2.22930169e-02j -2.07998415e-02+2.25559209e-02j
  -2.95306244e-02-5.34295259e-03j  7.30234877e-01-6.19561479e-01j]
 [-1.19657176e-02+9.87400610e-03j -8.84426237e-02+4.53854364e-02j
   5.45614105e-02-1.50021629e-02j -8.42301505e-03+7.08032025e-04j
   1.03541003e-01-1.02152079e-01j -5.76562248e-02+2.36798730e-02j
  -6.57378994e-02+3.91640641e-02j -1.35633240e-03+1.51710965e-03j
   1.61720855e-03-1.86155010e-03j  6.68773271e-03-4.68535868e-03j
   3.15042577e-03+4.03834069e-02j -5.17263192e-02+3.18123068e-02j
  -6.06761805e-03-5.67726548e-03j -4.66503815e-03-4.90934065e-03j
  -8.43889617e-01+4.86275768e-01j -5.67907340e-03+3.92634508e-02j]
 [-3.15663654e-02-3.07440386e-02j -9.61865240e-03+2.12987750e-03j
   1.37946851e-03+1.88670891e-02j  2.99743611e-03+2.78153445e-03j
   6.38788960e-02+3.58669761e-02j -5.17790159e-03+4.61866602e-03j
  -1.54780494e-02-1.31226915e-02j  1.24452419e-03+2.13059360e-03j
   5.50068720e-02-4.19368657e-02j -1.34613349e-01+3.62792772e-02j
  -6.12157469e-03-6.91649901e-03j -5.80419050e-03-3.17510025e-04j
   9.27691622e-01+3.24392942e-01j  2.74378814e-02+3.83028623e-04j
   4.95487249e-03+1.79339618e-02j -1.07052450e-02-1.88937939e-02j]
 [ 3.29156876e-03+1.59677663e-03j  4.16011553e-02+3.24626430e-03j
  -2.97465222e-04+5.12461767e-04j -4.69437033e-03-1.75062573e-02j
   2.96873694e-04+7.93220752e-04j -6.75703837e-02+2.09398291e-04j
  -8.93779773e-05+7.13957608e-04j  1.65122322e-02+9.94215499e-03j
   2.22795711e-02+1.97117596e-02j -2.48114819e-02-3.99887539e-02j
  -3.57231376e-04+1.83454014e-04j  5.87234144e-03+2.03463646e-03j
   2.51979920e-02+3.32853392e-03j -9.87324268e-01-1.11558685e-01j
   2.51664937e-03-5.61233407e-03j -4.18591252e-02-1.22070960e-02j]]

********* Summary *****************
Final fidelity error 0.15782025746141992
Final objective value 0.2319383445963616
Final penalized error 0.07411809062645099
Final gradient 0.015748196309532614
Number of iterations 1598
Terminated due to function converged
Completed in 0:02:27.265672 HH:MM:SS.US
Computational time 147.265671833
total tv norm 257.8538856967651
total l2 norm 741.1809062645099
