Final evolution
[[ 3.76979226e-04+5.13585411e-04j -2.66219023e-02-9.99642233e-01j
  -2.49184814e-03+4.77617093e-05j  8.22151417e-05+2.38838951e-04j]
 [-2.66217648e-02-9.99642236e-01j  3.47892904e-04-5.33258159e-04j
   6.92018383e-05-2.44130845e-04j -2.49079404e-03+8.62370949e-05j]
 [-2.49184742e-03+4.77681453e-05j  6.92019681e-05-2.44126267e-04j
   1.30480995e-04+5.06990912e-04j -2.71316014e-02-9.99628594e-01j]
 [ 8.22151895e-05+2.38843551e-04j -2.49079441e-03+8.62435651e-05j
  -2.71314638e-02-9.99628598e-01j  1.03978305e-04-5.13741540e-04j]]

********* Summary *****************
Final fidelity error 3.3403315318203397e-06
Final objective value 3.63679424012453e-06
Final penalized error 2.9643311752991503e-07
Final gradient 0.0014534947687352153
Number of iterations 53
Terminated due to function converged
Completed in 0:00:00.366846 HH:MM:SS.US
Computational time 0.36684583299999973
total tv norm 6.610548826393078
total l2 norm 2.9643311752991503e-07
