Final evolution
[[ 2.11916703e-04-8.89144598e-04j -1.86127469e-01-9.82525174e-01j
   6.77068169e-05-2.29564075e-05j -6.83888051e-05-4.28447245e-05j]
 [-1.86084684e-01-9.82533280e-01j  5.22398296e-04+7.50045735e-04j
  -4.45131390e-05+6.34363087e-05j  5.75599801e-05-4.43935056e-06j]
 [ 5.51702948e-05-1.68178496e-05j -4.80840527e-05+6.48964679e-05j
  -2.37861917e-04+9.12633532e-04j -1.86094397e-01-9.82531412e-01j]
 [-6.45244650e-05-4.27809991e-05j  7.14672879e-05-3.30603526e-06j
  -1.86049484e-01-9.82539917e-01j -5.55084304e-04-7.62472518e-04j]]

********* Summary *****************
Final fidelity error 4.3688020068266553e-07
Final objective value 4.368801416188006e-07
Final penalized error 0.0
Final gradient 6.203049910711218e-05
Number of iterations 96
Terminated due to function converged
Completed in 0:00:01.312681 HH:MM:SS.US
Computational time 1.3126807500000002
total tv norm 25.516471733066233
total l2 norm 167.48180578702548
