Final evolution
[[ 5.47065767e-03-1.30363192e-03j -2.72203231e-04-5.61526490e-05j
  -6.72072342e-04-1.99857325e-04j  9.26847813e-01-3.74493856e-01j
   6.58399323e-04+5.10263749e-04j  1.98816193e-03-1.44626925e-03j
   1.00715458e-04+2.78814257e-05j -2.33071333e-02+8.89489239e-03j
  -4.91562375e-04-4.55735223e-04j -8.43012816e-04-1.78824724e-03j
   1.61001391e-04-4.77293055e-04j  1.36722035e-04+1.11509489e-04j
  -3.50179567e-03-3.85940115e-04j  7.92037920e-04+1.35194137e-03j
   5.52240536e-04-8.84282504e-04j -4.64011657e-03+2.01737584e-03j]
 [ 9.59432784e-04-3.27111304e-05j  2.05315956e-03+5.95303889e-04j
   9.26967358e-01-3.74186068e-01j  3.15532150e-04-5.79974125e-04j
   2.69301731e-03+1.86946897e-03j  1.24132527e-05+5.55354714e-04j
  -2.38825657e-02+9.37609546e-03j -1.02762847e-03+1.26595438e-03j
   3.06419306e-04-1.68794618e-03j  4.03436862e-04-6.00072402e-04j
  -7.61165133e-05+2.07012088e-04j  1.30759373e-03-8.66281897e-04j
  -3.50627439e-04-6.23965656e-04j -4.04825160e-04+1.53440556e-04j
  -5.55548920e-03+8.98906182e-04j  6.10978808e-05+1.54268423e-04j]
 [ 2.28561616e-02-8.63183115e-03j  9.25675291e-01-3.76646672e-01j
  -1.09961445e-03+1.88876828e-03j  7.69418977e-05-2.10685205e-04j
  -9.34475938e-04+1.14167233e-03j -2.28994040e-02+9.94710609e-03j
  -4.64793623e-04+4.69748149e-04j -8.54103042e-04-1.30985577e-03j
   1.48247653e-05+1.60755538e-03j  5.36843133e-04-4.68874004e-04j
  -7.81818738e-04-4.73900687e-04j -1.09969710e-04-1.07439772e-03j
  -1.78896294e-04+6.50926616e-04j -2.77507500e-03+2.33567685e-03j
  -8.81412299e-04+3.58093041e-03j  2.64039449e-04-1.92051706e-04j]
 [ 9.16943612e-01-3.70831174e-01j -2.16471402e-02+9.41570534e-03j
  -7.65152151e-04+5.34472049e-04j -5.62176178e-03+3.11897313e-03j
  -2.15739587e-02+9.13493188e-03j  3.12735594e-02-1.31762154e-02j
  -4.06007700e-04-7.93398519e-04j -5.11199393e-02+2.11922990e-02j
  -8.72938151e-04+3.12630566e-04j -9.49290890e-04+3.41884410e-04j
   1.67924767e-04+1.44999271e-03j  3.10149694e-04-7.28229061e-04j
  -5.69203907e-03+2.20846207e-03j -5.03546419e-02+2.01246359e-02j
  -3.94415333e-04+3.02789378e-05j  1.07195677e-01-4.31501511e-02j]
 [ 5.18470330e-02-2.04886516e-02j -1.53700094e-03-9.96227300e-04j
   1.58572457e-03+2.43203151e-04j  2.26233389e-02-9.65553847e-03j
   1.77828979e-03-1.03904351e-03j  1.55558958e-03-3.79407460e-04j
   4.72925823e-04-3.49984790e-05j  9.24876610e-01-3.75300723e-01j
  -1.06041641e-03+2.03545145e-03j  4.55434140e-04+1.73952269e-04j
   1.64106430e-04+2.76813243e-04j -1.45833321e-03+4.14029431e-04j
   3.16951483e-06+1.22302353e-03j -2.58304397e-03+2.52677789e-03j
   7.69490252e-05+2.02142760e-03j  4.00271522e-04+9.40091343e-05j]
 [-1.47980776e-04-8.80167825e-04j  7.23573979e-04+5.21019159e-05j
   2.36808580e-02-9.86112701e-03j -5.87633685e-05+9.78078717e-05j
   6.29396077e-05+3.03686318e-04j  3.58604971e-04+1.33108208e-04j
   9.26492362e-01-3.75420319e-01j -3.83201703e-04+3.81705014e-04j
  -4.35038000e-04+5.94088510e-05j -1.05775454e-03-1.15255726e-03j
   6.30802402e-06-5.59340872e-05j  6.98185025e-04-1.34111166e-04j
   4.28274183e-04+1.92280106e-03j -1.12877792e-03+5.36476669e-04j
  -5.10422052e-04-4.44314846e-04j -1.43919350e-03+6.86588642e-04j]
 [-3.07934888e-02+1.20619762e-02j  2.41352522e-02-9.09711011e-03j
   3.48026155e-04+5.30083017e-04j -2.26214478e-03+2.53358787e-04j
   2.42804716e-02-9.61998211e-03j  9.26349883e-01-3.73394780e-01j
  -1.63839417e-04+3.73736574e-04j  3.45154855e-04+7.66472406e-05j
  -4.16406617e-04+4.51701125e-04j  2.34329321e-04+3.26071128e-05j
  -1.43893693e-04-5.31061455e-04j -3.02159262e-04-7.25014176e-04j
   6.74277324e-05-1.14602817e-03j -6.64052670e-06-4.57562677e-04j
  -7.37232678e-04-1.33134412e-04j -5.21200250e-05-1.35251243e-03j]
 [ 2.26811806e-02-8.75641964e-03j  3.30761215e-04+6.33108580e-04j
  -6.62290511e-04+3.21717055e-03j -2.46199228e-04+9.09483782e-04j
   9.26366801e-01-3.74905568e-01j -2.34229571e-02+9.63452096e-03j
   1.76095801e-04+1.46937980e-04j -3.21803494e-03+9.51682033e-04j
   1.58691230e-03-2.73355843e-04j -8.38589555e-04+7.17168815e-05j
  -4.17599016e-04+2.76889344e-04j -9.93370059e-04+4.81790785e-03j
   4.01716149e-05+6.52877011e-04j  1.03104788e-03-1.65778810e-03j
   3.89272540e-05+9.58427312e-04j  8.08833206e-04-8.53672155e-04j]
 [-2.90987386e-04-2.46729880e-04j -6.59198331e-04-8.44227816e-04j
  -1.56941343e-03+2.96348357e-04j  3.24935142e-06+1.61106004e-04j
   4.05868453e-03+2.74961847e-03j -3.82371757e-04-7.89579665e-04j
  -5.47589563e-04+3.84005482e-04j  1.36619508e-03-7.05114360e-04j
   4.83982021e-03-1.40855144e-03j  7.95584132e-04+3.78767731e-04j
  -6.41333287e-04+8.47842144e-05j  9.26801148e-01-3.75461107e-01j
  -1.69292653e-05-5.35910776e-04j  2.75982127e-03+1.10579246e-03j
   4.82759808e-04+6.44290912e-05j -1.04303126e-03+2.26400971e-04j]
 [ 7.27128939e-04+1.11895336e-03j  2.05386177e-04-9.23756572e-04j
   2.00522934e-04+9.80259840e-05j -4.39070904e-04-2.33426756e-04j
   4.71689021e-04-1.23252948e-04j -2.60955512e-04-4.21604224e-04j
  -4.56372148e-05-3.42991064e-05j  4.02072696e-05+2.55112293e-04j
  -1.64977906e-04+6.77019640e-04j -1.15930428e-03+1.89122846e-04j
   9.27363631e-01-3.74144294e-01j  5.24680816e-04-3.88925626e-04j
   1.59881154e-03-5.76907114e-04j -1.19756141e-03-9.19517583e-04j
   5.79968508e-04+2.38473057e-04j  1.16695532e-03+2.91904846e-05j]
 [ 1.04345316e-03-3.16446825e-04j -7.01697204e-04+7.85765695e-05j
  -7.37917183e-04-2.20895902e-04j -6.55724388e-04-1.87688867e-03j
   5.89270161e-04-4.97692633e-04j -9.64588435e-05+1.82558116e-04j
  -1.52904913e-05-1.56951574e-03j -1.89431855e-04+5.30432558e-04j
   2.28875823e-02-9.59603592e-03j  9.26424755e-01-3.75638478e-01j
   9.81331052e-04-6.57089036e-04j -4.19084576e-04+8.87784065e-04j
  -2.94671676e-04-6.61101319e-04j  4.52857532e-04+1.10100403e-04j
   1.13197881e-03-1.24717433e-03j -7.03745116e-04-9.47136077e-04j]
 [ 9.08096711e-04-4.14263903e-04j  1.13021246e-03+1.16183916e-03j
  -1.36425887e-03-1.00965181e-03j  9.74496973e-05-6.03701061e-04j
  -1.36535408e-03+9.17546770e-04j  6.53977775e-04-3.57345826e-05j
   3.91677724e-04-1.99630498e-04j  2.13948855e-03+7.46345041e-04j
   9.26197121e-01-3.76162630e-01j -2.31086141e-02+9.06845195e-03j
   5.68681366e-04+3.86864633e-04j -4.44502730e-03+2.33103437e-03j
  -1.82833623e-04-9.09425617e-04j -4.26357088e-05-1.14855100e-03j
  -1.94813707e-04-9.17072740e-04j  1.01024777e-04+4.98196951e-04j]
 [-1.06619234e-01+4.32520002e-02j  2.17036613e-03-1.07747894e-03j
   1.89876003e-04+7.11268751e-05j  5.43017047e-03-2.15421608e-03j
   1.31215275e-03-1.13213636e-03j -4.49960261e-03+5.10049511e-04j
   1.57241967e-03-4.15297039e-04j  5.60988115e-03-2.07703129e-03j
   3.69927902e-04+3.54862594e-04j -5.53168086e-05-1.24362755e-03j
  -8.55389194e-04+6.70845052e-04j  8.82220918e-04-4.86915444e-04j
   5.47206672e-03-3.11756453e-03j  5.07885170e-03-3.40598876e-03j
   5.08234505e-04+2.63503484e-04j  9.20914687e-01-3.72148314e-01j]
 [ 4.17470996e-04-2.07151114e-04j  3.14907934e-03+1.93185101e-03j
   4.60283594e-03-3.23255890e-03j -9.82194002e-04-2.08443149e-04j
   6.57772133e-04+7.18687591e-04j  3.51095968e-04-6.79205629e-04j
  -6.76756316e-05-5.92058000e-04j  1.35848618e-03+1.51915310e-03j
  -5.54648890e-04-7.94826409e-04j -1.66527033e-03-8.42404066e-05j
  -2.54255988e-04+5.73264269e-04j -2.90996743e-04+3.75212087e-04j
  -6.74342721e-04-3.31530430e-04j -8.86827988e-04-1.05466597e-03j
   9.26134491e-01-3.77114391e-01j -1.34858738e-04+5.19158518e-04j]
 [ 5.08116156e-02-2.05250232e-02j  2.44091771e-03+2.50008032e-04j
   3.86375063e-04-1.76372428e-04j  1.74822631e-04+1.63148121e-03j
  -3.08264888e-03+4.25087690e-05j  1.35919640e-03-1.05140120e-03j
   1.16865403e-03-3.96339162e-04j  8.12494288e-04+1.17103342e-03j
  -8.56904889e-04-8.28129673e-04j -2.86302150e-04+4.28590667e-04j
   2.01003948e-04-1.40271462e-03j -1.20584528e-03+2.66170556e-03j
   2.30197749e-02-9.90870864e-03j  9.25348254e-01-3.74244136e-01j
  -1.29098204e-04-1.37508952e-03j -3.12659869e-04-1.26579741e-03j]
 [ 5.09842764e-03-1.95876943e-03j  3.56248717e-04+3.77432847e-04j
  -1.75246591e-04-6.42121846e-04j  2.19724418e-03-2.69865442e-03j
   3.46271921e-04+5.39722754e-04j -6.80069282e-04-8.60630922e-04j
   9.90950901e-04+1.70328216e-03j  4.23565350e-04+1.05216273e-03j
  -5.02667804e-04-7.80067951e-04j -2.37801095e-04-6.67995902e-04j
  -1.55138805e-03+7.33315588e-04j -3.34072243e-04-4.60701163e-04j
   9.26812903e-01-3.74549306e-01j -2.37463132e-02+9.00367848e-03j
   2.43414063e-04-6.74043299e-04j -5.41952865e-03+1.32305539e-03j]]

********* Summary *****************
Final fidelity error 1.3131266285437704e-05
Final objective value 1.3131124602994149e-05
Final penalized error 0.0
Final gradient 0.0004383588745780141
Number of iterations 5403
Terminated due to function converged
Completed in 0:41:42.191510 HH:MM:SS.US
Computational time 2502.191509833
total tv norm 590.2810815504812
total l2 norm 20291.313112227705
