Final evolution
[[-2.34615390e-03-7.36848172e-03j  2.78123270e-04-6.60157298e-04j
  -1.56985849e-03-1.29162751e-03j -6.02350933e-01-7.97738141e-01j
   3.72617593e-03-2.68761424e-03j -2.10467178e-03+1.78949029e-03j
  -9.50979790e-05-3.57612283e-04j  1.50821710e-02+2.09182993e-02j
   1.19473574e-03-7.82136171e-04j -8.80447099e-04+7.41828090e-04j
  -7.94546709e-04-9.63327225e-04j -5.50071372e-04-8.38069521e-04j
  -1.59831903e-04-8.44394445e-05j -1.16526103e-04-5.87382989e-04j
  -2.27177470e-04+6.28278582e-04j  2.76528330e-03+3.79865167e-03j]
 [-1.95484514e-04-9.68837162e-04j  1.41123797e-03+2.21722285e-03j
  -6.01865445e-01-7.98175672e-01j  7.19811808e-04+1.70635625e-03j
   4.37528931e-04-2.36924924e-03j -4.81600189e-04+6.93583795e-03j
   1.46998880e-02+1.73291112e-02j -4.58475057e-03-6.51907326e-03j
   8.21945888e-04-7.79723834e-05j  8.25574350e-04-3.38528068e-04j
  -5.38063586e-04-5.59197960e-04j  1.21036919e-03+8.38683898e-04j
  -2.78718130e-04-6.31883287e-04j  6.43327562e-05-5.79841992e-06j
   2.78071580e-03+3.89740213e-03j  7.41826564e-04+1.45422610e-04j]
 [-1.60143433e-02-2.12466020e-02j -6.00341422e-01-7.98753832e-01j
  -1.50781001e-03-1.99667901e-03j  9.13363540e-04-6.75904808e-05j
   2.67334652e-04+7.17524318e-04j  1.77996049e-02+2.18497498e-02j
  -1.21167384e-04-3.69680929e-03j -1.16989576e-03-1.87266144e-03j
  -1.04466379e-03-4.39347133e-03j  2.10200100e-03-1.51114975e-03j
  -5.30278716e-04+1.85828470e-03j -1.82900656e-04+3.15300722e-04j
   1.79380774e-05+7.85614850e-04j  2.65639580e-03+3.85286034e-03j
  -1.05615438e-04-3.45345251e-05j -6.97376623e-04-3.94648270e-04j]
 [-6.01982718e-01-7.97640628e-01j  1.58580776e-02+2.10403325e-02j
   7.72743810e-04+4.89806212e-04j  6.44429852e-03+4.48432977e-03j
   1.39720962e-02+1.62435338e-02j -5.22194160e-03-7.83849578e-03j
  -2.13858279e-04+1.66290995e-03j  4.43888192e-03+5.06094769e-03j
   1.76190690e-03-8.34520534e-04j  6.29557108e-04-2.17413157e-04j
   4.81461418e-04-2.12035880e-03j -9.55794550e-04+1.27780295e-04j
   2.80863580e-03+3.85482985e-03j  6.71986270e-04+1.49897379e-04j
  -6.77313339e-04-2.20773204e-04j  1.46713627e-04-1.52665628e-04j]
 [-3.69822082e-03-5.84391165e-03j  1.53263195e-03+1.74378009e-03j
   4.96967640e-03+6.25753161e-03j -1.58514343e-02-2.03000468e-02j
  -3.41973502e-03-1.26339064e-03j -9.70193870e-04-7.25168409e-04j
   8.45178940e-04+1.56881223e-03j -5.98100997e-01-8.00902353e-01j
   2.49860673e-04-2.11172519e-04j  9.09844995e-04-3.37885916e-04j
   1.76123762e-04-4.75593467e-04j -3.47132246e-04-4.28209795e-04j
   1.41758341e-03-9.83513896e-04j  6.40407883e-04+2.37552248e-04j
   1.08273626e-03+4.27779856e-03j -1.69520524e-03+2.20298702e-03j]
 [-1.55077175e-03-2.48094384e-04j  3.53192372e-03+1.14596765e-03j
  -1.24896349e-02-1.89703528e-02j  3.02333648e-04+2.09434610e-04j
   1.54524207e-04-9.11759018e-04j -2.05782722e-03-2.78242918e-03j
  -5.96196644e-01-8.02489979e-01j -1.34970548e-03-1.39780504e-03j
   7.12276157e-04-2.03738026e-04j  8.69182819e-05+5.16475832e-04j
  -3.50486836e-04-2.89273333e-04j -4.40529298e-04+4.05270443e-04j
  -1.08623063e-03+1.21097499e-03j  5.33642494e-04+3.87151495e-04j
  -1.31607221e-03+1.96354723e-03j -5.78673153e-04+3.77189166e-04j]
 [ 5.35342835e-03+6.18481477e-03j -1.60688818e-02-2.34256406e-02j
  -6.74585252e-03-1.47945840e-03j -2.23220884e-03+1.44677558e-03j
  -1.35986439e-02-1.91108305e-02j -5.96212054e-01-8.01888943e-01j
   2.25169398e-03+2.68143723e-03j  3.51886829e-04+1.08769325e-03j
  -7.58748844e-05-6.15194243e-04j -2.40782771e-04-8.02056141e-05j
  -2.15581168e-04-3.94229855e-04j  6.52331185e-04-7.61745103e-04j
   7.70937998e-04+1.07235151e-03j  1.01015820e-03+1.60997575e-03j
  -6.29759105e-04+1.63570311e-03j  5.64616019e-04-1.59372301e-03j]
 [-1.17847126e-02-1.80931151e-02j  7.32134664e-05+5.43066230e-04j
   2.59142155e-03+2.55811278e-04j  3.80822661e-03-2.65931205e-03j
  -5.97325599e-01-8.01338455e-01j  1.43062105e-02+1.83239506e-02j
   8.06860786e-04+7.46046264e-05j  2.39099262e-04+3.80569974e-03j
  -4.15693599e-04-2.92148760e-04j -4.40513761e-04+5.58010738e-04j
   5.61014866e-04-5.83273702e-04j  2.19530298e-04+2.34038395e-04j
   9.50747411e-04+1.37501284e-03j -1.23192655e-03-9.82480431e-04j
  -1.65833205e-04+5.84411264e-04j -6.62088714e-04+8.22241844e-04j]
 [-3.77868827e-04+8.74352715e-04j -2.94820137e-04+8.07634457e-05j
  -4.74902168e-04-1.40107723e-03j  6.65968825e-04+7.74666933e-04j
  -1.22237295e-04-3.07980943e-04j  9.25750033e-04-3.84565391e-04j
  -5.04073968e-04+3.28302652e-04j  3.03525095e-04+4.27675544e-04j
  -2.73290790e-03-6.32909509e-03j -1.56402385e-04-1.90508294e-04j
   5.71089044e-05-1.05815665e-03j -5.97126507e-01-8.02093054e-01j
   3.42647881e-03-2.47930571e-03j -4.64797048e-04+2.46955591e-03j
   6.55978993e-05-2.06284277e-04j -3.12289389e-04+2.76141384e-03j]
 [ 2.14305318e-03+1.28112632e-04j -1.98587113e-03+2.81932908e-05j
   3.76940794e-04+6.81785159e-04j  6.78066359e-04+9.98468558e-04j
   6.80305825e-04-3.67757162e-04j  3.91940860e-04+3.33012592e-04j
   1.47042790e-04+4.01020143e-04j  4.42673019e-04-3.92012375e-05j
  -1.33574368e-03-2.87279475e-04j  1.94810935e-03+2.94906722e-03j
  -5.96738054e-01-8.02344477e-01j  1.03734835e-03+2.66666298e-04j
   2.15751338e-03-1.66210441e-03j -9.78923009e-04+6.98778067e-03j
  -6.29278488e-04-8.97531063e-04j -4.62181106e-03-6.31674244e-03j]
 [ 4.61730054e-04-6.14077669e-04j  2.13258087e-03-1.48320980e-03j
   5.59423825e-04-7.35493685e-04j -9.20633268e-04+5.88835251e-04j
  -6.68849881e-04+2.75940311e-04j -2.25208839e-05+3.00668053e-04j
  -4.71978271e-04-2.30556098e-04j  6.14695088e-04-8.15653633e-04j
  -1.53658090e-02-2.06736737e-02j -5.96052329e-01-8.02495318e-01j
  -2.24471484e-03-2.65437449e-03j  2.80136453e-04+3.19325862e-04j
  -1.73876900e-04+4.32666333e-04j  1.64187045e-03+3.61557809e-03j
   2.95709059e-04-4.12132714e-03j  1.59651288e-04-1.64580261e-03j]
 [ 1.38421212e-03-1.40615973e-03j  3.82124270e-03+2.29079864e-03j
   3.25293933e-04-7.36150144e-04j  1.12530611e-03-9.12422910e-04j
   1.79478076e-04+5.22055778e-04j  4.32117964e-04+1.45598254e-04j
   4.12085640e-04-5.96661084e-04j  2.56153839e-04-1.44798184e-04j
  -5.97797510e-01-8.01103589e-01j  1.53484302e-02+2.06294449e-02j
  -1.32868114e-04+1.37186427e-03j  5.28297261e-03+4.40582938e-03j
  -2.23340468e-03-2.08231324e-03j -5.07969126e-03-7.08222481e-03j
   1.17735008e-03+1.84742601e-03j  4.35242301e-03+4.91585823e-03j]
 [ 1.03305384e-04-1.05798846e-04j  2.68395010e-04+7.95963704e-04j
   7.52712582e-05-7.72587883e-04j -2.95847537e-03-3.69163655e-03j
  -9.34024657e-04+4.05759287e-04j  1.68299442e-03-1.16213467e-04j
  -5.25002626e-04+4.65243368e-04j -2.50941068e-03+1.10669964e-03j
  -3.44318536e-03-5.54000012e-03j  1.68196903e-03+4.31129732e-04j
   4.75901075e-03+6.20204638e-03j -2.71907284e-03-4.58106659e-04j
  -3.57636292e-03-3.27663129e-04j -1.17772834e-03-2.97808623e-04j
   6.91792694e-04+1.06740321e-03j -6.02749057e-01-7.97826859e-01j]
 [-2.99653638e-06+6.85713786e-04j -2.18946721e-05+1.07392338e-04j
  -3.00406285e-03-3.71136158e-03j -7.63476455e-04-1.77596061e-05j
  -6.64323970e-04-3.14974395e-05j -1.74596072e-03+1.74391987e-04j
  -2.16940853e-03+7.84622675e-04j -3.80699191e-03-2.26888147e-03j
  -1.32913216e-03-1.61804549e-03j  4.07268460e-03+9.14338987e-04j
   6.83161994e-04+8.63140247e-04j  2.23254112e-04+6.72749695e-06j
   5.82574984e-04-6.48529079e-04j -1.10293123e-03-2.10430486e-03j
  -6.00540218e-01-7.99542435e-01j -8.17554162e-04-9.22634061e-04j]
 [-8.80548959e-05-8.31964582e-04j -3.05163089e-03-3.65727217e-03j
   1.74423753e-05-5.79432286e-05j  5.28198731e-04+2.89258971e-04j
   5.41625961e-04+1.40266388e-03j -1.20331595e-03-1.39698256e-03j
  -2.53160278e-04-6.07314956e-04j -1.80576557e-05-7.24143425e-04j
   5.30635040e-03+6.84478516e-03j -3.13035170e-03-2.77589555e-03j
  -6.94105805e-03-1.09469118e-03j -2.45788939e-03-3.51838761e-04j
  -1.52372869e-02-1.91612857e-02j -6.01750187e-01-7.98192893e-01j
   1.71051421e-03+1.60224217e-03j -1.43997682e-04+1.24374891e-03j]
 [-2.97207740e-03-3.75659803e-03j -6.32593423e-04-9.57319932e-05j
   4.87639108e-04+4.66340430e-04j  8.09897657e-05+1.80363687e-04j
  -1.01194929e-03-1.28317908e-03j -7.71988409e-04-1.01243208e-03j
  -1.47708733e-03+7.17473594e-04j  1.36974681e-03-1.03483811e-03j
   1.26638670e-03+2.55301861e-03j -4.32293504e-04+4.71653928e-05j
   2.38204816e-03-1.61466882e-03j  3.38805268e-03-2.59111744e-03j
  -6.02830469e-01-7.97441881e-01j  1.42472877e-02+1.99285299e-02j
   7.32346321e-04-4.29912794e-04j -6.66018643e-04+3.46501139e-03j]]

********* Summary *****************
Final fidelity error 0.0012984255496374386
Final objective value 0.0012984960649232264
Final penalized error 7.053257284856744e-08
Final gradient 0.0003239845256880333
Number of iterations 723
Terminated due to function converged
Completed in 0:09:03.713132 HH:MM:SS.US
Computational time 543.713132125
total tv norm 114.33745340003236
total l2 norm 7.053257284856744e-07
