Final evolution
[[ 0.0032833 -5.35079247e-04j -0.01023853-9.99855113e-01j
  -0.00103859-7.49815453e-05j  0.00319916+1.27491200e-02j]
 [-0.01113812-9.99842458e-01j  0.00326632+4.57783738e-04j
   0.0030445 -1.30230306e-02j -0.00111416-1.18876042e-04j]
 [-0.00110588+1.62381394e-04j  0.00293883-1.28182862e-02j
   0.00303773-5.36284915e-04j -0.0100665 -9.99857468e-01j]
 [ 0.00333062+1.29457909e-02j -0.00104312+1.16826867e-04j
  -0.01094816-9.99845323e-01j  0.00307615+4.65900548e-04j]]

********* Summary *****************
Final fidelity error 9.374585420296455e-05
Final objective value 9.512700633047355e-05
Final penalized error 1.3811521312837536e-06
Final gradient 0.0006842576728153338
Number of iterations 163
Terminated due to function converged
Completed in 0:00:12.521951 HH:MM:SS.US
Computational time 12.521950583
total tv norm 21.685930093900577
total l2 norm 1.3811521312837536e-06
