Final evolution
[[ 0.0018029 +4.78501893e-05j -0.52334768-8.52091602e-01j
   0.00576666+2.48593169e-05j  0.00325604+3.22426451e-05j]
 [-0.52330825-8.52127190e-01j  0.00079333-1.60763326e-03j
   0.00330363-4.07544689e-05j  0.00325199-1.74010544e-03j]
 [ 0.00302844-2.10354024e-03j  0.00145474-2.90748275e-03j
   0.00176208+5.57897336e-05j -0.5233828 -8.52081671e-01j]
 [ 0.00154171-2.91667910e-03j  0.00259712-5.15576078e-03j
  -0.52333377-8.52100046e-01j  0.00076719-1.57456609e-03j]]

********* Summary *****************
Final fidelity error 1.867520261478184e-05
Final objective value 1.868358805385459e-05
Final penalized error 8.428231286969557e-09
Final gradient 0.001061017264133308
Number of iterations 36
Terminated due to function converged
Completed in 0:00:00.491979 HH:MM:SS.US
Computational time 0.4919789580000007
total tv norm 18.718211594742044
total l2 norm 8.428231286969557e-10
