Final evolution
[[ 0.05791426-1.22591203e-04j -0.06250495+7.47868837e-03j
   0.00339352-1.33743640e-01j  0.44983851+7.74972401e-01j
  -0.02634929-1.30719059e-03j  0.02861081-1.93121377e-03j
  -0.00469132+6.07629080e-02j -0.18640264-3.63137652e-01j
   0.        +0.00000000e+00j  0.        +0.00000000e+00j
   0.        +0.00000000e+00j  0.        +0.00000000e+00j
   0.        +0.00000000e+00j  0.        +0.00000000e+00j
   0.        +0.00000000e+00j  0.        +0.00000000e+00j]
 [ 0.05673374-1.62762449e-02j  0.0134906 -5.53335777e-02j
  -0.50566353-7.40093510e-01j -0.1209908 -5.79003036e-02j
  -0.02619241+6.06922584e-03j -0.00743938+2.48549095e-02j
   0.21261945+3.48584309e-01j  0.05367861+2.91874651e-02j
   0.        +0.00000000e+00j  0.        +0.00000000e+00j
   0.        +0.00000000e+00j  0.        +0.00000000e+00j
   0.        +0.00000000e+00j  0.        +0.00000000e+00j
   0.        +0.00000000e+00j  0.        +0.00000000e+00j]
 [ 0.51111129-7.27449648e-01j  0.07644401+1.59668182e-01j
   0.05286412+1.76958735e-02j -0.05730437+2.39909954e-03j
  -0.24963506+3.18903473e-01j -0.03101833-7.44354271e-02j
  -0.02363254-9.29433139e-03j  0.02612541+2.57206207e-04j
   0.        +0.00000000e+00j  0.        +0.00000000e+00j
   0.        +0.00000000e+00j  0.        +0.00000000e+00j
   0.        +0.00000000e+00j  0.        +0.00000000e+00j
   0.        +0.00000000e+00j  0.        +0.00000000e+00j]
 [ 0.06134417-1.64724328e-01j -0.56134199-6.88842226e-01j
   0.06031572+8.60406911e-03j  0.02597959-5.70968378e-02j
  -0.03178338+7.34928525e-02j  0.2391549 +3.26579373e-01j
  -0.02723639-5.33364663e-03j -0.01316238+2.53631361e-02j
   0.        +0.00000000e+00j  0.        +0.00000000e+00j
   0.        +0.00000000e+00j  0.        +0.00000000e+00j
   0.        +0.00000000e+00j  0.        +0.00000000e+00j
   0.        +0.00000000e+00j  0.        +0.00000000e+00j]
 [-0.02138477-1.54494429e-02j  0.02504536+1.39655913e-02j
  -0.0370335 +4.84010237e-02j  0.04149199-4.06070578e-01j
  -0.04513003-3.62954068e-02j  0.05332349+3.34574936e-02j
  -0.08667853+1.01910304e-01j  0.13701755-8.85529840e-01j
   0.        +0.00000000e+00j  0.        +0.00000000e+00j
   0.        +0.00000000e+00j  0.        +0.00000000e+00j
   0.        +0.00000000e+00j  0.        +0.00000000e+00j
   0.        +0.00000000e+00j  0.        +0.00000000e+00j]
 [-0.02527136-9.17803196e-03j -0.01977794+1.67911874e-02j
  -0.01157863+4.08147016e-01j  0.02911628+5.37172491e-02j
  -0.05436192-2.29872749e-02j -0.04526387+3.45685249e-02j
  -0.07167346+8.93474634e-01j  0.05773987+1.21067443e-01j
   0.        +0.00000000e+00j  0.        +0.00000000e+00j
   0.        +0.00000000e+00j  0.        +0.00000000e+00j
   0.        +0.00000000e+00j  0.        +0.00000000e+00j
   0.        +0.00000000e+00j  0.        +0.00000000e+00j]
 [-0.38306293+1.31452959e-01j  0.01453477-7.93190392e-02j
  -0.01475564-2.06676630e-02j  0.02176898+1.44469608e-02j
  -0.85470408+2.44742064e-01j  0.04086069-1.72244070e-01j
  -0.03000506-4.69835681e-02j  0.04608604+3.41412226e-02j
   0.        +0.00000000e+00j  0.        +0.00000000e+00j
   0.        +0.00000000e+00j  0.        +0.00000000e+00j
   0.        +0.00000000e+00j  0.        +0.00000000e+00j
   0.        +0.00000000e+00j  0.        +0.00000000e+00j]
 [-0.06668761+4.43186851e-02j  0.02266104+4.04148029e-01j
  -0.01993538-1.93093080e-02j -0.02485416+1.40999093e-02j
  -0.15122674+8.95973432e-02j  0.00384431+8.88590831e-01j
  -0.04151474-4.45930754e-02j -0.05608734+2.80926762e-02j
   0.        +0.00000000e+00j  0.        +0.00000000e+00j
   0.        +0.00000000e+00j  0.        +0.00000000e+00j
   0.        +0.00000000e+00j  0.        +0.00000000e+00j
   0.        +0.00000000e+00j  0.        +0.00000000e+00j]
 [ 0.        +0.00000000e+00j  0.        +0.00000000e+00j
   0.        +0.00000000e+00j  0.        +0.00000000e+00j
   0.        +0.00000000e+00j  0.        +0.00000000e+00j
   0.        +0.00000000e+00j  0.        +0.00000000e+00j
  -0.05677549-1.14289077e-02j  0.0627409 +5.13601532e-03j
  -0.029996  +1.30380664e-01j -0.28626147-8.49112052e-01j
   0.02555939+6.53540852e-03j -0.02842127-3.81303097e-03j
   0.0167142 -5.86069544e-02j  0.11024323+3.93015687e-01j]
 [ 0.        +0.00000000e+00j  0.        +0.00000000e+00j
   0.        +0.00000000e+00j  0.        +0.00000000e+00j
   0.        +0.00000000e+00j  0.        +0.00000000e+00j
   0.        +0.00000000e+00j  0.        +0.00000000e+00j
  -0.05883998+4.63571278e-03j -0.02425404+5.15319547e-02j
   0.34792065+8.26066116e-01j  0.10701443+8.08648855e-02j
   0.02687663-7.24136470e-04j  0.01224643-2.28721639e-02j
  -0.13883564-3.83982703e-01j -0.04678002-3.93056112e-02j]
 [ 0.        +0.00000000e+00j  0.        +0.00000000e+00j
   0.        +0.00000000e+00j  0.        +0.00000000e+00j
   0.        +0.00000000e+00j  0.        +0.00000000e+00j
   0.        +0.00000000e+00j  0.        +0.00000000e+00j
  -0.64591075+6.10914921e-01j -0.04306822-1.71705399e-01j
  -0.0482735 -2.78824081e-02j  0.05663182+9.07650096e-03j
   0.3082156 -2.62717012e-01j  0.0155517 +7.91259388e-02j
   0.02130443+1.38203623e-02j -0.02554939-5.46186848e-03j]
 [ 0.        +0.00000000e+00j  0.        +0.00000000e+00j
   0.        +0.00000000e+00j  0.        +0.00000000e+00j
   0.        +0.00000000e+00j  0.        +0.00000000e+00j
   0.        +0.00000000e+00j  0.        +0.00000000e+00j
  -0.09296075+1.49182807e-01j  0.41270114+7.86947402e-01j
  -0.05738848-2.04591825e-02j -0.03684382+5.07692929e-02j
   0.04580067-6.56786230e-02j -0.16922626-3.67711335e-01j
   0.02562573+1.06578951e-02j  0.01795583-2.22289242e-02j]
 [ 0.        +0.00000000e+00j  0.        +0.00000000e+00j
   0.        +0.00000000e+00j  0.        +0.00000000e+00j
   0.        +0.00000000e+00j  0.        +0.00000000e+00j
   0.        +0.00000000e+00j  0.        +0.00000000e+00j
   0.01787439+1.94036077e-02j -0.02175736-1.86795398e-02j
   0.04594163-4.00438069e-02j -0.12163564+3.89640437e-01j
   0.0369857 +4.45660659e-02j -0.04558052-4.34190608e-02j
   0.10526014-8.25783295e-02j -0.31085446+8.40420377e-01j]
 [ 0.        +0.00000000e+00j  0.        +0.00000000e+00j
   0.        +0.00000000e+00j  0.        +0.00000000e+00j
   0.        +0.00000000e+00j  0.        +0.00000000e+00j
   0.        +0.00000000e+00j  0.        +0.00000000e+00j
   0.02293353+1.40332062e-02j  0.02272913-1.25098946e-02j
   0.09273717-3.97640376e-01j -0.0178194 -5.84445892e-02j
   0.04868602+3.33662167e-02j  0.05124826-2.48478670e-02j
   0.24840714-8.61236263e-01j -0.03243736-1.30150052e-01j]
 [ 0.        +0.00000000e+00j  0.        +0.00000000e+00j
   0.        +0.00000000e+00j  0.        +0.00000000e+00j
   0.        +0.00000000e+00j  0.        +0.00000000e+00j
   0.        +0.00000000e+00j  0.        +0.00000000e+00j
   0.40158291-5.24237921e-02j -0.03006033+7.48274409e-02j
   0.01033781+2.31950641e-02j -0.01845079-1.84978783e-02j
   0.88634277-6.93846269e-02j -0.07438824+1.60636251e-01j
   0.02003313+5.20233913e-02j -0.03835209-4.26457919e-02j]
 [ 0.        +0.00000000e+00j  0.        +0.00000000e+00j
   0.        +0.00000000e+00j  0.        +0.00000000e+00j
   0.        +0.00000000e+00j  0.        +0.00000000e+00j
   0.        +0.00000000e+00j  0.        +0.00000000e+00j
   0.07418604-3.01299565e-02j  0.05838774-4.00549653e-01j
   0.01568439+2.28969147e-02j  0.02716672-8.86039024e-03j
   0.16605649-5.76407222e-02j  0.17343224-8.71510013e-01j
   0.03178834+5.19761279e-02j  0.06056295-1.63437127e-02j]]

********* Summary *****************
Final fidelity error 0.39225764454950873
Final objective value 0.6215963264486426
Final penalized error 0.22933869432258683
Final gradient 0.07687918153473028
Number of iterations 1476
Terminated due to function converged
Completed in 0:01:54.060995 HH:MM:SS.US
Computational time 114.060994959
total tv norm 147.2052658537716
total l2 norm 229.33869432258683
