Final evolution
[[ 8.14032086e-01+3.27177737e-01j -1.92182445e-01-6.58312557e-02j
  -4.39618992e-03+6.00301540e-03j -3.97859696e-01-1.54254822e-01j
  -2.41564663e-02-9.89134482e-03j  1.94473609e-02+1.30909833e-02j
  -1.04184154e-04+6.72319125e-04j  1.36635815e-02+8.21353249e-03j
  -1.97728276e-02-6.30551323e-03j -9.33714821e-03-7.79934828e-03j
   4.05684262e-04+1.04185959e-02j  9.22207951e-03-4.91904164e-04j
  -5.54320855e-02-2.14166244e-02j  1.50152114e-02+5.41637088e-03j
   3.41104247e-05-8.70268591e-04j  2.71860759e-02+1.05863132e-02j]
 [ 3.21268331e-03+1.36527226e-02j  1.97528847e-03+3.28568493e-03j
   9.05817578e-01+3.82039076e-01j  2.17645184e-02+1.51926801e-02j
  -1.23699704e-01-5.05976331e-02j  3.85313832e-02+2.18115953e-02j
  -1.84971977e-02-1.39660658e-02j  7.25721188e-02+3.61306538e-02j
   1.74551923e-02+1.48124167e-03j  1.24048222e-03+1.32834081e-04j
  -2.30627321e-02-7.06273947e-03j  6.93925302e-03+9.57190590e-03j
  -8.65932739e-03-3.74863272e-03j  4.84666881e-03+2.51466692e-03j
  -6.18131862e-02-2.65552376e-02j  3.76523329e-03+2.04684175e-03j]
 [-1.86574365e-01-8.77026721e-02j -8.81994524e-01-3.77852983e-01j
   1.04838891e-02+1.32763891e-03j  3.19864507e-02+2.37720224e-02j
   3.20772982e-02+1.50983298e-02j  3.19993166e-02+1.01677693e-02j
   2.01794606e-03-3.27250872e-03j -1.54522574e-02-5.62760532e-03j
  -1.38842475e-01-6.06418800e-02j  1.62249156e-02+7.34177235e-03j
  -1.04843944e-03-2.84055262e-03j  6.67295746e-02+1.71423930e-02j
   1.98149115e-02+7.27571132e-03j  5.85950939e-02+2.22031139e-02j
  -2.77561282e-04-1.26998503e-04j -5.88756441e-03-2.69558540e-03j]
 [ 3.82433253e-01+1.61856616e-01j -4.00626740e-02-2.30275483e-02j
  -3.25949591e-02-2.47183783e-03j  8.06932560e-01+3.37344077e-01j
   2.79991517e-02+1.28786035e-02j  1.39900665e-01+6.16028725e-02j
  -2.47279403e-02-8.73688376e-03j -2.78367966e-02-1.27077893e-02j
   8.90179765e-03+3.05782620e-03j  1.66294214e-02-5.60770945e-03j
  -1.52023496e-01-6.39718442e-02j  1.47279978e-02+2.58363447e-03j
  -1.89357293e-03-1.97957535e-04j  1.13412369e-02+3.22032728e-03j
   3.10006744e-03+2.23101533e-03j -6.87705506e-02-2.74013097e-02j]
 [ 3.88240895e-02+1.69679549e-02j  1.58676151e-02+7.81956366e-03j
   1.48644114e-01+6.14749034e-02j -1.52038480e-02-2.29290369e-03j
   7.83023389e-01+3.28217465e-01j -2.41014086e-01-1.11883421e-01j
  -2.19681045e-02-1.63612320e-02j -3.84626574e-01-1.62315098e-01j
   1.84612087e-02-5.63537715e-03j -5.35063042e-03+6.85041496e-04j
  -4.50265848e-03-6.65166997e-04j -6.64219258e-03+4.52009882e-03j
   4.89441261e-02+1.70043269e-02j -3.03594978e-02-1.54996697e-02j
  -1.11136099e-02+5.51083596e-03j -2.49036662e-02-1.34711962e-02j]
 [ 1.26645629e-02+6.96936906e-03j -1.33516703e-03+2.83618721e-03j
   3.10944386e-02+5.95263182e-03j  2.31793359e-02+1.06534594e-02j
   5.35779785e-03-1.05342414e-02j  1.38563540e-03-4.68006879e-03j
   9.14148282e-01+3.93934721e-01j -4.02954018e-02-2.86639426e-02j
   4.25063481e-04-3.90210045e-04j  4.23241092e-04-2.82253746e-04j
   1.77973962e-02-5.25526743e-03j -6.51470016e-04+1.09338876e-04j
   1.96265436e-02-4.06724266e-04j -9.70462908e-04-3.03639551e-04j
   5.81861088e-02+2.20517867e-02j  2.86197930e-03+7.46713324e-03j]
 [ 5.65698029e-02+1.81976657e-02j -5.01403471e-02-2.39265627e-02j
  -2.16763693e-03-2.40876966e-03j  1.31917527e-01+5.49482816e-02j
  -2.39936782e-01-9.45749738e-02j -8.54779571e-01-3.67392981e-01j
  -3.10241144e-03+8.36741915e-03j  4.34119830e-02+7.23567588e-03j
  -9.55794768e-03-1.05487132e-03j -1.91935190e-02+2.54410202e-03j
  -2.47056739e-02-1.00121962e-02j  6.13493329e-03+4.63134287e-04j
  -1.63089470e-01-6.78246254e-02j -4.90598004e-02-1.03893274e-02j
   1.17681303e-03+9.89315040e-04j  6.03768503e-02+1.47322714e-02j]
 [ 1.15310337e-02+5.18786992e-03j -2.04485385e-03-2.89275965e-03j
  -2.35209832e-02-5.18500551e-03j  3.03549002e-02+9.52360098e-03j
   3.86307977e-01+1.56084825e-01j -6.90216285e-02-2.02915973e-02j
   5.18563689e-02+7.57449103e-03j  8.16169491e-01+3.34504216e-01j
   5.86792007e-03-3.66803596e-03j -3.42255837e-04-7.65069937e-05j
  -3.44311141e-03-1.42684703e-03j  1.34605677e-02-7.47208458e-03j
   4.34887194e-02+1.79393771e-02j  6.96438319e-03-4.96478599e-03j
  -1.45357045e-01-6.43906045e-02j  9.81300601e-02+3.46643319e-02j]
 [-1.84497659e-02-4.45089117e-03j -1.51552833e-01-6.56852030e-02j
  -6.61440504e-03-1.33505827e-02j -2.23523565e-04+4.25052364e-03j
  -5.31652176e-04-1.28685374e-02j  5.48592842e-03+4.01075810e-03j
   7.34191237e-04-2.59494014e-04j  1.80227498e-04+5.92679541e-03j
   8.03749107e-01+3.24850438e-01j -1.84756836e-01-6.67913352e-02j
   5.49448853e-04+7.44090851e-03j -3.93955263e-01-1.56404259e-01j
  -2.38475859e-02-6.99287111e-03j  2.97968863e-02+1.59836693e-02j
  -1.13762391e-04+1.29622640e-03j  1.43257704e-02+6.77343182e-03j]
 [ 4.91965824e-02+3.07901436e-02j -4.60672299e-03-3.62037437e-03j
   1.39612462e-02+1.00278451e-02j  1.44699293e-01+5.70354335e-02j
   1.38267695e-02+5.47780296e-03j  2.10741543e-02+8.97680432e-03j
  -1.08702304e-02-1.57718965e-02j -1.05230615e-02-6.24703087e-03j
  -2.09414274e-03+1.18838296e-02j  4.85378799e-03+1.90811631e-03j
   8.93042418e-01+3.83038129e-01j  1.94565228e-02+1.73034447e-02j
  -1.24879596e-01-5.02602274e-02j  3.98912778e-02+2.24725893e-02j
  -2.18771723e-02-1.27553472e-02j  6.20853163e-02+3.22706421e-02j]
 [-5.74572741e-03+5.25302311e-03j  1.87997752e-02+8.64943296e-03j
   2.74300549e-03+2.42033232e-03j  1.26393615e-02+1.26785563e-02j
  -8.94732009e-04+2.67262643e-03j  5.34741947e-03+1.56125299e-02j
  -7.13753714e-04-2.46730056e-04j  9.59713202e-04-4.95710726e-04j
  -1.84669223e-01-8.36720102e-02j -8.96377097e-01-3.88191758e-01j
   7.80894667e-03-1.22700052e-03j  2.41970515e-02+1.98092521e-02j
   3.21039274e-02+1.16721768e-02j  3.26290619e-02+7.41650090e-03j
   2.19266360e-03-3.29107470e-03j -1.55007290e-02-4.88977287e-03j]
 [-6.36368776e-03-3.75176262e-03j  2.35318532e-03+1.21676341e-02j
  -1.75066608e-02-3.83928068e-03j -1.94001895e-02-7.79683611e-03j
  -4.73550693e-03-9.88278635e-03j -1.43334508e-02-6.84989311e-03j
   2.61794548e-03+5.67077725e-04j -6.96500765e-03-1.68100402e-02j
   3.85682136e-01+1.65268631e-01j -4.72658339e-02-2.56202447e-02j
  -2.40111582e-02+4.52581033e-03j  8.20848009e-01+3.43679485e-01j
   2.97594827e-02+1.45833541e-02j  1.43029976e-01+6.07069506e-02j
  -2.52113989e-02-1.08182012e-02j -2.80454542e-02-9.13116528e-03j]
 [ 6.14912588e-02+2.67403793e-02j -2.45259024e-02-1.15600000e-02j
   1.69612704e-03-2.95979794e-04j -3.41892202e-03-2.48049876e-03j
  -9.56539238e-02-3.85551852e-02j -1.29394040e-01-5.48306488e-02j
  -8.39436568e-03-1.31696906e-02j  3.53509761e-02+1.84292397e-02j
   3.10745612e-02+1.87141114e-02j  1.56557785e-02+8.23725290e-03j
   1.46519621e-01+6.07123175e-02j -1.21638065e-02-2.48756904e-03j
   7.68973726e-01+3.13977539e-01j -2.46223327e-01-1.13733532e-01j
  -1.76915011e-02-1.33300279e-02j -3.82170128e-01-1.59949498e-01j]
 [ 1.86874224e-03+7.06283736e-04j -4.75711889e-04-6.02667432e-04j
   5.70610212e-02+2.66751191e-02j  2.07653902e-03+2.29350890e-04j
   5.74175598e-02+3.29764631e-02j -1.14879281e-02-4.72760290e-03j
  -4.92496447e-02-2.75435736e-02j  1.43103759e-01+5.44194382e-02j
   1.26589639e-02+6.67703764e-03j -1.49502093e-03+2.77528602e-03j
   2.50361516e-02+7.39201930e-03j  2.53855578e-02+9.16227822e-03j
   4.77770248e-03-9.27270299e-03j  3.51277675e-03-6.01919534e-03j
   9.02427825e-01+3.83984594e-01j -2.77745299e-02-2.20704308e-02j]
 [-1.78142122e-02-6.85823279e-03j -5.69254234e-02-2.38513893e-02j
  -3.10443688e-03-6.45773911e-05j  6.09903097e-04-6.04110414e-05j
   1.52790021e-02+1.31005151e-02j  9.11818258e-02+4.63481179e-02j
   4.36619857e-03+2.93891265e-03j  7.53975255e-03+9.35244969e-03j
   6.85966140e-02+2.31049368e-02j -4.55042865e-02-2.67558137e-02j
  -6.24860139e-04-1.42899995e-03j  1.29515686e-01+5.48012986e-02j
  -2.50580169e-01-9.39029854e-02j -8.65761074e-01-3.66025792e-01j
  -6.15987476e-03+5.37429210e-03j  4.18319453e-02+5.38737865e-03j]
 [ 2.54223394e-02+1.02611663e-02j -5.27618484e-03-1.08324621e-03j
   2.35223235e-03+4.42705921e-04j  5.35865481e-02+2.23050827e-02j
  -4.27309836e-02-1.95251906e-02j -4.46707665e-04+1.01481952e-02j
  -2.18759514e-02-4.70305593e-03j -8.89536765e-02-4.08822136e-02j
   7.64054309e-03+5.76912480e-03j -2.22023866e-03-2.83726551e-03j
  -1.45315603e-02-2.14417470e-04j  2.15434705e-02+1.07099738e-02j
   3.90968532e-01+1.54819905e-01j -7.61581148e-02-2.16768909e-02j
   4.81148599e-02+7.18030534e-03j  8.29887478e-01+3.29210349e-01j]]

********* Summary *****************
Final fidelity error 0.17772960820848005
Final objective value 0.17773130303200302
Final penalized error 1.6948253515150852e-06
Final gradient 0.004150364386900181
Number of iterations 720
Terminated due to function converged
Completed in 0:01:20.481509 HH:MM:SS.US
Computational time 80.481508958
total tv norm 28.906666181363963
total l2 norm 1.6948253515150852e-06
