Final evolution
[[ 4.14259653e-02+1.66017163e-02j  3.79220324e-01+1.26866283e-01j
  -1.88015537e-02-4.54243234e-03j -4.47444795e-01-1.59986143e-01j
  -6.82326248e-03+2.40928214e-03j -1.17200654e-02-1.48700904e-02j
  -2.08638422e-02-8.76079429e-04j  1.43065763e-02+1.79611632e-02j
   3.04852589e-03+9.11424723e-03j  6.72567079e-03+6.70807022e-03j
  -7.66276077e-03-7.27733304e-03j -7.44692102e-03-9.97123774e-03j
   5.11801840e-02+2.19179379e-02j  4.67147996e-01+1.81924230e-01j
  -2.08555408e-02-7.75275889e-03j -5.50662002e-01-2.27943183e-01j]
 [ 5.87610713e-03-4.20478611e-02j -5.12532307e-03+1.56503621e-02j
   3.06883357e-01+5.39177787e-01j -1.83600543e-02-1.13019979e-02j
   1.04252340e-03+4.01246547e-03j  2.22205176e-02+1.60659553e-02j
  -8.06917453e-05-2.96373133e-02j -2.28673848e-02-6.82093440e-03j
   6.67046418e-04-2.24993513e-03j  3.77020623e-03-5.93397049e-06j
  -2.66628247e-04+1.68482490e-02j  6.62855236e-03-2.09480552e-03j
   9.42880798e-03-5.27973673e-02j -1.10420423e-02+1.93111049e-02j
   3.51986542e-01+6.94311778e-01j -1.98888205e-02-1.64996377e-02j]
 [ 5.88714564e-01-1.91754174e-01j -4.74237914e-02+5.83958089e-03j
   2.56437481e-02-3.68692889e-02j  1.24113687e-02-1.42203289e-02j
  -2.90089794e-02-6.20245353e-03j -8.10669536e-03+3.86641715e-04j
  -1.30456503e-03-6.41544819e-04j -1.55550586e-02-1.58215056e-02j
   1.59113155e-02+3.16528556e-03j -3.48577269e-03-1.15549294e-02j
   5.93988087e-04+5.00491008e-04j -4.74435563e-03-2.52446514e-03j
   7.49061020e-01-2.04358033e-01j -5.89238341e-02+4.40463482e-03j
   3.43864079e-02-4.40462999e-02j  1.93762441e-02-1.63280869e-02j]
 [ 1.76020476e-02+2.12972988e-02j  3.53589514e-02+4.73209390e-01j
  -1.47932876e-02+5.11592006e-03j  2.32405561e-02+4.00663298e-01j
   3.46939601e-02-5.89675342e-03j  8.46074796e-03-2.10729378e-02j
   7.00749762e-03-1.29078821e-02j  9.79479290e-03-1.79588692e-02j
  -1.71970924e-03+2.37388508e-03j -5.81163967e-03+1.24540028e-02j
  -6.54710083e-03+1.64562797e-03j -4.12315915e-03+1.06446257e-02j
   1.78575859e-02+3.09247665e-02j  1.58038074e-02+5.95394140e-01j
  -1.80040755e-02+7.34122908e-03j  5.04969525e-03+5.03546080e-01j]
 [ 1.40244852e-02+4.43708573e-04j -2.68684219e-03-5.19098019e-02j
  -2.73401253e-02+1.30368643e-02j -9.90937555e-05+5.94135974e-02j
   4.61776262e-02-5.38189095e-02j  4.00395526e-01-4.98156694e-01j
  -1.59002982e-02+2.30500099e-02j -4.88532510e-01+5.81763294e-01j
   2.78277825e-04+4.38278901e-04j  4.22522979e-03+3.30315344e-04j
  -5.56916960e-04-4.61057047e-04j -4.83047172e-03-2.87191256e-04j
   3.46339161e-03+9.32039109e-03j  1.78145998e-03+1.57138968e-02j
  -2.08730546e-02+3.89200159e-03j -1.48882772e-03-2.01860076e-02j]
 [-5.84676438e-03+4.06232999e-04j  1.61302934e-02-5.69487200e-03j
   5.22369758e-02-5.90535592e-02j -6.34084024e-03-6.55049917e-03j
  -6.06946169e-02-3.21551333e-02j  1.88420652e-02+1.95464717e-02j
   9.79655385e-01-1.61300640e-01j -2.70122309e-02+1.94388140e-02j
   1.40026235e-04-2.87123817e-04j  3.49155944e-04+4.26204748e-04j
   4.24808805e-03+4.57750162e-03j -1.66530980e-04-1.95583948e-06j
   3.22210970e-03-7.43961790e-04j  1.54432537e-02-6.12393017e-05j
  -1.51330247e-02+2.20132710e-02j -8.02673954e-03-1.42497174e-03j]
 [-4.84768906e-02-6.26322902e-02j -2.10500954e-02+7.05423005e-04j
  -4.69196529e-03-9.39271085e-04j -2.21845479e-02+2.92243050e-03j
   3.91856518e-02-9.89059519e-01j -1.61871417e-02+7.38854435e-02j
  -4.03880999e-02-5.84063310e-02j -1.20234973e-02-2.86839819e-02j
   5.41174240e-03-3.44360422e-03j -3.71155780e-04-2.99850015e-04j
   3.45208922e-05-6.37580793e-04j -2.72476709e-04-6.00934236e-04j
   1.78318836e-02+1.89436158e-02j -1.26756455e-02-6.32573905e-03j
   1.55008402e-03-1.89065859e-04j -1.80607676e-02-2.54162492e-03j]
 [ 1.36726945e-02-7.88438783e-03j  5.58934205e-02-2.29545983e-02j
  -3.60510116e-03+6.01698694e-03j  4.93511469e-02-2.03260958e-02j
   4.26733301e-02-1.10552383e-02j  7.30128394e-01+2.09787360e-01j
   1.28778009e-03+2.47521421e-02j  6.14351677e-01+1.87224610e-01j
   4.88899565e-04+1.21420018e-04j  1.34598446e-03+4.46240785e-03j
  -3.42529552e-04-1.86271153e-04j  1.08469367e-03+4.01713665e-03j
   1.30806181e-02-8.24883537e-03j -1.84974168e-02+1.05466116e-02j
  -6.05365933e-03-5.40264338e-03j -1.42614163e-02+8.00103183e-03j]
 [-5.08955392e-04+6.09479709e-03j -1.51135631e-02-1.11640144e-02j
  -1.44969828e-02+6.84785333e-03j  1.78996976e-02+1.24568747e-02j
   6.60416317e-04-6.16887315e-04j  2.26201805e-03-1.96427746e-03j
   1.52577115e-03+5.47449978e-04j -2.86433538e-03+2.08117797e-03j
  -7.02107866e-02+9.91171606e-03j -6.29605824e-01+1.20922878e-01j
   2.86606211e-02-6.61546357e-03j  7.51082767e-01-1.28112112e-01j
   7.78984027e-03-7.63457482e-04j  2.15507434e-02-4.21192041e-04j
   1.07983427e-02-7.72028045e-03j -2.63093921e-02-9.07335878e-04j]
 [ 1.09345102e-03+1.45273089e-03j  1.93817819e-02-1.43720108e-03j
  -7.10285221e-03-2.68955677e-02j -1.13154603e-02+4.07974515e-03j
  -4.85122057e-04-5.84834016e-04j -1.36966266e-03-1.25775448e-03j
   4.97726259e-03+2.95147900e-04j  1.25976177e-03+8.44660953e-04j
   2.52120675e-02+6.34828041e-02j -3.33214803e-03-2.73410228e-02j
  -8.53050408e-01-5.12098796e-01j  3.34555749e-02+2.42148034e-03j
  -3.25698659e-03-4.17251457e-03j -1.95140539e-02-4.96327528e-03j
   2.66905887e-02+2.27329434e-02j  2.23178695e-02-4.34708101e-03j]
 [-2.81354272e-02+1.26315463e-03j -6.05405378e-03-3.71731772e-05j
  -1.93735063e-03+8.51532850e-04j -1.68523045e-02-1.32842690e-03j
   1.20762386e-03-4.59370712e-03j  5.91477181e-04+7.01714664e-04j
  -1.37240374e-04-4.50393459e-05j  9.80801644e-04+1.16835121e-03j
  -6.71861203e-01+7.30841224e-01j  6.06666581e-02-4.48012907e-02j
  -7.00621139e-03+7.14136513e-02j -7.94436360e-03+3.05857051e-02j
   2.73666922e-02-2.14481261e-02j  2.16059691e-03-7.05709115e-03j
   5.36325560e-04-3.50699745e-04j  1.36044349e-02+6.60837853e-03j]
 [ 1.46689191e-02-1.59834459e-02j  3.13660273e-03-2.02424472e-02j
  -3.74969630e-03-6.94491225e-03j  4.50829239e-03-1.81859468e-02j
  -2.24489935e-03-4.55892683e-05j  3.44655148e-03+2.01419758e-03j
  -4.36461444e-04+9.33337557e-04j  2.77710016e-03+1.51360764e-03j
  -4.07460936e-02-1.84506509e-02j -4.21771486e-01-6.33572673e-01j
   1.58390773e-02-1.91210742e-02j -3.47708094e-01-5.41654584e-01j
  -2.38846687e-02+1.71137466e-02j  1.21006602e-02+2.50946932e-02j
  -4.27900368e-03+1.47463332e-02j  8.84000844e-03+2.23079555e-02j]
 [ 8.17129211e-03-5.48172624e-02j  5.61708879e-02-4.95657432e-01j
  -7.72578567e-04+2.25021176e-02j -7.92053169e-02+5.87757228e-01j
  -9.32391274e-03+6.75084735e-03j -3.62794624e-02+3.33347736e-02j
   4.15608593e-03-1.10161804e-03j  4.53983083e-02-3.86144495e-02j
  -1.37976409e-02+1.32074885e-04j  1.13757949e-02+2.50365253e-02j
   2.29780649e-02-2.70236515e-02j -1.06158276e-02-2.83181015e-02j
  -8.46458376e-03+4.35536283e-02j -6.47242836e-02+3.93884303e-01j
   1.40947088e-03-1.72527558e-02j  8.71035249e-02-4.66281620e-01j]
 [-5.31982276e-02+4.17341035e-03j  2.07312700e-02+4.43198655e-03j
   5.78516053e-01-5.15278873e-01j -9.79480601e-03+2.45765226e-02j
   6.10573183e-03+2.74815994e-03j  4.11361064e-03-3.68608747e-03j
  -7.81956747e-02+6.85147003e-04j  4.59467097e-04+9.59536224e-03j
   1.98056867e-03-5.19424999e-04j -1.75144265e-02+1.45490713e-02j
  -1.50243253e-02+3.74929382e-02j  1.13297531e-02-1.13865256e-03j
   4.30303024e-02-1.07109328e-03j -1.61212434e-02-5.00445441e-03j
  -4.83421262e-01+3.88560200e-01j  8.77182139e-03-1.88107574e-02j]
 [-3.87078704e-01-6.68635760e-01j  2.01035930e-02+5.58508711e-02j
  -5.12369280e-02-2.18314385e-02j -2.01866824e-02-1.33619007e-02j
  -1.47751604e-02+7.61568385e-02j  9.20988650e-03-4.81524496e-03j
   1.26349202e-03+4.32144151e-03j -3.63311925e-03+1.47096148e-03j
   3.47350510e-02+2.15841192e-02j  2.17048571e-02-8.57172603e-03j
   2.71199093e-03-1.01637243e-04j  2.45213133e-02-1.41339377e-02j
   2.82381071e-01+5.49902781e-01j -1.40363955e-02-4.52063384e-02j
   3.97671537e-02+1.92197963e-02j  1.51113334e-02+1.20740238e-02j]
 [ 2.32578651e-02-2.58128370e-02j  5.68811313e-01-1.66548613e-01j
   1.09369170e-02+1.57822768e-02j  4.83116612e-01-1.32913717e-01j
  -4.30297015e-03-1.02410856e-02j -5.52309170e-02-2.50897615e-02j
  -4.51733934e-03-9.02437607e-03j -4.64937306e-02-2.18066865e-02j
  -1.04163565e-02+1.98126553e-02j -2.27243674e-02+2.01881866e-02j
   6.14359037e-03-3.52724448e-03j -2.06575106e-02+1.92863199e-02j
  -1.98479965e-02+1.89497887e-02j -4.61676243e-01+1.09991634e-01j
  -8.47408771e-03-1.30133337e-02j -3.91747985e-01+8.68996121e-02j]]

********* Summary *****************
Final fidelity error 0.38237441896126445
Final objective value 0.38242294136033866
Final penalized error 4.852438065575747e-05
Final gradient 0.033148719791833745
Number of iterations 316
Terminated due to function converged
Completed in 0:00:33.490227 HH:MM:SS.US
Computational time 33.490227292
total tv norm 24.186059967084738
total l2 norm 4.852438065575747e-05
