Final evolution
[[-0.00115791+3.55737848e-04j -0.05024676-9.98699519e-01j
  -0.0049299 +1.41278439e-04j -0.00129562+6.86035222e-03j]
 [-0.0502545 -9.98698109e-01j -0.00125466-2.18394413e-04j
  -0.00201542-6.79641522e-03j -0.00496902+7.55052482e-05j]
 [-0.00494957+4.25422076e-04j -0.00197351-6.68406646e-03j
  -0.00134893+3.52139860e-04j -0.04976391-9.98723364e-01j]
 [-0.00132524+6.97632300e-03j -0.00492076+3.56349558e-04j
  -0.04978003-9.98721897e-01j -0.00130894-2.02804449e-04j]]

********* Summary *****************
Final fidelity error 3.7882094354069196e-05
Final objective value 3.7963594035183506e-05
Final penalized error 8.138069185142372e-08
Final gradient 0.00012704610120439205
Number of iterations 471
Terminated due to function converged
Completed in 0:04:52.490869 HH:MM:SS.US
Computational time 292.490868834
total tv norm 218.38139423975446
total l2 norm 8.138069185142372e-08
