Final evolution
[[ 7.51495639e-09+2.99627292e-09j  1.77695399e-05-8.49963615e-05j
  -2.92734169e-10-6.08862154e-11j ...  5.14611204e-10+2.22875118e-13j
  -1.64835881e-19-7.45809350e-15j -7.59769016e-19-1.07253072e-14j]
 [ 1.77691096e-05-8.49964514e-05j  8.13771911e-09+1.73286881e-11j
  -2.17689679e-10+1.71528157e-06j ...  1.17325456e-09-3.53806728e-13j
  -8.94140286e-19-1.07253384e-14j -1.12523341e-18-7.45841284e-15j]
 [-2.92734309e-10-6.08855435e-11j -2.22052667e-10+1.71528157e-06j
   7.51501974e-09+2.99611459e-09j ... -7.80853083e-19-1.07253072e-14j
   1.17323656e-09-2.44769006e-13j  5.14611209e-10+2.12030593e-13j]
 ...
 [ 5.14634176e-10+2.14816856e-13j  1.17325456e-09-3.69865440e-13j
  -1.22185236e-18-1.07254216e-14j ...  7.51324906e-09-3.00050774e-09j
   2.94498845e-10+1.71548059e-06j -2.92731507e-10+6.09743489e-11j]
 [-2.71069415e-19-7.45810549e-15j -1.10856103e-18-1.07253905e-14j
   1.17323656e-09-2.60827527e-13j ...  2.90135004e-10+1.71548059e-06j
   8.13769848e-09-2.20940075e-11j -1.78190369e-05-8.49858311e-05j]
 [-1.24293668e-18-1.07254216e-14j -1.23148276e-18-7.45842482e-15j
   5.14634180e-10+2.03971848e-13j ... -2.92731367e-10+6.09750208e-11j
  -1.78194671e-05-8.49857409e-05j  7.51318591e-09-3.00066602e-09j]]

********* Summary *****************
Final fidelity error 1.1765013074871433e-08
Final objective value 2.2070433232812e-08
Final penalized error 1.030939320205649e-08
Final gradient 7.658738843888971e-05
Number of iterations 244
Terminated due to function converged
Completed in 0:07:15.696860 HH:MM:SS.US
Computational time 435.69685966699996
total tv norm 0.15294328266523308
total l2 norm 1.0309393202056489e-06
