Final evolution
[[-7.92932125e-02+0.07042404j -1.90011872e-01+0.03675387j
   2.82908100e-02+0.03054709j -6.23413499e-01-0.09956678j
  -5.15583767e-02-0.00828396j  1.72485915e-02+0.08157443j
  -1.25118472e-02+0.02299708j -6.81867178e-02-0.04499547j
  -2.63772448e-03+0.00951357j  1.59892899e-03+0.03701149j
   1.39314100e-02-0.00761327j -3.87834767e-02+0.09240426j
  -1.00798330e-01+0.02274578j -1.36986494e-01-0.00834347j
   2.42526343e-02-0.01429143j -6.93603089e-01-0.10398625j]
 [ 4.42296445e-02-0.02966559j  5.86454365e-02-0.06384707j
  -6.28276659e-01-0.08180012j -4.50528729e-02+0.01021445j
   4.56169956e-02-0.04963942j  1.05599424e-01-0.00137661j
  -1.18193869e-01-0.01328001j -3.80668599e-02-0.02858537j
   6.59260470e-02+0.0247775j  -4.75796012e-02-0.02536507j
  -3.85910112e-02-0.03735891j  3.32870575e-02-0.00940645j
   1.01728062e-01+0.04415568j -7.99095705e-02+0.06015582j
  -7.07995378e-01-0.12841167j -3.12511162e-02-0.03170961j]
 [ 1.50997106e-01+0.0053844j  -5.90638034e-01-0.19157552j
   5.66742866e-02+0.04653621j  1.15927827e-01+0.08423259j
   5.53042220e-02+0.02340042j -1.47743653e-01+0.01667618j
  -8.53818230e-02+0.03984355j -1.50456201e-02-0.06443979j
   5.41646915e-02+0.0613765j   9.03883954e-02+0.03227119j
  -2.95433939e-02+0.05742902j -3.37340815e-02+0.01109161j
   1.96825398e-01+0.04115268j -6.57930118e-01-0.10955413j
   3.69749087e-03-0.03573627j  1.27426947e-01+0.05054687j]
 [-1.64887293e-01-0.08275374j -1.68610731e-01-0.06424122j
  -2.22661496e-02-0.12704586j  6.14511168e-01+0.16274865j
   3.00036004e-02+0.00749202j -5.33304068e-02-0.03436777j
   3.35136274e-02+0.04208354j  9.24609043e-02+0.0433193j
   5.28886947e-03-0.00875692j  2.54368540e-03+0.03625763j
   8.87663174e-03-0.01268165j -3.43951564e-02-0.00727774j
  -4.61857453e-01-0.1665318j   1.87653531e-02-0.04571438j
  -1.02730463e-01+0.01687537j -4.86291898e-01-0.02553402j]
 [ 4.57805753e-03+0.00814527j -1.91429418e-01-0.00847627j
  -7.84954733e-02-0.01178594j -1.91204945e-01+0.00052619j
   2.01921655e-01+0.01680479j -1.98539087e-01-0.01092959j
  -3.16884585e-02+0.02154427j  8.54771256e-01+0.1779827j
   8.64292772e-02-0.11654043j -9.94704037e-03+0.00984693j
   1.07924790e-02-0.07633564j  2.84500950e-02+0.08569938j
  -3.79296439e-03-0.06919514j  1.57014973e-01+0.05424606j
  -1.07815720e-02-0.01500662j  7.30890752e-02+0.05036262j]
 [ 7.94003920e-05+0.07376664j  2.34667583e-03+0.01189877j
   1.90938600e-01+0.0353893j   2.63696066e-02-0.02890873j
   3.69314155e-02+0.02817277j  4.60436125e-02+0.0367089j
  -9.43164803e-01-0.1570895j  -2.44461131e-02-0.03002867j
   1.99810300e-02-0.03035071j -3.10920670e-02-0.02072044j
  -5.92107513e-02+0.02655253j  2.93652476e-02-0.01786085j
  -1.10351828e-01-0.01078292j  7.94900285e-02+0.0753995j
  -2.17847902e-02-0.00628902j  2.62247995e-03+0.02969163j]
 [-4.35580183e-01-0.00542524j -1.94239959e-01-0.1119115j
  -1.45637181e-02-0.01969717j -1.42132374e-01+0.02831524j
  -1.62099498e-01-0.06388549j  6.76308553e-01+0.07309176j
   3.21052361e-02+0.03203388j  8.82361242e-02+0.03326698j
   8.43606023e-02+0.03405733j  2.31573675e-02-0.05301893j
   1.68203972e-03-0.07076641j -3.72448978e-02+0.04084201j
  -3.05184493e-01-0.09193987j -1.14784855e-01-0.01712224j
   2.98574882e-02+0.00965367j  3.11785380e-01+0.03738056j]
 [ 1.33731647e-01-0.00362636j -3.25491289e-02+0.01480403j
   2.99615491e-02-0.06114682j  1.49134401e-02-0.02477302j
  -9.27456465e-01-0.13204821j -1.65124852e-01-0.01403978j
  -4.42503176e-02+0.00037862j  1.63223783e-01+0.03858789j
  -2.15281298e-02-0.05697365j  5.17595468e-02-0.01321706j
  -2.75607038e-02+0.04367063j -9.91522819e-02-0.03931498j
   1.63198928e-02-0.05298345j  2.43307984e-02-0.00393038j
  -1.04086627e-01-0.04935932j  8.67115780e-03+0.05052914j]
 [ 1.99238572e-02-0.06231744j  4.92237421e-03-0.07367597j
   1.87295074e-03+0.0100006j   2.55996592e-02-0.09047516j
  -1.19194656e-01+0.01786765j  3.52069176e-05-0.0250631j
   8.80454586e-03+0.0350522j  -1.64097703e-02-0.010314j
   2.64818042e-01+0.0931885j   7.06627453e-02+0.06304256j
   6.59099360e-02+0.0514965j   9.17139865e-01+0.14783356j
  -1.47998419e-02-0.04464137j -4.87711520e-03-0.01614716j
   4.91634398e-02-0.00599487j -3.40457017e-02-0.02451303j]
 [ 6.98874691e-02+0.08877381j -2.07014256e-02-0.04499196j
  -1.16722948e-02+0.0164472j   1.55539174e-02+0.0278203j
  -4.07026994e-03-0.04700598j  5.23377820e-02-0.0371951j
  -4.31170704e-02-0.05247032j  2.41773497e-02-0.09716003j
   3.38651643e-02+0.01341399j  2.91049142e-02+0.03917741j
   9.64704135e-01+0.12782934j -8.58541791e-02+0.0102184j
   2.78840577e-03+0.02818168j  3.57724988e-02+0.00200076j
  -3.74379801e-02+0.02597671j  4.79495080e-03+0.00320043j]
 [ 1.67516413e-02+0.00533331j  2.24042546e-02+0.02727828j
   1.90739327e-03-0.03076349j -2.24612705e-02-0.01642414j
   6.13516827e-02+0.01927002j  6.95570602e-02-0.066594j
  -2.68361843e-02-0.0214788j   1.38794168e-02+0.0572204j
  -3.08575997e-01-0.04366927j  9.19987764e-01+0.12368889j
  -2.98090128e-02+0.02583059j  2.19479412e-02+0.03129584j
  -1.90422526e-03-0.01566406j  5.35867391e-02-0.01779103j
  -9.15196602e-02+0.04210444j  4.22200557e-03-0.05692917j]
 [ 4.03531670e-02+0.0153344j   4.37108870e-02-0.00491019j
   6.46114005e-03+0.01691126j  2.50223891e-02+0.01600283j
   5.22117062e-03+0.03441905j -6.25739696e-03+0.01473759j
   8.79314863e-03+0.0267985j  -1.88963221e-02-0.15278055j
   8.42170708e-01+0.20878452j  2.97048424e-01+0.05768841j
  -8.92086315e-02+0.00729568j -2.86208892e-01-0.02071029j
   5.27551260e-02+0.02603165j  1.59969195e-01-0.0002258j
   5.11723354e-02-0.02036799j -4.63896006e-02-0.00534744j]
 [ 2.24742940e-01+0.03505814j  4.47032890e-01+0.09354327j
   5.28309972e-02+0.07495377j  2.09381414e-01-0.03076736j
  -2.66720748e-02+0.02442539j  4.36651276e-01+0.08665666j
  -3.45921351e-02+0.02234828j  3.55928721e-01+0.05707303j
   3.73609348e-02-0.07319021j -3.49623138e-03-0.00488942j
  -8.57285871e-03-0.03889935j -5.97258821e-03-0.06209752j
   2.28302003e-01+0.07539471j -4.31259922e-01-0.03214573j
   1.10874979e-01+0.05871916j -2.69019813e-01-0.10075387j]
 [ 5.01957832e-02-0.03015259j -7.74851859e-02+0.00241584j
  -6.95184976e-01-0.15787786j  2.18837787e-02+0.07745831j
  -6.66715894e-02-0.03048514j  9.08400330e-03-0.00474604j
  -1.62527940e-01-0.02846825j -6.17186330e-02-0.00688382j
  -4.00477201e-02-0.06336212j  3.08016232e-02+0.04840202j
  -5.26956607e-03+0.03319426j -2.09427084e-02-0.02675592j
   4.59818581e-02-0.07535903j  2.78205803e-02+0.0401537j
   6.33374879e-01+0.12358331j -3.36139563e-02-0.01931452j]
 [-5.02189639e-01-0.0204629j   4.46844757e-01+0.08409238j
  -6.36745458e-02-0.01358781j -1.11297224e-01+0.0686921j
  -1.16698266e-02-0.03588634j -4.42219958e-01-0.11680774j
  -8.43850288e-02+0.07162462j  1.88243910e-02-0.01439089j
   8.71156306e-02-0.02684717j  6.83164483e-02+0.06657731j
   7.91509608e-02-0.02630909j -2.87861213e-02+0.03724302j
  -1.64915871e-01-0.07940771j -4.66444239e-01+0.00822843j
   2.01884385e-02+0.03910822j  1.26412028e-01+0.01487594j]
 [-6.22431784e-01-0.03802828j -1.26426920e-01-0.01057044j
   4.58755075e-02-0.02888116j  1.79864704e-01+0.04995976j
  -7.66921092e-02+0.02992066j  1.81963124e-02+0.02161137j
  -6.33115460e-02+0.02449017j  4.55653213e-02-0.03765703j
  -5.32800716e-02-0.01227403j  5.31194399e-03-0.01864467j
   3.26527283e-02-0.0179817j   2.72912287e-02+0.01444252j
   6.60018870e-01+0.17981656j  1.80965962e-01+0.00553592j
   8.77271839e-03-0.04814193j -1.79732595e-01-0.02070644j]]

********* Summary *****************
Final fidelity error 0.055958031777182726
Final objective value 0.055958028836601725
Final penalized error 0.0
Final gradient 0.010368762060686406
Number of iterations 2857
Terminated due to function converged
Completed in 0:05:15.849651 HH:MM:SS.US
Computational time 315.849651042
total tv norm 368.73910953560613
total l2 norm 6575.6830266596735
