Final evolution
[[ 1.93808169e-01+0.0147925j   6.62656765e-02-0.97868258j
   1.79788216e-04-0.00151846j -5.75028606e-04+0.00248314j]
 [ 6.61903822e-02-0.97868684j  1.94034054e-01+0.01146147j
  -3.01860784e-05-0.00277645j -3.33565960e-04+0.00158159j]
 [-1.54327756e-04-0.0017356j  -1.97358514e-04-0.00258056j
   1.95643865e-01+0.01630562j  6.61719464e-02-0.97829911j]
 [-3.59820966e-04+0.00270405j -5.55945772e-05+0.00140647j
   6.61195838e-02-0.97830249j  1.96060163e-01+0.01017019j]]

********* Summary *****************
Final fidelity error 0.01927130300957436
Final objective value 0.019271308265972786
Final penalized error 0.0
Final gradient 0.009570007247281322
Number of iterations 499
Terminated due to function converged
Completed in 0:03:36.610259 HH:MM:SS.US
Computational time 216.610258709
total tv norm 61.32021785930333
total l2 norm 11774.627999532839
