Final evolution
[[-4.50150563e-01-5.33731552e-01j  2.70455106e-02-4.74036129e-04j
   7.06789154e-02-2.42452948e-02j  1.77892084e-01+2.40334266e-01j
  -3.16129501e-01-4.34194526e-01j  3.83345380e-03+4.81935005e-02j
   4.37740678e-02+1.43371254e-03j  1.61092173e-01+1.39900219e-01j
   5.85767039e-02-2.70760335e-04j  7.68015195e-03-5.73787290e-02j
   5.40869373e-02+2.67295197e-02j -2.05132113e-02+8.56874922e-04j
  -1.41726539e-01-1.31395358e-01j  4.45797496e-02+5.82136965e-02j
  -4.08301539e-03+1.62062000e-02j  9.08919901e-02+1.28143969e-01j]
 [ 9.25839565e-02-7.14789930e-02j  5.40128683e-02-3.58165256e-02j
  -3.10190795e-01-7.01003930e-01j  3.69435562e-02+2.06062463e-02j
  -1.52149306e-02-6.01250427e-02j  5.48604613e-02+2.43902613e-02j
  -1.94867263e-01-5.28587018e-01j -8.68191405e-03-1.53883362e-03j
  -7.99904202e-02+4.91201121e-02j -6.57914642e-02+1.96274750e-02j
  -2.34095509e-02-2.00263983e-03j  6.59540704e-03-4.12939537e-03j
   8.62759300e-02+2.74913562e-02j -3.57527461e-02-3.02749204e-02j
  -3.39988876e-02-1.77951355e-01j  9.49378568e-02-3.78238823e-02j]
 [ 1.45233680e-02+1.11096869e-03j -1.87764732e-01-7.66244587e-01j
   1.04681673e-01-2.23728184e-02j -6.93938702e-03+8.49212501e-03j
  -3.09288819e-02-7.31027757e-02j -2.14068469e-01-5.18751877e-01j
  -2.75303209e-02-2.04052291e-02j -2.06323068e-02-8.65561229e-03j
   4.69940085e-02+3.54232491e-02j -3.50125904e-02-3.98959324e-02j
   2.27031247e-03+7.35400925e-03j -4.83700936e-03+2.78756295e-02j
   1.22594516e-02+1.70681489e-02j  6.99451825e-04-1.82166592e-01j
  -2.86484496e-02+3.45288810e-02j  7.38409130e-03+9.12723722e-03j]
 [ 3.71780896e-02-1.70566415e-01j -7.13776868e-02+5.84325714e-02j
   4.27660477e-02+8.81463628e-02j  8.43733495e-02+7.47108909e-02j
  -2.17593601e-02-1.14949011e-01j  7.18824831e-02-7.16296833e-02j
  -2.73505158e-02+2.81486493e-02j  2.23367414e-01+2.53906476e-02j
  -7.89894384e-02+3.26032181e-02j  1.99965665e-02+1.38835982e-02j
  -2.63629244e-02-4.13783617e-02j -2.51535224e-02+8.34167848e-02j
   3.16044573e-01+7.95833036e-01j -6.86940800e-03+5.12259916e-02j
   3.82026962e-02+4.12816752e-03j -2.55629773e-02-3.26687823e-01j]
 [-6.17605094e-02-2.08999064e-01j -5.60882909e-03-1.14148594e-01j
  -1.42973203e-02+1.13307315e-02j  1.21506980e-01+5.95261358e-01j
   1.29786580e-01+6.63785473e-01j  7.40918216e-02+8.15181424e-02j
   2.21270063e-02-7.64682061e-03j  4.67416173e-02+8.28019843e-02j
  -7.88005021e-03+1.13822025e-01j -3.81364366e-02+2.71254898e-02j
  -7.52779192e-03-1.75717606e-02j  9.69344514e-02+1.08455072e-01j
   9.32970529e-02-1.22177705e-02j -7.29812142e-02-6.97091237e-02j
   5.39564789e-02+7.88152451e-02j  9.53438934e-02+1.29794106e-01j]
 [ 1.98852530e-02+5.78845823e-03j  3.75264269e-02-6.28198629e-02j
  -3.07399629e-01-4.72601538e-01j -1.81607875e-02+2.31035225e-02j
   3.56131410e-02-3.96657379e-02j  4.54610972e-02-2.43824649e-02j
   3.90352850e-01+7.06040074e-01j  6.28561273e-02-2.03666387e-02j
   1.18819583e-02-3.67285648e-02j -3.63329505e-02+4.34384534e-02j
   9.87927785e-03-3.89245605e-02j  3.86149498e-02+3.17252764e-02j
   4.95219781e-03+1.53783674e-02j -3.73297873e-03-1.64567090e-02j
  -1.22208082e-02-3.50082832e-02j  3.45620975e-02-5.33566880e-02j]
 [-1.35363885e-02+2.66136803e-02j  2.41891402e-01+4.97861367e-01j
  -6.42067567e-02-4.72695006e-02j  4.43228495e-02+1.47219237e-01j
   1.55133837e-02+6.25459158e-02j -4.32822251e-01-6.58987589e-01j
  -2.07935630e-02-4.87996729e-03j -1.65894524e-04+7.58114953e-02j
  -5.66816922e-02-2.90056891e-02j  1.70436303e-03-5.26682029e-03j
   7.78841462e-03+5.40968580e-02j  1.82935297e-02-1.75913754e-02j
  -8.90342187e-02+1.54807742e-02j  2.18648534e-02-3.32987421e-02j
   7.08806204e-02+6.09604486e-02j  6.26526085e-02+2.53952347e-02j]
 [ 1.93738468e-01+2.25314568e-01j -1.83295912e-02+2.96535724e-02j
  -1.08159982e-02+2.64024576e-02j  2.40293110e-01+5.02227762e-01j
  -1.18520226e-01-2.87381877e-01j  2.19205500e-02+5.33207731e-02j
  -7.76322017e-02+5.08464678e-02j -2.45157273e-01-6.30131549e-01j
   2.31501168e-03+6.76144529e-02j -3.31026300e-02-3.71507778e-02j
   4.22296264e-02+3.60878771e-02j -6.95144877e-03-3.03741169e-02j
  -8.90201877e-02+6.73577657e-02j  3.65846293e-02-3.19535726e-02j
   1.83336635e-02+3.47029414e-02j -5.46018414e-02+5.91975682e-02j]
 [ 1.93525986e-03+1.28300878e-03j -3.66231370e-02+6.99776916e-02j
   3.04938015e-02-6.52201520e-02j -3.44343745e-02-8.30908728e-02j
  -3.28169773e-02+5.15447292e-02j  1.75753844e-03-2.25405809e-02j
   7.73261151e-02+6.02874597e-03j  6.41466151e-02+9.67477259e-03j
   2.85048081e-01+8.58812803e-01j  5.55570624e-02+1.07151300e-02j
   3.80247366e-02+7.41460142e-03j -2.05596468e-01-2.78551659e-01j
  -1.03973389e-01+5.15120742e-02j  1.54941609e-02-1.96620862e-02j
   2.99582176e-02+3.11750960e-02j -8.17249108e-02-2.73452205e-04j]
 [ 4.38921993e-02-3.96507104e-02j -2.36580454e-02-2.91304057e-02j
  -1.76587930e-02-2.73710771e-02j  3.69546481e-02-6.22029530e-02j
  -1.89281264e-02+9.59259567e-02j  4.88682117e-02+1.06689385e-02j
   3.18895138e-02+2.39403304e-03j  6.19963294e-02-2.81220153e-02j
  -7.07626443e-03-6.99653558e-02j  8.43034195e-02-3.35246068e-02j
   4.12333482e-01+8.80207628e-01j -4.78058958e-02-7.79496178e-03j
  -1.22116824e-02+3.77764759e-02j -3.01090538e-02+5.53836911e-03j
   6.19183059e-02-2.89370588e-02j -5.35119173e-02-2.68923382e-02j]
 [ 2.29938318e-02+1.17493327e-02j  2.09388540e-02-2.59387740e-02j
   8.40103812e-02-8.70903043e-03j -2.73146445e-03+3.54929651e-02j
  -6.87270454e-02-3.52154960e-02j -1.03592949e-03-2.63345355e-02j
  -1.19329047e-02-2.12765886e-02j  5.06581029e-02-3.60494975e-02j
   2.26529051e-02-3.88839934e-02j  2.81521062e-01+9.36797848e-01j
   9.57550119e-02-3.73936656e-02j -5.31864331e-02+2.69495228e-02j
   1.05174012e-02-4.13675346e-02j  2.18643594e-03-2.20368925e-02j
   2.69721469e-02-2.22226405e-02j  4.30781184e-02+1.79160552e-02j]
 [-9.04712941e-02-1.31595327e-01j -1.27866912e-02-5.09772798e-02j
  -1.89045434e-02-2.03422310e-02j -3.01203483e-02+3.58544178e-02j
   5.15508687e-02+1.36591547e-01j  1.75775004e-03-2.03171170e-02j
  -1.84521950e-02+4.13702388e-02j -3.82443664e-02-1.14869631e-01j
  -1.39924344e-01-2.99067133e-01j  1.73118419e-02-1.32352350e-02j
  -4.20937039e-02-6.26706147e-02j -5.23404426e-01-7.18839835e-01j
   8.98519692e-02+5.72529052e-02j -5.27809701e-02+2.18794463e-02j
   5.58634385e-02-2.43299091e-02j -5.42140364e-03+7.80775550e-02j]
 [ 1.31930134e-01+5.08123201e-01j -2.65360932e-02-3.39426755e-03j
  -6.98708789e-02+4.40917098e-02j  1.59706723e-01+2.81590535e-01j
  -1.00627093e-01-2.32584739e-01j  7.83455222e-02+5.57520243e-02j
  -1.47798102e-02+8.72038760e-03j  1.87521500e-01+5.74254312e-01j
   2.84798061e-02-2.99784343e-02j  7.37698474e-02-6.07052704e-02j
   1.04324911e-01-4.33862117e-03j -7.05821560e-02-1.54274378e-01j
   2.29928173e-01-3.57601487e-02j -3.90061155e-02-1.71984747e-01j
  -9.52946778e-04-1.04241042e-02j -2.09268692e-02+1.92494509e-01j]
 [ 7.30890114e-04-7.81691215e-04j -5.13836021e-02+3.61770690e-02j
   9.31028978e-02+1.27281881e-01j -2.57910054e-03+1.10450015e-01j
  -3.67511397e-02+7.37879832e-02j -3.56449182e-02-6.66908986e-02j
   3.29385846e-02+6.52101613e-02j  2.76563563e-03+1.29130379e-02j
   3.57427468e-02+2.47829704e-02j -2.83874033e-02-7.57515150e-04j
  -4.95597459e-02+2.69752288e-02j  4.45557971e-02-4.32397726e-02j
  -6.01242507e-02+6.37262488e-03j  3.40542023e-02+2.23319356e-02j
  -3.08368966e-01-9.10963763e-01j -3.90274092e-03-3.06169974e-02j]
 [ 1.24440448e-01+9.09625946e-02j -8.02601944e-02-1.21673342e-01j
  -1.80006331e-02-5.46785464e-02j  6.00848128e-02+8.32256357e-02j
  -4.42694894e-02+7.44923060e-02j -9.22694724e-02-3.18464906e-02j
   1.94100236e-05-2.00225340e-02j  2.30779142e-02+1.00598122e-01j
   5.00594958e-02-1.44036661e-02j  8.48451434e-03+4.59296215e-03j
   1.03697019e-02+2.97223695e-03j  6.61497689e-03-4.78244427e-02j
   2.45745675e-02-2.25251090e-02j  5.32356429e-01+7.86864299e-01j
   9.12961643e-03+5.09573260e-02j  3.32144943e-02+1.86149572e-02j]
 [-4.41375804e-02-5.76560051e-03j -2.48856093e-02+1.06763694e-02j
  -9.39200828e-02+4.90392660e-02j -5.90474069e-02-2.11175620e-01j
   7.64736658e-02-4.08889293e-02j -2.22646649e-02-6.06694948e-04j
  -1.69011211e-02+3.87493400e-02j  4.44384143e-02-1.48118088e-01j
  -7.59272989e-02+8.34918642e-02j  4.26796198e-02+4.61106864e-03j
  -6.72459727e-02+6.33561384e-02j  1.12414969e-01+4.24798896e-02j
   1.37002481e-01+2.91778892e-01j  3.33551393e-02+2.01736893e-02j
  -3.49352249e-02-4.68916492e-02j  2.98658976e-01+8.17718597e-01j]]

********* Summary *****************
Final fidelity error 0.04623845514993952
Final objective value 0.046238451970761485
Final penalized error 0.0
Final gradient 0.009855012313161693
Number of iterations 3000
Terminated due to Iteration or fidelity function call limit reached
Completed in 0:05:27.059353 HH:MM:SS.US
Computational time 327.05935262500003
total tv norm 339.3192662436837
total l2 norm 7090.220192749577
