Final evolution
[[ 2.20790094e-01+8.81949218e-02j  2.05350721e-01+1.75111263e-01j
   2.52963458e-03+2.42226949e-02j  7.19762936e-02+6.30194353e-02j
  -1.24993448e-01-2.56018663e-02j -1.25097717e-01-7.29749177e-02j
  -3.63769603e-03-1.25531683e-02j -4.40033188e-02-2.64453654e-02j
  -1.52809801e-02-1.79224863e-03j -1.57800841e-02-7.48307122e-03j
  -5.66006373e-04-1.47090551e-03j -5.55864313e-03-2.72545767e-03j
   5.35451994e-01+2.15891898e-01j  4.97280081e-01+4.26829177e-01j
   5.95300731e-03+5.88395640e-02j  1.74285905e-01+1.53593164e-01j]
 [-3.08961133e-02-1.19139492e-02j  4.78969061e-02+3.62075853e-02j
  -6.57657580e-02-3.60604338e-01j  3.48123436e-03+5.50451207e-03j
   1.74502486e-02+3.35676493e-03j -2.87378173e-02-1.45723548e-02j
   6.89996103e-02+1.84208856e-01j -2.36169736e-03-2.57649389e-03j
   2.13113312e-03+2.24082601e-04j -3.60253668e-03-1.45570442e-03j
   1.01823723e-02+2.14240716e-02j -3.10222576e-04-2.85309544e-04j
  -7.49314627e-02-2.91724769e-02j  1.16024100e-01+8.82976269e-02j
  -1.56874604e-01-8.76167310e-01j  8.41034605e-03+1.33938185e-02j]
 [ 2.58319173e-01+1.02591540e-01j -1.88687297e-01-1.44473779e-01j
  -1.04924303e-02-6.34412736e-02j  1.92502016e-02-2.94925929e-02j
  -1.46182887e-01-2.96396220e-02j  1.13385543e-01+5.83766846e-02j
   1.15698937e-02+3.25103511e-02j -7.36486509e-03+1.74060504e-02j
  -1.78683732e-02-2.05974677e-03j  1.42229203e-02+5.84938448e-03j
   1.72404684e-03+3.78729721e-03j -7.06111615e-04+2.16699050e-03j
   6.26470786e-01+2.51144958e-01j -4.57056350e-01-3.52301958e-01j
  -2.49818825e-02-1.54136045e-01j  4.69760430e-02-7.14658581e-02j]
 [-1.28757758e-02+6.37332772e-02j  1.64851828e-02+7.69373207e-02j
   1.98266715e-03+3.47537756e-03j  3.82285648e-02-3.56662860e-01j
   7.44584501e-04-3.48850197e-02j -1.60174366e-02-3.90690349e-02j
  -1.37740143e-03-1.64717351e-03j  1.36991272e-02+1.92008636e-01j
  -2.68847311e-04-4.19909864e-03j -2.32578640e-03-4.52964463e-03j
  -1.82413781e-04-1.83761137e-04j  3.61810696e-03+2.29292186e-02j
  -3.17652116e-02+1.54662125e-01j  3.94283461e-02+1.86955304e-01j
   4.78727823e-03+8.45475427e-03j  9.56230230e-02-8.65781901e-01j]
 [ 4.22698031e-01-7.49234710e-02j  4.81769849e-01+7.31189647e-02j
   2.69446074e-02+3.47523692e-02j  1.70425994e-01+2.81478672e-02j
   3.79271076e-01-2.63776012e-01j  5.03735636e-01-1.45744229e-01j
   4.19967468e-02+2.18117160e-02j  1.79225192e-01-4.93270426e-02j
  -3.54850949e-02-2.25167299e-02j -2.99706579e-02-3.71140141e-02j
   3.49788806e-04-4.29074196e-03j -1.04513325e-02-1.32939250e-02j
  -8.19733331e-02-1.27667820e-02j -8.35045643e-02-4.35320403e-02j
  -2.75046785e-03-8.04081831e-03j -2.93968450e-02-1.58166804e-02j]
 [-5.87428721e-02+1.11402833e-02j  1.07955793e-01+9.94211207e-03j
  -4.44245574e-01-4.90597829e-01j  1.05818539e-02+5.13000583e-03j
  -5.23795394e-02+3.73687355e-02j  1.09973478e-01-3.89540453e-02j
  -6.55277985e-01-2.79121106e-01j  1.26530220e-02+2.42328863e-04j
   4.97951413e-03+3.07658366e-03j -7.14155227e-03-7.85117947e-03j
  -3.24172047e-04+6.47923058e-02j -4.25451005e-04-1.06975600e-03j
   1.14375211e-02+1.64110077e-03j -1.91152078e-02-8.57684111e-03j
   5.05056019e-02+1.17510793e-01j -1.61350298e-03-1.60045492e-03j]
 [ 4.93980681e-01-8.85706168e-02j -4.27034162e-01-4.19829979e-02j
  -7.65028669e-02-8.73372865e-02j  1.45091772e-03-6.35749374e-02j
   4.42773973e-01-3.09247630e-01j -4.36212604e-01+1.51493180e-01j
  -1.14130272e-01-5.08540851e-02j -2.72433896e-02-6.27777269e-02j
  -4.15360881e-02-2.62407674e-02j  2.80739405e-02+3.12482663e-02j
  -2.44277018e-04+1.13638197e-02j -4.30541097e-03+4.49662950e-03j
  -9.58604711e-02-1.47346658e-02j  7.54465979e-02+3.44124133e-02j
   8.51892006e-03+2.07578232e-02j -4.24570040e-03+1.15326380e-02j]
 [ 4.09308273e-02+1.10035450e-01j  9.85469305e-02+1.02336058e-01j
   6.35079009e-03+3.44390229e-03j -2.80950940e-01-5.83569927e-01j
   8.96031936e-02+8.90708563e-02j  1.42432927e-01+5.55724376e-02j
   7.75840904e-03+5.02186819e-04j -5.37625290e-01-4.43588129e-01j
   4.31365378e-03-1.06531201e-02j -3.57114619e-04-1.39038160e-02j
  -2.31215691e-04-6.68396080e-04j -1.82631377e-02+6.07189794e-02j
  -5.94110327e-04-2.26805892e-02j -1.16101887e-02-2.48802451e-02j
  -9.45499604e-04-1.02727570e-03j  1.48292695e-02+1.24285111e-01j]
 [-6.67471701e-02+5.72944594e-02j -9.26046617e-02+3.73410692e-02j
  -8.37673748e-03-3.32024218e-03j -3.29968520e-02+1.28068637e-02j
   6.12602865e-03-2.93028495e-02j  1.72412757e-02-2.92821905e-02j
   2.94881713e-03-8.41556208e-04j  6.24679472e-03-1.02993171e-02j
  -6.28327676e-01-3.87541798e-02j -6.61553459e-01-2.70119891e-01j
  -2.64410742e-02-5.88153878e-02j -2.33238608e-01-9.88077697e-02j
   1.41804540e-02-3.50375945e-02j  2.79872753e-02-3.25203613e-02j
   3.85274722e-03-3.84692263e-04j  1.00707348e-02-1.13973394e-02j]
 [ 9.20001429e-03-8.09070835e-03j -2.00791875e-02+9.50384962e-03j
   1.29520099e-01+4.02114533e-02j -2.40149707e-03+1.98580844e-04j
  -8.04219984e-04+4.09115765e-03j  3.44648745e-03-6.72887894e-03j
  -4.32866806e-02+1.60139295e-02j  6.06772782e-04-5.51671334e-04j
   8.75701871e-02+4.34789313e-03j -1.50460430e-01-5.13455434e-02j
   4.64309555e-01+8.52287506e-01j -1.33172637e-02-1.09562643e-02j
  -1.91636075e-03+4.90327055e-03j  5.79082252e-03-7.58853571e-03j
  -5.73762898e-02+1.01953765e-02j  8.77617668e-04-5.49476732e-04j]
 [-7.78976749e-02+6.71349944e-02j  7.97029433e-02-3.71253776e-02j
   2.26018846e-02+7.42785095e-03j  6.37361779e-03+1.13653482e-02j
   7.09359125e-03-3.42706853e-02j -1.38049335e-02+2.65480659e-02j
  -7.63893010e-03+2.68367968e-03j -4.07696963e-03-1.74459916e-03j
  -7.34635714e-01-4.38466768e-02j  5.94252740e-01+2.06889812e-01j
   7.89759342e-02+1.50836736e-01j -2.39597092e-02+9.01223007e-02j
   1.64962928e-02-4.09935830e-02j -2.31045121e-02+2.98933060e-02j
  -1.00934576e-02+1.62233350e-03j -4.67484818e-03-3.08166563e-03j]
 [-1.86942440e-02-1.51410286e-02j -2.80543200e-02-7.77476112e-03j
  -1.47934983e-03+5.47822021e-05j  1.10411453e-01+7.36391373e-02j
   8.18436930e-03+2.07930487e-04j  9.18203164e-03-3.72096024e-03j
   3.87788616e-04-3.21610991e-04j -4.50640698e-02+3.03133769e-03j
  -2.04543887e-02-1.70942536e-01j -1.05233597e-01-1.79807201e-01j
  -7.86675544e-03-7.09590107e-03j  1.99529543e-01+9.28583946e-01j
   1.01230277e-02+2.09295340e-03j  1.22433804e-02-2.56532793e-03j
   5.53945223e-04-3.12697958e-04j -5.66746752e-02-6.33479360e-03j]
 [ 2.18668122e-01-3.31651850e-01j  3.55716818e-01-2.77123449e-01j
   4.04942145e-02+4.01462361e-03j  1.27367851e-01-9.65800892e-02j
  -4.53233125e-02+4.16781429e-01j -2.00269738e-01+4.31688380e-01j
  -3.99485540e-02+1.57602702e-02j -7.29848969e-02+1.52085764e-01j
  -8.91999521e-02+1.01585566e-02j -9.96105748e-02-2.15077696e-02j
  -5.17353217e-03-7.60308803e-03j -3.52076369e-02-8.08469499e-03j
  -1.19307350e-01+2.24714415e-01j -2.09993407e-01+1.98258706e-01j
  -2.60617434e-02-1.04111369e-04j -7.53506629e-02+6.93010015e-02j]
 [-2.98994561e-02+4.65534130e-02j  7.53815038e-02-6.61982537e-02j
  -6.12301420e-01-1.37662976e-02j  1.01805885e-02-3.84425178e-03j
   5.61603629e-03-5.81196930e-02j -3.88366572e-02+9.84948589e-02j
   5.81414352e-01-2.82367545e-01j -7.70271278e-03+8.51836794e-03j
   1.24056675e-02-1.56371644e-03j -2.24044271e-02-3.47476975e-03j
   8.63658811e-02+1.08160524e-01j -2.14221440e-03-1.20795938e-03j
   1.62403380e-02-3.14945998e-02j -4.40475357e-02+4.67777468e-02j
   3.91225901e-01-2.83522844e-02j -6.25782749e-03+3.06835957e-03j]
 [ 2.54863682e-01-3.88224911e-01j -2.99966070e-01+2.60166406e-01j
  -1.07359616e-01-4.18577328e-03j -4.17866685e-02-4.14333938e-02j
  -5.20174820e-02+4.87343073e-01j  1.56113529e-01-3.88884073e-01j
   1.02798523e-01-4.78463002e-02j  5.92074755e-02+1.87419181e-02j
  -1.04255513e-01+1.20829533e-02j  8.85894014e-02+1.42992295e-02j
   1.48359628e-02+1.92214875e-02j -1.12705559e-03+1.32510144e-02j
  -1.38954376e-01+2.62979131e-01j  1.75476106e-01-1.84066560e-01j
   6.87041629e-02-3.84142403e-03j  2.91548264e-02+2.38831967e-02j]
 [ 9.99705734e-02+4.25282393e-02j  1.31464573e-01-1.07844377e-03j
   6.35523382e-03-2.07482268e-03j -5.70841033e-01-1.82635420e-01j
  -1.14353474e-01+8.29026423e-03j -1.22887427e-01+6.44128120e-02j
  -4.96513178e-03+5.01255564e-03j  6.23934226e-01-1.03853084e-01j
  -7.11683972e-03-2.34980444e-02j -1.92427108e-02-2.26379281e-02j
  -1.28093518e-03-8.01170442e-04j  5.10765087e-02+1.25449325e-01j
  -6.63181096e-02-2.10530294e-02j -8.37537835e-02+8.65948605e-03j
  -3.92615448e-03+1.70824098e-03j  3.75031658e-01+8.18294071e-02j]]

********* Summary *****************
Final fidelity error 0.37052942255558996
Final objective value 0.37206363480336696
Final penalized error 0.0015342167120950389
Final gradient 0.06762372432996427
Number of iterations 600
Terminated due to function converged
Completed in 0:00:58.247042 HH:MM:SS.US
Computational time 58.247041875
total tv norm 36.016238815063694
total l2 norm 0.015342167120950387
