Final evolution
[[ 1.98193094e-01+1.26615441e-01j  0.00000000e+00+0.00000000e+00j
   0.00000000e+00+0.00000000e+00j -1.17670604e-02-1.56214423e-02j
  -2.65910046e-02-1.66237185e-02j  0.00000000e+00+0.00000000e+00j
   0.00000000e+00+0.00000000e+00j  1.58932061e-03+2.06752721e-03j
  -4.73384181e-04-1.24641158e-03j  0.00000000e+00+0.00000000e+00j
   0.00000000e+00+0.00000000e+00j  6.93658061e-07+1.10870242e-04j
  -3.19221522e-01-9.13746538e-01j  0.00000000e+00+0.00000000e+00j
   0.00000000e+00+0.00000000e+00j -1.65907789e-03+8.04714023e-02j]
 [ 0.00000000e+00+0.00000000e+00j  3.02010975e-02-2.70650480e-03j
  -1.96722340e-01-1.26788624e-01j  0.00000000e+00+0.00000000e+00j
   0.00000000e+00+0.00000000e+00j -4.02330740e-03+4.00250980e-04j
   2.63951287e-02+1.66487276e-02j  0.00000000e+00+0.00000000e+00j
   0.00000000e+00+0.00000000e+00j -1.46551686e-04-8.98420543e-05j
   4.66107336e-04+1.24222464e-03j  0.00000000e+00+0.00000000e+00j
   0.00000000e+00+0.00000000e+00j -1.04599366e-01-6.80562506e-02j
   3.14022423e-01+9.10566171e-01j  0.00000000e+00+0.00000000e+00j]
 [ 0.00000000e+00+0.00000000e+00j -1.95954026e-01-1.27972864e-01j
  -9.83661709e-03-2.86822667e-02j  0.00000000e+00+0.00000000e+00j
   0.00000000e+00+0.00000000e+00j  2.62942305e-02+1.68076290e-02j
   1.34895767e-03+3.81149793e-03j  0.00000000e+00+0.00000000e+00j
   0.00000000e+00+0.00000000e+00j  4.58606283e-04+1.24501341e-03j
  -5.22668671e-05+1.63759476e-04j  0.00000000e+00+0.00000000e+00j
   0.00000000e+00+0.00000000e+00j  3.08524560e-01+9.12443658e-01j
  -4.11237897e-02+1.17819839e-01j  0.00000000e+00+0.00000000e+00j]
 [-1.90608526e-02-4.37916304e-03j  0.00000000e+00+0.00000000e+00j
   0.00000000e+00+0.00000000e+00j -1.96395269e-01-1.29386517e-01j
   2.54717226e-03+5.59036905e-04j  0.00000000e+00+0.00000000e+00j
   0.00000000e+00+0.00000000e+00j  2.63549066e-02+1.69955418e-02j
   7.19029980e-05+8.43957969e-05j  0.00000000e+00+0.00000000e+00j
   0.00000000e+00+0.00000000e+00j  4.55832001e-04+1.25293719e-03j
   5.05334843e-02+6.26479536e-02j  0.00000000e+00+0.00000000e+00j
   0.00000000e+00+0.00000000e+00j  3.06356732e-01+9.18139787e-01j]
 [ 7.15424540e-02+2.03406690e-01j  0.00000000e+00+0.00000000e+00j
   0.00000000e+00+0.00000000e+00j  3.31810949e-04-1.79275042e-02j
   3.21845453e-01+9.17934405e-01j  0.00000000e+00+0.00000000e+00j
   0.00000000e+00+0.00000000e+00j  1.57622263e-03-8.08739275e-02j
  -2.82397600e-04+3.96704162e-03j  0.00000000e+00+0.00000000e+00j
   0.00000000e+00+0.00000000e+00j  1.37201711e-04-3.00922775e-04j
  -6.40432998e-03+1.98693613e-02j  0.00000000e+00+0.00000000e+00j
   0.00000000e+00+0.00000000e+00j  1.07601777e-03-1.36230563e-03j]
 [ 0.00000000e+00+0.00000000e+00j  2.33336996e-02+1.51118717e-02j
  -7.03827503e-02-2.02700636e-01j  0.00000000e+00+0.00000000e+00j
   0.00000000e+00+0.00000000e+00j  1.05197197e-01+6.82766506e-02j
  -3.16616868e-01-9.14744090e-01j  0.00000000e+00+0.00000000e+00j
   0.00000000e+00+0.00000000e+00j  2.83918177e-04+4.26982062e-04j
   2.96838997e-04-3.94658205e-03j  0.00000000e+00+0.00000000e+00j
   0.00000000e+00+0.00000000e+00j  9.12961240e-04+2.53194936e-03j
   6.45234271e-03-1.97469912e-02j  0.00000000e+00+0.00000000e+00j]
 [ 0.00000000e+00+0.00000000e+00j -6.91588654e-02-2.03121468e-01j
   9.10588278e-03-2.62661969e-02j  0.00000000e+00+0.00000000e+00j
   0.00000000e+00+0.00000000e+00j -3.11093759e-01-9.16637150e-01j
   4.11951306e-02-1.18452997e-01j  0.00000000e+00+0.00000000e+00j
   0.00000000e+00+0.00000000e+00j  3.20637714e-04-3.94471985e-03j
   3.46876782e-04-3.77623768e-04j  0.00000000e+00+0.00000000e+00j
   0.00000000e+00+0.00000000e+00j  6.57133086e-03-1.97077141e-02j
   2.24086934e-03-1.49089584e-03j  0.00000000e+00+0.00000000e+00j]
 [-1.12868293e-02-1.39324437e-02j  0.00000000e+00+0.00000000e+00j
   0.00000000e+00+0.00000000e+00j -6.86786097e-02-2.04391420e-01j
  -5.08560121e-02-6.29026443e-02j  0.00000000e+00+0.00000000e+00j
   0.00000000e+00+0.00000000e+00j -3.08921586e-01-9.22364093e-01j
  -8.87253570e-05-3.18601062e-04j  0.00000000e+00+0.00000000e+00j
   0.00000000e+00+0.00000000e+00j  3.38085694e-04-3.96268415e-03j
  -5.35659170e-05-1.73517191e-03j  0.00000000e+00+0.00000000e+00j
   0.00000000e+00+0.00000000e+00j  6.68275772e-03-1.97774546e-02j]
 [ 2.55840924e-02+1.59192882e-02j  0.00000000e+00+0.00000000e+00j
   0.00000000e+00+0.00000000e+00j -1.53131467e-03-1.98339690e-03j
  -3.06062287e-03-6.47328750e-04j  0.00000000e+00+0.00000000e+00j
   0.00000000e+00+0.00000000e+00j  2.19695041e-04+1.39317244e-04j
  -3.30418392e-01-9.39660038e-01j  0.00000000e+00+0.00000000e+00j
   0.00000000e+00+0.00000000e+00j -1.53907218e-03+8.28157949e-02j
   2.98120557e-03+8.26740993e-03j  0.00000000e+00+0.00000000e+00j
   0.00000000e+00+0.00000000e+00j  7.76824330e-06-7.30789453e-04j]
 [ 0.00000000e+00+0.00000000e+00j  3.86505014e-03-3.92740838e-04j
  -2.53959325e-02-1.59437155e-02j  0.00000000e+00+0.00000000e+00j
   0.00000000e+00+0.00000000e+00j -3.63276764e-04+1.75233147e-04j
   3.04312569e-03+6.56377498e-04j  0.00000000e+00+0.00000000e+00j
   0.00000000e+00+0.00000000e+00j -1.07784482e-01-6.98172947e-02j
   3.25061401e-01+9.36398025e-01j  0.00000000e+00+0.00000000e+00j
   0.00000000e+00+0.00000000e+00j  9.55878379e-04+6.08433125e-04j
  -2.93371210e-03-8.23900517e-03j  0.00000000e+00+0.00000000e+00j]
 [ 0.00000000e+00+0.00000000e+00j -2.52993048e-02-1.60966030e-02j
  -1.30389208e-03-3.65960700e-03j  0.00000000e+00+0.00000000e+00j
   0.00000000e+00+0.00000000e+00j  3.03911135e-03+6.74720408e-04j
   2.56874822e-04+3.10953355e-04j  0.00000000e+00+0.00000000e+00j
   0.00000000e+00+0.00000000e+00j  3.19407530e-01+9.38341625e-01j
  -4.20737206e-02+1.21333224e-01j  0.00000000e+00+0.00000000e+00j
   0.00000000e+00+0.00000000e+00j -2.88396453e-03-8.25655021e-03j
   3.62701664e-04-1.07347187e-03j  0.00000000e+00+0.00000000e+00j]
 [-2.44862531e-03-5.31998073e-04j  0.00000000e+00+0.00000000e+00j
   0.00000000e+00+0.00000000e+00j -2.53579872e-02-1.62770392e-02j
   2.57804221e-04-3.48165045e-05j  0.00000000e+00+0.00000000e+00j
   0.00000000e+00+0.00000000e+00j  3.05122945e-03+6.90250462e-04j
   5.21345089e-02+6.43647233e-02j  0.00000000e+00+0.00000000e+00j
   0.00000000e+00+0.00000000e+00j  3.17188550e-01+9.44207988e-01j
  -4.64497614e-04-5.64230039e-04j  0.00000000e+00+0.00000000e+00j
   0.00000000e+00+0.00000000e+00j -2.86479816e-03-8.30846467e-03j]
 [-3.14035210e-01-8.89832364e-01j  0.00000000e+00+0.00000000e+00j
   0.00000000e+00+0.00000000e+00j -1.36878097e-03+7.84573398e-02j
   7.10293144e-02+2.02251944e-01j  0.00000000e+00+0.00000000e+00j
   0.00000000e+00+0.00000000e+00j  3.38264283e-04-1.78226223e-02j
   1.05455324e-02-2.94311156e-02j  0.00000000e+00+0.00000000e+00j
   0.00000000e+00+0.00000000e+00j -1.67636993e-03+1.98713084e-03j
   7.59211637e-02-2.23651765e-01j  0.00000000e+00+0.00000000e+00j
   0.00000000e+00+0.00000000e+00j -1.24104790e-02+1.52229524e-02j]
 [ 0.00000000e+00+0.00000000e+00j -1.02185060e-01-6.60253565e-02j
   3.08956740e-01+8.86747864e-01j  0.00000000e+00+0.00000000e+00j
   0.00000000e+00+0.00000000e+00j  2.31903182e-02+1.50345154e-02j
  -6.98767158e-02-2.01549472e-01j  0.00000000e+00+0.00000000e+00j
   0.00000000e+00+0.00000000e+00j -1.24424224e-03-3.83390375e-03j
  -1.06114881e-02+2.92456337e-02j  0.00000000e+00+0.00000000e+00j
   0.00000000e+00+0.00000000e+00j -9.88531805e-03-2.88020926e-02j
  -7.64429187e-02+2.22259068e-01j  0.00000000e+00+0.00000000e+00j]
 [ 0.00000000e+00+0.00000000e+00j  3.03602631e-01+8.88595231e-01j
  -3.97278322e-02+1.14990580e-01j  0.00000000e+00+0.00000000e+00j
   0.00000000e+00+0.00000000e+00j -6.86597834e-02-2.01967272e-01j
   9.06498416e-03-2.61084962e-02j  0.00000000e+00+0.00000000e+00j
   0.00000000e+00+0.00000000e+00j -1.07876924e-02+2.91810977e-02j
  -3.42612624e-03+2.12335011e-03j  0.00000000e+00+0.00000000e+00j
   0.00000000e+00+0.00000000e+00j -7.77821010e-02+2.21793954e-01j
  -2.56102709e-02+1.64740425e-02j  0.00000000e+00+0.00000000e+00j]
 [ 4.94590881e-02+6.09198354e-02j  0.00000000e+00+0.00000000e+00j
   0.00000000e+00+0.00000000e+00j  3.01506799e-01+8.94155131e-01j
  -1.12143738e-02-1.38563383e-02j  0.00000000e+00+0.00000000e+00j
   0.00000000e+00+0.00000000e+00j -6.81817389e-02-2.03229581e-01j
  -3.61931988e-06+2.59978692e-03j  0.00000000e+00+0.00000000e+00j
   0.00000000e+00+0.00000000e+00j -1.09578437e-02+2.92801039e-02j
   3.02708048e-04+1.96383970e-02j  0.00000000e+00+0.00000000e+00j
   0.00000000e+00+0.00000000e+00j -7.90547996e-02+2.22563415e-01j]]

********* Summary *****************
Final fidelity error 0.250843853211304
Final objective value 0.3942009722093861
Final penalized error 0.14335712831276912
Final gradient 0.06187762147321926
Number of iterations 2680
Terminated due to function converged
Completed in 0:04:52.470229 HH:MM:SS.US
Computational time 292.470229083
total tv norm 193.91115953120328
total l2 norm 143.3571283127691
