Final evolution
[[-3.98258595e-03-2.05767827e-03j  1.12922758e-03-1.14892737e-03j
   5.24610023e-04-2.99761488e-04j -9.99210772e-01-2.54174012e-02j
   6.21152354e-03+9.09714081e-04j -6.79008704e-04-7.27289545e-04j
   5.97396814e-04+3.10099800e-04j  2.44592119e-02+2.76741286e-03j
   5.42637609e-04-2.25110091e-03j  1.39450260e-04-1.69641268e-03j
   7.74617463e-04-4.87803469e-04j -8.06029729e-04-6.36907344e-04j
  -9.08218217e-04-9.73582701e-04j -6.48934298e-04-7.86655580e-04j
  -1.41466612e-02+4.97017852e-03j  4.90420640e-03+3.47278605e-04j]
 [-1.80399679e-03+4.66072081e-04j  3.49674113e-03-9.69312423e-04j
  -9.99148892e-01-2.49809143e-02j -7.02724351e-04-3.48107533e-04j
   2.86250420e-04+4.26837060e-04j  6.40693802e-03+2.88006944e-03j
   2.51256232e-02-1.07212550e-03j -9.16736618e-03-1.34406001e-04j
   9.62684872e-04+1.21163146e-03j  1.71208989e-03-1.51107912e-03j
   9.31049993e-04-1.21179916e-04j -6.66512043e-04+5.92736854e-04j
   3.13198332e-04+5.98742303e-04j -6.05261202e-04-1.25913688e-03j
   4.97618520e-03-1.02497965e-04j  1.59273056e-02-1.98291869e-03j]
 [-2.43726158e-02+1.99582623e-03j -9.98927823e-01-2.51332275e-02j
  -3.10183902e-03-1.20470928e-03j -9.80697200e-04-1.26143318e-03j
   1.30163691e-03+1.34124980e-04j  2.43801053e-02+2.70678337e-03j
   5.84446540e-03-1.41460315e-03j -5.21186579e-04-3.93802130e-04j
   3.06491784e-04-1.48468899e-04j -8.14251976e-04-6.75103474e-06j
   2.89542706e-04-2.03876025e-03j -1.41041266e-03-1.12629441e-03j
  -1.39952139e-02+4.97310967e-03j  5.30349968e-03+2.48787146e-04j
  -1.16116781e-03-5.99565048e-04j -8.96398710e-04-5.50448356e-04j]
 [-9.98839909e-01-2.52152838e-02j  2.40222042e-02+3.21139933e-03j
   1.72405298e-03+6.07712556e-04j  4.41532383e-03-1.84410162e-03j
   2.49175537e-02-1.22612203e-03j -1.01359769e-02-1.06509787e-04j
   4.39451993e-04-1.29167020e-04j  7.04686853e-03+6.25273265e-04j
   8.23099791e-04+3.09814140e-04j -1.86715164e-04+2.64621529e-04j
   2.06942600e-04+1.46069736e-03j  5.24865724e-04-2.40831588e-03j
   5.34085368e-03-1.89040748e-04j  1.58049889e-02-2.00419335e-03j
   5.45972480e-04+5.28916189e-04j -1.02865556e-03-9.32990288e-04j]
 [-7.20671879e-03+2.74932493e-04j  7.43970458e-04-3.65107799e-04j
   9.19500102e-03+2.80694814e-04j -2.45447896e-02+1.50930268e-03j
  -2.11472467e-03+2.12566057e-03j  5.12856966e-04+1.66782743e-03j
  -1.57511535e-03-2.50296014e-03j -9.99271310e-01-2.60954338e-02j
   3.28150151e-04+2.55409792e-04j  1.11885423e-03+5.99642413e-04j
  -4.46451530e-04+2.80337908e-04j  4.58660087e-04-2.05278471e-04j
  -9.05020624e-04+1.92911030e-03j  9.45364072e-04+1.45261741e-03j
  -2.84330328e-04-1.88174842e-04j  1.75192395e-03+2.44834403e-05j]
 [-6.66153152e-04-2.10854225e-04j -5.68170111e-03-1.64319215e-03j
  -2.50693046e-02-2.32958743e-03j -6.11983268e-04+1.97359348e-04j
  -1.55079466e-03-9.64908702e-04j  1.45233987e-04+2.09850818e-03j
  -9.99312096e-01-2.60620019e-02j  1.49375970e-03-2.43209556e-03j
  -6.34516119e-04+3.25438794e-04j  2.03596276e-04+3.70048899e-04j
  -3.96049124e-04+3.14200830e-04j  2.41252229e-04-1.19836254e-03j
   3.08499136e-04-1.58773003e-03j -1.00157454e-03+2.02950236e-03j
   1.78689448e-04-4.24066139e-04j  1.32482622e-04+1.22022650e-04j]
 [ 8.89249249e-03+4.89385262e-04j -2.47072124e-02+1.42836732e-03j
  -6.64768394e-03+2.61093890e-03j  4.75528104e-04-6.68108810e-04j
  -2.63383026e-02-3.00770895e-04j -9.98937484e-01-2.57751667e-02j
   7.71121065e-05+1.94058827e-03j -7.02335890e-04+1.71866883e-03j
  -4.66149147e-04+2.72173063e-04j  4.45578183e-04-1.90118311e-04j
   4.16142777e-04+1.66271125e-04j  1.21914300e-03+2.24784190e-04j
  -7.14135481e-04+8.51665489e-05j  1.74538073e-03+6.09189539e-04j
   3.51721808e-04+2.40823351e-03j  3.79186986e-04+1.66692997e-03j]
 [-2.50911847e-02-2.51574650e-03j -4.67151783e-05+1.47600628e-04j
  -8.94990469e-05+3.43104307e-04j -6.08990681e-03+6.46534537e-04j
  -9.98965454e-01-2.62383320e-02j  2.60970417e-02+1.04006449e-03j
   1.62586950e-03-9.40830780e-04j  2.34426925e-03+2.22657303e-03j
  -3.71255450e-04+2.93461255e-04j  2.51893944e-04-1.20843203e-03j
  -5.06415163e-04+5.10978298e-04j  2.97034789e-04+2.65872886e-04j
   1.11442280e-04+3.29086321e-05j  6.33001079e-04-3.06326086e-04j
  -1.31972449e-03-1.04408962e-03j -8.42073188e-04+1.85177118e-03j]
 [-3.34683030e-04-2.46121223e-03j  1.33821605e-03-1.04498576e-03j
   6.22299601e-04+6.32748005e-04j  8.36856880e-04-5.79156209e-04j
  -3.31259354e-04+3.17181897e-04j -1.26550310e-03+1.52317316e-04j
  -1.99455729e-04-1.20011841e-03j -4.62891836e-04-2.01346629e-04j
  -2.24110880e-03-1.76310085e-03j  8.61002398e-04-2.60128345e-04j
  -5.92690602e-04-6.48587067e-05j -9.99619094e-01-2.61418199e-02j
   7.08490414e-03+6.08366577e-04j -2.90897235e-04-3.39385388e-04j
  -4.54999147e-04+2.90518163e-04j -3.23241556e-04+1.83555217e-03j]
 [-1.87119668e-04+1.46903442e-03j -1.48072988e-04-2.08011779e-03j
  -1.04539880e-03-1.85863404e-04j -7.99833496e-04-4.94373922e-04j
   4.91645974e-04+5.33537018e-04j -4.25593288e-04+2.09192071e-04j
   4.10097126e-04+3.37931316e-04j  4.39635259e-04+2.94920914e-04j
  -2.07936969e-03+1.43336536e-03j  1.54808777e-03-1.67712736e-03j
  -9.99599672e-01-2.58398002e-02j  6.00447124e-04-2.32211100e-05j
   5.79020070e-04+9.34545883e-04j  5.55171278e-03+2.92890739e-03j
   3.94988316e-04-2.19566291e-03j -8.07981150e-03+3.41078902e-04j]
 [ 1.51994545e-04+2.76769216e-04j  8.09278839e-04+3.61788251e-05j
  -1.62599940e-03-1.56555574e-03j -2.08507743e-04-1.76575419e-03j
  -2.05484130e-04-1.19565556e-03j -4.28376367e-04-1.73214033e-04j
  -1.64042568e-04+4.05638121e-04j -1.17244702e-03+5.84149377e-04j
  -2.52741121e-02+2.20785004e-03j -9.99305495e-01-2.58901095e-02j
  -1.38809592e-03-1.69023959e-03j -8.00702158e-04-3.49785052e-04j
  -7.57671706e-04+4.53387271e-04j -2.66018890e-04+2.06005551e-03j
   6.93443069e-03-1.73378378e-03j -4.49456827e-04+1.85200860e-04j]
 [-9.69199679e-04+2.38195137e-04j -3.43604034e-04-1.22442497e-04j
  -8.63496557e-04+1.23204939e-03j -3.99443630e-04-2.23474841e-03j
   3.84659184e-04+3.42485035e-04j  4.57938452e-04+2.85303249e-04j
   6.58534890e-04+3.34227326e-04j -3.08590188e-04+3.04678337e-04j
  -9.99272203e-01-2.60947888e-02j  2.51216088e-02+3.54008575e-03j
   1.94262945e-03+1.60205225e-03j  2.35104056e-03-1.66758041e-03j
   2.66526005e-04-2.16551209e-03j -8.02106289e-03+1.86591382e-04j
   5.38943236e-04+6.11198121e-04j  5.98426424e-03+6.37882970e-04j]
 [ 1.03194698e-03-8.49226177e-04j  1.01984507e-03-4.42412848e-04j
  -1.57732763e-02-2.76921116e-03j -4.99496699e-03+1.32008287e-04j
   7.38411575e-04+1.97815067e-03j -3.99685888e-04+1.65532224e-03j
   2.55083072e-04+1.49282761e-04j -1.77096579e-03-7.39394111e-05j
  -5.97880462e-03+3.20663766e-04j  6.29222622e-04+1.79354547e-04j
   8.09842385e-03+7.73878755e-04j  1.95572291e-04+1.86210355e-03j
  -4.19383678e-03+2.12234516e-03j  6.57044066e-04+9.23408989e-04j
   1.19351582e-03-3.09188446e-03j -9.99461361e-01-2.53302027e-02j]
 [-4.49831976e-04+5.34692108e-04j  1.22004483e-03-4.31617946e-04j
  -4.99198623e-03-4.10837757e-04j  1.38812081e-02+5.62711629e-03j
   1.28524191e-03-9.71528400e-04j -5.12382489e-04+2.45892637e-03j
  -3.49233863e-05-4.35533427e-04j -8.44017728e-05-3.43829602e-04j
  -7.81363003e-04+5.37503347e-04j -6.81150334e-03-2.07677706e-03j
  -2.72138702e-04-2.18751814e-03j  4.24405737e-04+3.07616528e-04j
  -1.33505983e-03-2.27281855e-03j  1.74655250e-03+2.82515037e-03j
  -9.99513839e-01-2.50056721e-02j -1.01852500e-03-3.19633306e-03j]
 [-1.59042649e-02-2.78915715e-03j -4.65211754e-03+2.47474044e-04j
   6.62746592e-04-1.13307678e-03j  7.86957504e-04-7.67954057e-04j
  -2.64013806e-04-2.74116834e-04j -1.77631912e-03+5.24839184e-04j
   9.07889486e-04+2.06214298e-03j -9.05618751e-04+1.48633510e-03j
   8.00893958e-03+6.29700676e-04j -3.74465038e-05+2.05115471e-03j
  -5.72567750e-03+2.65952152e-03j  1.33874814e-04-3.51605374e-04j
  -2.36497022e-02-8.44276084e-04j -9.99195665e-01-2.51049946e-02j
  -1.86186302e-03+2.64778065e-03j -7.37223333e-04+9.65760635e-04j]
 [-4.60309011e-03-3.01917527e-04j  1.39785927e-02+5.67180090e-03j
  -2.49683126e-04+6.28459284e-04j  9.88862486e-04-8.17034219e-04j
   2.81190268e-05+3.23712663e-05j  3.71641473e-04-7.47871595e-05j
  -3.32654836e-04-1.68153688e-03j  8.50788756e-04+1.98103047e-03j
  -3.14285488e-04-2.17550126e-03j  7.59548108e-04+4.82866436e-04j
  -5.39237692e-04+8.62364404e-04j -7.08686576e-03+2.58984438e-04j
  -9.99227786e-01-2.52661865e-02j  2.36653922e-02+2.76463422e-04j
   1.49365209e-03-2.26105549e-03j  4.10379184e-03+2.34270473e-03j]]

********* Summary *****************
Final fidelity error 0.0012314954381034138
Final objective value 0.0012314978835091916
Final penalized error 2.4454054446985043e-09
Final gradient 9.372721582639226e-05
Number of iterations 2332
Terminated due to Max wall time exceeded
Completed in 2:00:01.598132 HH:MM:SS.US
Computational time 7201.598132
total tv norm 178.08198241231014
total l2 norm 2.4454054446985043e-08
