Final evolution
[[ 2.75215483e-02-1.18283461e-02j -8.30068039e-02+3.81389399e-02j
   9.90737468e-02+1.57406908e-01j  4.31984269e-01+6.41888067e-01j
  -1.02198007e-01-2.62432059e-02j  5.86938936e-02-2.66936365e-02j
  -8.82522969e-02-5.77272052e-02j -2.48700792e-01-3.24939813e-01j
   3.95532784e-02-1.09856515e-02j  4.53833536e-02-7.93833799e-02j
   2.59823210e-02-9.16086671e-03j  2.29096266e-02-2.22967371e-02j
  -2.78401115e-02+1.62287069e-02j  1.88207205e-02+2.04627326e-02j
   1.79943431e-03+4.65531595e-02j -2.35753136e-01-3.03803066e-01j]
 [ 1.60350188e-02+5.37926278e-02j  1.22040707e-02+6.62428733e-03j
  -6.04523978e-01-4.41790028e-01j  1.06230521e-01+1.28284352e-01j
  -8.24466193e-03+2.03187449e-02j -8.45764100e-02+4.68761004e-02j
   3.35930993e-01+3.74898552e-01j -3.51771813e-02-1.42656247e-02j
  -4.04506872e-02+5.37408945e-02j  8.00211690e-03+1.45894873e-02j
  -8.03313119e-02-1.52878845e-03j -2.41931897e-02+2.63914245e-02j
  -3.94713344e-03-4.14035446e-02j  5.59393657e-02-5.30066629e-02j
   2.79767686e-01+1.78733704e-01j -7.93627011e-02-8.30342848e-02j]
 [ 2.26075419e-01+2.05127707e-01j -6.25651461e-01-3.31362804e-01j
   8.54545297e-03-3.19543245e-02j -1.47206401e-02-1.23776522e-01j
  -1.54821104e-01-2.85178523e-02j  4.36829977e-01+1.87862163e-01j
   1.84076597e-02+6.13732117e-02j -5.44424552e-02-2.01046329e-03j
  -6.46417738e-02+6.45756145e-03j -1.02373812e-03+6.23035004e-03j
  -2.11015485e-02-7.84363584e-03j  2.35296822e-02-1.50395544e-02j
  -9.87691679e-02-8.25532794e-02j  2.81014535e-01+1.63643402e-01j
  -2.96643941e-02-2.93118959e-02j -1.89417597e-02+3.17428492e-02j]
 [ 1.57278868e-01-3.88413461e-01j -4.52070677e-02-8.86502107e-02j
   4.45690380e-02-8.97229547e-04j -2.53381346e-01-2.66670734e-01j
   3.22346995e-02+1.22034309e-01j  4.53494221e-02+3.76113365e-01j
   4.78061421e-02+9.09656308e-02j -2.70560404e-01-2.18603768e-01j
   2.40067022e-02-4.07532287e-02j -3.82137014e-02-8.86871644e-02j
   6.60162749e-02-1.00225009e-02j -7.69813925e-04-1.38036257e-02j
   6.38620185e-02+2.77431862e-01j -2.53836917e-01-2.64836374e-01j
  -3.11305652e-02+8.87194181e-02j -2.29946197e-01-3.04379458e-01j]
 [-9.80526831e-02-2.68145238e-01j -1.43537250e-01-4.80946448e-02j
   6.26943787e-02-2.16484511e-02j  3.76221760e-01+1.08065917e-01j
   1.95713102e-02+2.50202093e-02j  2.46698306e-01+2.11462736e-01j
  -3.01524854e-02+7.72318890e-02j  6.27909030e-01+2.06713760e-01j
  -8.70146019e-02-1.86696867e-02j -6.10436606e-03+2.77362204e-04j
  -1.17297267e-01-6.16233294e-03j  5.29736302e-02+5.40819657e-02j
   8.89204448e-02+6.29408507e-02j -2.60328904e-01-2.49958643e-01j
   2.60926900e-02-1.02060870e-02j  1.14591294e-01-6.29878852e-02j]
 [ 7.06693499e-02-8.00105866e-03j  2.99934823e-02+1.73346516e-02j
   3.87129370e-01+3.45926800e-01j -2.16944881e-02+5.30490637e-02j
  -2.00358933e-02-4.81979183e-02j -4.54510043e-02-5.56754081e-02j
   5.00478293e-01+6.34953111e-01j  2.01810591e-03+4.86268629e-02j
   8.98296761e-02-1.47803235e-02j  1.18017866e-01+5.08990245e-03j
  -4.57256809e-04+9.14682946e-02j -4.63419782e-02-6.76880338e-03j
   3.49002425e-02-2.95352037e-02j -2.97945294e-02+1.14706443e-01j
  -2.16020841e-02-1.51306068e-04j  7.89722327e-02+3.71322204e-02j]
 [ 1.83902257e-01+2.75002746e-01j  2.40000220e-01+5.12872170e-01j
   3.51169494e-02-4.43659472e-02j -2.82803270e-02-2.37584925e-02j
  -2.28044072e-01-4.14486360e-01j  2.58026498e-01+4.45353720e-01j
  -1.30175363e-02-2.61808646e-02j -2.85365402e-03+1.65640378e-02j
  -2.25109949e-02-9.47913828e-02j  1.11619222e-02+1.73198360e-02j
  -1.55829710e-02+5.34434781e-02j -1.17735709e-01-5.52369180e-02j
  -2.70351609e-02-1.53130398e-01j -1.10845530e-01-5.62332626e-02j
  -1.75863608e-02+4.25964184e-02j -4.90739118e-02+3.74481801e-02j]
 [-3.73704795e-01-2.82419761e-01j -1.41100148e-01-9.38110756e-02j
  -5.38054932e-02+1.43735872e-02j -5.24190281e-02-7.93746768e-02j
  -6.89320325e-01-4.10101282e-01j -1.95727495e-01-1.09206317e-01j
  -3.59767635e-03+2.71375138e-02j -5.39151848e-02+2.35132820e-02j
   6.72158320e-02+2.01440298e-02j -4.12457771e-02+1.08646597e-02j
  -4.38840528e-02+8.04148299e-03j  1.19217500e-02-5.41707186e-02j
  -2.88967976e-02-1.57245021e-02j  5.46167511e-02-1.38943584e-01j
  -1.52118679e-02-7.74177489e-02j  1.17298723e-02-1.97784887e-02j]
 [ 1.29925505e-02-6.53067198e-02j -1.47321357e-02-1.06814534e-01j
  -3.83678157e-02-2.21281178e-02j  4.41815695e-02+4.16511749e-02j
   5.87156660e-02+3.56782289e-02j  1.10933119e-02-3.62819612e-02j
   1.49186100e-02-3.37471099e-02j  2.77787434e-02+6.06396670e-03j
  -3.63687709e-02+1.19321723e-02j -7.29136924e-02-4.60514518e-03j
   2.55263804e-02+7.41398601e-02j -6.60535147e-01-7.13143679e-01j
  -2.67950586e-02+1.28557662e-02j -4.54211039e-02+4.45881398e-03j
  -2.02772521e-02-5.28468461e-02j  7.71294207e-02-3.28826833e-03j]
 [-9.15155651e-02+2.82691261e-02j -3.19040128e-02-2.77794898e-02j
  -3.94931627e-02-7.36448290e-02j  1.06386702e-02+4.14614623e-02j
   5.91640349e-02-6.80820898e-02j  2.75927237e-02-1.06768137e-02j
  -7.18135526e-02+5.35043265e-02j  1.35906933e-02+1.40670474e-01j
  -7.03389969e-02-3.67880140e-02j  1.46908462e-02+2.78121849e-03j
   6.30979342e-01+7.12570272e-01j  8.11328636e-02+3.29622247e-02j
  -8.80821147e-02+8.67577884e-02j  1.05296701e-02-4.20880008e-02j
   6.68974845e-03-4.39873622e-02j -4.97334404e-02-3.88770993e-02j]
 [-8.16771011e-02-3.03947997e-02j  6.45971219e-03-3.48148252e-02j
   1.98793845e-02+3.65816449e-03j  3.72991254e-02-5.91994653e-02j
   3.89360313e-02-2.35484320e-02j  3.29308411e-02-3.60327297e-02j
   2.58086888e-02-6.52924671e-02j -1.12076612e-01-8.82867208e-03j
  -3.01149001e-01-2.30211288e-01j  6.07575339e-01+6.51498697e-01j
  -6.70854345e-03-6.55105999e-02j  5.75753734e-03-6.20657226e-02j
  -2.54493553e-02+3.47857970e-02j  8.93962795e-03-9.50459584e-02j
   2.84476719e-02+3.50530162e-02j  1.67494229e-03-7.28338858e-02j]
 [ 3.98294290e-02-6.00032097e-02j -3.46251740e-02+3.54332378e-02j
  -1.04165429e-02+1.07343831e-01j -5.72875074e-02+3.94301682e-02j
  -2.10665288e-02+1.76623554e-02j -1.61431640e-01-2.67848027e-02j
   6.03431220e-03+7.79364261e-02j  3.61492004e-02-1.57137521e-01j
  -7.63076720e-01-4.21990127e-01j -2.47629359e-01-2.13810674e-01j
  -2.16325694e-02-8.38542082e-03j -1.38308071e-02+5.42797302e-02j
   3.37442512e-02-1.19074605e-01j  5.52720394e-02-2.04791094e-02j
   2.12407713e-02-8.91346690e-02j -5.48780066e-02+1.22375217e-01j]
 [ 6.56715278e-02+2.67912152e-02j  6.62440015e-02+2.74984720e-02j
   3.06705607e-02+8.31855641e-02j -1.21058467e-01-9.84119736e-02j
  -9.27825813e-03-7.48847880e-03j -1.10253256e-01-9.72918662e-02j
  -3.97569240e-03-6.99411475e-04j  3.09489063e-01+3.08496620e-01j
  -9.09947838e-02+1.07007205e-01j -8.73580990e-02+1.06857350e-01j
  -6.60387684e-02-3.37361693e-02j  1.52028078e-03-6.45213431e-02j
  -1.50806673e-01-1.51186724e-01j  1.30430514e-01+1.84425443e-01j
  -7.03126140e-02+1.53784686e-02j -5.85960614e-01-5.01288976e-01j]
 [ 4.37532569e-02-3.52330576e-02j  5.58387372e-02-6.08072285e-03j
  -1.81722114e-01-2.17099500e-01j  4.11864538e-02+9.28755446e-02j
   4.94793861e-02+1.30064350e-02j  2.59667794e-02+5.41560382e-03j
   9.45481436e-02+1.13428133e-01j -5.14677949e-02-2.82784060e-03j
   4.76722474e-02-4.74795196e-02j  7.49196349e-02+1.39558133e-02j
  -6.14343821e-02-6.67091276e-03j  3.02409086e-02+3.85328863e-02j
   4.43065021e-02-3.27182277e-02j -3.78265838e-02-3.49788919e-02j
  -7.10343936e-01-5.81517901e-01j -9.57481738e-02+3.56226805e-02j]
 [-3.48217341e-01-3.05216112e-01j  1.83126270e-01+2.16848548e-01j
  -7.64608884e-02+7.53377670e-02j  4.26754354e-02-5.41747719e-02j
   6.97981592e-02+1.29798530e-01j  1.59631452e-01+3.22352104e-01j
  -4.91803218e-02+8.76917282e-02j  2.77678125e-02-4.15277829e-02j
  -5.85291206e-03-2.77337823e-02j  8.95505336e-02-1.13654093e-01j
   3.93347125e-02-5.55927632e-02j -2.94334445e-03-4.40040780e-02j
  -4.15306485e-02+1.45143446e-01j  5.98113969e-01+3.01458866e-01j
  -2.53244496e-02-3.61543131e-02j  1.29591502e-01-8.09944303e-02j]
 [ 1.63455819e-01+1.89788383e-01j  1.34104557e-02+2.63267574e-02j
  -2.99099631e-02-6.67015709e-03j  3.12153393e-02+1.45713483e-02j
  -1.53050778e-01-1.14907643e-01j -5.65579126e-02-6.76339789e-02j
   4.36337085e-02-6.66153709e-02j  7.90852918e-02+4.76577400e-02j
  -1.29368793e-01+5.56446743e-02j -7.64995650e-02+8.89926617e-02j
  -1.34019035e-01+1.08332728e-01j  1.29357013e-02-2.37036720e-02j
   5.05066836e-01+7.07483113e-01j  8.14427566e-02+2.13195109e-01j
  -4.31327566e-02+8.69340850e-03j -1.26267145e-02-3.40432422e-02j]]

********* Summary *****************
Final fidelity error 0.0685447804339645
Final objective value 0.06854477625068711
Final penalized error 0.0
Final gradient 0.01384424707000713
Number of iterations 3000
Terminated due to Iteration or fidelity function call limit reached
Completed in 0:05:52.691567 HH:MM:SS.US
Computational time 352.69156675
total tv norm 329.67270358824595
total l2 norm 7184.428015243428
