Final evolution
[[ 1.54112853e-04-2.33990630e-04j -2.11197364e-02-9.99775536e-01j
  -1.65657189e-03+2.18043425e-05j  4.50681395e-05+9.89073309e-05j]
 [-2.11197364e-02-9.99775536e-01j  1.63521409e-04+2.27140881e-04j
   4.08783094e-05-1.01103894e-04j -1.65606175e-03+4.74999315e-05j]
 [-1.65657189e-03+2.18043425e-05j  4.08783094e-05-1.01103894e-04j
   8.03444098e-05-2.36600085e-04j -2.07068616e-02-9.99784180e-01j]
 [ 4.50681395e-05+9.89073309e-05j -1.65606175e-03+4.74999315e-05j
  -2.07068616e-02-9.99784180e-01j  9.03991632e-05+2.32918726e-04j]]

********* Summary *****************
Final fidelity error 1.4348325066970702e-06
Final objective value 1.5491017684819624e-06
Final penalized error 1.1426926011955753e-07
Final gradient 0.0009563992946122416
Number of iterations 55
Terminated due to function converged
Completed in 0:00:00.306500 HH:MM:SS.US
Computational time 0.30650029199999995
total tv norm 6.457616467863324
total l2 norm 1.1426926011955753e-07
