Final evolution
[[-1.21256512e-01+1.16106481e-01j -4.24755705e-03-9.06459797e-02j
  -6.75157982e-02+4.29588343e-02j -5.47653229e-02+1.11953452e-01j
   1.94155966e-02-5.80028981e-02j  4.01602425e-02-4.50679539e-03j
   6.02381484e-02+3.49899150e-02j -3.50636499e-02-5.16741416e-02j
  -1.04481731e-01-3.40468614e-02j  4.78707101e-03+4.18049192e-02j
  -1.16194172e-02+3.20295198e-02j  2.16372136e-02+6.06097300e-02j
   4.33946088e-01-4.94978372e-01j -2.09564054e-01+1.99926153e-01j
   4.73893849e-02-9.48634669e-03j  4.27249911e-01-4.54191920e-01j]
 [-4.10757231e-02-6.34302517e-02j  4.18493390e-03+6.66160967e-02j
   1.24587471e-01-1.21179980e-01j  6.82966458e-02+4.11917144e-02j
   2.43201542e-02-1.44144168e-02j  3.17976657e-02-4.33192487e-02j
  -6.39335784e-02-2.32839409e-02j -3.65322181e-02+1.78648015e-02j
  -2.28966345e-02-4.04495936e-02j -4.05341076e-02+8.57114685e-02j
  -4.26512945e-02-7.56256765e-03j -2.67867137e-02-1.70815096e-02j
  -2.11812014e-03-1.81512831e-02j -2.62206946e-02+7.85802125e-02j
  -6.10602594e-01+7.39388443e-01j  1.75463053e-03-5.03023784e-02j]
 [ 3.90039930e-02-2.43352114e-02j  1.92171722e-01-1.18322093e-01j
   6.22940929e-03+5.06377064e-03j -2.20634049e-02+1.85983231e-02j
  -3.22100685e-02-7.25605878e-03j -5.02392593e-02-3.92647577e-03j
   4.58864331e-02+3.43211189e-02j  5.62726887e-03+4.25337378e-02j
   1.81885456e-02+5.47069591e-02j -4.08987432e-02-2.48403677e-02j
   1.50011254e-02+2.10089157e-02j  1.93189441e-02-8.28929898e-03j
  -2.20320635e-01+2.64280176e-01j -6.26532757e-01+6.43357693e-01j
   4.28431653e-02-2.33154483e-02j -4.40185131e-02+3.78057641e-02j]
 [ 3.97839989e-01-4.85046991e-01j -8.75445701e-02+1.58060870e-01j
  -3.41778206e-02-7.07475394e-03j  3.56527471e-01-4.64254635e-01j
   1.67630030e-01-2.51718567e-01j -3.34430783e-02+7.02194253e-02j
   2.65002289e-02+1.97820828e-02j  1.84974818e-01-2.16831760e-01j
  -1.99658557e-02-4.02522961e-02j  2.66757523e-02-5.24380575e-03j
   4.86761991e-02-1.54388772e-02j -1.69401843e-04+9.58371399e-02j
   9.56255921e-02-4.71552043e-02j -5.65139727e-02+6.18662107e-02j
   2.09580342e-02-1.99656676e-02j  2.16956400e-02-1.25929924e-01j]
 [ 8.84418433e-02+1.40943259e-02j  3.19629372e-01-3.47559344e-01j
  -2.29739672e-03+1.08521612e-02j  1.29639934e-01-1.17133962e-01j
  -5.32598283e-02+3.10248072e-02j -1.51193251e-01+2.30234213e-01j
  -8.21596139e-02+1.75880663e-02j -3.94802658e-02+1.25987750e-01j
   1.18894468e-02+4.30511432e-02j  1.11183791e-02+2.14366770e-02j
  -3.47213537e-02+2.20727492e-02j -4.52509335e-02-1.13618632e-02j
   3.08045372e-01-4.54756807e-01j -5.42841126e-02+2.04424434e-02j
  -6.55511481e-02+2.51428167e-03j -3.54435710e-01+4.39062420e-01j]
 [ 4.10204984e-02+5.40971890e-03j -7.45003775e-04-1.60834554e-02j
  -1.90621714e-01+2.32155501e-01j -2.05388558e-02+3.04822216e-02j
  -4.87232188e-02+3.64766588e-03j -2.38924457e-02-5.40643641e-03j
  -5.41930972e-01+7.51126763e-01j -3.58351758e-02-9.23743132e-02j
   3.24670588e-02-6.70011978e-02j -2.34513197e-02-8.77021632e-02j
  -1.20634889e-02+2.39261296e-02j  4.99850217e-02-3.00786866e-02j
  -2.41097401e-02+4.59998824e-02j  5.69648670e-02+2.72856423e-02j
  -6.40445644e-02+2.99648483e-03j -2.55443493e-02-8.00237633e-02j]
 [ 6.68407667e-02-3.55241688e-02j  9.67671266e-02-2.08117536e-01j
  -2.30818834e-02+4.40495636e-02j  2.20901716e-02+2.24496512e-02j
   1.93021121e-01-2.20578549e-01j  5.92463358e-01-6.59381665e-01j
   6.50522902e-03+1.28556222e-02j -4.28722370e-02+2.88161928e-02j
   2.98657060e-03+2.93711838e-02j  2.93762792e-02-4.32996816e-02j
  -4.37178973e-02-2.77764263e-02j  1.03808729e-01-9.90052875e-04j
   1.04499892e-01-2.91621691e-02j -8.43849085e-05-1.48064750e-04j
   1.54520060e-02-1.96330478e-02j -1.37991877e-01+1.22626727e-01j]
 [ 7.37900463e-02-1.31110704e-01j -7.91778348e-02+2.21374520e-02j
  -2.56061726e-02-7.21873859e-03j -1.26814978e-01+1.04658231e-01j
   3.80993583e-01-4.58992480e-01j -1.23222965e-01+1.91690077e-01j
  -5.48857685e-02+1.97746982e-03j -4.43000296e-01+5.54943155e-01j
   1.79867194e-02+1.90791341e-03j -9.10926307e-02-6.59525030e-02j
  -4.35774421e-02-6.02672529e-02j  2.80302224e-02+9.94303723e-03j
  -2.88657563e-02+3.37652111e-02j  3.82577664e-02-3.14624098e-03j
   3.53504394e-02-1.35699282e-02j  5.32083744e-02-2.78149038e-02j]
 [ 3.77107938e-02+1.24332805e-02j  4.77796421e-03+6.60969081e-03j
   5.68167365e-02+4.31122206e-02j  2.07322199e-02-5.80767665e-03j
   2.06035051e-02+4.75487566e-03j  2.99123756e-02+6.04943767e-02j
   1.15088273e-02-8.34973160e-02j -3.56852062e-02-6.80190258e-02j
   4.62554510e-01-5.61889603e-01j -1.26347980e-01+1.97637491e-01j
  -5.89330447e-02+1.35475873e-03j  3.93254601e-01-4.64625146e-01j
  -5.89474980e-03-6.29639157e-02j -5.05316105e-02-2.58740022e-03j
   9.08650450e-02+2.28253394e-02j -1.82385206e-02-2.07279879e-02j]
 [-7.65263564e-03+5.78077252e-03j  7.03996901e-03+3.28529873e-02j
   5.27110402e-02+1.28436848e-02j  3.11623990e-02-3.15099278e-02j
   4.57404641e-02-1.71272989e-02j  1.33328274e-02+3.47012275e-02j
   1.85391516e-02-2.37507500e-02j -5.27589609e-02-6.58784930e-02j
   1.92647248e-03+1.82003250e-02j  1.51051607e-02-5.28546563e-02j
  -6.76520189e-01+7.14068366e-01j  1.30793383e-02+7.51437927e-02j
  -2.70493255e-02+3.76332923e-02j  3.63291107e-02+1.48376191e-02j
  -7.85163833e-03-3.90858349e-02j  5.61034447e-03-4.08454898e-03j]
 [ 3.84769646e-02-4.13653987e-03j -2.61788886e-02+2.81860493e-02j
  -1.05226931e-02+6.13851359e-02j -1.34478182e-02-3.75667469e-02j
   5.00069763e-02+1.26700649e-02j  1.69039300e-02-3.85910636e-02j
  -1.03941987e-01+1.49955752e-02j -6.59156841e-02-5.90871937e-02j
  -1.59147311e-01+2.87889147e-01j -4.63697073e-01+7.95264329e-01j
  -2.94047917e-02+2.27909673e-02j -9.26414421e-03-2.67212419e-02j
  -3.52413847e-02+4.56090110e-03j -2.37619212e-03-1.67791919e-02j
   5.46864950e-02-5.94949267e-02j  1.75598803e-02+4.48286937e-02j]
 [-1.11736711e-02+3.95747076e-02j  1.43651316e-02+7.38029666e-03j
   5.48323167e-03+6.67431922e-02j -5.46653989e-02-3.90068018e-03j
  -6.32697289e-02-3.90649911e-02j  2.10090415e-02-9.21280813e-02j
   1.17264143e-03-1.56026572e-02j -7.13808563e-02-2.31582622e-03j
   3.76614676e-01-4.25874463e-01j -1.58798977e-01+1.39427868e-01j
   3.30510125e-02+5.83797024e-03j -5.15703334e-01+5.67345046e-01j
  -4.22040226e-02-3.52778872e-02j -1.15585203e-02+2.06052766e-02j
   2.63955536e-02-1.53444206e-02j -9.18756282e-02-3.12654766e-02j]
 [ 2.05371082e-01-2.69572805e-01j -9.47187831e-02+1.04791720e-01j
  -6.81925329e-02-6.40869725e-02j  1.17769079e-01-1.50649952e-01j
  -4.02265262e-01+5.20936077e-01j  1.55863648e-01-1.36387700e-01j
  -4.20450896e-02-1.66004887e-02j -3.40758312e-01+4.33412734e-01j
   5.14679931e-02+3.27442508e-02j -2.52141308e-02-2.87930318e-02j
  -5.71725355e-02+7.57902120e-04j  1.33510624e-02-1.74894405e-02j
   9.58923958e-02-1.20923576e-02j -3.52454422e-02+1.52557466e-02j
   3.55792740e-02-2.25807312e-02j  9.07683402e-02-8.95230491e-02j]
 [-3.50240304e-02-2.25963329e-02j -1.29219574e-02-2.24065032e-02j
   6.23247129e-01-6.73197931e-01j -3.78382241e-02-8.93909461e-03j
   3.70294578e-02+7.06519257e-03j  2.21382935e-02-2.67812919e-02j
  -1.77161713e-01+2.44441842e-01j  4.16941887e-02-9.35055421e-03j
   6.83238513e-02+3.16664422e-02j -8.19894249e-02-2.26726727e-02j
  -1.82915139e-02-4.23221971e-02j  5.56060513e-03+3.16299069e-02j
   3.82600500e-02-5.55661762e-02j -8.90220589e-03+1.17698405e-02j
   9.87643957e-02-1.47036525e-01j -2.89444896e-02-7.62349555e-02j]
 [-1.98522040e-01+2.35548465e-01j -5.48861603e-01+5.16705672e-01j
   1.08343616e-02+3.98973141e-02j  4.76883158e-02-8.17205998e-02j
   5.66157289e-02-2.38314869e-02j  1.07274523e-01+3.11956596e-03j
  -5.22359113e-02+3.33282961e-02j -4.01518276e-02+1.29737103e-02j
  -5.04397564e-03+1.41555760e-02j  4.69728435e-02-2.67034534e-02j
   2.56664524e-02+8.27667370e-03j  1.69392329e-02+3.95332279e-03j
   2.08810106e-01-1.44094913e-01j -1.78038028e-01+2.15200884e-01j
   3.31525034e-02-1.57114794e-02j -2.32889747e-01+3.21196346e-01j]
 [-3.69982310e-01+4.23231932e-01j  1.09632280e-01-1.31400083e-01j
   8.79372613e-03+1.13968004e-04j  4.36203505e-01-5.74802734e-01j
   3.91620441e-02-6.35279378e-02j  9.75770220e-03-1.84904152e-02j
  -7.97874500e-04+4.08549030e-02j -1.26281022e-01+1.66641610e-01j
   1.34133362e-03-2.52523301e-02j -9.68906294e-03+1.10750144e-02j
   4.33921335e-03-5.80014760e-02j  3.29750830e-02+1.00765668e-02j
  -1.05302025e-01+1.36678836e-01j  3.46792900e-02-3.31483717e-02j
  -8.59575345e-02-6.87798704e-02j  1.45883724e-01-1.07983803e-01j]]

********* Summary *****************
Final fidelity error 0.02281276335099669
Final objective value 0.02281275947818151
Final penalized error 0.0
Final gradient 0.009390917088985826
Number of iterations 4155
Terminated due to function converged
Completed in 0:10:07.483204 HH:MM:SS.US
Computational time 607.483203625
total tv norm 439.4237685622297
total l2 norm 9657.070219230549
