Final evolution
[[-8.67997668e-04-9.76154275e-05j -9.14943096e-03-9.99946548e-01j
  -1.01039923e-03-4.05023181e-06j -3.59159314e-05+4.62637371e-03j]
 [-9.14943090e-03-9.99946548e-01j -8.75412454e-04+1.13848972e-04j
  -1.20244042e-04-4.62289011e-03j -1.01148461e-03+2.26784793e-05j]
 [-1.01039923e-03-4.05023015e-06j -1.20244043e-04-4.62289009e-03j
  -1.16846241e-03-1.02885143e-04j -9.08328520e-03-9.99946854e-01j]
 [-3.59159305e-05+4.62637372e-03j -1.01148461e-03+2.26784809e-05j
  -9.08328514e-03-9.99946854e-01j -1.15704720e-03+1.24043870e-04j]]

********* Summary *****************
Final fidelity error 1.1743335797009813e-05
Final objective value 1.1802048742774373e-05
Final penalized error 5.865179023947159e-08
Final gradient 0.00010993093097161882
Number of iterations 305
Terminated due to function converged
Completed in 0:00:48.315303 HH:MM:SS.US
Computational time 48.315302584
total tv norm 16.127118261580545
total l2 norm 5.865179023947159e-08
