Final evolution
[[ 7.50062268e-01+1.18508029e-01j -4.89027506e-01-2.08003979e-01j
  -1.02195437e-01+1.08724899e-01j  3.01096446e-01+2.44016755e-03j
  -1.18363648e-01-4.35169901e-02j  7.29507335e-02+4.96702959e-02j
   2.01578391e-02-1.44131895e-02j -4.89713414e-02-1.01166905e-02j
   1.86633835e-02+1.82122717e-02j -9.57265598e-03-1.55366527e-02j
  -5.02171579e-03+1.01768082e-03j  8.38794708e-03+6.04615233e-03j
  -5.12547236e-03-3.53986299e-03j  2.87749078e-03+3.27456768e-03j
   1.14173195e-03-4.41111623e-04j -2.21776525e-03-1.08723623e-03j]
 [-1.32599316e-01+2.03063584e-01j -4.08523545e-01+2.94298774e-01j
  -1.56711460e-01-7.87306444e-01j  2.22859527e-02-1.21465699e-01j
   2.81559671e-02-2.87997530e-02j  7.60502242e-02-3.47560427e-02j
   1.15407515e-04+1.33314736e-01j -7.55125372e-03+1.90680438e-02j
  -7.74675349e-03+3.05706368e-03j -1.72895628e-02+1.35263797e-04j
   1.12398675e-02-2.51710041e-02j  3.03533843e-03-2.96082866e-03j
   1.70156800e-03-1.03066889e-03j  4.06590100e-03-7.25478272e-04j
  -1.63695414e-03+6.37819511e-03j -5.96016510e-04+8.19042503e-04j]
 [-5.40368821e-01-1.16027517e-01j -4.99462282e-01-2.96911205e-01j
  -4.49611317e-01+3.19398694e-01j  1.08450567e-01-1.13903828e-01j
   8.42835082e-02+3.63441883e-02j  7.17809394e-02+6.44906156e-02j
   8.35539114e-02-3.75185534e-02j -2.13436819e-02+1.50547026e-02j
  -1.28371855e-02-1.39787032e-02j -8.09968502e-03-1.82356647e-02j
  -1.89390299e-02+2.28581739e-05j  5.30011129e-03-1.03815786e-03j
   3.58373769e-03+2.77674354e-03j  2.63888222e-03+3.96916034e-03j
   4.45883845e-03-7.65181509e-04j -1.20639784e-03+4.57111341e-04j]
 [ 3.35042652e-02+1.73039871e-01j  2.40446803e-01-2.01570948e-01j
   2.52444938e-02-2.24289971e-02j  1.23737314e-01-9.08855896e-01j
   1.27489833e-04-2.92706610e-02j -4.56766132e-02+2.50753609e-02j
  -4.83657954e-03+2.83892531e-03j -4.94945684e-02+1.44063072e-01j
  -2.49684098e-03+5.51353865e-03j  1.07387950e-02-8.74404666e-04j
   1.15316378e-03-1.27408480e-04j  2.15111143e-02-2.30087914e-02j
   3.66745794e-04-1.39849745e-03j -2.49372878e-03+6.36718849e-04j
  -2.66412009e-04+7.62120447e-05j -4.14236077e-03+6.28109669e-03j]
 [ 4.04235431e-02-1.19437924e-01j -4.77531610e-02+7.42061281e-02j
   1.49298065e-02+1.97739844e-02j  8.84055249e-03-4.92110637e-02j
   3.78095416e-01-6.58540944e-01j -3.68661216e-01+3.82753022e-01j
   6.51525806e-02+1.34238432e-01j  1.09611033e-01-2.80445390e-01j
   4.76153896e-03-4.19393277e-03j -3.94549225e-03+2.03735275e-03j
   1.54707511e-04+1.23714320e-03j  1.62100952e-03-1.92417838e-03j
   2.38297846e-02-1.09604261e-02j -1.80402475e-02+3.38840597e-03j
  -8.54596914e-04+5.08243196e-03j  8.70125450e-03-5.69706737e-03j]
 [ 2.95174388e-02+2.73950896e-02j  3.67140643e-02+7.51121691e-02j
  -1.33249268e-01+3.57654271e-03j -1.92550783e-02-7.05266279e-03j
   1.42455450e-01+1.96273518e-01j  1.29338689e-01+4.86592711e-01j
  -7.91445150e-01-1.34233436e-01j -1.05541524e-01-6.41204376e-02j
   5.99505115e-04+1.93575812e-03j -2.84630620e-04+4.19747012e-03j
  -5.90091825e-03-3.18933078e-03j -6.62672931e-04-7.90881581e-04j
   7.81362039e-05+8.37649849e-03j -6.10553858e-03+1.62842946e-02j
  -1.95847377e-02-1.96283160e-02j -1.68614358e-03-3.91762027e-03j]
 [-3.41389599e-02+8.51876199e-02j -6.25967062e-02+7.34215868e-02j
   3.96702272e-02+8.25406684e-02j -1.56016700e-02-2.09430302e-02j
  -3.01028898e-01+4.63507993e-01j -4.55447176e-01+3.60809705e-01j
   1.38143127e-01+5.33928430e-01j -6.77615494e-02-1.41928677e-01j
  -3.62743607e-03+2.85804984e-03j -4.57325220e-03+1.63042196e-03j
  -3.42195419e-04+4.59563287e-03j -1.54583321e-04-1.30503267e-03j
  -1.77540783e-02+7.01552920e-03j -2.00437402e-02+1.03229324e-03j
  -6.80569459e-03+1.77926839e-02j  9.35717869e-04-5.35123471e-03j]
 [ 2.92601095e-02-6.32535252e-04j -2.62496065e-02-4.50042623e-02j
  -2.96327616e-03-4.76052672e-03j -1.45280501e-01-4.57311794e-02j
   1.73614838e-01+3.03800209e-02j -1.02616734e-01-2.96503640e-01j
  -1.19566035e-02-3.15812236e-02j -8.05038195e-01-4.39585950e-01j
   1.29192333e-03+7.07033191e-04j -1.49585206e-05-2.62165825e-03j
  -9.72436194e-06-2.82097039e-04j -5.18770163e-03-5.64175503e-03j
   4.27735343e-03+4.33215165e-03j  3.05003595e-03-1.03993275e-02j
   2.96052330e-04-1.12878830e-03j -1.38517530e-02-2.84939566e-02j]
 [ 2.13403796e-02-1.59436349e-02j -1.71985597e-02+7.19486499e-03j
   2.30036443e-04+5.22973410e-03j  7.43261663e-03-7.50537453e-03j
  -1.96336665e-03+1.57008687e-03j  1.59989877e-03-7.32058460e-04j
  -3.79436181e-05-4.92604763e-04j -6.77757972e-04+7.31013100e-04j
  -7.58702904e-01+3.21343953e-02j  5.20511242e-01+1.07209565e-01j
   7.86825842e-02-1.26787329e-01j -2.95641279e-01+5.71419913e-02j
   1.24541548e-01+1.92563061e-02j -8.12703391e-02-3.42515350e-02j
  -1.69004139e-02+1.80995614e-02j  4.99697809e-02+2.40117313e-04j]
 [ 1.85581413e-03+8.30289106e-03j -2.60730973e-03+1.74689778e-02j
  -2.36176756e-02-1.53373507e-02j -2.50686499e-03-3.53365424e-03j
  -2.00828803e-04-7.77392221e-04j  1.91689695e-04-1.65580464e-03j
   2.27530870e-03+1.37333391e-03j  2.47472286e-04+3.25544012e-04j
   8.98338732e-02-2.25277239e-01j  3.42277457e-01-3.69270167e-01j
   3.09290609e-01+7.40795059e-01j  2.17022706e-03+1.23476826e-01j
  -2.18944940e-02+3.37719239e-02j -6.76353104e-02+4.90641355e-02j
  -2.64380958e-02-1.30571670e-01j  3.63189617e-03-2.01700687e-02j]
 [-1.61445278e-02+1.07367028e-02j -1.96874732e-02+5.27973709e-03j
  -2.98248395e-03+1.91158698e-02j -2.06783681e-04-5.51318871e-03j
   1.48948701e-03-1.06287374e-03j  1.84056442e-03-5.59114380e-04j
   2.21964256e-04-1.81231650e-03j  3.66331868e-05+5.19356895e-04j
   5.52654126e-01+6.89546938e-03j  5.48319386e-01+1.92300337e-01j
   3.77592112e-01-4.01999154e-01j -8.37903851e-02+1.33100935e-01j
  -8.97404241e-02-1.89595162e-02j -8.30509208e-02-4.90004393e-02j
  -7.44403853e-02+5.32519946e-02j  1.79353846e-02-1.89621514e-02j]
 [ 5.16774070e-03+3.39443663e-03j  8.21929710e-04-1.09763432e-02j
   5.50481565e-05-1.18343426e-03j -1.98056031e-02-2.53593297e-02j
  -4.97974948e-04-3.04115719e-04j -4.34482520e-05+1.03789694e-03j
  -1.56048698e-06+1.11784169e-04j  1.94685713e-03+2.33046291e-03j
  -6.70577186e-02-1.63002916e-01j -1.95849714e-01+2.45138086e-01j
  -2.03119085e-02+2.69781685e-02j  5.84055672e-02+9.15399052e-01j
   5.65505353e-03+2.86985716e-02j  3.97930692e-02-3.35832463e-02j
   4.17729672e-03-3.73605738e-03j  2.00371679e-02-1.50896940e-01j]
 [-3.28784147e-03-1.59604888e-03j  1.96062295e-03+1.64266674e-03j
   6.22897204e-04-3.57580702e-04j -1.38307236e-03-4.32871643e-04j
  -7.38500770e-03-2.57521796e-02j  6.34430413e-04+1.87382520e-02j
   4.99995296e-03+1.64813961e-03j -4.40809978e-03-9.66524498e-03j
  -1.59821730e-02+1.24986602e-01j  3.21047217e-02-8.21293424e-02j
  -1.85339167e-02-1.64176237e-02j  1.06994756e-03+4.99521495e-02j
  -2.40418361e-01+7.20313064e-01j  2.85703824e-01-4.48100264e-01j
  -9.04112108e-02-1.18707109e-01j -5.19941474e-02+2.96587046e-01j]
 [ 8.94955747e-04-7.49388678e-04j  2.29324761e-03-7.83071354e-04j
  -3.80907008e-04+3.84481450e-03j -2.72736734e-04+5.28216556e-04j
   8.46950152e-03+1.21490404e-03j  1.54979633e-02+8.67975372e-03j
  -2.28429269e-02+1.67416768e-02j -4.21670783e-03+1.09761690e-03j
  -3.43298929e-02-2.09986580e-02j -5.08135423e-02-6.63166401e-02j
   1.29816018e-01-2.98483941e-02j  2.02555340e-02+3.10141077e-03j
  -1.78455731e-01-1.64232743e-01j -2.23004685e-01-4.51418298e-01j
   8.02374748e-01-2.49129205e-02j  1.16138409e-01+4.19859865e-02j]
 [ 2.32586577e-03+1.29103011e-03j  1.88407314e-03+2.06659937e-03j
   2.51761415e-03-8.41123336e-04j -6.58858492e-04+3.72631504e-04j
   4.34088153e-03+1.90097665e-02j -2.05384157e-03+2.03960171e-02j
   1.69129151e-02+9.61969724e-03j -5.25822030e-03-1.77105905e-03j
   1.65978761e-02-9.01944693e-02j  4.67996984e-02-8.42956128e-02j
  -5.51779302e-02-7.30086912e-02j  1.94231744e-02+1.74299202e-02j
   2.03437462e-01-5.13888689e-01j  3.75116736e-01-4.43750691e-01j
  -2.40995465e-01-4.96079223e-01j  9.44893657e-02+1.25729779e-01j]
 [ 8.80161821e-05-8.43708666e-04j -1.38953016e-03+5.91489041e-04j
  -1.47652982e-04+6.78394242e-05j -1.84250752e-03+4.01177161e-03j
   5.03442362e-03-3.64949187e-03j -1.00289173e-02-4.68612035e-03j
  -1.09325386e-03-4.73671106e-04j -3.09083601e-02+9.58392645e-03j
  -2.85364241e-02+6.40467855e-03j  3.46104645e-02+3.88936555e-02j
   3.84387113e-03+4.07725195e-03j  1.51349853e-01+1.60718269e-02j
  -1.76197092e-01+4.54943226e-03j  1.59222175e-01+2.70363142e-01j
   1.79655418e-02+2.85939358e-02j  8.76079226e-01+2.71727855e-01j]]

********* Summary *****************
Final fidelity error 0.5604759387967144
Final objective value 0.5605643224305478
Final penalized error 8.83935518979788e-05
Final gradient 0.14723171138692462
Number of iterations 319
Terminated due to function converged
Completed in 0:00:30.092123 HH:MM:SS.US
Computational time 30.0921235
total tv norm 56.48549251432072
total l2 norm 8.83935518979788e-06
