Final evolution
[[ 2.82891217e-01-1.02910939e-02j  6.67194444e-01+2.83836648e-01j
   2.48206621e-01+2.03926252e-01j  2.27513454e-01+1.74091655e-01j
  -3.81291850e-02-7.47720059e-03j -8.02855830e-02-5.88121417e-02j
  -2.67902564e-02-3.50210257e-02j -2.49583247e-02-3.03862235e-02j
   2.09801712e-02+1.31170212e-02j  3.43839221e-02+5.32373969e-02j
   7.97286703e-03+2.69226822e-02j  7.93699827e-03+2.37492522e-02j
  -1.25690536e-01-5.69135617e-02j -2.29560846e-01-2.68691367e-01j
  -6.40555380e-02-1.42871616e-01j -6.15007523e-02-1.25359798e-01j]
 [-3.40717593e-01-1.32153353e-01j  3.34456190e-01+2.34056913e-01j
  -4.37897199e-01-5.34866426e-01j  1.52918752e-02+1.13319337e-01j
   4.14000129e-02+2.83238190e-02j -3.73743053e-02-4.17468356e-02j
   4.17855019e-02+8.51857710e-02j  1.50236101e-03-1.56231377e-02j
  -1.81858430e-02-2.62607940e-02j  1.27392751e-02+3.33298450e-02j
  -5.48653355e-03-6.01714095e-02j -4.44587759e-03+8.95145135e-03j
   1.20007428e-01+1.31629703e-01j -9.51555756e-02-1.74742393e-01j
   7.50042600e-02+3.28471903e-01j  1.79236895e-02-5.27730406e-02j]
 [ 6.64685570e-01+9.95209720e-02j  6.55069391e-02+2.89378533e-02j
  -3.11437952e-01-2.23738312e-01j -2.28911447e-01-3.67171575e-01j
  -8.57180778e-02-3.41006010e-02j -7.84915704e-03-5.91739647e-03j
   3.46208609e-02+3.96475128e-02j  1.91030973e-02+5.62342869e-02j
   4.32339324e-02+3.97735178e-02j  3.32347361e-03+5.30446107e-03j
  -1.15787957e-02-3.14550768e-02j  1.42287732e-03-3.77930549e-02j
  -2.68473729e-01-1.87709460e-01j -2.23066381e-02-2.68478045e-02j
   8.73499357e-02+1.65242878e-01j  2.02006919e-02+2.09925383e-01j]
 [-3.53941898e-01-2.08614922e-02j  2.35283053e-01+1.95616485e-01j
   1.54243700e-01+1.98080012e-01j -3.77714702e-01-6.05044240e-01j
   4.66500385e-02+1.38639689e-02j -2.53231453e-02-3.35060035e-02j
  -1.44155532e-02-3.12993187e-02j  3.15462993e-02+9.26814232e-02j
  -2.45964131e-02-1.88533926e-02j  7.44464085e-03+2.56879332e-02j
   1.45825065e-03+2.18952673e-02j  2.30829341e-03-6.23019467e-02j
   1.49935799e-01+8.59312314e-02j -6.02192861e-02-1.36439940e-01j
  -2.43181132e-02-1.19924555e-01j  3.35070974e-02+3.46034964e-01j]
 [ 4.67851956e-02-2.78357949e-02j  1.38767790e-01-1.36604390e-02j
   6.06960171e-02+1.15109216e-02j  5.44517589e-02+8.38580064e-03j
   2.95291918e-01-9.89059999e-02j  7.92337031e-01+9.18344403e-02j
   3.25367339e-01+1.37922404e-01j  2.94247036e-01+1.12882745e-01j
   2.30412592e-02-5.49272497e-03j  5.94051532e-02+1.23248305e-02j
   2.37154342e-02+1.26530806e-02j  2.15273902e-02+1.05452651e-02j
   2.80101414e-02-1.88689247e-03j  6.70055224e-02+2.60910780e-02j
   2.52283885e-02+1.94537341e-02j  2.30857595e-02+1.65597753e-02j]
 [-6.96844705e-02+9.13481448e-03j  7.80294696e-02+8.63789780e-03j
  -1.23236253e-01-4.98526627e-02j  1.30350449e-02+1.77105937e-02j
  -4.00642371e-01-3.33974948e-02j  4.25752143e-01+1.42870651e-01j
  -6.28522899e-01-4.28077143e-01j  5.14049267e-02+1.14810363e-01j
  -3.01263256e-02-5.24423539e-03j  3.12870424e-02+1.37079946e-02j
  -4.47168478e-02-3.66887837e-02j  3.11667199e-03+9.04624148e-03j
  -3.41786473e-02-1.20557640e-02j  3.38702190e-02+2.21761700e-02j
  -4.50455320e-02-5.16770492e-02j  1.86302218e-03+1.11859526e-02j]
 [ 1.21339721e-01-4.45301113e-02j  1.37232623e-02-1.16071284e-03j
  -7.31934326e-02-9.02032272e-03j -7.25009795e-02-4.08368297e-02j
   7.32323241e-01-1.01866843e-01j  7.81267971e-02+1.01455672e-02j
  -3.98252705e-01-1.39147094e-01j -3.55816463e-01-3.16177444e-01j
   5.61707032e-02-2.75647859e-03j  5.85013484e-03+1.29786969e-03j
  -2.92289176e-02-1.32396051e-02j -2.48147089e-02-2.63639079e-02j
   6.61920779e-02+7.82842357e-03j  6.58206502e-03+2.66775699e-03j
  -3.15569160e-02-2.12238681e-02j -2.38159403e-02-3.56945925e-02j]
 [-6.16482621e-02+2.91341037e-02j  5.77486839e-02+1.13011085e-02j
   4.43014316e-02+1.91934311e-02j -1.19555686e-01-6.72467488e-02j
  -3.79957549e-01+8.81489410e-02j  3.09144597e-01+1.33176641e-01j
   2.24402009e-01+1.60998795e-01j -5.86863049e-01-5.20857068e-01j
  -2.93826328e-02+4.10421831e-03j  2.25185530e-02+1.21836511e-02j
   1.59099933e-02+1.37173866e-02j -4.09321954e-02-4.34355572e-02j
  -3.51485084e-02-9.83408271e-04j  2.39218714e-02+1.86696229e-02j
   1.58963736e-02+1.91621227e-02j -3.92949510e-02-5.88178454e-02j]
 [ 3.80945036e-02+1.15949583e-02j  7.57260983e-02+6.83231413e-02j
   2.36650460e-02+3.84952046e-02j  2.22801560e-02+3.35791011e-02j
   1.16656940e-02+9.40760161e-03j  1.68190863e-02+3.45042006e-02j
   2.84382558e-03+1.67669925e-02j  3.05216377e-03+1.48561139e-02j
  -2.33479933e-01-2.10779207e-01j -3.12155641e-01-7.42735326e-01j
  -4.00069383e-02-3.54698878e-01j -4.66055062e-02-3.14897138e-01j
   1.02645129e-02+2.08864538e-02j  1.08446048e-03+5.95987813e-02j
  -6.97687455e-03+2.54711898e-02j -5.43205539e-03+2.29170491e-02j]
 [-3.92575047e-02-3.31891820e-02j  3.37549980e-02+4.64548385e-02j
  -3.37273241e-02-9.12010150e-02j -3.15917398e-03+1.57715841e-02j
  -9.03310828e-03-1.71088941e-02j  5.24580072e-03+2.09651309e-02j
   1.06009546e-03-3.65802675e-02j -3.32196747e-03+5.06067971e-03j
   1.69312955e-01+3.69095078e-01j -8.54390893e-02-4.45483130e-01j
  -6.49537249e-02+7.65353404e-01j  7.55289710e-02-1.02172578e-01j
  -1.51408455e-03-3.00061477e-02j -6.34416491e-03+3.29554766e-02j
   2.54499128e-02-5.08124866e-02j -7.99175856e-03+4.95005400e-03j]
 [ 8.38387841e-02+4.36952393e-02j  7.38595245e-03+6.85045485e-03j
  -3.11665553e-02-4.40276985e-02j -1.36181050e-02-5.93216895e-02j
   2.31162826e-02+2.70491615e-02j  1.61420742e-03+3.43048091e-03j
  -4.68381458e-03-1.97536974e-02j  3.59364101e-03-2.26229455e-02j
  -4.52832386e-01-5.93861451e-01j -2.98199950e-02-7.37767275e-02j
   7.50770536e-02+4.19439235e-01j -1.01741111e-01+4.69897725e-01j
   1.48337024e-02+5.32258820e-02j  2.61141961e-05+5.88750966e-03j
   6.34214678e-03-3.08816395e-02j  1.98763465e-02-2.95006313e-02j]
 [-4.61162614e-02-1.89940104e-02j  2.23270881e-02+3.67978264e-02j
   1.14364236e-02+3.34118021e-02j -2.25074677e-02-9.77763727e-02j
  -1.34246216e-02-1.31190446e-02j  2.61563167e-03+1.59862467e-02j
  -7.09404996e-04+1.32718894e-02j  5.90170420e-03-3.72967068e-02j
   2.66004853e-01+2.90612818e-01j -3.61370953e-02-3.38070551e-01j
   3.03724139e-02-2.77302730e-01j -1.67253568e-01+7.74710764e-01j
  -1.03105746e-02-2.72643492e-02j -6.78679145e-03+2.42224028e-02j
  -9.69088437e-03+1.82229134e-02j  3.27363133e-02-4.86503776e-02j]
 [-1.28879231e-01-2.54091115e-04j -2.98583686e-01-1.40771170e-01j
  -1.09361965e-01-9.71058062e-02j -1.00468295e-01-8.31716760e-02j
   4.97349280e-02+1.02457434e-02j  1.04186856e-01+7.78557055e-02j
   3.45742566e-02+4.60994433e-02j  3.22379196e-02+4.00197894e-02j
  -3.34054548e-02-7.91309487e-03j -6.88571691e-02-5.46849417e-02j
  -2.24470741e-02-3.18402732e-02j -2.09891900e-02-2.76853470e-02j
  -2.55612482e-01-1.24851305e-01j -4.56942917e-01-5.67549359e-01j
  -1.23420103e-01-2.98295378e-01j -1.19208037e-01-2.62051723e-01j]
 [ 1.52701597e-01+6.60673029e-02j -1.48074967e-01-1.12318469e-01j
   1.89886240e-01+2.50974833e-01j -4.97972609e-03-5.18207668e-02j
  -5.37498151e-02-3.75292110e-02j  4.83219518e-02+5.50205817e-02j
  -5.35460904e-02-1.11842211e-01j -2.15776076e-03+2.03979390e-02j
   3.55757007e-02+2.64303059e-02j -3.15597960e-02-3.81424338e-02j
   3.39596933e-02+7.66444863e-02j  1.86398891e-03-1.37413876e-02j
   2.39407078e-01+2.78491659e-01j -1.85597433e-01-3.65847915e-01j
   1.34823121e-01+6.81456450e-01j  4.01123834e-02-1.07681845e-01j]
 [-3.00658272e-01-5.68740737e-02j -2.92970792e-02-1.43080919e-02j
   1.37782995e-01+1.07222461e-01j  9.77353969e-02+1.71036628e-01j
   1.11593621e-01+4.56298404e-02j  1.01838058e-02+7.83056329e-03j
  -4.47498780e-02-5.22428661e-02j -2.42645855e-02-7.37256411e-02j
  -7.45035238e-02-3.30551473e-02j -6.72609586e-03-5.49414908e-03j
   2.92012260e-02+3.61942367e-02j  1.49305391e-02+5.03040158e-02j
  -5.42008149e-01-4.02994213e-01j -4.43571437e-02-5.66719015e-02j
   1.70082106e-01+3.45801016e-01j  2.90075774e-02+4.33848906e-01j]
 [ 1.60659763e-01+1.56664761e-02j -1.03627456e-01-9.30998285e-02j
  -6.67161097e-02-9.28066007e-02j  1.61282091e-01+2.81851730e-01j
  -6.07905718e-02-1.86981402e-02j  3.26758287e-02+4.41013676e-02j
   1.84489882e-02+4.10818659e-02j -4.00720394e-02-1.21510279e-01j
   4.07082414e-02+1.38449519e-02j -2.12039030e-02-3.04523295e-02j
  -1.16498554e-02-2.81287891e-02j  2.46620350e-02+8.29098231e-02j
   3.03834401e-01+1.86111669e-01j -1.15900749e-01-2.84809684e-01j
  -4.29053514e-02-2.48614264e-01j  4.82456670e-02+7.15156630e-01j]]

********* Summary *****************
Final fidelity error 0.627666537032329
Final objective value 0.627770567541364
Final penalized error 0.00010403933251317429
Final gradient 0.14246438595871633
Number of iterations 657
Terminated due to function converged
Completed in 0:00:54.667049 HH:MM:SS.US
Computational time 54.667048916
total tv norm 48.69407833363745
total l2 norm 1.0403933251317429e-05
