Final evolution
[[ 3.14502176e-04-1.19982941e-04j -2.48822510e-02-9.99688790e-01j
  -1.74175317e-03+1.26624647e-05j -4.90761672e-05+2.18832507e-04j]
 [-2.48810163e-02-9.99688819e-01j  3.19322081e-04+1.04407706e-04j
  -5.85774922e-05-2.22006147e-04j -1.74046234e-03+7.11194718e-05j]
 [-1.74183390e-03+1.43981566e-05j -5.97896680e-05-2.16976341e-04j
   1.53177024e-04-1.22811871e-04j -2.42332205e-02-9.99704770e-01j]
 [-4.76197965e-05+2.23796645e-04j -1.74029886e-03+7.28484970e-05j
  -2.42321435e-02-9.99704795e-01j  1.59722600e-04+1.15401699e-04j]]

********* Summary *****************
Final fidelity error 1.6334058740019586e-06
Final objective value 1.9030191132448406e-06
Final penalized error 2.696132394649267e-07
Final gradient 0.0008078921682219027
Number of iterations 64
Terminated due to function converged
Completed in 0:00:00.674876 HH:MM:SS.US
Computational time 0.6748762910000004
total tv norm 7.199079441743701
total l2 norm 2.696132394649267e-07
