Final evolution
[[-5.03628888e-03-3.51147540e-03j -1.46875796e-03+1.13668028e-04j
   9.54498502e-04-9.00182742e-04j -8.96993499e-01-4.41303425e-01j
   1.54769910e-03+1.21019322e-03j -1.30664217e-04+2.39104747e-05j
   3.46326162e-04+7.80402018e-04j  2.10380059e-02+9.18528486e-03j
   1.61430702e-03-5.92217318e-04j -1.67691134e-04-7.51132798e-04j
  -3.88944609e-05-3.18460000e-04j -5.04184352e-04-3.36312595e-04j
  -5.94543773e-04-1.70650690e-04j  4.08679752e-04+5.85903839e-05j
   4.55641736e-04+6.99316615e-03j  4.60023530e-03+2.43809342e-03j]
 [ 2.08219288e-04+7.47504689e-05j  1.25166409e-03-2.56835833e-04j
  -8.96314142e-01-4.42466628e-01j  7.04484199e-05-1.40156862e-03j
  -8.21340387e-04+1.56273422e-03j -1.62660714e-03-7.56809449e-05j
   2.27467498e-02+1.30339091e-02j -6.33031657e-03-3.65723775e-03j
  -1.67898046e-04+2.13888912e-04j  1.11050164e-03+5.03307697e-04j
   8.58175861e-04+4.77336204e-04j -4.90646876e-04-3.76313198e-03j
  -8.76162568e-05-3.80767543e-04j  3.68983510e-04-4.48484410e-04j
   4.29803540e-03+1.71847170e-03j  6.95049129e-03+2.63153193e-03j]
 [-2.22206955e-02-9.91355988e-03j -8.95822682e-01-4.42618681e-01j
  -6.59180235e-04-1.57585811e-03j  9.67367975e-04+1.27017443e-03j
   1.08180128e-03-8.69208159e-04j  2.23719328e-02+1.29980194e-02j
  -1.36598188e-03-1.49334218e-02j  1.13635787e-03+4.19403950e-04j
  -1.99511961e-03+1.81864187e-03j -2.01103935e-04-6.04065072e-04j
   1.49783930e-03-1.70735630e-04j -5.16747451e-05-1.88762370e-04j
   8.19913130e-04+7.36361601e-03j  5.04457809e-03+2.02512656e-03j
  -5.45178724e-04+5.92050471e-04j  3.00030094e-04-1.29584337e-04j]
 [-8.96601561e-01-4.41101043e-01j  2.12355111e-02+1.15240492e-02j
  -2.42861709e-04-1.12837596e-04j  6.17284940e-03+1.94883028e-03j
   2.06357624e-02+9.33558599e-03j -8.88030656e-03-4.83010039e-03j
   8.33832036e-04+9.70526030e-04j  1.31941214e-02+4.78101933e-03j
  -3.26005952e-04-2.44138149e-04j -3.78868906e-04-8.14440805e-04j
   5.41826767e-04-2.86591906e-05j  1.23735156e-03+1.12605110e-03j
   4.04672430e-03+1.98117162e-03j  7.92694648e-03+2.77070241e-03j
  -5.90920630e-04+5.71611204e-06j -4.48303437e-04-7.72647983e-04j]
 [-1.20223955e-02-7.69850751e-03j -7.48741529e-04-4.32907419e-04j
   6.78296268e-03+2.76860046e-03j -1.99973292e-02-1.11058367e-02j
  -3.26726845e-03-9.10461237e-04j -1.00188759e-04-1.15346367e-04j
  -1.41398256e-04-1.41582889e-03j -8.95098694e-01-4.44887664e-01j
  -5.59124992e-04+4.93020304e-04j  4.31015947e-04+3.59400850e-04j
   8.15083014e-03+5.60916842e-04j  1.91202361e-04-1.72614730e-04j
   2.52254940e-04+1.81458626e-03j -1.42042209e-04+1.70380309e-04j
   1.62532782e-03-1.62122806e-03j  9.62137865e-04+9.97104125e-04j]
 [-9.53530602e-04-3.14794379e-04j  1.27399884e-02-7.93142475e-03j
  -2.40875599e-02-1.02082192e-02j -8.08760679e-04+1.50592147e-04j
  -4.11952802e-04+4.40485102e-04j -1.93064263e-03+4.26048487e-04j
  -8.93990491e-01-4.46987908e-01j  1.06628873e-03-8.17873525e-04j
  -2.33220387e-04-2.76205233e-04j -2.03076070e-04-7.35383354e-04j
  -3.39059336e-04+5.82977573e-05j  3.61346653e-03-6.57676694e-03j
  -2.56358805e-04-7.81536780e-04j -6.50213481e-04-1.77292807e-03j
   1.39635085e-03+8.02488634e-04j  4.99264380e-04+1.08983118e-03j]
 [ 8.11497839e-03+3.69154921e-03j -2.40829273e-02-1.01305840e-02j
   1.02928504e-03+1.30757847e-03j  5.28575974e-07+1.51113086e-04j
  -2.37193473e-02-1.02370984e-02j -8.93757706e-01-4.46866267e-01j
   7.17455944e-04+1.39316542e-03j  1.24418958e-04+3.19200007e-05j
   7.85277623e-03+4.09944937e-04j  4.31838562e-04+3.20120849e-05j
   1.41769378e-04+6.45834096e-04j  3.02208462e-04-2.83466274e-04j
  -1.23145414e-04+4.46655344e-04j  2.21956132e-03+1.01803512e-03j
  -1.21996333e-03+1.51130436e-03j  5.95323869e-04-2.54244969e-05j]
 [-2.01216678e-02-1.08078140e-02j  1.10659065e-03-7.90048668e-04j
  -7.85905807e-04+1.53854211e-03j -1.70205477e-03-4.03665771e-04j
  -8.94781520e-01-4.45088371e-01j  2.22446627e-02+1.27106013e-02j
  -6.54716861e-05+5.28017349e-04j  3.02619141e-03+2.18695354e-03j
  -6.42977147e-04-3.85144725e-04j  2.83168264e-03-5.80389315e-03j
  -4.14730664e-04-2.30110885e-04j -6.12864286e-04-7.87665507e-05j
  -6.17242297e-04-1.36036514e-05j  5.19771787e-04+3.81971460e-03j
  -6.68103533e-05-2.54240707e-04j  7.88703950e-04-1.83746790e-03j]
 [-1.60762147e-03-3.01905373e-04j  2.94243437e-04+2.45061112e-05j
   3.35601665e-03-2.08924375e-03j  5.75616537e-04+1.63571725e-04j
   4.69113262e-04+4.14266761e-04j -1.42392510e-05-4.91646107e-04j
   2.99418876e-03-6.79246953e-03j  6.32155947e-05-2.64418096e-04j
  -5.25605934e-03-3.53930485e-03j -1.01615805e-03-5.67484619e-04j
  -1.11892481e-04+1.95775695e-04j -8.95211089e-01-4.45497885e-01j
   1.49546788e-03+1.08629943e-03j  5.64779305e-04-1.65072960e-03j
  -4.30540917e-04-1.28918471e-03j -2.86186039e-04-2.05739845e-03j]
 [-3.82984287e-04-5.77007893e-04j -7.98181014e-04-1.28912304e-03j
  -9.02274820e-04-3.75295979e-04j  1.37602808e-04-3.24260769e-04j
   4.09645505e-04+1.95385266e-04j -5.93653693e-04+2.87295444e-04j
   1.87601077e-04+2.92490647e-04j -5.37686777e-03-6.15724807e-03j
   9.00238528e-04-7.18278690e-04j  1.73020231e-03-2.03214097e-04j
  -8.94421979e-01-4.47031261e-01j -8.30235453e-05+1.95746645e-04j
  -1.60741205e-04-1.35838895e-04j -1.69438644e-03-1.74483100e-05j
   1.53335215e-03+1.98344941e-03j -8.51057012e-03-3.85962320e-03j]
 [ 9.80129903e-04-2.95374968e-04j  5.63308416e-04-1.15498430e-04j
  -1.07013474e-03-6.58899382e-04j  5.73907276e-04-4.22477404e-04j
   2.92128252e-03-5.74493829e-03j -5.20374077e-04-3.13405400e-04j
   7.33516845e-04-2.69201571e-04j -5.66378697e-04-1.09472074e-04j
  -2.10318110e-02-1.06632374e-02j -8.94193775e-01-4.46742431e-01j
  -8.83597111e-04-1.56212635e-03j  1.22038950e-03+5.31526045e-04j
  -3.75414134e-04+4.38809169e-04j  1.22123239e-03+1.89720183e-03j
  -1.40087983e-03-1.49325260e-02j -5.53831278e-04-8.17485615e-04j]
 [ 3.63606933e-04+2.07139294e-04j -4.60364568e-04+2.52495902e-03j
   4.30749917e-05+3.41023792e-04j -4.65383169e-04-1.59246091e-03j
   4.39357531e-04+3.12251082e-04j -5.05089324e-03-6.08848075e-03j
   3.22211007e-04+8.39471755e-05j -1.69913151e-05+7.71051632e-04j
  -8.94928270e-01-4.45159523e-01j  2.11620315e-02+1.03846825e-02j
  -6.72176610e-05-1.16253164e-03j  5.94827548e-03+2.04902176e-03j
  -5.72118344e-04-2.01603006e-03j -7.06957419e-03-2.84773115e-03j
  -8.33815679e-04-2.79886796e-04j  1.33565528e-02+4.99192721e-03j]
 [ 8.58397446e-04-1.80546025e-04j -1.25061907e-04-2.76070351e-04j
  -6.33616002e-03-3.88844511e-03j -4.78754168e-03-2.17828467e-03j
   9.49375865e-04-1.72241403e-03j -4.27736993e-04-5.30618647e-04j
  -9.96948518e-04+3.85424760e-04j -1.28282201e-03-6.74266451e-05j
  -1.20273636e-02-7.57854871e-03j  1.29444761e-03+1.10456156e-04j
   8.24106306e-03+4.42109710e-03j  1.88042989e-03-1.02772720e-03j
  -3.60893925e-03-6.88766284e-04j -1.41666715e-04-7.68927244e-04j
  -1.79176095e-03-3.23054782e-04j -8.97312299e-01-4.40938161e-01j]
 [ 3.06170900e-04+4.73606038e-04j -1.52855366e-04+8.34722571e-04j
  -3.99488647e-03-2.37205341e-03j -5.81020738e-03+3.84976767e-03j
   2.77836172e-04+2.36145555e-05j -4.69361971e-04+1.87683157e-03j
  -1.37632468e-03-5.41820997e-04j  3.92273274e-04-2.41009000e-03j
   1.06867665e-03+2.95159867e-04j  1.27285721e-02-7.90518749e-03j
  -2.48303789e-03-1.70114583e-05j  1.25997921e-03-4.57288749e-04j
  -7.93901795e-04-5.66663497e-05j -1.66681203e-03+4.66893349e-04j
  -8.96207547e-01-4.43269781e-01j  1.39418971e-03+1.21954781e-03j]
 [-7.29395480e-03-4.66662620e-03j -4.71891595e-03-2.58799571e-03j
   1.98538872e-04-5.78574762e-04j -2.15054390e-04-2.27584000e-04j
  -3.23622079e-03+1.96190003e-03j -1.97700019e-03-1.11806653e-03j
   1.83631302e-03-6.05910792e-04j  4.52243089e-05+3.03137570e-04j
   6.55582590e-03+3.88634918e-03j -2.44953527e-03+5.74503436e-05j
   1.04527986e-03+1.35337895e-03j  8.99282082e-04-1.45776586e-03j
  -2.16918529e-02-1.16609490e-02j -8.96029354e-01-4.43084283e-01j
   6.24688451e-04+1.60404450e-03j  6.68410847e-04-3.39932940e-04j]
 [-4.02238838e-03-1.76623113e-03j -6.13434491e-03+3.96641108e-03j
   3.94913269e-04-1.48899153e-04j  5.31830856e-04+4.11994811e-04j
   5.33604171e-04+4.79794640e-04j -9.04588299e-05+2.70580985e-04j
   6.33455361e-04-3.10754468e-04j -1.53591674e-03+9.03630020e-04j
   1.80730711e-03-7.95654087e-04j -1.34076974e-04+5.77250614e-04j
   1.73324167e-04-2.86724183e-05j -1.80490309e-03-4.73798897e-04j
  -8.97217024e-01-4.40786137e-01j  2.25478626e-02+1.00796118e-02j
   5.05859561e-04+5.58166112e-04j  2.70200221e-03+2.44821492e-03j]]

********* Summary *****************
Final fidelity error 0.0012366520347212306
Final objective value 0.0012366532151514185
Final penalized error 1.1802151375967712e-09
Final gradient 0.00010943156568909641
Number of iterations 1764
Terminated due to function converged
Completed in 0:08:51.274974 HH:MM:SS.US
Computational time 531.274973875
total tv norm 62.23111665899333
total l2 norm 1.180215137596771e-08
