Final evolution
[[ 6.28643981e-02+8.13626866e-03j  3.73046694e-02-2.42666805e-01j
  -1.27860450e-04-3.99858323e-04j ... -9.46557554e-07-9.38619039e-07j
  -1.62575350e-07+5.88651670e-08j -2.52353085e-07+6.66617772e-07j]
 [ 3.74809694e-02-2.42643168e-01j  6.40865358e-02+8.77085664e-03j
  -4.69838724e-04-6.76157471e-05j ... -3.75930965e-07-4.29979560e-07j
  -2.08758875e-07+5.78955649e-07j -1.74938734e-07+1.22706432e-08j]
 [-2.97516679e-04-2.42858010e-04j -2.10005385e-04+4.62389151e-04j
   6.25968946e-02+9.76282043e-03j ... -3.37729135e-08-5.29567741e-07j
  -4.83413372e-07-3.94442232e-07j -1.05921971e-06-8.99362404e-07j]
 ...
 [-7.26118518e-07-1.25496566e-06j -2.77167482e-07-4.45965051e-07j
   2.65858666e-08-5.10090788e-07j ...  6.23161480e-02+1.00280992e-02j
  -8.20756915e-04+1.53239888e-04j -4.69625762e-04+2.72326981e-04j]
 [-1.73411253e-07+4.22247466e-08j -2.66850485e-07+5.72866716e-07j
  -4.06268404e-07-4.14360682e-07j ... -4.13430539e-04-2.19250610e-04j
   6.17155019e-02+1.11574944e-02j  3.46397460e-02-2.39572297e-01j]
 [-3.17658416e-07+6.47488465e-07j -1.70120820e-07-5.16450555e-09j
  -8.33009504e-07-1.21432866e-06j ... -3.74534824e-04+4.71268801e-04j
   3.48224811e-02-2.39542489e-01j  6.04581709e-02+9.25072437e-03j]]

********* Summary *****************
Final fidelity error 0.06382010739980293
Final objective value 0.06382009387792908
Final penalized error 0.0
Final gradient 0.08395156239607585
Number of iterations 838
Terminated due to function converged
Completed in 0:18:58.853386 HH:MM:SS.US
Computational time 1138.8533862499999
total tv norm 75.38695522527617
total l2 norm 2791.5876807451646
