Final evolution
[[-1.27236542e-03-6.34734526e-03j -9.77901026e-05-3.10922927e-04j
  -1.08244288e-03-5.48330469e-04j -3.48516010e-01-9.36846499e-01j
   6.20183353e-06-4.70921137e-03j  3.79342713e-04+4.63800189e-04j
  -2.54711012e-04-1.12746458e-05j  8.71512120e-03+2.61204011e-02j
   1.33155985e-04-1.31173206e-04j -7.04875316e-04-1.01860119e-05j
  -5.28268980e-05-1.95440735e-03j  6.69426478e-04-4.74044661e-04j
  -1.36222543e-04-1.08711905e-04j  2.62928795e-05-1.90211566e-04j
  -1.54914437e-03+6.05240236e-04j  1.68160112e-03+4.49702211e-03j]
 [-3.16833144e-04-5.99258027e-04j  1.01433869e-03+1.23734709e-03j
  -3.48076588e-01-9.37117385e-01j -5.30369302e-04+9.17901799e-04j
   2.47839642e-04+1.36630952e-04j  7.34583697e-04+7.91554190e-03j
   8.59549015e-03+2.02922700e-02j -2.76845539e-03-7.82598057e-03j
   6.19563340e-04+9.39423280e-04j  1.55812292e-04+7.81860291e-04j
   2.23772885e-04-6.15634840e-04j -1.33972779e-03-1.38994555e-04j
   5.48992192e-05-4.69998316e-04j  1.42455609e-04-4.30445167e-05j
   1.63897836e-03+4.68585193e-03j  5.32026428e-04+1.54571401e-03j]
 [-9.78101487e-03-2.36384386e-02j -3.46450184e-01-9.37280428e-01j
   6.87639030e-05-1.50837708e-03j  2.17144905e-04+4.57619417e-04j
   4.99707420e-05+9.24989311e-04j  9.66421196e-03+2.57483047e-02j
  -1.39667638e-03-4.49207663e-03j  1.80038187e-04+1.55402530e-04j
   1.21031878e-03-3.39400932e-03j  2.57516360e-04+3.13171070e-05j
   1.40880940e-04+2.42074795e-05j -1.05233997e-03-7.90999838e-04j
  -1.52952835e-03+7.99922366e-04j  1.65090420e-03+4.54988992e-03j
  -1.28755188e-04-8.41257626e-05j -3.75225026e-05-1.90110329e-04j]
 [-3.49641070e-01-9.36168239e-01j  7.96146532e-03+2.40694506e-02j
   9.22160905e-05+5.85603300e-04j  3.20726926e-03+5.73654190e-03j
   7.91287947e-03+2.02229080e-02j -3.19758165e-03-8.99246951e-03j
   3.18398408e-04+8.40134225e-05j  2.88141171e-03+7.20835601e-03j
   2.95401072e-04+1.58410225e-04j -1.58579034e-03+2.75358314e-04j
   6.86326688e-04-5.72087001e-04j -9.09616565e-05-5.76535713e-04j
   1.67884245e-03+4.63176104e-03j  4.58567726e-04+1.48294563e-03j
  -1.06539749e-05-5.12999248e-04j  2.01212151e-04-1.20846990e-04j]
 [-2.61449818e-03-7.57576205e-03j  6.82849033e-05-7.14858305e-05j
   2.99020051e-03+7.75227524e-03j -1.04168212e-02-2.54165995e-02j
  -2.10268199e-03-3.05176930e-03j -4.17074437e-04-3.93677247e-04j
   7.18678605e-04+1.78982264e-04j -3.47992268e-01-9.37005871e-01j
   8.92128947e-05+1.20611027e-04j  7.30070497e-04+2.69440804e-04j
   1.72404456e-03-1.34280524e-04j  2.80462092e-05+2.83846250e-04j
  -8.81150148e-05-2.81476292e-05j  7.57925472e-04+7.96092415e-04j
  -1.28827213e-03+3.36564479e-03j  1.15615165e-06+1.03559801e-03j]
 [ 2.36623491e-04-1.74322979e-04j  1.83308809e-03+4.31996226e-03j
  -6.67161527e-03-2.09984658e-02j -1.78150824e-04+1.77190494e-04j
  -1.50963617e-04-5.36567174e-04j -1.12235344e-03-1.49851038e-03j
  -3.44634807e-01-9.38459837e-01j  3.82748140e-04-7.76653443e-04j
   4.96738550e-04+4.83355697e-04j -2.41682524e-04+1.54848671e-05j
   5.38236421e-05+1.35788184e-04j -5.93070219e-05-1.66148609e-03j
  -8.56642160e-04+1.59155111e-04j -3.57759416e-05+5.44613032e-04j
   1.40826719e-05+9.36805271e-04j  1.58451003e-03-1.73760956e-04j]
 [ 3.00997729e-03+7.75517667e-03j -9.46083011e-03-2.60619930e-02j
  -4.58846820e-03-6.50479257e-03j  3.37255777e-05-5.24628148e-04j
  -7.85329026e-03-2.31131384e-02j -3.45641126e-01-9.37560863e-01j
   1.90729142e-04+1.89631956e-03j -1.15962164e-04+5.61613645e-04j
   1.73349606e-03-1.69891158e-04j -3.78521963e-05+2.03945274e-04j
   1.49555733e-04+1.13795125e-04j  7.56231422e-04+1.09098708e-04j
  -4.11069910e-05+1.97474726e-03j -2.96202812e-04+1.49845982e-03j
  -8.79295329e-05+1.77999618e-04j  5.25984058e-04-4.01514532e-04j]
 [-7.28544823e-03-2.06219891e-02j -1.43653406e-04+4.21579037e-04j
   2.17067481e-04-1.23688798e-04j  3.15046109e-03+3.80493683e-03j
  -3.46502429e-01-9.37454797e-01j  8.99664681e-03+2.24957766e-02j
   2.30611833e-04+4.61240264e-04j  3.71746231e-04+3.72666098e-03j
  -4.03815917e-05+1.80062547e-04j -8.57850816e-05-1.61828801e-03j
   6.30212534e-04+3.16370153e-04j -1.53627892e-04+2.91273189e-05j
   9.77459882e-05+1.63161067e-03j  1.35680052e-03+1.71213644e-04j
  -9.18025484e-04-9.89479797e-04j -3.96128358e-04-7.53788128e-04j]
 [ 2.97206432e-04+5.09392582e-04j -2.72789553e-04+1.25995764e-03j
  -9.00214297e-04+1.00387291e-03j  8.12696657e-04-7.06250505e-05j
  -1.28270126e-04+4.25420190e-05j  5.32232349e-04-6.24978793e-04j
   1.04048670e-03+1.28442565e-03j -1.96099028e-04-2.25284055e-04j
  -1.45762692e-03-6.12079042e-03j  2.59011029e-05-3.68150791e-04j
  -2.77706694e-04-1.94308898e-04j -3.46553116e-01-9.37986732e-01j
   3.71837046e-05-4.85526106e-03j -1.62715364e-04+4.56688505e-05j
  -1.46593006e-04-1.04457286e-04j  2.89850772e-06+3.21648996e-03j]
 [ 9.23609524e-04-1.62350713e-05j  7.49037769e-05-7.30263362e-05j
   5.55727023e-04+3.00703634e-04j  1.24516443e-03+1.45138901e-03j
   2.49555195e-04-6.36354773e-04j  4.78683373e-05-1.62776713e-04j
  -4.72033164e-05-1.49536315e-04j  1.34439526e-03-1.06068100e-03j
  -3.65323509e-04-5.94563683e-04j  1.23933278e-03+1.63626128e-03j
  -3.45981351e-01-9.38161754e-01j -9.75231358e-05+3.12709915e-04j
  -2.33382482e-04-1.93829397e-04j  5.37955764e-04+7.89074240e-03j
  -8.02177094e-06-2.64364870e-03j -2.85255310e-03-7.64700233e-03j]
 [-1.34650174e-03+8.46727544e-04j  2.92799542e-04-1.57221085e-04j
  -4.08469983e-04-7.36426238e-04j -5.22305235e-04+4.41592892e-04j
   1.00235378e-03+1.26832196e-03j -1.65957456e-04-1.65913550e-04j
  -1.83840071e-04+1.38828401e-04j  3.87076551e-04-7.19918232e-04j
  -8.85953926e-03-2.32899473e-02j -3.44772760e-01-9.38332709e-01j
  -9.21598316e-05-2.00139715e-03j  3.26790907e-04+4.01346149e-04j
  -4.67893873e-05+3.94237401e-04j  8.84339379e-04+2.84556369e-03j
  -1.37231228e-03-4.46222123e-03j -4.73569373e-04-1.14265592e-04j]
 [ 2.06817729e-04-3.16078145e-04j  3.13759527e-03+1.72693521e-03j
  -1.09265998e-04-1.11373116e-03j  2.07317350e-04+3.72474308e-05j
  -1.36692468e-04-1.79829460e-04j  1.32505823e-03-1.04256534e-03j
   6.00033524e-05-6.61276773e-04j -2.40489487e-05-1.41118602e-04j
  -3.47875360e-01-9.37100211e-01j  8.39531032e-03+2.34309318e-02j
   4.99693239e-05+6.26068905e-04j  2.90171135e-03+5.61440242e-03j
  -8.93864592e-04-2.64875708e-03j -3.08831530e-03-8.30460923e-03j
  -2.39196007e-04-7.17304598e-05j  2.93343350e-03+7.31400717e-03j]
 [ 2.05846339e-04-6.91885983e-05j  1.22502028e-04+1.93215813e-04j
  -5.79763348e-04-1.53907733e-03j -1.70197287e-03-4.53298255e-03j
   1.94177632e-04+8.04566889e-04j  6.64217923e-04-6.38172157e-05j
   1.33201891e-03-8.66603866e-04j -6.52767704e-04-6.66428604e-04j
  -2.57203956e-03-7.43675410e-03j -2.37501445e-04+5.67026271e-04j
   2.82661679e-03+7.64877133e-03j -2.05753467e-03-2.39051774e-03j
  -2.15571920e-03-2.59696666e-03j -1.37607388e-04-4.81411676e-04j
  -8.66583563e-05-1.18235782e-07j -3.50002706e-01-9.36651985e-01j]
 [ 2.92249881e-04+4.04609664e-04j -5.46072445e-05+1.36509548e-04j
  -1.79757735e-03-4.61884549e-03j -1.66684366e-03+4.98359338e-04j
  -8.89907028e-05+1.32734602e-03j -1.77754107e-04-7.47602603e-05j
  -5.50805847e-04-6.23857403e-04j -3.14476421e-03-1.76842550e-03j
  -7.66874890e-05+3.37286822e-04j  1.84980031e-03+4.27774814e-03j
   1.70515594e-03+2.00746438e-03j -5.19414747e-05+1.72420181e-04j
   3.27336396e-04-6.59660782e-04j -8.40061845e-04-1.37431457e-03j
  -3.46594850e-01-9.37974774e-01j -3.52287745e-05+8.17397831e-05j]
 [-6.82872063e-04-1.66857217e-03j -1.79574703e-03-4.51629902e-03j
   1.31914552e-04-4.55885345e-05j  1.60717887e-04+1.29568302e-04j
   8.83052540e-04-1.03857442e-03j -1.22508655e-03-8.38684380e-04j
  -4.09116563e-04-3.89728700e-04j  6.71400262e-05-1.09124838e-03j
   3.07839528e-03+8.28277323e-03j -1.24656269e-03-2.94920377e-03j
  -4.72843630e-03-6.34952293e-03j -1.02277051e-04+1.11125447e-04j
  -8.66419585e-03-2.32770504e-02j -3.47913059e-01-9.37098372e-01j
   2.62918067e-04+1.56485728e-03j  1.47129385e-04+4.17234430e-04j]
 [-1.80422805e-03-4.56099727e-03j -1.63927885e-03+5.67148735e-04j
   3.19793886e-04+3.26531223e-04j -1.71451651e-05+2.17758057e-04j
  -1.00175341e-03-1.21357353e-03j -1.24232442e-03-1.46992212e-03j
  -7.67784689e-04+4.44503075e-04j -2.47029474e-05+1.48561175e-04j
   9.85537309e-04+2.42452394e-03j -2.96626031e-04-2.63186248e-04j
   7.01574444e-05+4.24904978e-04j  3.19164293e-03+3.64796881e-03j
  -3.48842423e-01-9.36810363e-01j  8.67391561e-03+2.33129212e-02j
   6.69645107e-04+2.42819109e-04j  5.26821061e-05+3.32705063e-03j]]

********* Summary *****************
Final fidelity error 0.0012770202721971158
Final objective value 0.0012770387657391451
Final penalized error 1.8490264539905676e-08
Final gradient 9.065013294321408e-05
Number of iterations 1705
Terminated due to function converged
Completed in 0:33:56.091814 HH:MM:SS.US
Computational time 2036.091813708
total tv norm 176.51100225076087
total l2 norm 1.8490264539905676e-07
