Final evolution
[[-0.00157798+5.12850237e-03j  0.13066728-9.91381896e-01j
  -0.00331351-1.35884864e-04j -0.00062301-6.91527615e-03j]
 [ 0.12961405-9.91520172e-01j -0.00015876-5.34177625e-03j
  -0.00226141+6.50878714e-03j -0.00334565-8.46380047e-04j]
 [-0.00335772-6.98507375e-05j -0.00240558+6.48349733e-03j
   0.01018602+4.18404090e-03j  0.13236675-9.91109822e-01j]
 [-0.0004922 -6.90180014e-03j -0.00331944-7.72960150e-04j
   0.13139268-9.91239742e-01j  0.01087889-1.37614160e-03j]]

********* Summary *****************
Final fidelity error 6.752655665775986e-05
Final objective value 0.001021576696131773
Final penalized error 0.0009540499099227463
Final gradient 0.007308533802801821
Number of iterations 41
Terminated due to function converged
Completed in 0:00:00.589786 HH:MM:SS.US
Computational time 0.589786417
total tv norm 22.520358188646895
total l2 norm 95.40499099227462
