Final evolution
[[-2.56650342e-04-1.03052705e-04j -5.76776364e-02-9.98335194e-01j
   5.46719488e-06+1.43632191e-04j -5.03537649e-05-1.75089396e-04j]
 [-5.76891611e-02-9.98334529e-01j -2.43081757e-04+1.31977776e-04j
  -3.19810511e-05+1.80103737e-04j -7.34993959e-06-1.40486069e-04j]
 [ 8.97132767e-06+1.40428666e-04j -2.97845868e-05+1.79714398e-04j
   2.88295324e-04+8.02836835e-05j -5.76473200e-02-9.98336939e-01j]
 [-5.25842190e-05-1.75220781e-04j -1.11989369e-05-1.43263658e-04j
  -5.76578339e-02-9.98336331e-01j  2.77122132e-04-1.12986344e-04j]]

********* Summary *****************
Final fidelity error 6.842480104740645e-08
Final objective value 6.842479849389349e-08
Final penalized error 0.0
Final gradient 3.853909416580933e-05
Number of iterations 102
Terminated due to function converged
Completed in 0:00:01.087336 HH:MM:SS.US
Computational time 1.0873356249999997
total tv norm 23.855229417391925
total l2 norm 125.36587144498202
