Final evolution
[[-3.33076059e-03-5.83112158e-03j  3.25172289e-04-1.20797821e-03j
  -6.09764736e-04-1.88249349e-04j -6.97574833e-01-7.15953080e-01j
   5.13488432e-03-1.75533067e-03j -6.05791739e-04+1.32716589e-03j
   5.79258904e-04-5.74291183e-04j  1.94364996e-02+1.75972823e-02j
   1.84683624e-03-1.89286838e-03j -5.25188369e-05+2.12862949e-04j
   9.20013251e-04+3.99518569e-04j -3.63833673e-04-2.91351072e-04j
  -3.85072296e-05+7.29890515e-05j  4.16977991e-04-8.72258688e-06j
  -3.03496979e-04+4.02678174e-05j  3.33023582e-03+3.76248524e-03j]
 [-6.05519040e-04-4.98178691e-04j  4.22470649e-04+6.58268524e-04j
  -6.97493962e-01-7.16149222e-01j  3.48292313e-06+4.84148132e-04j
   2.39487368e-03+1.19071624e-03j -7.66725108e-04+4.35935869e-03j
   1.44593568e-02+1.69192473e-02j -6.51328391e-03-5.66136925e-03j
  -1.41168433e-03+2.11060705e-04j  5.64859364e-05-1.27805656e-03j
  -7.75570489e-04+3.46817550e-04j  1.64666962e-03-1.34267452e-03j
   5.22374125e-04+5.49497562e-05j -2.34620567e-05-3.80297607e-06j
   3.35043904e-03+3.73098232e-03j -1.36635438e-04+3.15439566e-04j]
 [-1.72356304e-02-1.63420377e-02j -6.96505645e-01-7.16652054e-01j
  -4.93427729e-04-5.46038456e-04j  1.41241843e-03-2.49681857e-04j
   8.75906984e-04+8.25773692e-04j  1.86002315e-02+1.71740912e-02j
   1.70574553e-03-4.85480643e-03j  8.27714492e-04-1.51820072e-03j
   2.97395231e-03+4.84411468e-04j -3.19238647e-04-2.54012577e-03j
  -3.51923989e-04+2.71966277e-03j  4.90610876e-04-1.52717021e-03j
  -1.79087479e-04+9.55053841e-05j  3.32074720e-03+3.77509098e-03j
   3.81749473e-05-3.66423897e-05j  2.48304155e-04-2.10957254e-04j]
 [-6.97527877e-01-7.15650765e-01j  1.57162028e-02+1.75490504e-02j
   5.13671714e-04+7.07270077e-04j  5.73743198e-03+3.71264493e-03j
   1.56415296e-02+1.74021841e-02j -6.01403579e-03-5.90523520e-03j
   2.38972256e-03+2.03742706e-03j  3.28283430e-03+3.92282813e-03j
  -5.81983236e-04-2.91987430e-03j  1.11207007e-03-6.88298439e-04j
  -1.74229293e-04-1.37743048e-03j  1.39260092e-03+1.04880238e-03j
   3.42545711e-03+3.76428926e-03j -2.40423355e-04+1.52948474e-04j
   3.69811687e-04-4.03903199e-04j -1.17053427e-04-8.47265858e-05j]
 [-3.93929619e-03-3.63501664e-03j  1.61295947e-03-7.68075938e-04j
   5.43100928e-03+6.62454640e-03j -1.69816831e-02-1.99333582e-02j
  -3.71267595e-03-2.72323962e-03j -1.01015377e-03-1.24290453e-03j
   1.05080501e-04-1.71237784e-03j -6.95259692e-01-7.18167672e-01j
   4.96308289e-05-3.32281924e-05j -7.38499652e-04+5.45191627e-04j
   1.06090016e-04+9.45638436e-05j -6.52429960e-04+8.95423016e-05j
   2.00028566e-03-1.55061608e-03j -1.08252782e-03-1.92640978e-04j
  -3.02489443e-03-5.86769899e-04j  8.50659691e-04+3.50649657e-03j]
 [-1.82529907e-03-2.50720072e-03j  4.91847621e-03-1.51844632e-03j
  -1.64636848e-02-1.49641217e-02j  6.46867728e-04-5.25123177e-04j
   5.99787878e-04-4.16966011e-04j -1.69620108e-03-1.46879651e-03j
  -6.93832327e-01-7.19747112e-01j  1.56170704e-03-1.28760619e-04j
  -8.66664098e-04+4.27149022e-04j -8.35768153e-06-7.55734383e-06j
  -6.74854353e-04+1.84035050e-04j  2.03504354e-04-1.18438276e-04j
  -3.29168644e-04+2.82485449e-04j -1.20095207e-04-1.50331323e-03j
   1.20197687e-03+3.70700264e-03j -1.13213164e-03+7.59771279e-04j]
 [ 4.89229879e-03+5.35972931e-03j -1.66999161e-02-1.92928400e-02j
  -4.39964861e-03+5.89150360e-04j -1.27325077e-03+4.35561433e-04j
  -1.64858746e-02-1.80475212e-02j -6.93720605e-01-7.19310558e-01j
   1.54810836e-03+1.60316226e-03j  1.26190368e-03+1.05824029e-03j
   1.45182346e-05+1.13583802e-04j -6.34215787e-04+2.11180453e-04j
  -2.08819594e-05-4.27374742e-05j -8.61696433e-05+8.71681223e-04j
  -9.41732152e-04-4.62485054e-04j  8.79523275e-04+1.23797118e-03j
  -4.75628277e-06+2.77448504e-03j -3.18927145e-04-1.07446142e-03j]
 [-1.70196981e-02-1.63191621e-02j -1.93440345e-06-2.84734614e-05j
  -1.00552328e-03-2.49362133e-03j  2.14542847e-03-4.90085502e-03j
  -6.94355956e-01-7.18783942e-01j  1.73100112e-02+1.70127492e-02j
   4.83381738e-04-5.30831098e-04j  2.59663822e-03+3.99041746e-03j
  -7.23314260e-04+4.81136742e-05j  1.79691440e-04-8.95603805e-05j
  -3.46511831e-04+9.40014210e-04j  4.05215993e-05+4.15204614e-05j
   1.39936107e-03+5.50577485e-04j -1.64300470e-03+1.33163824e-03j
   4.24753370e-04-2.14096045e-03j  1.11256676e-03+1.02680178e-03j]
 [-9.20668534e-04-1.43689764e-03j  1.52356413e-03-4.24234379e-04j
   1.39890846e-03-1.60061340e-03j  3.06928725e-04+3.94041048e-04j
  -3.75666873e-05+1.54296104e-05j -9.41218638e-04+5.61012729e-05j
   1.04368099e-04-1.56845022e-04j -8.47808724e-05+6.47064911e-04j
  -3.70285187e-03-4.30718517e-03j  3.04821667e-05-5.07783325e-04j
  -2.02522763e-04+5.58737461e-04j -6.94637029e-01-7.19299471e-01j
   4.94798478e-03-1.77340687e-03j -2.64741127e-03-1.09069152e-03j
   1.66150058e-04+1.80206891e-04j  2.56195769e-03+9.00548751e-04j]
 [ 1.28762332e-03+2.20419687e-04j -2.77044281e-03+2.72402641e-04j
  -3.94443226e-04+7.81634247e-04j -4.16031907e-04-9.67105375e-04j
  -9.67126316e-04+2.93262278e-04j  1.49645349e-04+2.02011561e-05j
  -2.26709495e-04+6.45264767e-04j -9.90896669e-05-8.91174370e-05j
  -1.40469289e-03+2.13110873e-04j  1.66884766e-03+1.31714664e-03j
  -6.94429113e-01-7.19487821e-01j -5.58950919e-04+1.47228888e-04j
   8.07139040e-04-1.38138869e-03j -7.11281989e-04+4.47342160e-03j
  -2.29480676e-03-2.64974897e-05j -5.83594717e-03-4.83183774e-03j]
 [ 8.59861614e-04-1.07639380e-03j  2.48590891e-03+3.69220434e-04j
   1.28813798e-03-6.04618702e-06j -2.06404228e-04+2.05833340e-05j
   6.30900853e-05-1.12944652e-04j -3.00825111e-04+5.99208207e-04j
  -3.71261996e-05+2.88113672e-05j -5.81572130e-04+7.32301193e-04j
  -1.78420817e-02-1.62891642e-02j -6.93816148e-01-7.19708727e-01j
  -1.24895664e-03-1.67397744e-03j  6.08563271e-04+7.12439813e-05j
  -1.03913566e-04-3.73529173e-04j  1.61058636e-03+3.36370391e-04j
   1.64018176e-03-4.96244158e-03j -2.44813044e-03-1.63098817e-03j]
 [ 2.87600045e-03+6.43750266e-04j -5.62474775e-04-3.04103533e-03j
  -3.04958655e-04+1.43643312e-03j  1.94747269e-03-1.77420963e-03j
  -1.48487517e-04+7.36000728e-04j -7.05712125e-05+2.20295224e-05j
  -4.25713768e-04+8.13482961e-04j  1.35871020e-05-8.07723343e-06j
  -6.95064967e-01-7.18426641e-01j  1.56420094e-02+1.83612196e-02j
  -2.90203185e-04+1.42100606e-03j  4.17084848e-03+3.87205844e-03j
  -1.18000375e-03+5.68293687e-04j -6.41151993e-03-5.48905912e-03j
  -7.72925657e-04+1.53360144e-03j  3.30634448e-03+3.99515441e-03j]
 [-4.89494050e-06+4.74365723e-05j  2.50844234e-04-2.70046909e-04j
  -2.98513230e-04+1.45144485e-04j -3.74951595e-03-3.46531052e-03j
  -9.56438578e-04-1.14271930e-03j  1.07274706e-03+3.88866226e-04j
  -7.84197589e-04+1.08821886e-03j -3.37877208e-03-8.69094813e-04j
  -3.82838984e-03-3.37735870e-03j  1.63681854e-03+2.58168483e-03j
   4.65161356e-03+5.99838559e-03j -8.00504098e-04-2.59343488e-03j
  -4.23189128e-03-1.31649443e-03j -1.64902552e-03-4.18693810e-04j
   9.46368470e-04-1.69695148e-03j -6.98121855e-01-7.15859876e-01j]
 [ 4.78522793e-04-3.58099438e-04j -4.11941806e-05-3.53777097e-05j
  -3.72059365e-03-3.48631273e-03j -3.07706222e-05+3.90137570e-04j
   2.09637060e-03-3.33427606e-04j -2.83616838e-03-5.66644113e-05j
  -3.58428181e-03-1.23670789e-03j  4.57527042e-04+2.99505116e-03j
  -1.43297953e-03+6.85188956e-04j  5.04763204e-03-1.49761504e-03j
  -5.99097195e-05+2.30022491e-03j -1.50338110e-04-1.73689997e-04j
   2.22445397e-04+1.38156196e-04j -3.70539238e-04-6.90613022e-04j
  -6.96434141e-01-7.17549131e-01j  1.74073173e-03-8.98598144e-04j]
 [-3.71917671e-04+1.08419879e-04j -3.71460234e-03-3.40080987e-03j
   2.71360421e-05+1.97565786e-06j -3.17508553e-06-3.73087592e-04j
  -1.40791433e-03+1.54959189e-03j -1.06301995e-03-8.49200083e-04j
   1.50963450e-03+1.48758892e-04j  2.17604161e-04+1.04020717e-03j
   5.28468493e-03+6.59223583e-03j -3.89263469e-04-1.80086344e-03j
  -4.45264705e-03+5.32991384e-04j  1.02898129e-03+2.52388111e-03j
  -1.69334842e-02-1.85701000e-02j -6.96919849e-01-7.16609947e-01j
   6.74781587e-04+3.78372189e-04j  3.39344183e-04+1.72177213e-03j]
 [-3.67296700e-03-3.57833168e-03j  9.02038520e-05+3.77091739e-04j
  -4.38947556e-05-4.98760598e-04j  1.31839578e-05+3.16444552e-05j
  -3.72412903e-04-1.35067814e-03j  4.38364003e-04+9.67347787e-04j
  -3.08942448e-04+3.33060020e-04j  1.62822730e-03-1.94964795e-03j
  -7.16736410e-04+9.79740239e-04j  4.02842900e-04+1.15157528e-04j
   1.50908979e-03-8.19634644e-04j  1.90374212e-03-4.94925392e-03j
  -6.97683518e-01-7.15903744e-01j  1.80978221e-02+1.74186881e-02j
  -1.46417304e-04-2.43909900e-04j  1.20743510e-03+4.23002713e-03j]]

********* Summary *****************
Final fidelity error 0.0013046955273801064
Final objective value 0.0013047837493776466
Final penalized error 8.822329350354554e-08
Final gradient 0.0006200317749841549
Number of iterations 573
Terminated due to function converged
Completed in 0:01:26.067632 HH:MM:SS.US
Computational time 86.06763175
total tv norm 41.14761008561426
total l2 norm 8.822329350354554e-08
