Final evolution
[[-3.58518943e-03-5.63509578e-03j  1.34058812e-05-1.39503182e-03j
   1.17672329e-03-1.23907769e-03j -7.30040754e-01-6.82629920e-01j
   5.21511730e-03-2.48714432e-03j -7.35416152e-04-7.61294287e-05j
   1.44569133e-03+1.48754706e-03j  2.14854499e-02+1.78863886e-02j
  -1.34451161e-03-1.71284698e-03j  6.10417014e-04-1.03413842e-03j
   4.75649978e-04+3.41602392e-04j  1.57355424e-03-1.33421270e-04j
  -1.26354968e-03+1.44194771e-04j -1.55964810e-04+1.62086226e-03j
   2.42629468e-03+1.22228896e-02j  3.13592105e-03+3.03734958e-03j]
 [ 9.77351191e-04+1.84046828e-03j -6.00974989e-04+2.60673224e-03j
  -7.27697864e-01-6.85264636e-01j  1.16305489e-03-1.38160149e-03j
  -1.20173700e-03+1.52054566e-03j -3.30761459e-03+5.39362321e-03j
   1.52048629e-02+1.73325564e-02j -4.43836744e-03-6.14054072e-03j
   4.28170795e-04+1.04602052e-03j  1.56893633e-03+3.06887738e-03j
   1.01962726e-03+2.37924326e-03j -1.08558694e-03-1.61075653e-03j
   1.01178018e-03-1.38611969e-03j  1.19796305e-03-7.48588634e-04j
   4.02911464e-03+3.08925815e-03j  9.60594927e-03+8.60323730e-03j]
 [-1.74942560e-02-1.50814156e-02j -7.26473874e-01-6.86053677e-01j
  -2.52132904e-03+5.62707097e-04j  1.50228586e-03-1.27029036e-04j
   3.90445314e-04-3.31314598e-04j  2.08550598e-02+1.84418377e-02j
  -2.10482989e-03-4.56870914e-03j -1.95152399e-03-1.99208229e-03j
   1.20947783e-03+8.68411838e-04j -7.01880878e-04-2.46341793e-03j
  -1.67587973e-03-2.00564382e-04j -1.84966335e-03-8.40124065e-04j
   2.69017791e-03+1.28549850e-02j  3.43478979e-03+3.28046555e-03j
   5.87950770e-06+1.13443190e-03j  1.55885718e-03+8.49937735e-04j]
 [-7.31106026e-01-6.81134885e-01j  1.60482392e-02+1.63118497e-02j
  -1.92903138e-03-8.74700362e-04j  5.93923563e-03+3.43622288e-03j
   1.62190810e-02+1.74448797e-02j -7.43035969e-03-8.45245623e-03j
   1.04081532e-03+9.85368939e-05j  5.70891546e-03+4.38913254e-03j
  -1.22744224e-03-5.77968988e-05j  2.92874301e-04-4.87330629e-04j
   4.00183343e-04-5.22830352e-04j  1.30635881e-03-1.86982698e-03j
   4.08768835e-03+2.87695437e-03j  9.97260527e-03+8.98362216e-03j
  -1.29393886e-03-6.31705489e-04j -7.14756181e-04-1.36868604e-03j]
 [-4.87986030e-03-5.51723385e-03j  2.24146447e-03+1.89459791e-03j
   6.39687116e-03+4.01393930e-03j -1.92793909e-02-2.01903421e-02j
  -2.26372064e-03-1.53451401e-03j -4.79613200e-04-1.67200683e-03j
  -1.09596439e-03-1.32402888e-03j -7.30527034e-01-6.82180325e-01j
   9.19639769e-04-2.70471949e-04j -9.70098882e-05+5.48793690e-04j
  -4.64524352e-03-5.98255105e-04j  4.57275068e-04+4.96856235e-04j
  -2.51625883e-04+2.42324815e-03j  6.84740593e-04+1.50071962e-03j
  -9.10384550e-04-7.88014131e-04j  1.32937289e-03+3.47276375e-03j]
 [-2.80928583e-05-9.15798942e-04j  4.68015789e-03+1.84774797e-03j
  -1.81648648e-02-1.42073165e-02j -1.51245714e-03-1.34552633e-03j
   7.63628212e-04+1.95690416e-03j -6.96390871e-05-2.11839481e-03j
  -7.25669039e-01-6.87603968e-01j  1.32902494e-03+9.29576442e-04j
   3.06694990e-04+3.57595875e-04j -8.13743763e-04+8.73720232e-04j
  -5.70238574e-04+6.82891882e-05j -3.92738604e-03+2.15986035e-03j
   7.03389135e-04-4.89145950e-04j -1.73758899e-03-7.49304836e-04j
   2.07337253e-03+8.34118626e-04j  3.11829788e-05+5.00582223e-04j]
 [ 8.00478290e-03+6.09872303e-03j -1.97948435e-02-1.99100766e-02j
  -5.22345839e-03+3.65615626e-03j  2.21892188e-04+5.45791884e-04j
  -1.76878306e-02-1.64642345e-02j -7.26597578e-01-6.85932638e-01j
   2.14250029e-03-2.71107920e-04j  1.56138605e-03+3.33047519e-04j
  -4.31284770e-03-5.62467400e-04j  4.27293003e-04+5.44397132e-04j
  -2.13692239e-04-9.61167467e-04j  5.69606737e-04+3.59473763e-04j
  -5.25238107e-04-2.64413750e-04j -5.18232700e-04+9.83888295e-04j
   2.53684293e-03-1.12889956e-03j  7.53856663e-04-1.90191290e-04j]
 [-1.86336690e-02-1.51637565e-02j  1.19324397e-03+4.09780273e-04j
  -1.46887388e-03+1.18417959e-03j  2.28679418e-03-5.24571785e-03j
  -7.29126846e-01-6.83474194e-01j  1.73206203e-02+1.64724844e-02j
  -1.98727885e-03-6.59060985e-04j  1.71916844e-03+2.41468038e-03j
  -4.94305806e-04+1.01854342e-04j -3.66507447e-03+1.98648445e-03j
   4.27256878e-04-2.84889039e-05j  8.15316575e-04+7.91375126e-04j
  -4.31387898e-04-1.53475906e-03j  1.31958675e-03+1.69310219e-03j
  -1.46855156e-03-8.93806732e-04j -2.71225377e-03+9.64331341e-04j]
 [ 1.81561218e-03-1.44398621e-03j  9.50993872e-04+1.69559749e-03j
   1.66994112e-03+1.07550621e-03j -5.07966186e-06-1.56623838e-03j
  -8.99110551e-04-7.38876071e-04j -3.97660103e-04-5.82373244e-04j
  -1.96474614e-03+4.03765114e-03j -4.96465668e-04-3.82746719e-04j
  -1.76328401e-03-5.23702841e-03j -1.38648768e-03-2.60862759e-03j
  -1.47934722e-03+4.66630020e-04j -7.29531231e-01-6.83849869e-01j
   5.39689339e-03-3.39016021e-03j  9.48624944e-04-1.60551835e-03j
  -1.36416289e-03-4.54674738e-04j  2.73741819e-03-4.95637425e-04j]
 [ 4.68485606e-04-2.98141485e-04j  2.86637656e-04+1.66471566e-03j
  -2.55813696e-03-9.95809179e-04j -4.28648599e-04-3.32235670e-04j
   1.67851757e-05-3.64679422e-04j  9.68158295e-04+1.32349132e-04j
   2.52967267e-05+6.08688950e-04j  8.48110784e-04+4.60575271e-03j
  -5.13458277e-04+6.02671452e-04j  1.35018842e-03+1.96775402e-03j
  -7.27479993e-01-6.85984369e-01j -3.81049346e-04+1.46688324e-03j
   8.81681238e-04+2.12588253e-04j -3.57208963e-03+4.74924642e-03j
  -2.94692709e-03-7.44980802e-04j -8.03393569e-03-6.73664182e-03j]
 [ 5.29525024e-04-1.70589696e-04j  2.46273426e-03+5.47994003e-04j
  -3.21464308e-03-1.40757920e-03j  9.16927398e-04-6.87753022e-04j
  -1.78181507e-03+3.80591761e-03j -5.57037425e-04-4.00394049e-04j
  -7.61961716e-04+8.82427964e-04j -5.59183251e-04+1.29199764e-04j
  -1.71197932e-02-1.53663651e-02j -7.25511942e-01-6.87742320e-01j
  -2.03796395e-03-1.21291727e-03j  2.80013164e-03+1.27659165e-03j
  -2.16620447e-04+1.84528845e-03j  1.86396408e-03-6.88844516e-04j
  -2.71671725e-03-6.54019096e-03j -8.97953288e-04+3.62198054e-04j]
 [ 5.61843442e-06+1.09999298e-03j -1.04469965e-03-1.07808459e-03j
  -9.28540145e-04-2.75463305e-04j  1.82968311e-03+1.23436654e-03j
  -1.60101212e-05+4.70268670e-04j  8.72606340e-04+4.33165413e-03j
  -3.37649982e-04-3.20103852e-04j  1.56418715e-04-9.89677622e-04j
  -7.30699936e-01-6.82192625e-01j  1.63777928e-02+1.61347456e-02j
  -5.99171569e-04+5.54778480e-04j  5.28082019e-03+1.36000541e-03j
  -2.94448167e-03-1.48099833e-03j -5.51123268e-03-4.97396580e-03j
   2.26516960e-03+2.03894384e-03j  3.88465529e-03+3.35624901e-03j]
 [ 1.30906759e-03+6.13291602e-04j -1.04550336e-03-1.52681980e-03j
  -9.16658743e-03-9.01567018e-03j -3.35492846e-03-2.97500604e-03j
  -7.99780424e-04+2.74181262e-03j  1.49479355e-04-6.99555916e-04j
  -3.21280200e-04+2.22804615e-04j -3.54152003e-03-1.14954561e-03j
  -3.58572506e-03-3.61015461e-03j -1.99714980e-04+1.02840304e-03j
   7.21393847e-03+7.62409448e-03j  3.37061572e-04-2.82354943e-03j
  -4.35561560e-03-1.38923439e-03j -1.24353618e-03-2.66008286e-03j
  -1.42804176e-05-1.67776923e-03j -7.31960514e-01-6.81059917e-01j]
 [ 6.07048001e-04+1.29349562e-03j -1.14251049e-03-4.37704575e-05j
  -3.31170314e-03-3.91918522e-03j -1.23232431e-02-1.64000407e-03j
   1.01355386e-03+1.23517312e-03j  9.75758249e-04-2.57419574e-03j
  -8.44042211e-04-1.92974406e-03j  1.17615993e-03+8.26290977e-04j
  -2.02297948e-03-2.08380655e-03j  6.73221001e-03+2.39827327e-03j
   9.19304273e-04+2.92586969e-03j  5.27695681e-04+1.32149048e-03j
   1.60757640e-04+8.58184602e-04j -1.56186021e-03-1.06688261e-03j
  -7.26509311e-01-6.86953276e-01j  1.80973615e-03-5.20951671e-06j]
 [-9.84377934e-03-9.56180469e-03j -3.59084339e-03-3.02122298e-03j
   7.39676890e-04-1.19433806e-03j -1.53213216e-03+3.17732396e-04j
  -1.55547894e-03-9.79962248e-04j -9.09211152e-04+5.53540009e-04j
   8.36521787e-04+1.67458286e-03j -1.44301879e-03-5.40681288e-04j
   5.38478467e-03+5.22013763e-03j  4.13663475e-04-2.04512408e-03j
  -4.56944945e-03+3.79255898e-03j  1.60962319e-03-1.21446869e-03j
  -1.79609967e-02-1.63647592e-02j -7.27970502e-01-6.84931598e-01j
   1.11330855e-03+1.49121291e-03j  2.69636234e-03+1.19417125e-03j]
 [-3.19333260e-03-3.66289946e-03j -1.28344027e-02-1.68517098e-03j
   1.30479700e-03-1.00838522e-03j -4.00514660e-05+1.30193284e-03j
   1.67481355e-03+4.44162322e-04j  6.04894240e-04+4.55432780e-04j
   3.12584024e-04-7.88559792e-04j -2.35929665e-03+4.20179838e-04j
   1.55420851e-03+2.72132691e-03j -1.88203355e-03+2.67214738e-04j
  -2.05069856e-04-9.92243326e-04j  2.95358064e-03-5.59007779e-03j
  -7.29931590e-01-6.82876605e-01j  1.76029556e-02+1.69771589e-02j
  -9.11627654e-04-1.55705140e-04j  1.63361145e-03+4.21204215e-03j]]

********* Summary *****************
Final fidelity error 0.0012284851478839842
Final objective value 0.0012285919258012389
Final penalized error 1.067778773976075e-07
Final gradient 0.00019343171610742378
Number of iterations 1387
Terminated due to function converged
Completed in 0:35:10.711779 HH:MM:SS.US
Computational time 2110.711778708
total tv norm 65.78446348412763
total l2 norm 1.067778773976075e-06
