Final evolution
[[ 4.81099398e-09+1.83054673e-09j  1.29231283e-05-7.03834487e-05j
  -8.13653072e-11-1.50169735e-11j ...  9.90679107e-10-1.47845242e-12j
   2.79514655e-19-8.29098623e-16j -1.86361833e-17-1.24265609e-14j]
 [ 1.29231283e-05-7.03834487e-05j  5.14754314e-09-2.40580955e-12j
  -3.23921382e-10+5.76826995e-07j ...  2.29057346e-11+1.41721826e-14j
  -1.86361833e-17-1.24265609e-14j -1.06755326e-18-8.29420168e-16j]
 [-8.13653072e-11-1.50169735e-11j -3.23921383e-10+5.76826995e-07j
   4.81099399e-09+1.83054673e-09j ... -1.86361833e-17-1.24265609e-14j
   2.28799956e-11+5.13835816e-14j  9.90679107e-10-1.47845242e-12j]
 ...
 [ 9.90679107e-10-1.47845242e-12j  2.29057346e-11+1.41721826e-14j
  -1.86361833e-17-1.24265609e-14j ...  4.80502599e-09-1.84611850e-09j
   6.14679909e-10+5.77119477e-07j -8.13576450e-11+1.51727163e-11j]
 [ 2.79514656e-19-8.29098623e-16j -1.86361833e-17-1.24265609e-14j
   2.28799956e-11+5.13835816e-14j ...  6.14679908e-10+5.77119477e-07j
   5.14751084e-09-1.42707727e-11j -1.31510721e-05-7.03410251e-05j]
 [-1.86361833e-17-1.24265609e-14j -1.06755326e-18-8.29420168e-16j
   9.90679107e-10-1.47845242e-12j ... -8.13576450e-11+1.51727163e-11j
  -1.31510721e-05-7.03410251e-05j  4.80502583e-09-1.84611850e-09j]]

********* Summary *****************
Final fidelity error 8.524154493372293e-09
Final objective value 2.6416814108758817e-08
Final penalized error 1.7895959864349524e-08
Final gradient 4.5992082928388063e-05
Number of iterations 50
Terminated due to function converged
Completed in 0:01:42.185721 HH:MM:SS.US
Computational time 102.185721334
total tv norm 0.05764574998075228
total l2 norm 1.7895959864349523e-06
