Final evolution
[[-2.26167310e-01+1.60286361e-01j  7.26715113e-02-1.00569353e-02j
   5.95911946e-03-6.54262190e-02j  2.83292098e-01-2.33284346e-01j
  -3.23471325e-01+2.81698846e-01j  8.11622367e-02-3.75804397e-02j
   2.64706298e-02-2.40618712e-02j  4.26310538e-01-3.06491176e-01j
  -4.65222600e-02-1.28854026e-02j -5.75667913e-02+1.62992251e-02j
   6.30415246e-03-1.65622652e-02j -5.53606366e-03+1.45466815e-03j
  -2.57408364e-01+2.17774047e-01j  8.29873163e-02-3.11186088e-02j
   1.23769670e-02-6.14541150e-03j  3.35333797e-01-2.63441028e-01j]
 [ 7.88553010e-02-4.46097305e-02j  1.01094355e-03+2.24467929e-02j
  -3.54608821e-01+2.53381587e-01j -2.08192360e-02+5.63311101e-02j
  -4.22527425e-02+2.47311760e-02j -3.00663029e-02+2.35920693e-02j
  -5.44495511e-01+3.89947522e-01j  8.66254373e-02-8.94545690e-02j
   7.07835032e-02-5.13477215e-03j -3.37689395e-02+1.76116691e-03j
  -4.83159079e-03-2.22192219e-02j  5.02256475e-02+1.18587875e-02j
  -1.44373023e-02-2.32136052e-02j -2.15327424e-02+2.20218467e-02j
  -4.61696483e-01+3.21703919e-01j  4.49521506e-02-9.92809774e-03j]
 [-1.25309933e-01+1.65615493e-01j -3.27111495e-01+2.47748120e-01j
  -1.73435874e-02-2.10430061e-02j -5.35201506e-02+6.74041432e-02j
  -1.95991569e-01+1.98313444e-01j -4.77273171e-01+3.95076768e-01j
   3.60111752e-02-2.83844083e-03j -1.07586700e-01+5.88259645e-02j
   3.71643849e-03+2.53561481e-02j -3.18659647e-02+5.72602022e-03j
  -9.24083745e-03-3.53699419e-03j -1.59550963e-02+1.29055339e-02j
  -1.47984296e-01+1.62256338e-01j -3.76461830e-01+3.20637072e-01j
   1.49765772e-02+3.56667762e-03j -7.32688012e-02+4.23389611e-02j]
 [ 2.49869137e-01-1.84500446e-01j -7.17395956e-02+1.44553098e-02j
   5.10771024e-02-1.18025491e-02j  2.62716638e-01-1.59017119e-01j
   3.81947801e-01-2.32717256e-01j -3.08226053e-01+1.96748597e-01j
   3.72030526e-02-2.59123937e-02j  3.17983802e-01-2.13252331e-01j
   2.37937630e-03+2.29975293e-02j  1.73474343e-02-3.60238569e-02j
   3.83934244e-02+2.75418668e-03j  1.98421079e-02+1.62690741e-02j
   3.14975819e-01-2.05296304e-01j -2.11119009e-01+9.77274984e-02j
   3.42372334e-02-2.21641993e-02j  2.86625395e-01-1.87470722e-01j]
 [-4.52838001e-01+2.70890163e-01j  7.25867676e-02-7.27263687e-03j
  -9.20392941e-03+2.64248177e-02j  4.85684863e-01-2.98820928e-01j
   3.21827882e-01-1.79555532e-01j -7.33466509e-02+8.60634723e-04j
  -1.35914421e-01+5.04288484e-02j -3.80559920e-01+2.49219478e-01j
  -2.39042446e-02+1.92562923e-02j  2.66581011e-02-2.73013463e-03j
  -2.47199104e-02-7.95762568e-03j  4.13793064e-02-3.41221535e-02j
  -4.87053061e-02+2.87114441e-02j  4.40890920e-02-1.30200993e-02j
  -7.90331219e-02+1.49648359e-02j  5.84880356e-02-2.66406443e-02j]
 [-3.36231711e-02+3.01589751e-02j  3.72856953e-02-5.11455036e-03j
   6.08210568e-01-5.21324132e-01j -8.95841469e-02+9.07761235e-02j
   4.81884428e-02+2.17093198e-02j -6.18749572e-04+2.15361837e-02j
  -4.41652269e-01+3.53554768e-01j  2.21928981e-02-4.03899463e-02j
   3.42817945e-03+1.94726970e-02j -4.28382455e-03+1.08739598e-02j
   7.45875994e-02-2.84078033e-02j  6.50349992e-03-1.24212721e-02j
   1.20984264e-02+1.85244697e-02j -9.19435305e-03+1.72822432e-02j
   6.76539033e-02-2.32260023e-02j -2.97611670e-03-6.87454499e-03j]
 [-2.04573707e-01+1.48781238e-01j -6.17326957e-01+4.09003052e-01j
  -1.92913450e-03+2.05930067e-02j -1.08612959e-01+3.68569540e-02j
   2.39450675e-01-1.37521667e-01j  4.10535961e-01-2.69585346e-01j
   1.88775849e-02+2.75592741e-02j  1.76024151e-01-8.36824638e-02j
  -4.78651229e-03+3.62346577e-02j -4.69760847e-02+2.72617458e-02j
  -4.09515523e-03+6.95281845e-03j  1.28585212e-02+4.38856260e-03j
   3.36162966e-02-1.74374040e-02j -9.68759900e-02+3.04259417e-02j
  -6.18303549e-03+1.35947978e-02j  3.13489026e-02-7.23173487e-04j]
 [-4.47548194e-01+2.96462888e-01j  2.73738994e-01-1.98140813e-01j
  -6.27325206e-02+6.76991605e-02j -3.78895458e-01+3.22907867e-01j
   3.10033111e-01-2.06821313e-01j -1.55587997e-01+1.57220818e-01j
   7.68331766e-02-4.46191215e-02j  3.03747693e-01-1.97827537e-01j
  -5.03439776e-02+6.38559017e-03j  1.47288333e-02+8.77030353e-03j
  -4.77713269e-03-5.59800858e-03j -4.73171521e-02+2.67464857e-02j
  -5.23978417e-02+7.96724400e-03j  4.27612826e-02+4.22731273e-03j
  -2.10332631e-02+3.28903455e-02j -3.25318998e-02+3.22188214e-02j]
 [ 1.77481981e-02-1.41547834e-02j  7.89065428e-03+2.11449979e-02j
  -1.77497702e-02-1.61829430e-03j -4.46742878e-02+2.85017253e-02j
  -2.47018762e-02+1.81984096e-02j -1.33403156e-03+2.24235125e-02j
   2.17068351e-02-4.58667861e-03j  2.50044692e-02-6.96484005e-03j
  -4.12246199e-01+3.47021144e-01j  2.05586062e-01-1.34185033e-01j
   3.34220722e-02-3.33959898e-02j  6.38015582e-01-4.81581526e-01j
  -1.57455854e-02+9.49018456e-03j  3.48547659e-03-1.46003663e-02j
  -1.58713071e-02+6.57747519e-03j  4.80919061e-03+2.22960597e-02j]
 [ 2.03369732e-02-4.95000619e-02j  3.97306574e-03+1.67448737e-02j
   2.64819578e-02-4.41974640e-02j -2.11330782e-02+3.74625963e-02j
   1.42386312e-02-2.41975821e-02j -9.61329408e-03+2.04131625e-02j
  -3.70156131e-02+4.41847148e-02j -5.45329606e-03+1.14285079e-03j
  -7.90969440e-02+6.22989293e-02j  1.14460689e-02+4.71083284e-03j
  -7.93295913e-01+5.78813672e-01j -9.06544168e-03+1.16101603e-02j
  -4.28314104e-02+1.82247433e-02j  7.23931979e-03-1.91986538e-02j
  -9.17804270e-03-4.34313263e-02j  5.59556045e-02-7.17202663e-02j]
 [ 3.50194317e-02-3.61619244e-02j  4.24495579e-02-2.02526189e-02j
  -1.69365998e-02-1.96941883e-04j  2.04807564e-02+1.00683476e-02j
  -3.85539095e-04-3.89105335e-02j -1.57748381e-02+8.94665013e-03j
   1.66521764e-03-1.21385775e-03j -1.95163256e-02+4.91912133e-02j
  -3.67735255e-01+3.16208773e-01j -6.83412184e-01+5.27576800e-01j
   3.95946265e-02-2.07546088e-02j -6.21611048e-02+2.40760582e-02j
   3.15529669e-02-2.65494886e-02j -1.06925837e-03-1.29486305e-02j
   7.65227379e-03+2.45694097e-02j -5.54326820e-03+1.36770774e-02j]
 [-7.73166179e-03+1.66611052e-02j  2.05039375e-02-7.49476038e-02j
   1.16137636e-02-2.73825863e-02j -9.43770022e-03+7.56462602e-03j
   4.13366303e-02-3.65636784e-02j -4.15292494e-03-1.47471300e-02j
   2.00279323e-02-6.16931928e-02j  2.97342913e-02-1.31689423e-02j
   5.39639062e-01-3.88353957e-01j -3.48323809e-01+2.40113226e-01j
  -6.71742460e-02+4.66244822e-02j  4.86645019e-01-3.24115050e-01j
  -7.05930000e-03+7.25287044e-02j -6.59614852e-02+3.02132819e-02j
   1.60494472e-02-5.31089606e-02j -1.06134493e-02+2.66668843e-02j]
 [-1.70370541e-01+1.17957288e-01j  1.33936133e-01-5.64777232e-02j
   3.24866559e-02-1.22135455e-02j  2.52204185e-01-1.79198985e-01j
  -1.84982874e-01+1.23583049e-01j  1.13782409e-01-5.70737794e-02j
   4.10893886e-03+1.19684481e-02j  2.38385575e-01-1.72116389e-01j
  -2.72328870e-02+1.20113435e-02j  1.07141543e-03-2.40241349e-02j
  -1.08506284e-01+3.67696865e-02j -8.19693501e-04+3.96044053e-04j
   3.63482193e-01-2.49227099e-01j -2.54286904e-01+1.23446995e-01j
  -2.99032029e-02+3.56046621e-02j -5.03788521e-01+3.76842856e-01j]
 [ 4.20697802e-02-3.03681477e-02j -3.27907424e-02+2.00939155e-02j
   2.78707238e-01-2.59904129e-01j  2.05815814e-02-1.25566459e-02j
   4.45077358e-02+1.50819366e-03j -1.68936014e-02+2.47407658e-02j
   3.37907649e-01-2.64895614e-01j -2.23476925e-02-2.84465863e-03j
   1.88716142e-02-1.67093245e-03j  1.10173427e-02+2.12704576e-02j
  -3.33726611e-02-1.40012855e-02j -6.66501675e-03+1.00269564e-02j
  -4.60529789e-02+3.30443869e-02j  5.25631622e-02-5.14302323e-02j
  -6.32104561e-01+5.00654476e-01j -2.56464652e-02+2.00800459e-02j]
 [-1.47123179e-01+1.08053067e-01j -2.40289291e-01+1.94558876e-01j
  -4.14698076e-03-5.44091910e-03j -2.50166540e-02+6.73071239e-03j
  -1.77670480e-01+1.23415043e-01j -2.87858883e-01+2.01974740e-01j
  -9.48916408e-03+1.62807633e-02j -3.82411832e-03-3.98232225e-02j
   8.19527432e-02-1.50779197e-02j -4.77511564e-02+1.26950833e-02j
  -7.69294922e-03+2.51121184e-02j  4.45729917e-02-2.51236852e-02j
   3.45285919e-01-2.78306435e-01j  5.57185179e-01-4.19165885e-01j
   3.49452675e-02-2.68559716e-03j  1.56895844e-02+3.09775835e-02j]
 [-1.84987702e-01+1.52508251e-01j  1.11949466e-01-1.06214895e-01j
   1.21443927e-02-6.59779928e-03j -1.72545199e-01+1.59682626e-01j
  -2.27831471e-01+1.60038238e-01j  1.55738096e-01-1.01857384e-01j
   5.10790395e-02-3.52177220e-02j -2.08824819e-01+1.78925891e-01j
   1.59512055e-02-3.13373697e-04j -5.52117640e-03-1.04802028e-02j
  -5.10039880e-03-3.66973008e-03j  3.90849878e-02+1.42068131e-02j
   4.40197265e-01-3.01071371e-01j -2.45982868e-01+1.99594926e-01j
  -6.80614023e-02+6.06455438e-02j  4.00916518e-01-3.40078449e-01j]]

********* Summary *****************
Final fidelity error 0.13933395107603697
Final objective value 0.24046269272113402
Final penalized error 0.10112874652554675
Final gradient 0.020370286618439516
Number of iterations 2000
Terminated due to Iteration or fidelity function call limit reached
Completed in 0:02:49.364878 HH:MM:SS.US
Computational time 169.364877541
total tv norm 262.65554380848977
total l2 norm 1011.2874652554674
