Final evolution
[[ 1.94828364e-01+1.31877299e-02j  5.23839460e-02-9.79345758e-01j
   3.52201597e-05-6.13206271e-04j  2.47380712e-04+2.31579518e-03j]
 [ 5.25564389e-02-9.79336194e-01j  1.95121077e-01+7.70884410e-03j
   2.88346250e-04-2.28874750e-03j -1.54010234e-04+1.19719106e-03j]
 [-2.99871191e-05-1.08568219e-03j  5.86847601e-04-2.29402748e-03j
   1.94907335e-01+1.49498861e-02j  5.23421431e-02-9.79306461e-01j]
 [ 1.36100566e-04+2.28780561e-03j -2.97057014e-05+7.34740559e-04j
   5.24698696e-02-9.79300182e-01j  1.95389573e-01+5.93200867e-03j]]

********* Summary *****************
Final fidelity error 0.0192749492355494
Final objective value 0.019274925945554133
Final penalized error 0.0
Final gradient 0.008001866883913024
Number of iterations 552
Terminated due to function converged
Completed in 0:05:40.590965 HH:MM:SS.US
Computational time 340.590965417
total tv norm 93.6692636266482
total l2 norm 16062.500048747092
