Final evolution
[[ 2.13063780e-01+9.58593905e-02j  1.96680031e-01+1.88474126e-02j
   1.13222633e-02+3.31772747e-03j  1.28651841e-01+3.47224645e-02j
   1.89458177e-01+1.01755939e-01j  1.79379411e-01+2.99861224e-02j
   1.01823731e-02+3.77634365e-03j  1.15891439e-01+4.01769884e-02j
   1.46370721e-05-1.74775038e-03j -4.63370594e-04-1.40358584e-03j
  -1.13855875e-05-8.75254941e-05j -1.49750143e-04-9.85564562e-04j
   5.50333735e-01+2.92853441e-01j  5.20316468e-01+8.49209159e-02j
   2.95586296e-02+1.08331360e-02j  3.36392451e-01+1.15170690e-01j]
 [ 1.63658450e-02-8.28668754e-03j -1.74674419e-02+3.61907905e-02j
   3.29008602e-01-1.01825887e-02j -2.06215518e-02-2.81534194e-02j
   1.55616123e-02-6.55383783e-03j -1.83721189e-02+3.21047781e-02j
   3.02757060e-01+1.18616933e-02j -1.71199370e-02-2.71803784e-02j
  -1.06041743e-04-8.71082255e-05j  3.00440061e-04+1.05998973e-05j
  -1.06075616e-03-2.22229471e-03j -1.30671852e-04+2.26013850e-04j
   4.50365600e-02-1.91718501e-02j -5.28983950e-02+9.32698196e-02j
   8.77759022e-01+3.10049610e-02j -4.99303582e-02-7.85988831e-02j]
 [ 7.85520900e-02+2.08533673e-01j -1.54745443e-01-1.88515739e-01j
   9.82426061e-03-3.97373843e-02j -1.52740689e-02-2.16718944e-02j
   5.86833301e-02+1.96543040e-01j -1.29935772e-01-1.83074533e-01j
   1.15826888e-02-3.58540763e-02j -1.26276690e-02-2.08841886e-02j
   1.19137310e-03-1.16604249e-03j -8.24788425e-04+1.62749766e-03j
  -3.01703696e-04+5.24215720e-05j -1.02395538e-04+1.69872235e-04j
   1.72304056e-01+5.69080315e-01j -3.78698989e-01-5.29242707e-01j
   3.31754681e-02-1.04062430e-01j -3.68379734e-02-6.03977481e-02j]
 [-7.88691905e-02-2.68481533e-02j -1.06654599e-01+2.63055904e-03j
   1.93374646e-02-3.13136397e-02j  2.98904562e-01+4.99788852e-02j
  -7.06879346e-02-2.97371443e-02j -9.81014292e-02-4.46070504e-03j
   1.97747669e-02-2.75059438e-02j  2.71236416e-01+6.51620150e-02j
   5.37178117e-05+6.20947034e-04j  3.39274711e-04+7.22419604e-04j
  -2.72675404e-04-3.80961179e-05j -5.58107492e-04-2.19736631e-03j
  -2.05240828e-01-8.54124415e-02j -2.84424418e-01-1.18355617e-02j
   5.70156994e-02-7.99544599e-02j  7.86982519e-01+1.85862803e-01j]
 [ 2.11587651e-01+4.61989210e-01j  2.95023228e-01+3.12447216e-01j
   1.37869283e-02+2.16420974e-02j  1.60917932e-01+2.41041026e-01j
  -2.23621516e-01-4.22912459e-01j -2.94037749e-01-2.77883191e-01j
  -1.41179404e-02-1.96040091e-02j -1.64162317e-01-2.17947213e-01j
   7.56247425e-03+3.45432675e-02j  1.54459834e-02+2.56067053e-02j
   6.17781810e-04+1.67545140e-03j  7.38142814e-03+1.87693257e-02j
   1.01378747e-02-3.23910893e-02j -6.86429691e-04-2.86947269e-02j
   2.82526986e-04-1.69052009e-03j  2.78103298e-03-1.91574063e-02j]
 [ 3.86585803e-02+9.86415951e-03j -8.04128832e-02+3.42436647e-02j
   5.53236184e-01+4.54375823e-01j  6.54580238e-03-7.56173898e-02j
  -3.68651363e-02-7.20145228e-03j  7.37496922e-02-3.64934911e-02j
  -5.44344071e-01-3.97459859e-01j -2.10311377e-03+7.14266154e-02j
   2.48317002e-03+1.24200714e-03j -5.97433647e-03+1.14053011e-03j
   3.09082777e-02+3.90736421e-02j  1.56244108e-03-5.04553113e-03j
  -1.47856758e-03-2.21709367e-03j  5.52242883e-03+1.89290974e-03j
  -7.16448133e-03-4.72787724e-02j -3.70375174e-03+3.46177125e-03j]
 [-1.69954401e-01+4.53878614e-01j  1.65495510e-02-5.30192213e-01j
   7.29770724e-02-5.09930645e-02j  6.02107451e-03-5.73496667e-02j
   1.35440763e-01-4.35721841e-01j  1.28379656e-02+4.99236949e-01j
  -6.58634634e-02+5.18387655e-02j -2.58819834e-03+5.42278890e-02j
  -1.82638962e-02+2.83541498e-02j  8.95941354e-03-3.58104158e-02j
   5.71615989e-03-2.38941826e-03j  1.25683849e-03-3.81101453e-03j
   2.87182797e-02-1.49402038e-02j -2.45119072e-02+2.55835178e-02j
  -5.90165878e-03-7.29085490e-04j -2.86145453e-03+2.57826115e-03j]
 [-9.06868388e-02-1.56874470e-01j -1.78382654e-01-1.48392314e-01j
   7.64918160e-02-2.35813819e-02j  4.17815269e-01+5.09772614e-01j
   9.36416587e-02+1.42596530e-01j  1.75616512e-01+1.29927373e-01j
  -7.06351128e-02+2.62615623e-02j -4.20022765e-01-4.56781960e-01j
  -3.84908882e-03-1.20079851e-02j -9.93804498e-03-1.27269396e-02j
   5.55014684e-03-4.73393823e-04j  2.08806470e-02+4.08398750e-02j
  -2.50710454e-03+1.18406107e-02j  2.22582167e-03+1.53379471e-02j
  -4.85133936e-03-2.24706828e-03j  2.03415939e-03-4.39781831e-02j]
 [ 4.45154032e-02+1.34875335e-02j  3.93144764e-02-1.29976611e-03j
   2.32021325e-03+3.66017879e-04j  2.62879865e-02+3.57137264e-03j
  -8.34543180e-04-1.87532225e-03j -1.17807622e-03-1.27491284e-03j
  -5.47468293e-05-8.80190965e-05j -6.39496180e-04-9.80642238e-04j
  -6.04878621e-01-3.47978925e-01j -5.78981072e-01-1.14238704e-01j
  -3.26692164e-02-1.32123829e-02j -3.72092500e-01-1.41283730e-01j
  -1.76707767e-02-4.44964106e-03j -1.53603929e-02+1.24016356e-03j
  -9.14758659e-04-1.00057464e-04j -1.03534934e-02-9.08403391e-04j]
 [ 3.01978782e-03-2.05396419e-03j -2.52492319e-03+7.59158839e-03j
   6.47008644e-02-1.04098075e-02j -4.79033767e-03-5.03227641e-03j
  -1.55723532e-04-4.15278089e-05j  3.26302126e-04-1.34817930e-04j
  -2.21489148e-03-1.85944882e-03j -2.97336131e-05+3.05155315e-04j
  -5.10946005e-02+1.97845369e-02j  6.26289224e-02-1.02393303e-01j
  -9.80873443e-01-6.71296594e-02j  5.29560842e-02+8.97802947e-02j
  -1.14348741e-03+8.59949427e-04j  8.46796055e-04-3.01772964e-03j
  -2.51251045e-02+5.27748674e-03j  1.96819674e-03+1.88009971e-03j]
 [ 2.08333398e-02+3.91683805e-02j -3.53662290e-02-3.32708041e-02j
   9.25280324e-04-8.09671848e-03j -3.56904064e-03-3.88905411e-03j
   7.06261719e-04-1.82594458e-03j -8.99389462e-05+2.14087814e-03j
  -2.96996205e-04+2.02797414e-04j -2.68185036e-05+2.31389579e-04j
  -1.71737184e-01-6.43044118e-01j  4.04120137e-01+6.06102937e-01j
  -4.09621972e-02+1.15196819e-01j  3.89812966e-02+6.89333321e-02j
  -8.88134162e-03-1.49397546e-02j  1.44586273e-02+1.23614910e-02j
  -2.11423171e-04+3.18563253e-03j  1.46900531e-03+1.45545797e-03j]
 [-1.62576697e-02-3.28754566e-03j -2.09911685e-02+3.24219137e-03j
   3.01865778e-03-6.67636371e-03j  6.02928706e-02+2.23725343e-03j
   3.59478150e-04+6.37610647e-04j  7.14076190e-04+6.07168044e-04j
  -3.09999452e-04+9.19206700e-05j -1.66547483e-03-2.07731465e-03j
   2.26462528e-01+1.03143435e-01j  3.17770956e-01+2.37537022e-02j
  -6.67431460e-02+8.73441669e-02j -8.73590955e-01-2.37026448e-01j
   6.42313914e-03+9.83973472e-04j  8.15395534e-03-1.65932722e-03j
  -1.05703464e-03+2.66877015e-03j -2.36354924e-02+2.46405862e-04j]
 [-1.89236504e-01-3.72430841e-01j -2.52779615e-01-2.46804163e-01j
  -1.20479658e-02-1.73172772e-02j -1.40235048e-01-1.92626944e-01j
  -2.45753673e-01-3.92374819e-01j -3.03460223e-01-2.47412302e-01j
  -1.50132826e-02-1.79230397e-02j -1.73865449e-01-1.98749313e-01j
  -7.12228416e-03-3.45773554e-02j -1.51027432e-02-2.57536602e-02j
  -5.95999458e-04-1.68020850e-03j -7.13661764e-03-1.88283146e-02j
   1.46728425e-01+2.78968956e-01j  1.93333138e-01+1.83514426e-01j
   9.27367130e-03+1.29369545e-02j  1.07847968e-01+1.43836751e-01j]
 [-3.20852314e-02-6.81172051e-03j  6.49108678e-02-3.08148143e-02j
  -4.69626753e-01-3.54766532e-01j -2.85153447e-03+6.23339306e-02j
  -3.60914505e-02-4.34309916e-03j  6.86014175e-02-4.04401227e-02j
  -5.53513060e-01-3.45121340e-01j  3.02254604e-03+6.90893798e-02j
  -2.46353837e-03-1.27057827e-03j  5.97816170e-03-1.06468628e-03j
  -3.03718953e-02-3.93886407e-02j -1.62214828e-03+5.01752819e-03j
   2.42791173e-02+4.79804079e-03j -4.86444586e-02+2.39382396e-02j
   3.58081135e-01+2.62661592e-01j  1.48873667e-03-4.70581581e-02j]
 [ 1.24449113e-01-3.78511168e-01j  4.11281949e-03+4.36074975e-01j
  -5.82433839e-02+4.43251374e-02j -3.03060487e-03+4.73105273e-02j
   9.99053590e-02-4.30137140e-01j  4.77053602e-02+4.80952903e-01j
  -5.99041994e-02+5.46934618e-02j  1.33776900e-03+5.25235680e-02j
   1.85831133e-02-2.80795052e-02j -9.38684717e-03+3.56380061e-02j
  -5.73587367e-03+2.31461840e-03j -1.30180487e-03+3.78891485e-03j
  -8.98671185e-02+2.86890710e-01j -7.73835533e-03-3.28953134e-01j
   4.34705605e-02-3.40602308e-02j  1.78353380e-03-3.57256519e-02j]
 [ 7.97332772e-02+1.25834556e-01j  1.51487034e-01+1.15938098e-01j
  -6.20460359e-02+2.19254099e-02j -3.60236437e-01-4.04794572e-01j
   1.00469226e-01+1.31009587e-01j  1.78694776e-01+1.12982774e-01j
  -6.63190107e-02+3.03440020e-02j -4.37714987e-01-4.11172777e-01j
   3.69396982e-03+1.20349245e-02j  9.76355873e-03+1.28279409e-02j
  -5.54645178e-03+4.03943564e-04j -2.03396756e-02-4.10278283e-02j
  -6.14923971e-02-9.40883489e-02j -1.15521835e-01-8.58592276e-02j
   4.65775791e-02-1.72011737e-02j  2.76083383e-01+3.01568065e-01j]]

********* Summary *****************
Final fidelity error 0.3330860823166347
Final objective value 0.39763112454267974
Final penalized error 0.06454504708077642
Final gradient 0.04436828644126355
Number of iterations 2486
Terminated due to function converged
Completed in 0:03:47.655424 HH:MM:SS.US
Computational time 227.65542425
total tv norm 104.20240435617855
total l2 norm 64.54504708077641
