Final evolution
[[-3.56095757e-03-9.47389249e-04j -5.73511214e-05+1.69663358e-04j
  -4.11049423e-04-5.49625627e-04j -9.93218801e-01+1.13267651e-01j
   4.79511797e-03+2.82472714e-03j -7.45983125e-05+1.95860727e-04j
   8.52967358e-04+5.52833175e-04j  2.50475407e-02-1.80649712e-03j
  -2.90590434e-04+7.39241460e-05j  4.41767591e-04-1.75159554e-04j
  -3.21879485e-04-1.53590198e-04j  1.59106801e-03-3.83199543e-04j
  -4.66706694e-07-1.01754286e-06j -3.81021249e-04-2.72433770e-04j
  -2.33977790e-05-9.65583111e-05j  2.52102540e-03-6.10231996e-04j]
 [-5.95062693e-04-5.92782498e-04j  1.27993737e-03-3.89050895e-04j
  -9.93319231e-01+1.12436772e-01j  8.70264992e-05-5.68043774e-04j
   5.13483942e-05-6.37370714e-05j  2.79399500e-03+4.77016812e-03j
   2.34406614e-02-1.65788462e-03j -8.49460918e-03+2.63760778e-03j
   4.68160144e-04-2.02029346e-04j  5.47480527e-04-1.48939553e-04j
   1.46983571e-03-3.54596079e-04j -5.76483425e-05+4.99025181e-04j
  -3.99566840e-04-2.93935053e-04j  9.53932120e-06+8.24877604e-06j
   2.54303708e-03-5.67650578e-04j  2.28546891e-06+2.58572213e-05j]
 [-2.46904260e-02+3.00973219e-03j -9.92950000e-01+1.12889525e-01j
  -1.23119825e-03-3.63275594e-04j  1.83325480e-04+9.60819900e-05j
   1.25622449e-03+5.40890140e-04j  2.53047378e-02-1.68036242e-03j
   2.17169740e-03-5.11011750e-03j  3.24494941e-04-8.22731478e-05j
   1.84079818e-04+9.36868978e-05j  1.07411549e-03+3.46866829e-04j
  -6.94119014e-05-3.58125004e-04j -1.15357345e-03+7.08453054e-05j
   5.94011311e-05-3.30484822e-05j  2.56155404e-03-5.74312760e-04j
  -8.71323436e-06+1.03342840e-05j -3.43008661e-04+3.47541173e-04j]
 [-9.93025598e-01+1.12269436e-01j  2.45321665e-02-2.53692808e-03j
   4.25642231e-04-6.25000206e-04j  3.45575990e-03-1.89794713e-03j
   2.31335899e-02-1.72840872e-03j -9.29081956e-03+2.63032004e-03j
  -2.21178782e-04+9.90654461e-05j  4.22357839e-03-3.41782844e-03j
   1.20833083e-03+3.04090663e-04j  8.64729527e-05-3.75779355e-04j
  -1.12613064e-03+9.26362122e-05j  1.44322000e-04+5.03484611e-04j
   2.55395869e-03-6.14215463e-04j -7.33662406e-05+1.07017602e-04j
  -3.27598315e-04+3.34381353e-04j -3.00965241e-06-1.81437046e-07j]
 [-5.08084655e-03-2.37813116e-03j -2.36253916e-04+7.52660434e-05j
   8.85851946e-03+6.90484275e-04j -2.48348599e-02+3.78396664e-03j
  -5.19357863e-03+1.99001964e-03j -6.00870798e-04+6.39434768e-04j
  -3.25924096e-04-4.83992524e-04j -9.93749301e-01+1.08027858e-01j
  -1.44029350e-05+1.81350974e-05j  4.04532741e-04+2.27423842e-04j
  -2.18104875e-05-2.06412087e-05j -3.40244824e-03+2.55230231e-03j
  -3.04169722e-04+7.95863726e-05j  3.29924650e-04-2.65516308e-05j
  -1.73021778e-04-8.43502622e-05j  2.14057377e-04-3.07500513e-04j]
 [ 1.58566804e-04-1.12832872e-04j -3.25890673e-03-4.48246655e-03j
  -2.32382088e-02+3.54484211e-03j -7.08240237e-04+6.97581699e-04j
  -1.27619673e-04-1.01599077e-03j -1.48721555e-03+1.56312259e-03j
  -9.93779810e-01+1.08593091e-01j  3.68091381e-05-4.83125427e-04j
   4.19832710e-04+2.31473643e-04j  4.43649433e-06+1.96067268e-05j
  -3.41773799e-03+2.52185960e-03j -4.51124794e-06+8.33207505e-05j
   3.63133761e-04-5.03906696e-05j  5.34852305e-04-1.58910458e-04j
   7.57519402e-05-2.66779756e-04j -1.24672135e-04+3.96244112e-04j]
 [ 8.44438072e-03+7.32380396e-04j -2.52963240e-02+3.92090630e-03j
  -1.68636449e-03+5.28064323e-03j  4.93905344e-06+2.93128690e-04j
  -2.46485193e-02+2.85421433e-03j -9.93488514e-01+1.07616976e-01j
   1.88242178e-03+9.27817543e-04j  8.14375016e-04+5.81310007e-04j
  -1.31406361e-04-3.69572253e-05j -3.44802266e-03+2.52957748e-03j
   2.51556889e-05-5.54098154e-06j  2.92874760e-04-3.89355894e-04j
   2.73460245e-04+1.75831520e-04j -3.21882300e-04+4.09494141e-04j
  -6.30810989e-05-3.45970773e-04j -1.01694072e-03+2.05140542e-04j]
 [-2.31827658e-02+3.42864777e-03j  9.61566705e-05+6.29604004e-04j
  -7.16219258e-05-2.37055785e-04j -3.83644261e-03+3.77465059e-03j
  -9.93466934e-01+1.08555714e-01j  2.45016007e-02-2.46724376e-03j
  -1.41641950e-04-1.04215811e-03j  5.68261078e-03+6.35170130e-04j
  -3.41986597e-03+2.57209834e-03j  8.30867579e-05-4.14773173e-05j
   2.76171828e-04-3.69652102e-04j  2.63795253e-05-1.36979836e-05j
  -1.74326857e-04+3.85608644e-04j  1.36736652e-05-4.85293461e-04j
  -9.91230654e-04+2.20132028e-04j  1.47708912e-04+5.10456497e-04j]
 [ 1.38639964e-05+5.49006937e-04j  1.13008166e-03-2.03932584e-04j
   1.30430033e-04+4.55832846e-04j -1.53403841e-03+1.52785845e-05j
   6.09032682e-06-1.19184754e-05j -3.88680346e-04-3.13285708e-04j
   1.61038760e-05+8.24855353e-05j  3.91194502e-03+1.76120916e-03j
  -4.18992513e-03-4.00587715e-04j -2.07240031e-04+8.01376746e-04j
   2.71827755e-04-3.84772850e-04j -9.94010589e-01+1.08945795e-01j
   4.72377143e-03+2.76874087e-03j -1.05005891e-04+1.11559468e-04j
   4.58678511e-04+6.40271117e-04j  1.11872303e-03-6.35245616e-04j]
 [ 1.10948523e-03-1.72821873e-04j -2.35755996e-05-3.24455856e-04j
  -1.41883210e-03+1.22683213e-05j  2.54867209e-04-2.18195375e-04j
  -3.77425485e-04-2.85840137e-04j  5.64392183e-06+1.32745245e-05j
   3.92041401e-03+1.73308301e-03j -7.98525269e-06-8.38130972e-06j
  -8.19593946e-04-5.18364792e-06j  1.71335629e-03-1.14396894e-03j
  -9.94054103e-01+1.08279942e-01j -3.58909162e-04-3.21197399e-04j
  -1.54641413e-05-1.43490835e-04j  2.85428975e-03+4.75410570e-03j
  -4.43430856e-04-5.33264081e-04j -8.13004297e-03+2.70340341e-03j]
 [-2.52271779e-04-3.35674699e-04j -8.63483224e-04+6.23518625e-04j
  -5.55262557e-04-5.91667664e-05j -4.65530107e-04-6.34732613e-05j
   1.10304910e-04+8.04041309e-05j  3.93541998e-03+1.71216453e-03j
   6.91845494e-06+2.30400934e-05j -3.38040249e-04+3.06038064e-04j
  -2.52877135e-02+2.87619025e-03j -9.93704235e-01+1.08834491e-01j
  -1.89840322e-03-7.57493071e-04j  4.74862673e-04+7.05110137e-04j
   2.91203844e-04+6.65196530e-04j  1.44558951e-03-5.06051082e-04j
   2.11710311e-03-5.13819063e-03j  2.33654715e-04-6.78035752e-05j]
 [-1.01965690e-03+6.08432018e-04j -1.36656717e-04+1.04045607e-04j
  -4.95797961e-04-8.77153526e-05j  3.57972875e-04-1.11388814e-05j
   3.91486077e-03+1.75166780e-03j -7.85602657e-05-1.38983779e-04j
  -3.61545171e-04+3.19269836e-04j -2.01121317e-05-1.66265305e-05j
  -9.93744059e-01+1.08068966e-01j  2.52971659e-02-2.65011640e-03j
   7.96233187e-04-8.77436157e-05j  3.99627068e-03-1.31358757e-03j
  -7.86995745e-04-6.15783689e-04j -8.32081820e-03+2.70017219e-03j
  -3.24924023e-04+8.59022037e-05j  4.28763620e-03-3.46997865e-03j]
 [-3.78600038e-05+1.56566192e-05j  4.35148233e-04+2.68427509e-04j
   2.45569482e-05+2.75106268e-05j -2.60094973e-03-3.05044345e-05j
   2.00383221e-05+5.61418181e-04j  1.02802151e-03-4.17609042e-05j
   1.71033972e-04+3.40651330e-04j -2.05919902e-04-2.48898527e-04j
  -4.93736538e-03-2.45674750e-03j -1.27369110e-04+6.02114976e-05j
   8.53458593e-03+8.56181442e-04j -1.22061087e-03-3.33758295e-04j
  -5.82487984e-03+2.57749332e-03j -7.15205060e-04+1.24496361e-03j
   4.49685310e-04-4.35310854e-04j -9.93509115e-01+1.13059067e-01j]
 [ 4.18349966e-04+2.49400579e-04j -3.07913350e-06-1.10377902e-05j
  -2.61152182e-03+9.85179838e-06j  4.34817098e-06-1.10544541e-04j
   1.00430010e-03-2.00506547e-05j -2.73064976e-05-3.12634813e-04j
  -7.50552232e-05-2.37365461e-04j  1.19004728e-04-1.16960835e-04j
   2.66258651e-04-1.11865026e-04j -3.21063342e-03-4.53973303e-03j
   3.21577532e-04-6.19292608e-04j -3.11869031e-04+7.29159756e-04j
  -3.12802423e-04-4.82325439e-04j -1.04519746e-03+8.11793732e-04j
  -9.93489376e-01+1.13736563e-01j -5.32750709e-04-3.23950285e-04j]
 [-3.11495769e-05+6.16689937e-05j -2.61825834e-03+1.63999453e-05j
  -6.71160277e-06+8.11401424e-06j  2.97930314e-04-3.49732327e-04j
  -1.38648729e-04-4.74447222e-04j  4.70686902e-04+3.54646732e-04j
  -5.37379480e-04-6.85044935e-05j -3.27670100e-04+5.71922529e-05j
   8.68126104e-03+7.94150816e-04j -1.74196155e-03-1.79539660e-04j
  -1.75876092e-03+5.24723831e-03j -1.58544824e-05+1.89462350e-04j
  -2.51254304e-02+2.83969089e-03j -9.93221206e-01+1.12916926e-01j
   1.20880798e-03+5.34917417e-04j  1.08565235e-03+1.15525227e-03j]
 [-2.61430635e-03-1.82753301e-05j  6.14249324e-05-1.96889236e-05j
   3.16916149e-04-3.75840952e-04j  2.11827406e-05+1.58602214e-05j
   3.12463061e-04+3.55889616e-04j -2.79254307e-04+2.14280382e-04j
  -3.59731764e-04+3.95520294e-05j  3.60072919e-04-7.48804487e-06j
   4.19284994e-04-7.37101053e-04j -1.03243185e-04+7.41652251e-04j
  -2.86707831e-05-2.96734941e-04j -3.98861567e-03+3.74958838e-03j
  -9.93158229e-01+1.13654225e-01j  2.51286470e-02-2.90539350e-03j
   1.61476906e-04-5.52026700e-04j  6.23194815e-03+1.16783831e-03j]]

********* Summary *****************
Final fidelity error 0.0013072322958223026
Final objective value 0.0013073933918865597
Final penalized error 1.6109599076028237e-07
Final gradient 0.0023208688684574082
Number of iterations 608
Terminated due to function converged
Completed in 0:01:01.466650 HH:MM:SS.US
Computational time 61.46665025000001
total tv norm 18.664615018226268
total l2 norm 1.6109599076028234e-06
