Final evolution
[[-0.00119128+2.26022769e-04j -0.02177892-9.99742428e-01j
  -0.00050855+2.40964828e-04j -0.00074762+6.19759303e-03j]
 [-0.02192119-9.99739245e-01j -0.00120607-1.72620952e-04j
  -0.00100952-6.17360795e-03j -0.00046628+2.63305883e-04j]
 [-0.00047591-2.40181258e-04j -0.0010204 -6.15737483e-03j
  -0.00138073+2.24553841e-04j -0.02226753-9.99731445e-01j]
 [-0.0007355 +6.21356121e-03j -0.00052011-2.15921705e-04j
  -0.02240792-9.99728203e-01j -0.00138326-1.62077398e-04j]]

********* Summary *****************
Final fidelity error 2.0565117884507877e-05
Final objective value 2.0650156106351685e-05
Final penalized error 8.503821462735872e-08
Final gradient 0.00021941713020716405
Number of iterations 376
Terminated due to function converged
Completed in 0:01:00.421550 HH:MM:SS.US
Computational time 60.421549999999996
total tv norm 46.54709058776462
total l2 norm 8.503821462735872e-08
