Final evolution
[[ 4.77155568e-02+3.05666728e-03j  2.36168608e-02+3.86485082e-02j
   2.08231372e-02-9.76512075e-02j  4.98063136e-01-4.40071439e-01j
  -4.93476705e-02-1.17816697e-02j -1.65422616e-02-4.59513808e-02j
  -2.73297743e-02+9.72486014e-02j -6.09725165e-01+3.59008284e-01j
   2.95660920e-03+2.03731751e-03j -1.81527282e-04+3.55652743e-03j
   3.31039827e-03-5.66123174e-03j  5.01673120e-02-7.17183943e-03j
   1.10915564e-02+2.25675260e-03j  4.16801361e-03+9.91363944e-03j
   7.00346998e-03-2.23415267e-02j  1.31625639e-01-8.59892121e-02j]
 [-2.33477128e-02-3.93895569e-02j  1.05068880e-02+4.55485741e-02j
  -5.13670350e-01+4.39167537e-01j  1.00436836e-01-5.18779730e-03j
   3.29468016e-02+3.36913470e-02j -1.97949054e-02-4.32843902e-02j
   4.17213170e-01-5.57618700e-01j -9.98564867e-02+1.38930760e-02j
  -2.60931926e-03-2.15696993e-03j  1.59456518e-03+2.90039108e-03j
  -2.61440014e-02+4.21136945e-02j  6.51874805e-03-5.32919607e-04j
  -5.72139501e-03-9.27457354e-03j  2.53371826e-03+1.07885557e-02j
  -1.21165657e-01+1.05913373e-01j  2.36645102e-02-3.15908847e-04j]
 [ 2.69580695e-01+6.14694987e-01j -5.45043718e-03+3.42081635e-02j
  -4.18712763e-02+2.60219671e-02j -4.00000883e-02-1.68155743e-02j
  -1.59480246e-01-6.95398528e-01j  2.65650325e-02-3.40650813e-02j
   4.85825127e-02-1.96255150e-02j  3.85286295e-02+2.65713972e-02j
  -8.19193572e-03+5.02738447e-02j -3.81252093e-03+1.47429045e-03j
  -3.71692414e-03+5.07764594e-05j -1.83812130e-03-2.88164548e-03j
   4.23171010e-02+1.52998333e-01j -3.60878799e-03+7.53195784e-03j
  -1.06681341e-02+4.74493246e-03j -8.78408952e-03-5.38049881e-03j]
 [ 1.14176470e-02-3.45077376e-02j -5.53492816e-01+3.98923452e-01j
   3.72400901e-02+2.04789003e-02j -3.48299887e-02-3.58726144e-02j
   9.41794589e-03+4.14113007e-02j  4.67902884e-01-5.23841406e-01j
  -4.21652866e-02-1.12803094e-02j  4.22035972e-02+2.86868191e-02j
  -1.77835751e-03-3.64148774e-03j -2.99860125e-02+3.98019208e-02j
   3.09738438e-03+4.74990216e-04j -3.08269428e-03-1.77957300e-03j
   1.59644399e-03-8.82068910e-03j -1.30844396e-01+9.62129107e-02j
   8.94436663e-03+4.70540613e-03j -8.30115932e-03-8.47629508e-03j]
 [-3.17647669e-02+3.87877604e-02j -4.79302249e-02-9.85538873e-04j
   5.61297025e-02+8.77078173e-02j  9.13832864e-02+7.00765199e-01j
  -3.59523682e-02+3.12967283e-02j -4.39544331e-02-1.00284430e-02j
   4.95129110e-02+8.73289062e-02j -3.76435445e-02+6.62923542e-01j
   9.50676471e-03-6.31147984e-03j  1.01998449e-02+3.61622960e-03j
  -8.04446386e-03-2.25808720e-02j  2.85104471e-02-1.56989640e-01j
  -1.14776395e-03+3.81163499e-03j -3.63846311e-03+1.49737619e-03j
   5.80551759e-03+4.85631646e-03j  2.88820520e-02+4.95156127e-02j]
 [ 3.67658121e-02+3.04572652e-02j -2.83880294e-02-3.92968063e-02j
   3.31426950e-01-6.12247781e-01j -8.42595089e-02+5.97638735e-02j
   4.13515869e-02+1.99680858e-02j -3.46372486e-02-3.16510260e-02j
   1.79970933e-01-6.51552749e-01j -7.67010697e-02+6.57538754e-02j
  -8.09025579e-03-7.29439774e-03j  5.91749472e-03+9.42354686e-03j
  -8.32019007e-02+1.36585151e-01j  2.12465703e-02-1.10955358e-02j
   2.38584506e-03+2.12725098e-03j -1.90779522e-03-2.58814422e-03j
   2.26291561e-02-4.00672088e-02j -4.95287558e-03+4.79479077e-03j]
 [-7.00418668e-01-1.32064829e-01j -4.49323909e-02-1.56064708e-02j
   3.23338720e-03-5.15611485e-02j  3.77988998e-02-2.62691385e-02j
  -6.25467431e-01-2.41886439e-01j -2.58326077e-02-2.45197830e-02j
   1.13622256e-02-4.77919177e-02j  3.97738269e-02-1.68795744e-02j
   1.41874041e-01+7.62970904e-02j  6.62502860e-03+6.41770884e-03j
  -4.17186215e-03+1.09936188e-02j -9.95653310e-03+2.92660992e-03j
  -5.63369589e-02+1.20271998e-02j -4.97932600e-03+2.16848375e-04j
  -1.34294490e-03-3.88315885e-03j  1.98772913e-03-3.22528537e-03j]
 [-1.77635092e-02+4.18400309e-02j  3.80933835e-01-5.90052453e-01j
  -4.39179137e-02-7.11205612e-03j  4.75558671e-02+2.03101707e-02j
   3.87558637e-03+3.68390230e-02j  2.34324005e-01-6.40946720e-01j
  -4.25273688e-02+3.50970198e-03j  4.91680950e-02+9.81756286e-03j
   2.68108919e-03-8.74213405e-03j -9.46815321e-02+1.30778501e-01j
   9.92650831e-03+2.03310458e-03j -1.06077363e-02-5.35284739e-03j
  -2.31068381e-03+3.10264349e-03j  2.56564279e-02-3.86221751e-02j
  -2.93098197e-03-5.87265911e-04j  3.15699914e-03+1.32061036e-03j]
 [-7.89809825e-03-3.83741468e-04j -3.83608300e-03-6.58180100e-03j
  -1.19003374e-03+1.56784173e-02j -8.32019122e-02+7.23492126e-02j
  -8.64272268e-03+1.96830021e-03j -6.20703352e-03-5.64365680e-03j
   1.64519288e-03+1.84845751e-02j -6.54861706e-02+1.04209125e-01j
  -6.75796393e-02-2.79438458e-03j -3.39808610e-02-5.46636999e-02j
  -1.94814269e-02+1.37861419e-01j -6.96091483e-01+6.31929873e-01j
   1.44808520e-02+8.69000983e-03j  3.18150871e-04+1.71359139e-02j
   1.27149727e-02-2.50237192e-02j  2.36800451e-01-4.91020859e-02j]
 [ 6.28312795e-03+4.03998016e-03j -4.56107796e-03-5.97820774e-03j
   4.48408383e-02-1.00743939e-01j -1.48264861e-02+5.44043681e-03j
   6.53388414e-03+5.63995135e-03j -4.57648752e-03-7.50814143e-03j
   6.56271090e-02-1.09122822e-01j -1.75860856e-02+6.67991759e-03j
   4.29433486e-02+4.79258652e-02j -2.58932247e-02-6.01376418e-02j
   5.94463954e-01-7.42109646e-01j -1.37795764e-01+2.55800607e-02j
  -1.23368951e-02-4.89347132e-03j  9.04315891e-03+9.03210889e-03j
  -4.93725078e-02+1.87510309e-01j  2.44405823e-02-6.24699516e-03j]
 [-4.42554816e-02-1.01978874e-01j  3.32586989e-03-5.95447448e-03j
   6.87834810e-03-4.40405405e-03j  6.66026310e-03+2.98939219e-03j
  -8.00609061e-02-9.50972632e-02j -5.87522908e-04-6.29541304e-03j
   6.07492330e-03-6.82827777e-03j  7.98354519e-03+9.12540275e-04j
  -3.94278205e-01-8.63296373e-01j  1.50328947e-02-4.84663755e-02j
   5.84494139e-02-3.81152569e-02j  5.69915035e-02+2.35287498e-02j
  -2.41385713e-02+2.41247707e-01j -1.92911542e-02+1.09031338e-02j
  -1.74566219e-02+1.35337434e-03j -9.80602554e-03-1.32438910e-02j]
 [ 3.07351645e-03+6.22274375e-03j  5.38593130e-02-9.72620716e-02j
  -6.91444916e-03-2.48651172e-04j  7.50592661e-03+2.94805600e-03j
   2.20008431e-04+6.97158876e-03j  7.51611266e-02-1.04258831e-01j
  -7.88249791e-03-1.42529722e-03j  8.34681385e-03+4.33955263e-03j
   8.71639012e-04+5.27696173e-02j  6.61031887e-01-6.95672833e-01j
  -5.68932451e-02-1.79969869e-02j  5.70608755e-02+4.07213908e-02j
  -1.40556711e-02-1.19055311e-02j -6.68645392e-02+1.82819941e-01j
   1.21071854e-02-1.99371274e-03j -1.33821041e-02-3.26949788e-03j]
 [-5.91483121e-03+6.81534343e-03j -8.52136567e-03-6.95482126e-04j
   1.13835425e-02+1.51212557e-02j  1.06239101e-02+1.25441517e-01j
   2.05494166e-03-7.76608266e-03j  7.07409112e-03-3.06186672e-03j
  -1.38129790e-02-9.08002222e-03j -6.00412304e-02-9.63009429e-02j
   1.65160483e-03-1.63865283e-02j  1.37323190e-02-9.29225470e-03j
  -2.51668380e-02-1.62428528e-02j -1.59133321e-01-1.79818454e-01j
   3.82670833e-02-5.52270161e-02j  6.36357855e-02-2.54620471e-03j
  -9.28137287e-02-1.06817120e-01j -1.86912803e-01-9.20722673e-01j]
 [ 8.04776175e-03+2.89897487e-03j -7.05714999e-03-5.17737370e-03j
   2.05173910e-02-1.24238591e-01j -1.28288739e-02+1.39154833e-02j
  -7.12811995e-03-2.19331341e-03j  6.47028294e-03+3.94889480e-03j
  -1.09556166e-02+1.08168317e-01j  8.41965060e-03-1.38747836e-02j
  -9.20937810e-03-1.01705631e-02j  6.96092870e-03+1.14651500e-02j
  -1.12830247e-01+1.58337480e-01j  1.94688793e-02-1.86946241e-02j
  -6.03199087e-02-2.36936792e-02j  5.26752768e-02+3.99643329e-02j
  -1.76932790e-01+9.34084565e-01j  9.39683868e-02-1.06394810e-01j]
 [-1.23826413e-01-2.87489193e-02j -5.74261152e-03-3.88404405e-03j
   8.67758445e-04-9.25988090e-03j  7.01076923e-03-4.24463674e-03j
   1.11099808e-01-2.73434671e-02j  7.83164834e-03-6.99014985e-04j
   2.95583334e-03+7.73403501e-03j -3.77081463e-03+6.37114854e-03j
   2.21295301e-01-9.49973683e-02j  2.29559019e-02-5.75733027e-03j
   8.54646935e-03+1.47120336e-02j -5.44720306e-03+1.50356331e-02j
   9.42437071e-01+1.07610064e-01j  5.07895601e-02+1.97827534e-02j
   1.12032046e-03+6.92208717e-02j -4.79942876e-02+3.77701020e-02j]
 [ 1.20675273e-03+6.76072737e-03j  3.07556327e-02-1.23371283e-01j
  -7.81280402e-03+1.47202748e-03j  9.31321700e-03+8.37635222e-04j
   2.65714867e-04-7.16241401e-03j -1.93821285e-02+1.07963804e-01j
   6.76432594e-03-1.60218845e-03j -8.08350308e-03-5.25011151e-05j
   1.28087603e-02-1.50282122e-02j -1.24255288e-01+1.50664257e-01j
   1.22714866e-02+3.83740795e-03j -1.26088681e-02-6.69332065e-03j
  -2.91624216e-03-5.51352210e-02j -2.52769919e-01+9.25732411e-01j
   5.95455034e-02-9.45263241e-03j -7.01999483e-02-7.49913870e-03j]]

********* Summary *****************
Final fidelity error 0.2934666389154791
Final objective value 0.6487016805366266
Final penalized error 0.3552350592197314
Final gradient 0.09537378534015278
Number of iterations 1780
Terminated due to function converged
Completed in 0:02:30.163039 HH:MM:SS.US
Computational time 150.163038917
total tv norm 203.10314308581397
total l2 norm 355.2350592197314
