Final evolution
[[ 2.80267838e-01-4.63592040e-02j  1.81235418e-01-1.17007162e-01j
   1.83695820e-02-4.28966643e-03j  1.95116594e-01-5.82359737e-02j
   2.86561732e-02+2.94052527e-03j  2.13036511e-02-1.05734195e-02j
   5.88326333e-04+1.16549315e-04j  2.21267927e-02-3.04951460e-03j
   1.49650803e-03-6.50796032e-03j -2.49637547e-03-4.43208830e-03j
   2.13936199e-03-4.45866397e-03j -9.51417518e-04-5.55359447e-03j
  -6.25348326e-01+6.87012849e-02j -4.14226987e-01+2.36945558e-01j
  -4.66966578e-02+6.12580712e-03j -4.38240600e-01+1.05565831e-01j]
 [ 1.96188370e-03-2.09287984e-02j  4.26266551e-02+1.51309718e-02j
  -3.33486404e-01-2.30978413e-01j  1.03021252e-02+2.37912852e-02j
  -5.47535468e-02+1.45153327e-02j -3.08525383e-02+3.18264821e-02j
  -3.46282847e-02-3.12581061e-02j -3.83963954e-02+1.90169610e-02j
   1.83161824e-03-3.14923432e-03j  1.56427066e-03-2.49022195e-03j
  -8.04773680e-03+6.42884705e-03j  9.80160072e-04-2.99556251e-03j
   8.03315796e-04+5.11043927e-02j -8.54070308e-02-3.71825693e-02j
   7.10960022e-01+5.50845795e-01j -1.39016520e-02-5.07401945e-02j]
 [ 1.96470428e-01+1.59575319e-01j -2.96690779e-01-1.17154003e-01j
  -4.15419025e-02-1.43119096e-02j -2.89027256e-02+2.17680446e-02j
   2.17997747e-02+2.21252958e-02j -2.58197929e-02-2.17966474e-02j
  -2.72849132e-03-2.52470137e-03j -7.95370798e-03+3.42060419e-03j
   4.71016198e-03-4.47217543e-03j -7.05261662e-03+6.29777215e-03j
  -6.05080433e-04-1.25986540e-04j  3.57404286e-03+7.60981089e-04j
  -4.13230881e-01-3.75451134e-01j  6.43599802e-01+2.95231494e-01j
   8.98792682e-02+3.67913612e-02j  6.21712783e-02-4.69191455e-02j]
 [ 9.95928606e-02+1.23059050e-01j  8.68942934e-02+9.82184107e-02j
  -2.27784717e-02+6.68383053e-03j -2.16745110e-01-2.79253278e-01j
  -3.83389286e-02-1.38493528e-02j  7.58774916e-02+2.89877586e-02j
   6.91565426e-03+1.42012800e-03j -1.09540617e-02-4.01940220e-02j
   5.56791089e-03-8.66555527e-04j  5.67897590e-04-2.81380998e-03j
  -1.76029416e-03+5.31411982e-04j -8.67350352e-03+2.97267725e-03j
  -2.04983344e-01-2.75347121e-01j -1.84613331e-01-2.36967100e-01j
   5.04606799e-02-1.32076960e-02j  4.45104817e-01+6.42755767e-01j]
 [ 6.71281188e-02-1.02645016e-02j  3.84360561e-02-2.70753292e-02j
   4.14160666e-02+1.66393893e-03j  4.43248601e-02-1.54559261e-02j
  -5.02674457e-01+4.65395888e-01j -2.08898226e-01+4.75368047e-01j
  -3.54303261e-02+3.73232218e-02j -3.14886549e-01+3.76198508e-01j
   2.93005474e-04-1.43241108e-03j -1.61577534e-04-6.75878817e-04j
  -1.30743939e-03-3.45279507e-03j -7.50282399e-05-8.42410245e-04j
   4.98307112e-03+1.79874137e-02j  2.27033608e-02+1.09446606e-02j
  -7.29159923e-02-1.49870618e-02j  1.29125250e-02+1.82311354e-02j]
 [ 1.15198672e-03-6.54236372e-03j  9.97560714e-03+1.69609387e-03j
  -7.94338481e-02-5.37098399e-02j  3.91412573e-03+4.20956059e-03j
   3.16451735e-02+4.28840995e-02j -1.01947123e-01+2.27567121e-02j
   9.85651419e-01+2.13290788e-02j -4.75392035e-02-3.64446358e-02j
  -1.07980868e-03-1.87475245e-03j -9.98319488e-04-9.72274684e-04j
  -1.92455570e-03+1.38850844e-03j -1.05180032e-03-1.36418309e-03j
   1.72280571e-03-4.25793291e-04j -2.25665832e-03+2.57777037e-03j
   1.34014178e-02-3.33341087e-02j -1.28204997e-03+2.46491796e-04j]
 [ 3.28891733e-02+3.23492444e-02j -8.18556116e-02-3.01497063e-02j
  -8.38807677e-03-4.58869557e-03j  2.27801422e-02+1.62391833e-02j
  -6.04879088e-01-6.12789684e-02j  7.53676652e-01-1.59194204e-01j
   1.02558544e-01-2.59473753e-02j  2.46811003e-02-7.96089364e-02j
   1.19908065e-03+2.73359146e-04j -9.19105825e-04+2.52429049e-03j
  -2.20195138e-04-6.28934032e-05j  7.59303552e-05-2.40419180e-03j
   1.73122220e-02+3.77309157e-02j  3.06692245e-02-1.50940649e-02j
  -2.08729903e-03+3.65767717e-04j -6.27646763e-02-3.73472436e-02j]
 [ 2.59616449e-02+2.81569698e-02j  1.86335263e-02+2.51413822e-02j
  -5.36062741e-03+1.12284634e-03j -5.17953087e-02-6.50634695e-02j
  -3.60887732e-01-1.12019453e-01j -3.16098049e-01-8.50942037e-02j
   3.60527048e-02-4.41538150e-02j  8.12306465e-01+2.76123944e-01j
   1.28157830e-03-1.91997310e-03j  7.70347223e-04+1.46180597e-03j
  -3.16107272e-04+5.56358465e-04j -1.80009388e-03+7.69788298e-04j
  -7.55078433e-03+7.14550386e-03j -4.55375753e-03+1.55086051e-02j
   4.04478508e-04-1.44776717e-03j  2.04457884e-02-2.28705486e-02j]
 [-9.60920285e-03+1.62114576e-02j -3.01659467e-03+1.44366068e-02j
   3.80088338e-03-4.96649272e-03j -5.14492136e-03+1.07996343e-02j
  -1.46363428e-03+1.28290539e-03j -5.18904436e-04+1.04017364e-03j
  -9.32266517e-04+2.08667842e-03j -7.25132871e-04+9.10218938e-04j
  -6.75616855e-01+1.43825207e-01j -4.26437110e-01+3.04429558e-01j
  -4.91668653e-02+1.19031297e-02j -4.67038010e-01+1.63510575e-01j
  -7.58187457e-03-7.24425605e-04j -5.97158578e-03+2.44719810e-03j
   2.30368587e-03+2.81240635e-03j -5.58755159e-03+4.93001594e-04j]
 [ 5.36159704e-02-2.14003654e-02j  2.52971812e-02-2.89296203e-02j
   2.87074938e-02-8.15913612e-03j  3.45691777e-02-2.47501148e-02j
   1.90882930e-03-3.40591619e-03j  7.70035856e-06-2.80099297e-03j
   2.48715595e-03-3.29938519e-04j  8.28561191e-04-2.65932256e-03j
   5.91728796e-03+5.34293181e-02j -9.89019978e-02-3.26567201e-02j
   8.36732153e-01+5.23043640e-01j -2.16485778e-02-5.56847244e-02j
   2.38497127e-02-5.22818957e-03j  1.39433839e-02-1.23579411e-02j
   9.78063923e-03+8.14964719e-03j  1.72126732e-02-7.13088146e-03j]
 [-1.53400362e-02+4.27277881e-03j  1.73275142e-02-1.00714348e-02j
   3.75030529e-03-2.14047645e-03j  7.43802036e-04-3.43663790e-03j
  -1.05424257e-03-8.00422951e-04j  2.48164669e-03-1.03978945e-03j
   3.53287997e-04+3.05830512e-05j -1.19221033e-03+1.25853856e-03j
  -4.93208592e-01-3.64547276e-01j  7.35429346e-01+2.51700034e-01j
   1.02305263e-01+3.03394004e-02j  6.35175794e-02-5.79956085e-02j
  -6.01787852e-03-6.86745793e-03j  6.38009372e-03+4.68027895e-03j
   1.05627625e-03+8.10037612e-04j  2.68266853e-03+1.78293478e-03j]
 [ 3.36007359e-02+1.96366346e-02j -6.65480770e-02-7.83523003e-03j
  -9.66760489e-03-5.02634799e-03j  1.95254948e-02+5.68401155e-03j
   2.24074552e-03-1.02363171e-03j -4.44295468e-03+2.26511619e-03j
  -4.95675967e-04+2.48537149e-04j  2.17500495e-03+8.61899251e-04j
  -2.52757006e-01-2.80908303e-01j -2.28779441e-01-2.35404919e-01j
   5.35841666e-02-1.98562783e-02j  5.57390642e-01+6.53780245e-01j
   1.66498758e-02+8.65820505e-03j -2.96331230e-02-1.09815130e-02j
  -3.04444044e-03-1.33493695e-03j  2.21938315e-03+1.13983307e-02j]
 [ 4.13523772e-01-4.66521079e-01j  1.46559405e-01-4.49950984e-01j
   2.93299764e-02-3.41993333e-02j  2.51655488e-01-3.68897523e-01j
  -3.04588299e-04-6.54015284e-02j -1.82204941e-02-4.47404112e-02j
  -3.52689621e-03-4.78565894e-03j -5.33404150e-03-4.48972608e-02j
  -2.01201417e-02-2.63919722e-04j -1.86137734e-03+7.06740986e-03j
  -9.01796846e-02-9.58355570e-03j -9.84391880e-03+7.82081734e-03j
   1.97609409e-01-2.03931985e-01j  7.53838793e-02-2.00985130e-01j
   1.62418778e-02-1.67629054e-02j  1.21403794e-01-1.62617540e-01j]
 [-3.32785925e-02-3.57600259e-02j  8.99915766e-02-2.93235558e-02j
  -8.95395118e-01+6.92480075e-02j  4.57915046e-02+2.91153544e-02j
  -8.08448638e-03-6.11481681e-04j  3.04852414e-03-8.69940324e-03j
  -6.40166190e-02+6.63141661e-02j  3.97249178e-03+1.36975376e-04j
  -3.43285302e-03-1.25163820e-03j -4.23602702e-03-5.42965954e-04j
   2.21152588e-02+1.42255663e-02j -6.58424349e-03-1.95852187e-03j
  -1.28188376e-02-1.75831602e-02j  4.25833728e-02-1.24938752e-02j
  -4.08029597e-01+1.33499915e-02j  2.13324546e-02+1.36500111e-02j]
 [ 5.54078475e-01+1.01516246e-04j -6.69389934e-01+2.11158387e-01j
  -9.02604189e-02+3.29668556e-02j -1.54660706e-02+7.71011400e-02j
   4.24689003e-02-3.58940528e-02j -3.54960156e-02+6.41129764e-02j
  -5.32537401e-03+9.56772757e-03j  1.89652637e-03+3.40709690e-03j
   1.76188698e-02+1.29140784e-03j  4.56148712e-02+1.70736971e-02j
  -1.63974238e-03+3.58229489e-03j -6.53944048e-02-3.04661998e-02j
   2.50168546e-01+1.13275563e-02j -3.09333486e-01+8.31814323e-02j
  -4.19310067e-02+1.29526114e-02j -5.78587354e-03+3.35904746e-02j]
 [ 3.36514474e-01+6.89205884e-02j  2.95044535e-01+4.86379652e-02j
  -2.85739026e-02+4.33238086e-02j -7.61095779e-01-1.77406266e-01j
   3.05715963e-02-2.00225263e-02j  2.63162664e-02-1.23503945e-02j
   2.03207594e-03+6.31772755e-03j -7.03442132e-02+3.89041895e-02j
  -7.74555406e-03-9.25565457e-03j -5.45302718e-03-6.56341078e-03j
   3.98041470e-04+2.79569830e-03j  1.38343809e-02+1.74860805e-02j
   1.53056889e-01+3.90753149e-02j  1.30517616e-01+2.76208814e-02j
  -1.42323976e-02+1.91664719e-02j -3.42410972e-01-9.58202003e-02j]]

********* Summary *****************
Final fidelity error 0.3177667952839771
Final objective value 0.42784900524734154
Final penalized error 0.11008221755204367
Final gradient 0.05660953394934422
Number of iterations 5000
Terminated due to Iteration or fidelity function call limit reached
Completed in 0:09:11.144151 HH:MM:SS.US
Computational time 551.144151417
total tv norm 145.42794287771653
total l2 norm 110.08221755204367
