Final evolution
[[ 5.58861638e-03-1.31458566e-03j  3.28519749e-04+5.62832966e-04j
  -5.08502650e-04-2.05311978e-04j  9.76403395e-01-2.14341322e-01j
  -7.26269943e-05-1.19708114e-03j -7.46259994e-04-1.47517695e-03j
  -9.82520040e-04-4.42874014e-04j -2.43073891e-02+5.59008501e-03j
   1.43564852e-03+4.37062332e-04j  3.97570193e-04+3.52400266e-04j
   1.14635557e-04-6.99394639e-04j -2.32576584e-04+1.19099915e-04j
  -2.66112215e-03-1.48507016e-03j  3.11883219e-04+2.96447193e-04j
   3.82776681e-04+1.52491097e-04j -4.49437395e-03+3.79210711e-04j]
 [ 4.75494654e-04-3.47224045e-04j -6.96384693e-04+5.26506097e-04j
   9.77243849e-01-2.10486973e-01j  3.34429530e-04-3.68489785e-04j
   6.36904068e-04-8.81131548e-04j  2.77132212e-04+4.02466891e-04j
  -2.45362500e-02+5.20122408e-03j -1.03612093e-03+6.07325803e-04j
  -8.55737025e-04-4.36420664e-04j -1.14380728e-03+4.00491675e-04j
  -2.05232948e-04-4.82201125e-04j -1.11594517e-03-2.72002944e-03j
   1.49637551e-04-3.30233715e-04j  7.50584501e-04+2.13021140e-03j
  -6.05383110e-03+1.64003927e-03j  6.36682488e-04-3.27877318e-04j]
 [ 2.39971396e-02-4.84379638e-03j  9.76596327e-01-2.12162453e-01j
   8.32877484e-04+1.99999473e-04j -2.24865565e-04+7.37525250e-04j
  -1.40707491e-03-1.01552751e-04j -2.45346600e-02+4.48132595e-03j
  -3.12929270e-04+1.24004668e-03j -8.88723121e-04+1.06824314e-03j
  -1.24485989e-03+4.70875710e-04j  2.39850657e-04+7.09867491e-04j
  -1.68671195e-04-1.04834096e-03j  2.65967479e-04+1.07208367e-03j
   4.88918841e-04-5.86810408e-04j -3.41690072e-03+9.45419565e-04j
  -2.21667401e-06-5.63237028e-04j  2.43905096e-04-5.05858238e-04j]
 [ 9.66953317e-01-2.07373964e-01j -2.31464166e-02+5.19305458e-03j
  -7.24786864e-04-2.26782340e-04j -6.42055570e-03+1.17379462e-03j
  -2.36088048e-02+6.00495587e-03j  3.24326117e-02-7.15171200e-03j
  -1.84288706e-04+1.65919135e-04j -5.43100675e-02+1.22036997e-02j
   1.58192440e-04-7.31108886e-04j  2.12885378e-04+1.93327741e-04j
  -6.25473955e-04+9.06397088e-04j  2.42378739e-04+2.18195251e-04j
  -6.02634726e-03+1.73853088e-03j -5.36904663e-02+1.13287327e-02j
   5.32873322e-04-5.08823809e-04j  1.13723665e-01-2.47076064e-02j]
 [ 5.49514145e-02-1.14542291e-02j -5.67555238e-05+9.22193324e-04j
   1.12981271e-03+1.19198697e-04j  2.40747631e-02-4.98417196e-03j
   3.55085352e-03-1.16277376e-03j  1.14249568e-03+9.30100845e-05j
  -1.30480440e-04+5.12419101e-04j  9.75377618e-01-2.11780872e-01j
  -8.84470101e-05+1.72803708e-04j  4.93303960e-04+3.94690166e-04j
  -7.16530566e-04+5.77612780e-04j  2.59780217e-04+5.07145570e-05j
  -4.40588229e-04-1.28676339e-04j -2.59525185e-03+1.28770367e-03j
  -1.61158339e-03+1.38534843e-04j  1.05516176e-03+8.28015371e-04j]
 [ 1.83341507e-04+9.48642800e-05j  8.05797147e-04+1.00945845e-03j
   2.45044620e-02-5.36196379e-03j  7.23709423e-04-8.08802097e-04j
   1.76691014e-04-9.16780940e-04j  1.18257579e-03-1.76706532e-04j
   9.77253936e-01-2.10533448e-01j  2.70207980e-04+4.50417824e-04j
   3.52648755e-04-3.90488426e-04j  3.33208311e-03-1.26681153e-05j
  -8.18357786e-04+1.55122588e-03j -1.87316143e-04+4.92133809e-04j
  -4.03487018e-04-1.82431120e-04j -4.77743698e-04+3.74824738e-04j
  -2.88798172e-04-4.42328632e-04j  3.58224935e-04+1.47482201e-04j]
 [-3.16275382e-02+6.76180187e-03j  2.49675207e-02-6.30866655e-03j
  -1.03956492e-04+4.86273189e-04j  2.51621137e-04-1.69715131e-03j
   2.38445757e-02-6.56049449e-03j  9.75930665e-01-2.12664169e-01j
  -1.16567480e-03+3.31520215e-04j  6.89374897e-04+2.43477979e-04j
  -8.51666777e-04+2.95192164e-04j  7.88984924e-04-1.14391648e-03j
   1.38941223e-04-4.63277742e-04j -2.93620915e-04+3.23670284e-04j
   9.24745019e-04-9.46224879e-04j  6.82648316e-04+3.16283463e-04j
  -8.24595259e-04-2.96812146e-04j  7.69678102e-04-6.67223258e-04j]
 [ 2.46164330e-02-4.51860682e-03j  4.34932355e-05-4.53270188e-04j
  -9.69478877e-04-5.84479595e-04j -7.05969205e-04-1.03756402e-03j
   9.76677178e-01-2.11801994e-01j -2.36312896e-02+3.79259831e-03j
  -4.92563397e-04-7.53716048e-04j -5.05899935e-03+6.85035069e-04j
  -4.77582299e-05-3.35022332e-04j  6.72014372e-04+8.58455938e-04j
   5.71024698e-05-2.72880258e-04j  1.12214638e-03-6.89053532e-04j
  -1.37695774e-03-4.60830296e-04j -8.59902055e-04-2.20810255e-03j
  -1.42269554e-05-1.12164281e-03j  5.88473161e-04-1.30156592e-04j]
 [-1.34834632e-04+2.20513169e-04j  2.22119603e-04+1.08257283e-03j
  -8.59031719e-05-2.92757347e-03j  2.53712619e-04+1.99377358e-05j
  -1.29482648e-03-1.72379072e-04j  4.31686275e-04+1.57738204e-04j
   3.77815168e-04+4.45515794e-04j -2.05717981e-04+1.44365268e-04j
   4.39089680e-03-5.59533586e-04j -1.15696016e-03-6.82020160e-04j
   6.95095586e-04+1.04730591e-06j  9.77473807e-01-2.10968491e-01j
   8.04323382e-04+8.37843583e-04j  2.12184219e-04-8.12914980e-04j
   7.40934442e-04+4.05598190e-04j -2.94732106e-04+5.13840106e-04j]
 [ 8.93152135e-04+5.63729273e-04j -3.12300784e-04-1.04099727e-03j
   1.86100310e-05-4.95047679e-04j -3.77006014e-04-5.88281502e-04j
  -1.91979635e-04-2.46342554e-04j -2.81890803e-04-3.06820966e-04j
   1.38980123e-03+1.08849674e-03j  8.53868068e-04+2.13757588e-04j
  -1.19143096e-03+7.66058189e-04j -3.44784707e-04-4.09569933e-04j
   9.76905480e-01-2.13639463e-01j -6.26383895e-04+2.85895848e-04j
  -8.65316626e-04-1.12214986e-03j  5.74869004e-04+8.84616158e-05j
  -4.13619588e-04-3.27211875e-04j  1.13005968e-03-4.65631445e-05j]
 [-5.59891649e-05+3.04257280e-04j  7.59355291e-05+7.16920780e-04j
   1.14630971e-03-9.82466568e-05j -2.51255597e-04+5.28838948e-04j
  -2.89092035e-04+1.03211942e-03j -1.16696613e-03-7.52491423e-04j
  -3.07972781e-03+1.35538387e-03j -2.71931503e-04+5.30961936e-04j
   2.46228107e-02-5.87665556e-03j  9.77334481e-01-2.10132864e-01j
   1.82971217e-04-5.19390057e-04j  6.64973572e-04-1.06462532e-03j
   6.19441145e-04+3.06720102e-04j  3.69788408e-04-1.05817313e-04j
   4.07078456e-04-8.66374151e-04j -2.70667976e-04+3.78391646e-04j]
 [-3.68293827e-04-6.60843340e-04j  1.36084414e-03-1.02009089e-04j
   5.56562421e-04-7.34468806e-04j -1.11062398e-03+9.88736503e-04j
  -5.06775234e-05-3.40854440e-04j  8.79884409e-04-7.70669488e-05j
  -4.18682806e-04-2.21224161e-04j  2.12412936e-04+1.22769303e-04j
   9.76821302e-01-2.12479140e-01j -2.48470164e-02+4.82495735e-03j
   1.39522398e-03+2.12725747e-04j -4.25156420e-03+1.33364905e-03j
   3.90233975e-04-2.00263179e-04j  1.44803739e-03-5.61953593e-04j
  -8.16057061e-04+5.20218404e-04j  1.07580983e-04+1.62026165e-04j]
 [-1.13282191e-01+2.40742765e-02j  2.25390029e-03-9.69929756e-04j
  -6.39587033e-04-3.32873317e-06j  5.01871095e-03-1.64113597e-03j
   2.14838664e-03-5.83704718e-04j -4.76744257e-03+5.37582348e-04j
  -2.32199747e-04+2.60969543e-04j  5.64155866e-03-1.81814589e-04j
  -3.06531948e-05+2.87567022e-04j  3.77918400e-04+2.11126354e-04j
  -9.80494730e-04+3.13574804e-04j  4.52547934e-04+3.29027017e-04j
   4.80544327e-03-7.26773734e-04j  7.31237458e-03-1.62579037e-03j
   5.18763592e-04-1.21570515e-04j  9.71033153e-01-2.08581545e-01j]
 [-5.71428026e-04-3.11341961e-04j -2.05144749e-04-5.21127682e-04j
   6.19482658e-03-1.01986882e-03j -2.42390745e-04+2.84360283e-04j
  -4.08751913e-04-1.04463843e-03j  6.24333454e-04-5.79315846e-04j
  -7.18861772e-05-4.94328967e-04j  1.56201341e-03-5.27176126e-04j
   9.29502479e-04+1.21574634e-04j -7.57360855e-04-6.26358617e-04j
   2.40228154e-04-4.70977055e-04j -5.19779617e-04+6.58098658e-04j
   9.12255863e-04+4.42052479e-04j -2.03105463e-06-1.73535878e-04j
   9.77184461e-01-2.12275861e-01j -5.96026890e-04+6.88753073e-05j]
 [ 5.43616899e-02-1.19039018e-02j  2.17846117e-03-2.47170671e-04j
   1.66991170e-04+2.24223252e-03j -4.32315506e-04+4.23916150e-04j
  -1.42044544e-03-2.03548357e-03j  1.21468144e-03+2.22212684e-04j
   5.83046307e-04+9.22747733e-05j -1.33335101e-04+7.82904916e-04j
  -1.57027662e-03+4.21425746e-05j -3.38635880e-04+8.02526614e-05j
  -5.09791002e-04+3.29066401e-04j -5.16424331e-04-6.18326243e-04j
   2.47877703e-02-4.46471290e-03j  9.75695406e-01-2.10388519e-01j
  -6.90436814e-05-1.85346831e-04j -1.14769582e-03+1.60849370e-04j]
 [ 5.40572098e-03-7.49845608e-04j -9.33514976e-04-3.05083268e-04j
  -2.78854936e-04-2.98950891e-04j  1.74844016e-03-2.46581468e-03j
   9.06740047e-04-9.24340805e-04j -1.04965910e-03-4.85099045e-04j
   2.84777490e-04-3.31421130e-04j -7.23225698e-05-1.97564535e-04j
  -4.04700227e-04-8.69482251e-06j -4.13033107e-04+5.34028164e-04j
   3.28400734e-04-1.38488718e-03j -3.68842948e-04+1.11151598e-03j
   9.76644192e-01-2.13188819e-01j -2.47473736e-02+6.25769356e-03j
  -6.42337374e-04+7.86520259e-04j -3.90381128e-03+1.21169801e-03j]]

********* Summary *****************
Final fidelity error 9.272855509778744e-06
Final objective value 9.273040155965973e-06
Final penalized error 0.0
Final gradient 0.00036997855653266883
Number of iterations 5596
Terminated due to function converged
Completed in 1:11:11.626413 HH:MM:SS.US
Computational time 4271.626412625
total tv norm 784.2475812185742
total l2 norm 33114.81933695295
