Final evolution
[[ 1.45953240e-08+1.38166534e-10j  7.27976558e-07-9.53516713e-05j
  -8.97789238e-09-6.87583143e-11j ...  7.29083719e-13+6.73644185e-15j
   6.36919839e-19-6.47115396e-17j -3.64829017e-20-3.37882306e-15j]
 [ 7.27976558e-07-9.53516713e-05j  1.45963838e-08-5.95798526e-13j
   4.33137565e-10+4.46504072e-05j ...  3.79072249e-11-4.63106990e-16j
  -3.64829016e-20-3.37882306e-15j  6.36871032e-19-6.47137111e-17j]
 [-8.97789238e-09-6.87583143e-11j  4.33137565e-10+4.46504072e-05j
   1.45953235e-08+1.38151541e-10j ... -3.64829016e-20-3.37882306e-15j
   3.79072238e-11-4.77557722e-16j  7.29083727e-13+6.73560798e-15j]
 ...
 [ 7.29083719e-13+6.73644185e-15j  3.79072249e-11-4.63106990e-16j
  -3.64829016e-20-3.37882306e-15j ...  1.45953198e-08-1.38512823e-10j
   6.19235894e-10+4.46504083e-05j -8.97789074e-09+6.89688730e-11j]
 [ 6.36919839e-19-6.47115396e-17j -3.64829016e-20-3.37882306e-15j
   3.79072238e-11-4.77557722e-16j ...  6.19235894e-10+4.46504083e-05j
   1.45963837e-08+2.34488603e-13j -7.30383245e-07-9.53516517e-05j]
 [-3.64829016e-20-3.37882306e-15j  6.36871032e-19-6.47137111e-17j
   7.29083727e-13+6.73560798e-15j ... -8.97789074e-09+6.89688730e-11j
  -7.30383245e-07-9.53516517e-05j  1.45953196e-08-1.38527815e-10j]]

********* Summary *****************
Final fidelity error 1.4642428269873164e-08
Final objective value 2.7248026928782726e-08
Final penalized error 1.2610034888071357e-08
Final gradient 3.21474368054822e-05
Number of iterations 75
Terminated due to function converged
Completed in 0:03:46.875661 HH:MM:SS.US
Computational time 226.875660708
total tv norm 0.04319285832290845
total l2 norm 1.2610034888071356e-06
