Final evolution
[[ 0.25370536+2.93311486e-02j -0.1431201 -9.55746086e-01j
  -0.02308778-1.73616583e-02j -0.00215154-4.76075005e-04j]
 [-0.1431201 -9.55746086e-01j  0.23387153-1.02048425e-01j
  -0.00268397-1.11072423e-02j -0.01797266+2.24207491e-02j]
 [-0.02308778-1.73616583e-02j -0.00268397-1.11072423e-02j
   0.20428162+3.76088587e-02j -0.12771753-9.69318203e-01j]
 [-0.00215154-4.76075008e-04j -0.01797266+2.24207491e-02j
  -0.12771753-9.69318202e-01j  0.18783922-8.94221449e-02j]]

********* Summary *****************
Final fidelity error 0.02798848491959538
Final objective value 0.0279884849269042
Final penalized error 0.0
Final gradient 0.0008605961357508568
Number of iterations 16
Terminated due to function converged
Completed in 0:19:56.275616 HH:MM:SS.US
Computational time 1196.275616
total tv norm 18.444749879571166
total l2 norm 1307840.3427850166
