Final evolution
[[ 3.43348730e-01+1.46709770e-02j -3.82901375e-02+1.22523063e-02j
   4.76489455e-02-3.03566370e-02j  2.84224025e-01+2.95689775e-02j
  -8.80663625e-02-5.13296759e-02j  1.49024471e-02+3.60070947e-03j
  -2.54758986e-02-9.07236783e-03j -7.13079771e-02-4.79485203e-02j
  -3.44565826e-02+7.68537723e-03j  3.62896812e-03-2.30550128e-03j
  -4.58575152e-03+4.28054532e-03j -2.90457975e-02+4.63588109e-03j
  -6.55136771e-01-1.31098700e-01j  7.88400627e-02-1.13179741e-02j
  -1.05175425e-01+3.88192517e-02j -5.37521416e-01-1.42434582e-01j]
 [ 7.26152462e-02+4.66753054e-04j  8.66334426e-02-7.65249000e-02j
  -4.52728333e-01+1.23414550e-01j  1.99880602e-02+1.74250599e-02j
   1.18454180e-02-1.53327590e-02j -2.49133185e-03-1.37878038e-02j
  -1.89450009e-02+5.62689703e-02j  9.16570453e-03-6.80599781e-03j
  -6.44213934e-03+5.71311243e-04j -6.40893428e-03+8.05881639e-03j
   3.77456930e-02-1.76896824e-02j -2.05037559e-03-1.62892825e-03j
  -1.23770360e-01-2.55807134e-02j -1.73943557e-01+1.09637443e-01j
   8.28437763e-01-8.66623894e-02j -2.70851683e-02-3.93104366e-02j]
 [-5.79959409e-02+1.46277591e-02j -4.30114101e-01-4.62485609e-02j
  -9.83208004e-02-5.43797761e-02j  2.64297451e-02-2.30687913e-02j
   2.30382783e-02+1.10193225e-02j  1.06776782e-01+7.20342330e-02j
   1.88376404e-02+2.87965185e-02j -1.65391751e-02-6.37536350e-03j
   5.80253124e-03-2.99746832e-03j  4.39313094e-02-6.86069659e-03j
   1.12551813e-02+2.78615365e-03j -2.53768390e-03+2.95684057e-03j
   1.18792290e-01-7.30545119e-03j  8.12499099e-01+2.17973197e-01j
   1.72854901e-01+1.34395026e-01j -6.10185792e-02+3.20064291e-02j]
 [ 2.91358908e-01-8.34282785e-02j -7.32016871e-02-1.03220989e-02j
   1.67885974e-02-1.51478508e-02j -3.69169111e-01+7.36164716e-02j
   1.11500013e-02-3.59710062e-02j -1.52490940e-02+1.60768542e-02j
  -3.45610824e-03-1.67163946e-03j -1.85633337e-02+4.42559281e-02j
  -2.42307263e-02+1.17744884e-02j  6.62185933e-03+4.12593868e-04j
  -1.29120358e-03+1.73162981e-03j  3.11918419e-02-1.20409090e-02j
  -5.34606808e-01+6.30574150e-02j  1.20811955e-01+4.37342800e-02j
  -3.52792273e-02+2.23506641e-02j  6.67665946e-01-2.31890968e-02j]
 [ 1.84390933e-01-8.60319468e-02j -2.66434278e-02+1.57057599e-02j
   4.98547240e-02-8.96288748e-03j  1.60396536e-01-6.04345514e-02j
   7.00208331e-01-1.50954117e-01j -1.06877306e-01+2.78910402e-02j
   1.81000098e-01+3.15773803e-02j  5.98166871e-01-7.98348277e-02j
   2.33945550e-03-1.96477059e-02j -3.58954894e-04+2.96213087e-03j
   2.77651920e-03-3.95474894e-03j  3.31268026e-03-1.63017424e-02j
   3.95695473e-03+2.76041998e-02j -2.64149794e-03-6.70328032e-03j
   8.76053408e-04+1.86836040e-02j  1.74917011e-03+2.44723919e-02j]
 [-3.89991207e-02+1.99854439e-02j -3.92953001e-02+2.03351304e-02j
   1.86845444e-01-1.06841639e-02j -1.66772355e-02+1.23352298e-02j
  -1.97282038e-01+1.77345543e-02j -2.14619298e-01+4.17387537e-02j
   8.92997848e-01+2.14654510e-01j -8.29123495e-02+1.80730499e-02j
  -2.60800668e-03+5.39601356e-03j -2.23658624e-03+6.76196624e-03j
   2.02637053e-02-2.17911932e-02j -7.57497994e-04+2.25748535e-03j
  -2.54837553e-02-1.57507757e-02j -3.34263424e-02-3.97475442e-03j
   1.18306392e-01+7.58212681e-02j -9.18060246e-03-8.20329212e-03j]
 [-4.82899084e-02+1.04848407e-02j -2.39812014e-01+9.22867530e-02j
  -6.88510373e-02-3.71264699e-03j  3.28287442e-02-1.67224631e-03j
  -1.75907274e-01-1.71217981e-02j -8.95374494e-01+1.28145563e-01j
  -2.33338550e-01-6.85011704e-02j  1.15018214e-01+3.86409205e-02j
  -2.24238218e-03+4.12069613e-03j -4.69793351e-03+2.45222875e-02j
  -3.90298459e-03+5.43871337e-03j  2.27549980e-03-2.25074481e-03j
  -5.97460123e-04-1.44901378e-02j -2.61072583e-03-3.55761980e-02j
   3.23890127e-03-9.83029342e-03j -3.80192188e-04+1.38307775e-02j]
 [-1.19408329e-01+6.51613789e-03j  4.33040774e-02-2.17542879e-02j
  -8.28913597e-04-1.20756094e-03j  1.50603657e-01+8.59722563e-04j
  -5.71634456e-01-1.37184613e-01j  2.14674723e-01-1.59092314e-02j
  -9.35719913e-03-3.14832589e-03j  7.05758494e-01+2.18276569e-01j
  -1.29731609e-02+1.39880563e-02j  2.89045894e-03-5.74639644e-03j
  -3.14918387e-04+3.37203210e-04j  1.73851642e-02-1.64313056e-02j
  -7.61562570e-02-4.78913681e-02j  2.62131914e-02+1.86677099e-02j
  -3.57170554e-03+8.45167400e-04j  9.08885131e-02+6.72629592e-02j]
 [ 6.17000326e-02+4.17194345e-02j -1.11428205e-02-3.51235138e-03j
   1.94839388e-02+9.15096899e-03j  4.97719106e-02+3.85451762e-02j
  -1.40111460e-02+7.70362608e-03j  1.92213881e-03-9.49220967e-04j
  -2.88683253e-03-3.93312384e-04j -1.21821977e-02+5.44844425e-03j
  -7.31831184e-01-1.69298866e-01j  8.85996429e-02-1.02768331e-02j
  -1.18476543e-01+4.14194642e-02j -5.99182205e-01-1.77980609e-01j
   6.14232769e-02+4.81302064e-02j -1.01152552e-02-3.83605709e-03j
   1.62226650e-02+6.64398154e-03j  4.88661626e-02+4.35679057e-02j]
 [-1.35122322e-02+1.17675128e-02j -2.73241414e-03+1.36209246e-02j
   3.72813588e-02-4.59717216e-02j -8.65913941e-03+4.62220563e-03j
   4.53677025e-03+1.53002745e-03j  6.38452710e-03+9.90469105e-04j
  -2.23085612e-02-1.47884452e-02j  1.59500605e-03+3.08956082e-04j
  -1.42029491e-01-3.24247920e-02j -2.03032745e-01+1.19892054e-01j
   9.52950293e-01-7.19927835e-02j -3.05839914e-02-4.52111934e-02j
  -2.36288792e-03+9.51824371e-03j  8.93523185e-03+5.43094703e-03j
  -2.10358333e-02-3.62900412e-02j -4.50264490e-03+4.53540535e-03j]
 [-1.71515332e-02-1.00035590e-02j -7.43790768e-02-5.77798124e-02j
  -1.24184360e-02-2.20319675e-02j  1.27531020e-02+6.55555250e-03j
   3.09509127e-03-1.79687631e-04j  1.82836774e-02-8.43258398e-03j
   5.32423285e-03+2.76270701e-05j -1.71742668e-03-7.22981837e-04j
   1.33067443e-01-5.09136920e-03j  9.05722023e-01+2.72151401e-01j
   1.89679496e-01+1.56710944e-01j -6.89056427e-02+3.50274066e-02j
  -1.48989398e-02-8.86663562e-03j -7.33740620e-02-6.56714109e-02j
  -1.11442635e-02-2.35524559e-02j  1.03236299e-02+4.14464779e-03j]
 [-2.31424314e-02+2.95634022e-02j  1.63581581e-02-1.19145179e-02j
   2.07278260e-03+1.88646625e-03j  3.26378844e-02-3.49499098e-02j
   1.43650129e-02+9.46983507e-03j -4.72952814e-03-1.67751833e-03j
   5.24479873e-04+3.24319408e-04j -1.71058531e-02-1.30181276e-02j
  -6.15107269e-01+5.45709093e-02j  1.38354515e-01+5.29725787e-02j
  -4.07849562e-02+2.43248338e-02j  7.66510254e-01-4.55141631e-03j
   1.42374757e-02+2.30592692e-02j  4.47325397e-03-1.02695806e-02j
   3.30301888e-03+7.99809183e-04j -1.46577369e-02-3.03236223e-02j]
 [-6.19357197e-01+1.07474144e-01j  9.46820234e-02-2.07216756e-02j
  -1.57598518e-01-3.38523657e-02j -5.27351501e-01+4.87634717e-02j
   1.78821771e-01-2.00441889e-03j -2.75961311e-02+1.59204870e-03j
   4.30737650e-02+1.64942351e-02j  1.50343714e-01+1.02798764e-02j
  -9.02320774e-02+4.53441314e-02j  1.15913247e-02-1.04887910e-02j
  -2.33400984e-02+1.56045558e-02j -7.85446813e-02+3.32139444e-02j
  -3.43670790e-01+1.43776717e-02j  5.28819549e-02-4.35857919e-03j
  -8.29806350e-02-3.02068574e-02j -2.89577690e-01-1.10093522e-02j]
 [ 1.73110207e-01-8.85306803e-03j  1.88942525e-01-2.90499444e-02j
  -7.72812739e-01-2.18345362e-01j  7.31822207e-02-1.30561483e-02j
  -4.90624063e-02-4.50663454e-03j -5.39653524e-02+5.66708743e-04j
   2.07349928e-01+9.19718700e-02j -2.12310611e-02+6.58723386e-04j
  -2.30668895e-03-1.96241644e-02j -9.36826503e-03-9.50854177e-03j
   1.62587877e-02+5.52582392e-02j  9.38010410e-04-1.13927085e-02j
   9.56750336e-02+8.45002469e-03j  1.06337269e-01-1.87114645e-03j
  -4.09519327e-01-1.78288764e-01j  4.09703505e-02-1.44665515e-03j]
 [ 1.53643167e-01+2.10887695e-02j  7.89682374e-01-8.05461253e-02j
   2.02176016e-01+6.83406082e-02j -9.95029006e-02-3.77566240e-02j
  -4.24210210e-02-1.27913451e-02j -2.25442662e-01-1.33004294e-02j
  -5.36976460e-02-2.83799107e-02j  2.65180148e-02+1.50041146e-02j
   2.29428092e-02-1.27528100e-02j  1.17612763e-01-4.96494846e-02j
   3.42420442e-02+1.12855434e-05j -1.58172603e-02+9.66661878e-03j
   8.17855072e-02+2.27750987e-02j  4.34168145e-01+1.23399153e-02j
   1.04829314e-01+5.14717087e-02j -5.11732111e-02-2.80618340e-02j]
 [ 4.94695625e-01+1.39586418e-01j -1.88290217e-01+6.68806423e-03j
   8.00501433e-03+3.09912631e-03j -6.09101388e-01-2.15045982e-01j
  -1.32713588e-01-5.88143687e-02j  5.32920186e-02+5.75905736e-03j
  -2.03713001e-03-1.12492224e-03j  1.61718132e-01+8.45021728e-02j
  -1.09176769e-02-3.46835073e-02j  7.43844307e-04+2.25908757e-02j
  -2.91019332e-03+1.31609867e-03j  9.99612169e-03+4.55404670e-02j
   2.62191513e-01+1.14004472e-01j -1.03751485e-01-1.08355744e-02j
   4.34092765e-03+2.27013655e-03j -3.19530138e-01-1.64204629e-01j]]

********* Summary *****************
Final fidelity error 0.20962418139809613
Final objective value 0.21569286477815425
Final penalized error 0.0060686939420787145
Final gradient 0.13022842884478858
Number of iterations 1999
Terminated due to function converged
Completed in 0:04:21.454355 HH:MM:SS.US
Computational time 261.454355083
total tv norm 55.49317512786543
total l2 norm 0.060686939420787143
