Final evolution
[[ 6.42598992e-01+8.97707762e-02j  6.24634790e-01+1.14285791e-01j
   1.41313166e-01+3.51970024e-02j  1.11171967e-01+3.95128921e-03j
   2.50394945e-01+4.15237800e-02j  2.43125089e-01+5.09310695e-02j
   5.49096737e-02+1.51754428e-02j  4.34348961e-02+2.65558900e-03j
  -1.77413941e-02-4.61951893e-03j -1.71571051e-02-5.24883310e-03j
  -3.85097816e-03-1.44964036e-03j -3.10716827e-03-4.74214065e-04j
  -6.96217022e-02-1.34542401e-02j -6.75216044e-02-1.60275553e-02j
  -1.52224728e-02-4.64551502e-03j -1.21107015e-02-1.06387149e-03j]
 [-1.69003477e-01-7.34981068e-03j  3.58148617e-01+3.31656593e-02j
  -8.24656664e-01-1.37695212e-01j  2.81463924e-02+2.79026452e-03j
  -6.60162565e-02-4.56223569e-03j  1.39724568e-01+1.65468900e-02j
  -3.21110840e-01-6.20833178e-02j  1.09789198e-02+1.37228130e-03j
   4.71912382e-03+7.58593227e-04j -9.94318205e-03-2.10126719e-03j
   2.26942872e-02+6.55951591e-03j -7.80819841e-04-1.70294652e-04j
   1.84030296e-02+1.76387678e-03j -3.88992157e-02-5.65773427e-03j
   8.92185594e-02+1.97206727e-02j -3.05598819e-03-4.64695490e-04j]
 [ 6.30372091e-01+8.93112513e-02j -5.28689131e-01-9.11887807e-02j
  -3.54056040e-01-9.09605611e-02j -1.71255521e-01-4.09164776e-02j
   2.45618143e-01+4.12219546e-02j -2.05835751e-01-4.09405337e-02j
  -1.37546873e-01-3.91070022e-02j -6.65616560e-02-1.77111454e-02j
  -1.73997435e-02-4.56666362e-03j  1.45398385e-02+4.28704836e-03j
   9.63944359e-03+3.70992709e-03j  4.67262943e-03+1.70801374e-03j
  -6.82898866e-02-1.33345100e-02j  5.71816356e-02+1.29607872e-02j
   3.81236702e-02+1.19421174e-02j  1.84578015e-02+5.44012141e-03j]
 [-5.24039347e-02+1.02508950e-02j  1.88747035e-01+4.18555666e-02j
   6.09624426e-02+1.52456885e-02j -8.85024386e-01-1.74240004e-01j
  -2.05952138e-02+3.48523914e-03j  7.33924219e-02+1.82530912e-02j
   2.36873947e-02+6.57081419e-03j -3.44352924e-01-7.69773147e-02j
   1.50423618e-03-1.16434432e-04j -5.16046608e-03-1.79153341e-03j
  -1.66110873e-03-6.27106345e-04j  2.42690976e-02+7.78244571e-03j
   5.77764142e-03-8.20563058e-04j -2.03614623e-02-5.64214929e-03j
  -6.56661744e-03-2.01080891e-03j  9.55990656e-02+2.40526582e-02j]
 [ 2.54720592e-01+3.77415987e-02j  2.47510754e-01+4.74112594e-02j
   5.59644043e-02+1.44332907e-02j  4.41057194e-02+1.93414221e-03j
  -6.40291911e-01-1.12080654e-01j -6.21458624e-01-1.36005381e-01j
  -1.40271895e-01-4.01222401e-02j -1.11172850e-01-7.79667005e-03j
  -2.38680688e-02-8.29868008e-03j -2.29960451e-02-9.09906904e-03j
  -5.13168315e-03-2.41538201e-03j -4.21700564e-03-9.93351019e-04j
   3.54964932e-02+6.08586966e-03j  3.44576796e-02+7.41504132e-03j
   7.77940277e-03+2.19580276e-03j  6.16094250e-03+4.10461931e-04j]
 [-6.70450337e-02-3.47327782e-03j  1.42022506e-01+1.43411479e-02j
  -3.26812595e-01-5.73599506e-02j  1.11607422e-02+1.20000062e-03j
   1.68958422e-01+1.31972133e-02j -3.57445478e-01-4.55790891e-02j
   8.20918987e-01+1.66353597e-01j -2.80847834e-02-3.76604555e-03j
   6.40050930e-03+1.56139817e-03j -1.34305359e-02-3.98085188e-03j
   3.04598150e-02+1.15090118e-02j -1.05409387e-03-3.19871816e-04j
  -9.36354617e-03-6.98496010e-04j  1.98127703e-02+2.45612373e-03j
  -4.55144768e-02-9.05787323e-03j  1.55674132e-03+2.03221614e-04j]
 [ 2.49869845e-01+3.75189748e-02j -2.09510656e-01-3.79292518e-02j
  -1.40208053e-01-3.72636488e-02j -6.78282311e-02-1.68016659e-02j
  -6.28065775e-01-1.11198177e-01j  5.26192298e-01+1.09565331e-01j
   3.51351286e-01+1.03304031e-01j  1.70053669e-01+4.68831588e-02j
  -2.34044638e-02-8.18847617e-03j  1.95057855e-02+7.48969826e-03j
   1.28362521e-02+6.15769784e-03j  6.23218956e-03+2.86076326e-03j
   3.48189442e-02+6.03934182e-03j -2.91744177e-02-5.96858228e-03j
  -1.94862935e-02-5.65550243e-03j -9.43074371e-03-2.56462442e-03j]
 [-2.08303194e-02+3.89552387e-03j  7.47666678e-02+1.72319408e-02j
   2.41428182e-02+6.25100780e-03j -3.50649263e-01-7.20615754e-02j
   5.28228165e-02-8.45323934e-03j -1.87534358e-01-4.84276625e-02j
  -6.05111070e-02-1.73705103e-02j  8.80098849e-01+2.05028988e-01j
   2.07959006e-03+5.49021692e-06j -6.89327739e-03-3.02917989e-03j
  -2.21333839e-03-1.04435247e-03j  3.24890402e-02+1.33625175e-02j
  -2.92496660e-03+4.78562578e-04j  1.03995447e-02+2.64681475e-03j
   3.35592505e-03+9.50692375e-04j -4.88007667e-02-1.11892013e-02j]
 [-4.33444886e-02-3.74363381e-03j -4.22281226e-02-5.44851733e-03j
  -9.58636698e-03-1.85814983e-03j -7.45789823e-03+1.27680821e-04j
  -5.34308145e-03-4.36842114e-03j -5.04430496e-03-4.49187593e-03j
  -1.08954290e-03-1.10110157e-03j -9.88390132e-04-6.50529317e-04j
  -6.42163656e-01-1.16613302e-01j -6.23101858e-01-1.40514645e-01j
  -1.40582746e-01-4.11781044e-02j -1.11572160e-01-8.53656038e-03j
  -2.45383006e-01-5.15011690e-02j -2.37812812e-01-6.04802881e-02j
  -5.35556067e-02-1.72842025e-02j -4.27565347e-02-4.44566244e-03j]
 [ 1.13422258e-02-1.04169940e-04j -2.40982708e-02-9.57059297e-04j
   5.57039714e-02+6.31023765e-03j -1.89449755e-03-8.75224832e-05j
   1.49512412e-03+1.00113843e-03j -3.07118731e-03-2.28143517e-03j
   6.73251069e-03+5.81043804e-03j -2.40343982e-04-1.80965177e-04j
   1.69556697e-01+1.43271288e-02j -3.58598651e-01-4.80408389e-02j
   8.23174395e-01+1.72256406e-01j -2.81742112e-02-3.96021382e-03j
   6.49631230e-02+7.27608568e-03j -1.37206104e-01-2.22008801e-02j
   3.14312383e-01+7.47632368e-02j -1.07780013e-02-1.81560519e-03j]
 [-4.25241670e-02-3.75600545e-03j  3.57222087e-02+4.24049711e-03j
   2.40281575e-02+4.84138453e-03j  1.16114556e-02+2.13547234e-03j
  -5.23451442e-03-4.29664795e-03j  4.30012711e-03+3.75154667e-03j
   2.71447360e-03+2.78399935e-03j  1.33001266e-03+1.31861402e-03j
  -6.29893766e-01-1.15649354e-01j  5.27619260e-01+1.13360769e-01j
   3.52112018e-01+1.05960081e-01j  1.70441718e-01+4.81561000e-02j
  -2.40681219e-01-5.10026059e-02j  2.01429785e-01+4.90535741e-02j
   1.34109062e-01+4.43751105e-02j  6.49490114e-02+2.02763229e-02j]
 [ 3.47274284e-03-8.71289071e-04j -1.27859823e-02-2.13663635e-03j
  -4.13577260e-03-8.05737515e-04j  5.98750731e-02+8.54423891e-03j
   5.32874777e-04+1.96568169e-04j -1.48376866e-03-1.42385094e-03j
  -4.69687165e-04-4.75575594e-04j  7.07903969e-03+6.47627360e-03j
   5.30900155e-02-8.15078811e-03j -1.87983164e-01-4.98182297e-02j
  -6.06448055e-02-1.78262457e-02j  8.82346822e-01+2.11465092e-01j
   2.04728761e-02-2.57454108e-03j -7.16678725e-02-2.10981613e-02j
  -2.31022448e-02-7.48019144e-03j  3.36625467e-01+9.04392908e-02j]
 [ 3.91786679e-02+7.17020116e-03j  3.80134072e-02+8.62719852e-03j
   8.57569984e-03+2.52469779e-03j  6.80804552e-03+5.30296639e-04j
   6.03797884e-02+1.12870237e-02j  5.85741936e-02+1.35272057e-02j
   1.32107637e-02+3.94375360e-03j  1.04963315e-02+8.57634105e-04j
  -2.48236858e-01-4.70041875e-02j -2.40788829e-01-5.62008295e-02j
  -5.42986890e-02-1.63477822e-02j -4.31637323e-02-3.62833104e-03j
   6.34388200e-01+1.38345904e-01j  6.14602489e-01+1.61444199e-01j
   1.38334528e-01+4.58454853e-02j  1.10630293e-01+1.23801474e-02j]
 [-1.03461029e-02-8.88527739e-04j  2.18796816e-02+2.96176621e-03j
  -5.02202993e-02-1.05810217e-02j  1.71901703e-03+2.44035006e-04j
  -1.59506625e-02-1.43078798e-03j  3.37257345e-02+4.69559103e-03j
  -7.73883541e-02-1.66117821e-02j  2.64965746e-03+3.86403925e-04j
   6.55921805e-02+6.03814220e-03j -1.38670635e-01-1.96372130e-02j
   3.18142842e-01+6.90686008e-02j -1.08944704e-02-1.61475470e-03j
  -1.68078093e-01-2.01604288e-02j  3.54852552e-01+6.02753950e-02j
  -8.12412665e-01-1.99983466e-01j  2.78734080e-02+4.92038044e-03j]
 [ 3.84299710e-02+7.11034764e-03j -3.21887971e-02-6.96211654e-03j
  -2.14789782e-02-6.49578065e-03j -1.03972776e-02-2.95303597e-03j
   5.92254908e-02+1.11903395e-02j -4.96011603e-02-1.09252449e-02j
  -3.30871031e-02-1.01434386e-02j -1.60175137e-02-4.61499127e-03j
  -2.43490100e-01-4.65954312e-02j  2.03907262e-01+4.54126239e-02j
   1.35991574e-01+4.20383654e-02j  6.58365531e-02+1.91355824e-02j
   6.22222768e-01+1.36959412e-01j -5.20618462e-01-1.31115579e-01j
  -3.46382503e-01-1.17633990e-01j -1.67777679e-01-5.38250112e-02j]
 [-3.24053422e-03+4.92958957e-04j  1.14676161e-02+3.05593813e-03j
   3.69939360e-03+1.09293870e-03j -5.38280487e-02-1.29787138e-02j
  -5.00046472e-03+7.41299038e-04j  1.76675981e-02+4.77994606e-03j
   5.69884948e-03+1.70717018e-03j -8.29382402e-02-2.03306195e-02j
   2.05742997e-02-3.00096400e-03j -7.26218535e-02-1.98299023e-02j
  -2.34232714e-02-7.07642976e-03j  3.40934094e-01+8.44176942e-02j
  -5.30679577e-02+6.25137744e-03j  1.85159879e-01+5.60895850e-02j
   5.96727758e-02+1.98393055e-02j -8.69875507e-01-2.41030416e-01j]]

********* Summary *****************
Final fidelity error 0.425556670733906
Final objective value 0.42599595074700797
Final penalized error 0.00043928689369569915
Final gradient 0.11510304319790626
Number of iterations 449
Terminated due to function converged
Completed in 0:00:33.958532 HH:MM:SS.US
Computational time 33.958532208
total tv norm 34.914115224338296
total l2 norm 0.00043928689369569915
