Final evolution
[[ 1.95741298e-01+8.11246892e-03j  4.14375190e-02-9.79744118e-01j
   2.69108911e-04-4.68140703e-04j  4.54570492e-05+1.90610354e-03j]
 [ 4.14858222e-02-9.79742176e-01j  1.95726149e-01+8.45544570e-03j
   1.80192309e-04-1.88899700e-03j -5.52853075e-04+2.61656573e-04j]
 [-5.14927863e-04-2.73372784e-04j  1.63856845e-04-1.95400254e-03j
   1.94311061e-01+9.34171782e-03j  4.15329392e-02-9.80013660e-01j]
 [-2.41667258e-05+1.84024692e-03j  2.37267864e-04+5.22986424e-04j
   4.14893343e-02-9.80015656e-01j  1.94405529e-01+7.12190705e-03j]]

********* Summary *****************
Final fidelity error 0.019243258643742656
Final objective value 0.019243258643740657
Final penalized error 0.0
Final gradient 0.015810950666019917
Number of iterations 831
Terminated due to function converged
Completed in 0:02:11.310310 HH:MM:SS.US
Computational time 131.310309875
total tv norm 59.71167578136127
total l2 norm 4114.984938983349
