Final evolution
[[-0.00210823+6.33611606e-04j -0.01344571-9.99849009e-01j
   0.00169499+3.04865930e-04j -0.00299508+1.02171526e-02j]
 [-0.01403348-9.99842038e-01j -0.00209143-5.88263759e-04j
  -0.00358264-9.92461863e-03j  0.00169565+1.76860137e-04j]
 [ 0.00169564-2.11095324e-04j -0.00328383-1.01357927e-02j
  -0.00227533+6.34972264e-04j -0.01481232-9.99829274e-01j]
 [-0.00329039+1.00183577e-02j  0.00167922-3.39135379e-04j
  -0.01538308-9.99821725e-01j -0.00232804-5.75242999e-04j]]

********* Summary *****************
Final fidelity error 6.052818662871662e-05
Final objective value 6.183040871757634e-05
Final penalized error 1.3018166945860227e-06
Final gradient 0.0011986864573606845
Number of iterations 136
Terminated due to function converged
Completed in 0:00:05.100224 HH:MM:SS.US
Computational time 5.100223916000001
total tv norm 14.093527827959539
total l2 norm 1.3018166945860227e-06
