Final evolution
[[-2.81442698e-02-4.27268807e-02j  1.48582057e-02+2.84931258e-02j
  -1.01407805e-01-1.76722076e-01j  2.67687508e-02+4.52994192e-02j
   7.96092053e-02+1.19424408e-01j -1.74609625e-01-3.02218838e-01j
   4.56290271e-04+8.45111804e-03j -4.39329924e-01-7.83851642e-01j
  -2.70103425e-03-1.42153916e-03j  3.81975826e-03+5.16105673e-04j
  -5.70084259e-03-7.44488673e-03j  9.37993906e-03+1.84370886e-04j
   3.87516878e-03+5.04573195e-03j -9.06948837e-03-1.28745075e-02j
   3.57959542e-04+3.22291087e-04j -2.32452823e-02-3.32761825e-02j]
 [-2.92670311e-02-4.21187900e-02j  5.75620231e-02+1.06629500e-01j
   7.22908274e-03+2.21047996e-02j  1.15623806e-01+2.09037288e-01j
  -4.97253136e-02-1.86258283e-02j -1.91339958e-02+1.03816263e-02j
  -4.72985345e-01-8.34228058e-01j  7.25939858e-04+1.11677701e-03j
  -1.28118729e-03-2.11011094e-03j  3.13109336e-03+4.26659876e-03j
   9.03649860e-03-9.16707534e-04j  6.28433756e-03+8.72740108e-03j
  -2.49816522e-03-5.27125184e-04j -4.33951838e-04+4.89552762e-04j
  -2.52915956e-02-3.54148187e-02j  1.24480126e-04+8.18148933e-06j]
 [-6.71080312e-03+3.27955671e-03j  1.44226674e-02+1.63239173e-02j
   1.27612574e-03-8.00114748e-03j -2.03099370e-02-2.64493234e-02j
  -4.71498922e-01-8.31491026e-01j -1.37290501e-01-2.42499174e-01j
  -1.78745936e-02+5.03746560e-02j -1.32377772e-02-4.21912479e-02j
   7.71264445e-03-1.57904559e-03j  3.33699846e-03+8.32056268e-05j
  -2.88002764e-04-6.65783160e-04j -7.18894296e-04-1.08112625e-03j
  -2.49597280e-02-3.53357451e-02j -9.07416830e-03-9.87833879e-03j
  -6.04695165e-04+2.36125564e-03j -3.63045555e-04-1.88421073e-03j]
 [ 2.08050206e-01+3.80234200e-01j  2.47324966e-02+4.93524171e-02j
  -1.15743742e-02-5.23217364e-02j  1.15090672e-02+2.31101109e-02j
  -1.00066981e-01-1.91335364e-01j  3.89675887e-01+6.93075711e-01j
   9.24323908e-03-8.46047379e-03j -1.67555505e-01-3.10423613e-01j
   1.32461828e-02+1.55933835e-02j -6.16457122e-03+3.69869034e-03j
  -7.55795186e-04-2.18795285e-03j  3.89164533e-03+3.42252540e-04j
  -3.65696079e-03-8.59778477e-03j  2.09187656e-02+2.93655057e-02j
   3.95881602e-05-3.96318070e-04j -8.96520160e-03-1.32069334e-02j]
 [ 7.51561106e-02+1.12641757e-01j -1.66166651e-01-2.85058304e-01j
   1.26686737e-02+2.96957819e-02j -4.35750293e-01-7.74896348e-01j
   4.58841613e-03+2.91928634e-02j -2.77456311e-02-3.04766361e-02j
  -1.35184547e-01-2.33990234e-01j -2.77749772e-02-5.45388494e-02j
   3.45420755e-03+4.70497030e-03j -8.34615239e-03-1.20167299e-02j
   1.04251460e-03+1.19808654e-03j -2.22999750e-02-3.25708682e-02j
   1.50019389e-03+9.15505589e-04j -4.29047864e-03-5.11712456e-04j
  -7.12385979e-03-9.88764871e-03j -9.23583463e-03-5.23400149e-04j]
 [-4.16790038e-02-1.66265237e-03j -3.09278217e-02-6.92761661e-03j
  -4.80654659e-01-8.47995115e-01j -1.75209574e-02-3.25737017e-02j
  -6.55054632e-03-1.20307171e-02j  2.05416961e-02+3.15355905e-02j
  -2.03551498e-02-2.62594807e-02j  9.83106991e-02+1.77007006e-01j
  -1.99847621e-03+1.69251077e-04j -1.06994251e-03-2.26188966e-04j
  -2.48700645e-02-3.54895192e-02j -7.51973288e-04-1.41577872e-03j
  -5.49492810e-04-1.39725524e-04j  1.01235454e-03+1.51914371e-03j
  -9.36343118e-03+8.92882973e-04j  5.03597336e-03+7.42690375e-03j]
 [-4.18237070e-01-7.38420079e-01j -1.47791878e-01-2.57093358e-01j
  -2.57311559e-02+3.14613771e-02j -7.22005810e-03-3.20325336e-02j
  -6.01546410e-02-9.66553603e-02j  1.97216542e-01+3.40557362e-01j
   3.66877252e-03+3.63721427e-03j -6.25056604e-02-1.23738298e-01j
  -2.12870712e-02-3.09346241e-02j -9.36442971e-03-1.04115663e-02j
  -1.06861067e-03+1.50077489e-03j  6.19273899e-05-1.44828582e-03j
  -1.09708978e-02-2.22481772e-03j  8.00400557e-03+1.48825512e-02j
   4.82175912e-04+4.29450651e-04j -3.75894695e-03-5.24962796e-03j]
 [-1.20751563e-01-2.23458459e-01j  4.34135219e-01+7.69683666e-01j
   1.05037613e-02-4.79277708e-03j -1.78333168e-01-3.34265303e-01j
  -4.71063606e-04+1.01581586e-02j  3.89489834e-02+7.87989986e-02j
   1.92792527e-02+2.42851477e-02j -4.75289063e-03-7.58345053e-03j
  -4.51612147e-03-9.77704437e-03j  2.25759188e-02+3.22610925e-02j
   4.37224533e-05-2.20283964e-04j -9.26609980e-03-1.40769795e-02j
  -1.97809295e-03+8.61875862e-04j  9.33947747e-03+1.63392823e-03j
   9.27404729e-04+8.92752643e-04j -3.40879676e-03+3.50473581e-04j]
 [-2.79651670e-03-6.03034506e-03j  6.31398787e-03+1.43479938e-02j
   7.14354193e-04-2.66849918e-03j  1.63331164e-02+3.78055693e-02j
  -1.27219027e-03-3.52704251e-04j  2.70368668e-03-1.19084617e-03j
   5.13378357e-04+1.45818455e-03j  5.82070241e-03-4.43699079e-03j
   8.11071967e-02+1.20551175e-01j -1.75940341e-01-3.02751835e-01j
   1.43538369e-02+2.89544861e-02j -4.52263222e-01-8.02913506e-01j
   1.34044039e-02+2.89986863e-02j -1.58508287e-02-2.29081432e-02j
  -1.60578111e-02-3.05920084e-02j -1.05424944e-02-2.92802785e-02j]
 [ 2.27628802e-03+3.23023603e-04j  4.88933579e-04+1.00610542e-03j
   1.78893988e-02+4.06091713e-02j -9.58098923e-04+2.73782615e-03j
  -5.00035914e-04-1.34227675e-03j  5.36954408e-04+1.90771205e-03j
   5.99804855e-03-6.34146828e-03j  1.29401921e-04+9.80264240e-04j
  -4.60893821e-02-1.04901038e-02j -2.82622143e-02-3.43596512e-03j
  -4.90279853e-01-8.66334476e-01j -1.39430589e-02-2.78051035e-02j
   1.35680619e-02+1.76857508e-02j -1.94491062e-02-4.24772746e-02j
  -3.75760735e-03+3.04194532e-03j -5.12441376e-03-1.67793249e-02j]
 [ 1.67759557e-02+3.75935244e-02j  5.44408854e-03+1.23876351e-02j
   1.23027900e-03-1.83031769e-03j  4.21469599e-04+1.37969015e-03j
   6.41434366e-03-5.07392353e-03j -2.07933937e-03-9.96147011e-03j
  -5.37133739e-04-1.98691474e-04j  9.83736448e-04+1.87806937e-03j
  -4.56587790e-01-8.06664714e-01j -1.50075261e-01-2.61678887e-01j
  -2.20670973e-02+4.32100573e-02j -9.07748163e-03-3.57724397e-02j
  -1.61836058e-02-2.32986010e-02j  1.01701775e-01+1.74455503e-01j
   1.81112264e-03+3.89349494e-03j -1.92591057e-02-4.55302509e-02j]
 [ 1.91068623e-03+1.33533387e-02j -1.59874241e-02-3.46684516e-02j
  -9.58163493e-05-6.25916522e-05j  6.33188709e-03+1.56024650e-02j
   5.21375352e-03+7.46221754e-03j -4.55852916e-03+5.41655841e-03j
  -3.59823143e-04-1.59290529e-03j  2.23518485e-03-1.89196522e-03j
  -1.25055634e-01-2.28701027e-01j  4.24365323e-01+7.49341058e-01j
   1.09098799e-02-4.89575966e-03j -1.78232675e-01-3.31596001e-01j
  -1.05067346e-01-1.84097433e-01j -6.91495144e-03-3.79747142e-03j
   1.39261168e-02+3.57435391e-02j -1.86096193e-03-7.59664171e-03j]
 [-1.26685655e-03-8.82663989e-04j  2.64838867e-03-1.08538381e-03j
   5.65635278e-04+1.34246373e-03j  6.10552430e-03-4.20407989e-03j
   2.71993243e-03+5.89463616e-03j -6.19357044e-03-1.47760332e-02j
   1.62871617e-03-1.44161751e-03j -1.59035298e-02-3.88287983e-02j
   1.50859689e-02+3.75124478e-02j -1.72346984e-02-1.95396611e-02j
  -2.01852378e-02-2.88252514e-02j -1.84944083e-02-2.53918600e-02j
  -7.81330373e-02-1.20298792e-01j  1.73292521e-01+3.03007698e-01j
  -8.65841088e-04-6.90554123e-03j  4.46012801e-01+8.07423720e-01j]
 [-5.65367950e-04-1.03693376e-03j  5.44721780e-04+1.38076933e-03j
   5.66487730e-03-5.93674714e-03j  6.28288152e-04+5.52029053e-04j
  -1.99663538e-03-8.39729649e-04j -1.33282401e-03+2.88806536e-04j
  -1.75873306e-02-4.17553758e-02j -1.32456792e-03+9.29902475e-04j
   1.21579767e-02+1.40240486e-02j -1.60686374e-02-3.50423075e-02j
   4.91906827e-03-7.93752723e-04j -1.05168350e-02-1.62297905e-02j
   4.73932644e-02+1.18457248e-02j  2.44724936e-02-3.60809569e-03j
   4.85197326e-01+8.70158876e-01j  2.67781133e-03+6.19908783e-03j]
 [ 5.53252072e-03-3.80564376e-03j -1.72260542e-03-9.93901088e-03j
  -3.88671990e-04-4.06821101e-04j  1.08376262e-03+2.23559648e-03j
  -1.59481252e-02-3.96789056e-02j -7.30430462e-03-9.10591529e-03j
  -1.22735962e-03+1.88825955e-03j  4.82367176e-04-2.85473632e-03j
  -1.20737172e-02-3.05658010e-02j  9.58358540e-02+1.74417340e-01j
   2.16802394e-03+5.63595339e-03j -2.38673815e-02-5.20195198e-02j
   4.53982630e-01+8.15887277e-01j  1.35216909e-01+2.43727602e-01j
   2.22502087e-02-4.31921107e-02j  1.33539511e-02+4.32675890e-02j]
 [ 5.19626695e-03+7.30977587e-03j -5.26821392e-03+5.91102768e-03j
  -4.87890717e-04-1.97205653e-03j  2.51183000e-03-2.05852597e-03j
  -4.04131000e-03-9.94096523e-03j  1.47797377e-02+3.67548235e-02j
   3.47174691e-04-2.57802413e-05j -6.26384528e-03-1.58731821e-02j
  -9.99414683e-02-1.85535847e-01j -3.03029493e-03-1.14806161e-02j
   1.68158919e-02+4.36586789e-02j -4.04286682e-03-3.89736459e-03j
   1.09748091e-01+2.09350353e-01j -4.20030487e-01-7.59938932e-01j
  -1.04828260e-02+6.46442822e-03j  1.74980617e-01+3.32442848e-01j]]

********* Summary *****************
Final fidelity error 0.058945741982329714
Final objective value 0.0592328252196812
Final penalized error 0.0002870854944836307
Final gradient 0.030466272684295356
Number of iterations 3318
Terminated due to function converged
Completed in 0:07:07.347189 HH:MM:SS.US
Computational time 427.34718916699995
total tv norm 61.305796684896166
total l2 norm 0.0028708549448363072
