Final evolution
[[-2.61644162e-03+2.94740046e-03j  5.63145595e-05+8.10226024e-04j
   1.48897653e-03+6.33159374e-04j -4.09893989e-01+9.11647816e-01j
   1.25293682e-03-4.29017966e-04j -3.74907789e-05-5.48624745e-04j
  -1.09979351e-04+4.78217176e-04j  9.70743802e-03-2.14605959e-02j
   3.79972078e-04+8.69842439e-04j  4.69718299e-05-1.13828691e-03j
  -9.53770761e-04+3.52765344e-04j -6.94636650e-04-5.88665865e-05j
   9.99787455e-04-3.64166129e-03j -2.43837505e-04+2.22096701e-03j
  -5.96127313e-03+1.47441711e-02j  4.33863578e-03-3.81516243e-03j]
 [-2.91567382e-04+6.42376364e-04j -1.85953515e-04-1.04641323e-03j
  -4.08827695e-01+9.12077265e-01j  1.38222845e-03+8.93274015e-04j
  -7.60524487e-04-1.12771789e-04j  7.67730815e-04+1.79886789e-03j
   8.94977518e-03-2.22406206e-02j -3.10337313e-03+8.38241440e-03j
   1.45715580e-03-4.03776762e-04j -1.04405923e-04+2.01129029e-04j
   8.29203407e-05-4.87023158e-05j -4.08720158e-04+1.57109976e-04j
   1.81590244e-04-2.20363799e-03j  1.64301827e-04-3.73497226e-03j
  -7.88596225e-04-5.50462854e-03j  5.52193055e-03-1.51250680e-02j]
 [-8.61000718e-03+2.36748940e-02j -4.10071627e-01+9.11112633e-01j
  -7.55926665e-04+3.18498103e-04j  6.18962094e-04-5.95019676e-04j
   6.45054100e-04-1.01344907e-03j  9.14782902e-03-2.29502731e-02j
   6.84020304e-03-1.03277175e-02j -1.85172639e-03+5.70928051e-04j
  -1.87421543e-03+5.75867641e-04j  5.43909463e-05-4.58645526e-04j
  -1.14075493e-03+7.31657679e-04j  5.78545124e-04+1.62413440e-03j
  -6.01782098e-03+1.43054108e-02j  4.50932675e-03-4.01995840e-03j
  -2.77376963e-03+3.43672072e-03j  1.49783403e-03-1.40501773e-03j]
 [-4.09479872e-01+9.11201041e-01j  1.18944102e-02-2.18496008e-02j
   2.76575545e-04-4.84944858e-04j  6.12298547e-04-4.23203052e-03j
   9.79780047e-03-2.42022647e-02j -5.00365596e-03+1.19098077e-02j
   8.91439004e-04+1.78622935e-03j  7.73940386e-03-1.32883311e-02j
  -5.02432373e-04+1.96849140e-04j  8.97341790e-04+2.69742197e-04j
   2.22436947e-04-4.13576922e-04j -4.11833554e-04-1.34153357e-04j
  -5.15880566e-04-5.66140485e-03j  5.42119144e-03-1.49505758e-02j
  -1.31901102e-03+1.59031519e-03j -2.17182579e-03+4.06677119e-03j]
 [-4.89327187e-03+1.47503930e-02j -6.95608709e-04-2.04567063e-03j
   4.21626223e-03-7.87725044e-03j -9.68277662e-03+2.14254705e-02j
  -4.40926789e-04+5.32992281e-03j -7.56703019e-04+1.71944709e-03j
  -2.34011008e-03+5.87883311e-04j -4.11344245e-01+9.10972372e-01j
  -1.16204650e-04+2.58043325e-04j -4.63511021e-04-1.23152097e-05j
  -1.29568548e-03+7.20375484e-04j  3.93339519e-04-1.82602229e-04j
   2.94778415e-05-1.27014076e-04j  1.49821358e-03-4.50574491e-04j
   1.75753330e-03-2.15506580e-04j  1.36269846e-04-4.17894986e-04j]
 [ 1.86341158e-03-2.47577438e-04j -3.26880051e-03+1.19815169e-02j
  -1.07390919e-02+2.14425373e-02j  2.74875655e-04-4.18887491e-04j
   8.80762780e-04-1.43684014e-05j  5.96855966e-04+5.12930528e-04j
  -4.12439940e-01+9.10574895e-01j -1.25306326e-03-1.92908549e-03j
   5.41681124e-04-1.91391663e-04j -1.84655196e-04+1.98224751e-04j
  -3.37763984e-04-3.43946963e-04j  9.62835787e-04-4.58968680e-04j
   2.85349136e-05-1.11423198e-03j -3.69273726e-04-9.62486812e-04j
   6.84381498e-04-1.00879911e-03j -7.76981713e-04-8.15557863e-04j]
 [ 5.03083798e-03-1.05163619e-02j -1.12775386e-02+2.23346087e-02j
   1.84433546e-03-6.06045926e-04j -3.99944800e-04+3.56890762e-04j
  -1.26783368e-02+2.33391845e-02j -4.10506331e-01+9.11044542e-01j
   9.27220812e-04-1.25560196e-04j  7.74520407e-04-1.64375510e-03j
  -1.09385006e-03+6.36411356e-04j  2.40216481e-04-1.31523535e-04j
  -1.01621889e-03+9.81958464e-05j  1.24392878e-04+2.46032379e-04j
   7.67895029e-04+2.87958740e-05j  1.09920097e-03-1.26950834e-03j
   3.62519390e-04+1.61687689e-04j  4.91728568e-04-4.20716678e-04j]
 [-1.17109115e-02+2.36067936e-02j  2.61130553e-04+8.58555279e-06j
  -6.30556686e-04-4.40753529e-04j  6.28600895e-04+9.77630370e-04j
  -4.11883083e-01+9.10452178e-01j  8.99321650e-03-2.46779064e-02j
   6.03510205e-04+7.26629879e-04j  3.89124501e-03-4.17716995e-03j
  -5.45720254e-04-1.94895520e-04j  1.14746656e-03-3.32280528e-04j
  -2.89907390e-04-3.31482011e-04j -9.59495947e-04+9.62056127e-05j
   4.44617468e-04-1.21145496e-03j  4.40075813e-04-5.68557745e-04j
   3.40918938e-04+1.63263404e-03j  1.13075968e-03-4.81476767e-04j]
 [-3.31978149e-04-2.61973279e-04j  1.60027275e-03-6.21367024e-04j
  -1.28432930e-04-3.51847939e-04j -4.96982529e-04-4.75628044e-04j
  -5.41249491e-04-7.79455161e-04j  2.42317044e-04-4.00481547e-05j
   2.72109985e-04+1.04595461e-03j  1.41148826e-04+4.32847651e-04j
  -3.00945957e-03+3.21967813e-03j -6.05206053e-05+2.08421356e-04j
   1.28451056e-03+7.11952160e-04j -4.12313204e-01+9.11023507e-01j
   1.33778459e-03-7.23233432e-04j  8.24527882e-04+1.97169954e-04j
   5.58072157e-04+4.51514557e-04j  7.53565697e-04+1.47423746e-03j]
 [-1.60653339e-04+3.73616350e-04j -2.18885735e-04-1.34987441e-03j
  -6.45525758e-05+2.51730168e-04j -3.79514468e-04-9.37453279e-04j
  -4.53331160e-04-2.47063661e-05j -5.80558801e-04-7.84055312e-04j
  -4.87352675e-04-1.54511242e-05j -2.97027158e-04-1.42704345e-03j
  -3.64151856e-05+1.53498957e-04j -8.99160390e-05-9.27985623e-04j
  -4.11634600e-01+9.11292680e-01j  1.39780376e-03+4.87956692e-04j
   8.38207070e-05+1.68085684e-04j  6.10316600e-04+1.31007180e-03j
   3.10212443e-04+4.24637460e-04j -3.88839765e-03+8.68068752e-03j]
 [ 7.86205770e-04+5.56235289e-04j -3.41717264e-04+2.84771292e-04j
   1.57033236e-04-2.37821773e-04j -9.35696478e-04+9.26406624e-04j
   4.52449852e-04+1.07491185e-03j  5.36541208e-05+2.01997503e-04j
   4.30791285e-05-2.67142393e-04j -3.10490314e-04-4.09258725e-04j
  -8.67135009e-03+2.32807835e-02j -4.11549501e-01+9.10956971e-01j
  -7.57955410e-04+5.60434481e-04j  1.10046456e-04-2.85395537e-04j
  -1.09632506e-03+3.05807351e-03j  1.31375901e-03-2.20118140e-04j
   6.48048477e-03-1.01052214e-02j -6.37346470e-04-2.16966454e-03j]
 [-3.21184975e-04-3.89230477e-04j -8.11268208e-04-1.75526015e-03j
   7.95132208e-04+1.20277204e-03j  9.27082005e-04-4.11535658e-04j
  -5.17657220e-04-3.45130798e-04j -2.15292871e-04-1.19774922e-03j
   2.07354086e-04+5.34599775e-04j  1.26013450e-04-2.20488098e-04j
  -4.11211961e-01+9.11020820e-01j  1.17885237e-02-2.19011156e-02j
   4.31033185e-05-2.79557353e-05j  4.01440002e-04-4.37792733e-03j
   3.62450982e-04-1.59214289e-03j -3.35696096e-03+7.49014308e-03j
   1.94428578e-03-5.09047656e-04j  7.75052290e-03-1.28187358e-02j]
 [ 1.56144456e-03-4.17411653e-03j -1.23674170e-04+2.06011236e-03j
  -7.63686402e-03+1.41914171e-02j  7.07822998e-05+5.87410630e-03j
   3.36929146e-04+1.30111198e-03j  2.70415260e-05+5.34572752e-04j
  -9.50079183e-04-4.08557557e-04j -3.14457470e-04+4.38225986e-04j
  -4.47457119e-03+1.43303865e-02j -1.93149717e-03+5.77066381e-04j
   3.91836048e-03-8.66140621e-03j  1.58815892e-03-4.64547966e-04j
  -3.34295132e-04+6.23216902e-03j -8.60760195e-04+6.07970044e-04j
  -9.68865660e-04-1.79254290e-03j -4.09574556e-01+9.11899177e-01j]
 [ 4.43527147e-04-2.17642468e-03j  7.09852810e-04-4.28452455e-03j
  -4.69988716e-03+3.07827431e-03j  7.07687061e-03-1.41768405e-02j
   1.44009467e-03-7.37947446e-04j  3.14924209e-04+2.96322670e-04j
  -2.13319501e-04+1.14134786e-03j  7.79169673e-04+1.84596960e-03j
   8.30110625e-04+2.07096011e-03j -3.30432223e-03+1.15224187e-02j
   5.54955023e-04-5.30470144e-05j  7.13911726e-04+1.03701285e-04j
   3.52803758e-04-5.04679093e-04j  3.52914417e-04+1.16480519e-03j
  -4.09715780e-01+9.11955493e-01j -2.01028246e-03+4.13298402e-04j]
 [-7.65562666e-03+1.42066655e-02j  3.65174460e-04+5.43884913e-03j
  -2.74578976e-03+2.59732712e-03j  1.45173163e-03-1.60786521e-03j
   3.11838140e-05+4.01947987e-04j -3.09961221e-04+1.72273595e-03j
  -8.99755383e-04+2.67054129e-04j  7.29399332e-04+1.28150407e-03j
   3.36894329e-03-7.42330203e-03j  6.75921242e-04+1.24114957e-03j
   1.39028249e-03-3.97816795e-04j  6.93782793e-04+5.62561405e-04j
  -1.13917307e-02+2.09212909e-02j -4.09965848e-01+9.11576260e-01j
   1.08237593e-03-5.04201755e-04j -5.81887445e-05-1.03474349e-03j]
 [-4.33215295e-03+2.70658719e-03j  6.82392186e-03-1.41848076e-02j
  -1.39220813e-03+1.48408791e-03j -2.06644035e-03+3.15510280e-03j
  -4.93767703e-04+1.04980017e-03j  3.41943929e-04+8.78397223e-04j
  -8.65656783e-04+8.90001467e-04j  5.42817742e-05-4.22491454e-05j
  -8.96045770e-04+1.36577315e-03j  1.58920654e-03-2.89099313e-03j
   1.27830435e-04-8.80448742e-06j  3.04040233e-04+1.43507782e-03j
  -4.09982884e-01+9.11589722e-01j  8.08764340e-03-2.23953291e-02j
  -1.78820517e-04+6.49015269e-04j  4.45942921e-03-4.37931231e-03j]]

********* Summary *****************
Final fidelity error 0.0011439563104665984
Final objective value 0.0011439564770442331
Final penalized error 1.8027156950348233e-10
Final gradient 0.0002827643791128592
Number of iterations 2
Terminated due to function converged
Completed in 0:00:00.722804 HH:MM:SS.US
Computational time 0.7228042499999994
total tv norm 53.97549746803878
total l2 norm 1.8027156950348233e-11
