Final evolution
[[ 9.55703650e-01+0.21055219j -9.51781394e-02-0.02359621j
   5.13324423e-03-0.03195587j  1.72720624e-01+0.0424583j
   0.00000000e+00+0.j          0.00000000e+00+0.j
   0.00000000e+00+0.j          0.00000000e+00+0.j
   0.00000000e+00+0.j          0.00000000e+00+0.j
   0.00000000e+00+0.j          0.00000000e+00+0.j
   0.00000000e+00+0.j          0.00000000e+00+0.j
   0.00000000e+00+0.j          0.00000000e+00+0.j        ]
 [ 2.55438519e-02-0.0216184j   3.08332284e-01-0.45487687j
  -8.08305371e-01-0.20718857j -2.34767603e-02+0.00790963j
   0.00000000e+00+0.j          0.00000000e+00+0.j
   0.00000000e+00+0.j          0.00000000e+00+0.j
   0.00000000e+00+0.j          0.00000000e+00+0.j
   0.00000000e+00+0.j          0.00000000e+00+0.j
   0.00000000e+00+0.j          0.00000000e+00+0.j
   0.00000000e+00+0.j          0.00000000e+00+0.j        ]
 [ 9.74914986e-02+0.02282081j  8.01755143e-01+0.20967875j
   4.93898886e-02+0.54778725j  9.11791259e-03-0.0245919j
   0.00000000e+00+0.j          0.00000000e+00+0.j
   0.00000000e+00+0.j          0.00000000e+00+0.j
   0.00000000e+00+0.j          0.00000000e+00+0.j
   0.00000000e+00+0.j          0.00000000e+00+0.j
   0.00000000e+00+0.j          0.00000000e+00+0.j
   0.00000000e+00+0.j          0.00000000e+00+0.j        ]
 [-1.69354754e-01-0.04971972j  3.41961439e-02-0.0213709j
  -2.99326011e-04-0.01254892j  9.41469546e-01+0.28407456j
   0.00000000e+00+0.j          0.00000000e+00+0.j
   0.00000000e+00+0.j          0.00000000e+00+0.j
   0.00000000e+00+0.j          0.00000000e+00+0.j
   0.00000000e+00+0.j          0.00000000e+00+0.j
   0.00000000e+00+0.j          0.00000000e+00+0.j
   0.00000000e+00+0.j          0.00000000e+00+0.j        ]
 [ 0.00000000e+00+0.j          0.00000000e+00+0.j
   0.00000000e+00+0.j          0.00000000e+00+0.j
   9.55703650e-01+0.21055219j -9.51781394e-02-0.02359621j
   5.13324423e-03-0.03195587j  1.72720624e-01+0.0424583j
   0.00000000e+00+0.j          0.00000000e+00+0.j
   0.00000000e+00+0.j          0.00000000e+00+0.j
   0.00000000e+00+0.j          0.00000000e+00+0.j
   0.00000000e+00+0.j          0.00000000e+00+0.j        ]
 [ 0.00000000e+00+0.j          0.00000000e+00+0.j
   0.00000000e+00+0.j          0.00000000e+00+0.j
   2.55438519e-02-0.0216184j   3.08332284e-01-0.45487687j
  -8.08305371e-01-0.20718857j -2.34767603e-02+0.00790963j
   0.00000000e+00+0.j          0.00000000e+00+0.j
   0.00000000e+00+0.j          0.00000000e+00+0.j
   0.00000000e+00+0.j          0.00000000e+00+0.j
   0.00000000e+00+0.j          0.00000000e+00+0.j        ]
 [ 0.00000000e+00+0.j          0.00000000e+00+0.j
   0.00000000e+00+0.j          0.00000000e+00+0.j
   9.74914986e-02+0.02282081j  8.01755143e-01+0.20967875j
   4.93898886e-02+0.54778725j  9.11791259e-03-0.0245919j
   0.00000000e+00+0.j          0.00000000e+00+0.j
   0.00000000e+00+0.j          0.00000000e+00+0.j
   0.00000000e+00+0.j          0.00000000e+00+0.j
   0.00000000e+00+0.j          0.00000000e+00+0.j        ]
 [ 0.00000000e+00+0.j          0.00000000e+00+0.j
   0.00000000e+00+0.j          0.00000000e+00+0.j
  -1.69354754e-01-0.04971972j  3.41961439e-02-0.0213709j
  -2.99326011e-04-0.01254892j  9.41469546e-01+0.28407456j
   0.00000000e+00+0.j          0.00000000e+00+0.j
   0.00000000e+00+0.j          0.00000000e+00+0.j
   0.00000000e+00+0.j          0.00000000e+00+0.j
   0.00000000e+00+0.j          0.00000000e+00+0.j        ]
 [ 0.00000000e+00+0.j          0.00000000e+00+0.j
   0.00000000e+00+0.j          0.00000000e+00+0.j
   0.00000000e+00+0.j          0.00000000e+00+0.j
   0.00000000e+00+0.j          0.00000000e+00+0.j
   9.48362486e-01+0.24147523j -9.43617174e-02-0.02667444j
   6.16822373e-03-0.03177233j  1.71250809e-01+0.04804458j
   0.00000000e+00+0.j          0.00000000e+00+0.j
   0.00000000e+00+0.j          0.00000000e+00+0.j        ]
 [ 0.00000000e+00+0.j          0.00000000e+00+0.j
   0.00000000e+00+0.j          0.00000000e+00+0.j
   0.00000000e+00+0.j          0.00000000e+00+0.j
   0.00000000e+00+0.j          0.00000000e+00+0.j
   2.62323841e-02-0.02077753j  3.22940663e-01-0.44462466j
  -8.01151166e-01-0.23332699j -2.37212246e-02+0.00714311j
   0.00000000e+00+0.j          0.00000000e+00+0.j
   0.00000000e+00+0.j          0.00000000e+00+0.j        ]
 [ 0.00000000e+00+0.j          0.00000000e+00+0.j
   0.00000000e+00+0.j          0.00000000e+00+0.j
   0.00000000e+00+0.j          0.00000000e+00+0.j
   0.00000000e+00+0.j          0.00000000e+00+0.j
   9.66990359e-02+0.02597457j  7.94523530e-01+0.23560316j
   3.15758261e-02+0.54910217j  9.91166442e-03-0.02428285j
   0.00000000e+00+0.j          0.00000000e+00+0.j
   0.00000000e+00+0.j          0.00000000e+00+0.j        ]
 [ 0.00000000e+00+0.j          0.00000000e+00+0.j
   0.00000000e+00+0.j          0.00000000e+00+0.j
   0.00000000e+00+0.j          0.00000000e+00+0.j
   0.00000000e+00+0.j          0.00000000e+00+0.j
  -1.67650918e-01-0.05519287j  3.48720763e-02-0.0202492j
   1.08326375e-04-0.01255202j  9.31748435e-01+0.31449661j
   0.00000000e+00+0.j          0.00000000e+00+0.j
   0.00000000e+00+0.j          0.00000000e+00+0.j        ]
 [ 0.00000000e+00+0.j          0.00000000e+00+0.j
   0.00000000e+00+0.j          0.00000000e+00+0.j
   0.00000000e+00+0.j          0.00000000e+00+0.j
   0.00000000e+00+0.j          0.00000000e+00+0.j
   0.00000000e+00+0.j          0.00000000e+00+0.j
   0.00000000e+00+0.j          0.00000000e+00+0.j
   9.48362486e-01+0.24147523j -9.43617174e-02-0.02667444j
   6.16822373e-03-0.03177233j  1.71250809e-01+0.04804458j]
 [ 0.00000000e+00+0.j          0.00000000e+00+0.j
   0.00000000e+00+0.j          0.00000000e+00+0.j
   0.00000000e+00+0.j          0.00000000e+00+0.j
   0.00000000e+00+0.j          0.00000000e+00+0.j
   0.00000000e+00+0.j          0.00000000e+00+0.j
   0.00000000e+00+0.j          0.00000000e+00+0.j
   2.62323841e-02-0.02077753j  3.22940663e-01-0.44462466j
  -8.01151166e-01-0.23332699j -2.37212246e-02+0.00714311j]
 [ 0.00000000e+00+0.j          0.00000000e+00+0.j
   0.00000000e+00+0.j          0.00000000e+00+0.j
   0.00000000e+00+0.j          0.00000000e+00+0.j
   0.00000000e+00+0.j          0.00000000e+00+0.j
   0.00000000e+00+0.j          0.00000000e+00+0.j
   0.00000000e+00+0.j          0.00000000e+00+0.j
   9.66990359e-02+0.02597457j  7.94523530e-01+0.23560316j
   3.15758261e-02+0.54910217j  9.91166442e-03-0.02428285j]
 [ 0.00000000e+00+0.j          0.00000000e+00+0.j
   0.00000000e+00+0.j          0.00000000e+00+0.j
   0.00000000e+00+0.j          0.00000000e+00+0.j
   0.00000000e+00+0.j          0.00000000e+00+0.j
   0.00000000e+00+0.j          0.00000000e+00+0.j
   0.00000000e+00+0.j          0.00000000e+00+0.j
  -1.67650918e-01-0.05519287j  3.48720763e-02-0.0202492j
   1.08326375e-04-0.01255202j  9.31748435e-01+0.31449661j]]

********* Summary *****************
Final fidelity error 0.4382204655570595
Final objective value 0.5592097381749553
Final penalized error 0.12098928887242442
Final gradient 0.15554947637681918
Number of iterations 1237
Terminated due to function converged
Completed in 0:01:29.767308 HH:MM:SS.US
Computational time 89.767307625
total tv norm 40.879346821434964
total l2 norm 12.098928887242442
