Final evolution
[[ 9.22989198e-02+1.92139955e-02j -5.98207998e-02-1.03598604e-02j
   2.02692784e-01+3.80855645e-02j -1.49002236e-01-3.04232855e-02j
  -1.58355052e-01-3.12748406e-02j  3.17917915e-01+7.28823119e-02j
  -2.14086569e-02-1.79533115e-03j  8.61218836e-01+2.09788087e-01j
   2.51728682e-04+5.23029703e-04j  6.91500132e-03+1.27610421e-03j
   1.00802203e-02+2.73486763e-03j  1.89883583e-02+3.70157095e-03j
  -8.03986433e-03-2.42930041e-03j  1.76480055e-02+5.22050882e-03j
  -1.13657961e-03-6.32081095e-04j  4.47551743e-02+1.44261809e-02j]
 [ 3.35328316e-02+7.94827374e-03j -8.82630009e-02-1.78207093e-02j
  -1.16889373e-01-2.53807109e-02j -2.03171312e-01-6.51937537e-02j
   7.39427081e-02+2.60040187e-02j  7.21544654e-03+2.86218805e-03j
   9.32544902e-01+2.27177260e-01j  1.50211692e-02+5.51160441e-03j
   4.26139052e-03+1.29215338e-03j -3.75868381e-03-1.07985550e-03j
   2.26059658e-02+4.36384720e-03j -9.97951306e-03-4.04038929e-03j
   2.50845866e-03+1.53294003e-03j  2.31104225e-03+4.65681709e-04j
   4.71851804e-02+1.53877980e-02j  5.33327984e-04+3.62417212e-05j]
 [-8.91447766e-02-1.96230800e-02j -4.40249028e-02-2.48074887e-02j
   2.68163883e-02+9.04969284e-03j -1.68773740e-02-4.99155829e-03j
   9.12548760e-01+2.20087407e-01j  2.97987694e-01+7.36219042e-02j
  -8.06195557e-02-1.23101877e-02j  5.06312936e-02+1.52744299e-02j
   2.23602867e-02+4.47808706e-03j  5.81199543e-03+3.22006865e-04j
  -9.46409623e-04+3.09671410e-04j  8.53535736e-04+1.70563962e-04j
   4.73382466e-02+1.49679007e-02j  9.51890452e-03+3.47664009e-03j
  -4.29275084e-03-9.16497112e-04j  3.36008603e-03+1.20252347e-03j]
 [-4.28248569e-01-9.11714675e-02j  4.64239226e-02+2.60731726e-03j
   1.03867344e-01+2.17166815e-02j -5.73684560e-02-9.85547631e-03j
   1.91218083e-01+4.49220193e-02j -7.73080171e-01-1.84729461e-01j
   4.51648648e-03+3.27338940e-03j  3.32760455e-01+8.48588184e-02j
  -1.51353538e-02-5.01831611e-03j -2.27178197e-02-5.28866560e-03j
   5.43848453e-03+1.67636824e-03j  7.49416326e-03+1.72630081e-03j
   1.59612070e-02+4.86098741e-03j -3.87569361e-02-1.26443777e-02j
  -5.57719239e-04-1.78023302e-04j  1.71400217e-02+5.86206318e-03j]
 [-1.36385079e-01-2.68558074e-02j  3.18923906e-01+7.36814525e-02j
  -1.50027638e-02+3.66788744e-03j  8.60563679e-01+2.05503661e-01j
  -4.89892661e-04-4.36027627e-03j  9.71349796e-02+2.14126376e-02j
   2.23339247e-01+4.12690742e-02j  1.55140698e-01+4.23045901e-02j
  -8.47597278e-03-2.16309123e-03j  1.69288750e-02+5.22252175e-03j
   1.43454673e-04+6.52574471e-04j  4.48444539e-02+1.43420373e-02j
   4.46731037e-03+5.98569181e-04j -4.30199025e-03-4.68686282e-04j
   1.21305128e-02+2.95957238e-03j -1.81505299e-02-3.09134937e-03j]
 [ 7.23729066e-02+2.37770205e-02j  2.87366959e-02+1.03298452e-02j
   9.35492101e-01+2.22900051e-01j  2.13115119e-02+1.10564270e-02j
   4.59140869e-03+6.19664250e-03j -5.10485159e-03-3.69734614e-03j
   1.24070326e-01+3.28728738e-02j -2.11209818e-01-5.94782215e-02j
   3.36090910e-03+1.38033404e-03j  1.66302546e-03+6.47196188e-04j
   4.74275944e-02+1.52061533e-02j  7.70576935e-04+1.05444741e-03j
  -1.86471665e-03-3.00070800e-04j -1.08600649e-03-4.67131408e-04j
  -2.16515815e-02-3.90484622e-03j -1.14554287e-02-4.30484087e-03j]
 [ 8.23563412e-01+2.01206093e-01j  2.89759362e-01+6.16936133e-02j
  -5.21810527e-02-4.22514699e-03j  4.23240694e-02+1.79179556e-02j
   2.03087449e-01+4.81094974e-02j -3.44951378e-01-9.24572273e-02j
  -1.53941745e-02-1.65675348e-04j  1.14555062e-01+3.22435455e-02j
   4.26592915e-02+1.40311917e-02j  8.90223676e-03+3.46994305e-03j
  -3.14585880e-03-6.41449730e-04j  4.91420294e-03+1.80673685e-03j
  -1.56145605e-02-2.36702780e-03j -2.57000330e-02-7.91881000e-03j
   1.45329124e-03+1.62790022e-04j  4.27030625e-03+1.64137536e-03j]
 [ 2.00275835e-01+5.27157869e-02j -8.61515600e-01-2.05710295e-01j
   1.15703503e-02+5.07853873e-03j  3.60838084e-01+9.39529443e-02j
   2.67532725e-02+2.26107050e-02j -1.56845745e-01-4.81430515e-02j
  -6.00565520e-03-1.02495487e-02j  4.16592052e-02+1.53080094e-02j
   1.57268698e-02+4.42535084e-03j -4.38590251e-02-1.39125105e-02j
  -1.96282250e-03-2.38210137e-04j  1.82851567e-02+6.15870163e-03j
  -5.56889671e-03-3.94172313e-04j  1.65160449e-02+2.22662241e-03j
  -2.39450787e-04-5.73845043e-04j -8.11658943e-03-1.45648037e-03j]
 [ 5.48623353e-03+4.68551312e-04j -1.63686431e-02-2.42104319e-03j
  -5.10636676e-03-1.20245530e-03j -4.39600008e-02-7.09756273e-03j
   4.31136344e-03+1.31687499e-03j -1.14119216e-02-2.49670875e-03j
   7.08718987e-04+8.39368501e-04j -2.54970680e-02-6.72899797e-03j
  -1.52670748e-01-3.22303335e-02j  3.36451865e-01+7.71283289e-02j
  -1.64306641e-02-2.84978883e-03j  8.96231883e-01+2.19273399e-01j
   7.34919238e-03-4.78348732e-03j  3.77643439e-02+4.97288913e-03j
  -3.06822896e-04-1.46288274e-02j  1.28482845e-03-1.52714203e-03j]
 [-5.54548191e-03-1.35465077e-03j  1.00462032e-03+2.82165316e-04j
  -4.84241839e-02-7.58141209e-03j  4.85172662e-03+1.73467677e-03j
   2.17779181e-04-6.92179931e-04j -3.83199780e-03-4.43386198e-04j
  -2.52471572e-02-6.97031998e-03j -2.80844683e-04+3.34307857e-04j
   8.45562878e-02+2.70220686e-02j  2.84414929e-02+7.75133562e-03j
   9.62306439e-01+2.30122472e-01j  1.77782446e-02+7.56170056e-03j
  -4.47800828e-02-5.73677929e-03j  6.72751910e-02+1.16899871e-02j
  -4.24776405e-02-1.08230602e-02j -2.48385901e-03-9.75310012e-03j]
 [-4.61710595e-02-7.37987519e-03j -1.32631774e-02-1.71008610e-03j
   3.39881840e-03-1.24292278e-05j -2.64108192e-03-5.86578532e-04j
  -2.68265911e-02-6.72673265e-03j  1.96720261e-03-6.08736988e-05j
   2.52326163e-03+3.22065266e-04j -2.84845294e-03-7.81520272e-04j
   9.04667849e-01+2.18316786e-01j  2.69477060e-01+6.70660194e-02j
  -7.81886142e-02-1.09976457e-02j  5.77565732e-02+1.82844686e-02j
  -1.73512561e-03-8.31388111e-03j -1.98814895e-01-5.86151975e-02j
  -2.71659227e-03+1.66340246e-03j  2.50253952e-02+7.34863405e-03j]
 [-5.04399049e-04+9.73428914e-04j  4.40257586e-02+7.62775544e-03j
  -3.10581408e-03-9.35603491e-04j -1.72817274e-02-3.13488707e-03j
  -1.68751658e-02-4.04991080e-03j  2.02333444e-02+5.84232467e-03j
   1.34498120e-03+4.80306906e-04j -9.61477824e-03-2.88191301e-03j
   2.41086341e-01+5.58796694e-02j -8.42581409e-01-2.08518893e-01j
   7.99263848e-04+4.14330874e-03j  3.51312179e-01+9.14325569e-02j
   2.07024721e-01+6.42069819e-02j  4.92384588e-02+6.90000394e-03j
  -2.68920475e-02-1.30118596e-02j -4.22392790e-03+2.24294793e-03j]
 [ 6.44732557e-03+1.14631152e-03j -9.73801609e-03-2.44292332e-03j
  -1.05405128e-03-8.40830598e-04j -2.48149014e-02-6.68170620e-03j
  -8.27827914e-03-1.00286192e-03j  1.45008320e-02+2.09345746e-03j
  -7.47489843e-03-1.18997892e-03j  4.39462647e-02+7.16081612e-03j
  -4.70970692e-02-8.66562510e-03j  1.05712883e-02+2.31656866e-03j
   2.69954867e-02+1.61256731e-02j  1.24208010e-03+2.39745122e-03j
   1.53994063e-01+3.25694410e-02j -3.21537012e-01-7.65567694e-02j
   1.67162710e-02-2.88254722e-03j -8.98579639e-01-2.27395197e-01j]
 [-1.37332624e-03-4.74877293e-04j -1.14246222e-03-2.81165280e-04j
  -2.45758150e-02-6.73232916e-03j -6.30641776e-05-1.11178464e-03j
   3.74820690e-03+8.13516399e-04j  1.68188141e-03+4.94222679e-04j
   4.84273958e-02+7.66698964e-03j  7.01239388e-03+2.44552123e-03j
  -1.28625044e-02-5.96785831e-03j  6.04718965e-03-2.51284588e-04j
  -4.30100664e-02-1.05174813e-02j -1.13156318e-02+1.37694105e-02j
  -7.14210830e-02-2.41429337e-02j -2.84771168e-02-9.32441566e-03j
  -9.65173755e-01-2.36186855e-01j -1.70380417e-02-1.16865182e-02j]
 [-2.32025529e-02-6.63273953e-03j  2.84220849e-03-9.41999421e-04j
   2.22887465e-03+5.09218285e-04j -6.16012055e-03-1.52886499e-03j
   4.25315015e-02+6.55984234e-03j  2.44691251e-02+5.32373911e-03j
  -3.72251792e-03-2.12471697e-04j -2.71043121e-04-2.39037289e-04j
  -8.48039027e-03+3.73481882e-03j -2.08769339e-01-3.53860972e-02j
  -1.33948454e-02-7.69225839e-03j  9.17294782e-02+2.52873536e-02j
  -8.99195091e-01-2.20119677e-01j -2.67749174e-01-6.43679405e-02j
   7.80955206e-02+1.00821239e-02j -5.69802836e-02-1.92465819e-02j]
 [-1.55728434e-02-2.77878474e-03j  2.29602462e-02+5.98135906e-03j
   4.38507752e-03+6.34873918e-04j -9.50529679e-03-2.59291996e-03j
   1.20218787e-02+1.83358254e-03j -4.10913053e-02-6.14198074e-03j
   1.04175468e-04+3.16779118e-04j  1.78206584e-02+3.05554038e-03j
   1.83037619e-01+3.45090710e-02j  3.31362459e-02+1.36488212e-02j
  -8.75455959e-02-2.14418750e-02j -1.56692370e-02-8.46443116e-03j
  -2.36791217e-01-6.45809104e-02j  8.46349673e-01+2.07450897e-01j
   1.33230456e-03-3.02628346e-04j -3.52487456e-01-9.28233960e-02j]]

********* Summary *****************
Final fidelity error 0.062401166512022876
Final objective value 0.06248613994203966
Final penalized error 8.49762857988368e-05
Final gradient 0.03910094477455475
Number of iterations 427
Terminated due to function converged
Completed in 0:00:59.443238 HH:MM:SS.US
Computational time 59.443237915999994
total tv norm 46.16596715061403
total l2 norm 8.49762857988368e-05
