Final evolution
[[ 8.58209733e-02-2.42822993e-02j -3.29855978e-08-7.41297102e-09j
   3.88104121e-08-7.78130334e-09j  2.21852549e-01-4.52139782e-01j
   8.49788071e-02-2.14839037e-02j -3.02167893e-08-6.10845950e-09j
   1.37160457e-08+1.78133990e-08j  2.30429749e-01-4.38042037e-01j
   1.36168399e-02-2.24537512e-03j  2.02109720e-08+1.73038723e-08j
   7.99385192e-09+2.60290300e-09j  4.19525400e-02-6.56733765e-02j
   1.16778795e-01-3.07002926e-02j -3.46213491e-08-3.76723754e-09j
   2.76162575e-08+1.32980115e-08j  3.11715336e-01-6.06403190e-01j]
 [ 2.90335715e-08+7.87999784e-09j -7.15047169e-02-2.31529116e-02j
  -2.19690322e-01+4.55731265e-01j -4.17295083e-08+5.75441578e-09j
   2.82886572e-08+3.80200405e-09j -6.96047676e-02-2.47197168e-02j
  -2.28404833e-01+4.41629930e-01j -1.59755756e-08-1.90181387e-08j
  -2.09198361e-08-1.67871465e-08j -1.05929967e-02-4.79995598e-03j
  -4.16823591e-02+6.62630955e-02j -6.29512791e-09-8.46437474e-10j
   3.07988171e-08+1.86298437e-09j -9.62024666e-02-3.31453998e-02j
  -3.08879307e-01+6.11319161e-01j -3.02819299e-08-1.46767488e-08j]
 [-3.92606187e-08+7.50961903e-09j -2.23168558e-01+4.54038124e-01j
  -6.23320758e-02-4.19963591e-02j  3.14135039e-08+1.90243760e-08j
  -1.41393114e-08-1.78726414e-08j -2.31774991e-01+4.39870568e-01j
  -6.00733694e-02-4.29776497e-02j  2.68928106e-08+1.85228775e-08j
  -7.59657623e-09-2.32811931e-09j -4.21878081e-02+6.59424426e-02j
  -8.85584978e-03-7.53824126e-03j -1.18788449e-08-2.33360635e-08j
  -2.80441736e-08-1.33652542e-08j -3.13544608e-01+6.08939506e-01j
  -8.33106145e-02-5.84198051e-02j  3.30872953e-08+1.77743391e-08j]
 [ 2.19008016e-01-4.53524448e-01j  4.24345193e-08-5.28016673e-09j
  -2.75005432e-08-1.82130441e-08j  3.38288574e-02+8.25256198e-02j
   2.27673603e-01-4.39480860e-01j  1.64618841e-08+1.94676177e-08j
  -2.57753072e-08-1.57180718e-08j  3.09531935e-02+8.20052168e-02j
   4.15391791e-02-6.59356095e-02j  6.08321277e-09+4.35352381e-10j
   1.27074895e-08+2.30574789e-08j  3.77039077e-03+1.32756993e-02j
   3.07900011e-01-6.08349294e-01j  3.09484423e-08+1.51547477e-08j
  -3.00426257e-08-1.47551886e-08j  4.37055482e-02+1.12559407e-01j]
 [-1.28839930e-01+3.34549787e-02j  3.71216837e-08+2.12445565e-09j
  -2.98384257e-08-2.34542207e-08j -3.45657788e-01+6.67463466e-01j
   9.69701949e-02-2.37290251e-02j -4.49695562e-08-1.86635464e-08j
   2.66251286e-08-8.31799754e-09j  2.66249528e-01-4.96886427e-01j
  -4.08471446e-02+1.06921141e-02j  8.44941751e-09-2.03715553e-09j
  -9.23143241e-09-5.81228802e-09j -1.09226979e-01+2.11934320e-01j
   2.99198028e-02-6.69526958e-03j  9.81289614e-09+1.10857518e-08j
   8.22199541e-09-1.21801448e-08j  8.47809524e-02-1.50949340e-01j]
 [-3.23688868e-08+9.61187002e-10j  1.05943683e-01+3.68603015e-02j
   3.42547718e-01-6.72892312e-01j  3.24698290e-08+2.47196690e-08j
   4.14033299e-08+1.83877198e-08j -7.90586052e-02-2.87590520e-02j
  -2.63974540e-01+5.00990333e-01j -3.04615999e-08+5.30290576e-09j
  -6.94974996e-09+2.78383040e-09j  3.36282392e-02+1.16261173e-02j
   1.08237086e-01-2.13654412e-01j  9.82898758e-09+5.91397141e-09j
  -1.10222475e-08-9.69739613e-09j -2.41001350e-02-9.31233769e-03j
  -8.41074109e-02+1.52223328e-01j -7.62457030e-09+1.31189011e-08j]
 [ 3.02382151e-08+2.34399822e-08j  3.47682841e-01-6.70253418e-01j
   9.16473973e-02+6.46799847e-02j -3.60764455e-08-1.80216591e-08j
  -2.73025009e-08+7.91125942e-09j -2.67797546e-01+4.98957259e-01j
  -6.80443641e-02-4.94703007e-02j  3.74784701e-08+3.37388418e-08j
   9.30821017e-09+5.76820546e-09j  1.09867588e-01-2.12820553e-01j
   2.91107824e-02+2.04594093e-02j -9.35066005e-09-1.80021626e-09j
  -8.02627829e-09+1.23070970e-08j -8.52688975e-02+1.51575768e-01j
  -2.05919563e-02-1.56047261e-02j -4.21614637e-09-1.49076572e-08j]
 [-3.41458237e-01+6.69621578e-01j -3.31818677e-08-2.52426553e-08j
   3.25196684e-08+1.35891180e-08j -4.78061093e-02-1.24231796e-01j
   2.63123039e-01-4.98549094e-01j  3.12821445e-08-4.57570147e-09j
  -3.41613625e-08-3.23371712e-08j  3.45395717e-02+9.36659133e-02j
  -1.07893539e-01+2.12616258e-01j -1.00263133e-08-6.00519357e-09j
   8.15760440e-09+6.18590242e-10j -1.52414179e-02-3.93765121e-02j
   8.38310780e-02-1.51478921e-01j  7.62604029e-09-1.33896373e-08j
   5.79882377e-09+1.39638983e-08j  1.00348394e-02+2.89710758e-02j]
 [ 5.00790971e-02-1.35527078e-02j -3.27589604e-08-2.27505218e-09j
   7.95011751e-09+6.07331243e-09j  1.32048307e-01-2.61509716e-01j
   6.61855200e-03-3.53200801e-03j -1.97587887e-08-9.54228859e-10j
  -9.77032770e-09+9.26451674e-09j  1.01389598e-02-4.11309526e-02j
  -1.59692043e-01+3.92420679e-02j  4.80084349e-08+8.28528303e-09j
  -4.65520636e-08-1.06194437e-08j -4.37771909e-01+8.18902038e-01j
  -2.41989720e-02+5.75580136e-03j -1.21027039e-08+3.37873279e-09j
   2.49403974e-09-1.87581628e-08j -6.71391739e-02+1.23372682e-01j]
 [ 3.14144970e-08+9.89412300e-10j -4.14364683e-02-1.39425953e-02j
  -1.30814550e-01+2.63613079e-01j -1.07733204e-08-6.89722953e-09j
   2.06128185e-08-4.32046902e-10j -6.29113863e-03-6.22771162e-04j
  -9.89696178e-03+4.13874130e-02j  8.06297617e-09-9.38027752e-09j
  -4.21597170e-08-6.48246838e-09j  1.30272061e-01+4.72454204e-02j
   4.34017952e-01-8.25658379e-01j  5.03352184e-08+1.30280180e-08j
   1.15570680e-08-1.90929150e-09j  1.96515245e-02+7.29301810e-03j
   6.65789674e-02-1.24398864e-01j -4.00697675e-09+1.87478682e-08j]
 [-8.46567729e-09-6.08849556e-09j -1.32826391e-01+2.62605125e-01j
  -3.59758490e-02-2.48418026e-02j  3.03469051e-08+1.48613293e-08j
   9.39529414e-09-9.20564758e-09j -1.02131331e-02+4.13105280e-02j
  -5.87461162e-03-2.33563855e-03j  1.71822388e-08+8.83057587e-09j
   4.71348074e-08+1.08249342e-08j  4.40318497e-01-8.22315610e-01j
   1.12162512e-01+8.13788083e-02j -4.55231664e-08-2.70039437e-08j
  -2.74139623e-09+1.87470303e-08j  6.75282122e-02-1.23886145e-01j
   1.68738518e-02+1.24355802e-02j  1.30349811e-08-2.06364498e-10j]
 [ 1.30403005e-01-2.62334029e-01j  1.13385247e-08+7.22773547e-09j
  -2.94607070e-08-1.32113738e-08j  1.91273630e-02+4.82258835e-02j
   9.88039206e-03-4.11938298e-02j -7.80406619e-09+9.54061354e-09j
  -1.84200704e-08-7.78006517e-09j  4.25760492e-03+6.17682050e-03j
  -4.32619265e-01+8.21635785e-01j -5.12865663e-08-1.37368367e-08j
   4.05181457e-08+2.34385780e-08j -5.70439901e-02-1.54231877e-01j
  -6.63628728e-02+1.23791988e-01j  4.32922090e-09-1.87738939e-08j
  -1.20473990e-08-1.01604735e-09j -8.45464281e-03-2.33931296e-02j]
 [ 4.41833773e-02-9.51235499e-03j  1.09720231e-08-3.17538109e-09j
   1.52787055e-08+1.54575568e-09j  1.26772437e-01-2.21496865e-01j
   1.10427924e-01-2.25440118e-02j -5.23245293e-08-7.14305913e-09j
   2.85868391e-08+6.95206142e-09j  3.22011663e-01-5.48946470e-01j
   3.67936476e-02-6.28876770e-03j -7.50403003e-09-3.95940066e-09j
   3.22597867e-09+2.72345762e-08j  1.12427770e-01-1.78290290e-01j
  -1.16884865e-01+2.46469667e-02j  3.08510231e-08+7.88527546e-09j
  -3.02453603e-08-7.73721474e-09j -3.37543783e-01+5.84005851e-01j]
 [-1.22651635e-08+3.52467103e-09j -3.54139238e-02-1.40143723e-02j
  -1.25794793e-01+2.23382831e-01j -1.41087350e-08-2.00640965e-09j
   4.86989075e-08+5.45917022e-09j -8.79344992e-02-3.58883905e-02j
  -3.19624019e-01+5.53675294e-01j -3.30143162e-08-8.93792412e-09j
   6.11807866e-09+9.40858077e-10j -2.87267376e-02-1.28145220e-02j
  -1.11687673e-01+1.79881011e-01j -3.18964475e-09-2.76557695e-08j
  -2.67930606e-08-6.48998674e-09j  9.34435151e-02+3.74369323e-02j
   3.34980942e-01-5.89001475e-01j  3.25787900e-08+9.53023314e-09j]
 [-1.50168560e-08-1.65635749e-09j -1.27499168e-01+2.22414435e-01j
  -3.01676147e-02-2.32478743e-02j -1.01914882e-08-7.48565433e-10j
  -2.93581727e-08-7.10015057e-09j -3.23848243e-01+5.51215167e-01j
  -7.46066867e-02-5.87732509e-02j  4.85378360e-08+2.69970739e-08j
  -3.22390535e-09-2.71785307e-08j -1.13059832e-01+1.79021755e-01j
  -2.40716921e-02-2.02482361e-02j  5.45476334e-09+8.74266672e-09j
   3.05974272e-08+7.90105424e-09j  3.39474831e-01-5.86422892e-01j
   7.94739618e-02+6.17827145e-02j -2.83190041e-08-1.98290664e-08j]
 [ 1.25378584e-01-2.22288827e-01j  1.39498494e-08+2.03594686e-09j
   1.15228518e-08+8.24303881e-10j  1.44463898e-02+4.28247305e-02j
   3.18557054e-01-5.50958385e-01j  3.39705251e-08+9.57681228e-09j
  -4.56031006e-08-2.42446282e-08j  3.48835782e-02+1.07171334e-01j
   1.11305605e-01-1.78992997e-01j  3.23820396e-09+2.79083781e-08j
  -5.08720744e-09-5.43851150e-09j  1.04080452e-02+3.58468087e-02j
  -3.33868638e-01+5.86114640e-01j -3.31775039e-08-1.00384154e-08j
   2.48936674e-08+1.72180429e-08j -3.77030211e-02-1.13349137e-01j]]

********* Summary *****************
Final fidelity error 0.143931640155749
Final objective value 0.14401289440313172
Final penalized error 8.126556667100412e-05
Final gradient 0.1253399924428928
Number of iterations 689
Terminated due to function converged
Completed in 0:01:40.849242 HH:MM:SS.US
Computational time 100.84924208300001
total tv norm 69.14194240788373
total l2 norm 8.126556667100412e-06
