Final evolution
[[-2.65191328e-03+2.96900347e-03j  5.18725441e-05+7.99856609e-04j
   1.50077137e-03+6.06663256e-04j -4.09703833e-01+9.11732644e-01j
   1.25286025e-03-4.28582107e-04j -3.07084389e-05-5.48023697e-04j
  -1.09046628e-04+4.70961271e-04j  9.72672805e-03-2.14736788e-02j
   3.79689548e-04+8.69905224e-04j  4.96311474e-05-1.13520134e-03j
  -9.55139429e-04+3.53234084e-04j -6.90650000e-04-6.57032157e-05j
   1.00026192e-03-3.64216602e-03j -2.43800094e-04+2.22050881e-03j
  -5.96169265e-03+1.47458271e-02j  4.33656315e-03-3.80466801e-03j]
 [-2.97377278e-04+6.38007671e-04j -1.62649797e-04-1.07931369e-03j
  -4.08646828e-01+9.12157817e-01j  1.37073037e-03+9.19295001e-04j
  -7.68116392e-04-1.12452667e-04j  7.66006203e-04+1.80287501e-03j
   8.97040389e-03-2.22499265e-02j -3.10149687e-03+8.38774261e-03j
   1.46012264e-03-4.01146936e-04j -1.04622048e-04+2.00878778e-04j
   8.71723173e-05-5.56463406e-05j -4.07352948e-04+1.56550579e-04j
   1.82349915e-04-2.20406842e-03j  1.64069880e-04-3.73518855e-03j
  -7.91203608e-04-5.49408665e-03j  5.51954613e-03-1.51276123e-02j]
 [-8.60280064e-03+2.36613627e-02j -4.09908976e-01+9.11185706e-01j
  -7.65103613e-04+3.57938833e-04j  6.07641988e-04-5.92906347e-04j
   6.47335756e-04-1.02105954e-03j  9.16692259e-03-2.29626313e-02j
   6.83994903e-03-1.03302760e-02j -1.85618767e-03+5.65774223e-04j
  -1.87118366e-03+5.78085881e-04j  5.89278972e-05-4.66166091e-04j
  -1.14085346e-03+7.32170947e-04j  5.78431139e-04+1.62322182e-03j
  -6.01865343e-03+1.43068291e-02j  4.50754999e-03-4.00977565e-03j
  -2.77393045e-03+3.43723208e-03j  1.49781178e-03-1.40545203e-03j]
 [-4.09323360e-01+9.11270978e-01j  1.18816969e-02-2.18390414e-02j
   2.69690170e-04-4.86929576e-04j  6.03682919e-04-4.27353837e-03j
   9.81954426e-03-2.42125152e-02j -5.00334176e-03+1.19162474e-02j
   8.96463724e-04+1.79384088e-03j  7.73831036e-03-1.32918415e-02j
  -4.99024220e-04+1.90056026e-04j  8.94446796e-04+2.68031332e-04j
   2.21515296e-04-4.14690047e-04j -4.11823008e-04-1.33603772e-04j
  -5.18373586e-04-5.65081352e-03j  5.41927881e-03-1.49531861e-02j
  -1.31876660e-03+1.58956842e-03j -2.17103406e-03+4.06800757e-03j]
 [-4.89277870e-03+1.47553359e-02j -7.03604177e-04-2.04561529e-03j
   4.21872476e-03-7.88261654e-03j -9.67080087e-03+2.14518122e-02j
  -4.75915221e-04+5.35275308e-03j -7.60956087e-04+1.71140120e-03j
  -2.32725523e-03+5.58184571e-04j -4.11150808e-01+9.11058968e-01j
  -1.16332637e-04+2.57860125e-04j -4.63735304e-04-1.26028530e-05j
  -1.29554114e-03+7.21320342e-04j  3.95616291e-04-1.81023661e-04j
   2.95988909e-05-1.26737432e-04j  1.50121684e-03-4.47880951e-04j
   1.75473933e-03-2.17505910e-04j  1.40866760e-04-4.23297972e-04j]
 [ 1.87158496e-03-2.49085645e-04j -3.26537939e-03+1.19826657e-02j
  -1.07236750e-02+2.14687806e-02j  2.68966938e-04-4.11988477e-04j
   8.75274059e-04-2.08298622e-05j  6.20007678e-04+4.81063267e-04j
  -4.12255106e-01+9.10658188e-01j -1.26777652e-03-1.89906550e-03j
   5.42116474e-04-1.91190611e-04j -1.84684586e-04+1.98059182e-04j
  -3.35819856e-04-3.42071363e-04j  9.62126913e-04-4.59920396e-04j
   3.10866888e-05-1.11126063e-03j -3.69293499e-04-9.62412809e-04j
   6.89803416e-04-1.01474366e-03j -7.74410765e-04-8.14112446e-04j]
 [ 5.03264575e-03-1.05219249e-02j -1.12663324e-02+2.23617014e-02j
   1.84552787e-03-6.08993026e-04j -3.95254410e-04+3.62201363e-04j
  -1.26699161e-02+2.33219240e-02j -4.10340170e-01+9.11119355e-01j
   9.18232536e-04-8.78189016e-05j  7.64524082e-04-1.64318813e-03j
  -1.09354123e-03+6.37466178e-04j  2.42504705e-04-1.29926420e-04j
  -1.01623951e-03+9.85752390e-05j  1.24297283e-04+2.46296016e-04j
   7.69508185e-04+2.85418805e-05j  1.10427036e-03-1.27563196e-03j
   3.62544957e-04+1.61424908e-04j  4.90781709e-04-4.21883898e-04j]
 [-1.16961819e-02+2.36334407e-02j  2.56061625e-04+1.49719280e-05j
  -6.35882125e-04-4.46061631e-04j  6.28743812e-04+9.74619721e-04j
  -4.11722043e-01+9.10524898e-01j  8.97710683e-03-2.46632251e-02j
   5.95786453e-04+7.25879021e-04j  3.88382855e-03-4.22059010e-03j
  -5.43785099e-04-1.93036753e-04j  1.14683613e-03-3.33289715e-04j
  -2.89922459e-04-3.31924673e-04j -9.59529543e-04+9.66488119e-05j
   4.49379492e-04-1.21730830e-03j  4.38314903e-04-5.68301874e-04j
   3.40762569e-04+1.63180975e-03j  1.13088189e-03-4.81931159e-04j]
 [-3.31697056e-04-2.62126593e-04j  1.59937034e-03-6.21507751e-04j
  -1.27636631e-04-3.50422073e-04j -4.99469430e-04-4.67835478e-04j
  -5.41222966e-04-7.79576657e-04j  2.42462428e-04-4.05067521e-05j
   2.71373699e-04+1.04593487e-03j  1.44156908e-04+4.33394317e-04j
  -3.04510712e-03+3.24136750e-03j -6.51579034e-05+1.97849593e-04j
   1.29640777e-03+6.85350100e-04j -4.12131570e-01+9.11105493e-01j
   1.33688871e-03-7.22383622e-04j  8.31998265e-04+1.97106677e-04j
   5.60044613e-04+4.44167775e-04j  7.73500795e-04+1.46924785e-03j]
 [-1.62071318e-04+3.73680928e-04j -2.18905055e-04-1.35021528e-03j
  -6.67854716e-05+2.59675525e-04j -3.80694767e-04-9.38766914e-04j
  -4.53651093e-04-2.43958793e-05j -5.80585098e-04-7.84039789e-04j
  -4.84590664e-04-1.51532581e-05j -2.96736902e-04-1.42725687e-03j
  -4.19627858e-05+1.48813914e-04j -6.64316499e-05-9.60859321e-04j
  -4.11462309e-01+9.11370393e-01j  1.38601240e-03+5.14096168e-04j
   7.68718347e-05+1.67727411e-04j  6.08957901e-04+1.31313076e-03j
   3.31201747e-04+4.23033091e-04j -3.88768441e-03+8.68641282e-03j]
 [ 7.83402628e-04+5.55282667e-04j -3.43942044e-04+2.93350239e-04j
   1.56630790e-04-2.37931667e-04j -9.31465502e-04+9.26631789e-04j
   4.51862517e-04+1.07492594e-03j  5.65469257e-05+2.02397709e-04j
   4.29407662e-05-2.67238895e-04j -3.11078362e-04-4.09218233e-04j
  -8.66432732e-03+2.32670716e-02j -4.11395006e-01+9.11027106e-01j
  -7.67199647e-04+5.99906058e-04j  9.87657829e-05-2.82949730e-04j
  -1.09497944e-03+3.05077410e-03j  1.33307000e-03-2.24792502e-04j
   6.48002798e-03-1.01066186e-02j -6.42323226e-04-2.17693000e-03j]
 [-3.23829333e-04-3.81822063e-04j -8.08403695e-04-1.75461817e-03j
   7.99569578e-04+1.20294835e-03j  9.26648396e-04-4.12197491e-04j
  -5.14906852e-04-3.44895435e-04j -2.14975163e-04-1.19800551e-03j
   2.07807546e-04+5.34584463e-04j  1.25903400e-04-2.20709154e-04j
  -4.11063725e-01+9.11087825e-01j  1.17758748e-02-2.18904629e-02j
   3.60716894e-05-2.98636530e-05j  3.92821790e-04-4.41946886e-03j
   3.83809766e-04-1.59452238e-03j -3.35666227e-03+7.49569425e-03j
   1.94898575e-03-5.03456281e-04j  7.74953950e-03-1.28230487e-02j]
 [ 1.56082477e-03-4.17474302e-03j -1.22297773e-04+2.05957269e-03j
  -7.63439654e-03+1.41941125e-02j  7.90755180e-05+5.86693659e-03j
   3.36761747e-04+1.30152786e-03j  2.58433267e-05+5.34674731e-04j
  -9.47027877e-04-4.07399607e-04j -3.15518235e-04+4.45449371e-04j
  -4.47314308e-03+1.43345293e-02j -1.94003430e-03+5.78978407e-04j
   3.91947755e-03-8.66626437e-03j  1.59732110e-03-4.47849095e-04j
  -3.69239152e-04+6.25542414e-03j -8.65534183e-04+5.99487344e-04j
  -9.55775885e-04-1.82339492e-03j -4.09387690e-01+9.11982752e-01j]
 [ 4.43297208e-04-2.17690416e-03j  7.08929766e-04-4.28505103e-03j
  -4.69284676e-03+3.07198782e-03j  7.07194341e-03-1.41807677e-02j
   1.43898719e-03-7.37942938e-04j  3.14705582e-04+2.96357938e-04j
  -2.13783034e-04+1.14975435e-03j  7.76104213e-04+1.84508164e-03j
   8.37746929e-04+2.07108452e-03j -3.30177595e-03+1.15242001e-02j
   5.67739913e-04-3.62933880e-05j  7.09529744e-04+1.09860562e-04j
   3.47110600e-04-5.11369219e-04j  3.76009868e-04+1.13306472e-03j
  -4.09537071e-01+9.12035746e-01j -2.02459160e-03+4.44527277e-04j]
 [-7.65332809e-03+1.42087407e-02j  3.73438915e-04+5.43115988e-03j
  -2.74557955e-03+2.59866718e-03j  1.45086718e-03-1.60918318e-03j
   3.07782171e-05+4.00648587e-04j -3.10647520e-04+1.73095829e-03j
  -8.99442155e-04+2.67596686e-04j  7.33886506e-04+1.28170454e-03j
   3.37133801e-03-7.42698435e-03j  6.85301334e-04+1.25900972e-03j
   1.39164419e-03-4.01506413e-04j  6.98980959e-04+5.68226916e-04j
  -1.13834838e-02+2.09035886e-02j -4.09806586e-01+9.11648334e-01j
   1.07346202e-03-4.66590011e-04j -6.83839625e-05-1.03356015e-03j]
 [-4.32529033e-03+2.70007423e-03j  6.81919500e-03-1.41883564e-02j
  -1.39129405e-03+1.48406672e-03j -2.06512495e-03+3.15621710e-03j
  -4.94711336e-04+1.05783355e-03j  3.42838886e-04+8.79376170e-04j
  -8.61360975e-04+8.90290545e-04j  5.45390326e-05-4.22718213e-05j
  -8.83530972e-04+1.38317165e-03j  1.58303129e-03-2.88645664e-03j
   1.23010785e-04-1.35050927e-05j  3.04413572e-04+1.43341994e-03j
  -4.09828281e-01+9.11659614e-01j  8.07215788e-03-2.23800701e-02j
  -1.87195992e-04+6.48440243e-04j  4.45203314e-03-4.42297423e-03j]]

********* Summary *****************
Final fidelity error 0.0011439420249537147
Final objective value 0.0011440048370767312
Final penalized error 6.282453886269812e-08
Final gradient 0.0003171379156347575
Number of iterations 4345
Terminated due to function converged
Completed in 0:11:03.076745 HH:MM:SS.US
Computational time 663.076745
total tv norm 53.97679343916199
total l2 norm 6.282453886269812e-07
