Final evolution
[[-0.00101852+2.98610722e-04j -0.04024149-9.99141662e-01j
  -0.00298829+8.53019229e-05j  0.00162808+9.15686930e-03j]
 [-0.04032875-9.99139759e-01j -0.00109407-2.21732258e-04j
   0.00110824-9.04763350e-03j -0.00299901+7.37320238e-05j]
 [-0.00299438+1.65539411e-04j  0.00088484-9.25138762e-03j
  -0.00127644+2.93409088e-04j -0.04044381-9.99133233e-01j]
 [ 0.00183594+8.93546578e-03j -0.00298695+1.53130708e-04j
  -0.0405173 -9.99131927e-01j -0.00124181-1.99463862e-04j]]

********* Summary *****************
Final fidelity error 4.7596332141575104e-05
Final objective value 4.775814002627296e-05
Final penalized error 1.6180788403172198e-07
Final gradient 0.00010342996232762949
Number of iterations 612
Terminated due to function converged
Completed in 0:06:26.761207 HH:MM:SS.US
Computational time 386.761207042
total tv norm 230.7948687315982
total l2 norm 1.6180788403172198e-07
