Final evolution
[[1.95142612e-01+1.31225548e-02j 6.97297650e-02-9.78202773e-01j
  7.71376462e-04-5.18847620e-04j 5.43769389e-05+1.84056651e-03j]
 [7.00268863e-02-9.78178371e-01j 1.95028175e-01+1.47549858e-02j
  1.23074631e-04-2.22079057e-03j 6.58426775e-04+2.05699346e-03j]
 [8.05112017e-04-1.87375135e-03j 5.62051759e-04-1.51594896e-03j
  1.94618531e-01+1.51317293e-02j 6.91807467e-02-9.78315853e-01j]
 [5.69411760e-05+2.51148592e-03j 5.50799936e-04+6.92340353e-04j
  6.95391596e-02-9.78290934e-01j 1.94803765e-01+1.24720921e-02j]]

********* Summary *****************
Final fidelity error 0.0192788449814445
Final objective value 0.019278844981448384
Final penalized error 0.0
Final gradient 0.031915983521412276
Number of iterations 652
Terminated due to function converged
Completed in 0:00:24.925809 HH:MM:SS.US
Computational time 24.9258095
total tv norm 32.37996177346466
total l2 norm 1064.1480846914721
