Final evolution
[[ 1.17622892e-02-1.28644834e-02j -1.58359887e-01+3.64003604e-02j
  -2.88972648e-02+2.02982345e-02j  6.64435442e-01-1.33600428e-01j
  -2.82726048e-03+2.35337353e-03j  3.39674007e-02-5.08359223e-03j
  -3.55298432e-05-1.69387155e-02j -1.12851062e-01+3.72568286e-02j
  -8.67696782e-04+8.99324526e-04j -3.51664619e-02+5.53008331e-03j
  -4.45623390e-04-5.70685214e-04j -5.87095930e-03+6.63637701e-03j
  -1.09560215e-02+1.31662875e-02j  1.58904879e-01-4.05455225e-02j
   2.65106381e-02-2.11850811e-02j -6.65257902e-01+1.57681824e-01j]
 [ 2.06468603e-02-2.17777338e-03j  6.20035250e-03+2.67382235e-03j
  -6.86811356e-01+1.46706314e-01j -3.63693431e-02-8.61848275e-03j
  -8.52678105e-03-4.14289734e-03j  2.33664321e-03-1.89078622e-03j
   1.14971455e-01-2.98676322e-02j -4.59102796e-03+3.75230102e-03j
   3.41779470e-02-7.81340127e-03j -2.72677695e-04+2.90033513e-03j
   3.02347766e-03-2.50892763e-03j -4.43974509e-04+5.57115911e-04j
  -2.10130359e-02-6.63885698e-04j -5.35490391e-03-2.48216308e-03j
   6.88311632e-01-1.18126929e-01j  3.32683039e-02+9.22600508e-03j]
 [-5.81535441e-01-3.92140416e-01j -1.96721014e-02-3.37349329e-02j
  -1.95039508e-02-1.05966540e-02j  1.09164722e-03+7.43557127e-03j
   1.13964283e-01+5.09234775e-02j -4.84850565e-03-3.70762269e-03j
   3.58271788e-02+2.51379306e-02j -2.16957676e-03-2.88641737e-03j
  -5.29285468e-03-1.34136029e-02j  1.19919695e-03-8.93864564e-04j
  -4.00070611e-03+2.51026831e-03j -3.27039255e-03-1.07942032e-03j
   5.64779033e-01+4.09368737e-01j  1.71307547e-02+3.17969786e-02j
   1.52179513e-02+4.28961655e-03j -1.21908804e-03-7.93187431e-03j]
 [ 3.29801442e-02+6.17878623e-03j -5.66716985e-01-3.66514344e-01j
   3.18064991e-03+1.76690437e-03j -1.34259523e-01-9.22992840e-02j
  -9.04173886e-03+1.22345199e-02j  1.18088168e-01+7.67571109e-02j
  -1.95474874e-03-1.27708761e-03j  6.31137992e-02+4.03761060e-02j
  -1.69459182e-04+5.61439191e-04j  4.03252515e-03-9.50750501e-03j
   2.87412501e-03+1.68107163e-03j -2.16623072e-03+1.94408740e-03j
  -3.23731269e-02-3.38972301e-03j  5.85330600e-01+3.49765720e-01j
  -2.51563208e-03-6.45030265e-04j  1.34928358e-01+8.23518677e-02j]
 [ 3.79200999e-03-1.16903584e-03j  3.03397690e-02+1.88262133e-02j
   2.64438636e-03+7.15513884e-03j -1.32677236e-01-8.98583404e-02j
   1.46123743e-02-2.15467879e-02j  1.92650788e-01+1.26150016e-01j
  -2.91397829e-02+9.22298032e-03j -7.79789785e-01-5.53701313e-01j
   1.19385581e-03-9.57626703e-04j  6.54499397e-03+2.44769572e-03j
  -2.23096055e-03+6.10115254e-04j  7.05636339e-03+1.09165753e-02j
   8.45608789e-04+1.46491392e-03j  4.35043526e-02+2.54156796e-02j
  -5.75848511e-03-5.11982880e-03j  4.63642500e-03+2.87782297e-02j]
 [-8.89072981e-04-7.94438138e-04j  1.59342868e-03+1.70065292e-03j
   1.34695213e-01+7.36368384e-02j  6.19521421e-03-1.34091243e-02j
  -2.60822854e-02-1.60188832e-02j  1.42380215e-02+7.63589480e-03j
   8.41101913e-01+5.12678482e-01j  1.01444751e-03-2.76526384e-02j
  -8.28743807e-03-3.95794351e-03j -2.89230378e-04+9.47544717e-04j
   1.56780507e-02+1.74613568e-02j -9.58968132e-04+1.79988446e-03j
  -4.53018073e-02-2.60560040e-02j  2.28240314e-03-3.43227810e-03j
  -4.20414455e-03-2.13588714e-02j -5.75709549e-03+7.69027205e-03j]
 [-1.63471089e-01+3.38614774e-02j -7.87226319e-03+1.04682574e-02j
  -4.74785580e-03+5.79229515e-05j -3.42282892e-03+1.07569757e-03j
  -9.51949292e-01+2.46980966e-01j -3.92718680e-02+1.26921405e-02j
  -2.86911400e-02+8.95097307e-03j -1.50368088e-02-2.34962420e-02j
  -2.50150283e-02-1.92833761e-03j -2.93234642e-04-1.33880484e-03j
  -1.41337103e-03+1.81803471e-03j  1.16373437e-04+9.60278701e-04j
   1.11398159e-02+2.08631922e-02j  1.96872120e-03-7.81761239e-03j
  -1.85302408e-03+8.11318048e-03j  3.38380825e-04+6.38662022e-04j]
 [-1.61043830e-02+5.85606039e-03j  1.78915923e-01-3.76103987e-02j
  -3.21332230e-03-2.18503486e-03j  3.89955629e-02-6.47711003e-03j
  -4.03838187e-02+7.66339233e-03j  9.42302421e-01-1.46874775e-01j
  -1.37480033e-02-4.18985744e-03j  2.26126449e-01-2.79937196e-02j
  -2.02109546e-04-1.09405313e-03j -1.25847276e-02-1.71894657e-03j
   2.53379900e-04-5.76710258e-04j -1.93336039e-03-2.48514027e-03j
   1.05086817e-02-2.51246261e-03j -3.12141726e-02-2.53757577e-03j
  -1.86100958e-03-1.46806243e-03j -4.26704334e-03-9.48532044e-03j]
 [ 2.62681441e-03-8.48474203e-04j  1.01319940e-03+9.40915626e-03j
   2.20338298e-03+1.05393826e-02j  2.06277056e-02-8.58864844e-03j
  -7.53629369e-05+3.73616676e-04j  3.50374959e-03-2.13547364e-03j
  -1.39279304e-03-1.85259077e-03j -1.16342825e-02+8.27248463e-03j
  -1.73535477e-02+1.78307774e-02j  2.17253339e-01-5.45680698e-02j
   3.84973044e-02-3.16338989e-02j -9.46576846e-01+2.21652816e-01j
  -1.62978291e-03-2.78866110e-04j -1.46589779e-03+5.79327888e-04j
   1.80894929e-03+1.03575215e-02j  2.26103666e-02-4.27396047e-03j]
 [-5.60521103e-03-6.24650742e-03j -2.82938480e-04-1.35472241e-05j
  -6.32788442e-03+2.31996172e-03j  7.21349816e-03-2.24201696e-03j
   1.42401500e-04-5.26386328e-04j -6.43960423e-04-1.96562145e-05j
  -2.03317875e-02+1.10494005e-02j -2.08927328e-03-1.12727659e-03j
  -2.21975008e-02-2.32887924e-03j -9.52557073e-03-2.67433269e-03j
   9.77420667e-01-2.01878865e-01j  4.81125974e-02+1.25873070e-02j
  -5.83191743e-04-1.10697828e-03j -4.32183622e-03+1.56177051e-03j
  -6.83710473e-03-9.84638908e-04j  5.93597071e-03-2.00090977e-03j]
 [-3.57334723e-02+5.29511473e-03j  3.99522260e-03+5.08940215e-03j
   4.25209308e-02+3.10320799e-02j  4.43318307e-03+6.76850172e-03j
  -1.87398759e-02-7.53553049e-03j -5.10506997e-04-2.10308580e-03j
  -8.66982470e-04+9.16843040e-04j -3.27503410e-04+1.17960276e-05j
   8.27037532e-01+5.54691310e-01j  2.62709438e-02+4.50561711e-02j
   2.23662774e-02+7.53847330e-03j -3.02722455e-03-1.24235819e-02j
  -1.13734873e-02+7.57187037e-03j  6.25877473e-03+6.78177862e-03j
   2.26329218e-03+3.09732655e-03j  9.61613006e-04+7.40538505e-04j]
 [ 3.32315608e-03-8.90247053e-03j -3.53591674e-02-1.85351028e-02j
  -3.71836170e-03-1.81137115e-03j  3.92930140e-02+2.34808415e-02j
  -5.94756911e-04+2.09332212e-03j  1.65568569e-02+5.14474987e-03j
  -3.02952569e-04+2.46643859e-04j  2.98624734e-03+7.08595638e-04j
  -4.69453562e-02-4.79531739e-03j  8.32996365e-01+4.97750551e-01j
  -3.04520897e-03-6.59297473e-04j  1.91564209e-01+1.19440626e-01j
   2.93216274e-03-9.47691463e-03j -2.01515918e-02-2.26963873e-02j
   3.95056562e-04+2.82060535e-03j -2.43905558e-03-4.10614598e-03j]
 [-9.31553913e-03+1.62805058e-02j -1.34927338e-01-9.00326639e-02j
   1.86018187e-02-8.33840616e-03j  5.48608291e-01+3.92251500e-01j
   2.80076937e-03-5.70648224e-03j  2.15651986e-02+1.29953850e-02j
  -2.70804330e-03+1.15157495e-03j -7.58135051e-02-7.71611420e-02j
  -2.74623911e-03+2.94301841e-04j -3.63265450e-02-2.66805947e-02j
  -9.23615021e-03-7.03693735e-03j  1.63896275e-02+1.54486742e-02j
  -1.10257766e-02+1.56763721e-02j -1.29993680e-01-8.13936314e-02j
   2.11635138e-02-6.26762809e-03j  5.73259903e-01+3.87322363e-01j]
 [ 1.84731223e-02+1.10783807e-02j -9.86701532e-03-5.63248982e-03j
  -6.01953719e-01-3.39164166e-01j -2.36702386e-03+1.98108269e-02j
  -3.31221594e-03+2.80325043e-03j -9.44004595e-04+2.64492559e-03j
   7.68024595e-02+6.22031891e-02j -3.97780589e-04-2.78597515e-03j
   3.55254683e-02+1.87054252e-02j  2.14615522e-03-5.13522983e-03j
  -6.10491789e-03-3.03470338e-03j -7.81547040e-03+1.24101441e-02j
   7.15843594e-03+6.95279762e-03j -9.31570060e-03-5.91688976e-03j
  -6.05345683e-01-3.77920628e-01j  9.02166442e-04+2.07766298e-02j]
 [ 6.61062992e-01-1.94360669e-01j  2.85148682e-02-1.05530565e-02j
   2.13003232e-02-4.97293503e-03j  1.05447568e-02+1.57216190e-02j
  -1.12326625e-01+2.12685491e-02j -5.52928459e-03+2.18976378e-03j
   3.10688681e-02-7.44616717e-03j  2.11344778e-03-5.78119685e-03j
   2.44238151e-02+2.00344822e-02j  1.33291331e-03-1.36334599e-02j
   3.05151654e-03-6.46347072e-03j  1.41392821e-03-3.48401652e-03j
   6.90626656e-01-1.72044995e-01j  2.75653696e-02-9.83263316e-03j
   1.41607130e-02-5.39506256e-03j  1.09630019e-02+1.65229365e-02j]
 [ 2.99063218e-02-6.13473235e-03j -6.65043466e-01+1.01367193e-01j
   1.11479654e-02+2.24370385e-03j -1.62827288e-01+1.97035416e-02j
  -5.53862875e-03+3.39397431e-04j  1.15862163e-01-3.90434337e-03j
  -1.11155975e-04+2.46393702e-03j -8.99934087e-03+7.03997705e-03j
   1.32511298e-02-5.73374742e-03j -3.78510263e-02+9.28406055e-03j
  -5.05418524e-04-6.92175940e-04j -1.29765226e-02+8.62541438e-03j
   2.96249283e-02-6.18546505e-03j -6.79543452e-01+1.26118074e-01j
   9.36879410e-03+1.89018177e-03j -1.56808791e-01+2.49135433e-02j]]

********* Summary *****************
Final fidelity error 0.10123603318408314
Final objective value 0.1723191645649459
Final penalized error 0.07108313491583608
Final gradient 0.01535834814488552
Number of iterations 3000
Terminated due to Iteration or fidelity function call limit reached
Completed in 0:04:22.118349 HH:MM:SS.US
Computational time 262.11834854200004
total tv norm 266.43009966895374
total l2 norm 710.8313491583608
