Final evolution
[[ 0.00054229+3.57430145e-06j -0.03844408-9.99240809e-01j
  -0.00222057+2.24889408e-04j  0.00105348+5.78564268e-03j]
 [-0.03864022-9.99225165e-01j  0.00051166-4.91625279e-05j
   0.00044939-7.11248807e-03j -0.00222482+2.04011059e-06j]
 [-0.00221719+1.69633120e-04j  0.00060679-5.85112105e-03j
   0.00024757-4.82369358e-06j -0.03826104-9.99247959e-01j]
 [ 0.00099604+7.05497059e-03j -0.00223344-5.27420397e-05j
  -0.03845698-9.99232320e-01j  0.00027603-1.73333440e-05j]]

********* Summary *****************
Final fidelity error 2.3922396030773285e-05
Final objective value 2.3949773546493018e-05
Final penalized error 2.735170425565694e-08
Final gradient 6.844927434120218e-05
Number of iterations 487
Terminated due to function converged
Completed in 0:04:06.235226 HH:MM:SS.US
Computational time 246.235225666
total tv norm 153.8093896581269
total l2 norm 2.735170425565694e-08
