Final evolution
[[ 5.78358921e-03+2.08593796e-03j  2.94154138e-03-2.69665284e-03j
  -1.04221731e-03-2.99791556e-03j  9.25401039e-01+3.77821255e-01j
   2.54685456e-03-3.53254364e-03j  1.31075067e-03+7.82744993e-05j
  -1.18988978e-03+1.85195173e-03j -2.32699952e-02-1.18770427e-02j
  -6.20892276e-04+1.98081527e-03j  9.24996317e-04-4.32833194e-04j
  -7.44304756e-04+1.65968083e-03j  3.64025329e-04-1.82738254e-03j
  -3.21914142e-03+2.94361949e-03j -2.44419007e-03+4.56221031e-03j
  -1.65914991e-03-2.22600336e-03j -3.84825053e-03-5.62668920e-03j]
 [-3.90549462e-03-8.46739387e-04j -3.79738330e-03+1.52083923e-03j
   9.24273358e-01+3.80553646e-01j  3.00169975e-03-1.49699557e-03j
  -4.90689567e-03+4.89289999e-03j -1.55803924e-03+5.42951529e-04j
  -2.30643601e-02-1.13844167e-02j  1.56730328e-03-2.16456335e-03j
  -1.04029553e-03+9.17775904e-05j  1.46968115e-03-3.71859114e-03j
  -1.29477287e-03-8.97532907e-04j  1.66009642e-03-4.70626571e-03j
   5.42874254e-06-3.73831968e-03j -6.08375747e-04+1.22848791e-04j
  -5.09263413e-03+1.95182414e-03j  6.10743799e-03+2.89907803e-03j]
 [ 1.99433113e-02+1.12522272e-02j  9.24728066e-01+3.78669292e-01j
   1.39751532e-03+3.80654905e-03j -4.03587792e-04-4.12049569e-03j
  -4.00244329e-03+1.86358054e-03j -2.26145399e-02-7.40573468e-03j
  -7.20037388e-03+1.33186134e-03j -3.13716596e-03-1.64853907e-03j
   1.63564329e-03+5.63231712e-03j  9.08961877e-04+1.74412669e-03j
  -3.60852445e-04+4.45498784e-03j  5.30090996e-03+3.64130323e-04j
  -7.46890647e-03-7.05885484e-05j -4.27553227e-03-1.71352424e-03j
  -9.87020075e-03+3.50904025e-03j  2.07081290e-03-4.48347814e-04j]
 [ 9.17530027e-01+3.74228745e-01j -2.18260696e-02-5.92999624e-03j
   2.61813877e-03+1.89859912e-03j -6.03552291e-03-3.09490304e-03j
  -2.20808944e-02-6.75234595e-03j  3.14056825e-02+1.51622837e-02j
  -4.74255852e-04+2.01678020e-03j -4.64220261e-02-1.55967659e-02j
  -1.04299198e-03+7.27692597e-04j -6.45077290e-04-6.03343092e-04j
  -1.38093037e-03+1.30601867e-03j -8.56399136e-04+5.48911773e-03j
  -5.42452563e-03-2.62765715e-03j -4.69845206e-02-1.85823161e-02j
  -6.24809123e-04-5.76133831e-04j  9.56905648e-02+3.98509998e-02j]
 [ 4.43764891e-02+2.12355137e-02j  2.26269081e-03+6.92314188e-04j
   4.73589257e-04-2.48985971e-03j  2.46289545e-02+7.58641868e-03j
   2.93100250e-03-9.52412646e-04j -1.63807078e-03+3.47063235e-03j
  -2.94209698e-03+3.61067324e-03j  9.24572754e-01+3.76692311e-01j
   2.72056728e-03+6.06479334e-03j  1.64595203e-03+3.38178104e-03j
  -3.07576100e-03-2.09890323e-03j  1.32430504e-03+1.68804699e-03j
   2.06770090e-03+2.29457091e-03j -5.26868191e-03-7.98648791e-04j
  -3.71437552e-04+2.86082889e-03j  1.14614807e-03+1.20569034e-03j]
 [-1.13299511e-03+1.85999987e-03j  4.19414152e-03+6.02208697e-03j
   2.44124302e-02+8.11660482e-03j -3.37288179e-04+2.20579229e-03j
   3.12519469e-03-3.85720063e-06j  1.81991222e-03-1.61780480e-03j
   9.24884347e-01+3.79154075e-01j -3.23442574e-04+4.39390562e-03j
  -2.36341612e-03-2.38820494e-03j -3.31842478e-04+1.16687463e-03j
   3.57975671e-03-3.02261452e-03j  2.03283962e-03-2.95686820e-03j
   2.35685766e-03+8.80791783e-04j -4.43359472e-04-1.34212377e-03j
  -2.17540548e-03+7.19091304e-04j  3.49439066e-04+3.05169365e-03j]
 [-3.18255490e-02-1.07196185e-02j  2.20989890e-02+1.07900490e-02j
   6.57497943e-04+1.59116792e-03j -7.86735990e-04-8.58824466e-04j
   2.40271375e-02+8.91304406e-03j  9.24295200e-01+3.78359911e-01j
  -4.28064959e-04-2.62022871e-03j  3.26634275e-04+3.95195029e-03j
   1.12774617e-03+2.49360716e-03j -2.87231021e-03-1.56066506e-03j
   5.02190974e-03-5.32050306e-04j -5.11975800e-04-2.71567006e-03j
  -1.73271598e-04-3.30891996e-04j  1.13176015e-03-1.12125239e-03j
  -3.88011637e-03-4.48169581e-03j -3.78318934e-03+1.51930785e-03j]
 [ 2.11100991e-02+1.09397123e-02j  4.32792168e-04+3.52653615e-03j
   3.24707818e-05+6.91965794e-03j  5.23364998e-04-4.46119964e-03j
   9.24951722e-01+3.78242281e-01j -2.27324078e-02-1.02345315e-02j
  -2.19979105e-03-2.31299696e-03j -2.43078733e-03-3.21728473e-03j
  -2.68773975e-03+2.09243161e-03j -1.41784300e-03+1.33762123e-03j
   4.01750699e-03+6.15426449e-03j  2.62533041e-03+1.65686648e-03j
  -1.17140860e-03-1.14547932e-03j  7.06888696e-04-1.83229961e-03j
  -4.17118041e-04-3.01883307e-03j  2.62625444e-03-1.16443816e-03j]
 [-3.84945626e-03+4.59518211e-03j -3.94342151e-03-3.61660456e-03j
   2.10871398e-03-4.63795199e-03j  9.61954026e-04-1.57156027e-03j
  -2.88058886e-03-7.62644851e-04j  2.30002063e-03-1.33978462e-03j
   6.04744585e-04-3.39493622e-03j -2.03216338e-03+7.51821732e-05j
   3.01972678e-03+7.65247009e-03j  3.45503985e-03+7.41122758e-05j
  -3.80479411e-04-2.01019589e-03j  9.25675643e-01+3.78018345e-01j
   8.43424682e-04+2.63847265e-03j -1.24327226e-03+8.02600969e-04j
  -1.09244383e-04-1.62432521e-03j  2.10140757e-03-3.01594481e-04j]
 [ 1.05007415e-04+2.20082123e-03j -2.93409916e-03+3.25837482e-03j
   1.49342652e-03+7.32497000e-05j -4.92873992e-04+1.73614481e-03j
  -7.27389680e-03+1.42163165e-03j -2.97352328e-03-3.94250163e-03j
  -4.84934899e-04-4.68483529e-03j  3.74878443e-03+4.62774517e-04j
  -2.37857242e-03-2.05463068e-05j  3.28864636e-03+2.73410866e-04j
   9.26047783e-01+3.77137697e-01j  1.61479139e-03-1.15942904e-03j
   8.68821757e-04+4.76798060e-03j  2.67324124e-03-1.22930034e-03j
  -7.24505052e-04-1.13094885e-03j  1.63628068e-03-4.40926108e-04j]
 [ 8.23358700e-04-4.58382352e-04j -1.87312693e-03+8.29084624e-04j
   1.60018150e-03-3.61130905e-03j -4.57399396e-04-8.45445477e-04j
   2.24928011e-04+2.08358843e-03j  3.17460393e-03+8.36716333e-04j
  -5.44222567e-04+1.13598865e-03j -3.77634096e-03+1.38462666e-03j
   2.38329475e-02+9.80205021e-03j  9.25304327e-01+3.78061006e-01j
  -2.45507396e-03-2.03597576e-03j -2.73548411e-03-2.28892203e-03j
   2.18117854e-03-2.53102681e-04j -3.17506949e-03+2.66216784e-04j
   8.71196023e-03+9.97087173e-04j -3.92746773e-03+5.74085110e-03j]
 [-7.65215626e-05+1.45205333e-03j -5.10335217e-03+2.85243677e-03j
   7.25878009e-04+9.41689376e-04j -1.05518667e-03+1.95958351e-03j
   3.65746563e-04+3.30647894e-03j -2.53868210e-03+8.10630489e-04j
   3.40122469e-03-1.59375151e-04j -6.03482156e-03+2.23429286e-03j
   9.24279540e-01+3.80581542e-01j -2.38916353e-02-9.75014044e-03j
   1.76512584e-03+1.71596785e-03j -7.47986989e-03+3.41218215e-03j
   6.04067357e-04+8.69923076e-04j -9.48071558e-04-1.86611781e-03j
  -1.18855795e-04-1.89668683e-03j -1.09761973e-03-1.15772762e-03j]
 [-9.60155026e-02-3.88372470e-02j  1.20854190e-03-1.07854566e-03j
  -6.71416384e-03-2.40356721e-03j  7.30209350e-03-9.75616521e-04j
   1.34570058e-03-1.93840566e-03j -1.56103075e-03+2.31761163e-03j
  -2.19606597e-03+1.82838766e-03j  2.92084483e-03+1.71304731e-03j
   1.70210131e-03+3.70647989e-05j -1.27913423e-03+6.90728118e-03j
  -6.58839976e-04-1.57495507e-03j -1.22632489e-03-2.27686219e-03j
   5.34816464e-03-7.08099422e-04j  2.41552976e-03+1.12984548e-03j
   4.24287153e-03+1.00715154e-03j  9.19896511e-01+3.77895831e-01j]
 [ 1.02620255e-03+6.15710380e-04j  4.68865103e-03+9.45234595e-03j
   2.29966045e-03+5.10393407e-03j  2.68598948e-03-3.93349629e-04j
   2.46341390e-03-1.88298972e-03j  5.71359136e-03-6.78709534e-04j
   9.14944821e-04+1.82517169e-03j -1.83395189e-03+2.29794270e-03j
   1.20509239e-03-1.32701187e-03j -6.95219434e-03-5.37843464e-03j
   1.35966441e-03-2.65658464e-04j  1.29720046e-03-1.02369525e-03j
   2.91324922e-04+3.10048038e-04j -1.10813685e-03+6.49015336e-04j
   9.25349610e-01+3.78703438e-01j -3.58525750e-03-2.23496789e-03j]
 [ 4.68817905e-02+1.99644752e-02j  3.33631654e-03+1.59556015e-03j
   6.46753382e-04+5.16744906e-04j -1.65075857e-03+4.98134006e-03j
  -2.54896139e-04-2.16095558e-03j  1.44640714e-03-7.54319624e-04j
   1.09040100e-03-5.51526880e-04j  1.88611210e-03+2.17402573e-03j
   1.95879837e-03-4.76311719e-04j  1.96788311e-03+2.36943307e-03j
  -1.22598151e-03-2.62854167e-03j  2.41334587e-04+1.77805543e-03j
   2.52257671e-02+8.12396033e-03j  9.23253254e-01+3.79753158e-01j
   2.42643538e-04+1.25700153e-03j  2.25590934e-03+1.07867453e-03j]
 [ 4.77724874e-03+1.86751582e-03j  5.17743764e-03+5.08252732e-03j
   2.59103049e-03-2.60497115e-03j  1.43865180e-04+4.15155330e-03j
   1.50231378e-03+2.06829904e-05j  3.60286490e-04-1.37603542e-04j
  -2.42819586e-03-9.47069765e-04j -3.43679142e-03-1.08309023e-04j
  -1.18456407e-03+1.91711163e-04j -1.41074536e-03-1.78971706e-03j
  -3.94586958e-03+2.95156789e-03j -2.42478347e-03+1.31384583e-03j
   9.25690349e-01+3.77074042e-01j -2.39748531e-02-1.20002898e-02j
  -5.29588054e-04-5.02359412e-05j -2.71016751e-03-4.10737986e-03j]]

********* Summary *****************
Final fidelity error 0.00011408854212713315
Final objective value 0.00011408848206284627
Final penalized error 0.0
Final gradient 0.0012009348901609268
Number of iterations 5000
Terminated due to Iteration or fidelity function call limit reached
Completed in 0:06:18.581060 HH:MM:SS.US
Computational time 378.581059791
total tv norm 368.0271412720045
total l2 norm 2968.436444075906
