Final evolution
[[ 0.00189781-7.14866289e-06j -0.06814994-9.97614279e-01j
  -0.00154434+5.13564209e-05j  0.00361127+1.01145588e-02j]
 [-0.06814833-9.97614367e-01j  0.00184841-2.56564982e-04j
   0.00221257-1.05171832e-02j -0.00153663+1.70388823e-04j]
 [-0.00154422+4.92724474e-05j  0.00221258-1.05150457e-02j
   0.00173769-1.19194736e-05j -0.06713092-9.97683603e-01j]
 [ 0.00361153+1.01166893e-02j -0.00153704+1.68341468e-04j
  -0.06712934-9.97683686e-01j  0.00175445-2.33325938e-04j]]

********* Summary *****************
Final fidelity error 6.069431361888089e-05
Final objective value 6.110272114207291e-05
Final penalized error 4.084075324068693e-07
Final gradient 0.0002796140988668519
Number of iterations 324
Terminated due to function converged
Completed in 0:01:47.830662 HH:MM:SS.US
Computational time 107.83066195800001
total tv norm 56.40065098627777
total l2 norm 4.084075324068693e-07
