Final evolution
[[-4.56995365e-03-7.00504945e-03j  5.25037122e-04-6.19903062e-04j
   7.04932508e-05+1.67550770e-03j -4.26020454e-01-9.04144314e-01j
   2.54567777e-03-9.63219720e-03j -6.27762444e-04+2.55479741e-04j
   1.10162783e-03-5.52110752e-03j  1.05006040e-02+2.25919332e-02j
   1.65817776e-03+1.15426597e-03j -6.32604381e-04+1.01827579e-03j
   7.27990116e-04-4.41254925e-04j  1.22843196e-03+9.19310476e-04j
  -4.06388879e-03+1.18037250e-02j  4.16072684e-04-3.70314062e-03j
  -1.99263072e-03+5.81591054e-04j  1.63666456e-03+4.33792249e-03j]
 [ 5.22814614e-04-6.81099295e-04j  2.97790893e-04-1.95529903e-03j
  -4.26647276e-01-9.03966916e-01j -1.35175035e-03-1.22701215e-03j
   2.20646481e-04+4.03519787e-04j -3.60360494e-04-5.31850690e-03j
   1.12594192e-02+2.38599838e-02j -5.02553590e-04-2.30624551e-03j
  -1.70447247e-04+7.85141006e-04j  2.61474866e-03-1.42099124e-03j
  -1.04918189e-03-3.11146093e-04j  1.90876013e-03+5.84188969e-04j
   5.99102064e-04+1.95238641e-03j -2.60884035e-03-6.21478049e-03j
   1.93680604e-03+2.91701435e-03j  4.73358248e-04-9.45743104e-04j]
 [-9.04106039e-03-2.19471060e-02j -4.26453706e-01-9.03664047e-01j
   1.63216266e-03+7.50630344e-04j  7.91241850e-04-2.68937636e-05j
  -2.08807909e-03+6.86019544e-03j  1.10615838e-02+2.12244184e-02j
   1.35902485e-03-5.30572260e-03j  1.29009843e-04-2.60779822e-04j
  -2.58376542e-04-7.22138154e-04j  9.72706804e-05-1.01341994e-03j
  -3.74048892e-03-8.98896154e-05j -1.00299587e-04+7.82456392e-04j
   4.71978397e-03-1.34333788e-02j  1.87797872e-03+5.20694385e-03j
  -3.50224735e-03+5.56603698e-03j  7.95198844e-04+3.66341500e-03j]
 [-4.28172991e-01-9.02372640e-01j  1.11578636e-02+2.06689982e-02j
   8.14960639e-04-8.35278715e-05j  2.47484939e-03+8.27834727e-03j
   1.02835022e-02+2.23653706e-02j -6.03473209e-03-1.33336469e-02j
  -1.74601684e-04-6.24368903e-04j  8.43325689e-03+1.92942564e-02j
   1.19417264e-03-1.02097170e-03j  1.08957174e-03-7.94619299e-04j
  -1.60663930e-03-1.23196064e-03j -2.68394704e-03+2.33290520e-03j
   3.99892045e-03+5.27414392e-03j  6.76407637e-03+1.36633210e-02j
  -3.01609733e-05-2.51727193e-03j -5.90687025e-03-1.27277462e-02j]
 [-9.67813339e-03-1.90237808e-02j  5.73668277e-04+4.08962864e-04j
   1.44658087e-03+1.86395158e-03j -1.06990061e-02-2.22118154e-02j
  -2.58273125e-04-3.47319729e-03j -1.87339615e-03-5.33069530e-04j
  -1.09090458e-03-1.02001199e-03j -4.27123087e-01-9.03446820e-01j
   1.32224756e-03+6.39437788e-03j  2.17569212e-03+1.89955303e-03j
   1.43376848e-03+1.36433207e-02j  7.00180382e-04-2.32634291e-04j
  -2.68975461e-03+1.20264075e-03j  2.48212690e-03+1.57994459e-03j
  -1.76741884e-04+1.11099047e-03j  1.01471787e-03+1.65499690e-03j]
 [ 5.03921855e-04+5.93179206e-04j  4.97247518e-03+2.38335919e-03j
  -1.12149398e-02-2.39670182e-02j  4.88128624e-03+2.64140119e-03j
   4.73032183e-04+3.38340258e-04j  3.37251343e-04+3.89301240e-03j
  -4.25404412e-01-9.04346596e-01j -9.28303042e-05+1.32801628e-03j
  -1.90839780e-03-2.35496346e-03j -1.06836064e-02-7.00749043e-03j
  -1.02773346e-03+1.87136623e-03j -1.13822108e-02-9.12943030e-03j
  -3.76884806e-04-2.04918288e-04j -2.87743702e-03+1.73195375e-03j
   1.05766784e-03+1.33481631e-03j -1.83806969e-03+1.13905529e-03j]
 [ 5.93258639e-03+1.20157296e-02j -9.60609443e-03-2.23966034e-02j
   3.85245711e-03+3.58450047e-03j -3.53959709e-04+3.61624437e-04j
  -1.17037169e-02-2.41945333e-02j -4.26335432e-01-9.03614285e-01j
  -2.84681875e-03-2.89468768e-03j -7.44374094e-04+1.73228052e-03j
   7.79398450e-05-7.01352615e-04j  2.52360860e-04-5.53394045e-04j
   2.90503861e-04+1.25419326e-02j -5.88613496e-04-3.01125515e-03j
  -1.98709456e-04-1.43009412e-04j -1.33876823e-03-1.12559238e-04j
   1.45637567e-03+1.53468290e-03j  1.22502291e-03-1.44220729e-04j]
 [-1.09845190e-02-2.24523509e-02j -6.08872426e-03-1.66742002e-03j
  -2.46112086e-04-5.59557233e-04j  9.21084944e-03+4.42223900e-03j
  -4.24932158e-01-9.04365896e-01j  1.12509007e-02+2.42064266e-02j
   1.53866480e-04-4.13628394e-04j  2.55340824e-03+2.75493699e-03j
  -4.00361184e-04-7.27312257e-04j  1.16969867e-03-6.52232018e-04j
   3.89799395e-04+2.95428641e-03j -4.71097187e-03-3.27845371e-03j
   1.13224652e-04+9.03570378e-04j -1.13032600e-03-8.10698087e-04j
   5.19059535e-05-2.55263583e-04j  3.04363476e-03-1.53596868e-03j]
 [-3.54768766e-03+6.64483674e-04j -5.68133503e-04-4.56588024e-04j
   7.23808267e-04-1.42210750e-03j  8.29551242e-05-1.61887837e-03j
  -3.19944581e-04+5.75585994e-03j  1.94489346e-03+2.16171867e-03j
  -2.13498040e-04+1.46601049e-02j  6.85404684e-04-4.61024227e-04j
  -3.76862121e-03-5.00056437e-03j -1.39479468e-03-1.73424901e-04j
   3.03120633e-04-1.71818285e-03j -4.26436341e-01-9.04301022e-01j
  -1.28646755e-03+4.69264813e-03j  5.25533599e-04-1.79889232e-03j
  -2.08491236e-03+6.14517615e-03j  1.82567687e-04-1.44316186e-03j]
 [-2.81206012e-04+1.83225693e-03j -2.62332605e-03+2.55605010e-03j
  -3.08137240e-04+1.15277359e-03j  6.23444990e-04-5.45715071e-04j
  -2.22286856e-03-2.49448114e-03j -9.41476070e-03-8.15025648e-03j
  -2.30083863e-03-4.00664858e-04j -9.63505451e-03-9.85135333e-03j
   1.54673918e-05+9.26364253e-05j  2.82784838e-04-3.06268165e-03j
  -4.26886917e-01-9.03736571e-01j  1.51017070e-03+8.53769929e-04j
  -8.18977010e-04+4.08329246e-05j -9.66007204e-03-1.77965541e-02j
  -8.51400176e-04+2.00597644e-04j -7.50860841e-03-1.29195215e-02j]
 [ 1.38829442e-03-4.69695613e-04j  8.93707994e-04+6.64173712e-04j
   2.68259322e-03-7.54416275e-04j -1.25479261e-03-4.09427169e-04j
   1.24613889e-03-4.92106608e-04j  6.23100381e-04+1.31399153e-04j
  -1.46526550e-03+1.27854281e-02j -1.48531611e-04-2.99418020e-03j
  -1.15307446e-02-2.28424128e-02j -4.24776749e-01-9.04742421e-01j
   2.53319998e-03+1.75013362e-03j -6.34594676e-04+1.54337473e-03j
   2.24905984e-03-6.17226422e-03j  3.15952774e-04+1.07485572e-04j
  -3.41763688e-03+9.66285402e-03j  8.03245294e-04-4.53997843e-04j]
 [ 1.43268783e-03-4.62104996e-04j  3.32134352e-04+6.71164200e-04j
  -7.69008426e-04-2.33399744e-04j  8.85661728e-05-2.10072692e-03j
   2.50447559e-04+7.31039143e-04j  5.43538395e-04+3.14497475e-04j
   6.85816596e-04+2.55822290e-03j -4.13347366e-03-4.95800312e-03j
  -4.25847442e-01-9.04357853e-01j  1.02706395e-02+2.35042515e-02j
  -8.27674896e-05-6.49729088e-05j  1.51562500e-03+6.09188889e-03j
   8.40565778e-04+1.03364892e-03j -8.05885648e-04-2.45357963e-03j
  -9.81225986e-04+6.14989669e-04j  6.93759533e-04+5.06358562e-03j]
 [ 6.09796555e-03+1.23915782e-02j -2.38831004e-03-3.27976967e-03j
   9.85915413e-04+2.63621603e-04j -2.38096925e-03-4.19254806e-03j
   3.03277820e-03-1.69652910e-03j  1.08482379e-03-4.24359498e-04j
  -2.05241498e-03+6.47872211e-04j -6.05906322e-04-1.85701213e-03j
  -3.44418274e-03-3.72974927e-03j  9.23764732e-04-1.26322356e-04j
   5.22352260e-03+1.40732609e-02j  1.26509905e-03+7.55071461e-04j
   1.18233641e-03-2.31726102e-03j -7.10000745e-04-8.44606826e-04j
   5.03616836e-04+5.94406589e-04j -4.27757396e-01-9.03608044e-01j]
 [ 1.74054732e-03+1.64770034e-03j -6.55083958e-03-9.16296497e-04j
  -9.87561371e-04-3.43129309e-03j -1.77803170e-03+1.10796503e-03j
   2.17644027e-04+7.40431282e-05j -5.59630558e-05-2.06762867e-03j
  -2.16739355e-04-1.43272583e-03j -1.01098361e-03-6.53470483e-04j
  -1.38917423e-03+2.67495154e-04j -9.60156420e-03-3.55290095e-03j
  -6.73173985e-04+5.64603432e-04j -6.04664406e-03-2.33254841e-03j
   6.13494701e-04-9.33143078e-04j -5.94647584e-04+9.08194778e-04j
  -4.25299327e-01-9.04927284e-01j -8.24828929e-05-7.45662319e-04j]
 [-6.31937964e-03-1.42274638e-02j -2.28518863e-03-4.33570224e-03j
   3.05164435e-03+5.93082185e-03j  2.88652377e-03+2.00250937e-03j
   5.63553917e-05+1.85058750e-03j -5.99586536e-04+1.17847610e-03j
  -3.22032663e-03+9.35884767e-04j  5.53678782e-04-2.39949546e-03j
   1.38674057e-03+2.15133813e-03j  1.91115180e-04-2.23634164e-04j
   7.55021372e-03+1.87769613e-02j  1.47913239e-03+7.44616078e-04j
  -1.09229070e-02-2.13093856e-02j -4.26354301e-01-9.03814864e-01j
  -1.06338433e-03-1.70173414e-04j  2.97899384e-04+1.18344682e-03j]
 [-1.31869584e-03-5.95226956e-03j  1.34684828e-02+5.12130762e-03j
  -1.20681382e-03-1.80759088e-03j -1.18122004e-02-4.32960658e-03j
  -6.96668286e-04-6.95064335e-04j -3.26633209e-04+5.51389526e-05j
   2.08692440e-05+4.43759066e-04j -2.31427084e-03+1.63352855e-03j
  -8.95105950e-05-1.32240883e-03j  6.22683013e-03+2.24786558e-03j
  -7.05571577e-04+7.23568995e-05j -4.48880911e-03-2.00834148e-03j
  -4.27566114e-01-9.03393722e-01j  9.43452655e-03+2.19749090e-02j
   1.09347469e-03+1.40232588e-05j  2.51833057e-03+4.40382730e-04j]]

********* Summary *****************
Final fidelity error 0.0010445040604361022
Final objective value 0.0016483577615897648
Final penalized error 0.0006038538414769711
Final gradient 0.0009519506432527588
Number of iterations 4809
Terminated due to function converged
Completed in 0:12:02.851788 HH:MM:SS.US
Computational time 722.8517877080001
total tv norm 243.87732519153394
total l2 norm 603.8538414769712
