Final evolution
[[ 1.96108526e-01+1.23202944e-02j  5.86594230e-02-9.78747584e-01j
   6.81767638e-05+6.93183884e-04j -6.57018723e-06+1.18747360e-03j]
 [ 5.87281632e-02-9.78742273e-01j  1.96173982e-01+1.12037160e-02j
  -1.16751925e-03-1.69620708e-03j -4.62553241e-04+5.97158094e-04j]
 [-4.43999572e-04-8.32838677e-04j  4.35725572e-04-1.23876808e-03j
   1.93821111e-01+1.34201652e-02j  5.80546206e-02-9.79224347e-01j]
 [-1.06004175e-03+1.48557266e-03j  8.58346457e-05-8.67709851e-04j
   5.80676061e-02-9.79222500e-01j  1.94050548e-01+9.57827172e-03j]]

********* Summary *****************
Final fidelity error 0.01927682607646075
Final objective value 0.01927682607646286
Final penalized error 0.0
Final gradient 0.02219071754940869
Number of iterations 653
Terminated due to function converged
Completed in 0:00:51.425747 HH:MM:SS.US
Computational time 51.425747125
total tv norm 46.33138237462665
total l2 norm 2106.6366743641042
