Final evolution
[[ 5.14637611e-03+3.05441980e-03j  2.02438869e-03-2.37185837e-04j
   1.38719161e-04-5.55006858e-04j  9.21495019e-01+3.87356414e-01j
   2.57374203e-03-1.02683883e-03j  7.54731041e-05+2.04341434e-03j
  -1.02795097e-03+8.07260611e-04j -2.38693575e-02-9.96560673e-03j
  -1.34512427e-03-7.23840832e-04j  5.27116797e-04-2.31532092e-04j
   8.71692169e-05+1.05536856e-03j  1.09179609e-03-7.15254682e-04j
  -1.76976537e-03+1.22804002e-03j -1.81022592e-03+2.54873478e-03j
  -5.05780750e-04-1.37797105e-03j -4.84015109e-03-5.79048961e-03j]
 [-1.97524852e-03-9.82883613e-04j -2.35844040e-03+5.58562370e-04j
   9.20313833e-01+3.90208494e-01j  3.63714508e-04-5.66348022e-04j
  -2.43745711e-03+3.93263615e-03j -2.46425982e-03+7.63547308e-04j
  -2.24799215e-02-1.21650134e-02j  7.36581822e-04-1.80709615e-03j
  -1.09992808e-03+2.27731701e-04j  8.87040222e-04-1.86111046e-03j
  -2.45640689e-03-5.63147445e-04j  1.23979039e-03-5.87360131e-04j
  -5.26762621e-04-1.18293975e-03j -8.32245273e-04+2.62650334e-03j
  -5.08974482e-03+1.38355200e-03j  3.06650579e-03+1.77305906e-03j]
 [ 2.02781733e-02+1.05527176e-02j  9.21247787e-01+3.87241001e-01j
   1.10879940e-03+2.03173273e-03j -1.35806613e-03-1.64322220e-03j
  -1.03441550e-03+3.77499676e-04j -2.43830803e-02-8.80811100e-03j
  -4.02522639e-03+3.66950353e-04j -1.05991181e-03+2.21097462e-03j
   1.44931043e-03+4.22998357e-03j  1.00699870e-03+1.49592685e-03j
  -1.12016714e-03+2.76764108e-03j  3.40987756e-03-6.06594743e-05j
  -3.32291792e-03-1.88209158e-03j -2.58591663e-03+5.92308425e-04j
  -6.79452528e-03+3.12970205e-04j  1.73667119e-03+2.02100815e-03j]
 [ 9.12670235e-01+3.83712383e-01j -2.11049001e-02-6.87325308e-03j
   1.70360574e-03+5.63747023e-04j -6.07567075e-03-2.13149827e-03j
  -2.07427508e-02-7.61950649e-03j  3.15337091e-02+1.49959148e-02j
  -1.44685266e-03+1.53190835e-03j -4.66145916e-02-1.86506401e-02j
  -2.85985143e-04-6.68166957e-04j -1.38509809e-03+4.15067793e-04j
  -2.44979133e-03+1.12720823e-03j -1.30001080e-03+2.65748983e-03j
  -5.84239453e-03-3.49988857e-03j -4.99269616e-02-2.05180166e-02j
   4.40140412e-05-7.70814116e-04j  1.01306022e-01+4.22553438e-02j]
 [ 4.61448284e-02+2.03854168e-02j -1.90833339e-03+1.98060577e-03j
   8.20691505e-04-1.67298483e-03j  2.34931445e-02+1.00080216e-02j
   3.42803712e-03-7.05084301e-04j  4.54991739e-04+1.85566345e-03j
  -2.69715901e-03+2.41420972e-03j  9.19721440e-01+3.88343413e-01j
   1.87661958e-03+3.69657265e-03j  1.88274683e-03+2.00187305e-03j
  -1.62489266e-03-1.75053761e-03j  6.99985469e-04+6.53047136e-04j
   4.10818323e-04+9.43665084e-04j -3.74600675e-03-1.86034141e-03j
   7.42283882e-04+3.63691538e-03j  9.30706804e-04+5.20541963e-04j]
 [-1.54578696e-04+2.23561903e-03j  2.54453705e-03+3.03864770e-03j
   2.44106642e-02+7.62832852e-03j  1.51887123e-04+1.37158241e-03j
   1.87799839e-03+1.33961669e-04j  2.28307976e-03-2.41875154e-03j
   9.21478190e-01+3.87482921e-01j  1.56311324e-04+3.42683681e-03j
  -1.13613557e-03+2.51847282e-04j  2.15106719e-04+1.59519240e-03j
   1.16588371e-03-1.58986351e-03j  2.86732407e-03-2.33726641e-03j
   1.75066787e-03+1.03012860e-04j -1.15114992e-03+2.57936520e-04j
  -9.52869032e-04-1.81088270e-04j  9.46218734e-05+2.21721935e-03j]
 [-3.15593587e-02-1.16715534e-02j  2.40633991e-02+1.15300701e-02j
   1.09940068e-03+2.35910367e-03j -1.39966912e-03+1.36951167e-03j
   2.45896352e-02+9.19986868e-03j  9.19564778e-01+3.89612133e-01j
   8.75687694e-06-3.47743666e-03j -2.03891826e-05+1.47386612e-03j
  -1.24298639e-03+1.87114593e-03j -9.46746006e-04-1.70694347e-03j
   2.68180077e-03-9.04410029e-04j -9.82183039e-04-2.51096464e-03j
   3.00145810e-04+2.94195357e-04j  2.11307875e-03+4.00028148e-04j
  -2.14431483e-03-1.96966509e-03j -2.61707436e-03+6.09338326e-04j]
 [ 2.06720728e-02+9.91123641e-03j -6.39071227e-04+4.45074338e-04j
  -1.14065923e-03+4.43824153e-03j -1.22644928e-03-2.74645220e-03j
   9.20818286e-01+3.88325458e-01j -2.30322014e-02-1.09100155e-02j
  -1.37156309e-03-1.25920792e-03j -2.85175596e-03-3.39442198e-03j
  -1.30940021e-03+2.17013371e-03j -6.17341249e-04+2.01916399e-03j
   1.29927260e-03+5.02817042e-03j  2.03226342e-03+3.58008531e-03j
  -2.17907839e-03-1.05458295e-03j  2.29211181e-05-2.50125575e-04j
   1.42327356e-03-1.65026551e-03j  8.51278361e-04-1.40453368e-03j]
 [-1.51496166e-03+2.88804575e-03j -2.27761183e-03-2.60075122e-03j
  -4.75831595e-04-1.41799838e-03j -2.48006658e-04-1.28638012e-03j
  -3.89938513e-03+9.62968806e-04j  2.58386181e-03-9.04279169e-04j
  -3.23099027e-04-3.64412205e-03j -8.84992857e-04-1.74601688e-04j
   2.23911566e-03+6.32445393e-03j  2.06491555e-03+3.72778424e-04j
  -1.92381151e-04-2.29284949e-03j  9.21478588e-01+3.88259343e-01j
  -4.02578973e-04+1.41848979e-03j -1.05421618e-03+1.85895554e-03j
  -9.13709376e-04-1.38979358e-03j  1.81758725e-03+9.03393823e-05j]
 [ 1.04980405e-03+2.78186796e-03j -1.25688982e-03+2.61212590e-03j
   2.10089065e-03+1.29888257e-03j -7.40696248e-04+6.62410407e-04j
  -4.57560861e-03+2.46984751e-03j -1.05620524e-03-2.60710880e-03j
   2.58488415e-04-1.99044004e-03j  2.39384589e-03-2.19995661e-04j
  -1.14125871e-03-1.71732355e-04j  1.58072314e-03+9.62473715e-04j
   9.21025374e-01+3.89367133e-01j  1.74050487e-03-1.44874757e-03j
   7.40585339e-04+3.42267929e-03j  3.31735754e-03-2.02255598e-04j
  -8.30007580e-04-1.42997585e-03j  6.89313586e-04-6.03003083e-05j]
 [ 7.03774865e-04+8.04196332e-04j -1.80114276e-03+3.45039920e-04j
   7.33852941e-04-1.87386971e-03j -2.37422938e-04-4.91258930e-04j
  -9.85251513e-04+1.87965884e-03j  1.97844185e-03-4.72495587e-04j
  -1.29773619e-03+1.00773449e-03j -2.91350436e-03+5.15730188e-05j
   2.33004873e-02+1.08505330e-02j  9.20658194e-01+3.89370044e-01j
  -1.76491910e-03-4.36235558e-04j -1.87572827e-03-1.15200786e-03j
   2.12348154e-03+9.85070941e-04j -1.72410030e-03-6.89808622e-04j
   6.44397533e-03+8.46522393e-05j -3.35146045e-03+4.50381064e-03j]
 [ 3.01133073e-04-2.42426716e-04j -3.99205030e-03+1.97193566e-03j
   5.99290908e-04+1.03579612e-03j  1.38103664e-03+4.97875966e-04j
  -6.40266264e-04+2.45818286e-03j -3.94311489e-04+2.09341232e-03j
   6.77937034e-04+9.12310219e-04j -3.94188537e-03+1.20630411e-03j
   9.21067263e-01+3.88413316e-01j -2.40531208e-02-9.13579462e-03j
   9.61884714e-04+7.19478092e-04j -6.05059886e-03+2.85562618e-03j
   3.14342659e-04+2.18836652e-03j -6.19151688e-06-1.81904704e-03j
   3.22065896e-05-3.25549526e-04j  5.95976501e-04-6.88742996e-04j]
 [-1.00779591e-01-4.30057390e-02j -2.50667233e-04+9.93707575e-04j
  -3.62114476e-03-9.87786752e-04j  8.21956128e-03-3.47374998e-04j
   2.77483148e-03-7.24933053e-04j -1.99937622e-03+7.00913097e-04j
  -1.42405131e-03+1.34514889e-03j  3.87980558e-03+1.79858691e-03j
   5.04584734e-05-7.06449721e-04j -7.93350895e-04+5.53134033e-03j
  -1.41257335e-04-6.42533153e-04j -1.18262705e-03-1.54938859e-03j
   7.24717173e-03+2.41876307e-04j  3.48405236e-03+1.05284771e-03j
   3.34986907e-03+3.99178629e-04j  9.15646855e-01+3.86463440e-01j]
 [ 5.71047303e-04-1.07882334e-04j  4.59630258e-03+5.08438600e-03j
   2.60464483e-03+4.65754270e-03j  1.21313875e-03-5.57489788e-04j
   2.15214398e-04-2.13300061e-03j  2.77089939e-03+5.63960781e-05j
   7.18550619e-04+3.88135896e-04j -3.17937679e-03+2.06997358e-03j
   7.65388217e-05-3.25226361e-04j -4.55296262e-03-4.55905929e-03j
   1.61524016e-03-4.08280716e-04j  1.67023352e-03-3.07842667e-04j
   5.56698197e-04+1.45434398e-03j -1.58436365e-03+9.77109941e-04j
   9.21917738e-01+3.87167309e-01j -2.53579170e-03-2.15459921e-03j]
 [ 4.99624223e-02+2.15704762e-02j  2.96392702e-04+1.88875264e-03j
  -1.14927160e-03+2.46841881e-03j -7.92400260e-04+3.03947691e-03j
  -9.30252110e-04-6.31955626e-04j -9.70211521e-05-4.41694544e-04j
   5.29868961e-04+1.01183687e-03j  1.37814957e-03+2.78167746e-04j
   1.28805608e-03-1.22098221e-03j  1.55362712e-03+7.80126827e-04j
  -2.39165548e-03-2.41482536e-03j -6.65785769e-04+2.27240347e-03j
   2.38099804e-02+8.78056388e-03j  9.19964718e-01+3.87301033e-01j
   3.71102308e-04+1.78597193e-03j  2.17379365e-03+4.64396342e-04j]
 [ 5.93141167e-03+1.74628388e-03j  3.49576429e-03+9.59268821e-04j
   1.23219852e-03-4.90476572e-04j  2.45726857e-04+2.01536457e-03j
   2.11756525e-03+7.93148195e-04j -3.41807195e-04+4.03318411e-05j
  -1.34556561e-03-1.19357025e-03j -1.36299199e-03+1.78109733e-04j
  -1.88737567e-03+1.32279495e-03j -2.16358565e-03-9.14715549e-04j
  -2.93270181e-03+1.96495007e-03j -6.98555184e-04+1.26120261e-03j
   9.20558669e-01+3.89577281e-01j -2.32545728e-02-1.10138352e-02j
  -1.49080908e-03+5.57236571e-04j -4.49370983e-03-4.84702354e-03j]]

********* Summary *****************
Final fidelity error 5.51984798553562e-05
Final objective value 5.519836257017463e-05
Final penalized error 0.0
Final gradient 0.0012110569290397332
Number of iterations 6540
Terminated due to function converged
Completed in 0:08:19.263432 HH:MM:SS.US
Computational time 499.263431542
total tv norm 383.7582304462602
total l2 norm 3144.3635821069774
