Final evolution
[[-0.05191332+0.1483751j  -0.05646596+0.02016294j  0.11048026+0.06818435j
   0.30729973+0.12897664j -0.00810105+0.08333691j  0.0771598 +0.00219247j
   0.01652579-0.01241979j  0.10559696+0.07668863j  0.01063507-0.04358888j
  -0.0350626 +0.00321215j  0.07074   +0.07121455j  0.05269638-0.02298119j
  -0.01465873-0.04472241j -0.05848728+0.00804647j  0.0211487 -0.04580104j
   0.6426898 +0.61271062j]
 [ 0.02982952+0.03242716j -0.10489881-0.03481757j  0.07782717+0.32446279j
  -0.02460187-0.02289804j -0.01494416+0.07066187j -0.04343053+0.03995433j
   0.09521558+0.27643517j -0.05333347-0.07600543j  0.02890989+0.01372767j
  -0.00745534+0.05079694j -0.07474964-0.00147789j -0.01999919-0.00854017j
   0.06886673-0.05986808j -0.06034675-0.01781531j -0.00472492+0.86236171j
   0.06327375-0.0295795j ]
 [-0.12078309-0.07877507j -0.01258821-0.12328486j  0.08097337-0.01926657j
  -0.03006213+0.06445225j -0.07081414-0.09310941j  0.02388127-0.21213672j
   0.04739772+0.02040292j  0.0123463 +0.06689771j -0.11996287-0.1177724j
   0.05315986-0.03987752j  0.03043678+0.04350713j -0.03666796-0.04339928j
  -0.23767647-0.62944405j -0.06037423-0.61580011j -0.05559506-0.02256667j
   0.02208002-0.08341758j]
 [ 0.23944555+0.06651333j -0.11132616-0.26970215j -0.11214732+0.02981534j
   0.08533063+0.25083929j  0.0755483 +0.03258331j  0.00597546-0.1835382j
  -0.08347419-0.06383704j  0.06173706+0.24329661j  0.09782493+0.1193834j
   0.03506208-0.23052081j  0.09542631-0.05104383j -0.06473629+0.00311173j
   0.37964725+0.36317655j -0.23691199-0.43337439j  0.15259362+0.01406859j
   0.03176417-0.12781769j]
 [ 0.05995912+0.02994205j -0.00459858+0.12394278j -0.03266736+0.00227434j
  -0.00543772-0.43829842j -0.07156444+0.09038793j  0.01743545-0.00273559j
   0.02237618+0.04748867j -0.06896553+0.85805281j  0.02795599+0.03936048j
  -0.06609629-0.00396132j  0.02679095+0.02882903j -0.01434061-0.04055915j
  -0.03656804-0.06571221j  0.00500757+0.06793801j -0.05815125+0.04218689j
  -0.05460049+0.03154519j]
 [-0.00925954-0.07459377j -0.00432446+0.04658662j  0.3333585 +0.37276986j
  -0.04482369-0.02243836j -0.01847409+0.02696286j -0.02654124-0.09077624j
  -0.51734256-0.65449366j -0.0426256 +0.02930771j -0.01715822+0.03637481j
   0.08213177+0.0256026j   0.02158729-0.04657997j  0.03651866-0.01617705j
  -0.04002552-0.0328859j   0.01980514+0.04761677j -0.01521926+0.10567457j
  -0.0252644 -0.01546197j]
 [-0.18425841-0.4016823j  -0.19014087-0.36960888j -0.04601098-0.01885906j
   0.0048264 -0.03477704j  0.2718722 +0.42147973j  0.3374363 +0.47357687j
  -0.05112833-0.03606936j -0.0369312 +0.03491667j  0.03650111-0.02945062j
  -0.00288535-0.04272678j -0.0184558 -0.02815512j  0.03174101-0.02876533j
  -0.10628802-0.01418612j -0.06974469-0.01622393j -0.02462773-0.02617785j
   0.04977429-0.0680976j ]
 [-0.06412595-0.36610065j  0.1673341 +0.32400651j  0.00751405-0.01730445j
   0.07019433+0.02452764j  0.18493627+0.58311931j -0.09879177-0.52221482j
   0.09677952+0.0753235j  -0.09749935-0.0771746j  -0.04670759+0.06081006j
  -0.01905951-0.0030692j   0.07373455-0.06493677j -0.0426714 -0.00371534j
   0.02259418+0.07702291j  0.04205651-0.04263487j -0.04232649+0.00126908j
  -0.03762042+0.06938696j]
 [-0.0889464 -0.05454539j -0.01100555-0.08837235j  0.08803646+0.0242909j
  -0.02869126+0.00713954j -0.09027978-0.02000545j  0.0380658 -0.09038715j
   0.01767583+0.05379577j -0.01529229+0.06596893j -0.00459093+0.02278882j
  -0.13440216+0.03688533j  0.01590173-0.05523762j  0.4276025 +0.84952224j
  -0.02631843+0.05918181j  0.06269462-0.0382805j  -0.0128882 -0.00670029j
   0.06201185-0.06751112j]
 [ 0.01764461-0.01448377j  0.0456209 -0.10345853j -0.00401442+0.01293344j
  -0.0157629 +0.01417854j  0.0857162 +0.04489216j -0.0583455 -0.0748462j
  -0.06382876+0.00263602j  0.01296173-0.03113451j  0.09185643+0.03036174j
  -0.08489966-0.00474921j  0.21297666+0.93267541j  0.04204073+0.0260583j
   0.02369103-0.02937218j -0.05774882+0.1028665j  -0.05547487+0.00916633j
  -0.02679292-0.09473785j]
 [-0.01226192+0.00962057j  0.13656804+0.00114155j -0.01781157-0.04189495j
  -0.01587953-0.06031284j -0.01064484-0.01550012j  0.00232639-0.00965608j
   0.01038622-0.09884776j  0.00688791-0.03911111j -0.16944568-0.4671482j
  -0.36529494-0.72553832j  0.01369897-0.01296104j  0.119774  -0.07117649j
  -0.04326043+0.06299636j  0.09046482+0.06148558j  0.01906325+0.13429741j
  -0.01448568+0.01637488j]
 [-0.01067527+0.03146892j  0.01864185-0.08608097j -0.06633372+0.05567186j
   0.06752692-0.01642911j -0.01458025+0.08547066j -0.07542933-0.0504003j
  -0.08649661+0.04099279j -0.01271515+0.07769377j -0.21500882-0.78118417j
   0.20855106+0.41207989j -0.06724137+0.0601372j  -0.06541057+0.06150158j
   0.06266282+0.19663182j -0.11412742-0.02704509j  0.04764242-0.02853595j
  -0.04205399-0.02284128j]
 [-0.11278934-0.23240956j -0.12394637-0.3871267j   0.07446024-0.03209098j
   0.03058737-0.64057451j -0.18684431-0.16686582j -0.04428231-0.26889357j
   0.04880805+0.00788266j  0.04403489-0.23098224j  0.06641429+0.06278528j
   0.07315655-0.01816325j -0.01846439+0.02446468j -0.01891675-0.07822723j
   0.01916822+0.21784209j  0.03956631-0.09635727j  0.10406928-0.01265474j
  -0.02421149+0.25245243j]
 [-0.00370118+0.04570063j  0.07521272-0.11125095j  0.42714485+0.6154185j
  -0.10419839+0.05432695j  0.00089368+0.0087378j  -0.02322696+0.01590752j
   0.20700379+0.32893696j -0.06235099+0.03896668j  0.0596851 -0.03002072j
  -0.0817138 -0.07843465j -0.01125516-0.02309355j -0.00705659-0.13359202j
  -0.09378685+0.16434048j -0.00716982-0.0060928j  -0.12003562-0.38567353j
  -0.00766893-0.11217745j]
 [-0.05426823+0.36288145j  0.14344671+0.350149j    0.09186746+0.05218168j
   0.11381527-0.38926605j  0.05968   +0.21651878j  0.14518786+0.32412628j
  -0.02875206-0.03139492j  0.0838576 -0.23571899j  0.02991363+0.01306312j
  -0.05909386+0.00747j     0.10080906+0.05765495j -0.00304045+0.11554817j
   0.14694505+0.05260006j -0.13405028-0.43917207j -0.00591567-0.04543807j
  -0.18445798+0.05265725j]
 [-0.17179831-0.5490697j   0.20731989+0.37924903j  0.01974856+0.00407613j
  -0.07876657+0.07296652j -0.1563559 -0.40455497j  0.1017842 +0.2071087j
   0.02212706+0.02331222j -0.04718925+0.07722698j -0.07491543+0.00639285j
   0.01237839+0.03647254j  0.06620412+0.09123155j  0.05791965-0.07834151j
   0.09140248+0.2531177j  -0.22454223-0.18031298j -0.03618943+0.06803602j
   0.17003799-0.01141618j]]

********* Summary *****************
Final fidelity error 0.11973684251592687
Final objective value 0.11973683691511627
Final penalized error 0.0
Final gradient 0.020645194147485935
Number of iterations 2000
Terminated due to Iteration or fidelity function call limit reached
Completed in 0:02:51.694004 HH:MM:SS.US
Computational time 171.69400416599998
total tv norm 309.3304746193835
total l2 norm 5504.983914800378
