Final evolution
[[0.00305469-5.56878090e-05j 0.00538988-9.99980807e-01j
  0.        +0.00000000e+00j 0.        +0.00000000e+00j]
 [0.00625607-9.99975763e-01j 0.00305383+9.12583718e-05j
  0.        +0.00000000e+00j 0.        +0.00000000e+00j]
 [0.        +0.00000000e+00j 0.        +0.00000000e+00j
  0.00305473-5.33881981e-05j 0.00614268-9.99976466e-01j]
 [0.        +0.00000000e+00j 0.        +0.00000000e+00j
  0.00700886-9.99970770e-01j 0.00305376+9.35572969e-05j]]

********* Summary *****************
Final fidelity error 4.831753384060278e-06
Final objective value 0.0018995209556096015
Final penalized error 0.001894689355910939
Final gradient 0.001376583364107019
Number of iterations 194
Terminated due to function converged
Completed in 0:00:02.872729 HH:MM:SS.US
Computational time 2.8727287080000004
total tv norm 16.001727445715197
total l2 norm 18.946893559109387
