Final evolution
[[ 5.55948752e-04+3.76077230e-05j -1.51416140e-03+6.25528162e-04j
  -2.30723395e-04+2.98337325e-04j ... -1.79298995e-08+3.12609189e-09j
  -1.14507585e-08-2.99431928e-08j -8.86840173e-09+2.44897200e-09j]
 [-1.51522824e-03+6.26312349e-04j  1.88365184e-04+1.96160299e-04j
  -2.55979084e-04-8.47889015e-05j ...  7.91804980e-10+5.81750918e-09j
   2.08662907e-09-3.02955715e-10j -2.02807194e-09-3.20766391e-08j]
 [-2.31426800e-04+2.98767255e-04j -2.29258996e-04-4.78016742e-05j
  -7.70999433e-04+4.89912681e-04j ...  6.70711736e-08-1.53749207e-08j
   1.39905026e-09+4.59973519e-09j -1.28151855e-08-1.64558299e-09j]
 ...
 [-1.77745568e-08+6.77091776e-09j -6.91559658e-10+7.04443371e-09j
   6.84947646e-08-6.65640100e-09j ...  8.34671659e-04+2.77335299e-04j
   6.94796761e-05+1.36125090e-04j -2.51019309e-04-2.44811138e-04j]
 [-7.85366571e-09-3.11565043e-08j  2.07217858e-09-2.97512613e-10j
  -1.08948784e-11+3.67257761e-09j ...  5.77116072e-05+1.82247231e-04j
  -1.10617315e-04+2.54985673e-04j  1.70061683e-03+3.45387399e-06j]
 [-9.16756985e-09+7.70612380e-10j  1.80146615e-09-3.20057840e-08j
  -1.21290352e-08+2.45818709e-09j ... -2.51831585e-04-2.49201104e-04j
   1.70184003e-03+4.22461984e-06j -5.07986216e-04+2.06726868e-04j]]

********* Summary *****************
Final fidelity error 5.331700576705067e-06
Final objective value 5.334557714893906e-06
Final penalized error 2.857869714789848e-09
Final gradient 0.0007115634723700348
Number of iterations 751
Terminated due to function converged
Completed in 0:55:31.516363 HH:MM:SS.US
Computational time 3331.5163631249998
total tv norm 33.059966627485444
total l2 norm 2.8578697147898477e-08
