Final evolution
[[ 2.77388802e-01+6.78977134e-02j -6.91399798e-01+7.52816994e-02j
   1.50194344e-01+6.66150351e-02j -3.67261725e-01+4.74110265e-02j
   2.58581927e-02+9.57989498e-03j -6.71556357e-02-4.22420274e-04j
   1.36710946e-02+8.05062920e-03j -3.57541777e-02+4.87624636e-04j
  -6.89769818e-03-1.59804272e-03j  1.71175851e-02-2.07877502e-03j
  -3.74398502e-03-1.60532566e-03j  9.09033676e-03-1.28822830e-03j
   1.65217925e-01+4.63833325e-02j -4.16752527e-01+3.12377541e-02j
   8.88552192e-02+4.30422778e-02j -2.21523022e-01+2.10507251e-02j]
 [-1.29231921e-01+1.92055909e-01j -5.10801668e-02+2.32018282e-01j
  -5.61573393e-01+5.45105808e-01j -3.98000445e-02+7.25496797e-02j
  -1.45200369e-02+1.69944416e-02j -7.46504920e-03+2.16919015e-02j
  -5.98961169e-02+4.60813349e-02j -4.61995363e-03+6.51939669e-03j
   3.14481864e-03-4.80102856e-03j  1.19505419e-03-5.76773549e-03j
   1.37546568e-02-1.36864458e-02j  9.64403923e-04-1.81083173e-03j
  -8.14938950e-02+1.12730293e-01j -3.53663089e-02+1.38309845e-01j
  -3.48278836e-01+3.16021921e-01j -2.53688407e-02+4.27664530e-02j]
 [-6.77417714e-01-3.65267389e-01j -1.63180963e-01-2.02352512e-02j
   2.26385179e-01+1.86690646e-01j -1.52787432e-01-2.40911282e-02j
  -6.09438107e-02-4.25280314e-02j -1.54296123e-02-3.74516965e-03j
   1.96522711e-02+2.04113671e-02j -1.43899710e-02-4.00014149e-03j
   1.69063155e-02+8.84731637e-03j  4.05168969e-03+4.51519095e-04j
  -5.66975158e-03-4.55874837e-03j  3.79520506e-03+5.50304945e-04j
  -3.99451448e-01-2.33058332e-01j -9.75919175e-02-1.54506419e-02j
   1.32185979e-01+1.16695463e-01j -9.12719879e-02-1.75562862e-02j]
 [ 2.55426364e-02-3.56663068e-02j  2.00791812e-01-3.49117488e-01j
  -6.06579083e-02+9.82830957e-03j -3.76240471e-01+6.48014500e-01j
   2.84452350e-03-3.13894106e-03j  2.31209293e-02-3.12696149e-02j
  -5.92734047e-03+2.72176798e-04j -4.32555643e-02+5.80019575e-02j
  -6.22276818e-04+8.92063293e-04j -4.87062378e-03+8.71678080e-03j
   1.50076998e-03-2.62294777e-04j  9.12838815e-03-1.61807425e-02j
   1.60608819e-02-2.09037198e-02j  1.27644677e-01-2.05609797e-01j
  -3.66276995e-02+4.67659120e-03j -2.39054121e-01+3.81571109e-01j]
 [ 2.38710405e-03+3.43242140e-02j -3.40104878e-02-7.65813719e-02j
  -2.13316692e-03+1.96805240e-02j -1.89176757e-02-4.04065628e-02j
  -4.32093425e-02-3.29619765e-01j  3.73040070e-01+7.18549548e-01j
   8.99708138e-03-1.91054206e-01j  2.06208053e-01+3.78555544e-01j
  -2.44526366e-03+9.15610910e-04j  4.83561565e-03-4.12945310e-03j
  -1.47774190e-03+2.70247215e-04j  2.53038434e-03-2.24958113e-03j
   9.06026689e-03-4.95814627e-03j -1.66150098e-02+1.88841610e-02j
   5.63433344e-03-1.88794170e-03j -8.64449646e-03+1.02290916e-02j]
 [-2.67822469e-02-7.78284247e-03j -2.85004407e-02+2.65216172e-03j
  -8.31626601e-02-4.44422647e-02j -9.78616285e-03-1.90513649e-03j
   2.62866335e-01+5.93057927e-02j  2.73299224e-01-4.23402716e-02j
   8.28162254e-01+3.79689814e-01j  9.54985705e-02+1.26173903e-02j
  -1.27833244e-05-2.11647165e-03j -8.09003361e-04-2.01589231e-03j
   1.43521281e-03-7.01022465e-03j -7.29548817e-05-7.53062053e-04j
   1.23850797e-03+8.27984652e-03j  4.29962202e-03+7.43893040e-03j
  -1.68313502e-03+2.82543783e-02j  7.08518472e-04+2.90764124e-03j]
 [ 1.70592624e-02-9.11429970e-02j -3.66584980e-03-1.94689154e-02j
  -1.31169778e-02+3.28302947e-02j -2.84195964e-03-1.84176648e-02j
  -1.10913618e-01+8.89019350e-01j  4.68043521e-02+1.85602713e-01j
   1.07191152e-01-3.24331202e-01j  3.82404297e-02+1.75948997e-01j
   6.99882161e-03-7.29229014e-04j  1.33699512e-03-6.87513900e-04j
  -2.67173253e-03-2.44503681e-04j  1.27833295e-03-6.04857017e-04j
  -2.69943383e-02+6.78531333e-03j -4.84893443e-03+3.44271240e-03j
   1.05984387e-02-5.42896850e-04j -4.66565730e-03+3.08612979e-03j]
 [ 5.03030596e-03+1.62243558e-03j  4.74322973e-02+1.02314759e-02j
  -3.35375475e-03-6.60034412e-03j -8.81713968e-02-1.93974815e-02j
  -4.94666702e-02-1.26882063e-02j -4.63456227e-01-7.07750082e-02j
   3.62257532e-02+6.16813828e-02j  8.61736389e-01+1.35211243e-01j
  -9.28477208e-06+4.00993315e-04j  2.81040029e-04+3.67155955e-03j
   4.07636298e-04-3.86639340e-04j -4.94903543e-04-6.83320075e-03j
  -1.88813949e-04-1.57529918e-03j -3.16208768e-03-1.42181452e-02j
  -1.37898782e-03+1.74278127e-03j  5.77481366e-03+2.64774314e-02j]
 [-5.50240182e-03-5.09828101e-03j  1.68348636e-02+7.09355078e-03j
  -2.59842787e-03-3.44587937e-03j  9.03714747e-03+3.59757605e-03j
   8.94441547e-04-1.52171907e-03j -7.81766467e-04+4.22703254e-03j
   6.61034762e-04-7.70950698e-04j -3.71319077e-04+2.25851683e-03j
   2.29227782e-01+2.41901167e-01j -7.25875184e-01-3.63058980e-01j
   1.05253330e-01+1.60265097e-01j -3.90265016e-01-1.85569903e-01j
   1.77314297e-02+1.94483217e-02j -5.67611221e-02-2.97696340e-02j
   8.06686308e-03+1.28140939e-02j -3.05321153e-02-1.52453814e-02j]
 [ 5.41767854e-03-2.76058773e-03j  4.13324582e-03-4.67529584e-03j
   1.98488674e-02-5.34998143e-03j  1.83950083e-03-1.15788228e-03j
   9.07623106e-04+1.10607179e-03j  1.28296298e-03+7.14326609e-04j
   2.23027842e-03+4.29249995e-03j  3.58866696e-04+3.64433263e-04j
  -2.48149309e-01+1.06752573e-01j -1.96731311e-01+1.95344188e-01j
  -8.95402906e-01+1.79906132e-01j -8.48922568e-02+4.60246232e-02j
  -1.97554637e-02+8.05163246e-03j -1.58303250e-02+1.51247461e-02j
  -7.09720014e-02+1.28436400e-02j -6.77282336e-03+3.50491687e-03j]
 [ 1.08926049e-02+1.70299984e-02j  3.48838411e-03+2.54671990e-03j
  -2.81562482e-03-7.17493896e-03j  3.20055276e-03+2.50263208e-03j
  -3.36518247e-03+3.36213039e-03j -4.09502221e-04+9.30176692e-04j
   1.50719796e-03-1.00885856e-03j -4.13878659e-04+8.61797070e-04j
  -4.33762834e-01-7.86427075e-01j -1.47302610e-01-1.22970489e-01j
   1.04121788e-01+3.26213206e-01j -1.34669328e-01-1.20185365e-01j
  -3.30531233e-02-6.27535035e-02j -1.14436534e-02-9.93334222e-03j
   7.72523589e-03+2.59151701e-02j -1.04503991e-02-9.69423078e-03j]
 [-1.04153823e-03+4.92971874e-04j -9.06471332e-03+5.45359047e-03j
   1.51808984e-03+5.48316743e-04j  1.69067629e-02-1.00775051e-02j
  -1.65813042e-04-2.14542969e-04j -1.71045199e-03-1.80857386e-03j
  -4.95003182e-05+3.76569284e-04j  3.16856989e-03+3.37794725e-03j
   4.75973056e-02-1.88495824e-02j  4.17605187e-01-2.15618261e-01j
  -6.57196447e-02-2.86892749e-02j -7.78611591e-01+3.97982411e-01j
   3.78680574e-03-1.41594992e-03j  3.33007275e-02-1.63897448e-02j
  -5.14542343e-03-2.36513531e-03j -6.20820194e-02+3.02398832e-02j]
 [-6.84069279e-02+1.56010584e-01j  2.68308095e-02-4.13993737e-01j
  -5.45796265e-02+8.14049055e-02j  9.89081987e-03-2.20670490e-01j
   1.95096853e-04+2.31033548e-02j -1.96609957e-02-5.27203365e-02j
  -2.23524612e-03+1.31034767e-02j -1.10256965e-02-2.78565990e-02j
  -1.08616222e-02+2.40229242e-02j  4.88258177e-03-6.40207620e-02j
  -8.59014595e-03+1.25016267e-02j  1.91996188e-03-3.41326766e-02j
   1.21682281e-01-2.58378229e-01j -6.36394532e-02+6.92616560e-01j
   9.51436077e-02-1.33967602e-01j -2.65294845e-02+3.69383359e-01j]
 [-9.95660757e-02-9.56750711e-02j -1.31080144e-01-5.38618084e-02j
  -2.62574792e-01-3.86000365e-01j -3.85382542e-02-3.08428801e-02j
  -1.76321408e-02-6.31258137e-03j -1.92108449e-02+6.11110685e-04j
  -5.39204384e-02-3.31909810e-02j -6.48115766e-03-1.67744533e-03j
  -1.52396817e-02-1.49819597e-02j -2.01904439e-02-8.56669380e-03j
  -3.99541126e-02-6.01991696e-02j -5.90962207e-03-4.84111410e-03j
   1.62550982e-01+1.64836056e-01j  2.17252465e-01+9.61811401e-02j
   4.22648235e-01+6.58754813e-01j  6.31964867e-02+5.34289002e-02j]
 [ 2.84253573e-01-3.60496459e-01j  2.86623983e-02-9.38027674e-02j
  -1.32965456e-01+1.13831563e-01j  2.98597586e-02-8.72993629e-02j
   1.51642698e-02-6.03899778e-02j -1.66018022e-03-1.31989938e-02j
  -1.01353015e-02+2.14674984e-02j -1.15099790e-03-1.24606769e-02j
   4.46259719e-02-5.52875940e-02j  4.60116602e-03-1.44659946e-02j
  -2.07780442e-02+1.73815683e-02j  4.77499196e-03-1.34574401e-02j
  -4.92650423e-01+5.91347800e-01j -5.22672013e-02+1.55914586e-01j
   2.27975760e-01-1.84777073e-01j -5.39805706e-02+1.44961295e-01j]
 [ 1.83315891e-02+1.86744060e-02j  1.84497809e-01+1.53866065e-01j
   4.59728594e-04-3.66518569e-02j -3.42091717e-01-2.87678994e-01j
   3.30513610e-03+1.29331474e-03j  3.13725266e-02+8.79894907e-03j
  -1.97769517e-03-4.56111681e-03j -5.83025753e-02-1.66098268e-02j
   2.80398250e-03+2.92231973e-03j  2.82807358e-02+2.41372089e-02j
   1.35805285e-04-5.67129090e-03j -5.24333033e-02-4.51236082e-02j
  -2.98802687e-02-3.21239241e-02j -3.02266432e-01-2.66191155e-01j
  -2.42361878e-03+6.14054069e-02j  5.60348142e-01+4.97561079e-01j]]

********* Summary *****************
Final fidelity error 0.4630799784984133
Final objective value 0.533072704251166
Final penalized error 0.06999273899465334
Final gradient 0.1441736671173952
Number of iterations 2853
Terminated due to function converged
Completed in 0:05:02.655030 HH:MM:SS.US
Computational time 302.655030416
total tv norm 91.59989286125412
total l2 norm 6.999273899465335
