Final evolution
[[ 6.31923584e-02-1.03078820e-02j -6.12077475e-08-1.48369621e-07j
  -1.91240395e-06+1.61460684e-06j -7.99723446e-01-5.96944623e-01j
  -2.55393526e-15-3.45396610e-14j  1.33159720e-08-1.57551019e-09j
  -1.20081606e-07-1.79591322e-07j -4.25764558e-13+3.13052659e-13j
  -7.39919322e-23-1.27393954e-23j  3.72162591e-18-2.92203696e-17j
  -4.40081250e-16+1.58110009e-16j  4.39999892e-22+1.07225276e-21j
  -1.00742362e-10+9.14964052e-11j  2.80804632e-16+1.93715166e-16j
   1.54152415e-15-5.09155779e-15j  2.11657875e-09+1.38992044e-10j]
 [-3.66671915e-08-1.12883710e-07j  4.04602068e-02-2.44726731e-02j
  -8.08282178e-01-5.86893500e-01j -9.74670785e-07+2.30779845e-06j
   1.00315381e-08-2.06496984e-09j -6.13187678e-15-2.42897819e-14j
  -3.55069703e-13+4.07506435e-13j -1.63712814e-07-1.30370459e-07j
   9.19073304e-19-2.21487397e-17j -5.49441191e-23+1.47508350e-25j
   6.71007003e-22+9.60569316e-22j -3.64914512e-16+2.79617869e-16j
   1.95990233e-16+1.58840402e-16j -4.38222684e-11+9.04489680e-11j
   2.12020876e-09+1.11168280e-10j -9.32484409e-16-5.24246742e-15j]
 [-1.92411733e-06+1.60427221e-06j -7.96771299e-01-6.02428051e-01j
   1.16345806e-02-4.58320477e-02j -1.18668846e-07-2.21806101e-09j
  -1.19082625e-07-1.80496830e-07j -4.28086104e-13+3.10710169e-13j
  -2.41669070e-14-8.44673858e-15j  2.85418099e-09-9.48954483e-09j
  -4.41459598e-16+1.55537648e-16j  4.33782204e-22+1.07594861e-21j
  -3.04384020e-23+4.64054135e-23j -1.87089618e-17-1.11299780e-17j
   1.57436649e-15-5.08668477e-15j  2.11765990e-09+1.52184600e-10j
   3.22868580e-11+9.51785996e-11j  2.14147956e-16-1.33353280e-16j]
 [-8.03895620e-01-5.91314050e-01j -9.87967667e-07+2.29960083e-06j
  -1.59761792e-07-1.53656312e-08j -8.53420738e-03-6.34562361e-02j
  -3.57243299e-13+4.04930969e-13j -1.62753850e-07-1.31255197e-07j
   2.85032303e-09-1.35614875e-08j -3.34448532e-14-5.48905628e-15j
   6.64449847e-22+9.63790989e-22j -3.66290373e-16+2.77103477e-16j
  -2.69874737e-17-1.30897923e-17j -2.94452312e-23+6.82523498e-23j
   2.11750260e-09+1.24125481e-10j -8.99291431e-16-5.24323682e-15j
   3.02627570e-16-1.57459076e-16j  8.86393434e-11+1.03265108e-10j]
 [ 1.45063169e-14+3.06309438e-14j -1.22481039e-08+6.48245594e-09j
   1.71075777e-07+1.20207409e-07j  2.90607963e-13-4.55125122e-13j
   6.33469816e-02-9.31055945e-03j -5.88615322e-08-1.49315949e-07j
  -1.93761591e-06+1.58426282e-06j -7.90215018e-01-6.09475758e-01j
   2.27618727e-11-1.36689527e-10j -3.46636615e-16+2.24109109e-17j
   1.98130661e-15+5.04143458e-15j -1.77905585e-09+1.22464086e-09j
  -6.00966923e-23-4.26795688e-23j  1.61747294e-17-2.49607877e-17j
  -4.53115668e-16-4.61282668e-17j -6.86053628e-23+1.15882173e-21j]
 [-8.33324896e-09+5.36234762e-09j  1.47885015e-14+2.08970575e-14j
   1.80494735e-13-4.97212401e-13j  2.06352054e-07+6.46421445e-08j
  -3.48833561e-08-1.13447637e-07j  4.08409203e-02-2.38318965e-02j
  -7.98931113e-01-5.99560787e-01j -1.01092537e-06+2.29214893e-06j
  -2.56853663e-16-3.24470919e-18j -2.20615419e-11-9.99319906e-11j
  -1.76439784e-09+1.24916542e-09j  4.05350276e-15+3.60075390e-15j
   1.01199100e-17-1.90681115e-17j -4.96545044e-23-2.37303894e-23j
   1.86391542e-22+1.13517644e-21j -4.54373820e-16+9.47026236e-17j]
 [ 1.70490067e-07+1.21373305e-07j  2.93683291e-13-4.53746750e-13j
   2.50387155e-14-8.10025398e-16j  7.83839316e-10+1.02118291e-08j
  -1.94916494e-06+1.57374485e-06j -7.87176807e-01-6.14911973e-01j
   1.23555429e-02-4.56429690e-02j -1.18619143e-07-4.08825143e-09j
   1.95198732e-15+5.05826638e-15j -1.78824521e-09+1.21478107e-09j
  -8.58645005e-11-5.56812529e-11j -8.69688338e-17+2.41703857e-16j
  -4.53245002e-16-4.89675629e-17j -7.58222664e-23+1.15945678e-21j
  -4.66388582e-23+2.81658511e-23j -1.21511713e-17-1.83182749e-17j]
 [ 1.83386967e-13-4.95627528e-13j  2.05757425e-07+6.58522363e-08j
   2.16076027e-09+1.32336109e-08j  3.39030169e-14-7.07786786e-15j
  -7.94475422e-01-6.03911646e-01j -1.02409139e-06+2.28374275e-06j
  -1.59499750e-07-1.78818979e-08j -7.53294592e-03-6.35828697e-02j
  -1.77041226e-09+1.23710363e-09j  4.02746405e-15+3.62231580e-15j
  -1.42459797e-16+3.16803406e-16j -1.35998498e-10-2.65807846e-11j
   1.79219315e-22+1.13524585e-21j -4.54525179e-16+9.18126594e-17j
  -1.82052243e-17-2.28430237e-17j -5.62213838e-23+4.88098566e-23j]
 [ 3.22442658e-23-6.71085197e-23j  2.68373337e-17+1.15321916e-17j
  -3.13806767e-17-4.62642363e-16j -1.14230032e-21+1.26699176e-22j
  -6.15256523e-11-1.24164100e-10j -2.67982669e-16+2.21007875e-16j
   4.55668545e-15+2.92886603e-15j -7.26083235e-10+2.03410621e-09j
   6.33170225e-02-9.51216347e-03j -5.93365485e-08-1.49127820e-07j
  -1.93256294e-06+1.59042277e-06j -7.92151146e-01-6.06957194e-01j
  -2.11925537e-15-3.45690544e-14j  1.33347369e-08-1.40788260e-09j
  -1.17813008e-07-1.81087631e-07j -4.29668792e-13+3.07672156e-13j]
 [ 2.08754290e-17+6.88669892e-18j  1.48605808e-23-5.24181400e-23j
  -1.09835329e-21+3.79089819e-22j -1.66833289e-16-4.24258775e-16j
  -2.10187779e-16+1.47666619e-16j -7.63654338e-11-6.81280771e-11j
  -6.99846148e-10+2.04541667e-09j  5.39406795e-15+5.48036704e-16j
  -3.52443150e-08-1.13336019e-07j  4.07648498e-02-2.39617838e-02j
  -8.00835635e-01-5.97014527e-01j -1.00362370e-06+2.29535537e-06j
   1.00567199e-08-1.93861874e-09j -5.82584805e-15-2.43649935e-14j
  -3.60167673e-13+4.03007736e-13j -1.62059918e-07-1.32419504e-07j]
 [-2.85532039e-17-4.63258966e-16j -1.14412596e-21+1.19762845e-22j
  -3.59920168e-23-4.16326304e-23j  1.57218429e-17-1.47928736e-17j
   4.54275882e-15+2.95967153e-15j -7.39304572e-10+2.03148781e-09j
  -1.02211564e-10+5.09024629e-12j  7.09077023e-17+2.46893561e-16j
  -1.94414539e-06+1.57994161e-06j -7.89130256e-01-6.12403053e-01j
   1.22101859e-02-4.56820689e-02j -1.18631556e-07-3.71063273e-09j
  -1.16802716e-07-1.81980501e-07j -4.31960687e-13+3.05300648e-13j
  -2.40587426e-14-8.75006820e-15j  2.97332510e-09-9.45289099e-09j]
 [-1.09964513e-21+3.71961134e-22j -1.64060500e-16-4.24883253e-16j
   1.98079268e-17-2.21880334e-17j -5.70250257e-23-4.67044373e-23j
  -7.11781339e-10+2.03915480e-09j  5.38556944e-15+5.80758339e-16j
   6.98531518e-17+3.40264205e-16j -1.25838362e-10+5.80244447e-11j
  -7.96393817e-01-6.01379549e-01j -1.01681641e-06+2.28699114e-06j
  -1.59555865e-07-1.73740749e-08j -7.73530985e-03-6.35585681e-02j
  -3.62308701e-13+4.00405132e-13j -1.61089901e-07-1.33292109e-07j
   3.02068881e-09-1.35245600e-08j -3.33731597e-14-5.90932812e-15j]
 [ 1.22994951e-10+5.82482422e-11j  7.20213924e-17-3.33451235e-16j
  -5.29469917e-15+5.16157144e-16j -6.78488071e-10-2.00969608e-09j
   5.80632753e-23-4.64118622e-23j  1.97472361e-17+2.25768258e-17j
   1.70625925e-16-4.26429090e-16j -1.10496409e-21-3.86576036e-22j
   1.41198594e-14+3.08109966e-14j -1.23286783e-08+6.32787293e-09j
   1.69550140e-07+1.22349877e-07j  2.96310034e-13-4.51433526e-13j
   6.34590881e-02-8.51297481e-03j -5.69786149e-08-1.50044560e-07j
  -1.95739120e-06+1.55976401e-06j -7.82485840e-01-6.19367729e-01j]
 [ 7.21178126e-17-2.41746697e-16j  1.00324886e-10+6.02695938e-12j
  -7.05594173e-10-2.00244362e-09j -4.49095234e-15+2.86082836e-15j
   1.56723692e-17+1.51088883e-17j  3.67286039e-23-4.16049081e-23j
  -1.15227832e-21-1.34488241e-22j  3.35333676e-17-4.66855492e-16j
  -8.40004313e-09+5.25709859e-09j  1.45244652e-14+2.10814302e-14j
   1.86734938e-13-4.94902601e-13j  2.05522588e-07+6.72327531e-08j
  -3.34535270e-08-1.13877462e-07j  4.11374728e-02-2.33162689e-02j
  -7.91325967e-01-6.09563183e-01j -1.03967855e-06+2.27925104e-06j]
 [-5.30271593e-15+4.83937626e-16j -6.66704221e-10-2.01572545e-09j
   7.56793768e-11-6.61365176e-11j -2.04927964e-16-1.47129107e-16j
   1.73414256e-16-4.25765486e-16j -1.10358689e-21-3.93750909e-22j
  -1.43562572e-23-5.30356093e-23j  2.11211789e-17-6.73106008e-18j
   1.68949810e-07+1.23508314e-07j  2.99367780e-13-4.50016578e-13j
   2.50469238e-14-4.94996817e-16j  6.55321686e-10+1.02208811e-08j
  -1.96880702e-06+1.54910160e-06j -7.79379487e-01-6.24765296e-01j
   1.29287128e-02-4.54839361e-02j -1.18558331e-07-5.58004996e-09j]
 [-6.92583921e-10-2.00488201e-09j -4.50431901e-15+2.83043596e-15j
  -2.60947274e-16-2.19734674e-16j  6.16697354e-11-1.21315537e-10j
  -1.15035417e-21-1.41460803e-22j  3.63782694e-17-4.66204787e-16j
   2.72026310e-17-1.13003259e-17j -3.18126952e-23-6.80077250e-23j
   1.89607006e-13-4.93281471e-13j  2.04912783e-07+6.84352692e-08j
   1.99412240e-09+1.32597443e-08j  3.39893677e-14-6.65083844e-15j
  -7.86815899e-01-6.13857650e-01j -1.05273779e-06+2.27067991e-06j
  -1.59262193e-07-1.98868463e-08j -6.73253468e-03-6.36725967e-02j]]

********* Summary *****************
Final fidelity error 0.003421984831677105
Final objective value 0.17999420246931427
Final penalized error 0.17657223201804859
Final gradient 0.08325634847644164
Number of iterations 3147
Terminated due to function converged
Completed in 0:05:12.302298 HH:MM:SS.US
Computational time 312.302298083
total tv norm 129.72263643851053
total l2 norm 176.5722320180486
