Final evolution
[[-4.07723760e-03-2.87108967e-03j -2.09562088e-03+3.09497425e-04j
  -2.60881355e-04-8.77235479e-04j -9.35021198e-01-3.53473955e-01j
   7.22941524e-03+9.82942571e-04j  7.22166406e-04-3.94215174e-04j
   8.74801142e-04-3.75582253e-04j  2.37976892e-02+1.03624353e-02j
   4.39250668e-04-1.05839094e-03j  3.45570526e-04+5.46092294e-04j
   5.80762538e-04-1.92364449e-03j  3.56614451e-04-4.66358875e-04j
  -1.18490185e-04+1.95409010e-04j  2.04858960e-04+1.28292846e-04j
  -1.51714408e-03+6.16196335e-04j  4.56864811e-03+1.74055818e-03j]
 [ 1.29449253e-03-1.06584275e-03j  9.37837873e-04+3.37683775e-04j
  -9.34848006e-01-3.54026223e-01j  5.79674211e-04-4.94324730e-04j
  -1.14890790e-04+8.99272932e-04j  6.94444958e-04+7.61671710e-03j
   2.26090641e-02+7.74827391e-03j -7.45588063e-03-2.05433017e-03j
  -3.02584013e-04-1.65153391e-04j -1.27183709e-03+6.06436319e-04j
   5.93246910e-04-2.99177676e-04j -1.33868553e-03+1.90052332e-04j
  -3.34116030e-04+6.17348673e-05j -1.20124238e-04-3.43177514e-05j
   4.55502696e-03+1.60893231e-03j  1.17291557e-03+8.37123259e-04j]
 [-2.36216651e-02-9.26848607e-03j -9.34862274e-01-3.53055427e-01j
  -6.96024090e-04-6.54350354e-04j  1.50000615e-03+1.62454231e-03j
  -4.99396658e-04+7.45558916e-04j  2.32751946e-02+1.08067615e-02j
   3.41241360e-03-5.74445452e-03j  3.76617430e-05-1.27410121e-03j
   7.11324011e-04-2.29422898e-04j -6.52212247e-04-6.13066062e-05j
   1.98562551e-04+9.30521436e-04j  6.99961882e-04-5.56707114e-04j
  -1.36447090e-03+5.55558517e-04j  4.61483370e-03+1.70917776e-03j
   1.33193663e-04+6.89565683e-05j  7.71324145e-05-1.11043976e-05j]
 [-9.34237652e-01-3.54603099e-01j  2.36002226e-02+8.59643152e-03j
  -3.34580577e-04-1.62411689e-03j  5.26814751e-03+6.47005343e-04j
   2.32835410e-02+7.46362553e-03j -9.28350746e-03-4.07744456e-03j
   2.96333612e-04+3.97511776e-04j  7.44816903e-03+2.44906027e-03j
  -4.32118880e-04+1.39611886e-04j -1.96291786e-03+4.76163787e-04j
  -9.36037316e-04-1.93848144e-04j  4.75201535e-04-1.25434360e-03j
   4.55315615e-03+1.60988993e-03j  1.20635157e-03+7.82532196e-04j
   5.43785464e-06+1.93509120e-04j -2.26443282e-04+1.59342119e-04j]
 [-7.40651310e-03-3.21343161e-03j  9.20930595e-04-9.39678654e-04j
   6.91847133e-03+3.38860532e-03j -2.46764831e-02-8.02605320e-03j
  -4.65638445e-03-8.14595739e-04j -3.67136627e-04-2.07242019e-03j
   4.88736593e-05+5.52555484e-04j -9.34295941e-01-3.55328586e-01j
  -4.79226723e-05+9.80805743e-05j -1.75518087e-04+1.38939011e-04j
  -1.31758746e-03-8.42545056e-05j  9.77265599e-05+5.33304207e-05j
   5.19029597e-04-7.20806629e-04j -3.83476125e-04-3.95024086e-04j
  -7.60434240e-04+2.40589911e-04j  1.54638718e-03+2.50815744e-04j]
 [-4.30650132e-04-5.52075185e-05j  1.24142821e-03-6.56099098e-03j
  -2.20581452e-02-9.17469370e-03j -4.07557250e-04-8.48286288e-04j
  -5.95463589e-04+1.23478266e-03j -1.10806850e-03+9.38896647e-05j
  -9.34886980e-01-3.54056400e-01j -5.49733084e-04+3.39050815e-04j
  -1.77576829e-04-3.75754244e-05j -1.96884580e-04-1.08935716e-04j
   3.81970047e-06-6.47073190e-05j  6.24592767e-04+9.30800269e-04j
   5.32965287e-04+6.84583995e-04j -1.38418868e-03+5.79466516e-04j
   1.26909977e-03+3.84086988e-04j  2.03088772e-03-4.86812305e-04j]
 [ 8.47178503e-03+2.66959787e-03j -2.48032199e-02-7.37576749e-03j
  -5.59321755e-03+5.28769902e-03j -4.00690840e-04-8.79600183e-04j
  -2.35486683e-02-8.42312739e-03j -9.33987686e-01-3.55272446e-01j
   9.60983965e-04+5.52038837e-04j  1.64679337e-03-1.23064347e-03j
  -1.28896835e-03-6.76295365e-05j  1.31696802e-04+2.49316087e-05j
   1.24505082e-04+2.10723981e-04j -4.76640206e-05+2.68714472e-04j
  -6.55559377e-04+1.92645697e-03j  7.98636916e-04+5.16362067e-04j
   5.53089852e-04+1.07862295e-03j -6.86289985e-04-2.58952882e-04j]
 [-2.25811340e-02-9.90737245e-03j  1.04216022e-03+1.32331704e-03j
  -4.10833398e-04+5.76977789e-04j -5.82379780e-03-3.95493646e-03j
  -9.34479584e-01-3.54174150e-01j  2.30013794e-02+9.20496522e-03j
  -3.75304383e-04+1.28888062e-03j  4.30897472e-03+2.69944035e-03j
   6.16083752e-05-7.03134883e-05j  5.79495255e-04+9.05839362e-04j
   3.64284040e-05+1.06609110e-04j -8.87236007e-05+5.50959686e-05j
   1.03975542e-04+9.12203402e-04j  1.37282018e-03-2.25731961e-04j
   4.20087349e-04-6.37467319e-04j  3.68008227e-04-1.21712676e-03j]
 [ 5.07915363e-04-1.26956241e-03j -1.84512049e-04-8.65253678e-04j
   8.63716451e-04+1.03576436e-03j  3.95546646e-05-5.78302573e-04j
   1.69056606e-05+1.38325959e-04j -1.25802999e-04+2.21736796e-04j
  -1.09249971e-03+2.60581939e-04j -1.04771073e-04+1.58175922e-05j
  -4.29010485e-03-2.65848815e-03j -2.16561741e-03+6.88541153e-04j
  -4.25165638e-04-7.53058539e-04j -9.34992095e-01-3.54549782e-01j
   6.58459564e-03+8.47879810e-04j -3.84782434e-04-4.76772533e-04j
   9.72213080e-04-2.69930555e-04j  5.10946112e-04+9.77094112e-04j]
 [ 8.19274171e-04+5.06731139e-04j -7.85827662e-04+5.92054145e-04j
  -2.68221086e-04-6.33265470e-04j  8.28006936e-04-1.81302644e-03j
  -1.19753887e-04+6.53748136e-05j -1.98357931e-04+8.36387853e-05j
   4.01559551e-05-6.58279948e-05j  9.92606064e-04+8.38822047e-04j
   1.03758332e-03-6.82721979e-04j  1.52144315e-03+1.29973103e-04j
  -9.34710851e-01-3.55198989e-01j  7.90537458e-04-2.77050996e-04j
  -1.14753069e-03+8.43019727e-04j  9.17781416e-04+8.00252635e-03j
  -6.70984505e-04-1.56499373e-03j -7.79334406e-03-2.46570872e-03j]
 [ 1.13595767e-03+1.68920645e-03j  4.87662123e-04+3.35365932e-04j
   5.80857220e-04+1.26761226e-03j -6.37871909e-04+1.48829857e-04j
  -1.05409721e-03+2.52266026e-04j -5.92418290e-05-6.16411847e-05j
   2.16039693e-04+1.45022668e-05j  5.06301308e-05+2.17599265e-04j
  -2.32925491e-02-9.62593998e-03j -9.34876356e-01-3.53977612e-01j
  -1.21559498e-03-9.16518429e-04j  1.29014443e-03+1.97565751e-03j
  -6.61442676e-04+3.98745392e-04j  1.16257614e-04+1.26684650e-03j
   3.85709510e-03-6.06130715e-03j -3.83251237e-04-9.15090178e-04j]
 [ 1.69614457e-04+3.14016361e-04j -4.17071229e-04-6.55480234e-04j
   3.39949850e-04+4.35668476e-05j  4.23327115e-04-1.07113533e-03j
   3.07232346e-05-8.49553701e-05j  1.00323011e-03+8.25095894e-04j
   1.67694505e-04+1.08160792e-04j -2.54830747e-05+1.31467705e-04j
  -9.34179295e-01-3.55655623e-01j  2.37982825e-02+8.26660364e-03j
  -4.05390516e-04-1.14621920e-03j  4.95996465e-03+7.96977574e-04j
   2.18526442e-04-2.02005015e-03j -8.79478676e-03-3.80583552e-03j
  -1.74414677e-04+9.00994653e-04j  7.08949567e-03+2.39182435e-03j]
 [ 9.29369754e-06+2.05712655e-04j -2.69137903e-05-8.14854829e-05j
  -1.44272144e-03-1.81746553e-04j -4.60702122e-03-1.74583283e-03j
   5.72511822e-04-1.15006995e-03j  6.85988176e-04+3.13559434e-04j
  -1.16666393e-03-1.70189535e-03j -1.23216827e-03-7.94455936e-04j
  -6.86810101e-03-2.91960807e-03j  1.04709054e-03-3.53855228e-04j
   7.45483336e-03+3.30728415e-03j -1.03315865e-03+3.94152224e-04j
  -4.83205094e-03-3.65346729e-04j -4.53357557e-04-1.79904727e-03j
   3.83362756e-05+9.46113675e-04j -9.35007652e-01-3.54363027e-01j]
 [-1.25658970e-04+1.42225193e-04j -1.67011482e-04-3.01431905e-05j
  -4.51906900e-03-1.80730364e-03j  7.41767504e-04+1.47365428e-03j
   7.10330432e-05-7.55984132e-04j -1.12652968e-03+4.99397543e-04j
  -1.09896873e-03-5.10147474e-04j  3.51002257e-04+6.35864766e-04j
  -4.38460285e-04+6.14620005e-04j  1.11740850e-03-7.11206931e-03j
   1.54711476e-03-7.36991432e-04j -5.72308020e-04-8.26295726e-04j
  -4.42293515e-04+1.30270978e-03j -9.16153276e-04-1.42564640e-04j
  -9.35540582e-01-3.53091109e-01j -6.24608012e-04+6.57748901e-04j]
 [-1.64704886e-03-3.37223717e-04j -4.55837707e-03-1.71092551e-03j
   1.16275220e-04+9.42574424e-05j -2.20887794e-04-4.43741725e-05j
  -8.76651291e-04-1.05233117e-03j -8.46373376e-04-2.54136919e-05j
   6.49211660e-04+1.32550236e-03j  5.88301522e-04-6.79243602e-05j
   9.11950758e-03+2.95232164e-03j -1.15371541e-03+8.21465201e-04j
  -5.99786993e-03+5.43573635e-03j  4.29769402e-04-2.12033302e-04j
  -2.29778406e-02-8.47579237e-03j -9.34776536e-01-3.54115289e-01j
   7.50103298e-04+5.11221044e-04j  1.50803119e-03-9.51045688e-04j]
 [-4.42652667e-03-1.78444903e-03j  8.67933571e-04+1.44415273e-03j
   2.01700326e-04+2.98279478e-04j  5.00233742e-06+2.18786250e-04j
  -5.70317285e-04+7.27521487e-04j -8.09243670e-04+1.80627369e-03j
  -8.85621516e-04+1.36842809e-04j  1.18214656e-04-8.74665826e-04j
   9.57333314e-04-1.71068742e-03j  1.93598519e-04+7.59138325e-04j
   4.14979202e-04+1.22395426e-03j -5.50714459e-03-3.71623357e-03j
  -9.35288708e-01-3.52883584e-01j  2.28597860e-02+8.82349902e-03j
  -5.46080226e-04+1.25216245e-03j  3.82456458e-03+2.97952874e-03j]]

********* Summary *****************
Final fidelity error 0.001275895371117497
Final objective value 0.0012759026957920973
Final penalized error 7.3246027688548866e-09
Final gradient 0.0006710185898869794
Number of iterations 1380
Terminated due to function converged
Completed in 0:04:25.067282 HH:MM:SS.US
Computational time 265.067282458
total tv norm 17.822590497521485
total l2 norm 7.324602768854886e-08
