Final evolution
[[ 0.20000907+0.0133164j   0.06157014-0.97775857j -0.00026168-0.00106673j
   0.0021048 +0.00327058j]
 [ 0.06163141-0.97775471j  0.20008909+0.01189893j  0.00250599-0.003126j
  -0.00045398+0.00195014j]
 [-0.00026525-0.00106619j  0.00250597-0.00312585j  0.1963673 +0.01506968j
   0.05925457-0.97861352j]
 [ 0.00210407+0.00327099j -0.00045062+0.00195111j  0.05931544-0.97860983j
   0.19674616+0.00873389j]]

********* Summary *****************
Final fidelity error 0.0199502072805795
Final objective value 0.01995020728057828
Final penalized error 0.0
Final gradient 0.044579470824662536
Number of iterations 186
Terminated due to function converged
Completed in 0:00:03.848857 HH:MM:SS.US
Computational time 3.8488570420000006
total tv norm 29.400129830393944
total l2 norm 407.4090209818035
