Final evolution
[[ 2.27919807e-04-9.68126449e-04j -1.85970686e-01-9.82554785e-01j
   6.24142338e-05-2.08121762e-05j -6.49905103e-05-3.81023047e-05j]
 [-1.86021679e-01-9.82545132e-01j  5.65995401e-04+8.17831114e-04j
  -4.49217823e-05+5.81319272e-05j  5.60150214e-05-4.63688467e-06j]
 [ 5.38023823e-05-1.60713435e-05j -4.66635305e-05+5.92336966e-05j
  -2.20953527e-04+8.33335860e-04j -1.85999750e-01-9.82549409e-01j]
 [-6.29669794e-05-3.76949797e-05j  6.57609145e-05-3.36985751e-06j
  -1.86048123e-01-9.82540250e-01j -5.10285077e-04-6.94897563e-04j]]

********* Summary *****************
Final fidelity error 4.381793432539638e-07
Final objective value 0.00016791685433457948
Final penalized error 0.00016747867920029202
Final gradient 0.0001027963394133929
Number of iterations 1
Terminated due to function converged
Completed in 0:00:00.060138 HH:MM:SS.US
Computational time 0.06013800000000025
total tv norm 25.51643075150592
total l2 norm 167.47867920029202
