Final evolution
[[-1.40590483e-03-8.15555350e-04j -5.15862677e-01-8.56636135e-01j
   6.30356594e-03+1.77273110e-05j  4.22424262e-03+9.42487990e-05j]
 [-5.16493048e-01-8.56268973e-01j  9.39787204e-05+1.65539018e-03j
   4.28508071e-03-9.15626861e-06j  3.61127914e-03-2.05516943e-03j]
 [ 3.50545325e-03-2.24440576e-03j  1.88854228e-03-3.78622975e-03j
  -1.44466629e-03-8.09691559e-04j -5.15168427e-01-8.57066813e-01j]
 [ 2.00290348e-03-3.79438093e-03j  2.92154055e-03-5.57165951e-03j
  -5.15788402e-01-8.56680503e-01j  6.72361469e-05+1.68750135e-03j]]

********* Summary *****************
Final fidelity error 2.482730659725263e-05
Final objective value 2.538266741106663e-05
Final penalized error 5.55381795807922e-07
Final gradient 0.0020087576141219554
Number of iterations 244
Terminated due to function converged
Completed in 0:00:03.298819 HH:MM:SS.US
Computational time 3.2988187499999997
total tv norm 18.72248327094106
total l2 norm 5.55381795807922e-07
