Final evolution
[[ 4.66643880e-01+1.91739590e-01j -4.14337463e-01-1.57965193e-01j
  -3.13467300e-02-7.61519460e-02j  5.75225065e-02+4.02070754e-02j
   1.04416816e-01+6.13620184e-02j -1.76836520e-01-7.57526380e-02j
  -1.25501080e-03-1.14881478e-02j  3.86021246e-02-2.03055636e-02j
  -2.19399064e-03-2.82012314e-02j  2.72902385e-02+1.18847686e-02j
   1.27091909e-02-1.03513319e-04j -7.21908992e-02+9.78699222e-03j
   4.70649650e-01+2.24393238e-01j -3.99162408e-01-2.05462886e-01j
  -2.20327358e-02+8.34920549e-04j  4.77344107e-02+1.00593933e-02j]
 [-2.54562100e-02+1.91988906e-02j  2.95693400e-02-1.00013072e-03j
  -6.29121407e-01-2.52938006e-01j  2.72188527e-02+3.65107267e-02j
   1.56667245e-02-5.02068194e-03j  1.98110122e-02-7.49775359e-03j
  -2.57374001e-01-9.20265513e-02j -2.70189502e-02+1.34171663e-02j
   6.00938494e-02+1.19109471e-02j  1.00424928e-02+2.95295366e-02j
  -4.21666796e-02-3.47532378e-03j -4.13424322e-02-8.25137902e-03j
  -5.07064522e-02-1.98593383e-02j  3.02071756e-02-1.22103586e-02j
  -6.23002757e-01-2.41150880e-01j  3.56847170e-02-6.56095037e-03j]
 [ 3.87600097e-01+1.64093579e-01j  4.66247333e-01+2.22746333e-01j
  -7.49111643e-04-6.84162627e-03j -3.72309765e-03+1.94877664e-02j
   1.29744948e-01+2.22756133e-03j  1.85507249e-01+8.33314623e-02j
   2.63992243e-03-2.33324982e-02j -5.68962508e-03+1.71218182e-02j
   2.47792446e-02+4.54504297e-02j -2.57609795e-02+3.05777010e-02j
  -8.73595569e-03+3.55385016e-02j  7.82222676e-03+1.31235025e-02j
   4.59584591e-01+1.99097324e-01j  4.60293933e-01+1.57825465e-01j
  -7.69530034e-03+2.94129513e-02j -4.31069612e-02-7.24574409e-03j]
 [-1.67410518e-01-4.61698145e-02j  4.75616072e-01+2.25289570e-01j
   1.95446669e-02+8.24748124e-03j -2.76222332e-02-1.58219016e-02j
   4.71631357e-01+1.85000974e-01j -5.16581713e-01-2.37663642e-01j
   1.06831468e-02+9.06985716e-03j  3.79245017e-02-1.22797611e-02j
  -2.42380901e-02-2.09335140e-02j -6.92994635e-02-1.16579999e-02j
  -2.22400150e-02-5.64366381e-03j -2.18668230e-02-1.76881512e-02j
   1.44173835e-02+5.14953134e-03j -2.67831000e-01-1.67344100e-01j
  -1.65537335e-02-4.56626865e-03j  4.35957403e-02+1.32745909e-02j]
 [-5.32774063e-01-2.15716569e-01j -3.40598611e-01-1.60960922e-01j
  -1.77257338e-02+1.49491713e-02j  7.60827281e-02+3.40916043e-02j
   2.27296169e-01+1.49663154e-02j -1.86502428e-01-8.29274003e-02j
   3.07105607e-02+6.60932156e-03j  1.15492533e-02+1.25084619e-02j
  -1.17712285e-02+3.10858268e-02j -1.67815719e-02+2.03129676e-02j
   3.14874198e-02+1.65331734e-03j -1.46849663e-02+8.51685341e-03j
   4.42974780e-01+1.63506181e-01j  4.09193600e-01+1.57629906e-01j
  -2.04991943e-02+4.96215251e-03j  7.45734017e-02+3.24724478e-02j]
 [ 1.31277679e-02+3.03258616e-02j  2.65543539e-02-1.08678606e-02j
  -2.95369572e-01-1.96992870e-01j  3.29141050e-03-3.49508204e-02j
  -4.29972671e-02+1.30188851e-02j -1.55882413e-02-1.59274514e-02j
   8.28383970e-01+4.14969333e-01j  2.21676995e-02-1.34704890e-02j
   2.36087726e-02+1.60073751e-02j  8.41073195e-03-1.34487076e-02j
   2.45699791e-02+4.59830077e-02j  1.44610950e-02+2.58939588e-02j
  -1.19647261e-02-4.00583801e-02j  1.25065023e-02+7.60442285e-03j
  -3.28914382e-02+1.41935127e-02j -6.17848645e-03+3.53432291e-02j]
 [-7.49391484e-02-1.06639166e-02j -7.72398734e-02-6.10831463e-02j
  -3.80777866e-02+2.68665902e-02j -5.78356740e-01-2.65917399e-01j
   1.52300884e-01+9.54610689e-02j  1.02275479e-01+2.63496517e-02j
  -1.03320331e-03+2.17624836e-02j -2.47621047e-01-1.43439626e-01j
   7.96501403e-03-2.51913190e-02j -1.97283455e-02+3.37645984e-02j
  -1.56645636e-02+5.02978093e-02j -1.99471144e-02-2.66911935e-02j
   9.88004076e-02-1.19474111e-03j -5.10740633e-02-3.85079416e-02j
  -2.23331609e-02-4.58913214e-02j -5.93895621e-01-2.75826377e-01j]
 [ 1.74882959e-02+2.64411797e-02j  2.36256631e-02-1.44224257e-02j
   1.22557895e-02+2.25471687e-02j  3.42721464e-01+9.40761419e-02j
   1.37725734e-03+6.45803092e-02j -3.70466885e-02-8.53647978e-03j
   1.34237200e-02+2.81709664e-02j -8.62387441e-01-3.28044075e-01j
  -4.11631738e-02-2.05495019e-02j  5.96614663e-03+3.20788047e-02j
  -1.15791165e-02-3.32748470e-02j  4.46904133e-02+4.65143222e-02j
  -2.05153180e-02-5.04858322e-03j  1.73626243e-02-2.96854562e-02j
   2.09955562e-02-4.34559524e-03j  4.28416649e-02+2.89428498e-02j]
 [-1.52322699e-03-5.15752202e-03j  3.32430696e-02+2.07551457e-02j
  -7.05107616e-04-4.12731643e-02j  1.01112128e-02-8.93809000e-03j
   5.37982537e-03+3.30306160e-02j -1.87823590e-02+8.85259215e-03j
   2.33141282e-02-2.02546296e-02j  5.86766242e-02-8.94589464e-03j
  -6.27934586e-01-2.84766855e-01j  6.46512062e-01+2.93963849e-01j
  -2.76106467e-02-4.98931271e-02j -9.38751100e-03-4.20317259e-02j
  -1.02372941e-02+8.93140680e-03j  5.17140791e-02-6.39941620e-03j
  -2.91138302e-02+4.15460560e-03j -2.37026897e-02-3.60776356e-02j]
 [-2.47846409e-02-8.91525154e-03j  3.40151841e-02+5.20721178e-02j
  -1.20978630e-02-3.45680442e-02j  2.33677153e-02-4.62643597e-02j
  -2.24885931e-02-1.84533324e-02j -2.16021606e-03+2.51132921e-02j
  -5.65964649e-02-1.84128493e-03j -2.76898060e-02-1.82242711e-03j
  -1.45044099e-02-1.43331627e-02j  5.93675083e-02-3.21823704e-02j
   9.19120922e-01+3.61926678e-01j -2.74048148e-02-1.03475712e-02j
  -8.42417911e-03+4.10762931e-02j -3.39551133e-02-2.13326623e-02j
  -1.03673536e-02-1.05511609e-02j  1.41162412e-02-2.36453428e-02j]
 [-6.33646138e-04+1.74350696e-02j -7.29895689e-03-1.97921319e-02j
  -6.09567266e-02-3.42875916e-03j  1.15211717e-03+2.81733210e-04j
  -2.59194862e-02-4.80231965e-02j  7.87244180e-02+1.38822870e-02j
  -3.64653135e-03+1.09623728e-02j  7.50129812e-03+2.45087048e-02j
  -6.60937557e-01-2.68526949e-01j -6.36736569e-01-2.51644415e-01j
  -2.96386350e-03+4.84195641e-02j -1.30635678e-02-7.63578712e-04j
   3.80372261e-02-1.68867423e-02j  1.17707897e-02-4.52341599e-02j
  -1.54421857e-02-2.46412166e-02j  1.81092217e-02+6.68729187e-03j]
 [ 1.96902238e-03-3.99535829e-02j  1.63341165e-02+3.84725860e-02j
   1.74596345e-02+4.23600619e-02j  2.86604145e-02-2.05862127e-02j
  -4.60553358e-02-2.49659694e-02j  2.24415642e-03+3.34600591e-02j
   4.06598717e-02+1.09578163e-02j -5.68931609e-02-3.26253334e-03j
   3.02122355e-02-4.04924490e-03j -2.00224424e-02+1.98741596e-02j
  -2.43981469e-02-1.78090992e-02j -8.89356418e-01-4.33167068e-01j
  -1.46412746e-02-2.00767452e-02j  3.46446278e-02+4.34611006e-03j
   2.26182255e-02-1.65262737e-03j  2.50356682e-02+1.46617718e-02j]
 [-4.08646940e-01-1.35551417e-01j  2.68374131e-01+1.28467220e-01j
  -4.89366013e-02-7.14815632e-04j -1.22540024e-02+5.28997953e-02j
  -3.54545750e-01-1.23917134e-01j  3.20447951e-01+1.07052986e-01j
   2.33396296e-02-3.11619865e-02j -4.81577677e-02+1.86050662e-02j
   2.42434754e-02-3.56229127e-03j  4.71993575e-02+3.29121638e-02j
  -7.20461422e-02+1.26294209e-02j  3.24903230e-02-2.81858684e-02j
   4.18473071e-01+2.11252896e-01j -4.45577927e-01-1.61007436e-01j
   2.15518303e-02+1.54328903e-02j  6.53238249e-02+3.29022741e-02j]
 [ 2.00615459e-02-3.28344476e-02j -1.11517636e-03-4.21678404e-03j
   5.57953825e-01+2.82880255e-01j  4.55623860e-02-1.94694799e-02j
  -5.80678537e-03-9.94685783e-03j  4.94078592e-02+2.84334196e-02j
   2.18454753e-01+5.31956997e-02j  2.87426241e-02-3.57627573e-02j
  -4.75104062e-03+3.42219484e-03j  5.65439494e-03-5.34758821e-02j
   1.63352226e-02-1.57279567e-03j  2.51536668e-02-1.42430269e-02j
   4.04187012e-02-1.29980160e-02j -3.39027653e-02-1.02725707e-02j
  -6.68173428e-01-3.07516167e-01j  9.92413704e-03-2.15247433e-02j]
 [-7.90996213e-02-6.33606479e-03j -7.85191458e-02-4.51434850e-02j
  -1.12695319e-02-1.01904455e-02j  1.39492355e-01+7.14539278e-02j
   6.24370482e-01+2.86529128e-01j  5.75192645e-01+2.92897948e-01j
   2.27452190e-02+3.41419175e-02j  7.30606534e-02-1.72182423e-02j
   1.52780475e-02+3.17663920e-03j  3.68229395e-03+4.33843548e-02j
   1.87768531e-02-3.70172925e-03j -1.73892384e-02-2.28204255e-02j
  -8.37205345e-02-7.34650982e-02j -1.33691868e-01-9.60176202e-02j
   3.68124362e-02+3.51206159e-02j  1.26532684e-01+5.82042483e-02j]
 [ 5.03579597e-02+2.50758822e-02j -2.49246708e-02-1.88905918e-02j
   1.47081870e-02+2.19993928e-02j -6.10317145e-01-2.12894475e-01j
   5.36391970e-03+1.81273796e-02j  2.15061862e-02-3.28171454e-03j
  -2.89960812e-02+5.38014775e-02j -1.80918453e-01-9.87947695e-02j
  -2.08349491e-02-3.39887860e-03j  3.65377363e-02+1.11358723e-02j
  -4.88152199e-03+1.23546807e-02j  2.09418362e-02-5.65771102e-03j
   1.13279228e-02-2.79987782e-02j  4.16516868e-02+2.87763125e-02j
  -2.08260844e-02+5.02714049e-03j  6.83064294e-01+2.39217809e-01j]]

********* Summary *****************
Final fidelity error 0.01274591841230277
Final objective value 0.012745916533437374
Final penalized error 0.0
Final gradient 0.005405978987393116
Number of iterations 3000
Terminated due to Iteration or fidelity function call limit reached
Completed in 0:07:14.480615 HH:MM:SS.US
Computational time 434.480614833
total tv norm 477.02880993985934
total l2 norm 9287.524985018877
