Final evolution
[[ 0.00180377+4.58088078e-05j -0.5233439 -8.52093917e-01j
   0.00576668+2.48972235e-05j  0.00325625+3.21681988e-05j]
 [-0.52330806-8.52127299e-01j  0.00079556-1.60748434e-03j
   0.00330384-4.08543907e-05j  0.003252  -1.74010886e-03j]
 [ 0.00302848-2.10352369e-03j  0.00145495-2.90761367e-03j
   0.00176295+5.37560424e-05j -0.52337562-8.52086076e-01j]
 [ 0.00154192-2.91680535e-03j  0.00259715-5.15576484e-03j
  -0.52333018-8.52102245e-01j  0.00076942-1.57441261e-03j]]

********* Summary *****************
Final fidelity error 1.8677375737241597e-05
Final objective value 1.867733328833499e-05
Final penalized error 5.526956717204714e-13
Final gradient 0.0010611034770470755
Number of iterations 10
Terminated due to function converged
Completed in 0:00:00.178719 HH:MM:SS.US
Computational time 0.17871879099999965
total tv norm 18.718201178518232
total l2 norm 5.526956717204714e-28
