Final evolution
[[ 5.95188128e-03+2.31230239e-03j -6.00438633e-04+8.30218177e-04j
   1.83629083e-04-1.89286500e-03j  9.60585543e-01+2.76650507e-01j
   1.36153810e-03-9.36623046e-04j  5.57882251e-04-9.01578825e-04j
   8.43801596e-05+7.20324687e-04j -2.43148936e-02-7.69670709e-03j
   1.82103791e-03+4.56705674e-04j -1.34362590e-04+8.81300027e-04j
   9.57692083e-05-7.70345472e-04j -2.47559452e-04-2.00107749e-06j
  -2.51792395e-03-1.16002518e-03j  7.05169461e-04+1.17309942e-04j
   5.76892880e-04-2.50182835e-04j -4.87093335e-03-1.52918245e-03j]
 [ 1.41938029e-03+3.55416451e-04j -2.21392992e-03+5.33291396e-04j
   9.59824816e-01+2.79382066e-01j  8.03063992e-04-1.69079490e-03j
  -5.62189589e-04+5.62767782e-04j -6.83114397e-04+1.10681746e-03j
  -2.41063723e-02-6.34253817e-03j -2.39299497e-03+1.02532186e-03j
   6.94975576e-05-9.54514111e-04j -3.26341092e-04-1.46727874e-03j
  -7.61598850e-04-3.93681990e-04j -2.27262447e-03-5.73979830e-04j
   5.00061847e-04-7.85252941e-04j  5.18594317e-04+2.55344797e-03j
  -4.82409714e-03-2.11448194e-04j  1.63607477e-04-5.50302802e-04j]
 [ 2.18532298e-02+7.03919210e-03j  9.59737729e-01+2.78775087e-01j
   1.56815228e-03+1.57970243e-03j -4.79844492e-05+1.01827729e-03j
   2.42681695e-04+3.00933634e-04j -2.29534286e-02-8.28233333e-03j
  -3.45197945e-04+6.29774958e-06j  8.51016596e-04-2.59903571e-05j
  -3.09967395e-03+2.43521343e-04j  1.31683467e-03+8.71743567e-04j
  -1.11701835e-04-1.41786165e-04j  1.79430275e-03+1.12252626e-03j
  -2.15582328e-03+4.28709615e-05j -4.72946758e-03-2.40650339e-03j
  -1.90185565e-04-2.75957272e-03j  1.09515683e-03+2.27244464e-04j]
 [ 9.50441203e-01+2.74771427e-01j -2.15256533e-02-5.57187289e-03j
  -1.33312603e-03-7.29314520e-04j -6.96122583e-03-1.42611983e-03j
  -2.33997356e-02-5.07103201e-03j  3.40074878e-02+9.60858062e-03j
   1.57518684e-03-4.35152719e-04j -5.24851996e-02-1.56650533e-02j
  -1.40906900e-04-7.50338570e-04j  6.21981617e-04+3.35156833e-04j
  -7.72363984e-04-1.46481127e-03j  5.15642833e-04+1.56711287e-03j
  -4.92709496e-03-1.55332831e-03j -5.21707272e-02-1.60404578e-02j
   1.50042661e-03+5.71088108e-04j  1.08637254e-01+3.11957884e-02j]
 [ 5.32541628e-02+1.50017562e-02j -1.97571312e-03-7.36387418e-04j
   1.32521410e-03+2.07954997e-03j  2.43006352e-02+6.35949784e-03j
   2.14028615e-03-3.53162049e-04j  6.93915890e-04+3.37992690e-04j
  -2.42050140e-03+7.78406826e-04j  9.58783221e-01+2.77421964e-01j
  -4.62199688e-03+3.11729463e-03j  9.69225163e-04+9.43099459e-04j
   1.08690021e-03+1.37004411e-04j  1.85476459e-04-1.01572273e-03j
  -1.43927267e-03+8.00526907e-04j -2.36265745e-03+7.58553720e-04j
  -3.64440398e-03-3.20879564e-04j -1.01128068e-04-1.84800761e-04j]
 [-1.02840844e-03-1.02743267e-03j  2.27988014e-04+2.25055360e-04j
   2.37611689e-02+7.56431807e-03j -3.81665561e-04+5.73410993e-04j
  -2.06544098e-04-9.84906217e-04j -1.53198842e-03+2.12137039e-04j
   9.60190439e-01+2.78171502e-01j  1.65162074e-03+2.02618768e-03j
   1.35090789e-03-9.23333086e-04j  1.52270833e-03+1.97750487e-03j
   1.71934912e-03+7.47858016e-04j  3.58010305e-04-1.04835175e-03j
  -3.91647399e-05-1.66133137e-03j  6.84782242e-04+2.09335720e-04j
   5.85440593e-04+7.78475069e-04j  1.22805654e-03-9.02774705e-04j]
 [-3.31689690e-02-9.95654694e-03j  2.45488364e-02+5.47712278e-03j
   1.04349661e-04+1.40050065e-03j  2.47165520e-04-1.00889253e-03j
   2.64838840e-02+6.00018776e-03j  9.59308811e-01+2.77712891e-01j
   1.14322448e-03+9.58513455e-04j  1.06045773e-03+4.57438927e-04j
  -2.70323870e-03-1.21622198e-03j -1.35571952e-03-1.67646645e-04j
  -7.62824945e-04-2.50170685e-03j  1.12837751e-03+7.99527662e-04j
  -6.46124379e-04-5.80818325e-04j -4.46506563e-04+4.60127563e-05j
  -8.47564021e-04-7.42789995e-04j  1.48757060e-03+1.53094225e-03j]
 [ 2.33907432e-02+8.48916702e-03j -1.53775804e-03-2.28378214e-04j
   1.41856840e-04+6.89447438e-04j -8.83949942e-04-1.57709000e-03j
   9.59855400e-01+2.78083737e-01j -2.47571486e-02-8.78877721e-03j
   7.13754246e-04-7.69470748e-04j -2.89210395e-03-1.89032250e-03j
  -4.20228917e-04+1.63234012e-04j  1.75430708e-03+8.16931140e-04j
  -1.66031946e-04-7.21235226e-04j -1.21660041e-03+4.46691320e-04j
   7.61711116e-08-5.07087117e-04j -1.45592211e-03-5.66088278e-04j
  -2.82188145e-03-1.08763490e-03j -6.19904995e-04-2.66951805e-04j]
 [-1.28038771e-03+9.44822899e-04j -2.12789924e-03-8.05598604e-06j
   2.22856819e-03+6.88173438e-04j  2.23478998e-04+9.42752287e-05j
   7.70200244e-04+1.00826608e-03j -1.38022889e-03+9.28472386e-05j
   2.00345376e-04-1.09931682e-03j  4.38576036e-04-9.89661813e-04j
   4.75725760e-03+2.61382181e-03j  1.34171954e-03+2.53236369e-04j
  -2.08390794e-05+5.95332666e-04j  9.60485973e-01+2.78225939e-01j
  -3.80709616e-04+2.75213203e-04j -9.65328399e-04+3.21620627e-04j
  -2.16585308e-03-2.64258294e-04j -6.98730363e-05+9.02970282e-04j]
 [ 1.19953323e-03-9.02444828e-04j  1.84066162e-04-8.09383931e-05j
   8.08070058e-04+6.40285747e-05j  2.98797376e-04-7.08092761e-04j
   5.40004359e-04-5.44687242e-04j  2.00724692e-03-1.72259461e-03j
  -1.86885932e-03-2.97775466e-04j -1.08099804e-03-3.97125445e-04j
  -1.96650252e-05+8.00595782e-04j  1.42836601e-03+1.02770803e-03j
   9.60381644e-01+2.78644757e-01j -3.01514111e-04+5.12283099e-04j
   4.98114727e-04-9.35362761e-04j -3.22483034e-04+6.22789295e-04j
  -6.19261470e-05-3.06188320e-04j  1.12292840e-03+1.04800368e-03j]
 [-1.14440468e-03-2.09913227e-05j -1.45521530e-03+1.00918522e-04j
   1.00690712e-03-1.07004814e-03j -4.12071483e-04+8.02717136e-04j
  -1.85170262e-03-2.14684724e-04j  1.36569583e-03+6.09641164e-04j
  -2.38121661e-03+8.45975059e-04j -1.20142271e-03+4.09071659e-04j
   2.49906456e-02+8.51280289e-03j  9.60601019e-01+2.76615265e-01j
  -1.77508062e-03+1.25414294e-04j -1.41264009e-03-5.09809839e-04j
   1.18726752e-03-4.39882356e-04j -9.92429205e-04-2.46001741e-04j
   5.63538282e-04+7.97088125e-04j  1.80872370e-03-5.13012823e-04j]
 [ 7.54707620e-04-3.38957476e-04j  2.59650654e-03+1.85456347e-03j
   4.04951329e-04-8.20295187e-04j -1.72407543e-03-4.79835243e-04j
   3.85609973e-04+3.93641977e-04j  2.86791896e-03+3.27004668e-04j
  -6.04735523e-04-1.50910295e-03j  2.28918028e-03+5.13800216e-03j
   9.59923314e-01+2.78846806e-01j -2.56867147e-02-6.13415989e-03j
  -3.67303277e-04+6.73264620e-04j -5.36648024e-03-3.21694215e-04j
   7.76462252e-04-7.24329619e-04j  3.21761197e-04-2.04137300e-03j
   7.72980629e-04-2.11309376e-04j -9.22013124e-04-2.25900420e-04j]
 [-1.07877648e-01-3.16660798e-02j  1.35429086e-03+2.61853863e-04j
   3.03862514e-04-5.18907064e-04j  5.77247535e-03+1.47913761e-03j
   3.29123456e-03+7.06481059e-04j -5.93153622e-03-6.04026102e-04j
  -7.32847363e-04-1.36817442e-03j  6.03965348e-03+1.67419178e-03j
   8.96082814e-04+3.49845213e-04j -1.36387857e-03-1.45732515e-03j
  -1.42496177e-03+4.45764597e-04j -4.90190923e-04+6.30451247e-04j
   5.09072088e-03+1.43065948e-03j  6.18114345e-03+9.18515516e-04j
   2.39504725e-03+1.36119056e-07j  9.54069609e-01+2.77315680e-01j]
 [-9.67113901e-04-1.99968597e-04j  1.67234389e-03-2.24985748e-03j
   4.18136346e-03+2.43207013e-03j -2.72115813e-04-4.94758380e-04j
   3.03431989e-03+5.83670228e-04j  9.44746304e-04-1.49713827e-04j
  -1.02421031e-03+2.92509063e-04j  3.30983760e-03+1.68333716e-03j
  -5.84588000e-04-5.66108238e-04j -8.69739199e-04+3.89006935e-04j
   2.19171473e-04-2.26531651e-04j  1.97541780e-03+9.20921101e-04j
  -9.87344891e-04-1.09489512e-04j  2.09932730e-03-1.69460510e-03j
   9.60757183e-01+2.77248160e-01j -2.18253862e-03-1.30618063e-03j]
 [ 5.31626917e-02+1.46941266e-02j  4.13717747e-03+2.33726182e-04j
  -1.89300874e-03+1.81659338e-03j -9.68382947e-04-2.95850279e-04j
   2.46066000e-04+2.87417146e-05j  2.11247212e-03+7.43170192e-04j
  -5.44663729e-04-2.88047988e-04j -1.29283005e-03+1.09012935e-03j
   7.98634120e-04-1.94441699e-03j  9.91638823e-04+3.88280857e-04j
  -9.39485625e-05+5.91689551e-04j  6.91008433e-04+8.86676582e-04j
   2.28215245e-02+6.71653544e-03j  9.58336540e-01+2.79167205e-01j
  -7.90604112e-04-2.55486931e-03j  1.83722150e-04-9.31628762e-04j]
 [ 4.32324909e-03+1.23105781e-03j  1.60479349e-03+1.14579895e-03j
   6.01161401e-05-1.00150174e-03j  2.72406125e-03+3.88066811e-04j
   1.57913411e-04-4.59711996e-04j  9.61991550e-04-1.41667586e-04j
   9.43286780e-04-1.34585039e-03j  4.60819496e-04+1.32264559e-03j
  -3.26992332e-04-1.01691640e-03j -7.71656988e-04-9.71597422e-04j
   8.70338855e-05-1.08425234e-03j  1.73876924e-04+4.32286348e-04j
   9.60609578e-01+2.76737972e-01j -2.31539556e-02-6.60434739e-03j
   9.06945552e-04+4.87316527e-04j -4.49096763e-03-1.33592254e-03j]]

********* Summary *****************
Final fidelity error 2.106822618896942e-05
Final objective value 2.1068248414968238e-05
Final penalized error 0.0
Final gradient 0.00014803155895295566
Number of iterations 5933
Terminated due to Max wall time exceeded
Completed in 2:00:00.822350 HH:MM:SS.US
Computational time 7200.8223505
total tv norm 1100.370878557728
total l2 norm 54065.277665385875
