Final evolution
[[ 0.00232113+1.17895465e-04j -0.00959604-9.99921936e-01j
   0.00170154+4.18756539e-04j  0.00119462+7.35791416e-03j]
 [-0.00988517-9.99920983e-01j  0.00234301-1.59083113e-04j
   0.00112645-7.10073143e-03j  0.00170605+4.43401944e-04j]
 [ 0.00169886-4.73182438e-04j  0.00104758-7.37312445e-03j
   0.00207857+1.15151703e-04j -0.01063265-9.99912017e-01j]
 [ 0.00127596+7.08320951e-03j  0.00169163-4.48466260e-04j
  -0.01091948-9.99910832e-01j  0.00205101-1.55764934e-04j]]

********* Summary *****************
Final fidelity error 3.093829053701924e-05
Final objective value 3.140487600406295e-05
Final penalized error 4.6654401553481253e-07
Final gradient 0.0005761714653335458
Number of iterations 232
Terminated due to function converged
Completed in 0:00:14.987706 HH:MM:SS.US
Computational time 14.987706249999999
total tv norm 26.129369326628968
total l2 norm 4.6654401553481253e-07
