Final evolution
[[ 1.95283120e-01+1.02943969e-02j  4.93081345e-02-9.79450686e-01j
   6.41000516e-04-9.71542932e-04j -6.89259905e-05+1.49349747e-03j]
 [ 4.86199378e-02-9.79484102e-01j  1.95338045e-01+9.23619956e-03j
   3.32092465e-04-1.73848669e-03j  8.86346367e-04+9.04974944e-04j]
 [ 8.62725599e-04-7.78371679e-04j  2.98861934e-05-1.21582644e-03j
   1.95052663e-01+1.18958807e-02j  4.89307727e-02-9.79497778e-01j]
 [ 1.09452490e-04+2.04029235e-03j  4.31719509e-04+1.06622428e-03j
   4.86724806e-02-9.79509800e-01j  1.95266661e-01+7.54808935e-03j]]

********* Summary *****************
Final fidelity error 0.019295378296277033
Final objective value 0.01929537104584389
Final penalized error 0.0
Final gradient 0.028101411811099125
Number of iterations 840
Terminated due to function converged
Completed in 0:00:40.076515 HH:MM:SS.US
Computational time 40.076515
total tv norm 38.323608615731956
total l2 norm 1252.7653502661703
