Final evolution
[[ 6.79373795e-02+1.90562033e-02j  3.14009513e-02+1.05138506e-02j
  -4.10153205e-03-1.63968442e-03j  5.91020873e-02+1.62547705e-02j
  -1.86312251e-01+3.01186069e-01j -9.52742958e-02+1.39800734e-01j
   1.42650515e-03-2.63362036e-02j -1.61214262e-01+2.63785750e-01j
  -3.36714422e-02-2.21550367e-03j -1.60702559e-02-1.69536710e-03j
   2.01806718e-03-1.38985518e-03j -2.94313648e-02-1.74484541e-03j
  -2.53725676e-01+5.52360363e-01j -1.32867163e-01+2.58316172e-01j
  -3.27979167e-03-4.58056601e-02j -2.18937624e-01+4.83379173e-01j]
 [-2.81216687e-03-5.29266159e-03j  5.64601092e-03+5.37137662e-03j
  -4.67591719e-02+1.96268618e-02j  9.49432048e-05-2.67223472e-04j
   5.88875521e-02-1.01331281e-02j -7.37043353e-02-2.93456455e-03j
   1.50209886e-01-4.67141216e-01j  3.11547081e-03-1.74418043e-02j
   4.31216944e-03+4.62252430e-03j -3.95429449e-03-7.25483769e-03j
   5.25399213e-02-1.26587513e-02j  1.80042586e-03-9.96936790e-04j
   9.92511145e-02-2.89725609e-02j -1.26822793e-01+8.65779052e-03j
   1.69360214e-01-8.29274740e-01j  2.21793420e-03-3.09144425e-02j]
 [ 4.28781003e-02+3.25576794e-03j -8.61378233e-02-1.52117586e-02j
  -8.32153481e-03+1.61987845e-02j -2.92744852e-03+3.39122470e-03j
  -6.80027948e-02+2.07480527e-01j  1.96330656e-01-3.93184499e-01j
  -6.69066438e-02-6.23005883e-02j -2.25192928e-02-2.52591400e-02j
  -2.03412405e-02+3.74828919e-03j  4.19404645e-02-9.97920324e-04j
   2.23997015e-03-8.40795217e-03j  8.91422225e-04-3.27658136e-03j
  -7.19134617e-02+3.68146663e-01j  2.51433163e-01-7.11044113e-01j
  -1.27142013e-01-9.19821160e-02j -4.38441908e-02-3.87769188e-02j]
 [ 2.54951116e-02-1.44904361e-02j  1.31336414e-02-1.19521118e-03j
   1.86302101e-03+1.15195157e-03j -3.61693377e-02+1.79290438e-02j
  -5.55887410e-02+2.65502371e-01j -7.39295793e-02+1.32754990e-01j
  -1.45908098e-02+8.17394897e-03j  9.74159516e-02-3.79036347e-01j
  -2.82044545e-02+9.81030245e-03j -1.66594336e-02+1.07419606e-03j
  -1.52052676e-03-8.90622835e-04j  4.12475064e-02-1.25804799e-02j
  -4.51393330e-02+4.65405279e-01j -1.01884168e-01+2.42193881e-01j
  -2.33621337e-02+1.68434221e-02j  9.55081687e-02-6.68251506e-01j]
 [ 6.49425691e-02-6.96570201e-01j  5.25869741e-02-3.11668819e-01j
  -7.90475095e-02+4.97100626e-02j  5.50183655e-02-5.98610345e-01j
  -6.43736722e-03+4.86263617e-02j -4.84687003e-03+2.16993646e-02j
   6.13360426e-03-4.73975914e-03j -5.62737677e-03+4.17660537e-02j
  -8.35713903e-02-5.69176914e-02j -3.57708834e-02-2.84719994e-02j
   9.29360626e-04+1.34114116e-02j -7.18825334e-02-4.88287436e-02j
  -7.33369159e-02-5.17628144e-02j -3.18601329e-02-2.57094646e-02j
   1.00774649e-03+9.33345288e-03j -6.33401362e-02-4.44095905e-02j]
 [ 5.90099961e-02-3.98465097e-02j -1.67271545e-01-5.35455687e-02j
   4.63499514e-01-8.42419921e-01j -3.83515595e-02-6.85595070e-02j
  -3.16646579e-03+5.21726923e-03j  1.23460122e-02-3.95116498e-04j
  -8.48308361e-03+6.80695407e-02j  4.09568157e-03+4.41958869e-03j
  -1.07472125e-03-9.96606618e-03j -1.79906795e-02+1.71558524e-02j
  -7.32150853e-02-1.14378041e-01j -1.11946275e-02+1.69135278e-04j
   1.67940449e-03-4.81885570e-03j -1.61495410e-02+7.05659761e-03j
  -1.65812228e-02-9.23187238e-02j -7.39917238e-03-1.25454661e-03j]
 [-2.75519513e-03-4.28355652e-01j  1.99640627e-02+8.61044688e-01j
   1.72676953e-01+5.46080352e-02j -1.77214319e-02+3.17064408e-02j
  -1.23541744e-03+3.08953404e-02j  9.31694017e-04-6.00253519e-02j
  -1.19944940e-02-4.31580923e-03j  1.61822385e-03-3.37673984e-03j
  -5.44768649e-02-2.95629409e-02j  1.10280225e-01+5.77024155e-02j
   1.89796598e-02-1.80302082e-02j  2.90300834e-03+4.39884971e-03j
  -4.81334018e-02-2.55109229e-02j  9.71224727e-02+5.34495692e-02j
   1.70343098e-02-1.57478218e-02j  2.67965014e-03+1.85619881e-03j]
 [-2.43907223e-01+4.73342806e-01j -1.14096098e-01+2.73340351e-01j
  -1.75276825e-02-2.13516895e-03j  3.30195855e-01-6.97117708e-01j
   3.62470872e-03-3.72021349e-02j  6.02988945e-04-2.24378075e-02j
   9.78131939e-04-4.50217638e-04j -3.55113524e-03+5.49257028e-02j
   4.21949595e-02+6.22565030e-02j  2.63453187e-02+3.25390651e-02j
  -1.45365920e-03+1.99899271e-03j -6.41947350e-02-8.80361972e-02j
   1.05997741e-02+5.19235769e-02j  8.33786288e-03+2.54061898e-02j
  -1.89999287e-03+7.33825624e-04j -1.78829890e-02-7.30978324e-02j]
 [-9.17023946e-02-1.49480019e-03j -4.36660456e-02-2.63505130e-03j
   5.87802808e-03-2.89706478e-03j -8.00251054e-02-8.60138078e-04j
   5.62328105e-02+4.01537619e-03j  2.72949786e-02+3.04857215e-03j
  -4.40032622e-03+4.32871757e-03j  4.93664899e-02+3.25999942e-03j
   3.37930766e-01-6.11057887e-01j  1.74235007e-01-2.84442723e-01j
  -5.35166430e-04+5.22209620e-02j  2.92128352e-01-5.34967571e-01j
  -9.64486298e-03+4.18271462e-02j -5.79674839e-03+1.98235592e-02j
  -6.88996718e-04-4.60723705e-03j -8.37427923e-03+3.65616260e-02j]
 [ 9.92715655e-03+1.11254506e-02j -9.54179308e-03-1.58804164e-02j
   1.18881386e-01-3.20488129e-02j  3.89487786e-03-1.63020315e-03j
  -8.46200276e-03-1.20444858e-02j  4.13831339e-03+1.86480640e-02j
  -1.24133718e-01-8.54070053e-04j -5.78031777e-03+1.80290768e-03j
  -1.14919907e-01+2.49538491e-02j  1.44715258e-01-5.59068460e-04j
  -2.54592034e-01+9.29295099e-01j -4.84735304e-03+3.45062078e-02j
   8.19482279e-03-1.03261214e-03j -8.56184676e-03-2.16431402e-03j
   2.71723932e-02-5.42317155e-02j  1.40335780e-03-2.86805126e-03j]
 [-5.50690948e-02+1.22259297e-02j  1.13512564e-01-8.55109379e-03j
   4.99158691e-03-2.31379527e-02j  2.51100327e-03-8.12676491e-03j
   3.46137526e-02-7.28133094e-03j -6.99899103e-02+7.62670440e-04j
  -3.76119818e-03+1.40684125e-02j -2.22575561e-03+7.14288286e-03j
   1.14110647e-01-4.15270136e-01j -3.48766372e-01+7.93130675e-01j
   1.37760507e-01+1.16261988e-01j  4.65815140e-02+4.77662590e-02j
   1.84562056e-04+2.73722347e-02j  7.27362999e-03-5.24281905e-02j
  -1.01544735e-02-4.55579000e-03j -3.51127243e-03-3.25576392e-03j]
 [-6.36258532e-02+2.45756103e-02j -3.77621843e-02+2.36938606e-03j
  -3.72480983e-03-2.02354651e-03j  9.31128651e-02-3.11691289e-02j
   6.75970445e-02-5.72637939e-03j  3.94083489e-02+5.84147852e-03j
   2.80634429e-03+2.44087912e-03j -9.89871519e-02+5.15176615e-03j
   8.61235682e-02-5.25568915e-01j  1.33971051e-01-2.66835110e-01j
   2.79299029e-02-1.73552955e-02j -1.58591162e-01+7.51911659e-01j
  -1.14632100e-02+3.07772144e-02j -1.24355183e-02+1.60543972e-02j
  -1.75060301e-03+9.72424818e-04j  1.91317407e-02-4.44382979e-02j]
 [-3.24644332e-02+7.79112418e-02j -1.72789628e-02+3.39530880e-02j
   1.12444719e-02-2.99111233e-03j -2.78226574e-02+6.69494076e-02j
   3.57398025e-02+6.12744122e-01j -4.36935091e-03+2.77367576e-01j
   6.14790714e-02-5.34916777e-02j  3.14142450e-02+5.26517373e-01j
  -3.68027912e-02-3.12177544e-02j -1.49120598e-02-1.53333117e-02j
  -1.11202115e-03+9.35728474e-03j -3.13606162e-02-2.67468052e-02j
  -5.39099748e-02-3.47883552e-01j -1.26923337e-02-1.58561152e-01j
  -3.23140535e-02+3.37509993e-02j -4.67382920e-02-2.98874381e-01j]
 [-8.60522923e-03+3.02798175e-03j  1.83729847e-02+1.17206577e-02j
  -8.22384692e-02+8.70425188e-02j  2.26547105e-03+9.52958466e-03j
  -4.52865432e-02+4.16633380e-02j  1.50654755e-01+2.47594270e-02j
  -2.91314158e-01+7.82491930e-01j  4.19490341e-02+5.39824098e-02j
  -2.22332277e-03-9.90883376e-03j -1.08157891e-02+1.64277387e-02j
  -8.16471533e-02-7.77985417e-02j -8.48697749e-03+5.32544382e-04j
   2.39463862e-02-2.62146660e-02j -8.78452233e-02-6.29355035e-03j
   1.26470475e-01-4.65014236e-01j -2.68517387e-02-2.87424736e-02j]
 [-1.52573468e-02+4.95036573e-02j  2.85113180e-02-9.98571402e-02j
  -1.79341090e-02-1.24956331e-02j  3.45832547e-03-3.11585598e-03j
   5.93100085e-02+3.71119512e-01j -1.31013626e-01-7.44226540e-01j
  -1.56986888e-01-2.45238771e-02j  1.07737756e-02-2.97578519e-02j
  -2.38594401e-02-1.85263859e-02j  4.94358751e-02+3.22271426e-02j
   1.00044825e-02-7.56039171e-03j  6.09681827e-04+4.64042993e-03j
  -5.40721152e-02-2.08553278e-01j  1.15535238e-01+4.17765981e-01j
   9.09649606e-02+5.42118333e-03j -4.64288471e-03+1.74653269e-02j]
 [ 4.40880417e-02-4.93547482e-02j  2.26051777e-02-2.94986063e-02j
   2.04056304e-03+7.40886261e-04j -6.16317121e-02+7.36863698e-02j
   1.49678945e-01-4.37647061e-01j  6.29092057e-02-2.49181033e-01j
   1.53236592e-02-2.98037809e-04j -1.95217923e-01+6.40777292e-01j
   4.64174091e-02+4.06405236e-02j  2.71736681e-02+2.37177457e-02j
  -2.86401379e-04+2.15935373e-03j -6.90302891e-02-5.83444067e-02j
  -6.30495989e-02+2.59434230e-01j -2.32471945e-02+1.46401018e-01j
  -8.82318740e-03+9.92961547e-04j  7.86525079e-02-3.78519594e-01j]]

********* Summary *****************
Final fidelity error 0.24640754195630876
Final objective value 0.24943562577196954
Final penalized error 0.003028092014390463
Final gradient 0.09164137672765867
Number of iterations 2181
Terminated due to function converged
Completed in 0:05:31.475446 HH:MM:SS.US
Computational time 331.475446167
total tv norm 61.313973956265826
total l2 norm 0.030280920143904627
