Final evolution
[[ 0.46830663+0.00163495j -0.15670927-0.17993819j  0.00448154-0.75800007j
  -0.29186412+0.25294628j  0.        +0.j          0.        +0.j
   0.        +0.j          0.        +0.j          0.        +0.j
   0.        +0.j          0.        +0.j          0.        +0.j
   0.        +0.j          0.        +0.j          0.        +0.j
   0.        +0.j        ]
 [ 0.17106209+0.16635297j -0.02408146+0.46768992j  0.26993117-0.27623116j
   0.75691388+0.04081129j  0.        +0.j          0.        +0.j
   0.        +0.j          0.        +0.j          0.        +0.j
   0.        +0.j          0.        +0.j          0.        +0.j
   0.        +0.j          0.        +0.j          0.        +0.j
   0.        +0.j        ]
 [-0.30865645-0.69232607j -0.16150311+0.3508322j   0.42818756-0.18965545j
  -0.21650603-0.10030298j  0.        +0.j          0.        +0.j
   0.        +0.j          0.        +0.j          0.        +0.j
   0.        +0.j          0.        +0.j          0.        +0.j
   0.        +0.j          0.        +0.j          0.        +0.j
   0.        +0.j        ]
 [ 0.13191698-0.36299366j  0.70632572-0.27511483j  0.22406375+0.08204257j
   0.16891217+0.43678651j  0.        +0.j          0.        +0.j
   0.        +0.j          0.        +0.j          0.        +0.j
   0.        +0.j          0.        +0.j          0.        +0.j
   0.        +0.j          0.        +0.j          0.        +0.j
   0.        +0.j        ]
 [ 0.        +0.j          0.        +0.j          0.        +0.j
   0.        +0.j         -0.34051888+0.32149754j  0.2375555 +0.02242615j
   0.51904518+0.55242763j  0.03723015-0.38442217j  0.        +0.j
   0.        +0.j          0.        +0.j          0.        +0.j
   0.        +0.j          0.        +0.j          0.        +0.j
   0.        +0.j        ]
 [ 0.        +0.j          0.        +0.j          0.        +0.j
   0.        +0.j         -0.23859653-0.00269095j -0.30480512-0.35553849j
  -0.00529061+0.38618454j -0.57667313+0.49196778j  0.        +0.j
   0.        +0.j          0.        +0.j          0.        +0.j
   0.        +0.j          0.        +0.j          0.        +0.j
   0.        +0.j        ]
 [ 0.        +0.j          0.        +0.j          0.        +0.j
   0.        +0.j          0.70073124+0.28906732j -0.12469281-0.36553822j
  -0.17963677+0.43248631j  0.22601963-0.07648969j  0.        +0.j
   0.        +0.j          0.        +0.j          0.        +0.j
   0.        +0.j          0.        +0.j          0.        +0.j
   0.        +0.j        ]
 [ 0.        +0.j          0.        +0.j          0.        +0.j
   0.        +0.j          0.15451428+0.35396585j -0.32232473+0.68606921j
  -0.21891472+0.094931j   -0.42337821-0.20016159j  0.        +0.j
   0.        +0.j          0.        +0.j          0.        +0.j
   0.        +0.j          0.        +0.j          0.        +0.j
   0.        +0.j        ]
 [ 0.        +0.j          0.        +0.j          0.        +0.j
   0.        +0.j          0.        +0.j          0.        +0.j
   0.        +0.j          0.        +0.j         -0.46057196+0.08477762j
   0.18721176+0.14794359j  0.13541715+0.74581927j  0.24019683-0.30244334j
   0.        +0.j          0.        +0.j          0.        +0.j
   0.        +0.j        ]
 [ 0.        +0.j          0.        +0.j          0.        +0.j
   0.        +0.j          0.        +0.j          0.        +0.j
   0.        +0.j          0.        +0.j         -0.19881233-0.13194395j
  -0.06260255-0.46410634j -0.21434508+0.32128285j -0.75145316+0.09951047j
   0.        +0.j          0.        +0.j          0.        +0.j
   0.        +0.j        ]
 [ 0.        +0.j          0.        +0.j          0.        +0.j
   0.        +0.j          0.        +0.j          0.        +0.j
   0.        +0.j          0.        +0.j          0.4310673 +0.62351037j
   0.09401667-0.37460293j -0.38585564+0.26538501j  0.23129276+0.05864474j
   0.        +0.j          0.        +0.j          0.        +0.j
   0.        +0.j        ]
 [ 0.        +0.j          0.        +0.j          0.        +0.j
   0.        +0.j          0.        +0.j          0.        +0.j
   0.        +0.j          0.        +0.j         -0.06269492+0.38109819j
  -0.64345691+0.40068366j -0.23535245-0.03930357j -0.24658386-0.39813336j
   0.        +0.j          0.        +0.j          0.        +0.j
   0.        +0.j        ]
 [ 0.        +0.j          0.        +0.j          0.        +0.j
   0.        +0.j          0.        +0.j          0.        +0.j
   0.        +0.j          0.        +0.j          0.        +0.j
   0.        +0.j          0.        +0.j          0.        +0.j
   0.27537159-0.37879317j -0.23761575+0.02177852j -0.61203984-0.44720401j
   0.0343198 +0.38469291j]
 [ 0.        +0.j          0.        +0.j          0.        +0.j
   0.        +0.j          0.        +0.j          0.        +0.j
   0.        +0.j          0.        +0.j          0.        +0.j
   0.        +0.j          0.        +0.j          0.        +0.j
   0.23499854-0.04136709j  0.36515773+0.29321257j -0.06603634-0.38053343j
   0.47602819-0.58989944j]
 [ 0.        +0.j          0.        +0.j          0.        +0.j
   0.        +0.j          0.        +0.j          0.        +0.j
   0.        +0.j          0.        +0.j          0.        +0.j
   0.        +0.j          0.        +0.j          0.        +0.j
  -0.7420283 -0.15484896j  0.18998075+0.33626448j  0.09677711-0.45820079j
  -0.20803168+0.11686902j]
 [ 0.        +0.j          0.        +0.j          0.        +0.j
   0.        +0.j          0.        +0.j          0.        +0.j
   0.        +0.j          0.        +0.j          0.        +0.j
   0.        +0.j          0.        +0.j          0.        +0.j
  -0.21715583-0.31938978j  0.19024024-0.73375258j  0.19764697-0.13368329j
   0.45303504+0.11862982j]]

********* Summary *****************
Final fidelity error 0.6974091918866976
Final objective value 0.6979378800966722
Final penalized error 0.0005287147732609307
Final gradient 0.3485192099531795
Number of iterations 115
Terminated due to function converged
Completed in 0:00:09.270869 HH:MM:SS.US
Computational time 9.270869375
total tv norm 73.39382860711012
total l2 norm 5.287147732609306e-05
