Final evolution
[[0.33930048-3.24959133e-02j 0.04423672-9.39075243e-01j
  0.        +0.00000000e+00j 0.        +0.00000000e+00j]
 [0.04816995-9.38881705e-01j 0.33447114+6.56494912e-02j
  0.        +0.00000000e+00j 0.        +0.00000000e+00j]
 [0.        +0.00000000e+00j 0.        +0.00000000e+00j
  0.34085304+9.09786356e-05j 0.13381224-9.30544725e-01j]
 [0.        +0.00000000e+00j 0.        +0.00000000e+00j
  0.13770895-9.29976045e-01j 0.32666285+9.73251371e-02j]]

********* Summary *****************
Final fidelity error 0.060962622689849755
Final objective value 0.08898545049615803
Final penalized error 0.02802284450232396
Final gradient 0.15961195023175143
Number of iterations 111
Terminated due to function converged
Completed in 0:00:01.993335 HH:MM:SS.US
Computational time 1.9933348750000004
total tv norm 9.360952149026433
total l2 norm 0.28022844502323957
