Final evolution
[[ 0.72524384+0.00700374j -0.10309284-0.67918377j -0.04493875-0.00149807j
   0.0031465 -0.00468621j]
 [-0.10291627-0.67921068j  0.68500733-0.22051995j -0.00738356-0.08975897j
  -0.04123922+0.02012806j]
 [-0.04493254-0.00157591j -0.00728894-0.0897459j   0.71333072+0.04587277j
  -0.06683844-0.68880964j]
 [ 0.00319826-0.00466594j -0.04131656+0.0200666j  -0.06662164-0.6888277j
   0.69626403-0.18480431j]]

********* Summary *****************
Final fidelity error 0.3107472679918295
Final objective value 0.311787341119717
Final penalized error 0.001040048962542911
Final gradient 0.011073892838540177
Number of iterations 136
Terminated due to function converged
Completed in 0:14:31.226193 HH:MM:SS.US
Computational time 871.2261928339999
total tv norm 160.5140141053961
total l2 norm 0.001040048962542911
