Final evolution
[[ 0.00180383+4.59144571e-05j -0.52334419-8.52093744e-01j
   0.00576668+2.48954762e-05j  0.00325625+3.21666147e-05j]
 [-0.52330828-8.52127166e-01j  0.00079549-1.60759135e-03j
   0.00330384-4.08540753e-05j  0.003252  -1.74011077e-03j]
 [ 0.00302848-2.10352358e-03j  0.00145495-2.90761376e-03j
   0.00176302+5.38611392e-05j -0.52337618-8.52085734e-01j]
 [ 0.00154191-2.91680529e-03j  0.00259715-5.15576740e-03j
  -0.52333067-8.52101943e-01j  0.00076936-1.57451987e-03j]]

********* Summary *****************
Final fidelity error 1.8677497880537075e-05
Final objective value 1.8677458555476933e-05
Final penalized error 3.669436708830378e-12
Final gradient 0.0010611066450965708
Number of iterations 6
Terminated due to function converged
Completed in 0:00:00.126903 HH:MM:SS.US
Computational time 0.12690258299999968
total tv norm 18.71820056105942
total l2 norm 3.669436708830379e-18
