Final evolution
[[ 0.19763304+0.01404017j  0.05735675-0.97848928j -0.00151983-0.00202649j
  -0.00184196+0.00178381j]
 [ 0.05735679-0.97848928j  0.19791725+0.00915932j -0.00157782-0.00266722j
  -0.00171498+0.00112192j]
 [-0.00151983-0.00202649j -0.00157782-0.00266722j  0.19966491+0.01801786j
   0.05754593-0.97799884j]
 [-0.00184197+0.00178381j -0.00171498+0.00112192j  0.05754597-0.97799883j
   0.20041326+0.00552181j]]

********* Summary *****************
Final fidelity error 0.020070363322156615
Final objective value 0.02007035628386089
Final penalized error 0.0
Final gradient 0.03950182124878551
Number of iterations 134
Terminated due to function converged
Completed in 0:00:03.405160 HH:MM:SS.US
Computational time 3.4051599580000005
total tv norm 24.80506295011146
total l2 norm 495.6720558340406
