Final evolution
[[ 0.00180355+4.57736909e-05j -0.52334305-8.52094444e-01j
   0.0057667 +2.48953952e-05j  0.0032562 +3.21949587e-05j]
 [-0.52330814-8.52127253e-01j  0.00079549-1.60727370e-03j
   0.00330379-4.08306027e-05j  0.00325202-1.74013344e-03j]
 [ 0.00302851-2.10353072e-03j  0.00145491-2.90757857e-03j
   0.00176274+5.37201413e-05j -0.52337504-8.52086432e-01j]
 [ 0.00154187-2.91676971e-03j  0.00259717-5.15578206e-03j
  -0.52333054-8.52102028e-01j  0.00076936-1.57420252e-03j]]

********* Summary *****************
Final fidelity error 1.8676922484472946e-05
Final objective value 1.8677103573652653e-05
Final penalized error 2.240811230446227e-10
Final gradient 0.0010610233865879914
Number of iterations 4
Terminated due to function converged
Completed in 0:00:00.109016 HH:MM:SS.US
Computational time 0.10901587499999987
total tv norm 18.718211013879824
total l2 norm 2.240811230446227e-14
