Final evolution
[[ 7.20291753e-01+7.24139166e-02j  6.80892574e-02-3.82521584e-01j
   1.37695557e-01+1.58261897e-02j ... -4.80765633e-09+6.42160068e-08j
  -2.26986217e-08-1.34772640e-09j  1.97010517e-09-7.42569092e-09j]
 [ 6.80916305e-02-3.82521348e-01j  7.20303583e-01+7.22985742e-02j
  -1.21371755e-02+6.06894004e-02j ... -3.52498823e-08-5.42178658e-09j
   1.97002683e-09-7.42569662e-09j -2.26988165e-08-1.34425295e-09j]
 [ 1.37695743e-01+1.58250942e-02j -1.21371610e-02+6.06893736e-02j
   6.37076403e-01+4.53117690e-02j ...  1.97004388e-09-7.42569405e-09j
  -2.15375904e-08-2.33234733e-09j  8.65043677e-10+6.93124135e-08j]
 ...
 [-4.80079536e-09+6.42159232e-08j -3.52499027e-08-5.41165032e-09j
   1.96897119e-09-7.42554145e-09j ...  6.37002029e-01+4.50371330e-02j
  -5.77021426e-03+3.13536869e-02j  1.48294921e-01+3.92843021e-03j]
 [-2.26989049e-08-1.34518229e-09j  1.96898653e-09-7.42554329e-09j
  -2.15371393e-08-2.32374979e-09j ... -5.77047129e-03+3.13536568e-02j
   5.45154774e-01+3.44610618e-02j -7.90860903e-03-4.46038420e-01j]
 [ 1.96890786e-09-7.42554713e-09j -2.26990965e-08-1.34170879e-09j
   8.72700793e-10+6.93115274e-08j ...  1.48294979e-01+3.92724614e-03j
  -7.90683713e-03-4.46038305e-01j  5.45160070e-01+3.43724672e-02j]]

********* Summary *****************
Final fidelity error 0.6368002232845023
Final objective value 0.6368002144449663
Final penalized error 0.0
Final gradient 0.08409631912894357
Number of iterations 194
Terminated due to function converged
Completed in 0:01:33.094694 HH:MM:SS.US
Computational time 93.094694417
total tv norm 18.305471783502817
total l2 norm 1482.4746530445777
