Final evolution
[[ 0.19683813+1.06156132e-02j -0.1458948 -1.37119206e-01j
   0.01776742-6.65941096e-01j -0.44980917+5.05471612e-01j
  -0.02742229-4.25087043e-03j  0.01851028+2.12550524e-02j
  -0.0118396 +9.30296818e-02j  0.07010296-6.44859578e-02j
   0.        +0.00000000e+00j  0.        +0.00000000e+00j
   0.        +0.00000000e+00j  0.        +0.00000000e+00j
   0.        +0.00000000e+00j  0.        +0.00000000e+00j
   0.        +0.00000000e+00j  0.        +0.00000000e+00j]
 [ 0.15249329+1.29741150e-01j  0.03243966+1.94436650e-01j
   0.4242778 -5.27084616e-01j  0.65387041-1.27462594e-01j
  -0.01953814-2.03142527e-02j -0.00181365-2.76904797e-02j
  -0.06683023+6.78718193e-02j -0.09337819+8.67242978e-03j
   0.        +0.00000000e+00j  0.        +0.00000000e+00j
   0.        +0.00000000e+00j  0.        +0.00000000e+00j
   0.        +0.00000000e+00j  0.        +0.00000000e+00j
   0.        +0.00000000e+00j  0.        +0.00000000e+00j]
 [-0.24360123-6.20041665e-01j -0.21680411+6.40956956e-01j
   0.18144365-7.70463749e-02j -0.19133604-5.89702523e-02j
   0.02541512+9.02705362e-02j  0.03936809-8.67353233e-02j
  -0.02649689+8.24421273e-03j  0.02597263+1.09467041e-02j
   0.        +0.00000000e+00j  0.        +0.00000000e+00j
   0.        +0.00000000e+00j  0.        +0.00000000e+00j
   0.        +0.00000000e+00j  0.        +0.00000000e+00j
   0.        +0.00000000e+00j  0.        +0.00000000e+00j]
 [ 0.18486145-6.50888690e-01j  0.55223618-3.72596871e-01j
   0.19401668+4.94418757e-02j  0.1146567 +1.60348940e-01j
  -0.0350333 +8.85750004e-02j -0.08258425+4.44357915e-02j
  -0.0264819 -9.64969356e-03j -0.01380854-2.40702350e-02j
   0.        +0.00000000e+00j  0.        +0.00000000e+00j
   0.        +0.00000000e+00j  0.        +0.00000000e+00j
   0.        +0.00000000e+00j  0.        +0.00000000e+00j
   0.        +0.00000000e+00j  0.        +0.00000000e+00j]
 [-0.02398554+1.39551367e-02j  0.02776169+4.86790377e-03j
   0.04934862+7.97459215e-02j  0.01389289-9.42329600e-02j
  -0.17942257+8.16424162e-02j  0.19277584+5.40781512e-02j
   0.29230082+5.98626306e-01j  0.16496747-6.56213057e-01j
   0.        +0.00000000e+00j  0.        +0.00000000e+00j
   0.        +0.00000000e+00j  0.        +0.00000000e+00j
   0.        +0.00000000e+00j  0.        +0.00000000e+00j
   0.        +0.00000000e+00j  0.        +0.00000000e+00j]
 [-0.02796835-3.48990195e-03j -0.01883674-2.03771733e-02j
  -0.00921868+9.48044253e-02j -0.06710726+6.55081141e-02j
  -0.19521294-4.44845944e-02j -0.1187033 -1.57376835e-01j
  -0.13233416+6.63564249e-01j -0.52074379+4.15474579e-01j
   0.        +0.00000000e+00j  0.        +0.00000000e+00j
   0.        +0.00000000e+00j  0.        +0.00000000e+00j
   0.        +0.00000000e+00j  0.        +0.00000000e+00j
   0.        +0.00000000e+00j  0.        +0.00000000e+00j]
 [ 0.07656323+5.41550584e-02j -0.02399446-9.21798741e-02j
  -0.01540247+2.30828065e-02j  0.02707309-7.83935806e-03j
   0.50279171+4.37028289e-01j -0.10428243-6.68546944e-01j
  -0.12522325+1.52240206e-01j  0.19691257-3.62271772e-02j
   0.        +0.00000000e+00j  0.        +0.00000000e+00j
   0.        +0.00000000e+00j  0.        +0.00000000e+00j
   0.        +0.00000000e+00j  0.        +0.00000000e+00j
   0.        +0.00000000e+00j  0.        +0.00000000e+00j]
 [ 0.0285209 +9.08813597e-02j -0.03621107+8.65069747e-02j
  -0.02665257+9.16779890e-03j -0.02587967-1.00147133e-02j
   0.13719628+6.62576050e-01j -0.31724239+5.85790485e-01j
  -0.1948815 +4.59148253e-02j -0.17582657-8.91232871e-02j
   0.        +0.00000000e+00j  0.        +0.00000000e+00j
   0.        +0.00000000e+00j  0.        +0.00000000e+00j
   0.        +0.00000000e+00j  0.        +0.00000000e+00j
   0.        +0.00000000e+00j  0.        +0.00000000e+00j]
 [ 0.        +0.00000000e+00j  0.        +0.00000000e+00j
   0.        +0.00000000e+00j  0.        +0.00000000e+00j
   0.        +0.00000000e+00j  0.        +0.00000000e+00j
   0.        +0.00000000e+00j  0.        +0.00000000e+00j
  -0.19563336+2.41977319e-02j  0.16775269+1.09297776e-01j
   0.09972945+6.58670830e-01j  0.35381256-5.76755160e-01j
   0.02774237-6.42393425e-04j -0.0219626 -1.76649918e-02j
  -0.00472041-9.36611749e-02j -0.05765753+7.58186788e-02j]
 [ 0.        +0.00000000e+00j  0.        +0.00000000e+00j
   0.        +0.00000000e+00j  0.        +0.00000000e+00j
   0.        +0.00000000e+00j  0.        +0.00000000e+00j
   0.        +0.00000000e+00j  0.        +0.00000000e+00j
  -0.17294947-1.00873445e-01j -0.06615805-1.85690751e-01j
  -0.32487548+5.93536657e-01j -0.62122511+2.40567217e-01j
   0.02280881+1.65579570e-02j  0.00665944+2.69388925e-02j
   0.05383992-7.85756069e-02j  0.0903937 -2.49735228e-02j]
 [ 0.        +0.00000000e+00j  0.        +0.00000000e+00j
   0.        +0.00000000e+00j  0.        +0.00000000e+00j
   0.        +0.00000000e+00j  0.        +0.00000000e+00j
   0.        +0.00000000e+00j  0.        +0.00000000e+00j
   0.34893795+5.67481743e-01j  0.1005973 -6.69111370e-01j
  -0.16504891+1.07781257e-01j  0.19872859+2.43704030e-02j
  -0.04090779-8.43875048e-02j -0.0234862 +9.23106791e-02j
   0.02463202-1.27794933e-02j -0.02749395-6.20406539e-03j]
 [ 0.        +0.00000000e+00j  0.        +0.00000000e+00j
   0.        +0.00000000e+00j  0.        +0.00000000e+00j
   0.        +0.00000000e+00j  0.        +0.00000000e+00j
   0.        +0.00000000e+00j  0.        +0.00000000e+00j
  -0.06740519+6.73265463e-01j -0.47802903+4.63984344e-01j
  -0.19969018-1.45189501e-02j -0.14109125-1.37663365e-01j
   0.01889527-9.33586194e-02j  0.0734732 -5.82785337e-02j
   0.02776697+4.83766293e-03j  0.0178298 +2.12638235e-02j]
 [ 0.        +0.00000000e+00j  0.        +0.00000000e+00j
   0.        +0.00000000e+00j  0.        +0.00000000e+00j
   0.        +0.00000000e+00j  0.        +0.00000000e+00j
   0.        +0.00000000e+00j  0.        +0.00000000e+00j
   0.02115465-1.79592006e-02j -0.02818508+9.47347751e-05j
  -0.06261505-6.98144240e-02j  0.00291099+9.52070862e-02j
   0.16225039-1.11949785e-01j -0.1992848 -1.93012503e-02j
  -0.39310763-5.37828614e-01j -0.04688462+6.75004944e-01j]
 [ 0.        +0.00000000e+00j  0.        +0.00000000e+00j
   0.        +0.00000000e+00j  0.        +0.00000000e+00j
   0.        +0.00000000e+00j  0.        +0.00000000e+00j
   0.        +0.00000000e+00j  0.        +0.00000000e+00j
   0.02814596-1.48759725e-03j  0.02212944+1.67433559e-02j
  -0.0076128 -9.49468709e-02j  0.05452869-7.62975718e-02j
   0.19999518+9.42850280e-03j  0.14455151+1.34025379e-01j
   0.01346687-6.76497218e-01j  0.43948099-5.00649266e-01j]
 [ 0.        +0.00000000e+00j  0.        +0.00000000e+00j
   0.        +0.00000000e+00j  0.        +0.00000000e+00j
   0.        +0.00000000e+00j  0.        +0.00000000e+00j
   0.        +0.00000000e+00j  0.        +0.00000000e+00j
  -0.08490022-3.98327888e-02j  0.03984539+8.65170971e-02j
   0.01109893-2.54335564e-02j -0.02527049+1.24823839e-02j
  -0.5718674 -3.41702950e-01j  0.22033236+6.39752683e-01j
   0.09647063-1.71905088e-01j -0.18746133+7.03222432e-02j]
 [ 0.        +0.00000000e+00j  0.        +0.00000000e+00j
   0.        +0.00000000e+00j  0.        +0.00000000e+00j
   0.        +0.00000000e+00j  0.        +0.00000000e+00j
   0.        +0.00000000e+00j  0.        +0.00000000e+00j
  -0.04407259-8.44421095e-02j  0.02041866-9.15301934e-02j
   0.0246227 -1.37160619e-02j  0.0272384 +5.30298822e-03j
  -0.2516813 -6.28081495e-01j  0.20917782-6.32485465e-01j
   0.18375675-7.95011215e-02j  0.18876884+5.67826307e-02j]]

********* Summary *****************
Final fidelity error 0.5840892600274111
Final objective value 0.8104714782585271
Final penalized error 0.2263822423389534
Final gradient 0.23017274627895679
Number of iterations 601
Terminated due to function converged
Completed in 0:00:48.182913 HH:MM:SS.US
Computational time 48.182913000000006
total tv norm 94.85137422912261
total l2 norm 22.63822423389534
