Final evolution
[[ 2.32233170e-01+6.66600938e-02j  7.39257029e-01+2.35455298e-01j
  -1.63327862e-01-5.99978634e-02j -4.98256357e-01-1.69961587e-01j
   2.32477380e-02+9.88701733e-03j  7.37060457e-02+3.38866244e-02j
  -1.61822553e-02-8.31461483e-03j -4.95335445e-02-2.40085469e-02j
   6.31910691e-03+1.47110629e-03j  2.01470315e-02+5.30669179e-03j
  -4.46206438e-03-1.38638219e-03j -1.35943809e-02-3.87882056e-03j
   3.36336658e-02+1.16006133e-02j  1.06884376e-01+4.03479709e-02j
  -2.35527431e-02-1.00873764e-02j -7.19524195e-02-2.88509842e-02j]
 [ 1.66611827e-01+6.40856653e-02j -1.90726202e-01-7.11184974e-02j
  -8.64496915e-01-3.72047642e-01j  8.45589382e-02+3.88929356e-02j
   1.64707827e-02+8.78081655e-03j -1.88833360e-02-9.81897852e-03j
  -8.49563692e-02-4.96628563e-02j  8.27783842e-03+5.11730076e-03j
   4.55570996e-03+1.49153467e-03j -5.21201791e-03-1.64726814e-03j
  -2.36920543e-02-8.79917852e-03j  2.32079940e-03+9.27770564e-04j
   2.40039962e-02+1.07139157e-02j -2.74955522e-02-1.19348180e-02j
  -1.24243193e-01-6.14036211e-02j  1.21332124e-02+6.37396660e-03j]
 [-8.86410959e-01-2.91826293e-01j  1.06777849e-01+3.81299056e-02j
  -2.05949802e-01-7.77988058e-02j -1.74898978e-01-7.02711764e-02j
  -8.82562203e-02-4.16180591e-02j  1.05933679e-02+5.32220957e-03j
  -2.03777543e-02-1.07068792e-02j -1.72516956e-02-9.52867964e-03j
  -2.41703851e-02-6.61785802e-03j  2.91564396e-03+8.77012596e-04j
  -5.62940515e-03-1.80566948e-03j -4.78639519e-03-1.64612364e-03j
  -1.28086830e-01-4.97767769e-02j  1.54064068e-02+6.43381182e-03j
  -2.96824514e-02-1.30350374e-02j -2.51747234e-02-1.16876640e-02j]
 [-7.65127549e-02-2.74695508e-02j  5.11004487e-01+2.24460634e-01j
  -4.94476452e-02-2.78369134e-02j  7.28288944e-01+3.40582367e-01j
  -7.58890379e-03-3.82895698e-03j  5.01596567e-02+2.98271983e-02j
  -4.77551778e-03-3.52102385e-03j  7.12236682e-02+4.46559750e-02j
  -2.08943504e-03-6.32379466e-04j  1.40105775e-02+5.32303914e-03j
  -1.36408167e-03-6.79133656e-04j  1.99962161e-02+8.14102997e-03j
  -1.10384780e-02-4.63185598e-03j  7.34050245e-02+3.69637705e-02j
  -7.05571485e-03-4.47630217e-03j  1.04457487e-01+5.57219543e-02j]
 [ 2.66663892e-02+2.53805524e-03j  8.53592874e-02+1.06141585e-02j
  -1.90212388e-02-3.21445879e-03j -5.77611244e-02-8.38167095e-03j
  -2.38176923e-01-5.25517749e-02j -7.59640829e-01-1.90720208e-01j
   1.68333254e-01+5.01744220e-02j  5.12703720e-01+1.39895200e-01j
   4.73023384e-03+4.15911683e-04j  1.51446838e-02+1.77269343e-03j
  -3.37588405e-03-5.45560063e-04j -1.02496692e-02-1.41213582e-03j
  -9.46791038e-03-1.50114966e-03j -3.02513236e-02-5.69448811e-03j
   6.72218859e-03+1.57226565e-03j  2.04437953e-02+4.28170154e-03j]
 [ 1.94623390e-02+3.59312140e-03j -2.22335548e-02-3.86876826e-03j
  -1.01788542e-01-2.29513917e-02j  1.00071535e-02+2.51760600e-03j
  -1.71899143e-01-5.40864204e-02j  1.96637685e-01+5.96551251e-02j
   8.94417938e-01+3.20462518e-01j -8.76430021e-02-3.38660980e-02j
   3.45455809e-03+6.12121094e-04j -3.94614707e-03-6.57450636e-04j
  -1.80727314e-02-3.93869983e-03j  1.77712036e-03+4.33524293e-04j
  -6.87129387e-03-1.71734955e-03j  7.85494989e-03+1.87759757e-03j
   3.58443001e-02+1.04673616e-02j -3.51814252e-03-1.12236654e-03j]
 [-1.02544012e-01-1.37625474e-02j  1.24131202e-02+1.98221133e-03j
  -2.40286468e-02-4.28695593e-03j -2.04914007e-02-4.09856662e-03j
   9.11450097e-01+2.38257992e-01j -1.09981332e-01-3.16994474e-02j
   2.12396281e-01+6.54280001e-02j  1.80637892e-01+5.97971665e-02j
  -1.81949353e-02-2.30888287e-03j  2.20292978e-03+3.35550769e-04j
  -4.26488586e-03-7.29291952e-04j -3.63761831e-03-7.00406609e-04j
   3.63190329e-02+7.20220353e-03j -4.38942670e-03-9.84788109e-04j
   8.48678264e-03+2.06699099e-03j  7.22757580e-03+1.92082750e-03j]
 [-8.89774334e-03-1.43641379e-03j  6.02597186e-02+1.40617026e-02j
  -5.95556706e-03-2.02732523e-03j  8.63036700e-02+2.22945275e-02j
   7.88175031e-02+2.28628496e-02j -5.28976640e-01-1.94002879e-01j
   5.15715638e-02+2.49357430e-02j -7.55204016e-01-2.97329475e-01j
  -1.57908323e-03-2.43281833e-04j  1.06998218e-02+2.41581727e-03j
  -1.05829378e-03-3.51780070e-04j  1.53269794e-02+3.84200170e-03j
   3.14600068e-03+7.11455822e-04j -2.12095676e-02-6.36616904e-03j
   2.08195914e-03+8.56906555e-04j -3.03281742e-02-9.88745530e-03j]
 [ 9.44823548e-03+4.25429747e-03j  2.99334186e-02+1.45297587e-02j
  -6.56439775e-03-3.54874320e-03j -2.01058864e-02-1.02711752e-02j
  -2.40130723e-03-1.18944261e-03j -7.59768782e-03-4.04008496e-03j
   1.66272258e-03+9.79641191e-04j  5.09839554e-03+2.84592337e-03j
  -2.27802262e-01-8.79790527e-02j -7.23061969e-01-3.03475183e-01j
   1.59032852e-01+7.50794332e-02j  4.86328488e-01+2.15882398e-01j
  -2.11305627e-02-1.12553425e-02j -6.67836950e-02-3.80827883e-02j
   1.45901522e-02+9.18696816e-03j  4.47793461e-02+2.67594613e-02j]
 [ 6.67870602e-03+3.74240064e-03j -7.65910023e-03-4.18886747e-03j
  -3.44112058e-02-2.10958950e-02j  3.35050889e-03+2.16964379e-03j
  -1.69042071e-03-1.03077857e-03j  1.93954406e-03+1.15549835e-03j
   8.69241567e-03+5.77967789e-03j -8.45251998e-04-5.92625569e-04j
  -1.61971498e-01-7.94898291e-02j  1.85615800e-01+8.87371020e-02j
   8.36867325e-01+4.52240564e-01j -8.16315597e-02-4.67536423e-02j
  -1.48240163e-02-9.65094280e-03j  1.70158557e-02+1.08304256e-02j
   7.61010824e-02+5.39065098e-02j -7.39200957e-03-5.51522152e-03j]
 [-3.58335600e-02-1.78253217e-02j  4.29828136e-03+2.27358228e-03j
  -8.26428475e-03-4.56582134e-03j -6.99250595e-03-4.05579358e-03j
   9.09114978e-03+4.94796956e-03j -1.08920578e-03-6.28511344e-04j
   2.09235964e-03+1.25868073e-03j  1.76853569e-03+1.11475990e-03j
   8.66138198e-01+3.73449807e-01j -1.04068293e-01-4.79823383e-02j
   2.00341289e-01+9.68304541e-02j  1.69758412e-01+8.64616697e-02j
   7.98812331e-02+4.65843112e-02j -9.56111271e-03-5.90003122e-03j
   1.83533231e-02+1.17921737e-02j  1.54994530e-02+1.04215191e-02j]
 [-3.07907426e-03-1.63540560e-03j  2.03126035e-02+1.26626268e-02j
  -1.92803050e-03-1.48493865e-03j  2.88228595e-02+1.89246252e-02j
   7.80188637e-04+4.51972104e-04j -5.12905060e-03-3.46594099e-03j
   4.84144194e-04+4.02126106e-04j -7.26882991e-03-5.16532553e-03j
   7.45579681e-02+3.45304005e-02j -4.94264327e-01-2.71893220e-01j
   4.72780420e-02+3.24678430e-02j -7.02572260e-01-4.08322688e-01j
   6.84807385e-03+4.24199130e-03j -4.48895787e-02-3.23044573e-02j
   4.21747010e-03+3.71877487e-03j -6.35501393e-02-4.80447317e-02j]
 [-3.24075439e-02-8.42307907e-03j -1.03242775e-01-3.00352239e-02j
   2.28378596e-02+7.74106917e-03j  6.96246300e-02+2.18044043e-02j
  -1.27497142e-02-4.90247027e-03j -4.04705735e-02-1.69157625e-02j
   8.90193015e-03+4.18657724e-03j  2.72213098e-02+1.20356346e-02j
  -2.45331726e-02-4.60572970e-03j -7.83207355e-02-1.70536188e-02j
   1.73811217e-02+4.58829685e-03j  5.28970574e-02+1.26528361e-02j
   2.30405247e-01+7.28317432e-02j  7.32818668e-01+2.55096002e-01j
  -1.61692884e-01-6.43353949e-02j -4.93616814e-01-1.83196816e-01j]
 [-2.33071288e-02-8.29592180e-03j  2.66726165e-02+9.18593410e-03j
   1.21071685e-01+4.85211752e-02j -1.18511213e-02-5.09261569e-03j
  -9.06667121e-03-4.43303726e-03j  1.03900131e-02+4.94834914e-03j
   4.68487070e-02+2.52278016e-02j -4.57003754e-03-2.60850921e-03j
  -1.77585238e-02-4.97693276e-03j  2.03070490e-02+5.46660031e-03j
   9.25265504e-02+2.98894410e-02j -9.07453725e-03-3.18091172e-03j
   1.64867214e-01+6.85097630e-02j -1.88788825e-01-7.61834152e-02j
  -8.54391674e-01-3.94994037e-01j  8.35038661e-02+4.11368272e-02j]
 [ 1.23827156e-01+3.73303830e-02j -1.49267384e-02-4.90919136e-03j
   2.88051121e-02+1.00582023e-02j  2.44768938e-02+9.12389958e-03j
   4.84795251e-02+2.08181093e-02j -5.82517146e-03-2.67538936e-03j
   1.12143725e-02+5.39984965e-03j  9.50281856e-03+4.82237607e-03j
   9.40030828e-02+2.14256206e-02j -1.13525405e-02-2.88708133e-03j
   2.19376678e-02+6.00617758e-03j  1.86708759e-02+5.53284434e-03j
  -8.78437868e-01-3.15374475e-01j  1.05738117e-01+4.09658724e-02j
  -2.03831047e-01-8.32677757e-02j -1.72987725e-01-7.49146526e-02j]
 [ 1.06964212e-02+3.53812172e-03j -7.15814131e-02-2.93103064e-02j
   6.94801080e-03+3.68367864e-03j -1.02090904e-01-4.46382581e-02j
   4.17335826e-03+1.92536655e-03j -2.76698283e-02-1.51680309e-02j
   2.64724431e-03+1.81224218e-03j -3.93330902e-02-2.27822548e-02j
   8.13620497e-03+2.08390608e-03j -5.47365146e-02-1.81349582e-02j
   5.35589526e-03+2.38400832e-03j -7.82114724e-02-2.79731097e-02j
  -7.57638036e-02-2.95016587e-02j  5.04910248e-01+2.38023238e-01j
  -4.86949818e-02-2.91479338e-02j  7.19052496e-01+3.59907291e-01j]]

********* Summary *****************
Final fidelity error 0.3733822059585359
Final objective value 0.37751077875212374
Final penalized error 0.004128581543423378
Final gradient 0.10995247362379043
Number of iterations 592
Terminated due to function converged
Completed in 0:01:05.734128 HH:MM:SS.US
Computational time 65.734128375
total tv norm 73.11968240186627
total l2 norm 0.04128581543423378
