Final evolution
[[ 1.95933778e-01+1.47245048e-02j  6.90434797e-02-9.78069819e-01j
  -2.08941446e-04-9.12896026e-04j -6.29851496e-04+2.07306825e-03j]
 [ 6.90784115e-02-9.78068496e-01j  1.96058690e-01+1.29572440e-02j
  -2.31400948e-04-1.59856087e-03j -2.29720410e-04+7.92479531e-04j]
 [ 2.10431847e-05-9.73536620e-04j -3.09622433e-04-2.20850927e-03j
   1.93708579e-01+1.76576187e-02j  6.90093002e-02-9.78466652e-01j]
 [-4.35302177e-04+1.48187351e-03j -2.09301349e-04+7.14324386e-04j
   6.90605297e-02-9.78464282e-01j  1.94270458e-01+9.71292343e-03j]]

********* Summary *****************
Final fidelity error 0.019298949122870668
Final objective value 0.019298937249966674
Final penalized error 0.0
Final gradient 0.008437683365184093
Number of iterations 491
Terminated due to function converged
Completed in 0:04:35.354052 HH:MM:SS.US
Computational time 275.35405183299997
total tv norm 110.86739612020791
total l2 norm 14605.280460900825
