Final evolution
[[ 1.14555911e-01+2.58165743e-02j -7.55766269e-01-2.26907839e-01j
  -8.33072067e-02-2.43511132e-02j  5.30190312e-01+1.67549547e-01j
   2.40706407e-03+4.51426790e-04j -1.59230560e-02-4.15758631e-03j
  -1.75467967e-03-4.44516357e-04j  1.11767791e-02+3.09105355e-03j
  -2.20338602e-02-4.77549534e-03j  1.45454613e-01+4.23694772e-02j
   1.60322436e-02+4.54349833e-03j -1.02053528e-01-3.13297858e-02j
   1.23252539e-02+3.36605637e-03j -8.10374974e-02-2.83576639e-02j
  -8.93589530e-03-3.05402139e-03j  5.68090760e-02+2.08031644e-02j]
 [-1.49052690e-01-5.11767363e-02j -8.43917508e-02-2.54744669e-02j
   9.12513670e-01+2.90742629e-01j  5.26429263e-02+2.40130866e-02j
  -3.14521455e-03-9.53887005e-04j -1.77813297e-03-4.67108756e-04j
   1.92382143e-02+5.36946944e-03j  1.11532831e-03+4.60661599e-04j
   2.86967967e-02+9.58980188e-03j  1.62422346e-02+4.75745330e-03j
  -1.75648674e-01-5.43772914e-02j -1.01446087e-02-4.52702959e-03j
  -1.59508546e-02-6.29116033e-03j -9.04828673e-03-3.18142376e-03j
   9.77628399e-02+3.60622819e-02j  5.60454849e-03+2.86738766e-03j]
 [-9.19574148e-01-2.62423252e-01j -7.26255341e-02-2.83511725e-02j
  -1.62715547e-01-4.34237505e-02j  6.11182397e-02+2.25569008e-02j
  -1.93639497e-02-4.77390590e-03j -1.53508056e-03-5.35962556e-04j
  -3.42410842e-03-7.81968876e-04j  1.29086698e-03+4.23902637e-04j
   1.76959460e-01+4.89292276e-02j  1.39878332e-02+5.32832158e-03j
   3.13076248e-02+8.07976255e-03j -1.17694473e-02-4.23407794e-03j
  -9.86686962e-02-3.30186708e-02j -7.75531698e-03-3.43658674e-03j
  -1.74738124e-02-5.51524991e-03j  6.53287563e-03+2.75053900e-03j]
 [ 7.29169485e-03+2.44905401e-03j  5.33768774e-01+1.78154315e-01j
   3.02745723e-03+7.09791723e-03j  7.52730539e-01+2.64191250e-01j
   1.53823447e-04+4.55280029e-05j  1.12593803e-02+3.30936868e-03j
   6.84652541e-05+1.45643104e-04j  1.58879823e-02+4.93693180e-03j
  -1.40376836e-03-4.58667542e-04j -1.02757289e-01-3.33600975e-02j
  -5.92437880e-04-1.35791689e-03j -1.44930678e-01-4.95321506e-02j
   7.80586322e-04+3.01838669e-04j  5.71461925e-02+2.19733229e-02j
   2.94368152e-04+7.86294184e-04j  8.05252861e-02+3.23952785e-02j]
 [ 2.40256938e-03+4.74767254e-04j -1.58819547e-02-4.31193149e-03j
  -1.75028278e-03-4.61525439e-04j  1.11462525e-02+3.19938404e-03j
   1.14801078e-01+2.47035376e-02j -7.57932924e-01-2.19562073e-01j
  -8.35396223e-02-2.35414294e-02j  5.31791491e-01+1.62395901e-01j
   1.22920042e-02+3.48552041e-03j -8.07584557e-02-2.91428366e-02j
  -8.90583366e-03-3.14060475e-03j  5.66044955e-02+2.13535443e-02j
  -2.20791709e-02-4.56142110e-03j  1.45858979e-01+4.09557740e-02j
   1.60755854e-02+4.38768362e-03j -1.02352792e-01-3.03378311e-02j]
 [-3.13580848e-03-9.84367913e-04j -1.77351570e-03-4.84344400e-04j
   1.91851948e-02+5.55593276e-03j  1.11080483e-03+4.71464705e-04j
  -1.49542364e-01-4.97276971e-02j -8.46350181e-02-2.46542041e-02j
   9.15292489e-01+2.81872547e-01j  5.28735055e-02+2.35010305e-02j
  -1.58890445e-02-6.44567481e-03j -9.01698330e-03-3.26909193e-03j
   9.74082334e-02+3.70094193e-02j  5.57645512e-03+2.92164747e-03j
   2.87885188e-02+9.31083385e-03j  1.62876430e-02+4.59959045e-03j
  -1.76168159e-01-5.26699746e-02j -1.01880679e-02-4.42835801e-03j]
 [-1.93167046e-02-4.96161759e-03j -1.52980648e-03-5.50836016e-04j
  -3.41635776e-03-8.15164681e-04j  1.28669200e-03+4.36411162e-04j
  -9.22077782e-01-2.53485978e-01j -7.28972754e-02-2.76449711e-02j
  -1.63129332e-01-4.18424718e-02j  6.13342868e-02+2.19626562e-02j
  -9.83435868e-02-3.39747432e-02j -7.72159797e-03-3.51169400e-03j
  -1.74194613e-02-5.68458198e-03j  6.50587262e-03+2.81381419e-03j
   1.77426008e-01+4.72094455e-02j  1.40388884e-02+5.19231190e-03j
   3.13845683e-02+7.77552629e-03j -1.18099868e-02-4.11965031e-03j]
 [ 1.53374331e-04+4.70187898e-05j  1.12267310e-02+3.41849057e-03j
   6.70484923e-05+1.46300733e-04j  1.58393187e-02+5.09089986e-03j
   7.31512068e-03+2.37816922e-03j  5.35472708e-01+1.72965438e-01j
   3.09620337e-03+7.06819998e-03j  7.55259191e-01+2.56873192e-01j
   7.77620066e-04+3.09400422e-04j  5.69302392e-02+2.25269195e-02j
   2.86722921e-04+7.89114136e-04j  8.02070815e-02+3.31752897e-02j
  -1.40815384e-03-4.45021686e-04j -1.03076225e-01-3.23612168e-02j
  -6.05589220e-04-1.35210304e-03j -1.45404585e-01-4.81231951e-02j]
 [-2.18150491e-02-5.69209823e-03j  1.43556971e-01+4.84108785e-02j
   1.58283702e-02+5.20950192e-03j -1.00655137e-01-3.55671398e-02j
   1.25640864e-02+2.32076582e-03j -8.31298435e-02-2.14630429e-02j
  -9.16049967e-03-2.29401769e-03j  5.83533161e-02+1.59666297e-02j
  -1.13864738e-01-2.87119090e-02j  7.49772060e-01+2.45991216e-01j
   8.26632180e-02+2.64548631e-02j -5.25773122e-01-1.80934359e-01j
  -2.36426444e-03-6.38746615e-04j  1.55481001e-02+5.39312720e-03j
   1.71442976e-03+5.80711753e-04j -1.09000457e-02-3.95777798e-03j]
 [ 2.82709799e-02+1.07806372e-02j  1.60292368e-02+5.43204531e-03j
  -1.73222861e-01-6.16699850e-02j -9.94656656e-03-4.94700877e-03j
  -1.64221815e-02-4.93157312e-03j -9.28317766e-03-2.41154773e-03j
   1.00442300e-01+2.77381578e-02j  5.82523507e-03+2.38736510e-03j
   1.47707634e-01+5.49383071e-02j  8.37189403e-02+2.76053457e-02j
  -9.04851091e-01-3.13778547e-01j -5.20173575e-02-2.53397029e-02j
   3.06075106e-03+1.19752992e-03j  1.73603967e-03+6.05073309e-04j
  -1.87580454e-02-6.86118244e-03j -1.07578048e-03-5.46683367e-04j]
 [ 1.74760172e-01+5.62814568e-02j  1.37529487e-02+5.90820558e-03j
   3.09426305e-02+9.38102101e-03j -1.15822280e-02-4.72221353e-03j
  -1.01089768e-01-2.46293108e-02j -8.01615562e-03-2.77422401e-03j
  -1.78747186e-02-4.03069929e-03j  6.74049580e-03+2.19309033e-03j
   9.12627108e-01+2.85647229e-01j  7.18835885e-02+3.01828907e-02j
   1.61562615e-01+4.75341224e-02j -6.05268576e-02-2.40988072e-02j
   1.89300849e-02+6.27730938e-03j  1.48833734e-03+6.54660339e-04j
   3.35226459e-03+1.04800568e-03j -1.25366070e-03-5.23799443e-04j]
 [-1.38337482e-03-5.16929049e-04j -1.01273439e-01-3.76250874e-02j
  -5.35174276e-04-1.38148812e-03j -1.42734172e-01-5.55454002e-02j
   8.03145899e-04+2.35325844e-04j  5.87873600e-02+1.71044013e-02j
   3.59260099e-04+7.58843419e-04j  8.29579784e-02+2.55293869e-02j
  -7.22727641e-03-2.63308852e-03j -5.29081637e-01-1.91626423e-01j
  -2.84657487e-03-7.17237323e-03j -7.45792290e-01-2.83185703e-01j
  -1.49780690e-04-5.74473402e-05j -1.09652772e-02-4.18189694e-03j
  -5.68363839e-05-1.50562380e-04j -1.54520351e-02-6.16732425e-03j]
 [ 1.25409704e-02+2.44259708e-03j -8.29176188e-02-2.22688475e-02j
  -9.13780366e-03-2.38281674e-03j  5.81956038e-02+1.65322249e-02j
  -2.18692662e-02-5.48010449e-03j  1.44020061e-01+4.70153082e-02j
   1.58781854e-02+5.05563453e-03j -1.00995593e-01-3.45885576e-02j
  -2.35795374e-03-6.61662866e-04j  1.54950248e-02+5.54377505e-03j
   1.70871292e-03+5.97323775e-04j -1.08611201e-02-4.06338181e-03j
  -1.14138038e-01-2.76054441e-02j  7.52124211e-01+2.38702728e-01j
   8.29160819e-02+2.56513304e-02j -5.27504414e-01-1.75822954e-01j]
 [-1.63735448e-02-5.09072610e-03j -9.25933519e-03-2.50153189e-03j
   1.00168357e-01+2.87116926e-02j  5.80179016e-03+2.44378940e-03j
   2.83742796e-02+1.05057458e-02j  1.60812024e-02+5.27621794e-03j
  -1.73813239e-01-5.99858684e-02j -9.99411120e-03-4.85023951e-03j
   3.04898430e-03+1.22717960e-03j  1.73008537e-03+6.21893919e-04j
  -1.86905708e-02-7.04291522e-03j -1.07042398e-03-5.57098591e-04j
   1.48233880e-01+5.35021452e-02j  8.39829205e-02+2.67915125e-02j
  -9.07853847e-01-3.04981749e-01j -5.22608416e-02-2.48336557e-02j]
 [-1.00845968e-01-2.56092761e-02j -7.98885288e-03-2.85189404e-03j
  -1.78347569e-02-4.20399228e-03j  6.71889332e-03+2.25840682e-03j
   1.75298179e-01+5.45826736e-02j  1.38096429e-02+5.77444826e-03j
   3.10322205e-02+9.08026591e-03j -1.16275139e-02-4.60957996e-03j
   1.88682689e-02+6.46073939e-03j  1.48191344e-03+6.69074542e-04j
   3.34193530e-03+1.08049168e-03j -1.24851793e-03-5.35942159e-04j
   9.15356469e-01+2.76776286e-01j  7.21731424e-02+2.94838040e-02j
   1.62016347e-01+4.59638399e-02j -6.07578975e-02-2.35102296e-02j]
 [ 8.00824120e-04+2.43109682e-04j  5.86185846e-02+1.76741556e-02j
   3.51878234e-04+7.62294472e-04j  8.27062960e-02+2.63333320e-02j
  -1.38832671e-03-5.03478377e-04j -1.01633838e-01-3.66404073e-02j
  -5.48557083e-04-1.37622893e-03j -1.43266544e-01-5.41574795e-02j
  -1.49216081e-04-5.88983288e-05j -1.09241734e-02-4.28812332e-03j
  -5.53724259e-05-1.51106913e-04j -1.53914505e-02-6.31700328e-03j
  -7.25249141e-03-2.56282027e-03j -5.30916545e-01-1.86482403e-01j
  -2.91605216e-03-7.14440803e-03j -7.48505618e-01-2.75934088e-01j]]

********* Summary *****************
Final fidelity error 0.43319169962621773
Final objective value 0.44718601590759444
Final penalized error 0.013994321024397438
Final gradient 0.06232892616358037
Number of iterations 2948
Terminated due to function converged
Completed in 0:03:58.341741 HH:MM:SS.US
Computational time 238.34174125
total tv norm 64.74594061209078
total l2 norm 1.3994321024397438
