Final evolution
[[-3.03084357e-03-4.47365054e-03j -6.24887318e-04-2.71851460e-04j
  -4.52606682e-04+1.47279293e-04j -7.25767210e-01-6.87464926e-01j
   5.41567128e-03-3.13134802e-03j  3.65623999e-04+6.68463182e-04j
   1.16987894e-04-3.11257295e-04j  1.82895373e-02+1.48728589e-02j
   2.02567015e-04-1.09040072e-03j -5.12688480e-05+4.18886478e-04j
  -1.88763249e-04+4.29398153e-04j  8.76239919e-04+8.24598192e-06j
  -6.63897349e-05+6.41683947e-05j  1.01113418e-04-8.40294070e-05j
   6.83837344e-05-1.91849228e-04j  3.63199883e-03+3.58500648e-03j]
 [-6.18335288e-04-5.55120756e-04j  1.62552366e-04+6.39707668e-04j
  -7.24658158e-01-6.88515014e-01j -2.51228217e-04+3.38090079e-04j
   8.69700806e-04+2.30969551e-04j  3.42249708e-03+6.42965579e-03j
   1.80280611e-02+1.86741529e-02j -5.83217780e-03-5.39531071e-03j
   6.56522650e-04+5.06742494e-04j  1.40352924e-04+7.13655949e-04j
   4.70317404e-04-3.66157229e-05j  1.78246267e-04-2.65141312e-04j
   1.00434361e-04+1.56556715e-05j  1.15384544e-05-4.53038289e-05j
   3.54746227e-03+3.38037991e-03j  1.27492666e-04+1.47685441e-04j]
 [-1.90067395e-02-1.71806392e-02j -7.24462771e-01-6.88397587e-01j
  -3.78172281e-04-2.03632730e-04j  4.54185006e-04+6.79357037e-04j
  -7.10501849e-05+6.61196335e-04j  1.82581025e-02+1.39874393e-02j
   4.15953693e-03-5.46976458e-03j  7.24926965e-04-3.21853196e-04j
  -1.39536200e-04+2.52663287e-04j -2.68468819e-04-1.09790829e-03j
   5.01828237e-04+9.87169657e-04j -8.74694582e-04-4.59778588e-04j
   1.07410244e-04-9.94297347e-05j  3.54828881e-03+3.41449266e-03j
   1.16295448e-05+9.71398223e-05j -1.52846422e-04-8.82159227e-05j]
 [-7.25221369e-01-6.87409530e-01j  1.80115690e-02+1.79273215e-02j
   5.26388100e-04+6.02196178e-04j  4.65949414e-03+3.03611578e-03j
   1.74101696e-02+1.88940061e-02j -6.73780117e-03-6.43869988e-03j
   7.91107369e-04+2.43467569e-03j  5.82006801e-03+5.22091495e-03j
  -1.85889481e-04-1.19522735e-03j -5.75259222e-04-1.10574518e-03j
  -2.44962507e-04-2.14314311e-04j  2.05089119e-04-4.81716613e-04j
   3.69610485e-03+3.59820648e-03j  8.42491218e-05-2.83597278e-05j
   1.91195838e-04-1.19382407e-04j -1.58616484e-04-7.21733838e-05j]
 [-5.65336629e-03-5.74284474e-03j  3.99394131e-04-6.06796145e-04j
   5.69298468e-03+5.55150276e-03j -1.57469549e-02-1.74871600e-02j
  -3.22919470e-03-3.06937370e-03j -4.74625933e-04-4.47663205e-04j
   7.21090060e-04-1.45548232e-04j -7.24213541e-01-6.89061108e-01j
  -8.90619526e-05+8.80909866e-06j -1.57411923e-05-1.18320281e-04j
   1.06013881e-04-1.08103788e-04j  3.61321144e-05-2.14627984e-04j
  -1.37021405e-04-8.10852943e-04j  5.63178438e-04+6.21583848e-04j
   9.56943287e-05-3.04952783e-04j  1.13811789e-03+1.84010727e-03j]
 [-2.35291247e-03-8.16528619e-04j  5.29903252e-03-4.39179195e-03j
  -1.95374570e-02-1.70770262e-02j  3.16590404e-04-1.33733186e-04j
  -2.80009842e-04-6.12445020e-04j -1.20398010e-03+8.52671907e-05j
  -7.23241491e-01-6.90062729e-01j -2.91280373e-05-8.42392674e-04j
   1.16292766e-04+6.41886155e-05j -2.90819993e-05-1.24741723e-04j
  -9.10230291e-05-1.33797877e-05j  4.31375176e-05+1.73719226e-04j
  -6.47500616e-06+3.03911139e-04j -1.14458496e-04+3.66364305e-04j
   6.94764626e-04+1.77366887e-03j  5.54939414e-04+1.13042907e-03j]
 [ 5.88387345e-03+5.54564828e-03j -1.50271887e-02-1.76937457e-02j
  -6.60763623e-03-3.10353514e-03j -6.35033875e-04-4.63801187e-04j
  -1.78198335e-02-1.76655073e-02j -7.22745759e-01-6.90178236e-01j
   2.56273945e-04+1.16678525e-03j  4.76166764e-04+4.66338189e-04j
   2.07831507e-04-1.00558552e-04j -9.32729756e-05-7.00135926e-05j
  -4.15884252e-05+7.91630850e-05j -4.66610556e-05+6.93757474e-05j
   1.99747959e-04-5.00361536e-04j -2.19961393e-05+7.72279279e-04j
   2.05679117e-04+1.31215397e-03j -2.36081034e-04-3.50490647e-04j]
 [-1.98794776e-02-1.65491844e-02j  2.16854603e-04+9.74699574e-04j
  -1.07762573e-04-7.91340125e-04j  3.05942541e-03-5.41617513e-03j
  -7.23740497e-01-6.89091457e-01j  1.83225878e-02+1.68147167e-02j
   6.44377384e-04+3.00786367e-04j  3.31217863e-03+3.31485715e-03j
   7.96203219e-05-2.48675281e-04j -3.44702338e-05+2.57476910e-04j
   8.16437130e-05-5.34643791e-05j -1.25407685e-05-4.29663164e-05j
   1.29861505e-05+6.38138623e-04j -1.52222092e-04+2.92105141e-04j
  -9.65626019e-04-3.93860061e-04j -1.40809078e-04-7.55637122e-04j]
 [ 5.20940749e-04-2.29354192e-04j  4.83802407e-04+8.53873293e-04j
   2.47415279e-04-1.95673912e-04j -4.49958034e-05-8.81908668e-04j
   3.68228749e-05+1.47974451e-05j -7.90839657e-05+3.32799569e-05j
  -1.89456703e-04-3.03959647e-05j  2.09529470e-04-2.35808381e-05j
  -3.52485094e-03-3.64572656e-03j -1.49369598e-04-1.67787459e-04j
   2.04762932e-04-3.04694110e-05j -7.24236654e-01-6.89500869e-01j
   5.32755509e-03-3.25994221e-03j -7.74878404e-04-6.44544542e-04j
   1.49438168e-04-2.58381683e-04j  2.36468129e-04-1.25876448e-03j]
 [ 1.97944047e-04+2.17565326e-04j -1.00128525e-03-4.23275383e-04j
   1.15136332e-05-4.56822161e-04j -4.47134952e-04+1.81342280e-04j
   5.19332293e-05-9.43975739e-05j -4.24775899e-05+6.54609369e-05j
   1.40578621e-05+9.49888391e-05j  1.00070864e-04-1.23796530e-04j
  -3.65277276e-04-4.41402930e-04j  1.17506116e-03+1.15867161e-04j
  -7.23083504e-01-6.90670400e-01j  3.29949928e-05-2.17185088e-04j
  -3.01874411e-04-1.00832782e-03j  3.40420776e-03+6.55289861e-03j
  -2.11495337e-05+2.57743192e-03j -5.68991446e-03-5.14352984e-03j]
 [ 1.18010367e-03+5.32007691e-04j  1.07618009e-03+1.94450689e-04j
  -7.09686304e-04-1.48365294e-04j -3.97672165e-04+5.61552003e-05j
  -2.80344240e-04+3.23248765e-05j  7.19472167e-05+7.86303533e-05j
   1.40467145e-04+1.52385725e-05j  1.12625646e-04+1.83995338e-06j
  -1.76728765e-02-1.72239243e-02j -7.23224065e-01-6.90128134e-01j
  -1.59614297e-04-1.18111187e-03j  2.67643948e-04+2.26483359e-04j
  -5.59374898e-04+6.41595158e-04j  3.91391298e-04-2.20970315e-03j
   4.11673701e-03-5.44655138e-03j -6.96205159e-04-1.74157983e-03j]
 [ 1.17125880e-03+1.26307498e-04j -3.33368423e-04+1.03049267e-04j
  -5.26878995e-04-6.25864543e-04j  1.11464981e-03-2.27801243e-04j
   2.16231921e-04-9.40430167e-05j  9.07179848e-05-2.09331169e-04j
  -5.65394579e-05-9.22907574e-05j -4.03789950e-05+9.19810481e-05j
  -7.24320519e-01-6.88892149e-01j  1.80617750e-02+1.68049957e-02j
   3.58513743e-04+3.03694895e-04j  3.78873392e-03+3.34685676e-03j
  -5.29726750e-04+2.69095984e-03j -6.33885040e-03-6.12625988e-03j
  -7.16279881e-04+9.63370022e-04j  5.97007818e-03+5.20197273e-03j]
 [ 5.04352144e-05+1.15570029e-04j  1.03968236e-04+1.43769065e-04j
  -1.73800009e-04-1.22721676e-04j -3.80285746e-03-3.45888770e-03j
   7.87019012e-04+8.25882946e-05j  3.43077070e-04+2.15409484e-04j
  -1.15502290e-03-4.96869646e-04j -1.80514826e-03-9.69437859e-04j
  -5.45761621e-03-5.67174235e-03j  1.90094934e-03+7.46930516e-04j
   5.42539410e-03+5.43529458e-03j  1.28492164e-03-2.99397984e-04j
  -3.94087631e-03-2.16263020e-03j -3.76209607e-04-3.81254628e-05j
  -4.58985311e-04+1.50080778e-06j -7.25788819e-01-6.87786374e-01j]
 [ 1.21796308e-04-1.71370954e-04j -1.29923960e-04-1.06526298e-05j
  -3.61432545e-03-3.38502193e-03j  1.87811152e-04-7.43793680e-05j
   4.08852141e-04+9.43361986e-04j -1.31391003e-03-1.34523426e-04j
  -1.71628608e-03-5.14100563e-04j  2.64542966e-04-1.38010264e-04j
  -7.90536599e-04+6.64599311e-04j  5.26444935e-03-4.39426670e-03j
  -2.56494822e-03+1.39653528e-04j  2.55955529e-04-1.67311799e-04j
  -1.86147562e-04-3.92926858e-04j -2.32550893e-04-2.90433844e-04j
  -7.24638970e-01-6.89066267e-01j  2.29189478e-05+4.55775840e-04j]
 [-1.84004343e-04-2.55587136e-04j -3.60860174e-03-3.36943154e-03j
   3.85493193e-05-4.49232565e-06j  5.26659601e-05-1.07657316e-04j
  -3.22419028e-04+1.73097245e-04j -6.61975079e-04+1.18468773e-04j
  -3.45239870e-04+1.08987007e-04j -6.22793445e-04-5.28031108e-04j
   6.42184432e-03+6.02850093e-03j  2.01723833e-03-6.37248598e-04j
  -6.68040903e-03-3.07647947e-03j  7.17850948e-04+5.69334526e-04j
  -1.84243514e-02-1.73237980e-02j -7.24605627e-01-6.88581088e-01j
   3.30591932e-04+2.47073853e-04j  1.74164667e-05+4.05430288e-04j]
 [-3.79442932e-03-3.48806149e-03j  2.87775932e-04+6.27062363e-05j
  -2.89182103e-05-9.51850036e-05j -1.54788024e-07+1.02233264e-04j
  -5.26474678e-04+1.04825847e-04j  4.84070432e-04-2.59742212e-04j
  -2.84796457e-04+3.69996801e-05j  8.73925889e-04+1.40004485e-04j
  -2.80356157e-03+5.28207404e-04j -6.10051176e-04+5.80865727e-04j
   1.17418222e-03+2.99178377e-04j  2.97161584e-03-5.51190564e-03j
  -7.25804898e-01-6.87365117e-01j  1.82407890e-02+1.74824614e-02j
   3.93447038e-04+1.57531843e-04j  2.40584468e-03+3.80268290e-03j]]

********* Summary *****************
Final fidelity error 0.001283167596995649
Final objective value 0.0012832077755160608
Final penalized error 4.0185315642796935e-08
Final gradient 0.00012319822916112197
Number of iterations 895
Terminated due to function converged
Completed in 0:06:42.027976 HH:MM:SS.US
Computational time 402.027976333
total tv norm 80.05829001556623
total l2 norm 4.0185315642796935e-07
