Final evolution
[[ 0.27527372-0.6771352j  -0.50209627-0.13216598j -0.20607306-0.32233633j
   0.01674424+0.22247832j]
 [-0.5020453 -0.13237985j -0.3168609 -0.29692977j  0.60878199-0.15772026j
  -0.20607385-0.32233577j]
 [-0.20593229-0.32241555j  0.6087931 -0.15771645j -0.31686104-0.29693093j
  -0.50209539-0.13216625j]
 [ 0.01656174+0.22249539j -0.20593307-0.32241499j -0.50204442-0.13238011j
   0.27527345-0.67713594j]]

********* Summary *****************
Final fidelity error 0.5947452199718908
Final objective value 0.5947558654518712
Final penalized TV regularizer 1.0654681079333722e-05
Final norm value 0.0001065468107933372
Final error 7.142888514919983e-10
Terminate reason Exceed the maximum number of iteration of ADMM
Number of iterations 100
Completed in 0:00:01.892761 HH:MM:SS.US
Computational time 1.8927607536315918
Time for each iteration [0.053375959396362305, 0.057344675064086914, 0.12642812728881836, 0.1233224868774414, 0.19627618789672852, 0.18028879165649414, 0.2537269592285156, 0.24297881126403809, 0.30755186080932617, 0.29468870162963867, 0.36571216583251953, 0.3417627811431885, 0.40487194061279297, 0.39141297340393066, 0.44568777084350586, 0.427933931350708, 0.47332191467285156, 0.4555630683898926, 0.5119328498840332, 0.4679098129272461, 0.5242607593536377, 0.4781010150909424, 0.534550666809082, 0.48829007148742676, 0.5556206703186035, 0.49855804443359375, 0.5765926837921143, 0.5086259841918945, 0.5867979526519775, 0.529761791229248, 0.5992050170898438, 0.5552055835723877, 0.6092722415924072, 0.5652673244476318, 0.6281025409698486, 0.5818512439727783, 0.6381525993347168, 0.5919101238250732, 0.6482367515563965, 0.6085059642791748, 0.6671059131622314, 0.6186587810516357, 0.6772270202636719, 0.6374766826629639, 0.6939301490783691, 0.647620677947998, 0.7040278911590576, 0.6576969623565674, 0.7140758037567139, 0.6678447723388672, 0.7241370677947998, 0.6778857707977295, 0.7342579364776611, 0.6879746913909912, 0.7444062232971191, 0.6981625556945801, 0.754528284072876, 0.7083396911621094, 0.7648060321807861, 0.7185628414154053, 0.774932861328125, 0.7287147045135498, 0.7851099967956543, 0.7388186454772949, 0.7952921390533447, 0.7489356994628906, 0.8054311275482178, 0.759077787399292, 0.8155279159545898, 0.7692537307739258, 0.8257081508636475, 0.7793686389923096, 0.8359572887420654, 0.7895064353942871, 0.8461835384368896, 0.7996301651000977, 0.8562495708465576, 0.8099160194396973, 0.8663625717163086, 0.8200562000274658, 0.8764946460723877, 0.8301560878753662, 0.8868768215179443, 0.8408279418945312, 0.8980720043182373, 0.8512587547302246, 0.9081659317016602, 0.8613688945770264, 0.9182989597320557, 0.8714468479156494, 0.9286260604858398, 0.881706714630127, 0.9389040470123291, 0.892075777053833, 0.9492120742797852, 0.9023735523223877, 0.9593911170959473, 0.9126937389373779, 0.9697320461273193, 0.9230287075042725]
