Final evolution
[[ 0.19904217-0.72863968j -0.39598363+0.02255759j -0.43197212-0.11302989j
   0.19605915+0.18530972j]
 [-0.28969072-0.37978717j -0.30549955-0.46662313j  0.5789667 -0.09989946j
  -0.20976441-0.26756385j]
 [-0.18808525-0.29849099j  0.53619798-0.11527139j -0.30260586-0.10798404j
  -0.67419874+0.13021709j]
 [-0.18987785+0.20194277j  0.03850226-0.47889749j -0.52579323-0.27523192j
   0.25482301-0.52458974j]]

********* Summary *****************
Final fidelity error 0.532082134185794
Final objective value 0.5320831235148589
Final penalized TV regularizer 1e-06
Final norm value 1.0
Final error 0.0
Terminate reason Exceed the maximum number of iteration of ADMM
Number of iterations 100
Completed in 0:00:02.359835 HH:MM:SS.US
Computational time 2.359834909439087
Time for each iteration [0.05887794494628906, 0.03918600082397461, 0.09345602989196777, 0.07564187049865723, 0.1255199909210205, 0.10767388343811035, 0.15804195404052734, 0.1398911476135254, 0.18973183631896973, 0.17067313194274902, 0.21921491622924805, 0.19864201545715332, 0.24691081047058105, 0.22649812698364258, 0.2747199535369873, 0.2546041011810303, 0.3025248050689697, 0.2822883129119873, 0.3235447406768799, 0.3076200485229492, 0.34888577461242676, 0.33300018310546875, 0.37423276901245117, 0.35829925537109375, 0.3995826244354248, 0.38367629051208496, 0.4248945713043213, 0.4089353084564209, 0.4479985237121582, 0.4298694133758545, 0.46929335594177246, 0.45098257064819336, 0.4902985095977783, 0.4719545841217041, 0.5112354755401611, 0.49292850494384766, 0.532355546951294, 0.5140612125396729, 0.5535058975219727, 0.5352349281311035, 0.5750329494476318, 0.5568320751190186, 0.5965728759765625, 0.5788190364837646, 0.618743896484375, 0.6002731323242188, 0.6402089595794678, 0.6215028762817383, 0.6612880229949951, 0.6426410675048828, 0.6823298931121826, 0.6636800765991211, 0.705590009689331, 0.6869819164276123, 0.729395866394043, 0.711759090423584, 0.754295825958252, 0.7372152805328369, 0.7780838012695312, 0.7605202198028564, 0.8015837669372559, 0.7839553356170654, 0.8249366283416748, 0.8074283599853516, 0.8482625484466553, 0.8308303356170654, 0.8715145587921143, 0.8506712913513184, 0.891831636428833, 0.8709943294525146, 0.9121694564819336, 0.8902184963226318, 0.9312984943389893, 0.9113874435424805, 0.9502875804901123, 0.9302654266357422, 0.9691417217254639, 0.9490914344787598, 0.9881386756896973, 0.9680202007293701, 1.0070996284484863, 0.9880504608154297, 1.0260605812072754, 1.0069832801818848, 1.0454087257385254, 1.0259974002838135, 1.064375400543213, 1.0448484420776367, 1.083350419998169, 1.0637855529785156, 1.102285385131836, 1.0844895839691162, 1.123521327972412, 1.1060996055603027, 1.145585298538208, 1.1276144981384277, 1.167755365371704, 1.1489574909210205, 1.1893274784088135, 1.1705074310302734]
