Final evolution
[[ 0.19904242-0.72863984j -0.39598376+0.02255695j -0.43197162-0.11302994j
   0.19605889+0.18531005j]
 [-0.2896907 -0.37978656j -0.30549952-0.46662315j  0.57896723-0.09989961j
  -0.20976389-0.26756395j]
 [-0.1880858 -0.29849113j  0.53619776-0.11527183j -0.30260582-0.10798403j
  -0.67419877+0.13021646j]
 [-0.18987745+0.20194282j  0.03850173-0.4788976j  -0.52579336-0.2752313j
   0.25482327-0.52458987j]]

********* Summary *****************
Final fidelity error 0.5320821240171338
Final objective value 0.532092113346195
Final penalized TV regularizer 1e-05
Final norm value 1.0
Final error 0.0
Terminate reason Exceed the maximum number of iteration of ADMM
Number of iterations 100
Completed in 0:00:02.420953 HH:MM:SS.US
Computational time 2.420952796936035
Time for each iteration [0.058763980865478516, 0.044078826904296875, 0.09783315658569336, 0.08627486228942871, 0.1335752010345459, 0.11916184425354004, 0.16663002967834473, 0.1494579315185547, 0.19685912132263184, 0.17772865295410156, 0.22556638717651367, 0.2057642936706543, 0.2535526752471924, 0.23389339447021484, 0.28188467025756836, 0.2619023323059082, 0.30976343154907227, 0.2896735668182373, 0.33086323738098145, 0.31513071060180664, 0.35637521743774414, 0.3408787250518799, 0.3820061683654785, 0.36667966842651367, 0.40861010551452637, 0.3950207233428955, 0.43677830696105957, 0.42348456382751465, 0.4628612995147705, 0.4475696086883545, 0.4862222671508789, 0.4717376232147217, 0.5106015205383301, 0.4952843189239502, 0.5338466167449951, 0.5175652503967285, 0.5551426410675049, 0.5386812686920166, 0.5784728527069092, 0.5630350112915039, 0.6024260520935059, 0.5863277912139893, 0.6260631084442139, 0.6104707717895508, 0.6501882076263428, 0.6334877014160156, 0.6714150905609131, 0.6546108722686768, 0.6926460266113281, 0.675832986831665, 0.7137911319732666, 0.6981537342071533, 0.7375321388244629, 0.7216029167175293, 0.7608311176300049, 0.7448067665100098, 0.7840220928192139, 0.768197774887085, 0.8073060512542725, 0.791651725769043, 0.8304412364959717, 0.8147885799407959, 0.853553295135498, 0.8378875255584717, 0.8766293525695801, 0.8609905242919922, 0.8996951580047607, 0.8797237873077393, 0.9184422492980957, 0.8986988067626953, 0.9373080730438232, 0.9175856113433838, 0.9561572074890137, 0.9385838508605957, 0.9750199317932129, 0.9574129581451416, 0.9938321113586426, 0.9764678478240967, 1.0127050876617432, 0.9959738254547119, 1.0315930843353271, 1.0148117542266846, 1.0509090423583984, 1.0338940620422363, 1.0698027610778809, 1.0527839660644531, 1.0887048244476318, 1.071516990661621, 1.107454776763916, 1.0905041694641113, 1.1273787021636963, 1.1109402179718018, 1.149303674697876, 1.1327223777770996, 1.1708605289459229, 1.1540381908416748, 1.1947476863861084, 1.1810100078582764, 1.2195639610290527, 1.2013888359069824]
