Final evolution
[[ 7.06834769e-01+7.07374311e-01j -1.04205641e-03+1.85768638e-03j
  -1.01187999e-03-4.69528669e-04j  6.40323014e-04+5.38174304e-05j]
 [-1.85587871e-03+1.04367322e-03j  7.08101846e-01+7.06103335e-01j
   9.44401410e-04-1.31937417e-03j  1.86330709e-04-1.62921394e-03j]
 [-5.29631864e-05-6.38235384e-04j  1.62839749e-03-1.88120288e-04j
   9.44655341e-05-1.26665808e-03j  7.06464908e-01+7.07744745e-01j]
 [ 4.69534258e-04+1.01488764e-03j  1.31751993e-03-9.46272886e-04j
   7.07015265e-01+7.07194403e-01j  1.26484699e-03-9.35873166e-05j]]

********* Summary *****************
Final fidelity error 3.6534963120393726e-06
Final objective value 0.0016832405438285559
Final penalized TV regularizer 0.0016795868170902829
Final norm value 16.79586817090283
Final error 5.7778659527090886e-08
Terminate reason Exceed the maximum number of iteration of ADMM
Number of iterations 100
Completed in 0:01:40.597089 HH:MM:SS.US
Computational time 100.59708881378174
Time for each iteration [3.9945626258850098, 3.4730591773986816, 7.162529468536377, 6.393489360809326, 9.511382579803467, 8.685137271881104, 11.535741567611694, 10.276669263839722, 12.982630491256714, 11.804433107376099, 14.442723751068115, 13.170318126678467, 15.840174674987793, 14.543007135391235, 17.015259742736816, 15.629717111587524, 18.1297025680542, 16.675872325897217, 19.024330615997314, 17.71513319015503, 19.93933868408203, 18.73799419403076, 20.827001571655273, 19.69009518623352, 21.725493669509888, 20.583276987075806, 22.651331901550293, 21.439132928848267, 23.60495686531067, 22.275205850601196, 24.470510005950928, 23.14149570465088, 25.42605996131897, 23.911964893341064, 26.251821994781494, 24.774016857147217, 27.153029918670654, 25.605852842330933, 28.01158094406128, 26.399889707565308, 28.875622034072876, 27.258830785751343, 29.639734983444214, 28.025270700454712, 30.36750626564026, 28.73943042755127, 31.2005512714386, 29.60193943977356, 32.02423548698425, 30.48265814781189, 32.857013463974, 31.31191349029541, 33.62342548370361, 32.145562410354614, 34.50380825996399, 32.93691658973694, 35.27493643760681, 33.76762843132019, 36.09865355491638, 34.56583213806152, 36.90977764129639, 35.37537431716919, 37.72443628311157, 36.207106590270996, 38.49161219596863, 37.04325771331787, 39.26586318016052, 37.87511873245239, 40.07039213180542, 38.73792052268982, 40.77645945549011, 39.567373275756836, 41.63224744796753, 40.39192032814026, 42.3363823890686, 41.0998215675354, 43.17147421836853, 41.80827760696411, 43.87897729873657, 42.64243960380554, 44.4315972328186, 43.50077676773071, 45.01783204078674, 44.3673677444458, 45.602133989334106, 45.22770690917969, 46.15228199958801, 46.09260869026184, 46.70571827888489, 46.955591678619385, 47.256856203079224, 47.624231576919556, 48.09093904495239, 48.17646765708923, 48.956908226013184, 48.73043346405029, 49.822328329086304, 49.27910542488098, 50.489962577819824, 50.107126235961914]
