Final evolution
[[ 7.07050758e-01+7.07162752e-01j -1.26045685e-04+1.85497140e-04j
  -1.15455155e-04-3.30020064e-05j  5.09886058e-05+2.80776497e-05j]
 [-1.85472050e-04+1.26061373e-04j  7.07229594e-01+7.06983868e-01j
   1.10041232e-04-1.44530357e-04j  7.93935128e-05-1.46519953e-04j]
 [-2.80475028e-05-5.09722193e-05j  1.46497404e-04-7.94204142e-05j
   1.55156907e-05-1.46422931e-04j  7.07042863e-01+7.07170656e-01j]
 [ 3.30021142e-05+1.15492861e-04j  1.44492114e-04-1.10077737e-04j
   7.07103787e-01+7.07109726e-01j  1.46403676e-04-1.55137892e-05j]]

********* Summary *****************
Final fidelity error 4.3217718626031854e-08
Final objective value 0.0001866240091052104
Final penalized TV regularizer 0.0001865807676240369
Final norm value 18.658076762403688
Final error 7.637756656867872e-09
Terminate reason Exceed the maximum number of iteration of ADMM
Number of iterations 100
Completed in 0:00:56.998930 HH:MM:SS.US
Computational time 56.99892997741699
Time for each iteration [4.303038835525513, 3.294816017150879, 7.535705089569092, 6.119314908981323, 9.955320119857788, 8.517729997634888, 11.545690059661865, 10.447232007980347, 13.152381181716919, 12.011178016662598, 14.606210947036743, 13.400826930999756, 15.906071901321411, 14.671418905258179, 17.11578106880188, 15.677371978759766, 18.008631944656372, 16.468334197998047, 18.715600728988647, 17.148407459259033, 19.33228850364685, 17.670767545700073, 19.791227340698242, 18.098150730133057, 20.211430311203003, 18.51822257041931, 20.510547399520874, 18.818199634552002, 20.81236743927002, 19.11498761177063, 21.112528562545776, 19.41653347015381, 21.40923261642456, 19.717994451522827, 21.711867570877075, 20.014223337173462, 21.945493698120117, 20.248330116271973, 22.248777866363525, 20.490243196487427, 22.48877787590027, 20.726680040359497, 22.72316002845764, 20.962671041488647, 22.96006488800049, 21.20000410079956, 23.199193716049194, 21.439475297927856, 23.43781566619873, 21.692155361175537, 23.68052363395691, 21.9311945438385, 23.914626598358154, 22.164504528045654, 24.16536235809326, 22.409647703170776, 24.407137393951416, 22.645304679870605, 24.644841194152832, 22.884483814239502, 24.88462805747986, 23.12160301208496, 25.1215980052948, 23.36084794998169, 25.361056089401245, 23.598018884658813, 25.596057176589966, 23.83324384689331, 25.83255124092102, 24.072423696517944, 26.066103219985962, 24.307812929153442, 26.29952907562256, 24.54565191268921, 26.533591985702515, 24.782968044281006, 26.7724609375, 25.02254891395569, 27.010046005249023, 25.260793924331665, 27.246576070785522, 25.497671842575073, 27.48482608795166, 25.732714891433716, 27.72379493713379, 25.971699237823486, 27.960845708847046, 26.20692229270935, 28.1970317363739, 26.440911293029785, 28.43335485458374, 26.675559282302856, 28.668455839157104, 26.909816026687622, 28.90279197692871, 27.143712997436523, 29.136239051818848, 27.383743047714233, 29.375366926193237, 27.623563051223755]
