Final evolution
[[-7.07130073e-01-7.07083484e-01j -2.43611894e-05+2.68444346e-06j
  -3.44906888e-05+4.51355589e-05j -4.28867095e-05-6.82402262e-06j]
 [-2.68460779e-06+2.43606270e-05j -7.07094736e-01-7.07118825e-01j
   1.35877122e-06-2.60368644e-06j  1.46280871e-05+3.86899647e-06j]
 [ 6.82480353e-06+4.28843841e-05j -3.86762945e-06-1.46275612e-05j
   4.43171392e-05-1.33787811e-06j -7.07095738e-01-7.07117821e-01j]
 [-4.51356757e-05+3.44936570e-05j  2.60403245e-06-1.35790366e-06j
  -7.07106570e-01-7.07106989e-01j  1.33785247e-06-4.43147170e-05j]]

********* Summary *****************
Final fidelity error 2.1815612649689342e-09
Final objective value 1.8103992097878184e-05
Final penalized TV regularizer 1.8101807343611796e-05
Final norm value 18.101807343611796
Final error 3.9829129211609963e-16
Terminate reason Exceed the maximum number of iteration of ADMM
Number of iterations 100
Completed in 0:00:39.547473 HH:MM:SS.US
Computational time 39.54747295379639
Time for each iteration [13.741656064987183, 3.8148088455200195, 16.479292154312134, 4.680340766906738, 16.916245222091675, 4.867381811141968, 17.103374242782593, 5.054665803909302, 17.29054617881775, 5.241429805755615, 17.477901220321655, 5.430335998535156, 17.666017055511475, 5.617889165878296, 17.854690074920654, 5.806199073791504, 18.043962001800537, 6.003671884536743, 18.251622200012207, 6.193617820739746, 18.441744327545166, 6.383810758590698, 18.630333423614502, 6.570709705352783, 18.81861448287964, 6.759141445159912, 19.006288528442383, 6.9462456703186035, 19.193130254745483, 7.135027885437012, 19.382899045944214, 7.324879169464111, 19.57311487197876, 7.514330148696899, 19.762317895889282, 7.7038092613220215, 19.951910734176636, 7.905279159545898, 20.141544818878174, 8.09511923789978, 20.328816890716553, 8.282626152038574, 20.515987873077393, 8.469626188278198, 20.714797735214233, 8.657894372940063, 20.902382612228394, 8.847344398498535, 21.090291738510132, 9.034757375717163, 21.27770972251892, 9.22226619720459, 21.465372800827026, 9.411460399627686, 21.65707564353943, 9.600318431854248, 21.846145629882812, 9.789335489273071, 22.032837629318237, 9.975990295410156, 22.219207763671875, 10.162381410598755, 22.405540466308594, 10.34901762008667, 22.591878414154053, 10.535609722137451, 22.77833127975464, 10.721892833709717, 22.964414358139038, 10.90846562385559, 23.151243448257446, 11.095470666885376, 23.3382306098938, 11.2821786403656, 23.525654554367065, 11.46886157989502, 23.714574575424194, 11.659900426864624, 23.905341863632202, 11.850884199142456, 24.1085147857666, 12.040225267410278, 24.296684980392456, 12.229403972625732, 24.482927083969116, 12.416028022766113, 24.67186713218689, 12.60755181312561, 24.85993719100952, 12.795934915542603, 25.049772262573242, 12.9854576587677, 25.23885726928711, 13.175352811813354, 25.428145170211792, 13.364948749542236, 25.61588430404663, 13.551851749420166, 25.804848194122314, 13.742624759674072]
