Final evolution
[[-0.41359109-0.64614978j -0.13938414+0.47674515j  0.30081166-0.00909522j
  -0.27153236+0.02046444j]
 [-0.36513297+0.0428875j  -0.60480564-0.60881071j  0.15220693-0.21762393j
  -0.11242093+0.21267967j]
 [ 0.12089706+0.40479301j -0.03658909+0.09340565j  0.17704179-0.11338691j
  -0.79277514-0.37251892j]
 [ 0.03675694-0.31055902j  0.04934703-0.06593382j -0.51151329-0.73010702j
  -0.02412606-0.31644186j]]

********* Summary *****************
Final fidelity error 0.17261405274523411
Final objective value 0.17377715264174703
Final penalized TV regularizer 0.0011631100954860348
Final norm value 11.631100954860347
Final error 1.7364763172514664e-10
Terminate reason Exceed the maximum number of iteration of ADMM
Number of iterations 100
Completed in 0:00:20.395141 HH:MM:SS.US
Computational time 20.395141124725342
Time for each iteration [0.8546380996704102, 0.5752379894256592, 1.2306959629058838, 0.9758648872375488, 1.5632212162017822, 1.2952587604522705, 1.881162405014038, 1.6108496189117432, 2.187154531478882, 1.918015480041504, 2.497598648071289, 2.162778377532959, 2.7334256172180176, 2.410400390625, 2.9698245525360107, 2.6453006267547607, 3.1942453384399414, 2.8587806224823, 3.410949468612671, 3.0758066177368164, 3.6390514373779297, 3.3008666038513184, 3.862816333770752, 3.525629758834839, 4.079015254974365, 3.7208309173583984, 4.271721124649048, 3.913125991821289, 4.465047121047974, 4.107776880264282, 4.659016370773315, 4.301177501678467, 4.842045545578003, 4.486682415008545, 5.036163806915283, 4.672484397888184, 5.21857762336731, 4.8552656173706055, 5.4051244258880615, 5.040771722793579, 5.590125322341919, 5.225123643875122, 5.770415544509888, 5.39515233039856, 5.954799652099609, 5.568013429641724, 6.129183530807495, 5.740903615951538, 6.278744220733643, 5.9101197719573975, 6.451423406600952, 6.083387613296509, 6.625927448272705, 6.256180763244629, 6.799128293991089, 6.428268671035767, 6.97208833694458, 6.6000776290893555, 7.142435550689697, 6.773637533187866, 7.314849615097046, 6.946072340011597, 7.520471811294556, 7.119492292404175, 7.691824913024902, 7.296276092529297, 7.865429162979126, 7.46910285949707, 8.039613008499146, 7.643194913864136, 8.213520050048828, 7.817405939102173, 8.386244058609009, 7.990815877914429, 8.559170007705688, 8.162369966506958, 8.73051118850708, 8.334582805633545, 8.9032142162323, 8.508675813674927, 9.076195240020752, 8.682107925415039, 9.238129138946533, 8.824862957000732, 9.380052089691162, 8.977306842803955, 9.533595085144043, 9.12981390953064, 9.67525601387024, 9.272071123123169, 9.827897787094116, 9.424801349639893, 9.978760719299316, 9.568287372589111, 10.119855642318726, 9.709375381469727, 10.2614586353302, 9.85076642036438, 10.403037548065186, 9.992103576660156]
