Final evolution
[[ 7.07217795e-01+7.06995491e-01j  1.05490317e-04-2.01227357e-04j
   3.70932445e-04+6.91376202e-05j -1.10251865e-04-3.99191140e-04j]
 [ 2.01222729e-04-1.05552586e-04j  7.07106481e-01+7.07107004e-01j
  -9.83380591e-05+1.74910709e-04j -1.20950579e-04-6.09810713e-05j]
 [ 3.99318618e-04+1.10078107e-04j  6.09702375e-05+1.20821624e-04j
  -7.78910810e-05+1.70453360e-04j  7.07229856e-01+7.06983526e-01j]
 [-6.91091445e-05-3.70836928e-04j -1.75044285e-04+9.83229690e-05j
   7.06872610e-01+7.07340721e-01j -1.70498163e-04+7.79920170e-05j]]

********* Summary *****************
Final fidelity error 1.353903074097218e-07
Final objective value 0.00013716046963347718
Final penalized TV regularizer 0.00013702509600128422
Final norm value 13.70250960012842
Final error 2.3044418619943527e-09
Terminate reason Exceed the maximum number of iteration of ADMM
Number of iterations 100
Completed in 0:00:44.723603 HH:MM:SS.US
Computational time 44.72360301017761
Time for each iteration [4.514271020889282, 1.920403003692627, 5.897085905075073, 3.135082244873047, 7.143396615982056, 4.329941272735596, 8.295535802841187, 5.416640281677246, 9.144551753997803, 6.162206172943115, 9.910996913909912, 6.901905059814453, 10.630555152893066, 7.620151996612549, 11.34868597984314, 8.317108154296875, 12.025506019592285, 8.973395109176636, 12.681087017059326, 9.606948852539062, 13.315223217010498, 10.220236778259277, 13.929599285125732, 10.72966480255127, 14.543663263320923, 11.280627727508545, 15.07473349571228, 11.790423393249512, 15.586209535598755, 12.298181533813477, 16.09531855583191, 12.812782526016235, 16.584790468215942, 13.304020643234253, 17.056275367736816, 13.774505615234375, 17.527164459228516, 14.244044542312622, 17.996651649475098, 14.62797236442566, 18.36090660095215, 14.992053508758545, 18.726020574569702, 15.35815167427063, 19.071728467941284, 15.702153444290161, 19.415175676345825, 16.045644521713257, 19.758002519607544, 16.327969551086426, 20.03907060623169, 16.588661432266235, 20.32102370262146, 16.869771480560303, 20.51937961578369, 17.068491458892822, 20.717902421951294, 17.26926565170288, 20.91725254058838, 17.469082593917847, 21.116642475128174, 17.66695475578308, 21.314849376678467, 17.864722728729248, 21.51303219795227, 18.066061973571777, 21.714086055755615, 18.263604879379272, 21.893166065216064, 18.420886993408203, 22.050173044204712, 18.579092979431152, 22.20935297012329, 18.73702621459961, 22.367864847183228, 18.895324230194092, 22.526511907577515, 19.054124116897583, 22.696744918823242, 19.21218514442444, 22.853353023529053, 19.371126174926758, 23.010709047317505, 19.5066020488739, 23.167437076568604, 19.64261484146118, 23.323747158050537, 19.778954029083252, 23.480321168899536, 19.91562795639038, 23.616771936416626, 20.05314302444458, 23.754921197891235, 20.19032382965088, 23.892911195755005, 20.328195810317993, 24.008846282958984, 20.4635968208313, 24.124061346054077, 20.599541664123535]
