Final evolution
[[-0.22094288-0.52806644j  0.21406416+0.40797445j  0.06209258-0.36198368j
  -0.14025259+0.55272506j]
 [-0.26033264+0.08217443j -0.47447612-0.60724337j  0.11410676-0.47209244j
  -0.20387673+0.23269044j]
 [-0.20014897+0.35531922j  0.26155522+0.16080401j -0.40382307-0.20720839j
  -0.69417402-0.22701016j]
 [ 0.65339482-0.06758852j  0.26425895-0.17250924j -0.24027309-0.60455037j
   0.1893227 -0.0992944j ]]

********* Summary *****************
Final fidelity error 0.3613959324537045
Final objective value 1.1901574257585952
Final penalized TV regularizer 0.828761501877227
Final norm value 8.28761501877227
Final error 0.6748263174537873
Terminate reason Exceed the maximum number of iteration of ADMM
Number of iterations 100
Completed in 0:01:51.042977 HH:MM:SS.US
Computational time 111.04297685623169
Time for each iteration [0.9997458457946777, 1.1285500526428223, 1.680685043334961, 2.193241834640503, 2.5581860542297363, 3.808032989501953, 3.3533899784088135, 5.040413856506348, 5.050306081771851, 6.103525876998901, 6.574662923812866, 7.546753168106079, 7.518065929412842, 8.634263038635254, 8.4419527053833, 10.157665252685547, 9.99995470046997, 11.036316156387329, 10.827852964401245, 12.27820897102356, 11.91270112991333, 13.17863392829895, 12.934031009674072, 15.421526908874512, 14.282111883163452, 16.09487295150757, 15.036916971206665, 17.11188006401062, 15.894072771072388, 18.480188369750977, 16.61878776550293, 19.416884183883667, 17.84080672264099, 20.580750226974487, 19.14391779899597, 22.000447988510132, 20.460928916931152, 23.41012692451477, 21.723398208618164, 24.137016773223877, 23.214931964874268, 25.08077383041382, 24.60120725631714, 25.97693967819214, 26.498223304748535, 26.65452265739441, 27.257347345352173, 28.50741672515869, 28.076334238052368, 29.401150703430176, 28.653897285461426, 30.601391553878784, 29.497175455093384, 31.69087243080139, 30.972805500030518, 33.30191445350647, 31.97202754020691, 34.51974844932556, 32.80487847328186, 36.51304745674133, 33.699665546417236, 37.46661448478699, 35.12365651130676, 39.04809331893921, 35.86213564872742, 40.41594624519348, 36.38949775695801, 40.898518085479736, 37.13572692871094, 41.41246581077576, 37.57440805435181, 42.5475058555603, 38.461260080337524, 43.54034376144409, 39.09027814865112, 44.78179693222046, 39.768635988235474, 46.197351932525635, 40.70986199378967, 47.7472198009491, 42.223320960998535, 48.784639835357666, 43.65772008895874, 49.50663089752197, 45.28048491477966, 50.76565504074097, 46.05386304855347, 51.5199830532074, 46.917587757110596, 52.55443811416626, 47.99514174461365, 53.4630491733551, 48.98313069343567, 54.54225707054138, 49.44326972961426, 55.805668354034424, 50.42983961105347, 57.30379629135132, 51.75135564804077, 59.29162120819092]
