Final evolution
[[ 7.07303941e-01+7.06908871e-01j  2.90783490e-04-3.96997157e-04j
   6.78763667e-04-9.83194981e-05j -5.95234748e-05-5.17519519e-04j]
 [ 3.97042799e-04-2.90806622e-04j  7.07121457e-01+7.07091850e-01j
  -2.11939177e-04+2.05187077e-04j -1.76924194e-04+1.63229078e-05j]
 [ 5.17931421e-04+5.92539247e-05j -1.63853442e-05+1.76600420e-04j
  -2.50319129e-04+3.48810396e-04j  7.07298541e-01+7.06914625e-01j]
 [ 9.85442631e-05-6.78403776e-04j -2.05714983e-04+2.11809849e-04j
   7.06702107e-01+7.07510700e-01j -3.49151300e-04+2.50407262e-04j]]

********* Summary *****************
Final fidelity error 3.816359797070845e-07
Final objective value 1.4187853220151347e-05
Final penalized TV regularizer 1.3806246256456078e-05
Final norm value 13.80624625645608
Final error 1.012805932668483e-33
Terminate reason Exceed the maximum number of iteration of ADMM
Number of iterations 100
Completed in 0:00:44.002177 HH:MM:SS.US
Computational time 44.002177000045776
Time for each iteration [5.22894287109375, 1.9125549793243408, 6.662092924118042, 3.219341993331909, 7.884048938751221, 4.399516820907593, 9.000526189804077, 5.490415811538696, 9.826159238815308, 6.308590650558472, 10.54684829711914, 7.051212549209595, 11.289281368255615, 7.771577596664429, 11.98927927017212, 8.492090463638306, 12.67862057685852, 9.171947240829468, 13.3793466091156, 9.789311408996582, 14.042085409164429, 10.303113460540771, 14.658862352371216, 10.856334686279297, 15.211489200592041, 11.369952917098999, 15.725075006484985, 11.882341861724854, 16.236284971237183, 12.394999980926514, 16.7483868598938, 12.906730890274048, 17.259577989578247, 13.417287111282349, 17.729228734970093, 13.887756109237671, 18.201056003570557, 14.357909917831421, 18.650903940200806, 14.808326959609985, 19.08014416694641, 15.196305513381958, 19.467915296554565, 15.582865715026855, 19.855513334274292, 15.96870756149292, 20.242733240127563, 16.314441680908203, 20.588029146194458, 16.660196542739868, 20.893701553344727, 16.96416449546814, 21.15627145767212, 17.22551655769348, 21.41945719718933, 17.487727642059326, 21.68174123764038, 17.68692660331726, 21.882185220718384, 17.886537790298462, 22.082420110702515, 18.06614089012146, 22.261489868164062, 18.223015069961548, 22.41849374771118, 18.317825317382812, 22.513190507888794, 18.412861347198486, 22.610286712646484, 18.50897216796875, 22.706495761871338, 18.604772090911865, 22.802414894104004, 18.700403928756714, 22.898295164108276, 18.796705722808838, 22.993534326553345, 18.892496585845947, 23.101580381393433, 18.988669633865356, 23.197864294052124, 19.083680629730225, 23.29278326034546, 19.179349660873413, 23.38924217224121, 19.274852752685547, 23.48473310470581, 19.36957097053528, 23.580114126205444, 19.465670585632324, 23.676814317703247, 19.561712741851807, 23.772186279296875, 19.65666365623474, 23.867436170578003, 19.75316882133484, 23.96350908279419, 19.848227739334106, 24.058494091033936, 19.94368290901184]
