Final evolution
[[-0.40282593-0.64583731j -0.12926495+0.47945325j  0.30911881+0.00538821j
  -0.27924397+0.02190727j]
 [-0.36639332+0.04500246j -0.61513938-0.59949397j  0.16091528-0.19154179j
  -0.12868984+0.21632885j]
 [ 0.12268122+0.41203152j -0.02702762+0.09940207j  0.16867809-0.1086761j
  -0.79127847-0.37173064j]
 [ 0.02466559-0.3145268j   0.02415635-0.06656485j -0.50669261-0.73812895j
  -0.03265809-0.30465028j]]

********* Summary *****************
Final fidelity error 0.1742244009361097
Final objective value 0.1838951233069018
Final penalized TV regularizer 0.009670731346879973
Final norm value 9.670731346879972
Final error 2.1875120278972797e-08
Terminate reason Exceed the maximum number of iteration of ADMM
Number of iterations 100
Completed in 0:00:21.037716 HH:MM:SS.US
Computational time 21.037716150283813
Time for each iteration [0.8994810581207275, 0.5682179927825928, 1.3308930397033691, 0.9563770294189453, 1.6538169384002686, 1.259587049484253, 1.9358830451965332, 1.5506229400634766, 2.23940110206604, 1.8525500297546387, 2.5716190338134766, 2.1548337936401367, 2.8711302280426025, 2.444945812225342, 3.1412301063537598, 2.693881034851074, 3.358592987060547, 2.9105520248413086, 3.5863380432128906, 3.139024019241333, 3.8135039806365967, 3.3776049613952637, 4.049735069274902, 3.6154708862304688, 4.294886112213135, 3.8642287254333496, 4.512442111968994, 4.070811748504639, 4.729105234146118, 4.273435831069946, 4.931740045547485, 4.459555149078369, 5.1275107860565186, 4.64567232131958, 5.323132753372192, 4.841071128845215, 5.519047737121582, 5.024455308914185, 5.693702697753906, 5.1896843910217285, 5.8543806076049805, 5.362243413925171, 6.018946647644043, 5.525919198989868, 6.182312965393066, 5.690299987792969, 6.344969987869263, 5.853704214096069, 6.509742736816406, 6.017354249954224, 6.673775672912598, 6.180229187011719, 6.8358588218688965, 6.343030214309692, 7.000250816345215, 6.504361152648926, 7.162685871124268, 6.676925182342529, 7.327418804168701, 6.850751161575317, 7.511101007461548, 7.033344030380249, 7.6923627853393555, 7.2058093547821045, 7.85597562789917, 7.367551565170288, 8.017529487609863, 7.531488418579102, 8.180772542953491, 7.6944355964660645, 8.365445613861084, 7.878557443618774, 8.550036668777466, 8.063233375549316, 8.732709646224976, 8.254754543304443, 8.917433500289917, 8.43902850151062, 9.103519678115845, 8.624588251113892, 9.267055749893188, 8.78882622718811, 9.4303138256073, 8.950973272323608, 9.593527555465698, 9.11477541923523, 9.756970643997192, 9.279049396514893, 9.92030143737793, 9.44253659248352, 10.084647417068481, 9.605464458465576, 10.247272491455078, 9.768597602844238, 10.419982433319092, 9.930774688720703, 10.584178447723389, 10.10478138923645, 10.747792720794678, 10.289923429489136]
