Final evolution
[[-7.07112996e-01-7.07100563e-01j -3.66011225e-05-2.12341721e-05j
   8.28232633e-06+3.01479388e-05j  6.49102906e-06-3.95798290e-05j]
 [ 2.12282232e-05+3.65988215e-05j -7.07116045e-01-7.07097502e-01j
  -8.57711364e-05-5.05511837e-05j  1.67029203e-05+9.96770614e-05j]
 [ 3.95872378e-05-6.48903270e-06j -9.96840356e-05-1.67114158e-05j
   1.01405881e-04+4.21346950e-05j -7.07088896e-01-7.07124649e-01j]
 [-3.01448847e-05-8.28501562e-06j  5.05418577e-05+8.57644177e-05j
  -7.07109162e-01-7.07104384e-01j -4.21320372e-05-1.01418004e-04j]]

********* Summary *****************
Final fidelity error 9.253147026377917e-09
Final objective value 0.00017504460343657663
Final penalized TV regularizer 0.00017503533037536883
Final norm value 17.503533037536883
Final error 5.796757172812521e-09
Terminate reason Exceed the maximum number of iteration of ADMM
Number of iterations 100
Completed in 0:00:46.928291 HH:MM:SS.US
Computational time 46.9282910823822
Time for each iteration [5.322293996810913, 3.9147331714630127, 7.515844106674194, 4.775658130645752, 7.99078893661499, 5.17132830619812, 8.38679575920105, 5.5667853355407715, 8.780695915222168, 5.966553211212158, 9.17913293838501, 6.366438150405884, 9.579469919204712, 6.765696287155151, 9.978805780410767, 7.164782285690308, 10.378377914428711, 7.562060117721558, 10.771234035491943, 7.955688953399658, 11.172779083251953, 8.357298135757446, 11.573150157928467, 8.758615016937256, 11.975049018859863, 9.159731149673462, 12.376539945602417, 9.561575174331665, 12.778395891189575, 9.96338415145874, 13.179295063018799, 10.3649320602417, 13.582036018371582, 10.768907070159912, 13.976527214050293, 11.162830114364624, 14.37076210975647, 11.570390939712524, 14.765811204910278, 11.966041803359985, 15.161136150360107, 12.362323999404907, 15.475220203399658, 12.757416009902954, 15.788023948669434, 13.15223217010498, 16.100347995758057, 13.547175168991089, 16.412545919418335, 13.942066192626953, 16.725109100341797, 14.254384994506836, 17.036718130111694, 14.567667007446289, 17.355079174041748, 14.885406970977783, 17.761635065078735, 15.203512191772461, 18.07835102081299, 15.525042057037354, 18.412161111831665, 15.844779968261719, 18.837493181228638, 16.15843176841736, 19.23146939277649, 16.46989393234253, 19.54352617263794, 16.78109073638916, 19.869109392166138, 17.101196765899658, 20.189090490341187, 17.52504563331604, 20.513204336166382, 17.842078924179077, 20.83026123046875, 18.15933895111084, 21.146209239959717, 18.55386781692505, 21.458040237426758, 18.865435123443604, 21.772301197052002, 19.183912992477417, 22.090583086013794, 19.585764169692993, 22.409693956375122, 19.98738718032837, 22.72206997871399, 20.299471139907837, 23.033514976501465, 20.693132162094116, 23.34572696685791, 21.005208253860474, 23.657495975494385, 21.31748628616333, 23.969727754592896, 21.712167501449585, 24.281112670898438, 22.023946523666382, 24.59266471862793, 22.335626363754272]
