Final evolution
[[ 0.19904242-0.72863984j -0.39598376+0.02255695j -0.43197162-0.11302994j
   0.19605889+0.18531005j]
 [-0.2896907 -0.37978656j -0.30549952-0.46662315j  0.57896723-0.09989961j
  -0.20976389-0.26756395j]
 [-0.1880858 -0.29849113j  0.53619776-0.11527183j -0.30260582-0.10798403j
  -0.67419877+0.13021646j]
 [-0.18987745+0.20194282j  0.03850173-0.4788976j  -0.52579336-0.2752313j
   0.25482327-0.52458987j]]

********* Summary *****************
Final fidelity error 0.5320821240074147
Final objective value 0.5330821133364766
Final penalized TV regularizer 0.001
Final norm value 1.0
Final error 0.0
Terminate reason Exceed the maximum number of iteration of ADMM
Number of iterations 100
Completed in 0:00:02.288999 HH:MM:SS.US
Computational time 2.28899884223938
Time for each iteration [0.051564693450927734, 0.03927016258239746, 0.0859835147857666, 0.07560610771179199, 0.11789464950561523, 0.10740113258361816, 0.1502077579498291, 0.13704586029052734, 0.17979884147644043, 0.1644148826599121, 0.20735383033752441, 0.19199776649475098, 0.23485493659973145, 0.21993279457092285, 0.2624189853668213, 0.2474067211151123, 0.2899341583251953, 0.2747995853424072, 0.31083130836486816, 0.3000485897064209, 0.33617424964904785, 0.32540059089660645, 0.3614792823791504, 0.35077452659606934, 0.38674426078796387, 0.37612247467041016, 0.4124162197113037, 0.40204954147338867, 0.4356400966644287, 0.4229414463043213, 0.4569432735443115, 0.44420933723449707, 0.47820043563842773, 0.465456485748291, 0.49947428703308105, 0.4867064952850342, 0.5206813812255859, 0.5078423023223877, 0.5416245460510254, 0.528954267501831, 0.5624594688415527, 0.5498263835906982, 0.5833144187927246, 0.570669412612915, 0.6041455268859863, 0.5915203094482422, 0.6250715255737305, 0.6124382019042969, 0.6459395885467529, 0.6333882808685303, 0.666797399520874, 0.6542112827301025, 0.6899213790893555, 0.6773614883422852, 0.7129220962524414, 0.7003757953643799, 0.7358989715576172, 0.7233798503875732, 0.7592248916625977, 0.7463338375091553, 0.7822537422180176, 0.7694189548492432, 0.8053617477416992, 0.7924680709838867, 0.8286488056182861, 0.8155200481414795, 0.851740837097168, 0.8342337608337402, 0.8703880310058594, 0.8528957366943359, 0.8891921043395996, 0.871626615524292, 0.907987117767334, 0.8926267623901367, 0.9266471862792969, 0.9113194942474365, 0.9452803134918213, 0.9300124645233154, 0.9639992713928223, 0.9487423896789551, 0.9828505516052246, 0.9674332141876221, 1.0016095638275146, 0.9862141609191895, 1.020317554473877, 1.0048773288726807, 1.0390124320983887, 1.023531436920166, 1.0576741695404053, 1.042189598083496, 1.0764591693878174, 1.06095552444458, 1.0953733921051025, 1.079895257949829, 1.114328384399414, 1.098860263824463, 1.133324384689331, 1.1177904605865479, 1.1522653102874756, 1.1367335319519043]
