Final evolution
[[ 0.45976551-0.49475199j  0.15770069-0.33230313j  0.51639601-0.23918639j
  -0.04703237+0.28714849j]
 [-0.46650135+0.34755052j  0.61657226-0.21511624j  0.17771707-0.38835143j
  -0.21534674+0.07983969j]
 [-0.13509045+0.14426091j -0.15017601-0.42103376j  0.47724652+0.16680996j
   0.38827695-0.5956243j ]
 [ 0.01932592+0.40741519j -0.25049098+0.41916678j  0.41366567-0.25887401j
   0.43848472+0.40594206j]]

********* Summary *****************
Final fidelity error 0.3888954738147876
Final objective value 0.39020552825982413
Final norm value 0.0013000307944632992
Final error 4.875589311602826e-11
Terminate reason Exceed the maximum number of iteration of ADMM
Number of iterations 200
Completed in 0:01:25.429814 HH:MM:SS.US
Computational time 85.4298141002655
Time for each iteration [1.457563877105713, 1.0210769176483154, 2.3778090476989746, 1.9481849670410156, 3.2073020935058594, 2.7405037879943848, 4.045007228851318, 3.519141674041748, 4.817223310470581, 4.312932729721069, 5.5168702602386475, 5.0255255699157715, 6.1768293380737305, 5.676302671432495, 6.822766304016113, 6.294799566268921, 7.441091299057007, 6.880443572998047, 8.032392501831055, 7.506579399108887, 8.658940553665161, 8.094282388687134, 9.275962591171265, 8.684603452682495, 9.808330535888672, 9.18896746635437, 10.308277368545532, 9.663321495056152, 10.810314655303955, 10.16530728340149, 11.283085584640503, 10.670727491378784, 11.755877494812012, 11.154994487762451, 12.237003564834595, 11.629448413848877, 12.709108591079712, 12.100649356842041, 13.182514667510986, 12.572338104248047, 13.68548583984375, 13.016619205474854, 14.196489810943604, 13.50003433227539, 14.585640668869019, 13.887181282043457, 15.032285690307617, 14.338526248931885, 15.482581615447998, 14.752807378768921, 15.901628732681274, 15.178620338439941, 16.317993640899658, 15.593992233276367, 16.734413862228394, 16.008669137954712, 17.11936378479004, 16.394323348999023, 17.504640579223633, 16.780962467193604, 17.89111042022705, 17.168588638305664, 18.27725839614868, 17.554163455963135, 18.663320541381836, 17.940341472625732, 19.050488710403442, 18.326143264770508, 19.437050580978394, 18.713733434677124, 19.82494568824768, 19.12985920906067, 20.24109959602356, 19.54675841331482, 20.668217658996582, 19.942049264907837, 21.095383882522583, 20.340929985046387, 21.489670991897583, 20.739945888519287, 21.891103982925415, 21.134838104248047, 22.282322883605957, 21.52740716934204, 22.68502974510193, 21.921866178512573, 23.08776879310608, 22.320297241210938, 23.527175664901733, 22.758289337158203, 23.91881561279297, 23.160073280334473, 24.310956716537476, 23.55140447616577, 24.703702688217163, 23.945179224014282, 25.09398889541626, 24.334824085235596, 25.481756687164307, 24.72257113456726, 25.898515939712524, 25.140296936035156, 26.316213130950928, 25.55630874633789, 26.674806356430054, 25.944693565368652, 27.061665534973145, 26.33261752128601, 27.47914958000183, 26.692481517791748, 27.809710264205933, 27.051613807678223, 28.139957189559937, 27.381915807724, 28.498212099075317, 27.711622953414917, 28.85707116127014, 28.049194812774658, 29.224879026412964, 28.3853919506073, 29.592241048812866, 28.716468811035156, 29.951816082000732, 29.046923875808716, 30.3217191696167, 29.383497953414917, 30.68455195426941, 29.728327989578247, 31.05698800086975, 30.075681924819946, 31.42086100578308, 30.408262014389038, 31.793053150177002, 30.7501118183136, 32.16755414009094, 31.092007875442505, 32.539287090301514, 31.425410747528076, 32.902345180511475, 31.756943941116333, 33.280466079711914, 32.09636187553406, 33.645477056503296, 32.42692279815674, 34.0115921497345, 32.76015782356262, 34.38193106651306, 33.103121757507324, 34.75220203399658, 33.44008183479309, 35.127254009246826, 33.78849792480469, 35.57476091384888, 34.15469312667847, 35.93679690361023, 34.48716425895691, 36.29791760444641, 34.81793832778931, 36.66571760177612, 35.15413022041321, 37.047677755355835, 35.48652720451355, 37.425840616226196, 35.835413217544556, 37.79491972923279, 36.1924102306366, 38.17238092422485, 36.53394818305969, 38.53807878494263, 36.8745801448822, 38.904255867004395, 37.20778822898865, 39.26572370529175, 37.538209199905396, 39.62726378440857, 37.869431257247925, 39.95744180679321, 38.20032715797424, 40.28784394264221, 38.532522201538086, 40.61748695373535, 38.86285710334778, 40.948375940322876, 39.19323921203613, 41.2790949344635, 39.523521184921265, 41.609421730041504, 39.854371070861816, 41.939021825790405, 40.184463024139404, 42.26977181434631, 40.514888048172, 42.600791931152344, 40.845794916152954, 42.93034625053406, 41.17724561691284, 43.261409282684326, 41.50815558433533, 43.59165716171265, 41.838156938552856]
Final evolution
[[ 0.45976551-0.49475199j  0.15770069-0.33230313j  0.51639601-0.23918639j
  -0.04703237+0.28714849j]
 [-0.46650135+0.34755052j  0.61657226-0.21511624j  0.17771707-0.38835143j
  -0.21534674+0.07983969j]
 [-0.13509045+0.14426091j -0.15017601-0.42103376j  0.47724652+0.16680996j
   0.38827695-0.5956243j ]
 [ 0.01932592+0.40741519j -0.25049098+0.41916678j  0.41366567-0.25887401j
   0.43848472+0.40594206j]]

********* Summary *****************
Final fidelity error 0.3888954738147876
Final objective value 0.39020552825982413
Final norm value 0.0013000307944632992
Final error 4.875589311602826e-11
Terminate reason Exceed the maximum number of iteration of ADMM
Number of iterations 200
Completed in 0:01:23.652712 HH:MM:SS.US
Computational time 83.65271186828613
Time for each iteration [1.3832221031188965, 0.9987378120422363, 2.288710355758667, 1.9040656089782715, 3.1083996295928955, 2.668198347091675, 3.923787832260132, 3.4318034648895264, 4.6825785636901855, 4.191623687744141, 5.355538368225098, 4.892031908035278, 6.001445293426514, 5.534288644790649, 6.648458480834961, 6.146684646606445, 7.2645604610443115, 6.731263637542725, 7.851479530334473, 7.347566604614258, 8.46658730506897, 7.9354658126831055, 9.08417534828186, 8.52254581451416, 9.613168239593506, 9.018380641937256, 10.110655307769775, 9.48786473274231, 10.60714340209961, 9.984139680862427, 11.078036308288574, 10.481158971786499, 11.545765161514282, 10.948897123336792, 12.01429796218872, 11.416048049926758, 12.482049226760864, 11.884998083114624, 12.950571060180664, 12.356204986572266, 13.446228981018066, 12.797266244888306, 13.94425082206726, 13.267961263656616, 14.32768988609314, 13.649109125137329, 14.769638061523438, 14.091345071792603, 15.211015939712524, 14.503634214401245, 15.621249675750732, 14.915700435638428, 16.032683610916138, 15.328734397888184, 16.44359278678894, 15.739506483078003, 16.82842254638672, 16.12187671661377, 17.215720176696777, 16.50559401512146, 17.59686517715454, 16.889307022094727, 17.982906103134155, 17.272284030914307, 18.365034103393555, 17.656319856643677, 18.75060725212097, 18.039108753204346, 19.13821053504944, 18.423389434814453, 19.521889686584473, 18.83863639831543, 19.9337956905365, 19.251989364624023, 20.344733715057373, 19.635372400283813, 20.75729751586914, 20.0195255279541, 21.142234563827515, 20.40370273590088, 21.524914264678955, 20.788148880004883, 21.908414125442505, 21.17104196548462, 22.29171109199524, 21.554234981536865, 22.67442011833191, 21.93887710571289, 23.086208820343018, 22.35149335861206, 23.47026562690735, 22.736737489700317, 23.85489273071289, 23.11924123764038, 24.239168882369995, 23.50415539741516, 24.624180793762207, 23.88804531097412, 25.00610661506653, 24.273929595947266, 25.419251441955566, 24.69412064552307, 25.843449354171753, 25.10891056060791, 26.201019525527954, 25.49353265762329, 26.586077451705933, 25.877529621124268, 27.000621557235718, 26.234686613082886, 27.325745582580566, 26.59099555015564, 27.651517629623413, 26.916839599609375, 28.00771450996399, 27.24366068840027, 28.36427330970764, 27.571022748947144, 28.719236135482788, 27.89877700805664, 29.076077222824097, 28.225266695022583, 29.43235731124878, 28.55306577682495, 29.78825831413269, 28.87969660758972, 30.145552396774292, 29.20521068572998, 30.501611471176147, 29.530773639678955, 30.857043266296387, 29.85698676109314, 31.212611198425293, 30.183701992034912, 31.56905508041382, 30.512081146240234, 31.925575971603394, 30.840304136276245, 32.282037019729614, 31.16764211654663, 32.63763499259949, 31.495442152023315, 32.994306802749634, 31.82199215888977, 33.350374937057495, 32.15113115310669, 33.71198081970215, 32.479501247406006, 34.06857895851135, 32.80891299247742, 34.425546169281006, 33.13817882537842, 34.78334712982178, 33.466460943222046, 35.14128923416138, 33.79601788520813, 35.49829816818237, 34.124101877212524, 35.85543417930603, 34.45192885398865, 36.212878465652466, 34.7797064781189, 36.56990361213684, 35.106401681900024, 36.92652630805969, 35.433594703674316, 37.29858136177063, 35.761446714401245, 37.65377640724182, 36.08903670310974, 38.01131749153137, 36.41652965545654, 38.36813759803772, 36.74419450759888, 38.725443601608276, 37.072365522384644, 39.05323767662048, 37.39871644973755, 39.379424810409546, 37.7262282371521, 39.70670175552368, 38.0529682636261, 40.03391885757446, 38.379356384277344, 40.36107587814331, 38.70589017868042, 40.68849492073059, 39.032997131347656, 41.016030073165894, 39.35991311073303, 41.342982053756714, 39.6868360042572, 41.67266511917114, 40.014970779418945, 42.00056743621826, 40.34290957450867, 42.32768654823303, 40.67074966430664, 42.65498352050781, 40.99772834777832]
