Final evolution
[[ 6.54840291e-01+0.71658296j -3.82393292e-02+0.01179645j
  -1.91712496e-01+0.09378872j  8.46928435e-02+0.05804109j]
 [-4.26235513e-03+0.0206734j   7.21678770e-01+0.6773538j
  -2.82259820e-02-0.08985343j  9.64445428e-02+0.04188242j]
 [-4.48415677e-02-0.05788441j -3.25953017e-02-0.10005698j
   1.50227234e-01+0.00240255j  7.09495772e-01+0.67646621j]
 [-1.06111157e-01+0.20156028j  8.06392727e-02+0.03454911j
   6.72456227e-01+0.6861547j  -5.83215227e-04-0.13195281j]]

********* Summary *****************
Final fidelity error 0.02507138786071661
Final objective value 2.7857710148751025
Final penalized TV regularizer 2.760699621765239
Final norm value 27.60699621765239
Final error 2.0732685486809266
Terminate reason Exceed the maximum number of iteration of ADMM
Number of iterations 100
Completed in 0:11:53.147634 HH:MM:SS.US
Computational time 713.1476340293884
Time for each iteration [7.9706408977508545, 6.423079967498779, 16.84032392501831, 14.016232967376709, 23.377543926239014, 20.83588695526123, 28.57834482192993, 27.078274250030518, 34.14171481132507, 32.13179421424866, 39.72693753242493, 37.85141134262085, 45.43717050552368, 47.045034408569336, 54.22900342941284, 57.763917446136475, 61.22966170310974, 64.01994943618774, 68.2785394191742, 73.78722858428955, 76.59896755218506, 80.79609942436218, 86.22847843170166, 87.33605456352234, 92.83861827850342, 93.39600157737732, 98.76767325401306, 103.5303738117218, 104.17351412773132, 116.66834878921509, 108.9777512550354, 122.11001563072205, 115.72070240974426, 127.73149251937866, 121.26211023330688, 133.3653416633606, 127.37316226959229, 138.68687987327576, 133.18856000900269, 144.81495904922485, 141.71520400047302, 153.0625467300415, 147.53193020820618, 158.60458779335022, 152.33072304725647, 164.84570288658142, 160.5165319442749, 170.8342411518097, 168.61555171012878, 177.59808731079102, 175.67371773719788, 185.55043029785156, 184.0543406009674, 191.64299535751343, 193.39824652671814, 197.4702262878418, 199.71286368370056, 201.36547923088074, 204.49590468406677, 207.5048954486847, 211.72404646873474, 213.26405239105225, 216.29706048965454, 220.6661355495453, 224.35058426856995, 226.08376550674438, 234.26856136322021, 230.8345217704773, 241.357093334198, 236.85741662979126, 249.92608308792114, 243.0187909603119, 257.3574547767639, 249.17787408828735, 262.10337686538696, 260.0543749332428, 270.6359701156616, 267.12454080581665, 279.8143150806427, 274.4451947212219, 287.0990083217621, 282.7040355205536, 292.90764451026917, 291.2012505531311, 300.9114992618561, 299.3269157409668, 307.0705122947693, 305.62840962409973, 314.99583530426025, 316.44071865081787, 322.4737024307251, 320.84414649009705, 328.5896556377411, 332.8455092906952, 337.49726271629333, 340.221378326416, 352.2081594467163, 347.9440243244171, 359.9529194831848, 353.1947145462036]
