Final evolution
[[ 0.70158485+7.00027743e-01j -0.10650424+4.80125108e-02j
  -0.00182944-2.72400650e-02j  0.01967984+5.43952385e-02j]
 [-0.05220625+1.02487929e-01j  0.67019724+7.30734907e-01j
   0.05678889-1.08326759e-02j  0.00599922+1.59553885e-02j]
 [-0.05291054-2.73127959e-02j -0.01344928-1.18039858e-02j
   0.01967816-5.56639476e-02j  0.64888326+7.56041715e-01j]
 [ 0.03106021-5.85553757e-04j  0.00461232-5.35939562e-02j
   0.78264177+6.16359038e-01j  0.05672962-2.22818924e-02j]]

********* Summary *****************
Final fidelity error 0.00890666888694247
Final objective value 0.14746413974110106
Final penalized TV regularizer 0.13855746769464472
Final norm value 13.85574676946447
Final error 2.389170347211999e-06
Terminate reason Exceed the maximum number of iteration of ADMM
Number of iterations 100
Completed in 0:02:33.844685 HH:MM:SS.US
Computational time 153.84468507766724
Time for each iteration [4.8213629722595215, 12.98207402229309, 12.567904949188232, 17.442060947418213, 16.81062602996826, 20.58225393295288, 19.3890221118927, 22.832120895385742, 21.618279933929443, 24.911257028579712, 23.58042597770691, 26.70819878578186, 25.57347297668457, 28.577094793319702, 27.372912168502808, 30.1382257938385, 29.02790117263794, 31.755672693252563, 30.637186288833618, 33.273303747177124, 32.24733519554138, 34.64036679267883, 33.61095118522644, 35.82531666755676, 35.138612270355225, 37.15768265724182, 36.75081920623779, 38.645469665527344, 38.111064195632935, 40.06756067276001, 39.535370111465454, 41.337302923202515, 40.83474802970886, 42.515753984451294, 42.20158576965332, 43.72386813163757, 43.40640473365784, 44.93063020706177, 44.67981576919556, 46.16670227050781, 45.85424470901489, 47.36350727081299, 47.082849740982056, 48.6900851726532, 48.4122416973114, 49.954745292663574, 49.61657667160034, 51.126214265823364, 50.82048678398132, 52.36188793182373, 52.10523295402527, 53.56525206565857, 53.334327697753906, 54.853676319122314, 54.489256620407104, 55.93078637123108, 55.62489366531372, 57.06469106674194, 56.91498780250549, 58.16730809211731, 58.14052987098694, 59.31035614013672, 59.30931377410889, 60.45110630989075, 60.13482975959778, 61.59431219100952, 60.96021890640259, 62.76691222190857, 61.788620710372925, 63.868067264556885, 62.616339683532715, 65.0390112400055, 63.572603702545166, 66.13590335845947, 64.71421265602112, 67.09573936462402, 65.88792943954468, 68.11177253723145, 66.97095942497253, 69.25578951835632, 68.08559846878052, 70.24538445472717, 69.06981444358826, 71.1033205986023, 69.99170732498169, 72.02911567687988, 70.94519448280334, 72.9525694847107, 71.77411532402039, 73.78167963027954, 72.75995326042175, 74.57633471488953, 73.55755829811096, 75.40681767463684, 74.38691329956055, 76.21917963027954, 75.21291136741638, 77.01272463798523, 76.00614023208618, 77.83854484558105]
