Final evolution
[[-0.34530883-0.67397243j -0.0783064 +0.47647045j  0.31939957+0.01577343j
  -0.29378834+0.06921358j]
 [-0.34388862+0.06501722j -0.65929283-0.544644j    0.21427177-0.15921928j
  -0.17942924+0.2067637j ]
 [ 0.08842426+0.44314983j  0.04792007+0.15516782j  0.16704043-0.07690575j
  -0.78538836-0.34463619j]
 [ 0.03330933-0.31420728j -0.00687576-0.09549466j -0.45963224-0.76249141j
  -0.08324632-0.30234562j]]

********* Summary *****************
Final fidelity error 0.19106993385783788
Final objective value 0.25201025285964535
Final penalized TV regularizer 0.06094032690992005
Final norm value 6.094032690992005
Final error 3.552051133522738e-08
Terminate reason Exceed the maximum number of iteration of ADMM
Number of iterations 100
Completed in 0:00:21.754441 HH:MM:SS.US
Computational time 21.754440784454346
Time for each iteration [0.9268100261688232, 0.9230458736419678, 1.5830719470977783, 1.5019030570983887, 2.012148857116699, 1.8843269348144531, 2.308656930923462, 2.1866819858551025, 2.601733922958374, 2.553217887878418, 2.9282169342041016, 2.819575786590576, 3.1919350624084473, 3.072309732437134, 3.439298152923584, 3.3241305351257324, 3.6917173862457275, 3.5881664752960205, 3.9659135341644287, 3.829477310180664, 4.19278359413147, 4.038084268569946, 4.413606643676758, 4.247817039489746, 4.661125898361206, 4.468171834945679, 4.86900520324707, 4.664231777191162, 5.090176105499268, 4.879340887069702, 5.284966945648193, 5.0690741539001465, 5.471631765365601, 5.266485929489136, 5.692286014556885, 5.486239910125732, 5.913625955581665, 5.69621205329895, 6.123638868331909, 5.908312082290649, 6.333130836486816, 6.127165079116821, 6.552781820297241, 6.346495151519775, 6.773286581039429, 6.5672852993011475, 6.993078708648682, 6.784180164337158, 7.212595701217651, 7.00334620475769, 7.400774717330933, 7.21175217628479, 7.619809627532959, 7.4213502407073975, 7.817632675170898, 7.609161138534546, 8.006286859512329, 7.797446012496948, 8.172539949417114, 8.016433954238892, 8.379445791244507, 8.227206945419312, 8.569645881652832, 8.426675081253052, 8.7580246925354, 8.60422420501709, 8.914966821670532, 8.749174118041992, 9.059661865234375, 8.884446144104004, 9.183471918106079, 9.018730163574219, 9.328510761260986, 9.14317798614502, 9.463351011276245, 9.266968011856079, 9.587285041809082, 9.391649961471558, 9.711381912231445, 9.515367031097412, 9.83562183380127, 9.64034104347229, 9.959722757339478, 9.763958215713501, 10.083074808120728, 9.8888840675354, 10.217782735824585, 10.012732028961182, 10.340505838394165, 10.135509967803955, 10.474786043167114, 10.25895071029663, 10.598928213119507, 10.39413571357727, 10.72085428237915, 10.51818060874939, 10.855777263641357, 10.641712665557861, 10.978822231292725, 10.775618553161621]
