Final evolution
[[-0.41395985-0.64667979j -0.1396702 +0.4760995j   0.29974385-0.01009981j
  -0.27184829+0.02035012j]
 [-0.36400968+0.04235723j -0.60428333-0.60945464j  0.15215839-0.22052306j
  -0.11153111+0.21186727j]
 [ 0.12047114+0.4050819j  -0.03678225+0.0934077j   0.17719962-0.11275953j
  -0.79287354-0.37222918j]
 [ 0.03804443-0.30998919j  0.05267488-0.06614858j -0.5120649 -0.72934501j
  -0.02468433-0.31708852j]]

********* Summary *****************
Final fidelity error 0.17250518406732318
Final objective value 0.17262459879944672
Final penalized TV regularizer 0.00011942512120524296
Final norm value 11.942512120524295
Final error 1.1555579666323415e-32
Terminate reason Exceed the maximum number of iteration of ADMM
Number of iterations 100
Completed in 0:00:20.588427 HH:MM:SS.US
Computational time 20.5884268283844
Time for each iteration [0.8445367813110352, 0.5836598873138428, 1.2457449436187744, 0.9864468574523926, 1.5843281745910645, 1.307922601699829, 1.9074013233184814, 1.618694543838501, 2.2309961318969727, 1.9306666851043701, 2.5444352626800537, 2.1816813945770264, 2.7844414710998535, 2.4200522899627686, 3.0314435958862305, 2.6687331199645996, 3.2501606941223145, 2.889369249343872, 3.466219425201416, 3.104412317276001, 3.682168483734131, 3.3190255165100098, 3.899045467376709, 3.5339763164520264, 4.1070876121521, 3.7290713787078857, 4.301421403884888, 3.9250524044036865, 4.496789455413818, 4.119751453399658, 4.7048163414001465, 4.317413568496704, 4.891565322875977, 4.502910614013672, 5.075333118438721, 4.696953773498535, 5.259148120880127, 4.880146741867065, 5.445176124572754, 5.067007541656494, 5.631773233413696, 5.253475666046143, 5.814960241317749, 5.436386585235596, 5.98990535736084, 5.609471559524536, 6.163035154342651, 5.785434722900391, 6.3385841846466064, 5.972120523452759, 6.511484384536743, 6.144900560379028, 6.6850903034210205, 6.32101845741272, 6.860698461532593, 6.4973742961883545, 7.033623695373535, 6.669860124588013, 7.207340717315674, 6.845503330230713, 7.382681369781494, 7.021480321884155, 7.555241584777832, 7.196116209030151, 7.728478670120239, 7.370649099349976, 7.90390682220459, 7.546885967254639, 8.078993797302246, 7.7208168506622314, 8.253494024276733, 7.906822919845581, 8.427062034606934, 8.081113815307617, 8.599009990692139, 8.253208875656128, 8.774008989334106, 8.428201675415039, 8.94682002067566, 8.602608919143677, 9.121871948242188, 8.776726961135864, 9.266516923904419, 8.920509815216064, 9.410374879837036, 9.064433813095093, 9.552895069122314, 9.218320608139038, 9.695970296859741, 9.3707435131073, 9.837275266647339, 9.512621641159058, 9.989766120910645, 9.653440713882446, 10.130473136901855, 9.806233644485474, 10.351353168487549, 9.94949460029602, 10.49484634399414, 10.093580484390259]
