Final evolution
[[ 0.65609882+0.68246667j  0.17239087+0.03352177j  0.16409627-0.03231965j
  -0.10952202-0.18156001j]
 [ 0.00770538-0.0948899j   0.71516517+0.59674322j -0.19157528-0.11466j
   0.1910853 +0.19238306j]
 [ 0.22571409+0.04511123j -0.18958784-0.07562971j  0.18644453+0.17318525j
   0.80129084+0.44557046j]
 [ 0.05530798-0.19664503j  0.0982129 +0.22424274j  0.38087324+0.84401465j
  -0.17155429-0.10716878j]]

********* Summary *****************
Final fidelity error 0.0945062586784775
Final objective value 1.0471712513842117
Final penalized TV regularizer 0.9526650089972739
Final norm value 9.526650089972739
Final error 0.5632161549332594
Terminate reason Exceed the maximum number of iteration of ADMM
Number of iterations 100
Completed in 0:06:48.734677 HH:MM:SS.US
Computational time 408.7346770763397
Time for each iteration [4.949167013168335, 5.843986988067627, 9.741014003753662, 9.8888578414917, 15.42845606803894, 16.451857805252075, 19.49501609802246, 21.05733585357666, 22.946989059448242, 24.568907022476196, 26.774691104888916, 28.570464849472046, 32.44611430168152, 34.49108648300171, 36.35377240180969, 36.732428550720215, 40.46486830711365, 41.62293076515198, 43.64853310585022, 44.72987365722656, 46.86603617668152, 47.83877182006836, 50.59409427642822, 50.85475754737854, 54.24132442474365, 56.11853337287903, 56.94304156303406, 59.648842334747314, 60.65379476547241, 63.08379530906677, 64.34395170211792, 66.34907627105713, 68.50453066825867, 69.11360430717468, 72.67339253425598, 72.65384531021118, 76.41069269180298, 77.3876142501831, 80.82259583473206, 79.82080721855164, 83.72794771194458, 84.70903325080872, 88.67501878738403, 88.49816513061523, 92.96393585205078, 92.57307815551758, 99.87822580337524, 96.17631411552429, 103.71692776679993, 99.78917622566223, 108.01079654693604, 104.23908638954163, 111.33920955657959, 107.38029050827026, 116.1797924041748, 111.67216444015503, 120.21165347099304, 114.34087371826172, 123.58095026016235, 117.14661264419556, 127.85513949394226, 120.42394351959229, 131.81236863136292, 127.80806946754456, 134.50477766990662, 131.75368428230286, 139.11817574501038, 134.27978205680847, 144.46695470809937, 137.02812147140503, 149.04511141777039, 141.28120851516724, 153.00675439834595, 144.32872557640076, 155.96481347084045, 151.37467241287231, 161.01978254318237, 155.92956447601318, 164.94930148124695, 159.0517303943634, 172.1163125038147, 162.3420386314392, 175.99862432479858, 166.35667657852173, 181.1571924686432, 170.03204035758972, 184.01864957809448, 173.61215233802795, 186.51168060302734, 179.2145972251892, 190.0026297569275, 182.9875283241272, 196.60429549217224, 186.7386496067047, 200.87209630012512, 189.20797181129456, 207.8250072002411, 193.41913080215454, 210.53669118881226, 198.19798588752747]
