Final evolution
[[ 7.06973254e-01+7.07240186e-01j -1.98546257e-04+1.86299669e-04j
  -2.17807163e-04+3.11811212e-05j -5.07307952e-06+1.20026566e-04j]
 [-1.86217241e-04+1.98596301e-04j  7.07333524e-01+7.06879808e-01j
   1.41228507e-04-2.38609997e-04j  2.21554504e-04-1.53318770e-04j]
 [-1.19904655e-04+5.05954889e-06j  1.53204899e-04-2.21666536e-04j
   1.03657949e-04-2.73104526e-04j  7.07030834e-01+7.07182598e-01j]
 [-3.12001298e-05+2.17896750e-04j  2.38468476e-04-1.41376892e-04j
   7.07089196e-01+7.07124217e-01j  2.73070496e-04-1.03676998e-04j]]

********* Summary *****************
Final fidelity error 1.117766065261705e-07
Final objective value 1.910039281867811e-05
Final penalized TV regularizer 1.898858301692759e-05
Final norm value 18.988583016927592
Final error 2.1627721954525026e-14
Terminate reason Exceed the maximum number of iteration of ADMM
Number of iterations 100
Completed in 0:00:53.940428 HH:MM:SS.US
Computational time 53.940428018569946
Time for each iteration [7.985331296920776, 3.3906638622283936, 11.222245216369629, 6.251106023788452, 13.598364114761353, 8.58822774887085, 15.700122356414795, 10.570905923843384, 17.696025371551514, 12.14441466331482, 19.236493349075317, 13.618980884552002, 20.593148231506348, 14.942139863967896, 21.86717939376831, 15.96312665939331, 22.70136046409607, 16.82464861869812, 23.429673433303833, 17.557730674743652, 24.010014295578003, 18.03095293045044, 24.438067197799683, 18.394656896591187, 24.831942319869995, 18.538894653320312, 24.976179361343384, 18.680532693862915, 25.119824409484863, 18.824352741241455, 25.264450311660767, 18.96856379508972, 25.4079692363739, 19.111785650253296, 25.5515353679657, 19.254535675048828, 25.692639589309692, 19.395296335220337, 25.834572792053223, 19.539602279663086, 25.978484869003296, 19.68187427520752, 26.121043920516968, 19.82622218132019, 26.26496386528015, 19.968955278396606, 26.40731382369995, 20.10986018180847, 26.548447847366333, 20.253989219665527, 26.69248080253601, 20.396432399749756, 26.83352255821228, 20.538400650024414, 26.98740243911743, 20.680012464523315, 27.130525588989258, 20.823490381240845, 27.27388286590576, 20.96694326400757, 27.415321826934814, 21.10725212097168, 27.55608296394348, 21.24960708618164, 27.69926691055298, 21.392751216888428, 27.842559814453125, 21.53647232055664, 27.98577380180359, 21.679731130599976, 28.128975868225098, 21.82275629043579, 28.272037744522095, 21.965675354003906, 28.415828704833984, 22.109031438827515, 28.558932781219482, 22.252467393875122, 28.700799703598022, 22.3931622505188, 28.843181848526, 22.536086320877075, 28.98390769958496, 22.67779231071472, 29.12649965286255, 22.81881856918335, 29.26801562309265, 22.959054470062256, 29.409554481506348, 23.099933624267578, 29.550255298614502, 23.24249792098999, 29.694499254226685, 23.385629653930664, 29.837475299835205, 23.52875280380249, 29.981597185134888, 23.672258853912354, 30.124749183654785, 23.81567883491516]
