Final evolution
[[-0.72528338-6.81550580e-01j -0.01670245+4.95971948e-02j
  -0.06633633+1.18943678e-02j -0.01005635+4.55066783e-02j]
 [-0.05000854+1.34634667e-02j -0.59790957-7.87081747e-01j
  -0.09182219-4.35957840e-02j  0.07827502-6.21728780e-02j]
 [-0.05110537+7.21364070e-04j  0.07481341-5.69283106e-02j
   0.04475057-4.00893549e-02j -0.61945064-7.75384409e-01j]
 [ 0.00908581+6.38425856e-02j  0.05833924+8.95894685e-02j
  -0.83424855-5.34364764e-01j  0.02910455-4.52594667e-02j]]

********* Summary *****************
Final fidelity error 0.017957050870407554
Final objective value 2.203578776658329
Final penalized TV regularizer 2.185621731371056
Final norm value 21.85621731371056
Final error 1.0227264158647795
Terminate reason Exceed the maximum number of iteration of ADMM
Number of iterations 100
Completed in 0:22:38.116107 HH:MM:SS.US
Computational time 1358.1161069869995
Time for each iteration [6.727856159210205, 12.060266971588135, 19.582580089569092, 23.36958885192871, 37.07827830314636, 37.732393741607666, 53.692506313323975, 58.347482681274414, 67.4166305065155, 77.33053946495056, 81.9395534992218, 85.15407466888428, 94.44816255569458, 97.87396550178528, 106.36287069320679, 111.6244215965271, 117.04885149002075, 124.32518863677979, 127.8662736415863, 137.31928849220276, 144.91035771369934, 152.10956048965454, 156.10885953903198, 173.1995804309845, 168.43081760406494, 184.67893862724304, 182.46610355377197, 195.97986245155334, 198.40655374526978, 208.7434413433075, 208.5304627418518, 217.00322437286377, 219.82376670837402, 232.70770931243896, 231.6023998260498, 240.9871382713318, 241.75183868408203, 252.6348261833191, 258.2624099254608, 263.4237792491913, 281.49099588394165, 277.37628531455994, 305.78650879859924, 288.44385528564453, 313.075208902359, 312.0543360710144, 327.26799511909485, 325.56990694999695, 340.43854904174805, 338.08322191238403, 360.5400199890137, 351.18726229667664, 377.8849186897278, 361.2115852832794, 393.30278182029724, 373.85168743133545, 404.00823283195496, 381.84904503822327, 415.7178831100464, 396.178279876709, 426.58588123321533, 405.13850688934326, 443.39365816116333, 418.55529284477234, 454.0455732345581, 436.98782682418823, 466.5003492832184, 452.718505859375, 476.4811661243439, 468.46423506736755, 491.8450560569763, 478.48442220687866, 503.881334066391, 495.1209170818329, 518.6795949935913, 505.877934217453, 533.8049018383026, 527.4522352218628, 547.3102188110352, 539.4555044174194, 558.40052485466, 569.3500952720642, 569.0901548862457, 580.9268612861633, 582.4175148010254, 589.9584331512451, 594.8768920898438, 605.618931055069, 607.2246901988983, 618.13703083992, 621.2912471294403, 633.6217229366302, 634.2689220905304, 646.2738120555878, 648.8571031093597, 658.1542568206787, 665.4992842674255, 668.9934117794037, 674.2990753650665, 683.817031621933]
