Final evolution
[[ 7.07807219e-01+7.06394722e-01j -1.30159024e-05-6.50046657e-04j
   1.95058598e-03+1.56225649e-03j -1.49003377e-03-2.55891248e-03j]
 [ 6.47850157e-04+8.47168640e-06j  7.06932244e-01+7.07279246e-01j
  -1.88361985e-05+1.25701107e-03j -7.67352982e-04-5.30726699e-04j]
 [ 2.56201285e-03+1.48200792e-03j  5.29773803e-04+7.64570138e-04j
   4.41757344e-04+9.08887026e-04j  7.07989738e-01+7.06215183e-01j]
 [-1.56379279e-03-1.95215470e-03j -1.25796090e-03+1.70646241e-05j
   7.05682194e-01+7.08522261e-01j -9.04417077e-04-4.35895499e-04j]]

********* Summary *****************
Final fidelity error 5.558293647678347e-06
Final objective value 0.0012910599293999138
Final penalized TV regularizer 0.0012855017322156283
Final norm value 12.855017322156282
Final error 3.860522412805668e-09
Terminate reason Exceed the maximum number of iteration of ADMM
Number of iterations 100
Completed in 0:00:57.380050 HH:MM:SS.US
Computational time 57.38004994392395
Time for each iteration [4.432645797729492, 1.875608205795288, 5.8899006843566895, 3.0904042720794678, 7.13951563835144, 4.3013951778411865, 8.240052700042725, 5.395557165145874, 9.195201635360718, 6.164063215255737, 9.965818643569946, 6.826440095901489, 10.689574718475342, 7.552978038787842, 11.400563716888428, 8.234086990356445, 12.079429864883423, 8.940053939819336, 12.747331857681274, 9.580938816070557, 13.391865015029907, 10.177807807922363, 14.011960983276367, 10.751017808914185, 14.530047178268433, 11.307535648345947, 15.090105295181274, 11.81963849067688, 15.609532356262207, 12.336223602294922, 16.127634286880493, 12.827435493469238, 16.62200140953064, 13.340262413024902, 17.121236324310303, 13.838370323181152, 17.591697692871094, 14.309545040130615, 18.062938690185547, 14.758907318115234, 18.516645669937134, 15.213788032531738, 18.972059726715088, 15.66620397567749, 19.424689769744873, 16.122878074645996, 19.878270864486694, 16.57636594772339, 20.328760862350464, 17.03070306777954, 20.780696868896484, 17.461441040039062, 21.255266666412354, 17.873035192489624, 21.730668544769287, 18.287400484085083, 22.230960369110107, 18.65344738960266, 22.71259641647339, 19.02683448791504, 23.184876441955566, 19.435659408569336, 23.64353847503662, 19.807568311691284, 24.136937379837036, 20.17792057991028, 24.586523294448853, 20.545467376708984, 24.998064279556274, 20.981083631515503, 25.34770917892456, 21.329420804977417, 25.803274869918823, 21.67473793029785, 26.14934992790222, 22.019829988479614, 26.497593879699707, 22.36929988861084, 26.962774991989136, 22.759926795959473, 27.352830171585083, 23.152021646499634, 27.70422601699829, 23.499276876449585, 28.118834018707275, 23.846174716949463, 28.52914595603943, 24.193842887878418, 28.917335987091064, 24.540326833724976, 29.305936813354492, 24.8850679397583, 29.780904054641724, 25.230586767196655, 30.12656807899475, 25.58090567588806, 30.55546998977661, 25.967235803604126, 31.025588035583496, 26.354461908340454]
