Final evolution
[[ 0.29916699-7.40127477e-01j -0.50165177-1.13737126e-01j
  -0.17243224-1.76971345e-01j  0.09474668+1.67604095e-01j]
 [-0.37123842-9.72061494e-02j -0.28883144-3.76207376e-01j
   0.6736406 -2.08095881e-01j -0.14473758-3.31259561e-01j]
 [-0.21576874-3.83478895e-01j  0.57008268-2.41230148e-01j
  -0.25969788-2.57177513e-01j -0.53816192-1.82004866e-04j]
 [-0.03878975+1.42571292e-01j -0.0663897 -3.50513827e-01j
  -0.52758204-1.72993199e-01j  0.33823356-6.54392736e-01j]]

********* Summary *****************
Final fidelity error 0.5834124417926464
Final objective value 0.5839124304141547
Final penalized TV regularizer 0.001
Final norm value 1.0
Final error 0.0
Terminate reason Exceed the maximum number of iteration of ADMM
Number of iterations 200
Completed in 0:00:06.802546 HH:MM:SS.US
Computational time 6.802545785903931
Time for each iteration [0.12251496315002441, 0.05794501304626465, 0.1782989501953125, 0.11209297180175781, 0.23473286628723145, 0.16579604148864746, 0.2848317623138428, 0.22069907188415527, 0.34258174896240234, 0.27913522720336914, 0.39850878715515137, 0.3347339630126953, 0.4490940570831299, 0.37262487411499023, 0.48366713523864746, 0.40775585174560547, 0.5201759338378906, 0.44589781761169434, 0.5576140880584717, 0.48285961151123047, 0.5957872867584229, 0.5201356410980225, 0.6327052116394043, 0.5560097694396973, 0.669614315032959, 0.5955367088317871, 0.7091820240020752, 0.6340718269348145, 0.7441880702972412, 0.6719419956207275, 0.7821347713470459, 0.709658145904541, 0.8199527263641357, 0.7475411891937256, 0.8609716892242432, 0.7883031368255615, 0.9016568660736084, 0.827019214630127, 0.9402477741241455, 0.8647432327270508, 0.9777927398681641, 0.9028582572937012, 1.0155675411224365, 0.9405593872070312, 1.047013521194458, 0.9718983173370361, 1.0787346363067627, 1.0071492195129395, 1.1122097969055176, 1.0395112037658691, 1.1445438861846924, 1.0718040466308594, 1.1768929958343506, 1.1041679382324219, 1.209083080291748, 1.1362860202789307, 1.2407317161560059, 1.167757272720337, 1.2721545696258545, 1.1961464881896973, 1.3038876056671143, 1.2275404930114746, 1.3352575302124023, 1.2589383125305176, 1.3666396141052246, 1.290492296218872, 1.3985986709594727, 1.322059154510498, 1.4304676055908203, 1.355318307876587, 1.4626367092132568, 1.3866662979125977, 1.495239496231079, 1.420396327972412, 1.526897668838501, 1.4534873962402344, 1.5603296756744385, 1.4864652156829834, 1.594526767730713, 1.5219149589538574, 1.6276440620422363, 1.5537419319152832, 1.6595830917358398, 1.589106798171997, 1.6919841766357422, 1.6208348274230957, 1.7261271476745605, 1.6572988033294678, 1.761824131011963, 1.6905956268310547, 1.794431447982788, 1.7227025032043457, 1.8267815113067627, 1.7557082176208496, 1.858780860900879, 1.7890100479125977, 1.8916778564453125, 1.8209660053253174, 1.9262659549713135, 1.853153944015503, 1.9577929973602295, 1.8846039772033691, 1.9894959926605225, 1.9161250591278076, 2.0210797786712646, 1.9477553367614746, 2.053631544113159, 1.981269359588623, 2.086836576461792, 2.015632152557373, 2.118518829345703, 2.046999931335449, 2.150197982788086, 2.0783779621124268, 2.184785842895508, 2.1105599403381348, 2.216484785079956, 2.142073154449463, 2.2479569911956787, 2.1735458374023438, 2.279431104660034, 2.2049057483673096, 2.312195301055908, 2.2380785942077637, 2.3452932834625244, 2.2705864906311035, 2.3781285285949707, 2.3036913871765137, 2.41115140914917, 2.337529420852661, 2.4448845386505127, 2.3697283267974854, 2.4768683910369873, 2.4016785621643066, 2.5092732906341553, 2.4335386753082275, 2.5411672592163086, 2.465144634246826, 2.5733582973480225, 2.4979476928710938, 2.607673168182373, 2.5304198265075684, 2.6399340629577637, 2.5628108978271484, 2.6719729900360107, 2.5962138175964355, 2.7036850452423096, 2.627794027328491, 2.735700845718384, 2.6594161987304688, 2.7674357891082764, 2.691673994064331, 2.8001461029052734, 2.7241997718811035, 2.8325271606445312, 2.755610704421997, 2.8638200759887695, 2.7868499755859375, 2.892302989959717, 2.815208911895752, 2.9210197925567627, 2.845184087753296, 2.9500069618225098, 2.874176025390625, 2.979728937149048, 2.9040307998657227, 3.0086863040924072, 2.9328715801239014, 3.037187337875366, 2.9614734649658203, 3.065894365310669, 2.9906206130981445, 3.095567464828491, 3.020686388015747, 3.1220366954803467, 3.0466463565826416, 3.1478235721588135, 3.072446346282959, 3.173884391784668, 3.1015124320983887, 3.199608564376831, 3.127056360244751, 3.2248775959014893, 3.152653217315674, 3.2502267360687256, 3.1785662174224854, 3.275888681411743, 3.2042713165283203, 3.301325559616089, 3.2300374507904053, 3.3269803524017334, 3.2561914920806885, 3.354163408279419, 3.2847025394439697, 3.3817293643951416, 3.3128504753112793, 3.4094293117523193, 3.3406527042388916, 3.4365780353546143, 3.3659677505493164]
