Final evolution
[[ 0.70338613+0.67335191j  0.04020155-0.04131821j  0.08502198-0.02762473j
  -0.06876516-0.1892123j ]
 [ 0.0556305 -0.01952332j  0.67632998+0.71771309j -0.13679302-0.03437388j
   0.02689225+0.05807477j]
 [ 0.19693371+0.04189176j -0.05803188-0.01995525j  0.07484074+0.0769272j
   0.74376693+0.62529042j]
 [ 0.01923824-0.08637902j  0.02064138+0.14124568j  0.63550979+0.74613847j
  -0.09200153-0.0522738j ]]

********* Summary *****************
Final fidelity error 0.023929628867006447
Final objective value 0.08648393162555802
Final penalized TV regularizer 0.06255430909928995
Final norm value 6.255430909928995
Final error 1.038459147905826e-06
Terminate reason Exceed the maximum number of iteration of ADMM
Number of iterations 100
Completed in 0:02:09.816053 HH:MM:SS.US
Computational time 129.81605291366577
Time for each iteration [4.265424013137817, 2.8262710571289062, 11.146984815597534, 6.572105407714844, 14.167730808258057, 9.787721395492554, 16.703685760498047, 12.259711265563965, 19.19596767425537, 14.644289255142212, 21.389734745025635, 16.84643316268921, 23.229240894317627, 18.255112171173096, 24.585336923599243, 19.786121129989624, 26.005375862121582, 21.3688702583313, 27.36391592025757, 22.94937515258789, 28.504334926605225, 24.4847309589386, 29.916096210479736, 25.95696187019348, 31.255964040756226, 27.770931005477905, 32.872791051864624, 29.632731914520264, 34.36568808555603, 31.473001956939697, 35.837443113327026, 33.14419388771057, 37.493529319763184, 34.9438738822937, 39.01583695411682, 36.51978802680969, 40.57500386238098, 38.132527112960815, 42.08154892921448, 39.622276067733765, 43.468008041381836, 40.8476140499115, 44.69938015937805, 42.05484390258789, 45.92834806442261, 43.25178503990173, 47.18079710006714, 44.500596046447754, 48.566792011260986, 45.728768825531006, 50.09742021560669, 47.04410266876221, 51.719322204589844, 48.21538972854614, 52.8892023563385, 49.17973971366882, 54.188711404800415, 49.89395356178284, 55.15143847465515, 50.794113636016846, 56.092329263687134, 51.73559355735779, 57.00989031791687, 52.67774271965027, 57.99191427230835, 53.64010572433472, 58.87198543548584, 54.42055153846741, 59.67251539230347, 55.154160499572754, 60.4082305431366, 55.80533838272095, 61.034061431884766, 56.4114944934845, 61.57827067375183, 56.894272327423096, 62.060983657836914, 57.37609529495239, 62.53557777404785, 57.81235122680664, 62.93116283416748, 58.268028259277344, 63.4283447265625, 58.804784297943115, 63.945377588272095, 59.30149555206299, 64.48232126235962, 59.79881691932678, 64.98255109786987, 60.308133125305176, 65.49091410636902, 60.77450680732727, 65.95764017105103, 61.22017788887024, 66.42464923858643, 61.66623783111572, 66.87019538879395, 62.10513973236084, 67.26954936981201, 62.54650354385376]
