Final evolution
[[-7.07146573e-01-7.07066661e-01j -4.18246120e-04-1.32545452e-04j
   8.87309278e-05+3.59192146e-04j  9.34805569e-05-3.51915366e-04j]
 [ 1.31984929e-04+4.18143320e-04j -7.07147583e-01-7.07064816e-01j
  -7.46303679e-04-4.13878691e-04j  1.68761791e-04+8.32479161e-04j]
 [ 3.52635947e-04-9.32422790e-05j -8.33081858e-04-1.69624019e-04j
   1.04168723e-03+4.36913808e-04j -7.06936031e-01-7.07275983e-01j]
 [-3.58810041e-04-8.89864737e-05j  4.13059660e-04+7.45732271e-04j
  -7.07194655e-01-7.07017382e-01j -4.36774546e-04-1.04258944e-03j]]

********* Summary *****************
Final fidelity error 8.071418153843268e-07
Final objective value 0.001510755211505051
Final penalized TV regularizer 0.0015099478853763243
Final norm value 15.099478853763243
Final error 5.690121511891005e-08
Terminate reason Exceed the maximum number of iteration of ADMM
Number of iterations 100
Completed in 0:02:30.246246 HH:MM:SS.US
Computational time 150.24624609947205
Time for each iteration [4.323166131973267, 3.930553913116455, 7.503948211669922, 6.494958877563477, 9.386982202529907, 8.017751932144165, 11.092775106430054, 9.54463005065918, 13.018412828445435, 11.4308443069458, 14.830095529556274, 13.206108331680298, 16.771219730377197, 14.645790338516235, 18.705520629882812, 16.08320641517639, 20.435336589813232, 17.553572416305542, 21.866403579711914, 19.074658393859863, 23.45870065689087, 20.694384336471558, 25.20850968360901, 22.147869348526, 26.82972478866577, 23.556101083755493, 28.438801765441895, 25.044881105422974, 30.188159942626953, 26.856281042099, 31.681245803833008, 28.737483263015747, 33.22382473945618, 30.489258289337158, 34.80907082557678, 31.9915292263031, 36.51989674568176, 33.843409299850464, 38.020407915115356, 35.72453212738037, 39.55679392814636, 37.493762254714966, 41.26388072967529, 39.044310331344604, 42.69014358520508, 40.465415477752686, 44.10073757171631, 41.87535762786865, 45.49085330963135, 43.18756866455078, 46.92028737068176, 44.37038969993591, 48.06219029426575, 45.88240075111389, 49.29237723350525, 47.11318898200989, 50.68939399719238, 48.344011068344116, 52.082972049713135, 49.73056888580322, 53.48480415344238, 51.22246170043945, 54.86947512626648, 52.36040282249451, 56.27024030685425, 53.560858726501465, 57.55287742614746, 54.880067586898804, 58.74745059013367, 56.16148829460144, 59.90349364280701, 57.40476441383362, 61.18698763847351, 58.64804744720459, 62.38648962974548, 59.6806755065918, 63.66941046714783, 60.5038685798645, 64.95275449752808, 61.771541595458984, 66.21760535240173, 62.74821162223816, 67.4002583026886, 64.09477877616882, 68.56190228462219, 65.30045676231384, 69.72413730621338, 66.49103784561157, 70.87750816345215, 67.65006399154663, 72.1169331073761, 68.88313388824463, 73.267165184021, 70.0760018825531, 74.45840120315552, 71.10278987884521, 75.60911417007446, 72.42066192626953, 76.7549741268158, 73.49127197265625]
