Final evolution
[[ 7.12264250e-01+7.01271764e-01j  2.07675872e-05-5.14876140e-03j
   1.34308876e-02+1.15672192e-02j -9.71293321e-03-2.15060777e-02j]
 [ 5.10877038e-03-1.86039702e-04j  7.04958595e-01+7.09144623e-01j
  -3.95368888e-03+8.85943838e-03j -5.00479833e-03-1.40691714e-03j]
 [ 2.16360383e-02+9.20962240e-03j  1.32488539e-03+4.89431507e-03j
   4.26500618e-03+6.93488791e-03j  7.14094890e-01+6.99588136e-01j]
 [-1.16714104e-02-1.35003949e-02j -8.95849348e-03+3.84817487e-03j
   6.96198343e-01+7.17518832e-01j -6.74550545e-03-3.94286349e-03j]]

********* Summary *****************
Final fidelity error 0.00032081739684697297
Final objective value 0.011377255294970481
Final penalized TV regularizer 0.011056438934250248
Final norm value 11.056438934250249
Final error 1.4794037926488701e-07
Terminate reason Exceed the maximum number of iteration of ADMM
Number of iterations 100
Completed in 0:01:10.219992 HH:MM:SS.US
Computational time 70.21999192237854
Time for each iteration [4.016047954559326, 1.8882579803466797, 5.776814937591553, 3.1388111114501953, 7.0154478549957275, 4.325484991073608, 8.172861099243164, 5.473174810409546, 9.270334243774414, 6.510315895080566, 10.267866134643555, 7.589528799057007, 11.325141191482544, 8.725199699401855, 12.178238153457642, 9.545456647872925, 12.933242321014404, 10.490392684936523, 13.655415296554565, 11.31664252281189, 14.489439487457275, 12.102087497711182, 15.214340686798096, 12.820846319198608, 15.894724607467651, 13.501964330673218, 16.53450584411621, 14.146990060806274, 17.14937996864319, 14.781551122665405, 17.846977949142456, 15.41984510421753, 18.52848768234253, 16.124876260757446, 19.187276601791382, 16.78100323677063, 19.83309268951416, 17.416919231414795, 20.470402717590332, 18.057868242263794, 21.15184259414673, 18.73378324508667, 21.833005666732788, 19.369587421417236, 22.487586736679077, 20.004420280456543, 23.150017738342285, 20.621016263961792, 23.70183777809143, 21.173405170440674, 24.2594096660614, 21.72892928123474, 24.896073818206787, 22.303717136383057, 25.5120108127594, 22.898064136505127, 26.13209891319275, 23.429877996444702, 26.68818998336792, 23.963021993637085, 27.20207715034485, 24.494374752044678, 27.730759143829346, 25.023082733154297, 28.28546714782715, 25.534971952438354, 28.821040153503418, 26.003093719482422, 29.372864246368408, 26.492297887802124, 29.85908603668213, 26.960131883621216, 30.306138038635254, 27.473510026931763, 30.6687068939209, 27.92400622367859, 31.157259702682495, 28.35188341140747, 31.614412546157837, 28.842198371887207, 32.04330563545227, 29.31328320503235, 32.51692175865173, 29.846293210983276, 33.00478172302246, 30.35679006576538, 33.4950647354126, 30.872319221496582, 33.98390173912048, 31.40530014038086, 34.47788381576538, 31.936007976531982, 34.979296922683716, 32.489025831222534, 35.412010192871094, 33.029621839523315, 35.84360408782959, 33.571779012680054, 36.318657875061035, 33.901334047317505]
