Final evolution
[[ 0.19904152-0.72863934j -0.39598292+0.02255917j -0.43197366-0.11302934j
   0.19605999+0.18530893j]
 [-0.28969024-0.37978905j -0.30549939-0.46662354j  0.57896528-0.09989905j
  -0.20976548-0.26756358j]
 [-0.18808402-0.29849043j  0.5361983 -0.11527035j -0.30260594-0.10798348j
  -0.67419893+0.1302191j ]
 [-0.18987903+0.20194266j  0.03850398-0.47889747j -0.52579303-0.27523338j
   0.25482234-0.524589j  ]]

********* Summary *****************
Final fidelity error 0.5320821367359405
Final objective value 0.5420821773034001
Final penalized TV regularizer 0.010000051238385233
Final norm value 1.0000051238385232
Final error 8.951632986557993e-12
Terminate reason Exceed the maximum number of iteration of ADMM
Number of iterations 100
Completed in 0:00:02.359655 HH:MM:SS.US
Computational time 2.3596549034118652
Time for each iteration [0.05216693878173828, 0.04834890365600586, 0.09368705749511719, 0.08510684967041016, 0.1259021759033203, 0.11826872825622559, 0.1595292091369629, 0.148850679397583, 0.19022226333618164, 0.17719078063964844, 0.21906518936157227, 0.20603275299072266, 0.24796509742736816, 0.23425579071044922, 0.2758951187133789, 0.2620887756347656, 0.30368804931640625, 0.2897298336029053, 0.32516002655029297, 0.3158378601074219, 0.35128092765808105, 0.34155893325805664, 0.37719202041625977, 0.36727190017700195, 0.40316295623779297, 0.39281678199768066, 0.4288461208343506, 0.41835570335388184, 0.4537320137023926, 0.44072794914245605, 0.4759557247161865, 0.46257519721984863, 0.49849462509155273, 0.4844813346862793, 0.5198075771331787, 0.5056502819061279, 0.5411496162414551, 0.5271551609039307, 0.5626037120819092, 0.5486361980438232, 0.5839946269989014, 0.5699334144592285, 0.6052794456481934, 0.5913715362548828, 0.6266634464263916, 0.6126835346221924, 0.6480064392089844, 0.6340243816375732, 0.669243335723877, 0.6552145481109619, 0.6905343532562256, 0.6764826774597168, 0.7139382362365723, 0.7001135349273682, 0.7376053333282471, 0.7234065532684326, 0.7612802982330322, 0.7470986843109131, 0.7849671840667725, 0.7707836627960205, 0.8085880279541016, 0.7941467761993408, 0.832036018371582, 0.8178536891937256, 0.8557782173156738, 0.8415827751159668, 0.8795020580291748, 0.8608627319335938, 0.8987512588500977, 0.8802306652069092, 0.9179983139038086, 0.899491548538208, 0.9375593662261963, 0.9209485054016113, 0.956885576248169, 0.940178394317627, 0.9774205684661865, 0.9595913887023926, 0.9968173503875732, 0.9788906574249268, 1.0161173343658447, 0.9981024265289307, 1.035346508026123, 1.0173254013061523, 1.0545964241027832, 1.03654146194458, 1.0738434791564941, 1.055781364440918, 1.0930655002593994, 1.0750205516815186, 1.112269401550293, 1.0942513942718506, 1.1312553882598877, 1.1131765842437744, 1.1504342555999756, 1.1322674751281738, 1.1700844764709473, 1.151517391204834, 1.1890945434570312, 1.170560359954834]
