Final evolution
[[ 0.19904242-0.72863984j -0.39598376+0.02255695j -0.43197162-0.11302994j
   0.19605889+0.18531005j]
 [-0.2896907 -0.37978656j -0.30549952-0.46662315j  0.57896723-0.09989961j
  -0.20976389-0.26756395j]
 [-0.1880858 -0.29849113j  0.53619776-0.11527183j -0.30260582-0.10798403j
  -0.67419877+0.13021646j]
 [-0.18987745+0.20194282j  0.03850173-0.4788976j  -0.52579336-0.2752313j
   0.25482327-0.52458987j]]

********* Summary *****************
Final fidelity error 0.5320821240074585
Final objective value 0.5321821133365198
Final penalized TV regularizer 0.0001
Final norm value 1.0
Final error 7.703719777548943e-34
Terminate reason Exceed the maximum number of iteration of ADMM
Number of iterations 100
Completed in 0:00:02.307724 HH:MM:SS.US
Computational time 2.3077239990234375
Time for each iteration [0.051271915435791016, 0.039079904556274414, 0.08633708953857422, 0.07593488693237305, 0.11844301223754883, 0.1084890365600586, 0.15138506889343262, 0.13837599754333496, 0.18150901794433594, 0.1661360263824463, 0.20909595489501953, 0.19382095336914062, 0.23679590225219727, 0.2213430404663086, 0.26430487632751465, 0.24885201454162598, 0.2917330265045166, 0.2763369083404541, 0.3126959800720215, 0.30162692070007324, 0.3379659652709961, 0.3268759250640869, 0.3632619380950928, 0.3521158695220947, 0.38854408264160156, 0.3799600601196289, 0.41461896896362305, 0.4054889678955078, 0.4378190040588379, 0.42659807205200195, 0.45877599716186523, 0.44746994972229004, 0.479633092880249, 0.46835803985595703, 0.5004997253417969, 0.4891622066497803, 0.5215637683868408, 0.5103251934051514, 0.5426065921783447, 0.5313212871551514, 0.5636568069458008, 0.5522692203521729, 0.5847046375274658, 0.5732252597808838, 0.6057837009429932, 0.5942561626434326, 0.6268386840820312, 0.6153912544250488, 0.647803544998169, 0.6364483833312988, 0.6690304279327393, 0.6575145721435547, 0.6924843788146973, 0.6807143688201904, 0.7156744003295898, 0.7041594982147217, 0.7389955520629883, 0.7280576229095459, 0.762688159942627, 0.7516598701477051, 0.7862691879272461, 0.7752337455749512, 0.8094513416290283, 0.7982864379882812, 0.8325114250183105, 0.8214473724365234, 0.8556196689605713, 0.8401522636413574, 0.87428879737854, 0.8598582744598389, 0.8932225704193115, 0.8787574768066406, 0.9122006893157959, 0.8998322486877441, 0.9310247898101807, 0.9187021255493164, 0.9499149322509766, 0.9376239776611328, 0.9688498973846436, 0.956636905670166, 0.987706184387207, 0.9758458137512207, 1.0065600872039795, 0.9958899021148682, 1.0260369777679443, 1.0148558616638184, 1.0450282096862793, 1.0341486930847168, 1.064129114151001, 1.0533239841461182, 1.083446979522705, 1.0724670886993408, 1.1026058197021484, 1.0917680263519287, 1.1215438842773438, 1.1106328964233398, 1.1406059265136719, 1.1294910907745361, 1.1594417095184326, 1.1482822895050049]
