Final evolution
[[ 0.70537468+0.70852202j -0.00915046+0.01608129j -0.00847265-0.00232732j
   0.00471546+0.00115394j]
 [-0.01595707+0.00925663j  0.71286064+0.70076702j  0.00739352-0.01135787j
   0.00099284-0.01517651j]
 [-0.00111875-0.00452539j  0.01511417-0.00112263j  0.00097707-0.01052853j
   0.70307313+0.71086211j]
 [ 0.00233487+0.00869554j  0.01125141-0.00752725j  0.70639416+0.70755538j
   0.0103671 -0.00093696j]]

********* Summary *****************
Final fidelity error 0.0002554611653398098
Final objective value 0.014862470333002522
Final penalized TV regularizer 0.014607007013294584
Final norm value 14.607007013294584
Final error 3.2963285469482753e-07
Terminate reason Exceed the maximum number of iteration of ADMM
Number of iterations 100
Completed in 0:02:16.116012 HH:MM:SS.US
Computational time 136.11601209640503
Time for each iteration [4.366339206695557, 3.2048168182373047, 7.327314376831055, 6.168684720993042, 9.906585216522217, 8.17950963973999, 11.426068305969238, 9.67710566520691, 13.193575143814087, 11.391218900680542, 14.624828100204468, 12.76577877998352, 15.976412057876587, 14.192353963851929, 17.32000494003296, 15.269976139068604, 18.662028789520264, 16.755279302597046, 20.038054704666138, 18.058419227600098, 21.401447772979736, 19.325810194015503, 22.987075805664062, 20.754597187042236, 24.736156940460205, 22.188606023788452, 26.39174199104309, 23.38918924331665, 28.03452181816101, 24.802971363067627, 29.48965573310852, 26.23505926132202, 30.793807983398438, 27.56949019432068, 32.10048484802246, 28.971883058547974, 33.542463064193726, 30.36215305328369, 34.90648603439331, 31.72596001625061, 35.83598494529724, 33.09593605995178, 37.172345876693726, 34.45968317985535, 38.471330881118774, 35.832043170928955, 39.8410758972168, 37.192569971084595, 41.14668321609497, 38.527421712875366, 42.509493350982666, 39.829280853271484, 43.8320951461792, 41.129695892333984, 45.13292098045349, 41.96124887466431, 46.44510507583618, 43.239043951034546, 47.72039318084717, 44.610519886016846, 48.89827609062195, 45.88015699386597, 50.20415806770325, 47.181275844573975, 51.41831135749817, 48.42231774330139, 52.653388261795044, 49.16436171531677, 53.733527421951294, 50.21840977668762, 54.822288274765015, 51.40068769454956, 55.746222257614136, 52.48942685127258, 56.95202422142029, 53.730079889297485, 58.19580101966858, 54.78512096405029, 59.281410932540894, 56.03097629547119, 60.58051872253418, 57.118834257125854, 61.66684174537659, 58.201619386672974, 62.65839385986328, 59.3846492767334, 63.58908176422119, 60.33963322639465, 64.67240571975708, 61.29649519920349, 65.66233563423157, 62.41138529777527, 66.65297770500183, 63.52485632896423, 67.735360622406, 64.50377941131592, 68.81584858894348, 65.42429947853088, 69.73777556419373, 66.3782365322113]
