Final evolution
[[-0.76724654-0.6117747j  -0.11502331+0.07682403j -0.03520246+0.08600786j
  -0.0943564 +0.01981093j]
 [-0.07971594+0.12293516j -0.61396621-0.76906691j -0.09881123-0.01133464j
   0.00300199+0.01458602j]
 [-0.01858138+0.08446252j -0.01612106-0.00415732j  0.12904804-0.05831478j
  -0.63919315-0.75074746j]
 [-0.07628876+0.04793347j  0.0112591 +0.10975131j -0.74628613-0.63598294j
   0.05826605-0.12205764j]]

********* Summary *****************
Final fidelity error 0.021671079516997427
Final objective value 0.13477680432436184
Final penalized TV regularizer 0.11310569430287615
Final norm value 11.310569430287615
Final error 7.814779765815803e-07
Terminate reason Exceed the maximum number of iteration of ADMM
Number of iterations 100
Completed in 0:05:52.005093 HH:MM:SS.US
Computational time 352.0050928592682
Time for each iteration [12.319391012191772, 12.227123975753784, 25.859703063964844, 30.98348903656006, 39.244438886642456, 44.220269203186035, 51.574148654937744, 58.986085176467896, 60.9632089138031, 71.44416403770447, 76.90583682060242, 80.57566499710083, 88.97387194633484, 94.05465579032898, 96.45147514343262, 109.4840579032898, 102.67599606513977, 115.02368974685669, 116.72647309303284, 121.61660480499268, 120.83110213279724, 125.80089092254639, 124.10114812850952, 129.15012383460999, 126.68828129768372, 131.90654873847961, 129.04034519195557, 134.20819568634033, 131.1266644001007, 136.6240496635437, 133.78395915031433, 139.3615846633911, 135.78853726387024, 141.11849689483643, 137.83326292037964, 143.12651705741882, 140.0062608718872, 144.70467400550842, 141.37061595916748, 146.35468292236328, 142.90665102005005, 147.91363286972046, 144.42890810966492, 149.26767992973328, 145.76135301589966, 150.5908489227295, 147.00315713882446, 151.80385971069336, 148.13564324378967, 153.08734965324402, 149.33338928222656, 154.3673496246338, 150.61475539207458, 155.67602443695068, 151.88867354393005, 156.85136938095093, 153.26493859291077, 158.0942623615265, 154.38538670539856, 159.0965712070465, 155.30567455291748, 160.14446139335632, 156.34880948066711, 161.19606232643127, 157.48416566848755, 162.21971821784973, 158.50018882751465, 163.15341591835022, 159.51674008369446, 164.17177486419678, 160.57398414611816, 165.31396389007568, 161.5863790512085, 166.32708597183228, 162.5981478691101, 167.3399519920349, 163.52736806869507, 168.26850700378418, 164.4482090473175, 169.18732404708862, 165.36575603485107, 170.10523390769958, 166.28737497329712, 171.03605318069458, 167.21656465530396, 171.96717834472656, 168.15762948989868, 172.90442538261414, 169.09252858161926, 173.83743739128113, 170.0649116039276, 174.81021237373352, 170.9948365688324, 175.7817714214325, 171.92484045028687, 176.71449851989746, 172.73187351226807, 177.56200337409973, 173.6470685005188, 178.3580243587494]
