Final evolution
[[ 7.07789039e-01+7.06412941e-01j -7.79921492e-05-6.52106776e-04j
   1.99230972e-03+1.54144790e-03j -1.53535955e-03-2.50984419e-03j]
 [ 6.49912169e-04+7.32247499e-05j  7.06930905e-01+7.07280508e-01j
   8.43926646e-05+1.31671654e-03j -7.34809560e-04-5.19502011e-04j]
 [ 2.51278258e-03+1.52739865e-03j  5.18185298e-04+7.31980469e-04j
   5.24752219e-04+9.77784717e-04j  7.07969084e-01+7.06235862e-01j]
 [-1.54335930e-03-1.99414240e-03j -1.31733207e-03-8.62466647e-05j
   7.05722275e-01+7.08482006e-01j -9.73198835e-04-5.18817876e-04j]]

********* Summary *****************
Final fidelity error 5.59129466159991e-06
Final objective value 0.001241595702245414
Final penalized TV regularizer 0.0012360045039848124
Final norm value 12.360045039848124
Final error 1.6728882359315293e-08
Terminate reason Exceed the maximum number of iteration of ADMM
Number of iterations 200
Completed in 0:01:38.001208 HH:MM:SS.US
Computational time 98.00120806694031
Time for each iteration [5.225283145904541, 1.8791770935058594, 6.708693981170654, 2.9751532077789307, 7.961205005645752, 4.209855079650879, 9.105844259262085, 5.303632974624634, 10.0804762840271, 6.10457706451416, 10.894016027450562, 6.907457113265991, 11.658976078033447, 7.587031126022339, 12.3425452709198, 8.340841054916382, 13.0957670211792, 9.072108268737793, 13.768795013427734, 9.696492195129395, 14.377058029174805, 10.320361137390137, 14.971951007843018, 10.938034057617188, 15.52504014968872, 11.49368405342102, 16.081257343292236, 12.048272848129272, 16.6388943195343, 12.574304819107056, 17.16433334350586, 13.07746171951294, 17.671051502227783, 13.587945699691772, 18.147523403167725, 14.081496953964233, 18.622875213623047, 14.548977851867676, 19.094587326049805, 15.004816770553589, 19.548404455184937, 15.45856785774231, 20.00156855583191, 15.911645650863647, 20.45365047454834, 16.364559650421143, 20.907554626464844, 16.814125537872314, 21.381616830825806, 17.204405307769775, 21.841799020767212, 17.656968116760254, 22.292335033416748, 18.15526509284973, 22.68540120124817, 18.611696004867554, 23.162341117858887, 18.98399591445923, 23.63476324081421, 19.353299140930176, 24.112004041671753, 19.72479510307312, 24.568238019943237, 20.09597611427307, 25.065543174743652, 20.465155839920044, 25.437405347824097, 20.919841051101685, 25.80977725982666, 21.33205795288086, 26.184320211410522, 21.69610595703125, 26.65551209449768, 22.066459894180298, 27.00544238090515, 22.41480588912964, 27.354904413223267, 22.80764675140381, 27.702560424804688, 23.15067768096924, 28.092292547225952, 23.501972675323486, 28.500773429870605, 23.851021766662598, 28.847111225128174, 24.201483964920044, 29.29657506942749, 24.551690340042114, 29.73398780822754, 24.915117502212524, 30.192331790924072, 25.267051458358765, 30.54706072807312, 25.61576747894287, 30.976794719696045, 25.967350482940674, 31.39239263534546, 26.358821630477905, 31.73961353302002, 26.79551863670349, 32.091437578201294, 27.24994158744812, 32.483505725860596, 27.641252279281616, 32.834993839263916, 28.05684518814087, 33.22556209564209, 28.44707202911377, 33.57420325279236, 28.879889965057373, 33.92378640174866, 29.358876943588257, 34.31556510925293, 29.750560998916626, 34.70442819595337, 30.10370922088623, 35.11592197418213, 30.45315408706665, 35.549551248550415, 30.841871738433838, 35.941243410110474, 31.1926748752594, 36.352861166000366, 31.603792905807495, 36.78674030303955, 32.01423978805542, 37.13711738586426, 32.42827081680298, 37.53985929489136, 32.84025979042053, 37.93122339248657, 33.273698806762695, 38.343082427978516, 33.66412591934204, 38.775824308395386, 34.076992988586426, 39.16729807853699, 34.53058218955994, 39.55840516090393, 34.92129302024841, 39.992175340652466, 35.33403778076172, 40.38404941558838, 35.68410897254944, 40.836573123931885, 36.035476207733154, 41.18615007400513, 36.4470272064209, 41.64101791381836, 36.79827547073364, 42.035422563552856, 37.21193170547485, 42.44917058944702, 37.62695860862732, 42.86082458496094, 38.04002666473389, 43.27399158477783, 38.4524667263031, 43.68625545501709, 38.865763902664185, 44.09932041168213, 39.27850675582886, 44.5122275352478, 39.69063878059387, 44.92528033256531, 40.10421085357666, 45.338640213012695, 40.520533084869385, 45.73083305358887, 40.933916091918945, 46.14513111114502, 41.326083183288574, 46.55865120887756, 41.73853898048401, 46.9494264125824, 42.15194272994995, 47.36257338523865, 42.54303479194641, 47.75362730026245, 42.934820890426636, 48.14601016044617, 43.32783389091492, 48.515331506729126, 43.71910572052002, 48.90745949745178, 44.090656757354736, 49.297839403152466, 44.48352885246277, 49.69504523277283, 44.854384899139404, 50.063523054122925, 45.246366024017334, 50.350744009017944, 45.63803219795227, 50.63742709159851, 46.02935528755188, 50.923600912094116, 46.419947385787964, 51.21058893203735, 46.790619134902954]
