Final evolution
[[-7.07294695e-01-7.06893425e-01j -3.52968485e-03-8.79085412e-04j
   3.93538472e-04+3.41907573e-03j  1.39770524e-04-3.28703337e-03j]
 [ 8.41452848e-04+3.51828085e-03j -7.08134930e-01-7.05996004e-01j
  -5.93412949e-03-3.51496707e-03j  1.30688729e-03+7.22493737e-03j]
 [ 3.33963528e-03-1.22068513e-04j -7.26625829e-03-1.36461838e-03j
   8.96232087e-03+3.82787651e-03j -7.04977207e-01-7.09116586e-01j]
 [-3.38880200e-03-4.02685167e-04j  3.45851202e-03+5.89147173e-03j
  -7.07851620e-01-7.06251864e-01j -3.81485847e-03-9.02882316e-03j]]

********* Summary *****************
Final fidelity error 5.973619103427641e-05
Final objective value 0.013012344296277263
Final penalized TV regularizer 0.012952606659287965
Final norm value 12.952606659287964
Final error 6.506806611326621e-07
Terminate reason Exceed the maximum number of iteration of ADMM
Number of iterations 100
Completed in 0:04:01.031352 HH:MM:SS.US
Computational time 241.03135204315186
Time for each iteration [6.677214860916138, 4.885767936706543, 11.126713037490845, 8.841190814971924, 15.89115023612976, 12.826565742492676, 19.98604416847229, 16.600396633148193, 23.816681385040283, 20.685362577438354, 26.838327407836914, 23.759947538375854, 29.88758134841919, 27.16698956489563, 32.86156439781189, 30.42678451538086, 35.53431034088135, 33.97769641876221, 38.987287521362305, 37.14718222618103, 42.259485721588135, 40.11861324310303, 44.940645694732666, 42.995474338531494, 47.83818960189819, 45.93556523323059, 50.77312469482422, 48.4333381652832, 53.52231979370117, 51.0257351398468, 56.40437579154968, 53.83396506309509, 58.95399785041809, 56.551172971725464, 61.71616506576538, 59.04547095298767, 64.23804807662964, 61.536131858825684, 66.75706791877747, 63.703887939453125, 68.99793910980225, 65.56985259056091, 71.61002039909363, 67.74629640579224, 74.06553840637207, 70.16822266578674, 76.44778203964233, 72.71585273742676, 78.78570103645325, 74.47880792617798, 81.37243604660034, 75.82963585853577, 84.08675909042358, 77.17829370498657, 86.63601422309875, 78.95344352722168, 89.26051259040833, 80.49540448188782, 91.26483058929443, 82.66728234291077, 92.5908133983612, 84.78130865097046, 94.67647218704224, 86.57266092300415, 96.04814910888672, 89.1718397140503, 97.47326612472534, 91.09458899497986, 99.87857294082642, 92.89156889915466, 102.08630204200745, 94.77157497406006, 104.00987505912781, 96.01415491104126, 106.29981589317322, 97.21300601959229, 108.08359503746033, 98.24665689468384, 110.12714719772339, 99.57657074928284, 112.00300312042236, 101.45583081245422, 113.56171607971191, 103.62031507492065, 114.59313988685608, 105.42393112182617, 116.47237372398376, 106.93322920799255, 118.82588267326355, 108.13988733291626, 120.49536776542664, 110.05877423286438, 121.31196570396423, 111.71043014526367, 122.46116471290588, 113.36603736877441, 123.36089038848877, 115.18615055084229, 124.16971349716187, 116.86163854598999]
