Final evolution
[[-0.41399832-0.64673281j -0.13968487+0.47604007j  0.29964199-0.01016611j
  -0.27187168+0.02032681j]
 [-0.36390995+0.04230213j -0.60425052-0.60950175j  0.15216248-0.22077359j
  -0.11144597+0.21178858j]
 [ 0.12044693+0.40509872j -0.03680362+0.09340294j  0.17724012-0.11269639j
  -0.79288268-0.37219815j]
 [ 0.03814067-0.30992741j  0.05297429-0.06616669j -0.51209666-0.72928691j
  -0.02474032-0.31716164j]]

********* Summary *****************
Final fidelity error 0.17249505462602766
Final objective value 0.17250701698483006
Final penalized TV regularizer 1.1972765013297822e-05
Final norm value 11.972765013297822
Final error 2.407412430484045e-34
Terminate reason Exceed the maximum number of iteration of ADMM
Number of iterations 100
Completed in 0:00:20.642360 HH:MM:SS.US
Computational time 20.642359733581543
Time for each iteration [0.9867489337921143, 0.5750799179077148, 1.3737647533416748, 0.9730329513549805, 1.6942667961120605, 1.273277997970581, 2.0120859146118164, 1.572700023651123, 2.3986918926239014, 1.8870849609375, 2.7134087085723877, 2.148273229598999, 2.9671945571899414, 2.418234348297119, 3.2173984050750732, 2.6529433727264404, 3.4319982528686523, 2.8664705753326416, 3.6463091373443604, 3.0819246768951416, 3.8599021434783936, 3.2985966205596924, 4.07299017906189, 3.5109355449676514, 4.28551721572876, 3.7056756019592285, 4.481692314147949, 3.9003143310546875, 4.678699493408203, 4.105868339538574, 4.889319658279419, 4.30251407623291, 5.071929693222046, 4.484226226806641, 5.256963491439819, 4.666856288909912, 5.439364433288574, 4.850720405578613, 5.62722635269165, 5.036770582199097, 5.8103272914886475, 5.218941688537598, 5.993780136108398, 5.4051854610443115, 6.168963432312012, 5.580156564712524, 6.340069055557251, 5.7510247230529785, 6.5129101276397705, 5.935738801956177, 6.6868109703063965, 6.108970880508423, 6.85728907585144, 6.2794716358184814, 7.02935004234314, 6.450066804885864, 7.199627161026001, 6.623075485229492, 7.373430252075195, 6.79696249961853, 7.547251224517822, 6.970809459686279, 7.720868349075317, 7.145096302032471, 7.89449667930603, 7.318536281585693, 8.079049587249756, 7.5013720989227295, 8.260251522064209, 7.684800386428833, 8.444901466369629, 7.868605375289917, 8.617441415786743, 8.040485382080078, 8.789451360702515, 8.216219425201416, 8.970994234085083, 8.389845609664917, 9.141130208969116, 8.55982255935669, 9.312356233596802, 8.734720468521118, 9.46436619758606, 8.878109455108643, 9.613479375839233, 9.020002603530884, 9.756991147994995, 9.173458576202393, 9.899229288101196, 9.32623553276062, 10.042036294937134, 9.468191623687744, 10.194249153137207, 9.609128713607788, 10.33462119102478, 9.74815058708191, 10.473613262176514, 9.888437509536743, 10.614211320877075, 10.028148412704468]
