Final evolution
[[ 5.37774758e-05+0.50002292j  7.29500011e-05+0.49997741j
   6.59169421e-05+0.49999432j  9.57747169e-06+0.50000534j]
 [-4.52700444e-05+0.49999084j  5.26104581e-05-0.50001827j
  -9.24186454e-06+0.49999191j  3.90676278e-05-0.49999897j]
 [-1.08847062e-05+0.49999827j -3.06472202e-05+0.50000139j
   2.52576147e-05-0.49998843j  6.75073698e-05-0.50001191j]
 [ 3.79615434e-06+0.49998796j -1.05501474e-05-0.50000292j
  -6.63417333e-05-0.50002534j -2.42302016e-06+0.49998378j]]

********* Summary *****************
Final fidelity error 4.098177130984482e-09
Final penalized l2 error 6.852141534217217e-08
Final penalized TV regularizer 4.3056715305497115e-05
Final objective value 4.3060816692282864e-05
Final norm value 4.305671530549711
Final l2 value 6.852141534217217e-06
Final error 3.247811337483377e-11
Terminate reason Exceed the maximum number of iteration of ADMM
Number of iterations 100
Completed in 0:00:22.317195 HH:MM:SS.US
Computational time 22.317194938659668
Time for each iteration [1.6247220039367676, 1.5260400772094727, 3.213473081588745, 2.5228688716888428, 3.986406087875366, 3.1483449935913086, 4.60817289352417, 3.595302104949951, 5.064015865325928, 4.0113911628723145, 5.464778900146484, 4.358009338378906, 5.808351755142212, 4.667211294174194, 6.017880916595459, 4.879230260848999, 6.174679756164551, 5.0741894245147705, 6.358842611312866, 5.246533393859863, 6.508559703826904, 5.393392324447632, 6.65494179725647, 5.539929389953613, 6.8015477657318115, 5.701516389846802, 6.945047855377197, 5.84484601020813, 7.089097023010254, 5.988753795623779, 7.233484268188477, 6.1328957080841064, 7.3660242557525635, 6.264607667922974, 7.510014295578003, 6.384497880935669, 7.653043270111084, 6.5161027908325195, 7.784573316574097, 6.647457599639893, 7.915433406829834, 6.779589653015137, 8.03480839729309, 6.923009634017944, 8.166356325149536, 7.054637670516968, 8.297826290130615, 7.187142610549927, 8.4293053150177, 7.317602634429932, 8.561060190200806, 7.448992013931274, 8.692517042160034, 7.579586982727051, 8.824308156967163, 7.710647821426392, 8.957134008407593, 7.843017101287842, 9.089056968688965, 7.973951101303101, 9.221592903137207, 8.104620933532715, 9.351039171218872, 8.234609842300415, 9.48294711112976, 8.366167783737183, 9.614277124404907, 8.497761726379395, 9.745601415634155, 8.628486633300781, 9.875932455062866, 8.760823488235474, 10.008284568786621, 8.893109321594238, 10.139091730117798, 9.024057388305664, 10.270492553710938, 9.155451536178589, 10.402019500732422, 9.286888599395752, 10.5338613986969, 9.417925596237183, 10.6653573513031, 9.549505710601807, 10.796946287155151, 9.680784702301025, 10.928313255310059, 9.812075853347778, 11.059906244277954, 9.943766832351685, 11.1917142868042, 10.075080871582031, 11.323040008544922, 10.205722093582153, 11.45261287689209, 10.337759256362915, 11.584340810775757, 10.46969223022461, 11.716059923171997, 10.601135015487671]
Final evolution
[[ 7.29879269e-05+0.5000194j   1.01136708e-04+0.49998893j
   6.71898448e-05+0.49997961j  1.84395075e-05+0.50001203j]
 [ 3.81661343e-06+0.50000785j -1.23151508e-05-0.50000454j
  -2.72330105e-05+0.49999313j  5.63297251e-05-0.49999448j]
 [-3.64593119e-05+0.49999642j -1.22783387e-05+0.49999523j
   6.19094198e-05-0.50000711j  7.53228797e-05-0.50000124j]
 [ 1.41622658e-06+0.49997632j -4.52547398e-05-0.50001129j
   9.97753977e-06-0.50002015j -4.30464930e-05+0.49999224j]]

********* Summary *****************
Final fidelity error 5.2426796237625695e-09
Final penalized l2 error 6.421368835562434e-08
Final penalized TV regularizer 4.3049900441069425e-05
Final objective value 4.305515324814762e-05
Final norm value 4.304990044106942
Final l2 value 6.421368835562434e-06
Final error 3.2082703390012543e-12
Terminate reason Exceed the maximum number of iteration of ADMM
Number of iterations 100
Completed in 0:00:22.612880 HH:MM:SS.US
Computational time 22.61288022994995
Time for each iteration [1.6715600490570068, 1.5146548748016357, 3.1775572299957275, 2.2063310146331787, 3.873206853866577, 2.865938186645508, 4.545365810394287, 3.4282262325286865, 4.933244705200195, 3.8567323684692383, 5.340901851654053, 4.207843065261841, 5.707814931869507, 4.5226311683654785, 5.9020140171051025, 4.718019008636475, 6.11952805519104, 4.880237102508545, 6.295040130615234, 5.033849000930786, 6.448351144790649, 5.180888891220093, 6.6094911098480225, 5.3248560428619385, 6.758925199508667, 5.488757848739624, 6.902450084686279, 5.633413076400757, 7.046177864074707, 5.77756929397583, 7.193394660949707, 5.924110412597656, 7.3379528522491455, 6.067305088043213, 7.481184959411621, 6.1982581615448, 7.636046886444092, 6.317453145980835, 7.780290126800537, 6.449169874191284, 7.912773132324219, 6.568729877471924, 8.056605339050293, 6.700343608856201, 8.188467502593994, 6.823591470718384, 8.33416748046875, 6.955178737640381, 8.468875408172607, 7.089557647705078, 8.600866556167603, 7.230349540710449, 8.741484642028809, 7.370720386505127, 8.886337757110596, 7.530256271362305, 9.042499780654907, 7.685159206390381, 9.303892850875854, 7.843183279037476, 9.448829889297485, 7.975192070007324, 9.580896139144897, 8.106582880020142, 9.712443113327026, 8.238662958145142, 9.846167087554932, 8.375593900680542, 9.984451293945312, 8.517890691757202, 10.125364303588867, 8.657447576522827, 10.257888317108154, 8.796010732650757, 10.398436546325684, 8.937538385391235, 10.540047645568848, 9.07156252861023, 10.676570653915405, 9.214252233505249, 10.81590485572815, 9.35477900505066, 10.948561191558838, 9.492285013198853, 11.089298248291016, 9.631853818893433, 11.23141622543335, 9.766278743743896, 11.363861322402954, 9.899043798446655, 11.504071235656738, 10.036006927490234, 11.643054008483887, 10.170094966888428, 11.776045083999634, 10.30380392074585, 11.908929109573364, 10.43649697303772, 12.041316986083984, 10.571563243865967]
