Final evolution
[[ 0.00149008+0.49984663j  0.00130473+0.5001856j  -0.00075606+0.49981337j
   0.000199  +0.50014975j]
 [-0.00130473+0.5001856j   0.00149008-0.49984663j -0.000199  +0.50014975j
  -0.00075606-0.49981337j]
 [ 0.00075606+0.49981337j -0.000199  +0.50014975j  0.00149008-0.49984663j
   0.00130473-0.5001856j ]
 [ 0.000199  +0.50014975j  0.00075606-0.49981337j -0.00130473-0.5001856j
   0.00149008+0.49984663j]]

********* Summary *****************
Final fidelity error 2.324551451216017e-06
Final penalized l2 error 0.0
Final penalized TV regularizer 0.001102804703096708
Final objective value 0.0011051293301316855
Final norm value 1.102804703096708
Final l2 value 60.498534643411936
Final error 6.27277061742221e-10
Terminate reason Exceed the maximum number of iteration of ADMM
Number of iterations 200
Completed in 0:01:22.668207 HH:MM:SS.US
Computational time 82.66820693016052
Time for each iteration [1.1875619888305664, 0.7171030044555664, 3.3106019496917725, 1.6093368530273438, 4.14227294921875, 2.3026070594787598, 4.831270933151245, 3.017462968826294, 5.543392181396484, 3.714256763458252, 6.1642372608184814, 4.393185615539551, 6.799873352050781, 4.96450662612915, 7.412591457366943, 5.68438458442688, 8.069449424743652, 6.399001359939575, 8.713530778884888, 7.173042058944702, 9.31230902671814, 7.788749933242798, 9.923299074172974, 8.32093095779419, 10.416677951812744, 8.971338033676147, 11.027883052825928, 9.365118026733398, 11.68203592300415, 9.89851188659668, 12.074852228164673, 10.453684568405151, 12.66972017288208, 10.972680807113647, 13.164400100708008, 11.466126918792725, 13.61844801902771, 11.957109928131104, 14.112487077713013, 12.369434118270874, 14.606306791305542, 12.781469345092773, 15.101327419281006, 13.193530559539795, 15.513999462127686, 13.684500455856323, 15.926178693771362, 14.097106456756592, 16.416358470916748, 14.509257555007935, 16.911025285720825, 15.004097700119019, 17.303808212280273, 15.395441770553589, 17.69518232345581, 15.911283493041992, 18.03064751625061, 16.325491666793823, 18.361717462539673, 16.69840955734253, 18.73411250114441, 17.112533569335938, 19.130361318588257, 17.586829662322998, 19.532663345336914, 17.9866886138916, 19.875550508499146, 18.40807342529297, 20.29631543159485, 18.82832360267639, 20.63504433631897, 19.245036602020264, 21.04873824119568, 19.6360125541687, 21.3776752948761, 20.044677734375, 21.766720294952393, 20.377718687057495, 22.179129362106323, 20.669320583343506, 22.589592456817627, 21.0012104511261, 22.997491359710693, 21.331917762756348, 23.386751174926758, 21.662713766098022, 23.7767813205719, 21.994619607925415, 24.12900447845459, 22.381545543670654, 24.44338846206665, 22.77156949043274, 24.78485345840454, 23.141116619110107, 25.116978406906128, 23.53666853904724, 25.454636573791504, 23.93327021598816, 25.79174494743347, 24.286378145217896, 26.160537719726562, 24.71290612220764, 26.47922682762146, 25.050358057022095, 26.81917381286621, 25.38790512084961, 27.15538477897644, 25.72103714942932, 27.49025797843933, 26.120196104049683, 27.837195873260498, 26.474220991134644, 28.251055002212524, 26.78157091140747, 28.588984966278076, 27.161433935165405, 28.8907310962677, 27.505018949508667, 29.26443386077881, 27.813573122024536, 29.577525854110718, 28.146090269088745, 29.87161684036255, 28.506577253341675, 30.21240472793579, 28.804015159606934, 30.551812887191772, 29.122008085250854, 30.872391939163208, 29.44857907295227, 31.20832896232605, 29.7659330368042, 31.52461290359497, 30.08526301383972, 31.841822862625122, 30.44116711616516, 32.13589692115784, 30.787556171417236, 32.45421767234802, 31.110665321350098, 32.79570174217224, 31.447363138198853, 33.11468482017517, 31.786980152130127, 33.43275499343872, 32.13348722457886, 33.748788595199585, 32.46936821937561, 34.06652593612671, 32.80555009841919, 34.38032388687134, 33.11805200576782, 34.691272020339966, 33.429604053497314, 35.00336503982544, 33.74179196357727, 35.3151581287384, 34.05443787574768, 35.62661409378052, 34.366389989852905, 35.93845200538635, 34.67844581604004, 36.25058627128601, 34.98961567878723, 36.56337928771973, 35.301846742630005, 36.87417721748352, 35.61988878250122, 37.216798067092896, 35.94003891944885, 37.53022313117981, 36.26208186149597, 37.85065698623657, 36.58219885826111, 38.18696212768555, 36.902522802352905, 38.504337310791016, 37.22269868850708, 38.825608253479004, 37.54655861854553, 39.14267015457153, 37.8624107837677, 39.46404218673706, 38.179285764694214, 39.78657031059265, 38.495402812957764, 40.102660179138184, 38.79862189292908, 40.4263961315155, 39.11854577064514, 40.74704432487488, 39.43393158912659, 41.06840538978577, 39.777432441711426, 41.37090849876404, 40.12093639373779, 41.649638414382935, 40.43377757072449, 41.921056509017944, 40.74715042114258]
