Final evolution
[[ 0.25173618-0.25316435j  0.24911172-0.24906445j  0.2488786 -0.24778251j
   0.25072907-0.24993479j  0.25000603-0.24690513j  0.25048248-0.24895949j
   0.25019617-0.24965907j  0.25320906-0.25009542j]
 [ 0.25088486-0.24937468j -0.2468985 +0.25071059j  0.2477803 -0.25169958j
  -0.24922611+0.25254154j  0.24959626-0.25297983j -0.25261691+0.24922029j
   0.24980076-0.24948593j -0.24877216+0.24831707j]
 [ 0.24962077-0.24969225j  0.25143439-0.24811677j -0.25084642+0.24911021j
  -0.25017869+0.24968773j  0.25031215-0.24943295j  0.25001053-0.25190253j
  -0.25045376+0.24987015j -0.25049895+0.24880492j]
 [ 0.25160152-0.24915306j -0.25081133+0.24962857j -0.25424616+0.2507679j
   0.24953365-0.24818032j  0.24718844-0.24825892j -0.25012176+0.25083589j
  -0.2470013 +0.2523789j   0.24915374-0.25102993j]
 [ 0.24991304-0.25111952j  0.2486275 -0.25018366j  0.25028499-0.25048554j
   0.24738153-0.25154061j -0.24851797+0.25076594j -0.2503526 +0.24916068j
  -0.2502759 +0.25137636j -0.25136333+0.24860659j]
 [ 0.24677103-0.25050399j -0.25105988+0.25097941j  0.25016957-0.24941563j
  -0.25020566+0.25171198j -0.25141955+0.24872552j  0.25064954-0.24849234j
  -0.24989616+0.2503263j   0.25056184-0.24906411j]
 [ 0.24926402-0.24782269j  0.24862595-0.25243931j -0.25058332+0.25004642j
  -0.25112617+0.25134018j -0.25057046+0.25408158j -0.24981346+0.2486516j
   0.24925611-0.249512j    0.24654891-0.25022158j]
 [ 0.25108461-0.24821482j -0.25356352+0.24865537j -0.25067683+0.24713843j
   0.24879943-0.24781709j -0.25034255+0.25078848j  0.2476755 -0.25100462j
   0.25024992-0.25022457j -0.25112983+0.25253702j]]

********* Summary *****************
Final fidelity error 1.877934558924821e-05
Final penalized l2 error 1.1005978378298715e-05
Final penalized TV regularizer 0.001502724793571073
Final objective value 0.001521504053372722
Final norm value 15.02724793571073
Final l2 value 0.0011005978378298715
Final error 1.786989232265222e-08
Terminate reason Exceed the maximum number of iteration of ADMM
Number of iterations 100
Completed in 0:01:50.195010 HH:MM:SS.US
Computational time 110.19501025
Time for each iteration [3.8508749169999996, 2.6144366250000006, 6.086076708999999, 4.662133625, 7.82088775, 6.526698792, 9.619204125, 8.041211792000002, 11.386169249999998, 9.555662959, 12.833268999999998, 11.103490959000002, 14.225781457999997, 12.400612626000001, 15.717200957999996, 13.863470876000004, 17.085469748999994, 15.400300251000008, 18.481762248999996, 16.609288585000005, 19.814171206999998, 17.814052418000006, 21.172755665999997, 19.119751834000002, 22.442160333, 20.293579251, 23.675003541, 21.564581334, 24.850983916, 22.677105084, 26.02636275, 23.882508125000005, 27.140246208999994, 25.05682150000001, 28.186689874999995, 26.075496417000007, 29.328939916999996, 27.121107500000004, 30.373934459, 28.199026375, 31.390066750000006, 29.121189333999997, 32.30878250000001, 30.070481624999992, 33.259799375000014, 30.99357449999998, 34.27601033400002, 31.97760716599997, 35.16660433400003, 32.89923879099997, 36.15147591800002, 33.82417495699998, 37.07561004300001, 34.717343081999985, 37.937210793000006, 35.67185629099998, 38.73657587600002, 36.59711183299997, 39.66130937600002, 37.45900604099998, 40.55624337600001, 38.28641120799999, 41.479236709000006, 39.180161957999985, 42.34028254200001, 40.07199691699998, 43.20494016700002, 40.90244704199998, 44.038511167000024, 41.79612687499997, 44.90144300000003, 42.65919462499997, 45.70064604200003, 43.46014695799997, 46.37436362600003, 44.26116916599996, 47.23669350100003, 45.09590412399996, 48.10032904300003, 45.95728316599997, 48.67950579300003, 46.789311248999965, 49.44414779300003, 47.65040487399996, 50.24429671000003, 48.44992087399997, 51.10475762600002, 49.34719408299998, 51.99964325100002, 50.18005724899997, 52.80054808500002, 50.94879174899998, 53.60301354300002, 51.779986873999974, 54.46698112600002, 52.54973787399997, 55.23515808500002, 53.356590956999966, 55.972727043000035, 54.22228320699996]
