Final evolution
[[ 3.21391622e-04+0.50005453j  3.60176035e-04+0.49994183j
   5.07610142e-04+0.50001638j  8.21816221e-05+0.49998676j]
 [-2.04426450e-04+0.49997406j  3.36877469e-04-0.50009316j
  -2.82185518e-05+0.49995458j  2.82355269e-04-0.49997795j]
 [-2.81178982e-05+0.49999856j -3.11651202e-04+0.50000477j
   1.31238669e-05-0.49994724j  4.18446580e-04-0.50004915j]
 [ 8.64266340e-05+0.49997269j  2.58573031e-05-0.49995989j
  -4.33927437e-04-0.50008134j -1.42638973e-04+0.49998585j]]

********* Summary *****************
Final fidelity error 1.5703733935445996e-07
Final penalized l2 error 1.5796574814269365e-06
Final penalized TV regularizer 0.0003893748429511651
Final objective value 0.00038953190759101475
Final norm value 3.8937484295116507
Final l2 value 0.00015796574814269364
Final error 1.5591185691536546e-09
Terminate reason Exceed the maximum number of iteration of ADMM
Number of iterations 100
Completed in 0:00:37.422607 HH:MM:SS.US
Computational time 37.42260718345642
Time for each iteration [1.732922077178955, 1.3245840072631836, 2.8651649951934814, 2.167898178100586, 3.722339153289795, 2.9252028465270996, 4.450709342956543, 3.6536967754364014, 5.1589813232421875, 4.255269765853882, 5.680919408798218, 4.7784295082092285, 6.214383602142334, 5.300840377807617, 6.59644079208374, 5.707077503204346, 6.990083694458008, 6.066043376922607, 7.330108642578125, 6.422183513641357, 7.729448556900024, 6.84026837348938, 8.084676742553711, 7.233504295349121, 8.491478681564331, 7.690870523452759, 8.78778862953186, 8.118800640106201, 9.081189393997192, 8.534592866897583, 9.438038110733032, 8.95000696182251, 9.733374118804932, 9.355913162231445, 9.97200083732605, 9.744810104370117, 10.208194971084595, 10.161795139312744, 10.503221988677979, 10.384828329086304, 10.927296876907349, 10.62081527709961, 11.285336971282959, 10.892348051071167, 11.633652210235596, 11.153219938278198, 11.942108154296875, 11.517215013504028, 12.169715166091919, 11.864459037780762, 12.415721893310547, 12.20752215385437, 12.662230968475342, 12.503529071807861, 12.972960948944092, 12.812256097793579, 13.28024697303772, 13.117423295974731, 13.529677867889404, 13.433913230895996, 13.779139995574951, 13.656499147415161, 14.084470987319946, 13.952920198440552, 14.33245587348938, 14.24655532836914, 14.569546937942505, 14.484480142593384, 14.821249961853027, 14.723421335220337, 15.119524717330933, 14.949560403823853, 15.35770869255066, 15.235372543334961, 15.66661548614502, 15.462292671203613, 15.917944431304932, 15.784767627716064, 16.16764259338379, 16.068758487701416, 16.40492057800293, 16.246182680130005, 16.6881685256958, 16.483299493789673, 16.981907606124878, 16.718615531921387, 17.217480421066284, 16.952460527420044, 17.524784803390503, 17.23722219467163, 17.76317286491394, 17.546516180038452, 17.99874496459961, 17.844317197799683, 18.236655950546265, 18.130857229232788, 18.475659132003784, 18.427689790725708, 18.709665298461914, 18.712941884994507]
Final evolution
[[ 3.21391622e-04+0.50005453j  3.60176035e-04+0.49994183j
   5.07610142e-04+0.50001638j  8.21816221e-05+0.49998676j]
 [-2.04426450e-04+0.49997406j  3.36877469e-04-0.50009316j
  -2.82185518e-05+0.49995458j  2.82355269e-04-0.49997795j]
 [-2.81178982e-05+0.49999856j -3.11651202e-04+0.50000477j
   1.31238669e-05-0.49994724j  4.18446580e-04-0.50004915j]
 [ 8.64266340e-05+0.49997269j  2.58573031e-05-0.49995989j
  -4.33927437e-04-0.50008134j -1.42638973e-04+0.49998585j]]

********* Summary *****************
Final fidelity error 1.5703733935445996e-07
Final penalized l2 error 1.5796574814269365e-06
Final penalized TV regularizer 0.0003893748429511651
Final objective value 0.00038953190759101475
Final norm value 3.8937484295116507
Final l2 value 0.00015796574814269364
Final error 1.5591185691536546e-09
Terminate reason Exceed the maximum number of iteration of ADMM
Number of iterations 100
Completed in 0:00:37.665108 HH:MM:SS.US
Computational time 37.66510796546936
Time for each iteration [1.7572400569915771, 1.3532719612121582, 2.883721113204956, 2.1894397735595703, 3.7312653064727783, 2.962425708770752, 4.465853452682495, 3.6972265243530273, 5.179985523223877, 4.309810400009155, 5.708803653717041, 4.839022397994995, 6.249018669128418, 5.369457483291626, 6.632883310317993, 5.777474641799927, 7.030350208282471, 6.1376776695251465, 7.376858234405518, 6.496187925338745, 7.783556222915649, 6.9145495891571045, 8.142199516296387, 7.308966398239136, 8.548728704452515, 7.76686429977417, 8.845120668411255, 8.194728374481201, 9.143495559692383, 8.610536336898804, 9.499136686325073, 9.0247962474823, 9.794680833816528, 9.4241042137146, 10.028679609298706, 9.812145233154297, 10.263405799865723, 10.229957103729248, 10.563498735427856, 10.457690238952637, 10.995714664459229, 10.69736623764038, 11.355066776275635, 10.972665309906006, 11.702629804611206, 11.236455202102661, 12.014294862747192, 11.608469247817993, 12.24186372756958, 11.957317352294922, 12.493222713470459, 12.306718111038208, 12.74491286277771, 12.605195999145508, 13.052696943283081, 12.913531064987183, 13.359803915023804, 13.221554040908813, 13.60835886001587, 13.54220700263977, 13.85653305053711, 13.767426013946533, 14.163903951644897, 14.062896013259888, 14.411864995956421, 14.358444929122925, 14.648351192474365, 14.594376802444458, 14.899455070495605, 14.833750009536743, 15.199590921401978, 15.060848236083984, 15.43865966796875, 15.34809136390686, 15.750292539596558, 15.57491946220398, 16.00130844116211, 15.898256540298462, 16.25219750404358, 16.185818433761597, 16.491116523742676, 16.365068435668945, 16.77801251411438, 16.604309558868408, 17.077863454818726, 16.843777656555176, 17.31670832633972, 17.083130598068237, 17.628329277038574, 17.37076759338379, 17.867343425750732, 17.67013955116272, 18.109070539474487, 17.97273850440979, 18.344111442565918, 18.25535249710083, 18.583340406417847, 18.554810523986816, 18.82279324531555, 18.84231472015381]
