Final evolution
[[ 0.01537832+0.49825691j  0.01140561+0.49357702j  0.02297596+0.49802777j
   0.00124422+0.50911108j]
 [-0.00532031+0.50403441j  0.01536972-0.50109268j  0.00465996+0.49868887j
   0.01104069-0.49573855j]
 [-0.00350498+0.49880528j -0.01775779+0.50862581j  0.00201391-0.49085317j
   0.02176213-0.50075041j]
 [ 0.00558406+0.49857236j  0.00227144-0.49588389j -0.02192188-0.51118165j
  -0.00413477+0.49364368j]]

********* Summary *****************
Final fidelity error 0.0003945577159013558
Final penalized l2 error 0.0011430540736310077
Final penalized TV regularizer 0.027552375356761284
Final objective value 0.027946933464802072
Final norm value 2.7552375356761285
Final l2 value 0.11430540736310077
Final error 2.8158167756850656e-08
Terminate reason Exceed the maximum number of iteration of ADMM
Number of iterations 100
Completed in 0:00:46.652648 HH:MM:SS.US
Computational time 46.652647972106934
Time for each iteration [1.4169330596923828, 1.6492540836334229, 2.745342969894409, 2.7764229774475098, 3.7482521533966064, 3.5827949047088623, 4.673537254333496, 4.4705047607421875, 5.6106321811676025, 5.190191030502319, 6.367114067077637, 5.946980953216553, 7.074891090393066, 6.582319974899292, 7.6272969245910645, 7.231809139251709, 8.118797063827515, 7.854907035827637, 8.6218421459198, 8.536278009414673, 9.064799070358276, 9.075269937515259, 9.567845106124878, 9.566205024719238, 10.059813022613525, 10.072027206420898, 10.539264917373657, 10.574900150299072, 11.006399869918823, 11.066347360610962, 11.330159664154053, 11.540818452835083, 11.661513566970825, 12.018069505691528, 12.091957569122314, 12.508554458618164, 12.54536771774292, 12.963257312774658, 12.999992609024048, 13.393421411514282, 13.415262699127197, 13.816378593444824, 13.74533748626709, 14.252468824386597, 14.210045099258423, 14.527825117111206, 14.652829885482788, 14.994702339172363, 15.07196569442749, 15.378004312515259, 15.546408653259277, 15.66601848602295, 16.015779495239258, 16.037168502807617, 16.518203735351562, 16.360360383987427, 16.984742641448975, 16.683614253997803, 17.463258981704712, 17.054410934448242, 17.929586172103882, 17.365437746047974, 18.324631452560425, 17.64043664932251, 18.695135354995728, 17.88967275619507, 19.086042404174805, 18.292834520339966, 19.33390760421753, 18.683131456375122, 19.581823587417603, 19.088106393814087, 19.82186269760132, 19.483941555023193, 20.06128454208374, 19.86821436882019, 20.301227807998657, 20.264246463775635, 20.540934562683105, 20.599610567092896, 20.768720626831055, 21.007371425628662, 21.00852060317993, 21.282867431640625, 21.320980548858643, 21.5347683429718, 21.7168607711792, 21.77460026741028, 21.944823741912842, 22.026862144470215, 22.196716785430908, 22.302513360977173, 22.424439668655396, 22.596336364746094, 22.67683458328247, 22.872227430343628, 22.904561758041382, 23.196343421936035, 23.12030863761902, 23.532339334487915]
