Final evolution
[[ 0.25260497-0.25507938j  0.24849626-0.24976905j  0.24846453-0.2467072j
   0.25085307-0.24992427j  0.25030783-0.24615616j  0.25122922-0.24678254j
   0.25005043-0.24897055j  0.25467582-0.24973159j]
 [ 0.25101932-0.24975592j -0.24575965+0.25003911j  0.24420926-0.25303014j
  -0.24830703+0.25406545j  0.24907911-0.25356449j -0.25254336+0.25108845j
   0.25096817-0.24985315j -0.24939845+0.24709463j]
 [ 0.24816857-0.24978438j  0.25358376-0.24703213j -0.25042416+0.24876645j
  -0.25172597+0.24986789j  0.25055357-0.24864359j  0.24891282-0.25279951j
  -0.24975376+0.25110745j -0.25166141+0.24710792j]
 [ 0.25115331-0.2484181j  -0.25234286+0.24809503j -0.25630228+0.25259645j
   0.25019681-0.24531051j  0.24628374-0.24919773j -0.25019602+0.25112062j
  -0.24571921+0.2529612j   0.24815388-0.25169116j]
 [ 0.24911802-0.25224748j  0.24775326-0.24982985j  0.24970077-0.25124971j
   0.24646633-0.25158193j -0.2477546 +0.25045054j -0.25152275+0.24950626j
  -0.25269915+0.25163603j -0.25086214+0.24751671j]
 [ 0.24556484-0.25111092j -0.25266759+0.25151714j  0.25071851-0.24927371j
  -0.24887305+0.25388173j -0.25150079+0.2464426j   0.25087798-0.2470567j
  -0.24916918+0.25125537j  0.25158611-0.24834464j]
 [ 0.24745178-0.24721598j  0.24808247-0.25362827j -0.25134257+0.24968756j
  -0.25119443+0.25184883j -0.25221413+0.25566008j -0.24818733+0.24918444j
   0.24866718-0.24845749j  0.24479333-0.25215488j]
 [ 0.25442025-0.24666163j -0.25541056+0.24573325j -0.25105395+0.24622467j
   0.24799208-0.24772959j -0.25063132+0.25135105j  0.24651236-0.25235268j
   0.25049021-0.24814049j -0.25083641+0.25417063j]]

********* Summary *****************
Final fidelity error 4.9090705486420916e-05
Final penalized l2 error 3.285639593924764e-05
Final penalized TV regularizer 0.0015208848966537227
Final objective value 0.0015699754598511853
Final norm value 15.208848966537227
Final l2 value 0.0032856395939247643
Final error 6.347544134903857e-10
Terminate reason Exceed the maximum number of iteration of ADMM
Number of iterations 100
Completed in 0:01:45.947003 HH:MM:SS.US
Computational time 105.947003208
Time for each iteration [4.469502792, 2.324388666000001, 6.579659375999999, 4.235669749000001, 8.294316458999997, 5.929508958000001, 10.048061791999999, 7.657423666, 11.720677876, 9.352502416, 13.352501958999998, 10.952935124, 14.920728251, 12.368392540999999, 16.398803626, 13.936989124, 17.753868668, 15.101327207, 19.106272626000003, 16.453725457, 20.458429585, 17.649474373, 21.682881794, 18.874177873000004, 22.909084001999997, 20.068515498000007, 24.043883001999998, 21.171638206000008, 25.152508918999995, 22.23617128900001, 26.157454002999994, 23.29886337200001, 27.226272752999993, 24.36761437200001, 28.16614466999999, 25.40619028800001, 29.137691961999995, 26.416945621000007, 30.093266336999992, 27.40418149600001, 31.081532711999994, 28.266653830000006, 32.071949003, 29.25653783, 32.999301878, 30.152881205, 33.927576712000004, 31.019146413, 34.829820045000005, 31.90602208, 35.67992904500001, 32.757967246999996, 36.561506795, 33.637514497, 37.34936092000001, 34.49163807999999, 38.17985308700001, 35.355114870999984, 39.06802225400001, 36.24245953799999, 39.958602004000014, 37.038997370999994, 40.69260737900001, 37.834768454, 41.521803463, 38.696333620000004, 42.321075838, 39.465577495000005, 43.152797879999994, 40.265204495000006, 43.91017617199999, 41.04718424500001, 44.69266737999999, 41.89907574500002, 45.32404954699999, 42.623795453000014, 46.089867213999995, 43.42511941100001, 46.888741296999996, 44.254281745, 47.64664888, 45.018361328, 48.369031672000006, 45.78722582799999, 49.13193963000002, 46.55515391199998, 49.889717838000024, 47.310802744999975, 50.67975004700003, 48.10300178599998, 51.41793896400003, 48.77767799399997, 52.148548923000035, 49.503525243999974, 52.90403829800003, 50.228675909999964, 53.659314715000036, 50.89437011799997, 54.386023715000036, 51.56097949299996]
