Final evolution
[[ 0.2506166 -0.25130966j  0.24972202-0.24965974j  0.24898453-0.24905334j
   0.25037982-0.25000983j  0.25009193-0.24885035j  0.25033176-0.2494685j
   0.25046202-0.2497221j   0.25132437-0.24999718j]
 [ 0.25063119-0.24983206j -0.24857164+0.25023645j  0.24898724-0.25111871j
  -0.2498819 +0.25112065j  0.24965657-0.25103774j -0.25097043+0.24970481j
   0.2498211 -0.24980971j -0.24947516+0.24912584j]
 [ 0.24970099-0.24956449j  0.2508922 -0.24931349j -0.24997689+0.24919851j
  -0.25050696+0.25000347j  0.25014747-0.24952277j  0.24974774-0.25105219j
  -0.25025051+0.25033972j -0.25025431+0.24951959j]
 [ 0.2507284 -0.24958184j -0.25041177+0.2499218j  -0.25162077+0.25055131j
   0.24978589-0.24914441j  0.24905135-0.24965931j -0.24987099+0.25011303j
  -0.24911165+0.25098253j  0.24917485-0.25027381j]
 [ 0.24998088-0.25043765j  0.24925461-0.250295j    0.25012176-0.25050546j
   0.24896691-0.25069074j -0.24946886+0.25033124j -0.25024427+0.24950876j
  -0.25041807+0.25042294j -0.25018381+0.24916018j]
 [ 0.2484723 -0.25006442j -0.25061641+0.25028559j  0.25008427-0.24979171j
  -0.24975089+0.25054182j -0.25070019+0.24925799j  0.25034911-0.24971303j
  -0.24996268+0.24997312j  0.25054088-0.24988606j]
 [ 0.24996083-0.2492172j   0.24938724-0.25067323j -0.25046615+0.25038246j
  -0.25043396+0.25030631j -0.2501387 +0.25188493j -0.24968668+0.24951309j
   0.2495213 -0.24957679j  0.2485485 -0.25028544j]
 [ 0.25061737-0.24926898j -0.25143557+0.24930682j -0.2501157 +0.24902231j
   0.24951377-0.24895073j -0.24994448+0.25023842j  0.24920948-0.25050741j
   0.24995261-0.24966684j -0.25075333+0.25147703j]]

********* Summary *****************
Final fidelity error 3.5855497954040416e-06
Final penalized l2 error 2.097065492030477e-06
Final penalized TV regularizer 0.0001639135809490943
Final objective value 0.00016749909575160087
Final norm value 16.391358094909428
Final l2 value 0.0002097065492030477
Final error 4.6889754544885085e-11
Terminate reason Exceed the maximum number of iteration of ADMM
Number of iterations 100
Completed in 0:01:48.139674 HH:MM:SS.US
Computational time 108.139674
Time for each iteration [6.173220958, 2.6965079999999997, 8.373637875, 4.575085708000001, 10.249588207999999, 6.425628416999999, 12.035103666000005, 8.237730416999995, 13.761887374000004, 9.775558376, 15.201784789999998, 11.123952251000006, 16.585398123999994, 12.576574501000003, 18.00408958199999, 14.056865209000009, 19.455724373999992, 15.446568792000008, 20.84500220799999, 16.77156020800001, 22.197632791999986, 17.998665416000016, 23.36653158399998, 19.070532374000017, 24.440772625999983, 20.138666457000014, 25.480100208999986, 21.273591916000015, 26.493375583999985, 22.386092999000013, 27.538673625999984, 23.39261999900001, 28.67194579199999, 24.31005208300001, 29.74466345799999, 25.262907917000007, 30.81692958299999, 26.27558808300001, 31.829280666999992, 27.262549666000005, 32.87245849999999, 28.273024125000006, 33.88499775, 29.191996916000008, 34.83176466699999, 30.215580458000005, 35.742675917, 31.337581916000005, 36.80310791699999, 32.311065541000005, 37.764267042, 33.231174208, 38.661297375000004, 34.16267795799999, 39.59287033300001, 34.99487004199999, 40.459814166000015, 35.79610112499998, 41.42925529100002, 36.78435508399998, 42.30102583200002, 37.66265479299997, 43.14739899800003, 38.517242959999976, 43.99000437300002, 39.38090495999998, 44.79075620600001, 40.18998191899999, 45.633614331000004, 41.000022584999996, 46.445867373, 41.823612002000004, 47.259017039, 42.676324127, 48.007873956, 43.560761294, 48.82032787199999, 44.33603508600001, 49.46250212199999, 45.103778586000004, 50.225149789, 45.84093441899999, 50.871181706, 46.611306669, 51.61178583099999, 47.31355846000001, 52.28614066499999, 48.023476126000006, 52.99295791499999, 48.73228425100001, 53.67094028999999, 49.34866575100001, 54.34457870699998, 50.024575126000016, 55.01779912399998, 50.63708770900001, 55.66124979099999, 51.28130350000001, 56.27563158299999, 51.86404241700001]
