Final evolution
[[ 1.46290914e-03+0.50044125j  1.91511385e-03+0.4998394j
   3.36113677e-03+0.49989734j  1.17727629e-03+0.49980325j]
 [-6.54323831e-04+0.49976494j  1.59654616e-03-0.50028646j
  -2.01927646e-04+0.49988246j  9.90078453e-04-0.50006198j]
 [-9.12414167e-05+0.49981655j -2.88859107e-03+0.49989101j
  -4.13768896e-04-0.49992898j  2.23185695e-03-0.50034978j]
 [ 5.16781574e-04+0.49997413j  8.84145785e-04-0.49996767j
  -2.36617316e-03-0.50027401j -1.67446065e-03+0.49977462j]]

********* Summary *****************
Final fidelity error 5.7712991481384535e-06
Final penalized l2 error 4.701397309609716e-05
Final penalized TV regularizer 0.003152194182837625
Final objective value 0.0031579656401625683
Final norm value 3.1521941828376248
Final l2 value 0.004701397309609716
Final error 9.949917409249918e-08
Terminate reason Exceed the maximum number of iteration of ADMM
Number of iterations 100
Completed in 0:00:47.275066 HH:MM:SS.US
Computational time 47.275065898895264
Time for each iteration [1.6995060443878174, 1.6924347877502441, 2.984410285949707, 2.5259456634521484, 3.821857213973999, 3.3754286766052246, 4.600640296936035, 4.143233776092529, 5.386634349822998, 4.825904607772827, 6.117042303085327, 5.338969707489014, 7.2374491691589355, 6.039608955383301, 8.036994934082031, 6.8928492069244385, 8.837997913360596, 7.621876955032349, 9.451539039611816, 8.342925071716309, 10.08931589126587, 8.903107166290283, 10.70539665222168, 9.279545307159424, 11.387579679489136, 9.892768383026123, 12.033808469772339, 10.244795560836792, 12.691213369369507, 10.650659561157227, 13.33712649345398, 11.010277509689331, 13.92177939414978, 11.357221603393555, 14.599313497543335, 11.67777943611145, 15.25641655921936, 12.01184344291687, 15.531588554382324, 12.716888427734375, 15.866268634796143, 13.076488256454468, 16.165655851364136, 13.375002145767212, 16.81203269958496, 13.698954343795776, 17.124051570892334, 14.023097515106201, 17.44754958152771, 14.346273422241211, 17.817567586898804, 14.762129306793213, 18.138473749160767, 15.084834337234497, 18.43718457221985, 15.41944146156311, 18.7842013835907, 15.766768455505371, 19.10615062713623, 16.12556529045105, 19.47758173942566, 16.433542251586914, 19.812894582748413, 16.779449462890625, 20.123032569885254, 17.138063430786133, 20.38548445701599, 17.460055351257324, 20.77825355529785, 17.734296321868896, 21.17156672477722, 18.020040273666382, 21.506317853927612, 18.22309398651123, 21.851939916610718, 18.473559141159058, 22.257086992263794, 18.735225915908813, 22.639512062072754, 18.999048948287964, 22.83002805709839, 19.466540813446045, 23.06722402572632, 19.763345956802368, 23.425572156906128, 19.989795923233032, 23.794854164123535, 20.20276689529419, 24.10341191291809, 20.500261068344116, 24.38926100730896, 20.822368144989014, 24.62678074836731, 21.108147144317627, 24.817439794540405, 21.39451837539673, 25.03211259841919, 21.75278925895691, 25.259023666381836, 22.016042232513428]
