Final evolution
[[ 0.19453849-0.22363091j  0.25453307-0.27274802j  0.25652266-0.20165107j
   0.20795152-0.24923541j  0.28543952-0.26460842j  0.28361683-0.23318685j
   0.24928005-0.23769909j  0.2826077 -0.2762604j ]
 [ 0.34060768-0.23259186j -0.16112969+0.25308949j  0.24728254-0.29543372j
  -0.19950491+0.23347779j  0.17549152-0.3072712j  -0.27171549+0.23587708j
   0.25530485-0.20930915j -0.25237713+0.26412359j]
 [ 0.25832524-0.28738994j  0.21978729-0.24073347j -0.2549553 +0.30152047j
  -0.22601585+0.26572482j  0.22247859-0.2259169j   0.25504965-0.25895734j
  -0.25281179+0.23805663j -0.24976704+0.22626016j]
 [ 0.28286257-0.22796477j -0.2730968 +0.25969377j -0.31299536+0.19044806j
   0.263592  -0.27996187j  0.18916377-0.25834611j -0.25863663+0.19400911j
  -0.20383376+0.26706086j  0.26403613-0.23293627j]
 [ 0.26931866-0.23512317j  0.24770185-0.29633838j  0.2543035 -0.22251169j
   0.26334651-0.31056945j -0.25069911+0.27566697j -0.20534621+0.18417132j
  -0.24635991+0.2609741j  -0.26506243+0.17040592j]
 [ 0.24781867-0.25302467j -0.26328387+0.25622178j  0.26248353-0.23634792j
  -0.22220788+0.26406591j -0.25219087+0.26894528j  0.2835045 -0.23333106j
  -0.20600481+0.22696845j  0.24238573-0.2688454j ]
 [ 0.26933903-0.21348499j  0.17675329-0.29588672j -0.25271459+0.23979873j
  -0.22477034+0.23336023j -0.2081379 +0.30511075j -0.33403092+0.16725967j
   0.28141979-0.24555103j  0.24564894-0.24686221j]
 [ 0.23962794-0.17870484j -0.27340743+0.21175376j -0.20203186+0.23200266j
   0.26077349-0.2699595j  -0.21927621+0.24690657j  0.24777505-0.29534243j
   0.27781534-0.31541422j -0.24834152+0.24397368j]]

********* Summary *****************
Final fidelity error 0.009398400290767772
Final penalized l2 error 0.0037092700948699493
Final penalized TV regularizer 0.08313213412074193
Final objective value 0.09253053380985031
Final norm value 8.313213412074193
Final l2 value 0.3709270094869949
Final error 8.05014061587609e-08
Terminate reason Exceed the maximum number of iteration of ADMM
Number of iterations 100
Completed in 0:02:16.095719 HH:MM:SS.US
Computational time 136.095719292
Time for each iteration [3.4490650420000004, 8.823024665999998, 9.966413709000001, 15.655890748999997, 13.012285626, 18.413465331999998, 15.555901668000008, 21.121603206999996, 17.979769335000004, 23.141201372999998, 19.74117646000001, 25.187482622999998, 21.635646252000004, 26.980592581, 23.459575669000007, 28.817077080999997, 25.252012294000007, 30.459131747999994, 26.76769337700001, 32.217548372999985, 28.474641044000016, 33.92372391399999, 30.119598378000006, 35.31267778899999, 31.539319086000006, 36.854935996999984, 33.207870545000006, 38.211666621999996, 34.510810878, 39.507486289, 35.781447336, 40.797219414, 37.070158461000005, 42.12966245599999, 38.40303833600001, 43.33186958099999, 39.667778169, 44.46827687299999, 40.87016971, 45.674030957, 41.84948266799999, 47.067062124, 42.92654145899999, 48.14694162400001, 44.03367537599999, 49.194735874, 45.18574983399999, 50.46514791600001, 45.95850658399999, 51.735221874000004, 47.13188354299999, 52.658568707000015, 48.23322016799999, 53.648902749, 49.099325375999996, 54.472910666000004, 49.89239650099999, 55.327198249000006, 50.75545791799999, 56.27856079, 51.52309171, 57.136945456999996, 52.321118251, 57.993955623999994, 53.024218168000004, 58.756343331999986, 53.88474771000001, 59.64150524799999, 54.741822794000015, 60.37800945599999, 55.47663871100001, 61.08355199699999, 56.242005253000016, 61.758225954999986, 57.00822108700001, 62.64805995499998, 57.771100503000014, 63.32340503899998, 58.471101628000014, 64.17873070499998, 59.046166837000015, 64.85288337099998, 59.844244171000014, 65.49070762099997, 60.575297671000015, 66.28421053699999, 61.15786396300001, 66.985536537, 61.79618608800001, 67.74850020400001, 62.340278504, 68.415523121, 63.131790128999995, 68.96083103800001, 63.86685979500001, 69.59852337199999, 64.63350379500002, 70.17806220499997, 65.40524383700003, 70.69047545499998]
