Final evolution
[[ 1.44312201e-04+0.50001477j  1.74541328e-04+0.49998347j
   3.24273281e-04+0.50001281j  1.36390175e-04+0.49998878j]
 [-6.59328770e-05+0.49999657j  1.50588603e-04-0.50003515j
  -1.31451729e-05+0.49997572j  8.61256559e-05-0.49999252j]
 [-3.26580580e-05+0.49999525j -2.88723937e-04+0.5000064j
  -3.24197698e-05-0.49998262j  2.11996724e-04-0.5000156j ]
 [ 5.05865657e-05+0.49999339j  9.05907845e-05-0.49997483j
  -2.18267523e-04-0.50002869j -1.41029042e-04+0.50000301j]]

********* Summary *****************
Final fidelity error 5.2896321767192944e-08
Final penalized l2 error 4.371246202173315e-07
Final penalized TV regularizer 0.0003228095905499108
Final objective value 0.0003228625013487642
Final norm value 3.228095905499108
Final l2 value 4.371246202173315e-05
Final error 3.1553885415515774e-06
Terminate reason Exceed the maximum number of iteration of ADMM
Number of iterations 100
Completed in 0:00:44.032532 HH:MM:SS.US
Computational time 44.03253197669983
Time for each iteration [5.205737829208374, 2.7273428440093994, 7.406301736831665, 4.260742902755737, 8.41403579711914, 5.872546195983887, 9.145601511001587, 6.700112342834473, 9.648534536361694, 7.154994249343872, 11.14678955078125, 7.618473291397095, 11.673723459243774, 8.216422319412231, 12.779380559921265, 8.63902735710144, 13.190304517745972, 9.026807069778442, 13.941834688186646, 9.379914283752441, 14.470052480697632, 9.661990404129028, 14.904666185379028, 10.03866457939148, 15.163556098937988, 10.842591524124146, 15.527553081512451, 11.10474967956543, 15.91295313835144, 11.381450653076172, 16.333325147628784, 11.826109647750854, 16.609837293624878, 12.102163314819336, 17.00619339942932, 12.414504289627075, 17.306215524673462, 12.689021348953247, 17.42481255531311, 13.00783920288086, 17.886579751968384, 13.280393123626709, 18.158869743347168, 13.494068145751953, 18.30059051513672, 13.826098203659058, 18.58495545387268, 14.087263345718384, 18.72758936882019, 14.456676483154297, 18.988186359405518, 14.718729257583618, 19.2856125831604, 15.015664339065552, 19.511783361434937, 15.289259433746338, 19.73905849456787, 15.52778434753418, 19.85783553123474, 15.6702721118927, 20.142611742019653, 15.860433101654053, 20.522554636001587, 16.1179621219635, 20.63954186439514, 16.25824999809265, 20.991223573684692, 16.504046201705933, 21.26046371459961, 16.64436101913452, 21.459279775619507, 16.819649934768677, 21.57611608505249, 17.123840808868408, 21.78643488883972, 17.381423950195312, 21.981963872909546, 17.509742975234985, 22.251024961471558, 17.69686794281006, 22.532208919525146, 17.94489288330078, 22.83145809173584, 18.195947647094727, 23.022695302963257, 18.339348554611206, 23.142203092575073, 18.602543830871582, 23.322269916534424, 18.722023963928223, 23.477752685546875, 18.889302015304565, 23.75293779373169, 19.212390899658203, 23.9441819190979, 19.344117641448975, 24.075460195541382, 19.475536584854126, 24.362704038619995, 19.669827938079834]
