Final evolution
[[ 8.71010387e-05+0.50002339j  8.96289629e-05+0.49997853j
   1.17219232e-04+0.49998415j  2.88471689e-05+0.5000139j ]
 [-5.09421541e-05+0.49999584j  6.96802353e-05-0.50000561j
  -1.93926149e-05+0.49999659j  8.64983876e-05-0.50000194j]
 [ 1.06016600e-06+0.50000721j -3.15736295e-05+0.49999085j
  -9.91542669e-06-0.50000695j  7.10870715e-05-0.49999499j]
 [ 8.48002125e-07+0.49997354j  1.05139551e-05-0.500025j
  -5.36712665e-05-0.5000123j  -4.86032167e-05+0.49998916j]]

********* Summary *****************
Final fidelity error 7.540615909462645e-09
Final penalized l2 error 1.0636417753960817e-07
Final penalized TV regularizer 4.360567064323098e-05
Final objective value 4.361322309156437e-05
Final norm value 4.360567064323098
Final l2 value 1.0636417753960816e-05
Final error 5.020717144972769e-13
Terminate reason Exceed the maximum number of iteration of ADMM
Number of iterations 100
Completed in 0:00:24.694748 HH:MM:SS.US
Computational time 24.694748163223267
Time for each iteration [1.7571420669555664, 1.3129560947418213, 2.95668888092041, 2.424513339996338, 3.816359519958496, 3.2065744400024414, 4.511798620223999, 3.9470174312591553, 5.071794748306274, 4.481245279312134, 5.587291717529297, 4.996288537979126, 6.03777551651001, 5.366111516952515, 6.410999536514282, 5.7088234424591064, 6.73003077507019, 6.024970293045044, 7.049875736236572, 6.333024263381958, 7.3435328006744385, 6.618697166442871, 7.628961801528931, 6.785021066665649, 7.888982772827148, 6.96533727645874, 8.083881855010986, 7.109501361846924, 8.23147177696228, 7.251806259155273, 8.378246784210205, 7.400132179260254, 8.521339893341064, 7.544031143188477, 8.665030002593994, 7.687466144561768, 8.807647943496704, 7.807014226913452, 8.95992398262024, 7.925305128097534, 9.079884052276611, 8.069186925888062, 9.199838161468506, 8.18698787689209, 9.344232082366943, 8.306511878967285, 9.486455202102661, 8.42421293258667, 9.62987208366394, 8.543280839920044, 9.771886110305786, 8.661882877349854, 9.912975072860718, 8.779203176498413, 10.05354380607605, 8.89821743965149, 10.194616556167603, 9.015578269958496, 10.335376739501953, 9.134445190429688, 10.477168083190918, 9.251712083816528, 10.617916822433472, 9.370463371276855, 10.762221574783325, 9.490042448043823, 10.904741525650024, 9.60963749885559, 11.048912525177002, 9.72944951057434, 11.192659378051758, 9.849296808242798, 11.336217164993286, 9.968894958496094, 11.479719161987305, 10.08818793296814, 11.623467206954956, 10.206636905670166, 11.752434968948364, 10.338221073150635, 11.88376498222351, 10.4671471118927, 12.01239013671875, 10.597484111785889, 12.143849849700928, 10.727224111557007, 12.272577047348022, 10.85952091217041, 12.404337167739868, 10.989871740341187, 12.534516334533691, 11.119618654251099, 12.66374921798706, 11.248522996902466, 12.793277025222778, 11.3806791305542, 12.924888849258423, 11.510457277297974, 13.054646730422974, 11.640101432800293]
Final evolution
[[ 8.76385985e-05+0.50002387j  9.03273186e-05+0.49997842j
   1.17988518e-04+0.4999839j   2.91239698e-05+0.50001378j]
 [-5.12551092e-05+0.4999958j   7.00403445e-05-0.50000577j
  -1.98000477e-05+0.49999641j  8.71903264e-05-0.50000201j]
 [ 1.23156081e-06+0.50000716j -3.16128260e-05+0.49999054j
  -1.01106878e-05-0.50000728j  7.13397847e-05-0.49999502j]
 [ 8.09751032e-07+0.49997317j  1.05547197e-05-0.50002526j
  -5.37466364e-05-0.5000124j  -4.91838843e-05+0.49998917j]]

********* Summary *****************
Final fidelity error 7.643591648509585e-09
Final penalized l2 error 1.0839765014224259e-07
Final penalized TV regularizer 4.3598225599703244e-05
Final objective value 4.3605881138572744e-05
Final norm value 4.359822559970324
Final l2 value 1.0839765014224258e-05
Final error 5.016162940225137e-13
Terminate reason Exceed the maximum number of iteration of ADMM
Number of iterations 100
Completed in 0:00:25.208077 HH:MM:SS.US
Computational time 25.20807695388794
Time for each iteration [1.771461009979248, 1.3466858863830566, 3.030471086502075, 2.2045247554779053, 3.9708192348480225, 2.967005729675293, 4.740708351135254, 3.6996846199035645, 5.3082873821258545, 4.248591661453247, 5.828268527984619, 4.6884543895721436, 6.362232446670532, 5.170161485671997, 6.7196044921875, 5.5037455558776855, 7.041319370269775, 5.823563575744629, 7.399981498718262, 6.144630432128906, 7.701902627944946, 6.444176197052002, 7.927613735198975, 6.7099714279174805, 8.09683871269226, 6.923415184020996, 8.269169807434082, 7.118346214294434, 8.416486740112305, 7.261954069137573, 8.559249877929688, 7.404163122177124, 8.707857847213745, 7.549893140792847, 8.8539719581604, 7.693916082382202, 9.00203800201416, 7.814146995544434, 9.14869499206543, 7.9336278438568115, 9.269681215286255, 8.08136773109436, 9.392824411392212, 8.204272508621216, 9.54013442993164, 8.322444438934326, 9.685136318206787, 8.44685983657837, 9.833807229995728, 8.57400369644165, 9.978673458099365, 8.691651344299316, 10.124191761016846, 8.816261291503906, 10.269217729568481, 8.942698240280151, 10.417358875274658, 9.067276239395142, 10.566545724868774, 9.191205263137817, 10.716478824615479, 9.30970811843872, 10.85912799835205, 9.434813022613525, 11.002938032150269, 9.566040754318237, 11.168751001358032, 9.702533960342407, 11.322279930114746, 9.820832014083862, 11.467222929000854, 9.94705605506897, 11.626198053359985, 10.07555079460144, 11.795627117156982, 10.203519821166992, 11.940425157546997, 10.322414875030518, 12.069852113723755, 10.453560829162598, 12.202147245407104, 10.585811614990234, 12.338264226913452, 10.717557668685913, 12.474727153778076, 10.85477876663208, 12.607850313186646, 10.985631704330444, 12.748049259185791, 11.119203567504883, 12.885522365570068, 11.25538444519043, 13.022571563720703, 11.390875577926636, 13.155469417572021, 11.520879745483398, 13.288971424102783, 11.65437650680542, 13.420979499816895, 11.787097454071045]
Final evolution
[[ 8.76385985e-05+0.50002387j  9.03273186e-05+0.49997842j
   1.17988518e-04+0.4999839j   2.91239698e-05+0.50001378j]
 [-5.12551092e-05+0.4999958j   7.00403445e-05-0.50000577j
  -1.98000477e-05+0.49999641j  8.71903264e-05-0.50000201j]
 [ 1.23156081e-06+0.50000716j -3.16128260e-05+0.49999054j
  -1.01106878e-05-0.50000728j  7.13397847e-05-0.49999502j]
 [ 8.09751032e-07+0.49997317j  1.05547197e-05-0.50002526j
  -5.37466364e-05-0.5000124j  -4.91838843e-05+0.49998917j]]

********* Summary *****************
Final fidelity error 7.643591648509585e-09
Final penalized l2 error 1.0839765014224259e-07
Final penalized TV regularizer 4.3598225599703244e-05
Final objective value 4.3605881138572744e-05
Final norm value 4.359822559970324
Final l2 value 1.0839765014224258e-05
Final error 5.016162940225137e-13
Terminate reason Exceed the maximum number of iteration of ADMM
Number of iterations 100
Completed in 0:00:25.506808 HH:MM:SS.US
Computational time 25.506808042526245
Time for each iteration [1.8127460479736328, 1.4051871299743652, 3.0942249298095703, 2.3045480251312256, 4.033475875854492, 3.1066973209381104, 4.788215637207031, 3.84830641746521, 5.376777410507202, 4.380350589752197, 5.882603406906128, 4.814672470092773, 6.429518461227417, 5.291343450546265, 6.792529582977295, 5.62662148475647, 7.119723558425903, 5.955676317214966, 7.448319673538208, 6.2654712200164795, 7.757448673248291, 6.569450378417969, 7.986440658569336, 6.836702346801758, 8.164032697677612, 7.063243389129639, 8.33853554725647, 7.276283502578735, 8.493440389633179, 7.426700592041016, 8.637508392333984, 7.58703875541687, 8.785338401794434, 7.743348836898804, 8.930018186569214, 7.897099018096924, 9.079519987106323, 8.018671035766602, 9.225419044494629, 8.140511989593506, 9.346864223480225, 8.284029960632324, 9.469495058059692, 8.404744863510132, 9.612983226776123, 8.523010969161987, 9.754673957824707, 8.645447254180908, 9.90296196937561, 8.7637460231781, 10.050968885421753, 8.883983135223389, 10.193307876586914, 9.007168054580688, 10.34075117111206, 9.130768775939941, 10.486589431762695, 9.25359845161438, 10.631914615631104, 9.37433648109436, 10.779515504837036, 9.536421537399292, 10.941320657730103, 9.656624555587769, 11.083983421325684, 9.77434253692627, 11.23256540298462, 9.900718688964844, 11.380608558654785, 10.02443242073059, 11.528683423995972, 10.148428678512573, 11.671687364578247, 10.267814636230469, 11.818363428115845, 10.389749526977539, 11.96383547782898, 10.512754678726196, 12.099510192871094, 10.64510464668274, 12.235231399536133, 10.783474445343018, 12.372421741485596, 10.915308237075806, 12.5047128200531, 11.04906415939331, 12.637969017028809, 11.182103872299194, 12.77145528793335, 11.317439794540405, 12.908446073532104, 11.464319944381714, 13.05476713180542, 11.60783076286316, 13.19443130493164, 11.747910499572754, 13.333983421325684, 11.881463766098022, 13.489833354949951, 12.016974687576294]
Final evolution
[[ 8.71010387e-05+0.50002339j  8.96289629e-05+0.49997853j
   1.17219232e-04+0.49998415j  2.88471689e-05+0.5000139j ]
 [-5.09421541e-05+0.49999584j  6.96802353e-05-0.50000561j
  -1.93926149e-05+0.49999659j  8.64983876e-05-0.50000194j]
 [ 1.06016600e-06+0.50000721j -3.15736295e-05+0.49999085j
  -9.91542669e-06-0.50000695j  7.10870715e-05-0.49999499j]
 [ 8.48002125e-07+0.49997354j  1.05139551e-05-0.500025j
  -5.36712665e-05-0.5000123j  -4.86032167e-05+0.49998916j]]

********* Summary *****************
Final fidelity error 7.540615909462645e-09
Final penalized l2 error 1.0636417753960817e-07
Final penalized TV regularizer 4.360567064323098e-05
Final objective value 4.361322309156437e-05
Final norm value 4.360567064323098
Final l2 value 1.0636417753960816e-05
Final error 5.020717144972769e-13
Terminate reason Exceed the maximum number of iteration of ADMM
Number of iterations 100
Completed in 0:00:24.781294 HH:MM:SS.US
Computational time 24.781293869018555
Time for each iteration [1.7571887969970703, 1.3208460807800293, 2.973111867904663, 2.4357059001922607, 3.830702066421509, 3.224165916442871, 4.526937007904053, 3.9574928283691406, 5.090518236160278, 4.4944517612457275, 5.598893880844116, 5.003310918807983, 6.05280876159668, 5.377263069152832, 6.422285795211792, 5.726034164428711, 6.747002601623535, 6.05200719833374, 7.071885824203491, 6.36490797996521, 7.373780965805054, 6.649026870727539, 7.65734601020813, 6.813616991043091, 7.91708779335022, 6.995315074920654, 8.106291770935059, 7.136909246444702, 8.248767614364624, 7.2786784172058105, 8.392890453338623, 7.42319130897522, 8.539570569992065, 7.569299221038818, 8.694584846496582, 7.713819980621338, 8.838387727737427, 7.833354234695435, 8.984640836715698, 7.953413963317871, 9.105072021484375, 8.09803295135498, 9.223260879516602, 8.21694803237915, 9.36536169052124, 8.335331201553345, 9.507314682006836, 8.453185319900513, 9.648856401443481, 8.574323654174805, 9.791020393371582, 8.693581342697144, 9.932011365890503, 8.812239408493042, 10.074255466461182, 8.932619333267212, 10.218695640563965, 9.0524320602417, 10.363329887390137, 9.17267394065857, 10.508147954940796, 9.292911767959595, 10.649871110916138, 9.410916805267334, 10.791059970855713, 9.52805781364441, 10.934900045394897, 9.648325681686401, 11.079290390014648, 9.768911600112915, 11.22374415397644, 9.888420581817627, 11.367269277572632, 10.007777690887451, 11.510392189025879, 10.126491785049438, 11.653686046600342, 10.244204759597778, 11.783130168914795, 10.374784708023071, 11.913172245025635, 10.50623345375061, 12.04320240020752, 10.636759519577026, 12.172511577606201, 10.765832424163818, 12.301799297332764, 10.895801782608032, 12.441537141799927, 11.025211811065674, 12.572788953781128, 11.157768964767456, 12.71626591682434, 11.287647008895874, 12.845852851867676, 11.417423248291016, 12.975843667984009, 11.546969175338745, 13.105105876922607, 11.676187992095947]
