Final evolution
[[ 1.88937038e-03+0.50037306j  2.24489277e-03+0.49997072j
   3.55788885e-03+0.49991184j  9.16257562e-04+0.49972205j]
 [-9.33822765e-04+0.49974748j  1.93048809e-03-0.50035546j
  -6.39921789e-05+0.49994965j  1.35218608e-03-0.49994077j]
 [ 1.39061478e-05+0.4998522j  -2.73854638e-03+0.49978996j
  -3.31782705e-04-0.49989245j  2.71625937e-03-0.50045012j]
 [ 5.33205915e-04+0.50002231j  8.66200330e-04-0.49986665j
  -2.75681717e-03-0.50022562j -1.64264242e-03+0.49987401j]]

********* Summary *****************
Final fidelity error 6.955748901638081e-06
Final penalized l2 error 6.366958308771352e-05
Final penalized TV regularizer 0.003254062441842468
Final objective value 0.003261018366140581
Final norm value 3.2540624418424677
Final l2 value 0.006366958308771351
Final error 1.7438703281167865e-08
Terminate reason Exceed the maximum number of iteration of ADMM
Number of iterations 100
Completed in 0:00:47.605908 HH:MM:SS.US
Computational time 47.605907917022705
Time for each iteration [1.7224078178405762, 1.244840145111084, 2.791346788406372, 2.059669017791748, 3.5825588703155518, 2.8389511108398438, 4.361849784851074, 3.5854721069335938, 5.150383710861206, 4.396310091018677, 5.870343923568726, 5.066514015197754, 6.546437740325928, 5.739794015884399, 7.0753960609436035, 6.450117826461792, 7.74839186668396, 6.966852903366089, 8.250006914138794, 7.496341943740845, 8.777631044387817, 8.034986972808838, 9.317023992538452, 8.5859956741333, 9.868333101272583, 9.140300750732422, 10.432305097579956, 9.666554689407349, 10.995044231414795, 10.193525552749634, 11.573686122894287, 10.719663858413696, 12.088021993637085, 11.049675703048706, 12.722060203552246, 11.396178722381592, 13.248023271560669, 11.815194606781006, 13.797201156616211, 12.124393701553345, 14.282442331314087, 12.431194543838501, 14.788450479507446, 12.725988388061523, 15.296362400054932, 13.032464504241943, 15.791306257247925, 13.326769590377808, 16.27424716949463, 13.655983686447144, 16.778732299804688, 13.965768575668335, 17.256014108657837, 14.27526569366455, 17.7344651222229, 14.573466777801514, 18.044527292251587, 15.003057718276978, 18.318700313568115, 15.456254720687866, 18.593459129333496, 15.89742374420166, 18.89131808280945, 16.219599723815918, 19.32112431526184, 16.505703449249268, 19.787150621414185, 16.792033195495605, 20.23980951309204, 17.080808401107788, 20.56434941291809, 17.525993585586548, 20.85251235961914, 18.005996465682983, 21.140716314315796, 18.437625646591187, 21.41681218147278, 18.726029634475708, 21.84834933280945, 19.026085376739502, 22.268798351287842, 19.290218591690063, 22.701210260391235, 19.542917728424072, 23.13338017463684, 19.795101642608643, 23.52933430671692, 20.04732060432434, 23.949641227722168, 20.2997784614563, 24.359312534332275, 20.563705444335938, 24.76768946647644, 20.839653253555298, 25.186960697174072, 21.10282015800476, 25.604782819747925, 21.354713201522827, 25.999751806259155, 21.60615611076355]
