Final evolution
[[-0.00028732+0.49636955j  0.00685813+0.50441625j  0.01193011+0.49751708j
  -0.00602415+0.50143049j]
 [ 0.00703514+0.50325291j -0.00877281-0.50098566j  0.00779471+0.50259816j
   0.00486597-0.49288342j]
 [-0.01189734+0.50461178j  0.01051842+0.49417699j  0.00502307-0.50179562j
  -0.00326091-0.49906829j]
 [-0.01764321+0.49519524j -0.01014479-0.50002916j  0.01164161-0.49770388j
  -0.00892811+0.5063733j ]]

********* Summary *****************
Final fidelity error 0.00019902512816438733
Final penalized l2 error 0.00043693387805542435
Final penalized TV regularizer 0.04883234493569653
Final objective value 0.04903136963593189
Final norm value 4.883234493569653
Final l2 value 0.04369338780554243
Final error 0.02992043457976026
Terminate reason Exceed the maximum number of iteration of ADMM
Number of iterations 100
Completed in 0:05:56.032111 HH:MM:SS.US
Computational time 356.0321111679077
Time for each iteration [1.8587100505828857, 6.026710033416748, 6.1662211418151855, 10.770234107971191, 9.815102100372314, 14.638987064361572, 10.830191135406494, 18.46973204612732, 16.739485025405884, 22.76680016517639, 20.329264879226685, 27.9209942817688, 23.387709856033325, 30.487064123153687, 26.333760023117065, 34.70255708694458, 29.25439190864563, 37.21449828147888, 32.403464794158936, 41.23621129989624, 38.5849027633667, 44.141005516052246, 41.32795763015747, 49.45369529724121, 44.61328983306885, 53.32842135429382, 48.94365477561951, 57.23778247833252, 53.01303768157959, 60.07145166397095, 56.07001543045044, 63.41360378265381, 62.478583335876465, 69.9950098991394, 66.901522397995, 77.83288073539734, 74.83040452003479, 82.42096376419067, 79.55585741996765, 91.89004254341125, 86.28382158279419, 94.72216558456421, 89.0966854095459, 98.78555393218994, 93.33582019805908, 102.68171405792236, 98.40223407745361, 105.1006212234497, 102.60070395469666, 109.5885181427002, 108.66849899291992, 112.17479014396667, 111.35289907455444, 115.12059807777405, 113.64835810661316, 117.44227409362793, 115.951092004776, 119.13361310958862, 118.07184314727783, 121.33930397033691, 120.09415221214294, 123.4960708618164, 122.17284822463989, 125.56310868263245, 125.78751349449158, 127.91247963905334, 128.58895254135132, 130.5872347354889, 130.45512533187866, 134.49681282043457, 132.6196162700653, 137.16940188407898, 135.75184726715088, 139.7116301059723, 138.0127658843994, 143.7297773361206, 140.23858499526978, 146.24938297271729, 143.44945120811462, 148.33109593391418, 147.3607680797577, 150.45334005355835, 150.8248221874237, 153.25345587730408, 154.6486291885376, 155.35010194778442, 158.5408661365509, 158.13274788856506, 162.0329144001007, 160.32312178611755, 165.5301923751831, 164.32756066322327, 168.95435237884521, 167.1994936466217, 172.4099383354187, 170.25849270820618, 175.9546914100647, 173.35687470436096, 179.66173648834229, 176.37037467956543]
