Final evolution
[[ 0.01561245+0.49782586j  0.02269153+0.49853306j  0.01172776+0.49305241j
   0.00201613+0.50954222j]
 [-0.0038653 +0.49929624j  0.00210894-0.49014184j -0.01724096+0.50907257j
   0.0216035 -0.50052573j]
 [-0.00621796+0.50403274j  0.00438007+0.49860476j  0.01537953-0.5014451j
   0.01105401-0.49545991j]
 [ 0.00538409+0.49849507j -0.02153168-0.511485j    0.00240288-0.4956008j
  -0.00347639+0.49371565j]]

********* Summary *****************
Final fidelity error 0.00039637927718816357
Final penalized l2 error 0.0011077186529615383
Final penalized TV regularizer 0.027499547841996107
Final objective value 0.027895927533872888
Final norm value 2.749954784199611
Final l2 value 0.11077186529615383
Final error 2.2909129196735942e-07
Terminate reason Exceed the maximum number of iteration of ADMM
Number of iterations 100
Completed in 0:01:27.828330 HH:MM:SS.US
Computational time 87.82832980155945
Time for each iteration [1.701004981994629, 3.883212089538574, 5.330952882766724, 9.539776086807251, 7.914541006088257, 13.719888925552368, 10.611143112182617, 18.498579025268555, 15.540452003479004, 22.66006898880005, 18.844768047332764, 26.76079511642456, 21.061547994613647, 28.449167013168335, 22.474955081939697, 29.870193004608154, 23.49141001701355, 30.709889888763428, 24.161099195480347, 31.558775901794434, 24.8874990940094, 32.43999791145325, 25.75441026687622, 33.474514961242676, 26.596583127975464, 34.26109981536865, 27.326884269714355, 34.927231788635254, 27.877385139465332, 35.30542492866516, 28.675575971603394, 35.95535206794739, 29.2396559715271, 36.84975600242615, 29.85435914993286, 37.38723683357239, 30.394586086273193, 37.78784370422363, 30.91011929512024, 38.27719068527222, 31.36067819595337, 38.7479567527771, 31.826961278915405, 39.235071897506714, 32.25826811790466, 39.57733774185181, 32.76758623123169, 39.85808968544006, 33.0968542098999, 40.33727288246155, 33.383944034576416, 40.66305899620056, 33.738520860672, 40.932963132858276, 34.088491916656494, 41.2038369178772, 34.460679054260254, 41.4689359664917, 34.750406980514526, 41.839816093444824, 34.993152141571045, 42.108025789260864, 35.26949119567871, 42.49229073524475, 35.5219612121582, 42.755088806152344, 35.79128313064575, 43.089380979537964, 36.06124019622803, 43.369927644729614, 36.35371541976929, 43.65392756462097, 36.78950524330139, 43.90952777862549, 37.055108308792114, 44.175315618515015, 37.37838840484619, 44.43345761299133, 37.764432430267334, 44.69067978858948, 38.04954719543457, 45.02996587753296, 38.29486608505249, 45.29807090759277, 38.55307126045227, 45.86222577095032, 38.79409217834473, 46.092203855514526, 39.06585621833801, 46.30985474586487, 39.31510829925537, 46.52808952331543, 39.588149547576904, 46.72208642959595, 39.84583568572998, 46.93960213661194, 40.18108797073364, 47.155720233917236, 40.4212486743927, 47.40708112716675]
