Final evolution
[[ 4.56446255e-05+0.50001655j  5.75190237e-05+0.49998133j
   5.07867106e-05+0.49999875j  1.08656875e-05+0.50000337j]
 [-3.60085446e-05+0.49999063j  3.79281055e-05-0.50000955j
  -9.87429909e-06+0.49999407j  3.60010227e-05-0.50000575j]
 [-5.73618617e-06+0.50000264j -1.11095039e-05+0.49999948j
   1.43882230e-05-0.4999969j   4.39687075e-05-0.50000097j]
 [-3.67740526e-06+0.49999018j -4.74540376e-06-0.50000964j
  -3.62532630e-05-0.50001028j -7.12271668e-06+0.4999899j ]]

********* Summary *****************
Final fidelity error 2.1516333159610213e-09
Final penalized l2 error 3.9888189391344624e-08
Final penalized TV regularizer 4.357098794654899e-06
Final objective value 4.359254633495677e-06
Final norm value 4.357098794654899
Final l2 value 3.988818939134462e-06
Final error 3.647868922342347e-14
Terminate reason Exceed the maximum number of iteration of ADMM
Number of iterations 100
Completed in 0:00:23.370190 HH:MM:SS.US
Computational time 23.370190143585205
Time for each iteration [2.9470152854919434, 1.5146808624267578, 4.210129499435425, 2.4858176708221436, 4.966084718704224, 3.140122652053833, 5.600668430328369, 3.7135567665100098, 6.025439500808716, 4.094494819641113, 6.420010566711426, 4.446440696716309, 6.751968622207642, 4.761402606964111, 6.962390661239624, 4.955522537231445, 7.124115705490112, 5.11128044128418, 7.279811859130859, 5.2561492919921875, 7.428106069564819, 5.401770353317261, 7.619004964828491, 5.5480241775512695, 7.753758907318115, 5.707308292388916, 7.876605033874512, 5.855967283248901, 8.010046005249023, 5.991410255432129, 8.133091926574707, 6.125571250915527, 8.267035007476807, 6.264522314071655, 8.408031702041626, 6.395591497421265, 8.54138469696045, 6.528878450393677, 8.678318738937378, 6.6657984256744385, 8.812148809432983, 6.799578428268433, 8.945326805114746, 6.9305503368377686, 9.077245950698853, 7.061050176620483, 9.207706212997437, 7.193669080734253, 9.341909170150757, 7.323942184448242, 9.47182011604309, 7.453517198562622, 9.605295181274414, 7.585309028625488, 9.738262176513672, 7.717331886291504, 9.8723464012146, 7.847148895263672, 10.001954317092896, 7.976790904998779, 10.132492303848267, 8.10992693901062, 10.265396356582642, 8.240211009979248, 10.394915103912354, 8.373157262802124, 10.524707078933716, 8.507618188858032, 10.658461093902588, 8.647741079330444, 10.791240215301514, 8.784861087799072, 10.92826509475708, 8.918255090713501, 11.068268060684204, 9.085064172744751, 11.2066068649292, 9.220008373260498, 11.344061851501465, 9.35338020324707, 11.482370138168335, 9.48688793182373, 11.617225408554077, 9.622767686843872, 11.751917600631714, 9.755903482437134, 11.887411832809448, 9.888139486312866, 12.021889686584473, 10.024390697479248, 12.15667462348938, 10.159202575683594, 12.288463830947876, 10.290829420089722, 12.420280933380127, 10.42408537864685, 12.552046775817871, 10.556185483932495, 12.684250831604004, 10.685939311981201]
