Final evolution
[[-0.03340401+0.51298172j -0.00017875+0.47736078j -0.02452752+0.45485481j
  -0.12660434+0.53323299j]
 [ 0.03472756+0.48027639j -0.06896278-0.52435596j  0.16327867+0.51622487j
  -0.06068127-0.4377137j ]
 [ 0.00891321+0.55854194j  0.10696977+0.42961635j -0.00814878-0.4907246j
   0.00900012-0.50097972j]
 [-0.14163963+0.41442994j  0.0481411 -0.54230187j  0.02176242-0.50794372j
  -0.04679223+0.50110599j]]

********* Summary *****************
Final fidelity error 0.014669328598953424
Final penalized l2 error 0.022077066100156577
Final penalized TV regularizer 0.41698791865440693
Final objective value 0.43165724068870265
Final norm value 4.169879186544069
Final l2 value 2.2077066100156575
Final error 0.1376358135087261
Terminate reason Exceed the maximum number of iteration of ADMM
Number of iterations 100
Completed in 0:04:41.812794 HH:MM:SS.US
Computational time 281.81279373168945
Time for each iteration [1.795773983001709, 2.672858715057373, 3.9038751125335693, 5.409303665161133, 6.600754261016846, 7.258881568908691, 8.71479344367981, 10.528726577758789, 11.407098293304443, 12.14907169342041, 14.1094810962677, 14.372554779052734, 16.47344183921814, 18.00206995010376, 20.165671825408936, 20.441850900650024, 22.993013858795166, 22.78930377960205, 28.717043161392212, 25.415303707122803, 32.048048973083496, 28.63840079307556, 35.730188846588135, 31.78779888153076, 38.69776892662048, 35.50417900085449, 42.12193298339844, 37.77405500411987, 44.61580777168274, 39.966652154922485, 46.95559859275818, 42.61656832695007, 49.21618342399597, 45.03288149833679, 52.13425135612488, 47.966543436050415, 55.19078230857849, 50.4045524597168, 57.64719033241272, 53.97382736206055, 59.509116649627686, 57.955464124679565, 62.4415488243103, 61.167945861816406, 65.01615381240845, 64.15771007537842, 67.63447165489197, 68.38667607307434, 70.38017082214355, 70.58965110778809, 72.84521484375, 73.17791604995728, 75.67074084281921, 75.63805389404297, 77.85222601890564, 78.60803055763245, 81.32193231582642, 82.18236660957336, 84.24694418907166, 85.33902764320374, 86.54517817497253, 87.79239964485168, 90.16000008583069, 90.87319874763489, 91.77996015548706, 93.86094760894775, 95.7424533367157, 96.58211159706116, 98.26764011383057, 99.47298884391785, 101.75632381439209, 101.65406203269958, 104.26269769668579, 105.03379702568054, 106.63811874389648, 107.3981101512909, 108.87019777297974, 111.68683505058289, 111.27552461624146, 113.95964026451111, 114.35087466239929, 116.44676303863525, 116.66158485412598, 119.47221612930298, 121.18480467796326, 122.16910600662231, 124.79054379463196, 124.34256410598755, 127.69416165351868, 127.24838614463806, 129.85655570030212, 129.65991711616516, 132.89451956748962, 131.96084833145142, 135.45591855049133, 134.98598217964172, 139.44750452041626, 137.20451712608337, 141.56944870948792, 140.24334502220154]
