Final evolution
[[-0.04587845+0.47131335j  0.03221467+0.51968678j  0.00866285+0.53043971j
  -0.03750909+0.47095488j]
 [-0.01592519+0.49986294j -0.03439934-0.49580861j  0.03593035+0.4921713j
  -0.01959848-0.50888727j]
 [ 0.00300418+0.49995139j  0.01846419+0.50523741j -0.02816112-0.5020211j
   0.02406104-0.49095483j]
 [-0.04692305+0.52295327j  0.00128525-0.47567946j -0.03747245-0.46990709j
  -0.0460472 +0.52317139j]]

********* Summary *****************
Final fidelity error 0.002624901389144063
Final penalized l2 error 0.0017996217255071218
Final penalized TV regularizer 0.5967732273804954
Final objective value 0.599398127585684
Final norm value 5.967732273804954
Final l2 value 0.17996217255071217
Final error 0.20332534110755154
Terminate reason Exceed the maximum number of iteration of ADMM
Number of iterations 100
Completed in 0:04:25.995885 HH:MM:SS.US
Computational time 265.9958848953247
Time for each iteration [1.6622347831726074, 2.9802591800689697, 4.707312822341919, 6.429567098617554, 8.148522853851318, 10.144707918167114, 10.981723070144653, 13.32153582572937, 13.72694706916809, 16.252893686294556, 16.691465139389038, 20.709685802459717, 19.712046146392822, 23.76678776741028, 21.631526231765747, 26.456603527069092, 25.235751390457153, 29.56846332550049, 28.176207542419434, 32.57657337188721, 30.337695598602295, 34.43301820755005, 34.65985465049744, 36.76042032241821, 38.703800678253174, 39.61386036872864, 41.34252953529358, 42.490299463272095, 43.479034185409546, 43.891682863235474, 45.50888395309448, 45.521425008773804, 48.39638090133667, 48.32626795768738, 51.70269799232483, 50.14425301551819, 53.914506912231445, 53.35195207595825, 56.21862483024597, 55.86964225769043, 59.12132954597473, 58.49923348426819, 61.402870416641235, 61.135812520980835, 64.25462031364441, 63.728230476379395, 67.36695742607117, 68.46547961235046, 70.08575940132141, 71.40676641464233, 71.81220030784607, 73.13065767288208, 74.25785517692566, 76.48451066017151, 76.70806121826172, 78.12402367591858, 79.77511405944824, 79.36018776893616, 82.64047718048096, 81.05698275566101, 84.63066220283508, 83.0942656993866, 86.96364235877991, 85.1954026222229, 89.32118725776672, 88.28294563293457, 91.48109745979309, 90.54367446899414, 93.02229452133179, 92.88115739822388, 95.28537845611572, 95.66893935203552, 97.84275650978088, 97.73162841796875, 100.77058863639832, 99.77160334587097, 103.40372943878174, 104.83986639976501, 105.34174942970276, 107.88466048240662, 107.70037531852722, 109.66254353523254, 111.76578712463379, 111.48432660102844, 115.42073130607605, 114.17714262008667, 118.39577627182007, 116.20504069328308, 121.15427422523499, 118.44310259819031, 123.36511325836182, 121.61219048500061, 125.28116846084595, 124.47977757453918, 127.6465585231781, 126.83347034454346, 130.656973361969, 129.58262968063354, 132.79025316238403, 133.20563173294067]
