Final evolution
[[-4.59570392e-04+0.50011373j  3.35075149e-05+0.50033461j
  -3.46180428e-04+0.4996589j  -5.66884581e-04+0.49989186j]
 [ 1.06233185e-04+0.49974409j -7.49247995e-04-0.49958745j
   3.82684540e-04+0.50048246j -1.11692492e-05-0.50018478j]
 [-1.06530740e-04+0.49954465j  6.04168660e-04+0.50000608j
  -1.57171271e-04-0.49992267j  1.47041378e-04-0.50052568j]
 [-2.69268974e-04+0.50059658j -2.91170197e-04-0.50007056j
   1.43454692e-04-0.4999353j  -2.96421422e-04+0.49939656j]]

********* Summary *****************
Final fidelity error 5.044546284027618e-07
Final penalized l2 error 1.9445767790116888e-06
Final penalized TV regularizer 0.007777037248763245
Final objective value 0.0077775416934943425
Final norm value 7.777037248763245
Final l2 value 0.00019445767790116886
Final error 0.2866086628850517
Terminate reason Exceed the maximum number of iteration of ADMM
Number of iterations 100
Completed in 0:17:34.124237 HH:MM:SS.US
Computational time 1054.1242370605469
Time for each iteration [3.861229181289673, 0.48889803886413574, 15.95125412940979, 11.699573040008545, 25.50769305229187, 24.248871326446533, 34.30299377441406, 36.65678143501282, 44.19965171813965, 49.123228311538696, 56.717962980270386, 59.37116813659668, 64.68674492835999, 62.534653186798096, 69.64423513412476, 75.10498023033142, 74.84165787696838, 87.12126517295837, 78.5943329334259, 97.1313943862915, 89.71476483345032, 101.10425424575806, 99.2729229927063, 105.89793920516968, 111.84791612625122, 118.28257513046265, 123.38716220855713, 130.6757848262787, 132.8409342765808, 141.20802187919617, 137.90126848220825, 153.88687372207642, 150.38430833816528, 166.5439338684082, 159.98422932624817, 179.33264684677124, 172.56139945983887, 192.01788973808289, 185.2400963306427, 204.5734736919403, 197.50039434432983, 217.3801920413971, 210.2845380306244, 229.86732602119446, 222.9622302055359, 241.76981687545776, 235.74014544487, 254.4017035961151, 248.3464846611023, 263.7390387058258, 261.1281805038452, 276.45072078704834, 268.2969355583191, 288.97432947158813, 280.85178661346436, 298.41456961631775, 293.39515352249146, 310.6126596927643, 305.98895955085754, 323.2515196800232, 318.60597944259644, 332.89521169662476, 322.01993465423584, 345.5721125602722, 334.4758086204529, 358.3534336090088, 341.39816451072693, 369.063396692276, 352.63714051246643, 381.6212525367737, 365.2611916065216, 394.1895785331726, 377.91039776802063, 405.8343062400818, 384.7914090156555, 414.76892924308777, 396.2468798160553, 426.5074303150177, 407.7822439670563, 439.12312507629395, 420.39480328559875, 451.86693572998047, 433.14848136901855, 464.4791069030762, 445.943900346756, 475.0019340515137, 458.44476222991943, 483.5578291416168, 461.3141179084778, 487.49419617652893, 473.85392904281616, 494.35295605659485, 481.3377969264984, 505.3063530921936, 494.0587022304535, 513.6521031856537, 504.6669571399689, 526.3500390052795, 515.1056303977966, 539.0186066627502]
