Final evolution
[[ 5.65146218e-05+0.50001998j  7.35929704e-05+0.49997991j
   6.27349036e-05+0.49999675j  1.53243391e-05+0.50000334j]
 [-4.63677373e-05+0.49998959j  4.56850415e-05-0.50000994j
  -1.42901239e-05+0.49999367j  4.53046853e-05-0.50000679j]
 [-7.40451999e-06+0.50000238j -1.46330063e-05+0.49999772j
   1.75798031e-05-0.49999867j  5.65055801e-05-0.50000123j]
 [-2.79922825e-06+0.49998804j -6.37125529e-06-0.50001241j
  -4.56776682e-05-0.50001091j -9.64603306e-06+0.49998863j]]

********* Summary *****************
Final fidelity error 3.368742618192755e-09
Final penalized l2 error 6.541422099227642e-08
Final penalized TV regularizer 4.40462329777908e-06
Final objective value 4.407997311958238e-06
Final norm value 4.4046232977790805
Final l2 value 6.541422099227642e-06
Final error 1.4463282492517425e-34
Terminate reason Exceed the maximum number of iteration of ADMM
Number of iterations 100
Completed in 0:00:25.376627 HH:MM:SS.US
Computational time 25.37662696838379
Time for each iteration [2.184938907623291, 1.283776044845581, 3.3989579677581787, 2.2788240909576416, 4.311715841293335, 3.0789291858673096, 5.065159797668457, 3.789147138595581, 5.620398759841919, 4.333495140075684, 6.114412784576416, 4.846295356750488, 6.620237350463867, 5.3178064823150635, 7.01812744140625, 5.676531553268433, 7.356905221939087, 6.019134759902954, 7.683906316757202, 6.331593751907349, 7.97983717918396, 6.630425691604614, 8.208395004272461, 6.926150798797607, 8.37737226486206, 7.129228591918945, 8.567299127578735, 7.271651744842529, 8.738265037536621, 7.42146897315979, 8.882744073867798, 7.563589811325073, 9.027223110198975, 7.705424785614014, 9.169007062911987, 7.849889755249023, 9.313071012496948, 7.969615936279297, 9.43415904045105, 8.090034008026123, 9.582026958465576, 8.212676763534546, 9.725389003753662, 8.332528829574585, 9.866883039474487, 8.450267791748047, 10.008039236068726, 8.5705406665802, 10.138963222503662, 8.701135873794556, 10.270814180374146, 8.832388877868652, 10.400693893432617, 8.96200704574585, 10.530491828918457, 9.09296989440918, 10.65945816040039, 9.222867727279663, 10.788360118865967, 9.354761838912964, 10.920122861862183, 9.486398220062256, 11.050871849060059, 9.617723941802979, 11.180366039276123, 9.749343872070312, 11.31253719329834, 9.881247758865356, 11.444318056106567, 10.012959718704224, 11.576387405395508, 10.143129348754883, 11.705926656723022, 10.27271318435669, 11.837250709533691, 10.404055118560791, 11.966542720794678, 10.532966136932373, 12.096184730529785, 10.66208028793335, 12.2249276638031, 10.792133092880249, 12.356168985366821, 10.922960042953491, 12.488754987716675, 11.054665803909302, 12.621386051177979, 11.186481714248657, 12.753263235092163, 11.318198680877686, 12.884987115859985, 11.447765827178955, 13.013870239257812, 11.576511859893799, 13.14507508277893, 11.706570863723755, 13.27532696723938, 11.838297128677368, 13.406867980957031, 11.969758987426758]
Final evolution
[[ 5.65146218e-05+0.50001998j  7.35929704e-05+0.49997991j
   6.27349036e-05+0.49999675j  1.53243391e-05+0.50000334j]
 [-4.63677373e-05+0.49998959j  4.56850415e-05-0.50000994j
  -1.42901239e-05+0.49999367j  4.53046853e-05-0.50000679j]
 [-7.40451999e-06+0.50000238j -1.46330063e-05+0.49999772j
   1.75798031e-05-0.49999867j  5.65055801e-05-0.50000123j]
 [-2.79922825e-06+0.49998804j -6.37125529e-06-0.50001241j
  -4.56776682e-05-0.50001091j -9.64603306e-06+0.49998863j]]

********* Summary *****************
Final fidelity error 3.368742618192755e-09
Final penalized l2 error 6.541422099227642e-08
Final penalized TV regularizer 4.40462329777908e-06
Final objective value 4.407997311958238e-06
Final norm value 4.4046232977790805
Final l2 value 6.541422099227642e-06
Final error 1.4463282492517425e-34
Terminate reason Exceed the maximum number of iteration of ADMM
Number of iterations 100
Completed in 0:00:25.638657 HH:MM:SS.US
Computational time 25.638657093048096
Time for each iteration [2.4764652252197266, 1.5855827331542969, 3.6714322566986084, 2.4285428524017334, 4.522931098937988, 3.2169530391693115, 5.248654842376709, 3.9151883125305176, 5.788229703903198, 4.45351243019104, 6.2771477699279785, 4.9637463092803955, 6.776686906814575, 5.425816297531128, 7.172668695449829, 5.7708423137664795, 7.507905960083008, 6.106557130813599, 7.831885814666748, 6.418205261230469, 8.130639791488647, 6.735739231109619, 8.363019943237305, 7.018885135650635, 8.533090829849243, 7.221404075622559, 8.726061820983887, 7.369767189025879, 8.87030291557312, 7.51371431350708, 9.020532846450806, 7.6604392528533936, 9.167072772979736, 7.807328224182129, 9.314444780349731, 7.953854322433472, 9.460567712783813, 8.07179045677185, 9.588843584060669, 8.191225528717041, 9.729854583740234, 8.311989307403564, 9.875268936157227, 8.436158180236816, 10.022032976150513, 8.559448957443237, 10.167583227157593, 8.681374788284302, 10.300496339797974, 8.812715768814087, 10.430752277374268, 8.944900751113892, 10.562569379806519, 9.076279640197754, 10.694279432296753, 9.206655740737915, 10.823847532272339, 9.336276531219482, 10.953271627426147, 9.466139316558838, 11.083725690841675, 9.596006393432617, 11.2158944606781, 9.726747512817383, 11.344878435134888, 9.85701847076416, 11.477223634719849, 9.988137483596802, 11.606451511383057, 10.117687463760376, 11.7374427318573, 10.248602151870728, 11.868951797485352, 10.37990427017212, 11.999338865280151, 10.509193181991577, 12.128541946411133, 10.638769149780273, 12.2601637840271, 10.770499467849731, 12.39226770401001, 10.902157306671143, 12.523980855941772, 11.032166004180908, 12.653868198394775, 11.162222862243652, 12.783671379089355, 11.293234586715698, 12.915499448776245, 11.423597574234009, 13.044886589050293, 11.553642511367798, 13.175269603729248, 11.68378758430481, 13.306532621383667, 11.813856601715088, 13.436509370803833, 11.943617582321167, 13.565813541412354, 12.072843551635742]
