Final evolution
[[ 2.11768258e-04+0.50002129j  1.88318454e-04+0.49994734j
   3.89944799e-04+0.5000362j   4.91514380e-05+0.49999494j]
 [-7.14530976e-05+0.49997967j  2.36823002e-04-0.50007374j
   1.24684418e-05+0.49996263j  1.86369847e-04-0.49998386j]
 [-2.30267455e-05+0.50000056j -3.06999180e-04+0.50003065j
  -1.32226599e-05-0.49993281j  3.04272407e-04-0.50003578j]
 [ 1.03451647e-04+0.49999842j  3.86003315e-05-0.49994807j
  -3.29313951e-04-0.50006809j -1.30095059e-04+0.49998527j]]

********* Summary *****************
Final fidelity error 8.528995210088652e-08
Final penalized l2 error 6.736005706987948e-07
Final penalized TV regularizer 0.00035398929035751914
Final objective value 0.00035407459556597177
Final norm value 3.539892903575191
Final l2 value 6.736005706987948e-05
Final error 1.967945275055024e-08
Terminate reason Exceed the maximum number of iteration of ADMM
Number of iterations 100
Completed in 0:00:38.175695 HH:MM:SS.US
Computational time 38.175694942474365
Time for each iteration [1.6639058589935303, 1.5065598487854004, 2.566240072250366, 2.3644418716430664, 3.2584331035614014, 2.98095965385437, 3.9484081268310547, 3.5286049842834473, 4.523728847503662, 4.150022029876709, 5.20507287979126, 4.595794916152954, 5.859304904937744, 4.89484715461731, 6.46016788482666, 5.201920032501221, 6.999685764312744, 5.813998222351074, 7.465764760971069, 6.205682992935181, 7.895952939987183, 6.470268964767456, 8.336540937423706, 6.867011070251465, 8.88207483291626, 7.255385160446167, 9.249961614608765, 7.846638202667236, 9.534381628036499, 8.157864093780518, 10.017695903778076, 8.457399845123291, 10.414036989212036, 8.72362995147705, 10.941001892089844, 9.011983871459961, 11.281569004058838, 9.30524492263794, 11.58292293548584, 9.618052005767822, 11.898025751113892, 9.911776304244995, 12.183602571487427, 10.187788486480713, 12.581786394119263, 10.451753377914429, 12.85236644744873, 10.778246641159058, 13.152377367019653, 11.065633535385132, 13.378713369369507, 11.366000652313232, 13.632029294967651, 11.6316077709198, 13.892656087875366, 11.820793867111206, 14.209614038467407, 12.15835690498352, 14.50986099243164, 12.470885753631592, 14.810403108596802, 12.760194778442383, 15.068226099014282, 13.046641826629639, 15.336824178695679, 13.324589729309082, 15.612760066986084, 13.630109786987305, 15.899230241775513, 13.92696762084961, 16.171675443649292, 14.216619491577148, 16.662940502166748, 14.496434450149536, 16.97585940361023, 14.795487642288208, 17.179635286331177, 15.25489854812622, 17.444486379623413, 15.54527759552002, 17.72845435142517, 15.824937582015991, 18.048545122146606, 16.094080686569214, 18.32792329788208, 16.327900648117065, 18.628530263900757, 16.603148698806763, 18.849874258041382, 16.90314269065857, 19.069651126861572, 17.12740182876587, 19.370951175689697, 17.354196786880493, 19.641939163208008, 17.56217861175537, 19.93071746826172, 17.7555034160614, 20.19613265991211, 17.979562282562256]
