Final evolution
[[ 2.43914319e-04+0.50002251j  2.65765059e-04+0.4999396j
   4.54850866e-04+0.50002883j  7.00784556e-05+0.50000872j]
 [-1.33272630e-04+0.49999187j  2.78195301e-04-0.50007749j
  -1.34535227e-05+0.49995648j  2.31407772e-04-0.49997399j]
 [-1.02942461e-05+0.49999832j -3.46169453e-04+0.50003936j
  -3.38646725e-05-0.49992644j  3.75114507e-04-0.50003562j]
 [ 1.22758924e-04+0.49998721j  4.63397574e-05-0.49994327j
  -4.09384358e-04-0.50008786j -1.66369503e-04+0.49998144j]]

********* Summary *****************
Final fidelity error 1.2480981514961798e-07
Final penalized l2 error 1.156718991905388e-06
Final penalized TV regularizer 0.0003698904118735893
Final objective value 0.00037001524202857986
Final norm value 3.6989041187358933
Final l2 value 0.00011567189919053881
Final error 1.1853083621550201e-08
Terminate reason Exceed the maximum number of iteration of ADMM
Number of iterations 100
Completed in 0:00:36.824153 HH:MM:SS.US
Computational time 36.82415294647217
Time for each iteration [1.8048679828643799, 1.3669688701629639, 3.0691261291503906, 2.2082457542419434, 3.805009126663208, 2.8224596977233887, 4.406553268432617, 3.3866467475891113, 4.83812403678894, 3.8448309898376465, 5.294358015060425, 4.324944972991943, 5.703382968902588, 4.757577180862427, 5.97830867767334, 5.2984442710876465, 6.468837738037109, 5.765942096710205, 6.959915637969971, 6.259129285812378, 7.319366693496704, 6.725226163864136, 7.810835838317871, 7.216811180114746, 8.290538787841797, 7.6998302936553955, 8.613756656646729, 8.141417264938354, 8.913507461547852, 8.454057455062866, 9.189525604248047, 8.76552128791809, 9.562763690948486, 9.06421422958374, 9.87518572807312, 9.40140414237976, 10.235081672668457, 9.689881086349487, 10.511983871459961, 10.001436948776245, 10.82382583618164, 10.301851987838745, 11.13602876663208, 10.566214084625244, 11.46004581451416, 10.81764817237854, 11.783167839050293, 11.073722124099731, 12.084308862686157, 11.301233053207397, 12.419429779052734, 11.554036140441895, 12.696258783340454, 11.89064908027649, 12.936976909637451, 12.227602005004883, 13.188617944717407, 12.575052976608276, 13.440009117126465, 12.874664783477783, 13.679442167282104, 13.187957763671875, 13.943719148635864, 13.499627828598022, 14.195734977722168, 13.785343170166016, 14.446502685546875, 14.087123155593872, 14.7115957736969, 14.438424110412598, 15.085611820220947, 14.71027398109436, 15.388967990875244, 14.961158990859985, 15.676538944244385, 15.284528970718384, 15.951066732406616, 15.524781227111816, 16.251360654830933, 15.789124250411987, 16.50359869003296, 16.01822328567505, 16.743475675582886, 16.233718395233154, 17.007288455963135, 16.424997568130493, 17.223161458969116, 16.701157569885254, 17.43895125389099, 16.999852657318115, 17.678638219833374, 17.263240575790405, 17.906591415405273, 17.526700496673584, 18.134413480758667, 17.826013565063477, 18.33894658088684, 18.02972650527954, 18.554627418518066, 18.2695255279541]
