Final evolution
[[ 0.25634362-0.26409993j  0.24515125-0.24467135j  0.25222686-0.24409751j
   0.25237076-0.24503563j  0.25015409-0.23189639j  0.25092766-0.24580992j
   0.24461855-0.25225576j  0.26727412-0.25098537j]
 [ 0.25176704-0.24555659j -0.23704991+0.25293333j  0.23814312-0.25266627j
  -0.24388014+0.25982384j  0.2460157 -0.27089668j -0.26249096+0.24794444j
   0.24788633-0.24996217j -0.24559193+0.24510866j]
 [ 0.25175524-0.24916707j  0.25354348-0.24538401j -0.25710858+0.24965623j
  -0.24685061+0.24659702j  0.2527036 -0.24782982j  0.25438263-0.25474516j
  -0.25347442+0.24135468j -0.24898909+0.24592237j]
 [ 0.25803095-0.24689638j -0.25353555+0.24803685j -0.27229566+0.25289738j
   0.24912704-0.24347525j  0.23982014-0.2352034j  -0.24546671+0.25593394j
  -0.23314528+0.2569565j   0.25103318-0.25538541j]
 [ 0.25151258-0.25617431j  0.24361051-0.24854543j  0.25303482-0.24753144j
   0.23449883-0.2595086j  -0.24345819+0.25150502j -0.25113299+0.24831377j
  -0.24793357+0.25993511j -0.25659243+0.2454205j ]
 [ 0.23891297-0.24761285j -0.25474875+0.25750482j  0.2526921 -0.24678j
  -0.25865382+0.25948648j -0.2516282 +0.24385206j  0.25061331-0.23976682j
  -0.25413958+0.25196065j  0.24602112-0.24441949j]
 [ 0.24137899-0.24319511j  0.24287299-0.26123956j -0.24579576+0.24986852j
  -0.25715845+0.25722838j -0.25482714+0.26745133j -0.25228318+0.24047504j
   0.24642598-0.2512575j   0.23429732-0.2520292j ]
 [ 0.251768  -0.24450271j -0.26770542+0.24154202j -0.24995881+0.23308628j
   0.24387408-0.24052j    -0.2531875 +0.25641169j  0.24184302-0.25668535j
   0.25212327-0.25531294j -0.25490836+0.25442896j]]

********* Summary *****************
Final fidelity error 0.0004536396192041936
Final penalized l2 error 0.0002142191455761952
Final penalized TV regularizer 0.01236470521137895
Final objective value 0.012818344286361475
Final norm value 12.364705211378949
Final l2 value 0.02142191455761952
Final error 9.35973129259489e-09
Terminate reason Exceed the maximum number of iteration of ADMM
Number of iterations 100
Completed in 0:01:51.402988 HH:MM:SS.US
Computational time 111.40298787500001
Time for each iteration [3.60399325, 2.4365325830000004, 5.724927375, 4.527099916000001, 7.470889166999999, 6.334034291, 9.067921834, 7.773351749, 10.316639584, 9.088641540999998, 11.722197084000001, 10.374117373999997, 13.101565834000002, 11.725286123999997, 14.480215584000003, 13.070107623999995, 15.762941917000003, 14.414933457999993, 17.137175292000006, 15.637891790999998, 18.358751375000008, 16.797831749999997, 19.551653625000004, 18.048966415999995, 20.776648084000005, 19.243170916, 21.935970667000003, 20.432173666, 23.095060709, 21.561822624000005, 24.191199750999996, 22.749791707000004, 25.291987042999995, 23.94169120700001, 26.41993150099999, 25.038400915000015, 27.517468875999985, 26.10363595700002, 28.58340004299998, 27.200996998000026, 29.649515876999974, 28.29877745600003, 30.714650168999977, 29.362726789000025, 31.78363500199998, 30.431727914000025, 32.788394418999985, 31.468323622000014, 33.82174746099999, 32.53606595500001, 34.82869208599999, 33.450029455000006, 35.861906628, 34.517968872, 36.808329211, 35.491541205000004, 37.719994877999994, 36.434028913000006, 38.725643753, 37.473129997, 39.634089586, 38.445403997, 40.609244794000006, 39.387499331, 41.52421304400001, 40.300979497, 42.435440336, 41.214618830000006, 43.261135545, 42.06493437100001, 44.205598587, 42.975428538, 45.150529586999994, 43.824278788000015, 46.06253391999999, 44.764874163000016, 47.00321925299998, 45.67966312200002, 47.84863650299998, 46.49580945500003, 48.72398266999997, 47.369059496000034, 49.56993950399996, 48.245041954000044, 50.45062829599996, 49.120712620000035, 51.26474717099997, 49.69087291200003, 52.16795592099997, 50.60282695400004, 53.072190961999965, 51.44754895400004, 53.888431295999965, 52.35388803700003, 54.764320295999966, 53.175596620000036, 55.64670912999996, 54.08525770300004, 56.498681504999965, 54.90430637000004]
