Final evolution
[[ 3.76829017e-05+0.50001353j  4.59613610e-05+0.49998389j
   4.16877600e-05+0.50000009j  6.60460492e-06+0.50000248j]
 [-2.85174268e-05+0.49999099j  3.28789853e-05-0.50000849j
  -6.35241013e-06+0.49999538j  2.87953246e-05-0.50000514j]
 [-4.30429701e-06+0.50000213j -8.66901558e-06+0.50000044j
   1.29396717e-05-0.49999569j  3.53857357e-05-0.50000174j]
 [-4.22417793e-06+0.49999334j -4.05246258e-06-0.50000718j
  -3.05824691e-05-0.50000883j -4.50451479e-06+0.49999065j]]

********* Summary *****************
Final fidelity error 1.4397711911584565e-09
Final penalized l2 error 2.481820382857844e-08
Final penalized TV regularizer 4.307929211502884e-06
Final objective value 4.309372273395088e-06
Final norm value 4.307929211502884
Final l2 value 2.481820382857844e-06
Final error 2.0885594580055737e-16
Terminate reason Exceed the maximum number of iteration of ADMM
Number of iterations 100
Completed in 0:00:21.912266 HH:MM:SS.US
Computational time 21.91226601600647
Time for each iteration [3.8236260414123535, 1.6004343032836914, 4.94629693031311, 2.4279582500457764, 5.728855848312378, 2.965705394744873, 6.210500717163086, 3.344522476196289, 6.436821699142456, 3.5919883251190186, 6.614105939865112, 3.7603580951690674, 6.732089996337891, 3.9018683433532715, 6.874624729156494, 4.031273365020752, 7.004184722900391, 4.160135507583618, 7.139566659927368, 4.289554595947266, 7.269118785858154, 4.418739318847656, 7.401116847991943, 4.550740480422974, 7.532838821411133, 4.696822166442871, 7.663878917694092, 4.826003313064575, 7.793108701705933, 4.9551825523376465, 7.9245805740356445, 5.0862085819244385, 8.055715560913086, 5.218372583389282, 8.18545651435852, 5.3476176261901855, 8.316136360168457, 5.478180885314941, 8.446382284164429, 5.6076788902282715, 8.576647281646729, 5.738773822784424, 8.706469535827637, 5.868051767349243, 8.835630416870117, 5.9987099170684814, 8.965168237686157, 6.127479076385498, 9.0973219871521, 6.259733200073242, 9.228201866149902, 6.396158218383789, 9.362798929214478, 6.526952266693115, 9.49231481552124, 6.656283378601074, 9.621639728546143, 6.788638591766357, 9.753555536270142, 6.920440673828125, 9.89800238609314, 7.054412603378296, 10.03004264831543, 7.185837507247925, 10.160822629928589, 7.315915584564209, 10.290265560150146, 7.445144414901733, 10.420362710952759, 7.574906587600708, 10.549707651138306, 7.705442428588867, 10.681066751480103, 7.834955453872681, 10.8103346824646, 7.964390516281128, 10.940700769424438, 8.094266414642334, 11.071813821792603, 8.226182222366333, 11.204075813293457, 8.357779264450073, 11.33600902557373, 8.489747285842896, 11.46803069114685, 8.61962628364563, 11.597431898117065, 8.749040126800537, 11.729230880737305, 8.878311157226562, 11.858472108840942, 9.007517099380493, 11.99063491821289, 9.1393141746521, 12.122405052185059, 9.271106958389282, 12.253414154052734, 9.400443077087402, 12.382539987564087, 9.529726028442383]
