Final evolution
[[ 0.31937238-0.09368745j  0.13894281-0.37663596j  0.29362993-0.31110595j
   0.17318787-0.28056434j  0.24582936-0.17418309j  0.25044163-0.27260955j
   0.24935118-0.2957336j   0.15394365-0.18763406j]
 [ 0.26233538-0.00679151j -0.18867426+0.32790529j  0.28222456-0.12768005j
  -0.32109639+0.3127053j   0.36671541-0.15552422j -0.21853361+0.30991356j
   0.17546627-0.35294882j -0.16487018+0.07847917j]
 [ 0.14008799-0.17479321j  0.28300904-0.21657925j -0.0306044 +0.21486261j
  -0.45261684+0.12882296j  0.4020494 -0.11814409j  0.19535075-0.27170989j
  -0.2880623 +0.28972077j -0.18710957+0.25444868j]
 [ 0.37734355-0.29714892j -0.17855394+0.19810563j -0.20909344+0.40681297j
   0.24485703-0.30202634j  0.22957061-0.31156161j -0.14529783+0.1865769j
  -0.0620507 +0.21050068j  0.248796  -0.1484564j ]
 [ 0.2465263 -0.19099426j  0.19234612-0.22459284j  0.26641312-0.27147968j
   0.13392611-0.26103655j -0.16236658+0.15912786j -0.42941657+0.3074245j
  -0.12126263+0.262788j   -0.25944682+0.32075806j]
 [ 0.29394287-0.29311385j -0.16751625+0.35455891j  0.25261234-0.23169804j
  -0.13345784+0.15818476j -0.16855899+0.40598969j  0.10144091-0.29765563j
  -0.17223116+0.23775638j  0.34879304-0.11662165j]
 [ 0.25191364-0.29000329j  0.27925224-0.31935623j -0.20637164+0.34582115j
  -0.14677337+0.28454746j -0.26231443+0.28437241j -0.18219601+0.11119529j
   0.13557466-0.38648502j  0.18003216-0.11125265j]
 [ 0.16147664-0.31029945j -0.2449387 +0.12811904j -0.15968751+0.12192805j
   0.28931903+0.0514296j  -0.09838761+0.14458271j  0.27672015-0.22653414j
   0.37402747-0.04820764j -0.53209148+0.3011563j ]]

********* Summary *****************
Final fidelity error 0.07620875593912035
Final penalized l2 error 0.024461239930781486
Final penalized TV regularizer 0.3751746375806419
Final objective value 0.45138338878553225
Final norm value 3.7517463758064187
Final l2 value 2.4461239930781487
Final error 0.004552363680072277
Terminate reason Exceed the maximum number of iteration of ADMM
Number of iterations 100
Completed in 0:16:38.825032 HH:MM:SS.US
Computational time 998.825032125
Time for each iteration [14.308903583, 13.835725167, 29.192659208000002, 36.79270266699999, 40.35675925, 51.03716687499999, 52.69458904200001, 62.89445679099999, 66.13394495900002, 82.77728754099996, 78.59081779200005, 96.14196908299994, 91.33557941700008, 107.67265879099995, 102.74125941700004, 119.19104704099999, 123.95794879200002, 130.895911583, 134.58633100000003, 139.57378012499998, 143.032436958, 149.543822417, 155.14971179100002, 162.802700459, 168.396472916, 172.09547375100004, 177.76992637399997, 183.93686200100007, 191.42920812399996, 195.92756566800006, 206.85500274899994, 204.7923597090001, 219.0573462079999, 217.92578129200012, 229.63961029099988, 233.7229125010001, 240.77410087399988, 250.24349412600014, 255.31467404099988, 259.29176100100005, 264.41594695699985, 266.8425857100001, 273.7490775819998, 274.2092480430001, 283.1316869149998, 281.96891566800014, 292.2716170819998, 289.19721979300016, 300.6736114989998, 297.41589150100015, 309.3465685409998, 305.4948723760002, 317.55393924899977, 312.49891954300017, 325.47957166499975, 319.4468300430002, 333.2284327069998, 326.4834715850002, 341.36854841499974, 333.3500711680002, 350.18746999899975, 340.7810887510002, 358.86012887399977, 348.89629170900014, 366.9526142909998, 357.2752078760002, 374.9809399159998, 365.2911412090002, 383.1397613739997, 373.5964901680003, 390.9173747899997, 381.6969316680003, 398.83912162399963, 389.8782552930003, 407.22514662399965, 398.02367091800033, 415.1479866239996, 406.14095987600035, 422.93351679099965, 414.40636720900034, 430.79722954099964, 422.4120710010003, 439.4018014989997, 430.6902267930003, 447.5395832069996, 438.4861372930003, 455.6251471239997, 446.57294775100024, 463.5528663739997, 454.6504029180003, 472.0291555819997, 462.5050178350002, 480.05044399799976, 470.4160457520002, 488.0515596649998, 478.3818177930002, 496.4371745819998, 486.3671297930001, 504.67664183199986, 494.14839029300015]
