Final evolution
[[-4.44154241e-05+0.50006072j -7.58566003e-08+0.49995563j
   1.03821153e-06+0.49997569j  9.59202339e-05+0.50000794j]
 [-2.38836485e-05+0.49997729j -9.50321467e-05-0.50007932j
  -1.89771174e-05+0.49998628j -1.32488125e-06-0.4999571j ]
 [-1.09903884e-04+0.4999859j  -4.75344927e-05+0.49999772j
  -1.01387878e-05-0.49993666j  2.61217563e-05-0.50007968j]
 [ 4.51688622e-05+0.49997607j -3.29580670e-05-0.49996731j
   2.44932789e-05-0.50010135j  1.38242684e-05+0.49995525j]]

********* Summary *****************
Final fidelity error 9.97550797521285e-09
Final penalized l2 error 2.6907190502738684e-07
Final penalized TV regularizer 0.0006096675451489277
Final objective value 0.0006096775173534343
Final norm value 6.0966754514892765
Final l2 value 2.6907190502738684e-05
Final error 0.18080155791375432
Terminate reason Exceed the maximum number of iteration of ADMM
Number of iterations 100
Completed in 0:37:59.668436 HH:MM:SS.US
Computational time 2279.668436050415
Time for each iteration [2.6582489013671875, 0.14602923393249512, 15.44390082359314, 7.298001289367676, 17.571358919143677, 14.083702087402344, 30.246044874191284, 20.77536106109619, 33.18857002258301, 28.48015022277832, 46.43493175506592, 41.035733222961426, 59.0852530002594, 46.14482498168945, 62.509572982788086, 58.73212003707886, 75.26070880889893, 69.18074417114258, 78.59788298606873, 81.95496010780334, 91.93375277519226, 94.92583918571472, 104.81759285926819, 107.67888808250427, 110.18484377861023, 116.32457423210144, 114.67986798286438, 129.0173261165619, 127.09728384017944, 141.6783962249756, 139.71304559707642, 154.33533644676208, 152.17929649353027, 167.3254165649414, 154.41383838653564, 178.40814447402954, 167.00775051116943, 190.9462535381317, 177.35554957389832, 197.1123125553131, 189.83335757255554, 209.853919506073, 193.37312841415405, 222.4262237548828, 205.9511592388153, 229.96182084083557, 214.42697620391846, 242.6028950214386, 227.17467403411865, 249.21278882026672, 240.34742307662964, 262.9559648036957, 255.7999222278595, 277.3594698905945, 268.45241522789, 290.060763835907, 278.9408073425293, 302.60292863845825, 288.24214339256287, 315.18190479278564, 300.7461471557617, 327.77453780174255, 308.66166734695435, 340.3085777759552, 315.5988812446594, 350.389860868454, 328.30990719795227, 354.14824771881104, 334.9914252758026, 366.7656397819519, 347.70036029815674, 379.26862382888794, 360.5278272628784, 391.74563574790955, 373.5909101963043, 404.8685929775238, 386.257080078125, 564.9869389533997, 399.2501311302185, 594.2764098644257, 410.3179941177368, 1675.0122258663177, 423.07441210746765, 1680.9726889133453, 432.6905519962311, 1693.636519908905, 445.2153170108795, 1706.3291220664978, 457.75532484054565, 1719.1499781608582, 470.35177874565125, 1731.63472032547, 475.11369371414185, 1733.6449382305145, 487.57471656799316, 1743.5841734409332, 500.06865549087524, 1756.1901564598083, 510.87029361724854, 1768.7981424331665]
