Final evolution
[[ 6.60763359e-05+0.50001604j  5.57405965e-05+0.49998002j
   9.63302192e-05+0.49999408j  1.26405924e-05+0.50000984j]
 [-3.17827062e-05+0.49999372j  6.11123417e-05-0.5000083j
  -7.00013539e-06+0.49999614j  7.16952890e-05-0.50000183j]
 [ 3.85777966e-06+0.50000909j -2.45784279e-05+0.49999484j
  -1.51187116e-05-0.50000071j  4.86838444e-05-0.49999535j]
 [-5.83217199e-08+0.49998115j  9.49826693e-06-0.50001683j
  -4.37222934e-05-0.50000905j -3.90771958e-05+0.49999297j]]

********* Summary *****************
Final fidelity error 4.426131239299025e-09
Final penalized l2 error 4.9541912615882586e-08
Final penalized TV regularizer 4.2444689000035406e-05
Final objective value 4.244912446347638e-05
Final norm value 4.2444689000035405
Final l2 value 4.954191261588259e-06
Final error 7.354590584870603e-11
Terminate reason Exceed the maximum number of iteration of ADMM
Number of iterations 100
Completed in 0:00:19.526939 HH:MM:SS.US
Computational time 19.526939153671265
Time for each iteration [1.7929332256317139, 1.6244299411773682, 2.685106039047241, 2.3829050064086914, 3.2089579105377197, 2.9030513763427734, 3.603977918624878, 3.274029016494751, 3.794538974761963, 3.5713043212890625, 3.94830060005188, 3.751540422439575, 4.138120651245117, 3.893744468688965, 4.268053770065308, 4.036693334579468, 4.4096457958221436, 4.166250228881836, 4.551846981048584, 4.310765266418457, 4.683788776397705, 4.453101396560669, 4.839579820632935, 4.609238386154175, 4.984226703643799, 4.766862392425537, 5.140770673751831, 4.911158323287964, 5.296770811080933, 5.0435521602630615, 5.42835807800293, 5.175026893615723, 5.559871196746826, 5.306464910507202, 5.691949129104614, 5.438320159912109, 5.822082996368408, 5.571155071258545, 5.954090118408203, 5.70307993888855, 6.086776971817017, 5.835072040557861, 6.219056129455566, 5.967116117477417, 6.351325035095215, 6.0981621742248535, 6.483397960662842, 6.230108022689819, 6.61598801612854, 6.360568046569824, 6.746433973312378, 6.491741180419922, 6.878748893737793, 6.62209415435791, 7.008808851242065, 6.751779079437256, 7.141695022583008, 6.8818888664245605, 7.2719480991363525, 7.011961936950684, 7.403815984725952, 7.144287109375, 7.535884857177734, 7.276345252990723, 7.668588876724243, 7.4081501960754395, 7.800112962722778, 7.539844989776611, 7.93246603012085, 7.671858072280884, 8.064486026763916, 7.8044140338897705, 8.194580078125, 7.934046030044556, 8.324131965637207, 8.064760208129883, 8.456079006195068, 8.195841073989868, 8.58559513092041, 8.326667070388794, 8.717411041259766, 8.457024097442627, 8.847491025924683, 8.588614225387573, 8.977787733078003, 8.718574523925781, 9.107606649398804, 8.849665403366089, 9.239550590515137, 8.981905460357666, 9.37156367301941, 9.11376142501831, 9.501220703125, 9.24325442314148, 9.630733728408813, 9.375102281570435, 9.760617971420288, 9.504646062850952, 9.890054941177368, 9.636884212493896]
Final evolution
[[-1.83181365e-05+0.50001653j -9.26423219e-06+0.50000278j
   1.97145158e-05+0.49999518j -2.13383304e-05+0.49998551j]
 [ 2.22937426e-05+0.50000328j -1.10440316e-05-0.50001713j
   2.90040401e-05+0.49998501j -8.25606952e-06-0.49999458j]
 [-1.25116516e-05+0.50000098j  1.08759563e-05+0.49997971j
  -5.21706130e-06-0.50001814j -1.91063739e-05-0.50000116j]
 [-3.88463127e-05+0.49997921j -4.84508303e-06-0.50000038j
   1.18318278e-05-0.50000166j -1.82463829e-05+0.50001875j]]

********* Summary *****************
Final fidelity error 1.0085308144169858e-09
Final penalized l2 error 9.887720674872049e-09
Final penalized TV regularizer 5.1027666925688765e-05
Final objective value 5.1028674840440426e-05
Final norm value 5.102766692568876
Final l2 value 9.887720674872048e-07
Final error 1.405074835452106e-11
Terminate reason Exceed the maximum number of iteration of ADMM
Number of iterations 100
Completed in 0:00:18.508177 HH:MM:SS.US
Computational time 18.508177042007446
Time for each iteration [2.821521043777466, 1.5694169998168945, 3.528290033340454, 1.8492329120635986, 3.721349000930786, 2.0792131423950195, 3.9264049530029297, 2.239734172821045, 4.08642578125, 2.3949050903320312, 4.2794108390808105, 2.5444090366363525, 4.429641008377075, 2.678165912628174, 4.573832035064697, 2.8143670558929443, 4.706740856170654, 2.9472429752349854, 4.8387439250946045, 3.0828940868377686, 4.99058985710144, 3.21921706199646, 5.1249799728393555, 3.351390838623047, 5.258804082870483, 3.513047933578491, 5.3933329582214355, 3.6450841426849365, 5.527574062347412, 3.781317949295044, 5.6614830493927, 3.915102958679199, 5.792752981185913, 4.047533988952637, 5.924740791320801, 4.181591272354126, 6.057142734527588, 4.3131492137908936, 6.188162803649902, 4.445530414581299, 6.319449424743652, 4.576080560684204, 6.449529409408569, 4.70608377456665, 6.579750061035156, 4.83610987663269, 6.709684133529663, 4.96620774269104, 6.839750289916992, 5.09636378288269, 6.969755411148071, 5.2270026206970215, 7.101182460784912, 5.357437610626221, 7.23141622543335, 5.487276792526245, 7.3615403175354, 5.617504835128784, 7.492814302444458, 5.748157739639282, 7.623319149017334, 5.87874698638916, 7.754181861877441, 6.009338140487671, 7.884624719619751, 6.139848232269287, 8.015002727508545, 6.270111322402954, 8.145366668701172, 6.4006123542785645, 8.275726556777954, 6.530883550643921, 8.40641450881958, 6.662080526351929, 8.53797960281372, 6.793131589889526, 8.669462442398071, 6.925491571426392, 8.80103850364685, 7.056624412536621, 8.932585716247559, 7.187805414199829, 9.063596487045288, 7.3184802532196045, 9.19407868385315, 7.448712348937988, 9.324222803115845, 7.578754186630249, 9.459160804748535, 7.717926025390625, 9.599577903747559, 7.851903200149536, 9.729909658432007, 7.981914281845093, 9.860881567001343, 8.113419532775879, 9.994704484939575, 8.246826648712158, 10.12927532196045, 8.378901720046997]
