Final evolution
[[ 2.49610483e-05+0.50003086j  1.50180006e-05+0.50000737j
   4.06824229e-05+0.49998663j  8.38498182e-06+0.49997514j]
 [ 5.78408891e-06+0.499994j    2.06967321e-05-0.50000862j
  -1.11386677e-05+0.4999885j   2.68970705e-05-0.50000887j]
 [ 2.72752118e-05+0.49997792j -6.54476432e-06+0.49998384j
  -2.64621338e-05-0.50001903j -3.36258900e-06-0.5000192j ]
 [-7.24225861e-06+0.49999721j  2.45230197e-05-0.50000016j
   7.62503811e-06-0.50000583j -4.72629261e-05+0.49999679j]]

********* Summary *****************
Final fidelity error 1.497910684378212e-09
Final penalized l2 error 1.7212330415394088e-08
Final penalized TV regularizer 4.6907746810310746e-05
Final objective value 4.6909250798022894e-05
Final norm value 4.690774681031074
Final l2 value 1.7212330415394088e-06
Final error 2.7858473204819814e-05
Terminate reason Exceed the maximum number of iteration of ADMM
Number of iterations 100
Completed in 0:00:31.445508 HH:MM:SS.US
Computational time 31.445508003234863
Time for each iteration [6.357141017913818, 2.28176212310791, 6.503679037094116, 3.173521041870117, 6.930178880691528, 3.295558214187622, 7.360285997390747, 3.4254870414733887, 7.489945888519287, 3.947641372680664, 7.802771806716919, 4.0916852951049805, 7.922654867172241, 4.222325086593628, 8.041229963302612, 4.719624996185303, 8.466312170028687, 4.848879814147949, 8.583465337753296, 5.230066776275635, 8.703529357910156, 5.373989820480347, 9.049875259399414, 5.494462013244629, 9.179375171661377, 5.628914833068848, 9.61790943145752, 5.747194766998291, 10.021470308303833, 5.879201650619507, 10.140960454940796, 6.235982656478882, 10.28499722480774, 6.71588397026062, 10.416997194290161, 6.848184108734131, 10.838150978088379, 7.14334511756897, 10.956343173980713, 7.274440765380859, 11.07698941230774, 7.404822587966919, 11.195140600204468, 7.536792516708374, 11.569539546966553, 7.65722131729126, 11.892520666122437, 7.944540500640869, 12.024009704589844, 8.076964378356934, 12.154447555541992, 8.515976428985596, 12.486993789672852, 8.648139476776123, 12.619212627410889, 8.780664443969727, 12.748995780944824, 8.911455392837524, 12.881224870681763, 9.32584023475647, 13.204381942749023, 9.62589406967163, 13.324549913406372, 10.088467121124268, 13.632333993911743, 10.207337141036987, 14.023611068725586, 10.325281143188477, 14.412941932678223, 10.468111991882324, 14.809312105178833, 10.594465970993042, 14.942630290985107, 10.714723825454712, 15.075056076049805, 11.182624101638794, 15.205879926681519, 11.520768165588379, 15.567326784133911, 11.653770208358765, 15.686498880386353, 11.797186374664307, 16.1283917427063, 11.929111242294312, 16.248114824295044, 12.346547365188599, 16.572120666503906, 12.465551614761353, 17.060404539108276, 12.595958471298218, 17.2149875164032, 12.763670444488525, 17.599189519882202, 13.063912391662598, 17.73081874847412, 13.194032192230225, 17.86072087287903, 13.324897289276123, 17.990519762039185, 13.454988241195679]
