Final evolution
[[ 0.03202935+0.42002062j -0.048688  +0.5360918j  -0.02223218+0.42570159j
  -0.0770971 +0.58747918j]
 [ 0.06030197+0.54212557j  0.07060428-0.45304224j  0.12374378+0.56254738j
  -0.1005078 -0.38775948j]
 [-0.01794313+0.49811002j -0.04185528+0.52781817j  0.12277697-0.42860052j
   0.03007432-0.52109837j]
 [-0.05029506+0.52350282j  0.0133054 -0.46848897j -0.07050614-0.53175944j
   0.10291888+0.45323807j]]

********* Summary *****************
Final fidelity error 0.016576783735910094
Final penalized l2 error 0.02047022084877294
Final penalized TV regularizer 0.19424744055756507
Final objective value 0.21082422432091177
Final norm value 1.9424744055756507
Final l2 value 2.047022084877294
Final error 1.4421100206533762e-08
Terminate reason Exceed the maximum number of iteration of ADMM
Number of iterations 100
Completed in 0:01:01.298869 HH:MM:SS.US
Computational time 61.298868894577026
Time for each iteration [3.508949041366577, 2.6261260509490967, 5.466964960098267, 4.140512943267822, 6.9459662437438965, 5.552513599395752, 8.30856442451477, 6.893390655517578, 9.072853326797485, 7.624728679656982, 10.075650215148926, 8.669704675674438, 10.795624256134033, 9.76290774345398, 11.699467182159424, 10.862800598144531, 12.65113639831543, 11.685047626495361, 13.578859329223633, 12.50544261932373, 14.424826383590698, 13.068497657775879, 14.98951530456543, 13.673612833023071, 15.568354368209839, 14.292052745819092, 16.379631996154785, 14.737401008605957, 17.122294187545776, 15.266311645507812, 17.685924291610718, 15.667163610458374, 18.17927622795105, 16.11450481414795, 18.626281023025513, 16.561108827590942, 19.051653385162354, 16.949239492416382, 19.52315354347229, 17.33716344833374, 20.139166593551636, 17.66493535041809, 20.561980724334717, 18.324259281158447, 20.96275281906128, 18.892757177352905, 21.299977779388428, 19.411595106124878, 22.032110929489136, 19.789290189743042, 22.42047882080078, 20.191172122955322, 22.819393634796143, 20.63320016860962, 23.12430477142334, 21.044856071472168, 23.477309942245483, 21.420691967010498, 23.806234121322632, 21.818739891052246, 24.087443113327026, 22.228528022766113, 24.374006986618042, 22.919732093811035, 24.690502882003784, 23.25909924507141, 25.029165744781494, 23.63360619544983, 25.36163091659546, 24.068357229232788, 25.648931741714478, 24.6314480304718, 25.965659856796265, 25.007155895233154, 26.341817140579224, 25.429805755615234, 26.62338399887085, 25.816720962524414, 27.12864089012146, 26.285375118255615, 27.398916959762573, 26.71940588951111, 27.72749614715576, 27.118629932403564, 28.021034002304077, 27.690533876419067, 28.33366298675537, 28.090410947799683, 29.03786015510559, 28.419673681259155, 29.39060139656067, 28.827566623687744, 29.73286533355713, 29.4765887260437, 30.09742832183838, 29.795264720916748, 30.427659273147583, 30.148836612701416, 30.72423529624939, 30.574633598327637]
