Final evolution
[[ 8.00954171e-06+0.50000416j  1.11799427e-05+0.49999468j
   1.50100994e-05+0.50000121j  3.74000006e-06+0.49999994j]
 [-5.45613027e-06+0.4999983j   6.52924108e-06-0.50000273j
  -2.95869283e-06+0.49999633j  9.98518522e-06-0.50000264j]
 [ 3.41675014e-08+0.49999993j -2.98260430e-06+0.50000122j
  -2.79114322e-06-0.49999972j  6.17898164e-06-0.49999913j]
 [-2.04233959e-06+0.49999761j  8.15482562e-07-0.50000136j
  -4.69876696e-06-0.50000274j -8.51500410e-06+0.49999829j]]

********* Summary *****************
Final fidelity error 1.0772738257003311e-10
Final penalized l2 error 2.2885596322330407e-09
Final penalized TV regularizer 4.295011636313498e-06
Final objective value 4.295120814646539e-06
Final norm value 4.295011636313498
Final l2 value 2.2885596322330406e-07
Final error 5.2820321665239654e-11
Terminate reason Exceed the maximum number of iteration of ADMM
Number of iterations 100
Completed in 0:00:26.183592 HH:MM:SS.US
Computational time 26.183591842651367
Time for each iteration [13.39287281036377, 0.4457218647003174, 13.512357950210571, 0.6094279289245605, 13.638561010360718, 0.7496819496154785, 13.764847040176392, 0.8806118965148926, 13.883463144302368, 1.011110544204712, 14.001696348190308, 1.1414954662322998, 14.120348453521729, 1.271925449371338, 14.238646507263184, 1.4023663997650146, 14.357052326202393, 1.5325825214385986, 14.475502490997314, 1.6628103256225586, 14.593585729598999, 1.7930660247802734, 14.711832046508789, 1.9230070114135742, 14.830013751983643, 2.083566188812256, 14.949436664581299, 2.2253501415252686, 15.070484638214111, 2.357783317565918, 15.190744400024414, 2.4899094104766846, 15.312044620513916, 2.6223411560058594, 15.43200159072876, 2.75242018699646, 15.55040955543518, 2.8833823204040527, 15.675154447555542, 3.017066478729248, 15.79385757446289, 3.146552085876465, 15.91182279586792, 3.276677131652832, 16.029906511306763, 3.4063284397125244, 16.147919416427612, 3.535839319229126, 16.266133546829224, 3.6682722568511963, 16.38650345802307, 3.8008604049682617, 16.506773471832275, 3.933061361312866, 16.62695336341858, 4.065120458602905, 16.746986389160156, 4.197341442108154, 16.867303371429443, 4.3290722370147705, 16.985382795333862, 4.458782911300659, 17.10330080986023, 4.588734865188599, 17.221322059631348, 4.718681812286377, 17.339746952056885, 4.851178884506226, 17.45995283126831, 4.983215093612671, 17.57879662513733, 5.113245248794556, 17.696863651275635, 5.242898225784302, 17.815216541290283, 5.3730833530426025, 17.936726570129395, 5.505563259124756, 18.056881427764893, 5.638172388076782, 18.177898406982422, 5.770345449447632, 18.29773736000061, 5.900254487991333, 18.41577959060669, 6.029940128326416, 18.533798694610596, 6.159526109695435, 18.651668787002563, 6.289186239242554, 18.769908666610718, 6.419609069824219, 18.88824987411499, 6.549703121185303, 19.00658869743347, 6.67973518371582, 19.124870777130127, 6.81008505821228, 19.24326777458191, 6.940324068069458]
