Final evolution
[[-1.94137447e-06+0.49999659j  2.50161637e-07+0.49999872j
   1.16820270e-06+0.50000268j  3.11230758e-06+0.50000201j]
 [-4.56357673e-06+0.49999883j  5.53409052e-08-0.50000164j
   1.72760729e-06+0.5000019j  -1.35502431e-06-0.49999763j]
 [-4.88299343e-06+0.50000291j -3.16418846e-06+0.50000178j
  -5.43322209e-07-0.49999469j  2.61873007e-06-0.50000062j]
 [ 6.40963576e-07+0.50000166j -4.30431228e-08-0.49999787j
  -4.61545917e-06-0.50000074j  3.77011247e-06+0.49999973j]]

********* Summary *****************
Final fidelity error 2.541766797037326e-11
Final penalized l2 error 1.7545870597706476e-09
Final penalized TV regularizer 6.537392927571026e-06
Final objective value 6.537417738391091e-06
Final norm value 6.537392927571027
Final l2 value 1.7545870597706476e-07
Final error 1.740025512804691e-35
Terminate reason Exceed the maximum number of iteration of ADMM
Number of iterations 100
Completed in 0:00:25.063795 HH:MM:SS.US
Computational time 25.06379508972168
Time for each iteration [12.438519954681396, 0.23012304306030273, 12.63238787651062, 0.37497615814208984, 12.752876043319702, 0.5075421333312988, 12.872575998306274, 0.6377501487731934, 12.990704774856567, 0.7681572437286377, 13.109921932220459, 0.8987290859222412, 13.228791952133179, 1.029820203781128, 13.347818851470947, 1.1591711044311523, 13.464967966079712, 1.2892310619354248, 13.584800004959106, 1.4186170101165771, 13.70289921760559, 1.5494136810302734, 13.82223129272461, 1.6836037635803223, 13.942686319351196, 1.8299877643585205, 14.063120365142822, 1.9617197513580322, 14.183011293411255, 2.0931918621063232, 14.30261516571045, 2.2250478267669678, 14.42274522781372, 2.356642723083496, 14.541993379592896, 2.4878575801849365, 14.661696434020996, 2.617851495742798, 14.781020402908325, 2.7493934631347656, 14.901063442230225, 2.880983591079712, 15.021940469741821, 3.0131266117095947, 15.141653299331665, 3.1448025703430176, 15.262001514434814, 3.276674509048462, 15.380855560302734, 3.4075355529785156, 15.500731468200684, 3.538952589035034, 15.620655298233032, 3.6707515716552734, 15.740159511566162, 3.8016724586486816, 15.858545541763306, 3.9328866004943848, 15.978382349014282, 4.065406560897827, 16.09814453125, 4.197401523590088, 16.218112468719482, 4.330151557922363, 16.338562488555908, 4.462722539901733, 16.458844661712646, 4.598580360412598, 16.578795671463013, 4.730196475982666, 16.697184562683105, 4.862403392791748, 16.81757378578186, 4.993281126022339, 16.935404062271118, 5.124077796936035, 17.054092168807983, 5.253337860107422, 17.173201322555542, 5.384566783905029, 17.293739318847656, 5.515851736068726, 17.41320824623108, 5.647215843200684, 17.531067371368408, 5.776644706726074, 17.64919424057007, 5.906962871551514, 17.76920509338379, 6.0388548374176025, 17.888992071151733, 6.171098947525024, 18.00893211364746, 6.301789045333862, 18.127511978149414, 6.433811187744141, 18.24714684486389, 6.565498113632202, 18.366536140441895, 6.697258949279785]
