Final evolution
[[ 1.68671301e-05+0.5000119j   1.68292366e-05+0.49999247j
   2.45501755e-05+0.49999778j  3.88557657e-06+0.49999785j]
 [-1.39764970e-05+0.49999251j  2.39966038e-05-0.50000621j
   4.63613241e-07+0.49999781j  1.02189163e-05-0.50000347j]
 [ 1.01243823e-05+0.49999649j -1.69618150e-05+0.49999914j
  -7.82555925e-06-0.49999683j  1.99231102e-05-0.50000754j]
 [ 2.63017793e-06+0.4999991j   1.44735626e-05-0.50000218j
  -2.70528274e-05-0.50000758j -1.06781738e-05+0.49999114j]]

********* Summary *****************
Final fidelity error 5.641109801501898e-10
Final penalized l2 error 7.669433988792404e-09
Final penalized TV regularizer 3.8687669746658006e-05
Final objective value 3.8688235467128475e-05
Final norm value 3.8687669746658004
Final l2 value 7.669433988792404e-07
Final error 6.708093449324736e-06
Terminate reason Exceed the maximum number of iteration of ADMM
Number of iterations 100
Completed in 0:00:21.532299 HH:MM:SS.US
Computational time 21.532299041748047
Time for each iteration [2.0395750999450684, 0.892218828201294, 2.3821239471435547, 1.081488847732544, 2.8303730487823486, 1.4000201225280762, 3.149580955505371, 1.8021950721740723, 3.5159640312194824, 1.920470952987671, 3.658812999725342, 2.19130802154541, 4.105157852172852, 2.391238212585449, 4.237596750259399, 2.511401414871216, 4.537313461303711, 2.655705690383911, 4.8235924243927, 3.001485586166382, 5.097017288208008, 3.1276426315307617, 5.229579448699951, 3.3430967330932617, 5.397279262542725, 3.4765617847442627, 5.7675392627716064, 3.618185520172119, 5.956575393676758, 3.751516580581665, 6.077146530151367, 3.9641973972320557, 6.253340721130371, 4.081620454788208, 6.38239049911499, 4.293105363845825, 6.664925813674927, 4.577915191650391, 6.900516748428345, 4.707478284835815, 7.018449544906616, 4.907605409622192, 7.221060752868652, 5.027735471725464, 7.35318660736084, 5.2197113037109375, 7.521503686904907, 5.33971643447876, 7.6529176235198975, 5.457494497299194, 7.782634496688843, 5.575173616409302, 7.99530553817749, 5.779712438583374, 8.271771669387817, 5.911753416061401, 8.391756534576416, 6.12640643119812, 8.567936420440674, 6.243625640869141, 8.875714302062988, 6.503471612930298, 8.994974374771118, 6.635543584823608, 9.12718152999878, 6.935301303863525, 9.355252742767334, 7.055419445037842, 9.488020658493042, 7.291383266448975, 9.723580598831177, 7.421022415161133, 9.841267585754395, 7.63283634185791, 9.994163751602173, 7.8475494384765625, 10.138193607330322, 8.039518594741821, 10.342116355895996, 8.171489715576172, 10.461262464523315, 8.360177516937256, 10.59081244468689, 8.489644527435303, 10.720299482345581, 8.61909556388855, 10.851350545883179, 8.751144409179688, 10.983498573303223, 8.883067607879639, 11.18735647201538, 9.050968408584595, 11.30766749382019, 9.182863473892212, 11.427593469619751, 9.314862489700317, 11.54757833480835, 9.578883647918701, 11.691923379898071, 9.840375661849976]
