Final evolution
[[ 0.01294852+0.44539653j -0.03606509+0.38967566j -0.13450553+0.43964726j
  -0.11644253+0.65066593j]
 [ 0.06775221+0.54926795j -0.07190632-0.52156041j  0.03663353+0.50166796j
  -0.01965401-0.40388058j]
 [ 0.10670334+0.62229692j  0.08996197+0.46600601j -0.0039724 -0.49138586j
   0.02935258-0.36574411j]
 [ 0.01702031+0.31022551j  0.02911785-0.58613462j  0.0655815 -0.5383577j
  -0.01552297+0.51448799j]]

********* Summary *****************
Final fidelity error 0.025449873126853206
Final penalized l2 error 0.024159568465920267
Final penalized TV regularizer 0.4423733753890092
Final objective value 0.4678232448612467
Final norm value 4.423733753890092
Final l2 value 2.4159568465920267
Final error 0.08226435801306856
Terminate reason Exceed the maximum number of iteration of ADMM
Number of iterations 100
Completed in 0:05:22.492272 HH:MM:SS.US
Computational time 322.4922721385956
Time for each iteration [2.359996795654297, 2.58082914352417, 4.8421337604522705, 6.420036315917969, 7.7449445724487305, 10.61603832244873, 10.993189573287964, 13.47362232208252, 13.89680552482605, 17.461642503738403, 17.084593296051025, 19.590091466903687, 20.044121503829956, 23.4930682182312, 22.968867778778076, 28.62803602218628, 25.85043692588806, 35.043704986572266, 31.55360174179077, 37.91084623336792, 35.426432609558105, 42.759151458740234, 37.69034147262573, 46.038392305374146, 40.330644607543945, 48.91591429710388, 43.08600473403931, 51.541837215423584, 45.677687883377075, 54.68941807746887, 48.118541955947876, 57.990132093429565, 51.75647783279419, 60.65394997596741, 54.62472581863403, 63.68041110038757, 58.699501752853394, 66.46272230148315, 61.56252145767212, 69.76807260513306, 63.76522135734558, 72.09893560409546, 66.28869819641113, 75.54240870475769, 68.58238434791565, 78.88336658477783, 71.65114235877991, 81.98765254020691, 74.38058042526245, 85.91553163528442, 76.7381763458252, 89.42487978935242, 80.8948802947998, 93.61302876472473, 84.13404321670532, 96.45179772377014, 86.86791825294495, 99.75032067298889, 88.9389922618866, 102.65434765815735, 92.66595435142517, 105.68338561058044, 96.31156039237976, 109.07319164276123, 99.66129636764526, 112.70667672157288, 104.21926617622375, 115.33661675453186, 107.27941107749939, 117.75955700874329, 111.02847075462341, 121.51426529884338, 113.7454104423523, 125.08637642860413, 116.92264652252197, 127.82221937179565, 119.46267461776733, 131.05196237564087, 123.46155762672424, 134.34414720535278, 125.37748789787292, 136.31757998466492, 127.68134593963623, 139.82407999038696, 130.74302697181702, 143.60538482666016, 133.82451009750366, 148.5616638660431, 137.17659616470337, 151.7955038547516, 141.95794916152954, 155.8775897026062, 144.67600440979004, 158.3342707157135, 147.91780638694763, 160.72722053527832, 152.22006750106812, 163.6885004043579, 155.53083658218384, 166.96143555641174]
