Final evolution
[[ 1.59012500e-03+0.50040761j  1.95459820e-03+0.49992056j
   3.33300608e-03+0.49984364j  1.07947481e-03+0.49980933j]
 [-7.75269437e-04+0.49983675j  1.66085575e-03-0.5002739j
  -1.02194973e-04+0.49989738j  1.10470546e-03-0.49998727j]
 [-8.31887592e-05+0.49980268j -2.74203158e-03+0.49985729j
  -4.11134646e-04-0.49996056j  2.36729097e-03-0.50036598j]
 [ 5.13035688e-04+0.49994933j  8.93969191e-04-0.49993325j
  -2.43846081e-03-0.50028106j -1.59034165e-03+0.4998267j ]]

********* Summary *****************
Final fidelity error 5.838292845172788e-06
Final penalized l2 error 5.1120760984125254e-05
Final penalized TV regularizer 0.0032020011552722307
Final objective value 0.0032078396062102756
Final norm value 3.2020011552722307
Final l2 value 0.005112076098412526
Final error 1.763125328318388e-08
Terminate reason Exceed the maximum number of iteration of ADMM
Number of iterations 100
Completed in 0:00:44.616522 HH:MM:SS.US
Computational time 44.61652207374573
Time for each iteration [1.7730159759521484, 1.4320030212402344, 2.962455987930298, 2.215853214263916, 3.8410589694976807, 2.855882167816162, 4.705075740814209, 3.638542413711548, 5.476518630981445, 4.220236301422119, 6.1164257526397705, 4.872324466705322, 6.840130567550659, 5.396805286407471, 7.374287843704224, 5.956121206283569, 7.9083147048950195, 6.453656196594238, 8.442237854003906, 7.03858208656311, 8.999367952346802, 7.701156139373779, 9.34311580657959, 8.281190156936646, 9.959399938583374, 8.852241277694702, 10.564531803131104, 9.164412021636963, 11.15680980682373, 9.508705139160156, 11.79414701461792, 9.851426124572754, 12.350071907043457, 10.323764085769653, 12.901978969573975, 10.683618068695068, 13.450464010238647, 11.07508397102356, 13.92648196220398, 11.584429025650024, 14.387083053588867, 11.951151132583618, 14.859269857406616, 12.42369031906128, 15.307644605636597, 12.718774318695068, 15.779772758483887, 12.990405321121216, 16.242393732070923, 13.300084352493286, 16.57629370689392, 13.786424160003662, 16.86080574989319, 14.189379215240479, 17.097808837890625, 14.68775224685669, 17.37054967880249, 15.162009477615356, 17.63136649131775, 15.635775327682495, 17.903889656066895, 15.943353414535522, 18.31863570213318, 16.204958200454712, 18.735076904296875, 16.395860195159912, 19.020689725875854, 16.765186309814453, 19.282434940338135, 17.22906517982483, 19.55591368675232, 17.502100229263306, 19.829611778259277, 17.787304162979126, 20.090378761291504, 18.084811210632324, 20.37496590614319, 18.346002101898193, 20.671483993530273, 18.548213958740234, 20.885220289230347, 19.01013970375061, 21.1468243598938, 19.294830799102783, 21.3596510887146, 19.48499584197998, 21.65686011314392, 19.68764305114746, 22.036209106445312, 19.936278820037842, 22.2970290184021, 20.126060962677002, 22.68806791305542, 20.374633073806763, 22.87825608253479, 20.647321939468384, 23.09173607826233, 21.003467082977295, 23.329087018966675, 21.287435054779053]
