Final evolution
[[ 1.67821133e-02-1.09862003e-02j  2.66175498e-02-1.52428979e-02j
   6.99193373e-03-4.46095799e-02j  1.45915334e-01-4.95988957e-01j
  -2.02713707e-02+1.25002004e-02j -3.20816468e-02+1.72364314e-02j
  -9.73175587e-03+5.27217802e-02j -1.89118888e-01+5.83993733e-01j
   5.23474128e-04-7.07178353e-04j  8.63438312e-04-1.03185524e-03j
  -3.90541598e-04-1.94177413e-03j -1.53709877e-03-2.26260198e-02j
   1.95618920e-02-1.15514995e-02j  3.09122934e-02-1.58528240e-02j
   1.02447750e-02-5.01047718e-02j  1.91039176e-01-5.53519604e-01j]
 [ 2.61034627e-02-1.56224691e-02j -1.37717743e-02+1.14115420e-02j
   1.46170103e-01-4.95997058e-01j -1.85583362e-02+4.13506651e-02j
  -3.14836791e-02+1.77034542e-02j  1.67121117e-02-1.31017428e-02j
  -1.89421530e-01+5.83995163e-01j  2.33550393e-02-4.84822401e-02j
   8.36515229e-04-1.03965681e-03j -3.93146304e-04+6.78911140e-04j
  -1.52673939e-03-2.26302266e-02j -1.34907970e-04+1.98353631e-03j
   3.03505239e-02-1.63091650e-02j -1.61782947e-02+1.21902413e-02j
   1.91327842e-01-5.53515438e-01j -2.31603102e-02+4.58124694e-02j]
 [-1.30220965e-01+4.19902661e-01j -8.78187155e-02+2.61362503e-01j
  -1.00594145e-02-1.65175907e-02j -1.30011248e-02-2.89331324e-02j
   1.68047119e-01-4.94192313e-01j  1.12627252e-01-3.07385734e-01j
   1.14087111e-02+1.99276390e-02j  1.45013152e-02+3.47579553e-02j
   1.02606140e-03+1.92568205e-02j  3.60330228e-04+1.20889819e-02j
  -6.65023840e-04-5.26680771e-04j -9.74822158e-04-9.92796526e-04j
  -1.69301569e-01+4.68257892e-01j -1.13032645e-01+2.91106583e-01j
  -1.05167887e-02-1.92141209e-02j -1.31953514e-02-3.34148085e-02j]
 [-7.87039970e-02+2.64349306e-01j  1.35734540e-01-4.18295747e-01j
  -1.04653808e-02-2.78779148e-02j  7.63584884e-03+1.62273425e-02j
   1.01905092e-01-3.11223545e-01j -1.74539470e-01+4.92107962e-01j
   1.15255811e-02+3.34240702e-02j -8.54154396e-03-1.95052878e-02j
   7.80767606e-04+1.20732980e-02j -7.74773201e-04-1.92745299e-02j
  -8.54445275e-04-9.87931796e-04j  5.60892849e-04+5.51585369e-04j
  -1.02876671e-01+2.94962737e-01j  1.75455465e-01-4.66151355e-01j
  -1.03816623e-02-3.20882676e-02j  7.78998930e-03+1.87589249e-02j]
 [-2.53390999e-02+1.54636447e-02j -4.00871769e-02+2.12988606e-02j
  -1.24343759e-02+6.56580502e-02j -2.39095872e-01+7.26817968e-01j
  -2.09563737e-02+1.24787148e-02j -3.31253388e-02+1.71412899e-02j
  -1.08018205e-02+5.38331731e-02j -2.02924305e-01+5.95014378e-01j
   2.84703653e-03-1.33961577e-03j  4.46788430e-03-1.78578849e-03j
   2.06141532e-03-6.77652957e-03j  3.35097859e-02-7.38538658e-02j
   6.42267751e-04+5.81901310e-05j  9.75116865e-04+1.47280984e-04j
   1.06683480e-03-9.84618087e-04j  1.35796501e-02-9.58628520e-03j]
 [-3.93445458e-02+2.18844261e-02j  2.09061902e-02-1.62339767e-02j
  -2.39473103e-01+7.26818004e-01j  2.93904272e-02-6.02950900e-02j
  -3.25204239e-02+1.76290119e-02j  1.73212045e-02-1.31511662e-02j
  -2.03234236e-01+5.95011042e-01j  2.46849228e-02-4.92757171e-02j
   4.39632774e-03-1.85598875e-03j -2.38872710e-03+1.47150292e-03j
   3.35495375e-02-7.38495540e-02j -3.78682281e-03+6.01742452e-03j
   9.69739425e-04+1.27451611e-04j -5.74895741e-04+1.26303720e-05j
   1.35862323e-02-9.58140289e-03j -1.29325704e-03+6.71566544e-04j]
 [ 2.12312841e-01-6.15008054e-01j  1.42157118e-01-3.82485884e-01j
   1.41051595e-02+2.49043592e-02j  1.78742667e-02+4.34072289e-02j
   1.79921954e-01-5.03391236e-01j  1.20207887e-01-3.12978883e-01j
   1.13664734e-02+2.05870731e-02j  1.42980480e-02+3.58225103e-02j
  -2.94083880e-02+6.23781890e-02j -1.93555976e-02+3.86785293e-02j
  -1.20143755e-03-2.78568419e-03j -1.38693711e-03-4.77856041e-03j
  -1.16650715e-02+7.98216225e-03j -7.43123289e-03+4.83333120e-03j
   7.62649935e-05-6.17098208e-04j  2.50006811e-04-9.88715180e-04j]
 [ 1.28814806e-01-3.87331366e-01j -2.20393096e-01+6.12372564e-01j
   1.41729105e-02+4.17274487e-02j -1.05338624e-02-2.43613730e-02j
   1.09289187e-01-3.17078939e-01j -1.86537110e-01+5.01153842e-01j
   1.12720319e-02+3.44093910e-02j -8.43716960e-03-2.01090949e-02j
  -1.80050714e-02+3.93417632e-02j  3.02297024e-02-6.20080333e-02j
  -1.01611995e-03-4.55920830e-03j  8.31320513e-04+2.68761070e-03j
  -7.26116315e-03+5.09057735e-03j  1.17719378e-02-7.83158769e-03j
   2.92843019e-04-9.11496378e-04j -1.31546793e-04+5.61397141e-04j]
 [ 2.17809881e-03-1.89410797e-03j  3.49722591e-03-2.69309508e-03j
   1.25580664e-04-6.49667265e-03j  1.11162937e-02-7.35644259e-02j
   1.26665303e-03-6.16370053e-04j  1.98962599e-03-8.25598865e-04j
   8.83110889e-04-3.04565010e-03j  1.45682834e-02-3.32576516e-02j
   3.28490278e-02-1.97768129e-02j  5.19435321e-02-2.71993535e-02j
   1.65703261e-02-8.47101048e-02j  3.14466881e-01-9.36932012e-01j
  -2.12841654e-03+1.17093921e-03j -3.35556903e-03+1.59370962e-03j
  -1.25813359e-03+5.32190364e-03j -2.22209712e-02+5.85388164e-02j]
 [ 3.41651760e-03-2.73717086e-03j -1.74059899e-03+1.89595458e-03j
   1.11524586e-02-7.35705568e-02j -1.83828533e-03+6.25794586e-03j
   1.95718180e-03-8.56605420e-04j -1.06071410e-03+6.72725524e-04j
   1.45861038e-02-3.32559543e-02j -1.65995199e-03+2.71593821e-03j
   5.09888642e-02-2.79614574e-02j -2.71292799e-02+2.08062094e-02j
   3.14954129e-01-9.36929130e-01j -3.84298293e-02+7.76514891e-02j
  -3.29701237e-03+1.64431326e-03j  1.76885315e-03-1.25022696e-03j
  -2.22518107e-02+5.85374313e-02j  2.62458583e-03-4.82107922e-03j]
 [-1.03647608e-02+6.24100613e-02j -7.41583422e-03+3.89783836e-02j
  -1.75680710e-03-2.15848635e-03j -2.41870537e-03-3.87114948e-03j
  -1.27994860e-02+2.80964355e-02j -8.43810852e-03+1.74281795e-02j
  -5.54153922e-04-1.23999762e-03j -6.48869592e-04-2.13103955e-03j
  -2.79005058e-01+7.92721642e-01j -1.86584438e-01+4.92931034e-01j
  -1.80255122e-02-3.22769557e-02j -2.27502413e-02-5.62052676e-02j
   1.96199854e-02-4.94967173e-02j  1.30290223e-02-3.07457825e-02j
   1.06148043e-03+2.08787693e-03j  1.30152638e-03+3.61438750e-03j]
 [-6.05798762e-03+3.92261989e-02j  1.11822314e-02-6.22886459e-02j
  -2.03656764e-03-3.77023030e-03j  1.40560371e-03+2.16444000e-03j
  -7.82964800e-03+1.77171700e-02j  1.31693232e-02-2.79355437e-02j
  -4.81584951e-04-2.03501705e-03j  3.87893198e-04+1.19826246e-03j
  -1.69388572e-01+4.99293207e-01j  2.89421390e-01-7.89254825e-01j
  -1.79824561e-02-5.40068685e-02j  1.34168937e-02+3.15478953e-02j
   1.19560954e-02-3.11910047e-02j -2.02708623e-02+4.92515286e-02j
   1.00511525e-03+3.46344271e-03j -7.71518780e-04-2.03034557e-03j]
 [ 1.20740697e-02-6.98234625e-03j  1.90663842e-02-9.55956157e-03j
   6.56964751e-03-3.07031546e-02j  1.20378114e-01-3.38749863e-01j
  -1.53964009e-02+9.23544303e-03j -2.43429376e-02+1.26965084e-02j
  -7.82329375e-03+3.96524739e-02j -1.47958928e-01+4.38474644e-01j
  -2.13562245e-03+9.91029745e-04j -3.35019469e-03+1.31842446e-03j
  -1.56942903e-03+5.06231674e-03j -2.53676605e-02+5.51275857e-02j
  -2.71656366e-02+1.50334484e-02j -4.28362068e-02+2.04759336e-02j
  -1.59103514e-02+6.80585446e-02j -2.82136623e-01+7.48884050e-01j]
 [ 1.87240530e-02-9.84286052e-03j -1.00003753e-02+7.39340291e-03j
   1.20555309e-01-3.38745692e-01j -1.44747829e-02+2.79957995e-02j
  -2.38964982e-02+1.30540845e-02j  1.27189410e-02-9.72179587e-03j
  -1.48187077e-01+4.38472925e-01j  1.80535300e-02-3.63307151e-02j
  -3.29693214e-03+1.37123654e-03j  1.79321847e-03-1.09153870e-03j
  -2.53973874e-02+5.51242011e-02j  2.85743930e-03-4.48744864e-03j
  -4.20861899e-02+2.11208243e-02j  2.25675843e-02-1.60353500e-02j
  -2.82530821e-01+7.48867330e-01j  3.33907344e-02-6.17011467e-02j]
 [-1.06556187e-01+2.86527340e-01j -7.10209303e-02+1.78084819e-01j
  -6.34905878e-03-1.18547799e-02j -7.91408756e-03-2.05878753e-02j
   1.31244608e-01-3.70975833e-01j  8.77414908e-02-2.30670653e-01j
   8.41584019e-03+1.51272013e-02j  1.06099990e-02+2.63350941e-02j
   2.22531101e-02-4.65572638e-02j  1.46367756e-02-2.88640669e-02j
   8.87882451e-04+2.08916556e-03j  1.01874786e-03+3.58106949e-03j
   2.49182082e-01-6.33235447e-01j  1.65541769e-01-3.93372502e-01j
   1.36331800e-02+2.66509955e-02j  1.67498355e-02+4.61534408e-02j]
 [-6.48075123e-02+1.80508983e-01j  1.10322422e-01-2.85199681e-01j
  -6.19411818e-03-1.97577500e-02j  4.67756096e-03+1.15600785e-02j
   7.96944491e-02-2.33662765e-01j -1.36119368e-01+3.69344604e-01j
   8.37917830e-03+2.53020849e-02j -6.25843267e-03-1.47823230e-02j
   1.36288878e-02-2.93657071e-02j -2.28661832e-02+4.62770256e-02j
   7.42158019e-04+3.41546340e-03j -6.11333624e-04-2.01430873e-03j
   1.51814660e-01-3.99028614e-01j -2.57508656e-01+6.30122478e-01j
   1.29566381e-02+4.42336880e-02j -9.92539048e-03-2.59249399e-02j]]

********* Summary *****************
Final fidelity error 0.28540945618673685
Final penalized l2 error 0.001020914832483475
Final penalized TV regularizer 0.010485739305199108
Final objective value 0.2958951916287243
Final norm value 10.485739305199107
Final l2 value 0.01020914832483475
Final error 4.4985928329324956e-07
Terminate reason Exceed the maximum number of iteration of ADMM
Number of iterations 100
Completed in 0:05:56.297658 HH:MM:SS.US
Computational time 356.29765825
Time for each iteration [38.039987833, 11.926087375000002, 46.935588790999994, 20.19494512500001, 53.40747395799999, 26.416097208000018, 58.498387249999986, 31.950747250000013, 64.00825916599999, 37.24034558400001, 69.398817166, 41.862582875, 74.54887925, 47.235638416, 77.49382966700001, 52.15931483299998, 80.765812, 56.425437040999995, 84.03479483399998, 59.90443520700002, 87.94602637599998, 62.93725833200001, 90.87937250099996, 66.51721254000002, 94.34917304299996, 69.22282370700002, 97.05787495899996, 73.34640941600004, 99.87237408399996, 77.56369833200004, 102.79151779299995, 81.23672458200004, 105.48887695899997, 84.90712720700002, 107.85530679299997, 88.78346574800001, 110.11791408499998, 91.36913604000001, 113.88446162599998, 93.628745749, 116.893280459, 97.397011541, 119.794987417, 100.08916687399999, 123.357603792, 102.67251329099999, 126.16230283400002, 105.46704870699996, 130.04776829300005, 107.61882903999995, 132.62369904300004, 109.87486578999994, 135.30585662600004, 112.55365270699994, 137.66694808400004, 115.34320470699996, 140.02452420900002, 118.351888124, 142.278582334, 120.71489391600002, 144.54199233399996, 123.10489241600001, 147.34637337499996, 125.37047845800001, 149.818526167, 127.62888358299998, 152.128061292, 130.87545429099995, 154.392633667, 133.02859374899995, 156.66131916700002, 135.40231179099996, 158.92252658400005, 137.97516037399996, 161.071629709, 140.23882812399998, 163.654571209, 142.386237207, 165.80328733399998, 144.74658737400003, 168.05638283399995, 147.00423654100004, 171.61443641699995, 149.26425820800003, 173.86511541699994, 151.41166991600002, 176.115552625, 153.66973512500002, 178.483304625, 155.710314916, 180.73722095899998, 157.96645654099999, 182.88289445900003, 160.10780179099996, 185.13730216700006, 162.47514712399996, 187.06387058400006, 164.73107716599995, 189.31495379200007, 166.98270445799992]
