Final evolution
[[ 4.85257977e-02+8.63653390e-02j -3.53214519e-03-9.95074728e-01j
   2.54164159e-05-1.63466717e-05j  1.33263654e-04-2.56868327e-04j]
 [ 2.70945804e-02-9.94712053e-01j  5.05573258e-02-8.51919958e-02j
   1.44965367e-04-2.60699191e-04j  5.27162421e-05-6.36780342e-05j]
 [ 2.13708853e-06+3.25257133e-05j  1.28394119e-04+2.59851931e-04j
   4.77503508e-02+8.67964698e-02j  5.37981260e-03-9.95066455e-01j]
 [ 1.23677032e-04+2.71962728e-04j  2.06492962e-05+7.55643738e-05j
   3.60020581e-02-9.94429504e-01j  5.13182519e-02-8.47357934e-02j]]

********* Summary *****************
Final fidelity error 0.0050468324977154255
Final penalized l2 error 4.542817868057595e-05
Final penalized TV regularizer 0.1933288658751329
Final objective value 0.19837569644869305
Final norm value 1.933288658751329
Final l2 value 4.542817868057595e-05
Final error 0.049557594203885114
Terminate reason Exceed the maximum number of iteration of ADMM
Number of iterations 100
Completed in 0:06:31.705869 HH:MM:SS.US
Computational time 391.70586929200005
Time for each iteration [2.784581209, 5.752265457999998, 6.337131542000002, 9.690040457999999, 9.449299917000001, 13.985399999999998, 13.176075917000002, 18.723097125000002, 17.471989416999996, 22.120309125, 20.910482334, 25.966444582999998, 24.222327917, 30.547928332999994, 28.170005126000007, 34.190085290999995, 33.06250645900001, 37.984353207999995, 37.762462792000015, 42.50246683299999, 41.81334020900001, 46.003974666, 46.33821833400001, 49.84392062499999, 49.58424083400002, 53.429528457999986, 53.356251126000025, 56.82753079099998, 57.96415454300003, 60.66976320699998, 61.30788166800003, 65.06922124899998, 65.010422793, 68.36900445699999, 69.62227121000001, 72.15312678999999, 73.569062877, 76.52347516500001, 77.13901521, 80.23737728999998, 81.503018502, 83.85900928999999, 85.22753183500001, 87.63144520699998, 88.708896377, 90.88111278999997, 93.16012229400002, 94.69144387299997, 96.32813783600002, 99.02148541399995, 100.05181425300003, 102.88242403899997, 104.46568321100003, 106.90855158099995, 107.75260354400004, 110.50535874799996, 111.26195316900004, 114.37820233099995, 115.76151591900003, 118.11198608099997, 119.48366004400003, 122.72982712299995, 123.14487854400005, 126.66711866499995, 126.76937316900006, 130.44775674799996, 130.58113791900007, 135.29824149799992, 134.18657833600008, 139.04411041399993, 137.94837225300012, 142.6922066219999, 141.2080501700001, 147.4913914139999, 144.95774029500012, 150.78043549699987, 149.49775971200017, 154.54282370499982, 152.71494279500018, 158.95907570499986, 156.45989250400015, 162.12875824599985, 161.54073467100017, 165.94143857899985, 165.4281048380002, 170.6785174539998, 169.56447879600023, 174.93974028799977, 174.11326712900023, 178.6995889549998, 177.73225679500024, 182.9938326639998, 181.5107435450002, 187.21652187199982, 186.26637867000022, 190.9585011219998, 190.0773293370002, 194.69823924699983, 193.71331937800016, 197.99254991399988]
