Final evolution
[[ 5.75678763e-01+6.68743299e-02j  3.29248107e-01+4.03591906e-02j
   2.53067065e-02-2.30182051e-02j -1.56344458e-01-2.99016056e-02j
   3.01108681e-01+4.22047644e-02j  1.72187013e-01+2.52457642e-02j
   1.35581655e-02-1.17593552e-02j -8.16305433e-02-1.76194204e-02j
   3.13060177e-02+6.22661903e-03j  1.78954850e-02+3.67711932e-03j
   1.49143286e-03-1.15128737e-03j -8.45006389e-03-2.33551296e-03j
   5.25422782e-01+7.45712807e-02j  3.00456202e-01+4.45826487e-02j
   2.36996464e-02-2.04837048e-02j -1.42423456e-01-3.09987431e-02j]
 [ 6.53830631e-02-1.60888254e-03j -7.65093131e-02+5.86217478e-02j
  -6.72219361e-01-8.34105410e-02j -1.78833447e-03-3.50059019e-03j
   3.43125965e-02-3.40530611e-05j -4.08543078e-02+2.97988482e-02j
  -3.51538316e-01-5.20735005e-02j -8.94605225e-04-1.85816861e-03j
   3.59645720e-03+2.01913050e-04j -4.46033188e-03+2.87851653e-03j
  -3.65323751e-02-7.56294641e-03j -8.26345675e-05-2.00109318e-04j
   5.98887310e-02+4.40114531e-05j -7.13962600e-02+5.18872386e-02j
  -6.13412066e-01-9.19480440e-02j -1.55582681e-03-3.24591330e-03j]
 [-3.29727165e-01-4.02656388e-02j  5.85771727e-01+7.46650191e-02j
  -8.28546604e-02-7.43911862e-02j  2.31038030e-02-2.10219615e-02j
  -1.72439432e-01-2.52026306e-02j  3.06305835e-01+4.64158961e-02j
  -4.25349677e-02-4.00435058e-02j  1.23780437e-02-1.07396317e-02j
  -1.79221989e-02-3.67411016e-03j  3.18255054e-02+6.69910494e-03j
  -4.21822619e-03-4.45162357e-03j  1.36163937e-03-1.05147884e-03j
  -3.00896899e-01-4.45081250e-02j  5.34481111e-01+8.19369877e-02j
  -7.41190917e-02-7.00194972e-02j  2.16368075e-02-1.87074545e-02j]
 [ 1.46445340e-01+2.18185078e-02j  6.40488745e-02-1.70397648e-02j
   2.87851557e-03+2.38194949e-03j  6.61450428e-01+9.25949928e-02j
   7.65386805e-02+1.32573246e-02j  3.38039456e-02-8.14389891e-03j
   1.48024744e-03+1.28495653e-03j  3.45776382e-01+5.67572644e-02j
   7.94251572e-03+1.84783526e-03j  3.59171231e-03-6.51114156e-04j
   1.47447575e-04+1.43538933e-04j  3.59004263e-02+8.01933935e-03j
   1.33549356e-01+2.33698633e-02j  5.90253901e-02-1.41123105e-02j
   2.57972502e-03+2.24720421e-03j  6.03341162e-01+1.00105635e-01j]
 [-4.74547538e-01-5.60465951e-02j -2.71404768e-01-3.37958931e-02j
  -2.09019450e-02+1.89388286e-02j  1.28860438e-01+2.49007838e-02j
   6.51016527e-01+9.05905115e-02j  3.72281892e-01+5.42058428e-02j
   2.92843182e-02-2.54500506e-02j -1.76503796e-01-3.79138371e-02j
  -1.61748050e-01-2.02608086e-02j -9.25032800e-02-1.21817215e-02j
  -7.17586087e-03+6.41033953e-03j  4.38983884e-02+8.80441757e-03j
   1.53401808e-01+2.24480306e-02j  8.77183862e-02+1.34033711e-02j
   6.94940903e-03-5.95416376e-03j -4.15681744e-02-9.23560512e-03j]
 [-5.39115411e-02+1.22341037e-03j  6.31751751e-02-4.82135505e-02j
   5.54120164e-01+6.98331451e-02j  1.46897850e-03+2.88909314e-03j
   7.41756675e-02-1.47255835e-04j -8.82534237e-02+6.45057622e-02j
  -7.60054685e-01-1.11816160e-01j -1.93791346e-03-4.01500227e-03j
  -1.83938409e-02+2.87652913e-04j  2.16669938e-02-1.62951616e-02j
   1.88859574e-01+2.51552491e-02j  4.94164065e-04+9.89093023e-04j
   1.74957112e-02+8.84200618e-05j -2.09230188e-02+1.50681458e-02j
  -1.79084886e-01-2.76354590e-02j -4.50420516e-04-9.50217233e-04j]
 [ 2.71799904e-01+3.37195142e-02j -4.82857001e-01-6.24860177e-02j
   6.81971754e-02+6.14669808e-02j -1.90824798e-02+1.72963800e-02j
  -3.72827469e-01-5.41120563e-02j  6.62260587e-01+9.96828309e-02j
  -9.20365086e-02-8.64733269e-02j  2.67353618e-02-2.32431163e-02j
   9.26382566e-02+1.21566169e-02j -1.64567174e-01-2.24774846e-02j
   2.31163048e-02+2.11323486e-02j -6.55123381e-03+5.85442632e-03j
  -8.78472246e-02-1.33821560e-02j  1.56038796e-01+2.46112617e-02j
  -2.15646493e-02-2.05488646e-02j  6.34453451e-03-5.43785651e-03j]
 [-1.20711264e-01-1.82205731e-02j -5.28358283e-02+1.39484348e-02j
  -2.36960840e-03-1.96848201e-03j -5.45226582e-01-7.73888334e-02j
   1.65487027e-01+2.84949428e-02j  7.30586790e-02-1.76777381e-02j
   3.20270359e-03+2.77459606e-03j  7.47608794e-01+1.21953719e-01j
  -4.11345225e-02-6.50598685e-03j -1.80574934e-02+4.63114098e-03j
  -8.03611477e-04-6.77210597e-04j -1.85807521e-01-2.77113341e-02j
   3.89853390e-02+6.99572377e-03j  1.72613579e-02-4.04826706e-03j
   7.50800054e-04+6.59748350e-04j  1.76132501e-01+3.00058937e-02j]
 [-2.22902020e-01-2.53973328e-02j -1.27486208e-01-1.53429564e-02j
  -9.77664033e-03+8.93186996e-03j  6.05463442e-02+1.14419096e-02j
  -1.74248262e-02-4.37731843e-05j -9.97295335e-03-8.81212779e-05j
  -6.77881957e-04+7.73544898e-04j  4.77213144e-03+3.62599591e-04j
   7.78624306e-01+1.04554555e-01j  4.45267754e-01+6.26600387e-02j
   3.48556806e-02-3.05857258e-02j -2.11177172e-01-4.43064986e-02j
   2.05519698e-01+3.02478870e-02j  1.17519867e-01+1.80562608e-02j
   9.31815928e-03-7.97035799e-03j -5.56873755e-02-1.24208204e-02j]
 [-2.53084019e-02+6.78416858e-04j  2.95668725e-02-2.27575501e-02j
   2.60286933e-01+3.17163736e-02j  6.95241724e-04+1.35355649e-03j
  -1.94779335e-03+2.69994064e-04j  2.08665982e-03-2.01096299e-03j
   2.03650101e-02+2.10087577e-04j  6.53068079e-05+9.85065134e-05j
   8.86552366e-02-5.99948315e-04j -1.05113385e-01+7.76028412e-02j
  -9.09069967e-01-1.29300629e-01j -2.33917612e-03-4.78772619e-03j
   2.34425686e-02+1.37813638e-04j -2.80516032e-02+2.01668218e-02j
  -2.39926960e-01-3.72269592e-02j -6.02472327e-04-1.27370279e-03j]
 [ 1.27671571e-01+1.53063350e-02j -2.26815632e-01-2.84045213e-02j
   3.21363039e-02+2.87263320e-02j -8.92559495e-03+8.15725052e-03j
   9.98694717e-03+8.37004400e-05j -1.77527875e-02-2.42253693e-04j
   2.72770773e-03+1.94112888e-03j -6.18848258e-04+7.06431757e-04j
  -4.45919302e-01-6.25448252e-02j  7.92115372e-01+1.15357593e-01j
  -1.10497905e-01-1.02828432e-01j  3.18217361e-02-2.79333903e-02j
  -1.17692522e-01-1.80279768e-02j  2.09050631e-01+3.31493352e-02j
  -2.88719608e-02-2.75574513e-02j  8.50711157e-03-7.27922168e-03j]
 [-5.67075218e-02-8.32136480e-03j -2.47788114e-02+6.65057333e-03j
  -1.11629903e-03-9.19603531e-04j -2.56126094e-01-3.52808337e-02j
  -4.44896855e-03-1.54725692e-04j -1.85555860e-03+7.26447772e-04j
  -9.40778792e-05-6.13878171e-05j -2.00744738e-02-5.21017078e-04j
   1.97955902e-01+3.31118340e-02j  8.72199979e-02-2.15463087e-02j
   3.84378634e-03+3.29794179e-03j  8.94252357e-01+1.41488353e-01j
   5.22290861e-02+9.41672762e-03j  2.31331289e-02-5.40523100e-03j
   1.00527473e-03+8.84832850e-04j  2.35968411e-01+4.03998634e-02j]
 [-3.07826870e-01-4.08924076e-02j -1.76036923e-01-2.45189518e-02j
  -1.37603862e-02+1.21091604e-02j  8.34971973e-02+1.73951177e-02j
  -4.26476035e-01-6.56691148e-02j -2.43856181e-01-3.91293584e-02j
  -1.94652939e-02+1.64268216e-02j  1.15499064e-01+2.65693279e-02j
  -2.54367956e-01-3.86318011e-02j -1.45447858e-01-2.30316021e-02j
  -1.15860609e-02+9.81842750e-03j  6.88992063e-02+1.57002319e-02j
   5.94614056e-01+9.26798071e-02j  3.39992335e-01+5.51975087e-02j
   2.71893382e-02-2.28596176e-02j -1.61011979e-01-3.73512493e-02j]
 [-3.50426042e-02+2.86682591e-04j  4.15050222e-02-3.07329726e-02j
   3.59402225e-01+5.06009476e-02j  9.27286339e-04+1.89114736e-03j
  -4.86916860e-02-6.10191276e-04j  5.85458867e-02-4.15017718e-02j
   4.97848434e-01+8.06410967e-02j  1.23382158e-03+2.65398913e-03j
  -2.90332812e-02-3.04051689e-04j  3.48571728e-02-2.48174027e-02j
   2.96942297e-01+4.74712603e-02j  7.38927180e-04+1.58093255e-03j
   6.79060444e-02+9.75985790e-04j -8.17572513e-02+5.77299535e-02j
  -6.94114775e-01-1.13743609e-01j -1.71393048e-03-3.70453943e-03j]
 [ 1.76294397e-01+2.44730471e-02j -3.13165548e-01-4.51550080e-02j
   4.37341961e-02+4.05834624e-02j -1.25626347e-02+1.10590709e-02j
   2.44215202e-01+3.90729943e-02j -4.33770200e-01-7.17446314e-02j
   5.95904272e-02+5.76397508e-02j -1.77710809e-02+1.50024391e-02j
   1.45661856e-01+2.29975541e-02j -2.58724578e-01-4.22453875e-02j
   3.56016936e-02+3.42946807e-02j -1.05776310e-02+8.96705622e-03j
  -3.40493186e-01-5.51198224e-02j  6.04771229e-01+1.01171719e-01j
  -8.29595301e-02-8.05399449e-02j  2.48228564e-02-2.08774588e-02j]
 [-7.82649428e-02-1.29775673e-02j -3.44635897e-02+8.56539195e-03j
  -1.52118427e-03-1.30143642e-03j -3.53552048e-01-5.54266947e-02j
  -1.08357210e-01-2.02816075e-02j -4.81255297e-02+1.09077864e-02j
  -2.07587363e-03-1.85181625e-03j -4.89582115e-01-8.71769758e-02j
  -6.46331400e-02-1.19599315e-02j -2.86815692e-02+6.56287452e-03j
  -1.24001791e-03-1.10160134e-03j -2.92021509e-01-5.13784417e-02j
   1.51067769e-01+2.85637800e-02j  6.71460227e-02-1.50889561e-02j
   2.89035315e-03+2.58795457e-03j  6.82569419e-01+1.22837621e-01j]]

********* Summary *****************
Final fidelity error 0.322632067984706
Final penalized l2 error 0.001221302481938572
Final penalized TV regularizer 0.006229835723478192
Final objective value 0.328861899535093
Final norm value 6.229835723478192
Final l2 value 0.01221302481938572
Final error 1.0757962229150744e-07
Terminate reason Exceed the maximum number of iteration of ADMM
Number of iterations 100
Completed in 0:06:17.708669 HH:MM:SS.US
Computational time 377.7086695
Time for each iteration [49.768932292, 14.136267999999994, 64.36174575000001, 28.17087916699998, 71.220082583, 34.80470016699999, 76.881961625, 40.45255775, 82.845761125, 44.825366292, 87.93727187500001, 49.91381533299999, 92.17837791700002, 54.46652829099999, 96.83253070900001, 58.180235207999985, 100.65858904200003, 61.68695874999999, 104.80636895800002, 65.09332299999998, 108.62638558300002, 68.69800208399998, 111.92682004100003, 72.50774204199998, 115.41088312500004, 75.89205937499996, 118.81856362500004, 79.74702404199998, 121.68888041600003, 83.65017533399997, 124.55572349900005, 87.44885216799996, 128.14374237400006, 90.21719000099995, 131.10715849900006, 93.64477854299994, 134.81350074900007, 97.15578383399995, 137.64626333300006, 100.27897754199995, 140.26366395800005, 102.90851554199995, 142.91206504100006, 105.35049170899995, 145.35222233300004, 107.99263629199999, 147.687980208, 110.63465420900002, 150.336418541, 113.07886308400003, 152.878209541, 115.62028245900001, 155.44903312399998, 118.02096462600002, 157.934029082, 120.39203375099999, 160.28264979100004, 123.16552120899996, 162.53145308300003, 125.41530483399998, 165.31408166600005, 127.55617854199994, 167.47117833300007, 130.01233120899997, 169.41558258300006, 132.66416287499993, 171.33960587500007, 134.9480867919999, 173.6379132080001, 137.2806724589999, 175.78096708300012, 139.4110460839999, 178.06330416600008, 141.87890991699993, 180.5169524580001, 144.2668452919999, 182.68578116600008, 146.44772450099993, 185.0609819990001, 148.81792983399993, 186.90290124900008, 150.97159620899993, 189.2426048330001, 152.81281649999994, 191.80341712500007, 154.83739895799994, 194.13976920900006, 157.09098862399992, 196.47198433400007, 159.64417149899992, 198.81529875100006, 161.66552924899997, 200.92710633400003, 163.980944916, 203.246783584, 165.79591566599998, 205.56638320900004, 168.11716841599997, 207.47825354200006, 170.23041595799992]
