Final evolution
[[ 9.15341194e-04-2.26307910e-03j -3.20680235e-04-1.57850362e-03j
  -6.52715293e-04+1.15260104e-03j  3.16077314e-01-9.48644322e-01j
  -3.74670847e-06+3.27796079e-05j  1.04059672e-04+2.98738129e-05j
  -1.50526083e-03-2.75786726e-03j -3.95467308e-03+1.11424209e-02j
   3.04026162e-06-6.76766764e-07j  1.78099630e-04-7.78590807e-05j
  -1.91874354e-05+4.12354861e-05j -5.14397560e-05+3.42919643e-04j
  -4.17946291e-06+5.30602420e-06j -2.42950767e-06+5.70091386e-06j
   3.16353391e-06-2.39061275e-06j -1.62398300e-03+2.50977263e-03j]
 [-1.59198239e-04+2.72921816e-03j -1.92254604e-05-4.86164521e-05j
   3.15962237e-01-9.48683063e-01j  1.88757695e-04-1.36957180e-03j
  -1.02402010e-04-5.05769279e-05j -1.45938786e-06-2.88817410e-06j
  -3.94502320e-03+1.11508709e-02j -1.14077262e-03-2.93390999e-03j
   1.77835957e-04-7.89464166e-05j -3.78253464e-06+1.03830532e-06j
  -4.91582100e-05+3.42741259e-04j -4.73019148e-05+8.51594133e-06j
   4.07388020e-07-6.90460450e-06j  3.40254515e-07-4.07884105e-07j
  -1.62357306e-03+2.50995223e-03j -9.81276116e-07+4.71291876e-06j]
 [ 6.91419203e-03-1.97212419e-02j  3.15927848e-01-9.48467927e-01j
  -1.08309217e-05-2.10606214e-05j -1.21686296e-03+1.11886547e-03j
  -1.59908643e-03-2.51153338e-03j -3.91202330e-03+1.12009150e-02j
  -1.94821801e-06-7.53889034e-06j  1.05572514e-04-1.40653259e-05j
  -5.72398175e-05-1.46131534e-05j -4.91091017e-05+3.42053344e-04j
   2.05586658e-07+4.08919240e-07j  1.07680932e-04-9.55090930e-05j
  -3.39208918e-05+5.31321080e-05j -1.62339268e-03+2.50930063e-03j
   2.21138389e-08-3.77034837e-07j  3.01985527e-06-1.23592574e-06j]
 [ 3.15797919e-01-9.48506612e-01j -6.26913557e-03+1.98836521e-02j
   1.51079085e-03-2.28221601e-03j -5.97661506e-04+2.33349789e-03j
  -3.97046108e-03+1.10822432e-02j -1.06009232e-03-3.18305088e-03j
  -1.06117730e-04+3.48090899e-05j  6.39549594e-06-2.20868242e-05j
  -4.99272261e-05+3.42331572e-04j -2.24973511e-05+4.95878222e-06j
   1.07080834e-04-9.39271830e-05j  1.52851011e-08-8.04346257e-07j
  -1.62317107e-03+2.50952415e-03j  3.33191970e-05-5.20378013e-05j
  -7.35009887e-06+6.56771874e-06j  3.54537146e-06-6.75861623e-06j]
 [ 1.73317856e-05-3.24166511e-05j  6.13569535e-05+3.92504478e-05j
  -2.68900895e-03+1.69149070e-03j  3.51878402e-03-1.12849006e-02j
   9.16137670e-04-2.26289630e-03j -3.19152580e-04-1.57765308e-03j
  -7.91264878e-04+1.10931593e-03j  3.16012769e-01-9.48670299e-01j
  -1.34104541e-06-9.10169680e-07j  1.43712519e-06-1.07133847e-06j
   1.32644069e-06-1.17431543e-06j -3.41664231e-04-2.76549682e-04j
   2.43036447e-06-7.77520733e-07j  1.77873440e-04-7.76994952e-05j
   6.44077597e-05+1.86050936e-05j -2.17097900e-04+2.73064613e-04j]
 [-7.31758540e-05-2.44672296e-05j -1.40739520e-06+4.35079816e-06j
   3.52890076e-03-1.12867598e-02j -2.85612562e-03+1.27213957e-03j
  -1.60925375e-04+2.72823634e-03j -1.98593437e-05-4.88124198e-05j
   3.15898218e-01-9.48709045e-01j  5.17703636e-05-1.41804884e-03j
   3.24222666e-06-4.37787088e-07j -6.27883152e-07-2.32357678e-07j
  -3.41668210e-04-2.76675107e-04j  4.97144477e-08-2.24960237e-06j
   1.78440367e-04-7.90714605e-05j -3.70863091e-06+9.23986732e-07j
  -2.15023869e-04+2.72968996e-04j  3.06663168e-05-1.30129507e-05j]
 [-2.60353814e-03+1.44280613e-03j  3.58042956e-03-1.13186464e-02j
  -8.69286398e-06+2.64761294e-06j  7.97372206e-05+6.01286529e-05j
   6.77427147e-03-1.97651078e-02j  3.15866539e-01-9.48492969e-01j
  -1.06060098e-05-2.11729688e-05j -1.21460688e-03+1.11932805e-03j
  -6.55029519e-06-8.24937087e-06j -3.41654222e-04-2.76500234e-04j
  -4.60068135e-07+1.29459092e-08j  1.54883003e-06-4.59373987e-07j
   2.26921358e-05-3.88891791e-05j -2.16562562e-04+2.72787145e-04j
   4.21895233e-07+3.94959256e-07j  1.07724886e-04-9.51521468e-05j]
 [ 3.45946174e-03-1.12596750e-02j -2.92679093e-03+1.52436686e-03j
  -7.10681747e-05-8.03424956e-05j -1.98569748e-06+2.79856343e-05j
   3.15730810e-01-9.48533764e-01j -6.40469017e-03+1.98357260e-02j
   1.50886761e-03-2.28262272e-03j -5.97849335e-04+2.33362043e-03j
  -3.41681490e-04-2.76391607e-04j  8.07552541e-06+3.72940285e-06j
   6.16573202e-07-2.05882540e-06j  4.17478492e-07+5.68597304e-07j
  -2.14034751e-04+2.72159378e-04j  5.91735923e-05-1.51215328e-05j
   1.06619950e-04-9.42980063e-05j  2.79293000e-07-7.13219911e-07j]
 [ 1.05073652e-06+2.11811141e-06j  2.90683450e-05+1.39772134e-04j
  -3.84566946e-05-4.00421496e-05j  1.56400623e-04-2.69639352e-04j
  -6.96500553e-07+1.92090235e-07j -8.20364890e-07-1.27004763e-06j
  -9.79425899e-07+5.48049792e-07j -4.41145600e-04+2.36147506e-05j
   9.14875970e-04-2.26324641e-03j -3.34770503e-04-1.58210150e-03j
  -6.50930647e-04+1.15348213e-03j  3.15992262e-01-9.48676973e-01j
  -3.80029736e-06+3.28324160e-05j  1.05960795e-04+2.92612681e-05j
  -1.50545868e-03-2.75721056e-03j -3.97352974e-03+1.11613620e-02j]
 [ 2.86681100e-05+1.41030115e-04j -4.67120544e-08-3.03381566e-06j
   1.57334902e-04-2.68084948e-04j  5.02231956e-06-5.23997252e-05j
   8.73514091e-07-2.04016261e-06j  3.37705150e-07+3.36322615e-07j
  -4.41209807e-04+2.37830844e-05j -2.48760777e-06+5.96439663e-07j
  -1.72887265e-04+2.72563220e-03j -1.88939033e-05-4.85355501e-05j
   3.15877127e-01-9.48715739e-01j  1.90516275e-04-1.36927757e-03j
  -1.00459223e-04-5.12749795e-05j -1.54242980e-06-2.85990633e-06j
  -3.96386133e-03+1.11698176e-02j -1.14137569e-03-2.93368082e-03j]
 [-1.32531667e-05-3.48235045e-05j  1.56952014e-04-2.67352528e-04j
  -5.69898547e-07+2.02473415e-07j  9.52311765e-05+1.69621780e-04j
  -1.10451053e-05+6.85770887e-07j -4.41089238e-04+2.38564624e-05j
   5.85894354e-07+1.46100804e-07j -3.47008815e-07-1.69184516e-06j
   6.91486568e-03-1.97215192e-02j  3.15842736e-01-9.48500561e-01j
  -1.07822027e-05-2.10262380e-05j -1.23010961e-03+1.11347658e-03j
  -1.59976697e-03-2.51139858e-03j -3.93085074e-03+1.12198410e-02j
  -1.98616700e-06-7.51616431e-06j  1.06390963e-04-1.53565815e-05j]
 [ 1.55429965e-04-2.68299523e-04j -6.57214422e-05-1.76321761e-05j
   9.61359480e-05+1.68746368e-04j -4.08900098e-07+4.71792230e-07j
  -4.41052897e-04+2.37841618e-05j  8.10395550e-06-5.16511524e-07j
  -2.24952147e-06-2.26128133e-06j  1.63286005e-06+8.69305428e-08j
   3.15712966e-01-9.48539199e-01j -6.26507791e-03+1.98853742e-02j
   1.49725570e-03-2.28786019e-03j -5.97449188e-04+2.33356781e-03j
  -3.98928941e-03+1.11011785e-02j -1.05966778e-03-3.18327755e-03j
  -1.05404689e-04+3.35820407e-05j  6.39332457e-06-2.21206375e-05j]
 [ 1.18556116e-06-7.62475115e-06j -1.77463878e-06-2.66879880e-06j
  -2.32878805e-06+4.53495659e-06j  2.06875618e-04-2.98963066e-03j
   4.76849373e-07+1.84471389e-06j  2.88884188e-05+1.39844491e-04j
   1.13787571e-05+2.41456155e-05j -1.80347404e-05-3.13192861e-04j
   1.73408527e-05-3.24210674e-05j  6.08581205e-05+4.06135209e-05j
  -2.68924155e-03+1.69165126e-03j  3.51341767e-03-1.13118844e-02j
   9.15595085e-04-2.26306747e-03j -3.33311470e-04-1.58123683e-03j
  -7.93639738e-04+1.10888110e-03j  3.15919097e-01-9.48696574e-01j]
 [ 1.87692679e-06+9.67118270e-06j  1.65594664e-07-5.21016971e-07j
   2.06655404e-04-2.98957465e-03j -1.25871867e-06-3.65978160e-06j
   2.91948910e-05+1.41205971e-04j  9.60845485e-08-2.98361209e-06j
  -1.72248576e-05-3.11785698e-04j  5.77727489e-05+1.58022326e-05j
  -7.36212591e-05-2.29887403e-05j -1.37113356e-06+4.36062074e-06j
   3.52353358e-03-1.13137344e-02j -2.85585610e-03+1.27206232e-03j
  -1.74680171e-04+2.72461598e-03j -1.95993563e-05-4.87483613e-05j
   3.15804500e-01-9.48735340e-01j  4.93862078e-05-1.41917393e-03j]
 [ 4.26785008e-06-6.15801418e-05j  2.06814449e-04-2.98892914e-03j
   5.61061905e-08-6.56125867e-07j -1.54053465e-06+6.13411919e-06j
   3.27313502e-05+2.82751839e-05j -1.85689708e-05-3.12264459e-04j
  -4.62945994e-07+3.95022710e-07j  9.54661011e-05+1.69604609e-04j
  -2.60337421e-03+1.44274676e-03j  3.57505887e-03-1.13456154e-02j
  -8.67743959e-06+2.69216195e-06j  8.05510680e-05+6.16994714e-05j
   6.77060439e-03-1.97665641e-02j  3.15772905e-01-9.48519201e-01j
  -1.06330585e-05-2.11651894e-05j -1.22787832e-03+1.11390516e-03j]
 [ 2.06257745e-04-2.98900364e-03j -4.87302082e-06+6.32080994e-05j
   3.76047658e-06-5.78961679e-06j  1.95291784e-07+6.63426557e-06j
  -1.79691494e-05-3.10432922e-04j -9.07370834e-06+5.14214002e-05j
   9.55785734e-05+1.68574393e-04j  1.96399161e-08+3.91656148e-07j
   3.45408223e-03-1.12866185e-02j -2.92697775e-03+1.52561582e-03j
  -7.02444621e-05-7.88718540e-05j -1.95535109e-06+2.80886396e-05j
   3.15637164e-01-9.48560004e-01j -6.40457745e-03+1.98358905e-02j
   1.49524182e-03-2.28829175e-03j -5.97678367e-04+2.33365808e-03j]]

********* Summary *****************
Final fidelity error 0.0014123722575002384
Final penalized l2 error 7.494046851073118e-07
Final penalized TV regularizer 0.0006956107290488437
Final objective value 0.002107982979539134
Final norm value 0.6956107290488437
Final l2 value 7.494046851073118e-06
Final error 4.926018950116051e-09
Terminate reason Exceed the maximum number of iteration of ADMM
Number of iterations 100
Completed in 0:08:08.804011 HH:MM:SS.US
Computational time 488.804011
Time for each iteration [120.49209708400001, 13.951007708000006, 130.709080292, 21.41262125, 137.667680625, 28.10747599999999, 144.96475875000002, 33.19831083399998, 149.42759983300002, 37.97046391699999, 155.789229583, 41.67464583399999, 160.137166333, 48.82150062599999, 164.297614583, 52.67806087599999, 168.783348124, 56.70556125099998, 172.64950291600002, 61.50101945899999, 176.366271041, 65.375400251, 183.049126708, 69.26662670900001, 186.76281666600002, 72.67535116799999, 191.28274670700003, 76.406087585, 197.84498428999999, 80.44509954400004, 201.57719724799998, 83.69908671100004, 208.11239495599997, 88.20320854400003, 211.202062456, 92.99893550300001, 214.610873581, 96.570411753, 217.831517456, 99.962715669, 222.008598831, 103.02437671100003, 225.07904028899995, 106.72321662800007, 228.1472450809999, 109.78929779400008, 231.22093483099994, 112.70599975300004, 233.98661241399995, 115.45637642000005, 236.74594403899997, 118.99331750300004, 239.50123020599997, 121.91425216900004, 242.25570128999996, 125.14108962700001, 245.02160458199998, 127.757761418, 248.559195749, 130.52295129300003, 251.64895124899996, 133.28879166800002, 254.871814332, 135.91125020999996, 257.9510810820001, 139.1486476269999, 260.85748737300014, 142.05954396099986, 263.62475674800015, 144.82745516899985, 266.22461358100014, 147.59219416899987, 269.61335720600016, 150.20001604399982, 272.68647499800016, 152.65348925199982, 275.7595305820002, 155.26673091799978, 278.52422716600023, 158.49802150099976, 281.13216683300027, 161.61591241699972, 283.7402547500003, 164.5267269999997, 286.2019266250003, 167.13035954199972, 289.43949958300027, 169.58618391699974, 291.89505650000024, 172.02901874999975, 294.65960979200025, 174.79542370799976, 297.27521529200027, 177.09457699999973, 299.58512625000026, 179.55275112499976, 301.88212316700026, 182.16482879199975, 304.1784227920003, 184.62558820799973]
