Final evolution
[[0.02268271+0.00915891j 0.00862424-0.99966356j 0.        +0.j
  0.        +0.j        ]
 [0.00212737-0.9996985j  0.0227799 -0.00891443j 0.        +0.j
  0.        +0.j        ]
 [0.        +0.j         0.        +0.j         0.02264133+0.00926074j
  0.01311604-0.99961472j]
 [0.        +0.j         0.        +0.j         0.00661939-0.99967884j
  0.02281973-0.00881198j]]

********* Summary *****************
Final fidelity error 0.00030704121803848405
Final penalized l2 error 6.061469576140267e-06
Final penalized TV regularizer 0.012786494499411839
Final objective value 0.013093534896344029
Final norm value 1.2786494499411838
Final l2 value 6.061469576140267e-06
Final error 3.627910046136685e-08
Terminate reason Exceed the maximum number of iteration of ADMM
Number of iterations 100
Completed in 0:01:07.751410 HH:MM:SS.US
Computational time 67.751410459
Time for each iteration [3.02512175, 2.3878880840000005, 5.967653583000001, 3.952254751, 8.387452166000001, 5.561111833999998, 10.221024791000003, 7.488968792999996, 11.568617166000001, 9.141292708999996, 12.957366708, 10.570843166999998, 14.201046583000002, 11.855298375999995, 15.449954541000002, 13.191047833999997, 16.594661375, 14.585119999999996, 17.995478834000004, 15.717778957999997, 18.820347334000004, 16.585998290999996, 19.913311251000003, 17.300301415999996, 20.576248543000005, 18.08376999899999, 21.101394960000007, 18.82375520699999, 21.667296043000007, 19.541988956999994, 22.235538418000004, 20.15297216599999, 22.883373043000006, 20.641042873999993, 23.447126126000008, 21.52631312399999, 24.406938876000005, 22.041732082999992, 25.27816641700001, 22.40534749999999, 26.15829812500001, 22.98355004199999, 26.720812875000007, 23.50992891699999, 27.39817904200001, 23.89666108299999, 28.051428167000005, 24.264277957999994, 28.637817334000005, 24.597094874999996, 29.336945125, 24.989366583999995, 29.680219750000006, 25.348013999999992, 29.878838834000007, 25.63561458299999, 30.142762584000003, 25.953419957999998, 30.364365001000003, 26.229611582999993, 30.754600001000007, 26.50847004099999, 30.98235879300001, 26.73295179099999, 31.248664418000004, 27.02549245699999, 31.51197137700001, 27.312410789999987, 31.78678475200001, 27.52562299799999, 32.09754475200001, 27.799279539999986, 32.37725025200001, 28.04006499799999, 32.663582086000005, 28.281534955999994, 32.964975003000006, 28.59767966399999, 33.23761592000001, 28.89635666399999, 33.49900558600001, 29.156871413999987, 33.76609375300001, 29.413925788999997, 33.965845378, 29.867979747, 34.24557067, 30.13073953900001, 34.526160002999994, 30.385865247000005, 34.791098252999994, 30.678235581000017, 35.08210571099999, 30.93769028900001, 35.485048711, 31.199040581000013, 35.73323958599999, 31.491171039000015, 36.004831002999985, 31.746579456000013]
