Final evolution
[[ 5.33612793e-03-5.52922712e-04j -9.96572889e-03-9.99935950e-01j
  -1.95770703e-07+1.80891908e-07j  4.32360710e-07+2.42137166e-07j]
 [-9.96144195e-03-9.99935993e-01j  5.34608623e-03+4.46482744e-04j
   7.32244102e-07+1.87236673e-07j -1.82479320e-07+2.33535033e-07j]
 [-1.83856179e-07-2.24086675e-07j  4.29846111e-07-2.52282068e-07j
   5.33670260e-03-5.47348327e-04j -8.92119699e-03-9.99945815e-01j]
 [ 7.30714618e-07-2.03048816e-07j -1.97308992e-07-1.70748899e-07j
  -8.91691001e-03-9.99945853e-01j  5.34561692e-03+4.52066987e-04j]]

********* Summary *****************
Final fidelity error 1.4526493470223834e-05
Final penalized l2 error 1.0929296154023946e-07
Final penalized TV regularizer 0.0027864545580708424
Final objective value 0.0028009810515420655
Final norm value 2.7864545580708424
Final l2 value 1.0929296154023946e-07
Final error 1.3319891136928366e-05
Terminate reason Exceed the maximum number of iteration of ADMM
Number of iterations 50
Completed in 0:02:11.708104 HH:MM:SS.US
Computational time 131.708103792
Time for each iteration [14.453722958999998, 9.110418666, 19.303455625999995, 15.075691541000005, 23.664586000999996, 20.460879624, 28.293478750999995, 22.878187791000002, 33.762877958999994, 25.590127416, 36.176595043, 29.259644166000008, 38.576135126000004, 31.360477208, 40.52017666700001, 35.545957957999995, 42.37049383400001, 37.66543425, 44.286243000000006, 40.514057125, 45.93444070900001, 41.861416833, 47.16212358400001, 42.685229875, 48.20564845900001, 44.00508104099999, 49.11290829300001, 44.677431166, 53.17425125100001, 46.719946583, 56.97200179200001, 48.22263779199999, 58.253570500000016, 49.114218666999996, 58.94384654200001, 54.15372, 60.890023917, 54.993506958000005, 63.161772709, 56.34795345800001, 65.44105650099999, 57.38520633300001, 66.28236229199999, 58.015330667000015, 67.67357812499998, 59.019715292000015, 68.14090737499998, 60.65427600000001, 68.83655237499997, 62.871551417000035]
