Final evolution
[[ 5.04152224e-03-5.60620402e-04j -4.33615759e-03-9.99977733e-01j
   3.44355911e-08+1.09020761e-07j  2.12766775e-07+2.33924054e-07j]
 [-4.34157958e-03-9.99977709e-01j  5.04619735e-03+5.16850137e-04j
   2.98877794e-07+1.32260862e-07j  3.70002190e-08+1.12730447e-07j]
 [ 3.82740201e-08-1.10638098e-07j  2.12074078e-07-2.35184934e-07j
   5.04208404e-03-5.55544988e-04j -3.32951175e-03-9.99981591e-01j]
 [ 2.98960431e-07-1.34188068e-07j  3.51884811e-08-1.06510459e-07j
  -3.33493377e-03-9.99981573e-01j  5.04567450e-03+5.21929711e-04j]]

********* Summary *****************
Final fidelity error 1.299237784668783e-05
Final penalized l2 error 7.610031940711349e-08
Final penalized TV regularizer 0.0027161752900936036
Final objective value 0.0027291674837038875
Final norm value 2.7161752900936036
Final l2 value 7.610031940711349e-08
Final error 9.212684727783998e-07
Terminate reason Exceed the maximum number of iteration of ADMM
Number of iterations 100
Completed in 0:03:30.017028 HH:MM:SS.US
Computational time 210.017028375
Time for each iteration [21.5680095, 13.229367458999999, 26.568503208, 21.378574916999998, 32.554520917000005, 28.965074625, 36.125702917, 35.200482957999995, 39.257015917000004, 37.77608845799999, 43.227477084000014, 41.65333545799999, 44.710337959000015, 42.474885249999986, 49.34103791700001, 45.08893574999999, 50.96305637500001, 47.87514220899999, 53.847858000000016, 50.39982174999999, 55.67097058400002, 52.52007783299999, 57.296224459000015, 54.352978915999984, 58.51897479300001, 55.17992483199998, 60.04437171000002, 56.56034003999997, 61.320265627000026, 57.392083997999976, 62.097325586000025, 59.97583028899997, 63.57545992000003, 61.40527474699998, 64.55613079500002, 62.18306962199999, 65.33481046200002, 64.45603232999999, 66.56048225400001, 65.733433788, 67.783420421, 70.313696329, 70.37053738000002, 72.39372191199998, 71.60011467200003, 73.41761470299996, 73.68399975600003, 74.74660566099998, 74.51353942300001, 75.324064286, 75.339188464, 76.11235320299998, 75.91796913100002, 76.69138128599998, 76.57101408900003, 77.26911961999996, 76.96123750500006, 81.27476086999995, 80.46214358900004, 83.41375228599996, 81.29813775600003, 86.20182982799996, 82.52450792200004, 87.23143178699995, 83.30791696300004, 88.96639799599997, 84.59233579600003, 90.80024474599996, 85.42370212900003, 92.02802732999997, 86.45645608700003, 92.85659699699995, 87.03490029500004, 93.48417287199995, 87.66155358700006, 95.02362124699995, 89.39398508700005, 95.80085182999996, 90.62799658700006, 96.63267299699994, 91.40657308700007, 97.46595212199993, 93.74372062800008, 98.29673366399992, 96.1368587950001, 99.53431495499991, 97.17068929500009, 100.3116353299999, 98.8073045450001, 101.34304691399991, 99.63967637800009, 101.9728617469999, 101.32877000300012, 103.05555008099988, 102.95996491900011, 104.08726099799988, 103.99058712700013, 104.86571837299986, 104.57269587700013, 105.44433249799987]
