Final evolution
[[ 0.40283649+0.01018261j -0.13196916-0.19818531j  0.50237606-0.57135947j
  -0.44690319-0.04868248j  0.        +0.j          0.        +0.j
   0.        +0.j          0.        +0.j          0.        +0.j
   0.        +0.j          0.        +0.j          0.        +0.j
   0.        +0.j          0.        +0.j          0.        +0.j
   0.        +0.j        ]
 [ 0.16146776+0.17498982j -0.08511747+0.393873j    0.44900157-0.02213664j
   0.46766541+0.600102j    0.        +0.j          0.        +0.j
   0.        +0.j          0.        +0.j          0.        +0.j
   0.        +0.j          0.        +0.j          0.        +0.j
   0.        +0.j          0.        +0.j          0.        +0.j
   0.        +0.j        ]
 [ 0.01786002-0.76060132j -0.37373234+0.24983312j  0.30309884+0.26554099j
   0.02535991-0.23674913j  0.        +0.j          0.        +0.j
   0.        +0.j          0.        +0.j          0.        +0.j
   0.        +0.j          0.        +0.j          0.        +0.j
   0.        +0.j          0.        +0.j          0.        +0.j
   0.        +0.j        ]
 [ 0.32983864-0.30544871j  0.74393192+0.15936956j  0.01215152+0.23779322j
  -0.31740024+0.24827005j  0.        +0.j          0.        +0.j
   0.        +0.j          0.        +0.j          0.        +0.j
   0.        +0.j          0.        +0.j          0.        +0.j
   0.        +0.j          0.        +0.j          0.        +0.j
   0.        +0.j        ]
 [ 0.        +0.j          0.        +0.j          0.        +0.j
   0.        +0.j         -0.31125289+0.25593469j  0.22948444+0.0634836j
  -0.00592916+0.76078788j  0.36976819-0.25566371j  0.        +0.j
   0.        +0.j          0.        +0.j          0.        +0.j
   0.        +0.j          0.        +0.j          0.        +0.j
   0.        +0.j        ]
 [ 0.        +0.j          0.        +0.j          0.        +0.j
   0.        +0.j         -0.2366085 -0.02664007j -0.19340954-0.35351616j
  -0.32500766+0.31058407j -0.74633985-0.14768273j  0.        +0.j
   0.        +0.j          0.        +0.j          0.        +0.j
   0.        +0.j          0.        +0.j          0.        +0.j
   0.        +0.j        ]
 [ 0.        +0.j          0.        +0.j          0.        +0.j
   0.        +0.j          0.48426672+0.5867871j   0.11908123-0.4334883j
  -0.40295792-0.00241718j  0.13576411+0.19560516j  0.        +0.j
   0.        +0.j          0.        +0.j          0.        +0.j
   0.        +0.j          0.        +0.j          0.        +0.j
   0.        +0.j        ]
 [ 0.        +0.j          0.        +0.j          0.        +0.j
   0.        +0.j         -0.04949546+0.44681388j -0.66679323+0.36636066j
  -0.16481021-0.17184549j  0.07751088-0.39544025j  0.        +0.j
   0.        +0.j          0.        +0.j          0.        +0.j
   0.        +0.j          0.        +0.j          0.        +0.j
   0.        +0.j        ]
 [ 0.        +0.j          0.        +0.j          0.        +0.j
   0.        +0.j          0.        +0.j          0.        +0.j
   0.        +0.j          0.        +0.j         -0.39666025+0.07100406j
   0.16911476+0.16761107j -0.37726541+0.66068462j  0.4475667 -0.04214844j
   0.        +0.j          0.        +0.j          0.        +0.j
   0.        +0.j        ]
 [ 0.        +0.j          0.        +0.j          0.        +0.j
   0.        +0.j          0.        +0.j          0.        +0.j
   0.        +0.j          0.        +0.j         -0.19334841-0.13895923j
   0.004203  -0.40294325j -0.43538609+0.11194374j -0.5787523 -0.4938412j
   0.        +0.j          0.        +0.j          0.        +0.j
   0.        +0.j        ]
 [ 0.        +0.j          0.        +0.j          0.        +0.j
   0.        +0.j          0.        +0.j          0.        +0.j
   0.        +0.j          0.        +0.j          0.1354018 +0.74866528j
   0.31588144-0.31986147j -0.35029109-0.19919107j  0.02274943+0.23701422j
   0.        +0.j          0.        +0.j          0.        +0.j
   0.        +0.j        ]
 [ 0.        +0.j          0.        +0.j          0.        +0.j
   0.        +0.j          0.        +0.j          0.        +0.j
   0.        +0.j          0.        +0.j         -0.26170382+0.3655182j
  -0.76078262-0.00656999j -0.05970502-0.23049639j  0.26101347-0.30700635j
   0.        +0.j          0.        +0.j          0.        +0.j
   0.        +0.j        ]
 [ 0.        +0.j          0.        +0.j          0.        +0.j
   0.        +0.j          0.        +0.j          0.        +0.j
   0.        +0.j          0.        +0.j          0.        +0.j
   0.        +0.j          0.        +0.j          0.        +0.j
   0.25345085-0.31327878j -0.2375615 -0.01605639j -0.14712662-0.74644967j
  -0.31082614+0.32477617j]
 [ 0.        +0.j          0.        +0.j          0.        +0.j
   0.        +0.j          0.        +0.j          0.        +0.j
   0.        +0.j          0.        +0.j          0.        +0.j
   0.        +0.j          0.        +0.j          0.        +0.j
   0.2371338 -0.02146714j  0.2605258 +0.30742029j  0.25593914-0.3695776j
   0.76079209-0.00536232j]
 [ 0.        +0.j          0.        +0.j          0.        +0.j
   0.        +0.j          0.        +0.j          0.        +0.j
   0.        +0.j          0.        +0.j          0.        +0.j
   0.        +0.j          0.        +0.j          0.        +0.j
  -0.59233813-0.47746088j -0.02950992+0.44857732j  0.39521817-0.07863538j
  -0.17231359-0.16432073j]
 [ 0.        +0.j          0.        +0.j          0.        +0.j
   0.        +0.j          0.        +0.j          0.        +0.j
   0.        +0.j          0.        +0.j          0.        +0.j
   0.        +0.j          0.        +0.j          0.        +0.j
  -0.04133411-0.44764264j  0.57953549-0.49292187j  0.19599055+0.13520717j
   0.00356337+0.40294941j]]

********* Summary *****************
Final fidelity error 0.67925383375084
Final penalized l2 error 0.004627147480836668
Final penalized TV regularizer 0.011123741167468401
Final objective value 0.6903775498054642
Final norm value 1.1123741167468402
Final l2 value 0.004627147480836668
Final error 1.3076448878939678e-06
Terminate reason Exceed the maximum number of iteration of ADMM
Number of iterations 100
Completed in 0:21:48.242968 HH:MM:SS.US
Computational time 1308.242968375
Time for each iteration [19.209530208, 36.62137025, 72.170432958, 73.349086792, 145.259962249, 100.78792787599997, 199.22076937400004, 141.18130516699995, 231.54965624900007, 226.8276087509999, 256.9865187490001, 255.50244433399996, 305.873038416, 294.48623225000006, 352.4903569999999, 337.83521695800005, 409.7381405, 363.03739099999996, 458.92017925000005, 402.3477573749999, 478.5434352080001, 426.34278716699987, 498.63714908300017, 445.24817808299986, 519.8809200000002, 463.92046908299983, 529.9541793330002, 482.4879337919998, 556.1858146660003, 499.26512658399963, 574.3921404570004, 512.5618709179995, 586.6249883730005, 521.9189326679995, 592.0497192480005, 531.0867446269993, 596.5600613730006, 535.0938110019994, 600.3355314560007, 540.9255300019994, 603.8143952480006, 543.8405689179993, 606.9835994570007, 549.0601005009993, 609.7353372490007, 552.9508677089992, 612.1059720410007, 556.7660103749994, 614.4102067080006, 559.7835257499993, 617.3714407500007, 562.7102122499992, 620.9619286660007, 565.3811440839992, 624.1953597910009, 567.7435293749992, 627.0721507500008, 573.0889067909992, 630.2334209170009, 575.457492748999, 634.1237814170009, 577.7944924579991, 638.0415577080008, 580.0254679999993, 641.8313850830008, 583.9302747079993, 644.3425750830007, 586.3142702919994, 646.7414043740006, 589.1976067089994, 648.6550850820007, 593.3937632089993, 651.0467023740006, 595.4165147919995, 653.3096377910005, 597.8199034169996, 655.3645545830003, 599.8275897079997, 658.5893554580003, 601.8886546249997, 660.9110178750003, 604.0844922079997, 664.0658910000003, 606.1037981249996, 667.2476732910005, 608.7492326249995, 669.4927670000005, 610.7620347079995, 672.2867259580004, 612.6270095419997, 674.3141996240003, 616.1190204589997, 676.1680947070003, 618.5181706679997, 678.6485600820002, 620.8436732929998, 680.5845033730001, 622.7005900429998, 683.6813197480002, 624.5616486269997]
