Final evolution
[[6.47173314e-03-4.73850533e-04j 9.17363695e-04-9.99978524e-01j
  1.98975384e-05-7.31653966e-08j 3.77079725e-05+9.81189536e-06j]
 [9.16598663e-04-9.99978525e-01j 6.47085329e-03+4.85720448e-04j
  4.01819216e-05+5.34972341e-06j 1.99117812e-05+1.90625751e-07j]
 [2.00445760e-05+3.67032049e-07j 3.77342410e-05-9.43914343e-06j
  6.47229298e-03-4.66100655e-04j 2.11477986e-03-9.99976709e-01j]
 [4.01946407e-05-4.96955199e-06j 1.99547505e-05+6.44853198e-07j
  2.11401447e-03-9.99976710e-01j 6.47026393e-03+4.93468549e-04j]]

********* Summary *****************
Final fidelity error 2.1234362954647423e-05
Final penalized l2 error 6.966793035458796e-08
Final penalized TV regularizer 0.0030854569932950516
Final objective value 0.0031066913562431487
Final norm value 3.0854569932950513
Final l2 value 6.966793035458796e-08
Final error 0.00014657741087863415
Terminate reason Exceed the maximum number of iteration of ADMM
Number of iterations 50
Completed in 0:13:16.158796 HH:MM:SS.US
Computational time 796.158795833
Time for each iteration [126.46112174999999, 20.470926417000015, 172.383958375, 35.02802700000001, 180.629779458, 38.836651125, 183.531425292, 106.18308170800003, 186.911220625, 140.84522433300003, 217.316030792, 158.42096683300002, 226.859537, 164.20434887500005, 239.17909325, 176.28895325000002, 246.80244275, 182.213575542, 250.34361062500005, 184.740688875, 252.52968170800006, 187.09237862499998, 254.59831133300003, 188.938112042, 256.446462875, 190.782452208, 258.294133292, 192.629510708, 260.143137792, 194.651235041, 262.06295804200005, 226.54854429099998, 284.18715404200003, 240.62980191599996, 293.678353792, 246.38769083300002, 298.5789937089999, 249.92093508300007, 301.3193797919999, 298.3299194580001, 328.36584599999986, 311.2914338330001, 339.60573879199984, 318.9436883330001, 344.5133867089998, 322.3282426660002, 386.8422387089998, 351.26134933300017, 433.3142287499998, 362.8445670830002]
