Final evolution
[[-1.81274282e-03-4.35207120e-03j -3.45762033e-03+1.40339711e-03j
   9.19235137e-05-2.46924545e-03j -4.09391277e-01-9.12242609e-01j
   4.22999328e-05+3.99593614e-05j  1.11508499e-03-9.32608964e-04j
   4.98124732e-04-9.80325284e-04j  5.09749904e-03+1.13651115e-02j
  -2.21582309e-06+1.96464686e-06j  9.18192768e-06-8.22145181e-05j
  -1.66590818e-04-2.58805236e-04j  1.77754715e-04+4.61363045e-04j
   5.92349077e-06+1.47761401e-05j  1.11363557e-05-3.40350729e-06j
   1.90648081e-06+1.19209589e-05j  1.37754733e-03+3.03753371e-03j]
 [ 3.46444841e-03-1.75036249e-03j -6.54660009e-05+3.18306316e-05j
  -4.09389643e-01-9.12229226e-01j  1.84213521e-03+1.49790596e-03j
  -1.15224921e-03+9.02691553e-04j -1.05266818e-05+1.30354493e-05j
   5.07233313e-03+1.13534695e-02j -2.75580094e-03-6.43832242e-03j
   1.77881484e-05-8.42316878e-05j  9.49124924e-07+4.29981219e-06j
   1.80585967e-04+4.59906893e-04j -7.18074370e-05+2.59681947e-04j
  -1.11344250e-05+6.57649952e-06j -2.25920030e-08-7.63722018e-07j
   1.37646906e-03+3.03513141e-03j -4.17463122e-06-5.49594185e-06j]
 [-1.46103457e-02-6.85535968e-03j -4.09162301e-01-9.12217654e-01j
  -5.71736710e-05-2.23711157e-05j -3.27751388e-03+1.67088898e-03j
   6.80395730e-04-9.37340569e-04j  5.04336407e-03+1.14056482e-02j
   2.06306277e-05+8.83357564e-06j  1.39066628e-03-9.08550146e-04j
   1.54131092e-04+2.45781249e-04j  1.76819675e-04+4.56576740e-04j
  -1.35319092e-06-9.61367954e-07j -1.80252919e-05-3.10741146e-04j
   4.71353662e-05+2.00793534e-05j  1.37759929e-03+3.03656230e-03j
   8.04791832e-07-4.60775380e-07j  1.06834833e-05-1.59028333e-06j]
 [-4.09219860e-01-9.12154505e-01j -4.62734035e-03+1.53792830e-02j
   3.61149199e-03-1.40382314e-03j  2.10690139e-03+4.26634232e-03j
   5.00257670e-03+1.12815357e-02j -2.68743713e-03-6.60919259e-03j
  -1.43400190e-03+9.34480802e-04j -5.69293954e-05-4.15734978e-05j
   1.79739564e-04+4.55883362e-04j  6.90531364e-05-2.41166283e-04j
  -9.34036750e-06-3.12051206e-04j -2.47538218e-06-8.55404931e-07j
   1.37781108e-03+3.03920719e-03j  1.55946970e-05-4.57976019e-05j
  -1.12251760e-05+8.14710203e-06j -6.66914203e-06-1.63695931e-05j]
 [-4.06341915e-05-5.83007643e-05j  1.52228900e-03-3.98704856e-04j
   2.97086920e-03+6.27688047e-03j -5.11483946e-03-1.13813382e-02j
  -1.80338132e-03-4.35661563e-03j -3.52599213e-03+1.43856362e-03j
  -1.09368084e-04-2.56903952e-03j -4.09381363e-01-9.12226284e-01j
  -2.87118037e-07+5.12824236e-07j -5.92668133e-07-1.18574170e-06j
  -2.77418467e-06-6.23646394e-06j  6.15054808e-05-5.64443594e-05j
  -2.11887178e-06+1.91387515e-06j  1.65761267e-05-8.53773038e-05j
  -1.57141874e-04-2.63243932e-04j  1.78520691e-04+4.65416121e-04j]
 [-1.55916375e-03+4.06405391e-04j  2.71110664e-05-5.65442078e-06j
  -5.12314029e-03-1.13568953e-02j  1.11674275e-03+3.18856425e-04j
   3.53374195e-03-1.78421299e-03j -7.70034617e-05+3.55746525e-05j
  -4.09398351e-01-9.12256379e-01j  1.78254083e-03+1.71510316e-03j
   1.31474425e-06-8.89661359e-07j -3.08830591e-07-5.51564250e-08j
   6.15030075e-05-5.37588067e-05j -1.45824187e-06+2.94744057e-06j
   1.05473196e-05-8.12328226e-05j  9.49314626e-07+4.32597725e-06j
   1.81359022e-04+4.63909389e-04j -7.04850535e-05+2.31839960e-04j]
 [ 2.79017959e-03+6.23165346e-03j -5.11869912e-03-1.14771576e-02j
  -3.16144381e-05+1.61950444e-05j  1.33947308e-03-2.01845109e-04j
  -1.48115620e-02-6.95495987e-03j -4.09150676e-01-9.12199022e-01j
  -4.58874209e-05-2.81884835e-05j -3.34818304e-03+1.69887148e-03j
   1.07023895e-06-1.41664763e-06j  6.12956014e-05-5.20172669e-05j
   5.08227721e-07+2.03702497e-06j -1.14842606e-06-4.02047432e-06j
   1.63667081e-04+2.41319385e-04j  1.77249098e-04+4.60506848e-04j
  -1.37702826e-06-9.25512241e-07j -1.11370960e-05-3.13755289e-04j]
 [-5.05473173e-03-1.13656717e-02j  1.03026344e-03+5.03690911e-04j
  -1.36441043e-03+1.94672270e-04j  3.29441490e-05+3.35440289e-05j
  -4.09228082e-01-9.12179011e-01j -4.68615385e-03+1.55964297e-02j
   3.68401830e-03-1.43260998e-03j  2.09758839e-03+4.26921781e-03j
   6.01090442e-05-5.48437566e-05j -9.73703672e-07-3.53158527e-06j
   5.49657788e-07-3.54606136e-06j  3.12150781e-07+6.99974275e-07j
   1.80360993e-04+4.59414038e-04j  7.03769107e-05-2.69084180e-04j
  -1.62321038e-05-3.09074339e-04j -2.65670027e-06-8.57934439e-07j]
 [ 3.25666429e-06-2.34186205e-06j  2.20158220e-04+2.17339159e-04j
  -2.40314835e-04-1.24421555e-04j -2.06840041e-04-4.01904621e-04j
   2.62408132e-07+7.47454104e-07j -2.35673291e-06-3.42712284e-06j
   3.37621375e-06+1.09535259e-06j  8.63517831e-05+2.01435091e-06j
  -1.81431830e-03-4.35147235e-03j -3.60856066e-03+1.36945156e-03j
   1.32803182e-04-2.48937714e-03j -4.09389453e-01-9.12248813e-01j
   4.28371606e-05+3.97468486e-05j  1.14106547e-03-9.29637871e-04j
   4.91476573e-04-9.88013701e-04j  5.17714430e-03+1.13344393e-02j]
 [ 2.26714813e-04+2.16787643e-04j  5.91767928e-07-4.15751641e-06j
  -2.05951857e-04-4.00935780e-04j  7.42110302e-05+2.75422171e-04j
  -3.46147245e-06-1.89665353e-06j  1.18942426e-06+1.79986077e-06j
   8.50618028e-05-7.25557056e-07j -2.55436546e-06-6.61555657e-06j
   3.31315691e-03-1.78433833e-03j -6.43867444e-05+3.30869627e-05j
  -4.09387535e-01-9.12236562e-01j  1.88543414e-03+1.48055460e-03j
  -1.12611619e-03+9.06245709e-04j -1.14766820e-05+1.26978007e-05j
   5.15163881e-03+1.13235635e-02j -2.76568847e-03-6.44180928e-03j]
 [ 2.13357098e-04+9.99748424e-05j -2.09850723e-04-4.04837548e-04j
  -1.95021672e-06-1.87582328e-06j  6.80173708e-05+4.62829253e-05j
  -1.37539671e-06-2.59407806e-06j  8.64713513e-05+3.84895416e-07j
   1.55203559e-07-2.71958401e-07j -1.32830111e-07-1.48925366e-06j
  -1.46498948e-02-6.83410065e-03j -4.09159086e-01-9.12224125e-01j
  -5.74250973e-05-2.13570564e-05j -3.35197353e-03+1.80624705e-03j
   6.88135248e-04-9.30909766e-04j  5.12203480e-03+1.13751786e-02j
   2.06572128e-05+8.52790961e-06j  1.42796761e-03-9.35104516e-04j]
 [-2.09558586e-04-4.04653621e-04j -9.48497473e-05-2.86128203e-04j
   7.46928238e-05+4.46991934e-05j -3.49691966e-06+3.59895767e-06j
   8.84996355e-05+2.09128468e-06j -1.21390529e-06-4.19750567e-07j
  -1.50967033e-06+4.08533780e-08j  5.68997614e-07+9.40571010e-08j
  -4.09218963e-01-9.12161145e-01j -4.66829746e-03+1.53947862e-02j
   3.53629858e-03-1.26836481e-03j  2.10795394e-03+4.26591366e-03j
   5.08232146e-03+1.12514859e-02j -2.67906923e-03-6.60604046e-03j
  -1.39647034e-03+9.08569713e-04j -5.83159471e-05-4.06071762e-05j]
 [-7.80191495e-06-1.57532453e-05j -8.44012649e-06+7.10675397e-06j
  -1.06748248e-06-6.80995554e-06j -1.35981224e-03-3.06060928e-03j
   3.31227085e-06-2.36241025e-06j  2.26872184e-04+2.14223111e-04j
  -2.18838644e-04-1.06953773e-04j -2.09587820e-04-4.05063190e-04j
  -3.90443574e-05-5.85525738e-05j  1.56284362e-03-4.10394747e-04j
   2.96833348e-03+6.28599507e-03j -5.03946562e-03-1.14208812e-02j
  -1.80593077e-03-4.35618825e-03j -3.67871738e-03+1.40462394e-03j
  -7.03327091e-05-2.58966709e-03j -4.09378227e-01-9.12220728e-01j]
 [ 1.33890585e-05-3.01562197e-06j -1.03868802e-06+1.59476298e-07j
  -1.35780359e-03-3.05880217e-03j  7.89285057e-06+8.96322536e-06j
   2.19966649e-04+2.19868105e-04j  6.83116924e-07-4.27182748e-06j
  -2.08699943e-04-4.04026979e-04j  8.38483665e-05+2.71543609e-04j
  -1.51825509e-03+3.95319716e-04j  2.70058949e-05-5.79281687e-06j
  -5.04810970e-03-1.13955831e-02j  1.11865311e-03+3.29012415e-04j
   3.38156305e-03-1.81865333e-03j -7.63714327e-05+3.75281973e-05j
  -4.09394567e-01-9.12252362e-01j  1.82499308e-03+1.69945050e-03j]
 [-4.46646093e-05-1.87094721e-05j -1.35716111e-03-3.05639007e-03j
  -4.84903568e-07-6.79335474e-07j -9.60344363e-06+6.34798120e-06j
   2.34760085e-04+1.17390460e-04j -2.12851661e-04-4.08423863e-04j
  -1.99263588e-06-1.75185581e-06j  7.49728420e-05+4.29237440e-05j
   2.79340387e-03+6.22120703e-03j -5.04372821e-03-1.15164603e-02j
  -3.08828744e-05+1.49207687e-05j  1.35227231e-03-2.20327053e-04j
  -1.48535497e-02-6.93377110e-03j -4.09146176e-01-9.12193883e-01j
  -4.69439819e-05-2.72273548e-05j -3.42380141e-03+1.83559413e-03j]
 [-1.35846665e-03-3.05863242e-03j -1.62320461e-05+4.83338798e-05j
   1.23139428e-05-3.66406097e-06j  7.25928562e-06+1.43549955e-05j
  -2.12173433e-04-4.08077831e-04j -8.52928407e-05-2.89951226e-04j
   6.74990973e-05+4.80752048e-05j -3.54106325e-06+3.51702704e-06j
  -4.97897056e-03-1.14049205e-02j  1.02665831e-03+4.93555828e-04j
  -1.35126842e-03+1.76692555e-04j  3.21308889e-05+3.34051210e-05j
  -4.09225477e-01-9.12174046e-01j -4.72856482e-03+1.56138284e-02j
   3.60858402e-03-1.29618483e-03j  2.09824819e-03+4.26959292e-03j]]

********* Summary *****************
Final fidelity error 0.001469935460754468
Final penalized l2 error 4.0369910607106274e-08
Final penalized TV regularizer 9.191936891050508e-05
Final objective value 0.0015618548149238757
Final norm value 0.9191936891050507
Final l2 value 4.036991060710627e-07
Final error 7.128272663785374e-08
Terminate reason Exceed the maximum number of iteration of ADMM
Number of iterations 100
Completed in 0:07:20.560819 HH:MM:SS.US
Computational time 440.560818667
Time for each iteration [194.18409862500002, 10.65686283399998, 199.22198558300002, 14.859546458999972, 203.35701550000005, 17.91874949999996, 206.06965608400003, 19.892683415999983, 208.72870016800002, 22.536192915999976, 210.76031766800003, 24.525578998999976, 212.75522621000002, 26.52931208199999, 215.60091808500002, 29.04000683199999, 217.610876627, 31.039372456999985, 220.09145321000003, 33.01492583199999, 222.42744450200004, 34.98731666499995, 224.41283529400008, 38.09747453999992, 227.0729420440001, 40.594203122999915, 229.04084554400006, 43.525311330999926, 231.69656296100007, 45.92757453899995, 233.73019400300004, 48.766536496999976, 236.27187521200003, 50.76151912199995, 238.81380350300006, 52.84837312199997, 241.37076192000004, 54.82218995499997, 243.37535862900003, 56.822755038, 245.472549837, 58.91358020499999, 248.32851012900002, 61.236288204999966, 250.96845900400004, 63.87622899599998, 253.44467308800003, 66.18765012099996, 256.09620950400006, 69.49561812099995, 258.14930571300005, 72.04315957899996, 260.17076596300006, 74.41662891199996, 262.26195758800003, 76.49376612099996, 264.25873346300006, 78.50257987099997, 266.98061625400004, 80.99494603799997, 269.136718254, 83.53617666299999, 271.117206296, 86.06189653799998, 273.116958337, 88.06854453799997, 275.10023387900003, 90.56559199599997, 277.49171508800003, 92.603511621, 279.535815921, 94.680065996, 281.56736979600004, 97.08835095399996, 283.55333688, 99.07265170400001, 285.53511613, 101.04874728700003, 287.510560255, 104.02259857900003, 290.14296183799996, 106.50141862100003, 292.77771887899996, 109.03829920500004, 295.76143021199994, 111.59453862200007, 297.82153837799996, 113.65730374700007, 299.79434725299996, 115.64637195600005, 302.11106229399996, 118.28499524800003, 305.05834112699995, 120.95023566500004, 307.73578071, 123.46391420700002, 309.768379502, 126.11011362299996, 312.29874396100007, 128.2620747059999]
