Final evolution
[[0.45561627-0.0397836j  0.        +0.j         0.        +0.j
  0.06384567-0.886992j   0.        +0.j         0.        +0.j
  0.        +0.j         0.        +0.j         0.        +0.j
  0.        +0.j         0.        +0.j         0.        +0.j
  0.        +0.j         0.        +0.j         0.        +0.j
  0.        +0.j        ]
 [0.        +0.j         0.45145716+0.03290096j 0.06499914-0.88931382j
  0.        +0.j         0.        +0.j         0.        +0.j
  0.        +0.j         0.        +0.j         0.        +0.j
  0.        +0.j         0.        +0.j         0.        +0.j
  0.        +0.j         0.        +0.j         0.        +0.j
  0.        +0.j        ]
 [0.        +0.j         0.06499954-0.88931379j 0.45144324+0.03309142j
  0.        +0.j         0.        +0.j         0.        +0.j
  0.        +0.j         0.        +0.j         0.        +0.j
  0.        +0.j         0.        +0.j         0.        +0.j
  0.        +0.j         0.        +0.j         0.        +0.j
  0.        +0.j        ]
 [0.06580316-0.88684893j 0.        +0.j         0.        +0.j
  0.44498968+0.10560828j 0.        +0.j         0.        +0.j
  0.        +0.j         0.        +0.j         0.        +0.j
  0.        +0.j         0.        +0.j         0.        +0.j
  0.        +0.j         0.        +0.j         0.        +0.j
  0.        +0.j        ]
 [0.        +0.j         0.        +0.j         0.        +0.j
  0.        +0.j         0.45726346-0.00889123j 0.        +0.j
  0.        +0.j         0.12366355-0.88064658j 0.        +0.j
  0.        +0.j         0.        +0.j         0.        +0.j
  0.        +0.j         0.        +0.j         0.        +0.j
  0.        +0.j        ]
 [0.        +0.j         0.        +0.j         0.        +0.j
  0.        +0.j         0.        +0.j         0.44820011+0.06334587j
  0.12497136-0.88288511j 0.        +0.j         0.        +0.j
  0.        +0.j         0.        +0.j         0.        +0.j
  0.        +0.j         0.        +0.j         0.        +0.j
  0.        +0.j        ]
 [0.        +0.j         0.        +0.j         0.        +0.j
  0.        +0.j         0.        +0.j         0.12497175-0.88288506j
  0.44817335+0.06353495j 0.        +0.j         0.        +0.j
  0.        +0.j         0.        +0.j         0.        +0.j
  0.        +0.j         0.        +0.j         0.        +0.j
  0.        +0.j        ]
 [0.        +0.j         0.        +0.j         0.        +0.j
  0.        +0.j         0.1256069 -0.8803715j  0.        +0.j
  0.        +0.j         0.43683214+0.13544962j 0.        +0.j
  0.        +0.j         0.        +0.j         0.        +0.j
  0.        +0.j         0.        +0.j         0.        +0.j
  0.        +0.j        ]
 [0.        +0.j         0.        +0.j         0.        +0.j
  0.        +0.j         0.        +0.j         0.        +0.j
  0.        +0.j         0.        +0.j         0.45726192-0.00896985j
  0.        +0.j         0.        +0.j         0.12351214-0.88066783j
  0.        +0.j         0.        +0.j         0.        +0.j
  0.        +0.j        ]
 [0.        +0.j         0.        +0.j         0.        +0.j
  0.        +0.j         0.        +0.j         0.        +0.j
  0.        +0.j         0.        +0.j         0.        +0.j
  0.448211  +0.06326881j 0.12481956-0.88290658j 0.        +0.j
  0.        +0.j         0.        +0.j         0.        +0.j
  0.        +0.j        ]
 [0.        +0.j         0.        +0.j         0.        +0.j
  0.        +0.j         0.        +0.j         0.        +0.j
  0.        +0.j         0.        +0.j         0.        +0.j
  0.12481995-0.88290653j 0.44818426+0.0634579j  0.        +0.j
  0.        +0.j         0.        +0.j         0.        +0.j
  0.        +0.j        ]
 [0.        +0.j         0.        +0.j         0.        +0.j
  0.        +0.j         0.        +0.j         0.        +0.j
  0.        +0.j         0.        +0.j         0.12545553-0.88039309j
  0.        +0.j         0.        +0.j         0.43685543+0.13537452j
  0.        +0.j         0.        +0.j         0.        +0.j
  0.        +0.j        ]
 [0.        +0.j         0.        +0.j         0.        +0.j
  0.        +0.j         0.        +0.j         0.        +0.j
  0.        +0.j         0.        +0.j         0.        +0.j
  0.        +0.j         0.        +0.j         0.        +0.j
  0.45682222+0.02196327j 0.        +0.j         0.        +0.j
  0.18276599-0.87030321j]
 [0.        +0.j         0.        +0.j         0.        +0.j
  0.        +0.j         0.        +0.j         0.        +0.j
  0.        +0.j         0.        +0.j         0.        +0.j
  0.        +0.j         0.        +0.j         0.        +0.j
  0.        +0.j         0.4429084 +0.09342479j 0.18422177-0.87244845j
  0.        +0.j        ]
 [0.        +0.j         0.        +0.j         0.        +0.j
  0.        +0.j         0.        +0.j         0.        +0.j
  0.        +0.j         0.        +0.j         0.        +0.j
  0.        +0.j         0.        +0.j         0.        +0.j
  0.        +0.j         0.18422215-0.87244837j 0.44286894+0.09361164j
  0.        +0.j        ]
 [0.        +0.j         0.        +0.j         0.        +0.j
  0.        +0.j         0.        +0.j         0.        +0.j
  0.        +0.j         0.        +0.j         0.        +0.j
  0.        +0.j         0.        +0.j         0.        +0.j
  0.18468636-0.86989771j 0.        +0.j         0.        +0.j
  0.42670419+0.16459786j]]

********* Summary *****************
Final fidelity error 0.11182358816108506
Final penalized l2 error 0.01002769723287618
Final penalized TV regularizer 0.0003722896921750004
Final objective value 0.11219583536327664
Final norm value 3.722896921750004
Final l2 value 0.01002769723287618
Final error 5.867882122307753e-10
Terminate reason Exceed the maximum number of iteration of ADMM
Number of iterations 100
Completed in 0:05:11.149138 HH:MM:SS.US
Computational time 311.149137541
Time for each iteration [45.939378333, 13.872514416999998, 57.753879082999994, 21.738522083, 66.11475183299999, 28.76386404200001, 71.56300295799998, 33.136439167000006, 75.823940958, 37.389102707999996, 79.063908792, 40.22613837399999, 82.803262042, 42.946412458, 85.518033167, 45.666913582999996, 87.949550458, 48.489945750000004, 90.57031212499999, 51.31617883300001, 93.41302412499999, 54.12915320799999, 95.83248625000002, 56.54774304099999, 98.54808500000001, 59.26571041599999, 100.96754429200001, 61.681589624, 103.59550212600001, 64.20016041499997, 106.51976083500003, 66.71449091499997, 108.63994754300003, 68.92112324799996, 110.86698754300005, 71.02583603999994, 112.87828796000005, 73.14390366499995, 115.09605671000006, 75.05194258099993, 117.19561291900007, 77.06062641399993, 119.40311608600007, 78.96750157999992, 121.50763279500009, 80.98133149599991, 123.61742292000008, 83.1015487459999, 125.72816692000009, 85.20811766299991, 127.84336083700009, 87.4211334959999, 129.8531207950001, 89.64541070499988, 132.18088087800012, 91.96907420499988, 134.19135742000012, 94.18458032999987, 136.70856487800012, 97.62258462199989, 138.8296689190001, 99.83807528899987, 140.63430937700014, 101.94067245599987, 142.54953066900012, 103.73887083099987, 144.55814616900014, 105.74185545599985, 146.46336366900013, 107.65667666399989, 148.1645008360001, 109.56455099699988, 150.07316216900008, 111.4911167889999, 151.9758910020001, 113.40931616399988, 153.88715300200013, 115.31801078899989, 155.7941847110001, 117.22476424699991, 157.7024118780001, 119.1261194969999, 159.6054305440001, 121.05608820599988, 161.5103043770001, 122.97094570599992, 163.4284800020001, 124.88358666399992, 165.33035471100007, 126.7845932889999, 167.2344620860001, 128.67967587199988, 169.13199433600013, 130.59601837199986, 171.03125991900012, 132.50087345599988, 172.9280407100001, 134.40691824799993, 174.82973504300006, 136.31940249799996]
