Final evolution
[[ 9.04253099e-04-4.12511837e-03j -5.05044748e-03+3.08204451e-04j
   4.35190193e-04-2.52784433e-03j  6.89586804e-02-9.97516385e-01j
  -1.90051900e-05+4.89104004e-05j -6.86072897e-04-7.15820094e-04j
  -1.02478600e-03-1.08470419e-03j -8.06419738e-04+1.22189780e-02j
  -6.96459984e-06+5.10287745e-06j -8.34118562e-04+5.40603202e-04j
  -4.47800656e-04-1.04932478e-06j -5.64464249e-04+5.01742739e-04j
  -7.98872499e-07+4.81602613e-06j  1.49024178e-05-5.98349819e-06j
   5.05954335e-06+3.53807467e-06j -7.39582928e-05+9.03334958e-04j]
 [ 2.65446033e-03+8.44923919e-04j -4.70483714e-04+1.32089728e-04j
   6.89250172e-02-9.97537060e-01j  9.12335471e-05+2.53999054e-03j
   7.30664225e-04+6.80064853e-04j -2.39677003e-07-1.44401656e-05j
  -8.06273844e-04+1.22137798e-02j  3.53807781e-04-1.07139294e-03j
  -8.37688732e-04+5.32184108e-04j  6.79678152e-06+9.34078793e-07j
  -5.66823068e-04+4.92168454e-04j  3.59012231e-04+3.23091620e-04j
   7.76596162e-06-8.12707349e-06j -2.04814008e-07+1.36161074e-07j
  -7.54691971e-05+9.01678276e-04j -5.23502001e-06-5.82344360e-06j]
 [-7.34003500e-03-8.78162772e-03j  6.98052267e-02-9.97404604e-01j
  -4.40403980e-04-2.26915253e-04j -4.91494308e-03-9.82217473e-04j
  -9.26711713e-04-1.01019349e-03j -8.18898787e-04+1.22316609e-02j
   7.11900929e-06-1.65084204e-06j -2.45706001e-04-3.50717861e-04j
   4.41726325e-04+1.25999164e-05j -5.68336536e-04+4.96739736e-04j
   9.76973157e-07+9.95126129e-06j -5.46832948e-04+8.33299091e-04j
   1.09688056e-06+9.25070398e-06j -7.62826751e-05+9.03083908e-04j
   5.64251825e-07+1.70702357e-06j  1.11443468e-05-8.85086310e-06j]
 [ 6.97382196e-02-9.97410087e-01j -8.45290782e-03+7.64379165e-03j
   2.74130291e-03-4.40614348e-04j  3.49493605e-04+4.25964262e-03j
  -8.21281867e-04+1.22006987e-02j  4.62011764e-04-1.13268535e-03j
   2.90837650e-04+3.54431924e-04j -1.03715308e-05-5.52769270e-05j
  -5.74558104e-04+4.92356099e-04j -3.44436023e-04-3.29282277e-04j
  -5.51269366e-04+8.24502249e-04j  8.58098875e-06-4.05377118e-06j
  -7.50195088e-05+9.02084650e-04j  1.13042775e-05-2.33361789e-06j
   4.22493725e-06-1.00868203e-05j -1.39141623e-06-3.10049039e-06j]
 [ 7.60126440e-06-4.52839015e-05j -4.20161857e-04+3.24409604e-04j
   2.14914514e-04+1.04675722e-03j  8.84335215e-04-1.22073847e-02j
   9.04107600e-04-4.12557758e-03j -5.01095180e-03+3.20673053e-04j
   2.39720947e-04-2.53070798e-03j  6.90370849e-02-9.97512422e-01j
  -1.22594705e-07+1.09503360e-06j -7.51349784e-06+6.48481937e-06j
  -5.18928664e-06+6.40810536e-07j -8.44051186e-05+4.92955529e-04j
  -7.04510117e-06+5.54303742e-06j -8.34078150e-04+5.35198574e-04j
  -4.46481847e-04+9.87052487e-07j -5.86560550e-04+5.77609561e-04j]
 [ 3.95920957e-04-2.86390855e-04j -5.43996322e-06+6.42878616e-06j
   8.80077094e-04-1.22048393e-02j -1.16513717e-03+9.97595490e-04j
   2.61497016e-03+8.32409562e-04j -4.69769594e-04+1.34794783e-04j
   6.90023629e-02-9.97532001e-01j -1.02930749e-04+2.51595477e-03j
  -1.19918227e-05+5.89474402e-06j  1.78583488e-06+8.95886421e-08j
  -8.47556685e-05+4.93332814e-04j  5.75412111e-06+2.95598884e-06j
  -8.37609020e-04+5.37395726e-04j  6.96541614e-06+1.06290502e-06j
  -5.88913185e-04+5.68281950e-04j  3.59225483e-04+3.24902169e-04j]
 [ 1.15395693e-04+9.72488041e-04j  9.03491958e-04-1.22129695e-02j
  -1.03962085e-05-3.79414301e-07j -9.00423279e-04+5.86505685e-04j
  -7.53477182e-03-8.78527018e-03j  6.98845286e-02-9.97398129e-01j
  -4.41054944e-04-2.26247011e-04j -4.87314590e-03-9.89755878e-04j
   9.28168323e-06+4.23320669e-06j -8.37643258e-05+4.93273477e-04j
   8.61784407e-07-4.21079190e-07j -3.75595129e-06+1.08338125e-05j
   4.43540755e-04+1.53014249e-05j -5.90610403e-04+5.72730486e-04j
   1.16458955e-06+1.00491887e-05j -5.47981302e-04+8.28753002e-04j]
 [ 8.92307196e-04-1.21853316e-02j -1.26843201e-03+1.05558956e-03j
   8.83058549e-04-5.85796759e-04j  6.39493992e-06+6.01076220e-05j
   6.98141817e-02-9.97402685e-01j -8.64765941e-03+7.61887895e-03j
   2.70129941e-03-4.33139971e-04j  3.50037719e-04+4.26090559e-03j
  -8.63104312e-05+4.92265338e-04j  1.54880774e-06-7.20025809e-06j
  -9.00257163e-06+9.98664527e-06j  1.57043359e-06-1.93061761e-06j
  -5.96672617e-04+5.68265905e-04j -3.43423557e-04-3.27754166e-04j
  -5.50110259e-04+8.29076390e-04j  8.79586365e-06-4.30064018e-06j]
 [-4.85373231e-06-3.48471745e-06j -4.30601371e-04-8.95321479e-04j
   3.93761091e-04-2.77406118e-04j -5.00372991e-04-5.63103109e-04j
  -1.14564794e-06-1.98671317e-06j  1.81759105e-06+1.14447560e-05j
  -5.87409540e-06+1.95297136e-06j -4.90461921e-06-4.84721307e-04j
   9.03129605e-04-4.12518148e-03j -5.15317386e-03+2.80533441e-04j
   4.45773657e-04-2.52658790e-03j  6.89133115e-02-9.97518855e-01j
  -1.92885890e-05+4.91840621e-05j -6.98135765e-04-6.96211107e-04j
  -1.02333440e-03-1.08339328e-03j -8.26867554e-04+1.22530903e-02j]
 [-4.29077404e-04-8.94653874e-04j -6.28340798e-07+7.20820496e-06j
  -4.92135428e-04-5.63029868e-04j -4.38893106e-04-5.44290479e-05j
   7.25681908e-06+1.13468122e-05j -7.67278058e-07-7.65666128e-07j
  -2.39128101e-06-4.85326326e-04j  5.23744474e-06+9.73578388e-07j
   2.55189529e-03+8.16958029e-04j -4.70264675e-04+1.33088954e-04j
   6.88799989e-02-9.97540334e-01j  1.02619719e-04+2.54023276e-03j
   7.18402214e-04+6.99440136e-04j -2.93278841e-07-1.45722959e-05j
  -8.26764536e-04+1.22477266e-02j  3.53480246e-04-1.07247005e-03j]
 [-4.08060253e-04+2.72960871e-04j -4.92297373e-04-5.62186939e-04j
  -9.05408028e-06-3.99350416e-06j -7.56936419e-04-6.47749732e-04j
  -1.73192473e-07-7.54081250e-06j -3.37961401e-06-4.85504073e-04j
  -1.58085855e-06-1.23647417e-07j  6.29868418e-06+7.75658502e-06j
  -7.35158653e-03-8.78260486e-03j  6.97602478e-02-9.97406986e-01j
  -4.40688736e-04-2.26377587e-04j -5.02056236e-03-9.68115543e-04j
  -9.28282176e-04-1.01080900e-03j -8.39401157e-04+1.22658382e-02j
   7.08122349e-06-1.26148683e-06j -2.57653934e-04-3.32403848e-04j]
 [-4.87304837e-04-5.67750310e-04j  4.40312045e-04+6.97061155e-05j
  -7.54381052e-04-6.45016071e-04j  2.27988838e-06+7.55371396e-06j
  -3.21972596e-06-4.84932005e-04j -9.49979447e-06+2.37579591e-06j
   1.07882838e-05+7.69842236e-06j -1.20370458e-07+9.55842237e-07j
   6.96930237e-02-9.97413325e-01j -8.46323723e-03+7.64396685e-03j
   2.63570624e-03-4.26846125e-04j  3.50266758e-04+4.25952166e-03j
  -8.41836192e-04+1.22346360e-02j  4.62770645e-04-1.13193754e-03j
   2.78656122e-04+3.72555278e-04j -1.01747766e-05-5.54875727e-05j]
 [ 1.62363956e-06-2.94588568e-06j -9.97275377e-06-1.02316606e-05j
   5.70169360e-06-5.25503674e-06j  3.81899139e-05-9.18666541e-04j
  -5.00759292e-06-3.69067790e-06j -4.32929667e-04-8.90893015e-04j
   3.94014067e-04-2.79324681e-04j -5.11652965e-04-6.41443662e-04j
   7.63438708e-06-4.54980937e-05j -4.32311220e-04+3.04165649e-04j
   2.14695756e-04+1.04750953e-03j  8.67529938e-04-1.22438720e-02j
   9.02934470e-04-4.12564506e-03j -5.11447936e-03+2.92898086e-04j
   2.50237426e-04-2.52944451e-03j  6.89901629e-02-9.97514408e-01j]
 [-2.85862162e-06-1.07607603e-05j -8.38014853e-07+1.79575273e-06j
   3.72764974e-05-9.19909117e-04j -5.49308391e-06+2.73939029e-06j
  -4.26779778e-04-8.99056696e-04j -8.93784168e-07+7.29769781e-06j
  -5.03535485e-04-6.41517716e-04j -4.37460767e-04-5.57355037e-05j
   3.84030441e-04-3.06799814e-04j -5.35357831e-06+6.63333410e-06j
   8.63355703e-04-1.22415966e-02j -1.16301655e-03+9.96874551e-04j
   2.51145393e-03+8.04290723e-04j -4.69574319e-04+1.35792347e-04j
   6.89556799e-02-9.97534808e-01j -9.16001348e-05+2.51620072e-03j]
 [-1.13764302e-05-4.10863321e-06j  3.79057618e-05-9.18204404e-04j
  -1.09127978e-08+8.12339921e-08j -1.39711313e-05-7.94998973e-06j
  -4.08565514e-04+2.70646631e-04j -5.03510161e-04-6.40721401e-04j
  -9.19383038e-06-3.82410015e-06j -7.58301805e-04-6.42567011e-04j
   1.15186885e-04+9.71365213e-04j  8.86733218e-04-1.22495046e-02j
  -1.05723659e-05-5.04136767e-07j -9.12588383e-04+5.65943213e-04j
  -7.54640830e-03-8.78622143e-03j  6.98379789e-02-9.97400037e-01j
  -4.41366507e-04-2.25659804e-04j -4.97957972e-03-9.75666464e-04j]
 [ 3.97126435e-05-9.19816208e-04j -2.47228802e-06+9.10492228e-06j
  -6.70853438e-06-9.25674205e-06j  2.62321869e-07+5.09712671e-06j
  -4.98539150e-04-6.46083497e-04j  4.41160622e-04+6.89858357e-05j
  -7.53117162e-04-6.50405362e-04j  2.23884995e-06+8.04183910e-06j
   8.75597358e-04-1.22220614e-02j -1.27052427e-03+1.05702846e-03j
   8.71115370e-04-6.06567073e-04j  6.55368556e-06+6.06264016e-05j
   6.97673019e-02-9.97405441e-01j -8.65804316e-03+7.61906043e-03j
   2.59473801e-03-4.19372413e-04j  3.50786375e-04+4.26082837e-03j]]

********* Summary *****************
Final fidelity error 0.001506581264583473
Final penalized l2 error 9.748953999976919e-07
Final penalized TV regularizer 0.000840320242201078
Final objective value 0.0023469014943818057
Final norm value 0.8403202422010779
Final l2 value 9.748953999976919e-06
Final error 6.186822116052968e-05
Terminate reason Exceed the maximum number of iteration of ADMM
Number of iterations 100
Completed in 0:31:48.952555 HH:MM:SS.US
Computational time 1908.9525552910002
Time for each iteration [181.644409291, 29.651211125000003, 248.65363562500002, 53.142669541000004, 266.2169809999999, 93.92388654100012, 292.42242333399986, 105.48542583200015, 298.48432629299987, 138.59810620700011, 321.6357579589999, 203.1377036660001, 336.8205745839998, 235.11486679100017, 349.82736837499976, 285.7025147080002, 369.3780321669998, 303.42234183300013, 381.5297382079998, 346.3645079580002, 442.0110079169998, 370.9929492910002, 460.32428387499976, 431.8863119160002, 481.06688474999976, 442.7854845830002, 519.8220257079997, 453.5672517920002, 542.6329283739998, 462.7851678760002, 553.5512291239997, 469.87743200100033, 560.1292598319998, 474.65364675100034, 564.2418136649998, 478.61268866800026, 567.5568374979999, 481.7463423350001, 570.508912748, 531.0850172520001, 588.9091197060001, 563.5370679189999, 607.3542564560001, 591.164198419, 623.2095831220003, 599.4590882529998, 638.6861960380003, 611.9974605449999, 645.6975904550003, 615.4531290029998, 650.6179493300002, 642.9898241279999, 669.4551405800001, 653.919822878, 677.002744538, 673.23830192, 685.885924455, 688.2438512950001, 693.5942340799999, 691.8855782530003, 701.1775130799998, 697.0106052950003, 707.7927489129996, 701.2846907120005, 711.2557455379996, 704.2612482950004, 714.2384830799996, 747.3513992950005, 744.2385993709996, 774.8794685450003, 762.1454685379998, 783.7326789200002, 767.7302931209998, 795.3403041290002, 771.3468197869998, 806.5067464210002, 778.5460076619999, 811.7054690880003, 782.4489465779997, 814.9444335880004, 785.3527737449998, 817.7160505050002, 788.4319697029999, 820.6259959220002, 791.3581609939998, 823.3956962970002, 794.4633884939998, 826.1730582140002, 849.7156314109999, 859.6444267970002, 863.327963869, 882.5677384220002, 881.1109344529999, 893.2397920050001, 887.1508880359999, 896.8597685890003, 945.8711482019997, 922.0512090060002, 974.3668165349999, 934.5857387560003]
