Final evolution
[[ 0.44533484+0.00287502j -0.16059316-0.18201719j  0.00459655-0.75670969j
  -0.30917743+0.27299602j  0.        +0.j          0.        +0.j
   0.        +0.j          0.        +0.j          0.        +0.j
   0.        +0.j          0.        +0.j          0.        +0.j
   0.        +0.j          0.        +0.j          0.        +0.j
   0.        +0.j        ]
 [ 0.17463482+0.16859151j -0.01709219+0.44501601j  0.28635557-0.29684675j
   0.75617714+0.02875441j  0.        +0.j          0.        +0.j
   0.        +0.j          0.        +0.j          0.        +0.j
   0.        +0.j          0.        +0.j          0.        +0.j
   0.        +0.j          0.        +0.j          0.        +0.j
   0.        +0.j        ]
 [-0.31026044-0.69019501j -0.16778024+0.37678548j  0.40612126-0.18274822j
  -0.221782  -0.0986568j   0.        +0.j          0.        +0.j
   0.        +0.j          0.        +0.j          0.        +0.j
   0.        +0.j          0.        +0.j          0.        +0.j
   0.        +0.j          0.        +0.j          0.        +0.j
   0.        +0.j        ]
 [ 0.13711115-0.38899619j  0.69974911-0.28806574j  0.22896132+0.0806048j
   0.16968843+0.41174898j  0.        +0.j          0.        +0.j
   0.        +0.j          0.        +0.j          0.        +0.j
   0.        +0.j          0.        +0.j          0.        +0.j
   0.        +0.j          0.        +0.j          0.        +0.j
   0.        +0.j        ]
 [ 0.        +0.j          0.        +0.j          0.        +0.j
   0.        +0.j         -0.33251793+0.29624857j  0.24117034+0.02751888j
   0.50359768+0.56481861j  0.04660345-0.40981169j  0.        +0.j
   0.        +0.j          0.        +0.j          0.        +0.j
   0.        +0.j          0.        +0.j          0.        +0.j
   0.        +0.j        ]
 [ 0.        +0.j          0.        +0.j          0.        +0.j
   0.        +0.j         -0.24259862-0.00814423j -0.28548092-0.34180701j
  -0.01368133+0.41222606j -0.5806095 +0.48530743j  0.        +0.j
   0.        +0.j          0.        +0.j          0.        +0.j
   0.        +0.j          0.        +0.j          0.        +0.j
   0.        +0.j        ]
 [ 0.        +0.j          0.        +0.j          0.        +0.j
   0.        +0.j          0.69276375+0.30448165j -0.1279028 -0.39212036j
  -0.17903685+0.40777101j  0.23074045-0.07536089j  0.        +0.j
   0.        +0.j          0.        +0.j          0.        +0.j
   0.        +0.j          0.        +0.j          0.        +0.j
   0.        +0.j        ]
 [ 0.        +0.j          0.        +0.j          0.        +0.j
   0.        +0.j          0.15885123+0.38063603j -0.32644496+0.68268908j
  -0.22397479+0.09357196j -0.40184683-0.19196487j  0.        +0.j
   0.        +0.j          0.        +0.j          0.        +0.j
   0.        +0.j          0.        +0.j          0.        +0.j
   0.        +0.j        ]
 [ 0.        +0.j          0.        +0.j          0.        +0.j
   0.        +0.j          0.        +0.j          0.        +0.j
   0.        +0.j          0.        +0.j         -0.43789333+0.08112223j
   0.19202451+0.14848236j  0.13812578+0.74401072j  0.25217504-0.32638207j
   0.        +0.j          0.        +0.j          0.        +0.j
   0.        +0.j        ]
 [ 0.        +0.j          0.        +0.j          0.        +0.j
   0.        +0.j          0.        +0.j          0.        +0.j
   0.        +0.j          0.        +0.j         -0.20328371-0.1326505j
  -0.06709983-0.44026015j -0.22526644+0.34550331j -0.74804148+0.11430062j
   0.        +0.j          0.        +0.j          0.        +0.j
   0.        +0.j        ]
 [ 0.        +0.j          0.        +0.j          0.        +0.j
   0.        +0.j          0.        +0.j          0.        +0.j
   0.        +0.j          0.        +0.j          0.43480035+0.61933783j
   0.09374833-0.40165751j -0.3643927 +0.25602606j  0.23640298+0.05508224j
   0.        +0.j          0.        +0.j          0.        +0.j
   0.        +0.j        ]
 [ 0.        +0.j          0.        +0.j          0.        +0.j
   0.        +0.j          0.        +0.j          0.        +0.j
   0.        +0.j          0.        +0.j         -0.06132731+0.4078682j
  -0.63290436+0.41480448j -0.24005079-0.03600055j -0.24426122-0.37238132j
   0.        +0.j          0.        +0.j          0.        +0.j
   0.        +0.j        ]
 [ 0.        +0.j          0.        +0.j          0.        +0.j
   0.        +0.j          0.        +0.j          0.        +0.j
   0.        +0.j          0.        +0.j          0.        +0.j
   0.        +0.j          0.        +0.j          0.        +0.j
   0.27071401-0.35361747j -0.24203423+0.0184351j  -0.60103819-0.45976492j
   0.03148159+0.41124982j]
 [ 0.        +0.j          0.        +0.j          0.        +0.j
   0.        +0.j          0.        +0.j          0.        +0.j
   0.        +0.j          0.        +0.j          0.        +0.j
   0.        +0.j          0.        +0.j          0.        +0.j
   0.23978478-0.03773167j  0.34479384+0.28186628j -0.06426863-0.40741508j
   0.47872045-0.5860524j ]
 [ 0.        +0.j          0.        +0.j          0.        +0.j
   0.        +0.j          0.        +0.j          0.        +0.j
   0.        +0.j          0.        +0.j          0.        +0.j
   0.        +0.j          0.        +0.j          0.        +0.j
  -0.73773953-0.16843715j  0.19952468+0.36098117j  0.09896237-0.43420944j
  -0.21239846+0.11750453j]
 [ 0.        +0.j          0.        +0.j          0.        +0.j
   0.        +0.j          0.        +0.j          0.        +0.j
   0.        +0.j          0.        +0.j          0.        +0.j
   0.        +0.j          0.        +0.j          0.        +0.j
  -0.2277535 -0.34386894j  0.19190579-0.73198556j  0.2023213 -0.13411381j
   0.4308284 +0.11277533j]]

********* Summary *****************
Final fidelity error 0.6882172993573714
Final penalized l2 error 0.005065989986048324
Final penalized TV regularizer 2.399401982096782e-05
Final objective value 0.6882412672265117
Final norm value 2.399401982096782
Final l2 value 0.005065989986048324
Final error 3.212475011731188e-12
Terminate reason Exceed the maximum number of iteration of ADMM
Number of iterations 100
Completed in 0:03:42.140067 HH:MM:SS.US
Computational time 222.140067292
Time for each iteration [54.840785625, 7.5505496669999985, 60.54778504100001, 12.148299334, 64.65378120800001, 15.200360833999994, 67.48593645800001, 17.685736667, 70.101331791, 19.944895458999994, 71.94446608300001, 21.938217084, 73.840783583, 23.739979000000005, 75.72280775, 25.629505042000005, 77.29950062500001, 27.176914374999996, 78.659874333, 28.85955175000001, 80.171740125, 30.338587083000007, 81.645699334, 31.828134999, 83.054968501, 33.412092873999995, 84.55340595900002, 34.935600957999995, 86.06742079200001, 36.480878790999995, 87.64134058400002, 38.01252554099999, 89.19142000100003, 39.59519224899999, 90.690416251, 41.082043041000006, 92.19987008400001, 42.584743708000005, 93.759635375, 44.132495332999994, 95.314482834, 45.714239999000014, 96.897401168, 47.25308170699999, 98.439801793, 48.84173062399999, 99.92258687600001, 50.323049291000004, 101.431794167, 51.88887212499999, 102.94441425000001, 53.420071625000006, 104.426783375, 54.91154191700001, 105.997296583, 56.41929866700001, 107.50406349999999, 57.99744191700002, 108.98450320799999, 59.47577629200002, 110.481919083, 60.94578266700002, 111.94802387499998, 62.41816041700004, 113.41797595799996, 63.88830212500004, 115.07513837499998, 65.37577183300003, 116.64934166699997, 66.85918412500003, 118.14530199999997, 68.41242641700002, 119.72204579099999, 70.25615675100003, 121.29849795699998, 71.82736683500003, 122.82867070699997, 73.38764296000004, 123.99903333199997, 74.55504375100004, 125.20135616599997, 75.74091266700005, 126.36531854099995, 76.93729245900006, 127.66716904099995, 78.08962025100006, 128.81081399899995, 79.24183454300007, 129.99560333199994, 80.43811571000006, 131.22881895699993, 81.58341737600009, 132.36943741599993, 82.7346334590001, 133.5269224159999, 83.89502129200011, 134.7431367909999, 85.05387533400011, 135.8818635409999, 86.25820375100011]
