Final evolution
[[0.45517571-0.03976101j 0.        +0.j         0.        +0.j
  0.06640379-0.88703138j 0.        +0.j         0.        +0.j
  0.        +0.j         0.        +0.j         0.        +0.j
  0.        +0.j         0.        +0.j         0.        +0.j
  0.        +0.j         0.        +0.j         0.        +0.j
  0.        +0.j        ]
 [0.        +0.j         0.45099333+0.03303889j 0.06494415-0.88954804j
  0.        +0.j         0.        +0.j         0.        +0.j
  0.        +0.j         0.        +0.j         0.        +0.j
  0.        +0.j         0.        +0.j         0.        +0.j
  0.        +0.j         0.        +0.j         0.        +0.j
  0.        +0.j        ]
 [0.        +0.j         0.06494554-0.88954793j 0.45100965+0.03281528j
  0.        +0.j         0.        +0.j         0.        +0.j
  0.        +0.j         0.        +0.j         0.        +0.j
  0.        +0.j         0.        +0.j         0.        +0.j
  0.        +0.j         0.        +0.j         0.        +0.j
  0.        +0.j        ]
 [0.06313585-0.88726997j 0.        +0.j         0.        +0.j
  0.44457398+0.10545067j 0.        +0.j         0.        +0.j
  0.        +0.j         0.        +0.j         0.        +0.j
  0.        +0.j         0.        +0.j         0.        +0.j
  0.        +0.j         0.        +0.j         0.        +0.j
  0.        +0.j        ]
 [0.        +0.j         0.        +0.j         0.        +0.j
  0.        +0.j         0.45682177-0.00892962j 0.        +0.j
  0.        +0.j         0.12615847-0.88052154j 0.        +0.j
  0.        +0.j         0.        +0.j         0.        +0.j
  0.        +0.j         0.        +0.j         0.        +0.j
  0.        +0.j        ]
 [0.        +0.j         0.        +0.j         0.        +0.j
  0.        +0.j         0.        +0.j         0.44773234+0.06342161j
  0.12487212-0.88313102j 0.        +0.j         0.        +0.j
  0.        +0.j         0.        +0.j         0.        +0.j
  0.        +0.j         0.        +0.j         0.        +0.j
  0.        +0.j        ]
 [0.        +0.j         0.        +0.j         0.        +0.j
  0.        +0.j         0.        +0.j         0.12487351-0.88313083j
  0.44776373+0.06319961j 0.        +0.j         0.        +0.j
  0.        +0.j         0.        +0.j         0.        +0.j
  0.        +0.j         0.        +0.j         0.        +0.j
  0.        +0.j        ]
 [0.        +0.j         0.        +0.j         0.        +0.j
  0.        +0.j         0.1229141 -0.88098028j 0.        +0.j
  0.        +0.j         0.43643726+0.13523453j 0.        +0.j
  0.        +0.j         0.        +0.j         0.        +0.j
  0.        +0.j         0.        +0.j         0.        +0.j
  0.        +0.j        ]
 [0.        +0.j         0.        +0.j         0.        +0.j
  0.        +0.j         0.        +0.j         0.        +0.j
  0.        +0.j         0.        +0.j         0.45682063-0.00898757j
  0.        +0.j         0.        +0.j         0.12604678-0.88053753j
  0.        +0.j         0.        +0.j         0.        +0.j
  0.        +0.j        ]
 [0.        +0.j         0.        +0.j         0.        +0.j
  0.        +0.j         0.        +0.j         0.        +0.j
  0.        +0.j         0.        +0.j         0.        +0.j
  0.44774038+0.06336481j 0.1247601 -0.88314686j 0.        +0.j
  0.        +0.j         0.        +0.j         0.        +0.j
  0.        +0.j        ]
 [0.        +0.j         0.        +0.j         0.        +0.j
  0.        +0.j         0.        +0.j         0.        +0.j
  0.        +0.j         0.        +0.j         0.        +0.j
  0.12476149-0.88314666j 0.44777174+0.06314282j 0.        +0.j
  0.        +0.j         0.        +0.j         0.        +0.j
  0.        +0.j        ]
 [0.        +0.j         0.        +0.j         0.        +0.j
  0.        +0.j         0.        +0.j         0.        +0.j
  0.        +0.j         0.        +0.j         0.12280235-0.88099587j
  0.        +0.j         0.        +0.j         0.43645441+0.13517917j
  0.        +0.j         0.        +0.j         0.        +0.j
  0.        +0.j        ]
 [0.        +0.j         0.        +0.j         0.        +0.j
  0.        +0.j         0.        +0.j         0.        +0.j
  0.        +0.j         0.        +0.j         0.        +0.j
  0.        +0.j         0.        +0.j         0.        +0.j
  0.45638462+0.02188466j 0.        +0.j         0.        +0.j
  0.18522672-0.87001448j]
 [0.        +0.j         0.        +0.j         0.        +0.j
  0.        +0.j         0.        +0.j         0.        +0.j
  0.        +0.j         0.        +0.j         0.        +0.j
  0.        +0.j         0.        +0.j         0.        +0.j
  0.        +0.j         0.44243874+0.0934586j  0.1841192 -0.87270474j
  0.        +0.j        ]
 [0.        +0.j         0.        +0.j         0.        +0.j
  0.        +0.j         0.        +0.j         0.        +0.j
  0.        +0.j         0.        +0.j         0.        +0.j
  0.        +0.j         0.        +0.j         0.        +0.j
  0.        +0.j         0.18412057-0.87270446j 0.44248502+0.09323923j
  0.        +0.j        ]
 [0.        +0.j         0.        +0.j         0.        +0.j
  0.        +0.j         0.        +0.j         0.        +0.j
  0.        +0.j         0.        +0.j         0.        +0.j
  0.        +0.j         0.        +0.j         0.        +0.j
  0.18202065-0.87069089j 0.        +0.j         0.        +0.j
  0.42632851+0.16434679j]]

********* Summary *****************
Final fidelity error 0.11159527166060734
Final penalized l2 error 1.0001599766825744
Final penalized TV regularizer 0.0005436641707423247
Final objective value 0.1121388638418221
Final norm value 5.436641707423247
Final l2 value 100.01599766825743
Final error 1.3504116215765862e-07
Terminate reason Exceed the maximum number of iteration of ADMM
Number of iterations 100
Completed in 0:05:07.358798 HH:MM:SS.US
Computational time 307.358798291
Time for each iteration [45.205006125, 16.476462624999996, 56.738703125, 25.170083875000003, 63.9934665, 31.929968375, 69.957041875, 36.897941165999995, 74.550006292, 41.89301841599999, 78.84828775000001, 44.42021458299999, 81.453423, 47.81682458300001, 83.654763625, 50.214017250000026, 86.07109545799996, 52.515060917000014, 88.38361929099996, 55.005327500000064, 91.28464158299995, 57.291438042000024, 93.67796041599998, 59.49306083400005, 95.87999604099993, 61.816074292000096, 98.08037287399988, 64.1145209590001, 100.37429904099987, 66.3190315420001, 102.59327254099988, 68.51944420900013, 104.78990629099987, 70.73073591700016, 106.70063716599982, 73.13479012500015, 108.80359024999986, 75.45302566600013, 111.11481366699986, 77.76877712400015, 113.41245829199984, 80.08267020800018, 115.61067108299984, 82.29245120800014, 117.81494287499983, 84.39174375000015, 120.21601933299986, 86.59265279200012, 122.41883741599987, 89.03733612500012, 124.63408795799985, 90.75257458300017, 126.65247324999986, 92.65935837500017, 128.5685097499998, 94.55694608300018, 130.47167999999982, 96.45861645800017, 132.37987266699986, 98.36523174900015, 134.29787437599987, 100.26950341500014, 136.21439304299986, 102.17868383200016, 138.12280062599984, 104.08785304000014, 140.03691595999987, 105.98763458100012, 141.94137183499987, 107.99533945600012, 143.86307508499988, 109.89835616500011, 145.84065125099988, 111.86288124900011, 147.77375379199992, 113.76893383300012, 149.77493524999988, 115.67368775000011, 151.6845521659999, 117.58640320900014, 153.5978395819999, 119.49140945900012, 155.49716441599986, 121.40326583400014, 157.40486216599987, 123.30611354200016, 159.32305249899986, 125.23177845900017, 161.23489691599985, 127.13414062500016, 163.13807312499983, 129.04503329100015, 165.04410920899988, 130.9548082490001, 166.9492451669999, 132.8580193740001, 168.8676746669999, 134.76906983300012, 170.6922238329999, 136.66657445800013]
