Final evolution
[[ 5.67265228e-03-5.62044477e-04j  3.12048811e-04-9.99983704e-01j
  -5.36029633e-09+2.13496573e-09j  2.58776489e-07-7.60940666e-08j]
 [ 2.99482342e-04-9.99983708e-01j  5.67230751e-03+5.65513431e-04j
   2.78388149e-07-8.11539012e-08j -5.24236558e-09+3.86113740e-09j]
 [-5.82983176e-09-7.35795777e-10j  2.58654998e-07+7.64978861e-08j
   5.67331441e-03-5.55321137e-04j  1.49717946e-03-9.99982632e-01j]
 [ 2.78259523e-07+8.15862016e-08j -6.55625704e-09+8.11836775e-10j
   1.48461300e-03-9.99982650e-01j  5.67163331e-03+5.72235570e-04j]]

********* Summary *****************
Final fidelity error 1.6423160577816454e-05
Final penalized l2 error 2.074990552539202e-07
Final penalized TV regularizer 0.002755415066557924
Final objective value 0.0027718380215747277
Final norm value 2.755415066557924
Final l2 value 2.074990552539202e-07
Final error 1.226122854312463e-05
Terminate reason Exceed the maximum number of iteration of ADMM
Number of iterations 100
Completed in 0:01:36.975294 HH:MM:SS.US
Computational time 96.975294417
Time for each iteration [5.480770833, 3.4525247089999995, 7.513919707999999, 5.962559959000001, 10.085967665999998, 8.520066709000002, 12.437111582999997, 10.769970584000003, 14.343165748999997, 12.885978043000001, 15.303441581999998, 14.705226251, 16.329019166000002, 16.672133583999994, 17.340357041000004, 17.830419166999995, 18.18133325, 19.470931999999998, 19.04910675, 20.493036499999995, 20.890494750000002, 21.426177499999994, 22.062108792000004, 22.946715040999997, 22.896920959, 23.682808041, 24.652237459, 24.322928833, 25.553371708999997, 25.531565374000003, 26.316507250999997, 25.917438749, 26.739135251, 26.612065416, 27.402085125999996, 27.279662916, 29.227398250999997, 28.039468791000004, 30.13852058399999, 28.837048208000006, 30.94761524999999, 29.446622417000007, 31.49021495799999, 30.193025125000013, 32.10468458299999, 30.834665667000017, 32.74240908299998, 31.348655625000028, 34.464365791999974, 31.78701025000003, 35.56112424999997, 32.723426833000026, 36.32676129199998, 34.80156779100002, 36.767634666999975, 35.56581354100002, 37.50583420899998, 35.95421899900003, 38.91060304299997, 36.47906866500002, 39.550894751999984, 38.17378074800002, 40.01970908499998, 39.14418124800002, 40.65944770999999, 39.43318858200001, 41.989838668, 40.37603904, 42.303144167999996, 40.663592957, 43.32548504299999, 41.38555612400001, 43.81163700099999, 41.65276683200002, 44.48190079299999, 41.918915624000014, 44.99360675099998, 42.33345583200002, 45.386366750999976, 42.598974291000026, 45.67932587599997, 42.89147766600002, 45.87928804199998, 43.184922041000014, 46.16976908399999, 43.377925333000015, 46.43405579199999, 43.665506208000004, 46.628060874999996, 43.860313458, 46.892643, 44.12445025, 47.08552333299999, 44.31831570900001, 48.61088274899999, 44.83779462600001, 49.88418195699999, 45.48025304300001, 50.175566164999985, 46.799728252000016]
