Final evolution
[[-5.79410497e-01-1.36207840e-01j -2.66929242e-02+3.08747497e-02j
  -1.72450328e-04-1.18615199e-01j  4.23971094e-01+9.96776068e-02j
   1.62156878e-01+3.16596269e-02j  7.07790796e-03-8.84611444e-03j
   1.30109281e-03+3.28998373e-02j -1.18654897e-01-2.31691503e-02j
  -5.57054347e-03-7.87383736e-03j -6.55469316e-04+8.81817849e-05j
   1.27135933e-03-1.44159984e-03j  4.07601228e-03+5.76163716e-03j
   4.80030074e-01+1.44512374e-01j  2.40385966e-02-2.45725543e-02j
  -5.99828747e-03+9.97234226e-02j -3.51251078e-01-1.05752602e-01j]
 [ 5.25547949e-02-1.06703259e-01j  1.61496688e-03+8.99208169e-03j
  -7.25812864e-01-1.30630771e-01j -8.99135444e-03+3.88710382e-02j
  -1.34503270e-02+3.01527885e-02j -5.42969968e-04-2.47717358e-03j
   2.02707257e-01+2.85658008e-02j  2.08333360e-03-1.08771064e-02j
   1.78347479e-03-7.30933402e-04j -7.69365416e-05+1.26483951e-04j
  -7.40744725e-03-9.37791853e-03j -5.26456227e-04+3.75284556e-04j
  -4.97067863e-02+8.69787645e-02j -8.91917026e-04-7.64288233e-03j
   6.03392839e-01+1.47406380e-01j  9.57181867e-03-3.22114670e-02j]
 [-7.84727826e-03+3.72051460e-02j -7.25988677e-01-1.73489853e-01j
  -1.19089622e-02+9.56493113e-03j -2.60666338e-02-1.32173717e-02j
   1.78358946e-03-1.04029308e-02j  2.03208863e-01+4.04522588e-02j
   3.20226490e-03-2.77896183e-03j  7.37005285e-03+3.39084064e-03j
  -4.94684443e-04+3.67346797e-04j -6.94944626e-03-9.90002857e-03j
  -2.47239775e-04-1.17556917e-05j -1.74494493e-04-4.40283464e-04j
   8.52376596e-03-3.08702794e-02j  6.01320901e-01+1.83445198e-01j
   1.05067138e-02-7.42402668e-03j  2.12285054e-02+1.24612831e-02j]
 [ 4.28959637e-01+7.63066645e-02j -1.87460778e-02-2.07999713e-02j
   1.08230639e-02+3.74541647e-02j  5.97740306e-01+1.01316404e-01j
  -1.19791695e-01-1.66337761e-02j  5.41958204e-03+5.57146048e-03j
  -3.39784873e-03-1.02747378e-02j -1.66872573e-01-2.17877205e-02j
   4.38747348e-03+5.53151821e-03j -4.23098882e-06-4.53727401e-04j
  -2.70737748e-04+5.70814135e-04j  6.16762464e-03+7.64711474e-03j
  -3.56655139e-01-8.63640607e-02j  1.46817273e-02+1.84564928e-02j
  -7.15865835e-03-3.20465833e-02j -4.97246204e-01-1.16130033e-01j]
 [-2.73950331e-01-7.00582813e-02j -1.29644217e-02+1.44180049e-02j
   1.01572526e-03-5.63419277e-02j  2.00457130e-01+5.12686031e-02j
  -7.02993362e-01-2.14136702e-01j -3.53559806e-02+3.59064450e-02j
   9.26948315e-03-1.46157521e-01j  5.14399345e-01+1.56702794e-01j
  -5.86755515e-02-5.65748749e-03j -2.20879949e-03+3.38522326e-03j
  -1.59527090e-03-1.16385524e-02j  4.29347045e-02+4.14077129e-03j
  -9.69653664e-02-9.15213099e-03j -3.63820746e-03+5.60058314e-03j
  -2.67454794e-03-1.92244535e-02j  7.09525423e-02+6.69857060e-03j]
 [ 2.59500974e-02-5.01960205e-02j  6.83873011e-04+4.28604021e-03j
  -3.43540734e-01-6.87640345e-02j -4.63045347e-03+1.83799207e-02j
   7.32815839e-02-1.27266073e-01j  1.27095657e-03+1.12080868e-02j
  -8.83819010e-01-2.18968520e-01j -1.41853963e-02+4.71735758e-02j
   3.73786497e-03-1.11711317e-02j  2.78144834e-04+8.60989752e-04j
  -7.29692089e-02-3.16206110e-03j -3.65172494e-04+3.93443076e-03j
   6.13866837e-03-1.84699226e-02j  4.62431855e-04+1.42164156e-03j
  -1.20573712e-01-4.98145988e-03j -5.90250404e-04+6.50186898e-03j]
 [-4.07161973e-03+1.75992354e-02j -3.43227635e-01-8.91230434e-02j
  -5.74507910e-03+4.43298740e-03j -1.22589259e-02-6.51925557e-03j
  -1.26426304e-02+4.52125149e-02j -8.80609524e-01-2.71788509e-01j
  -1.54374355e-02+1.08327981e-02j -3.10596679e-02-1.83686305e-02j
  -2.75060430e-04+3.75571719e-03j -7.35567652e-02-7.36589445e-03j
  -1.04146545e-03+1.09716439e-03j -2.73404502e-03-9.50293214e-04j
  -4.41958250e-04+6.20628983e-03j -1.21558502e-01-1.19252752e-02j
  -1.71710404e-03+1.81625584e-03j -4.52048380e-03-1.56101281e-03j]
 [ 2.03042877e-01+4.02139402e-02j -8.71161072e-03-1.00531270e-02j
   4.79419132e-03+1.78902862e-02j  2.82979575e-01+5.36550239e-02j
   5.22413887e-01+1.28306639e-01j -2.14339936e-02-2.71258239e-02j
   1.03408690e-02+4.70118113e-02j  7.28366382e-01+1.72612829e-01j
   4.31132938e-02+1.78077679e-03j -2.11650610e-03-1.79185702e-03j
   1.56055287e-03+3.53171990e-03j  6.00101504e-02+1.98935159e-03j
   7.12397554e-02+2.79868118e-03j -3.50295987e-03-2.95354125e-03j
   2.59018281e-03+5.83007681e-03j  9.91582361e-02+3.08701799e-03j]
 [ 1.11881172e-01+1.40445152e-02j  4.40957546e-03-6.35133947e-03j
   2.41020501e-03+2.23415709e-02j -8.18668366e-02-1.02787419e-02j
  -1.61053938e-03+1.38942010e-02j  7.93001459e-04+5.39494608e-04j
  -2.76840458e-03+3.25227140e-04j  1.17872168e-03-1.01668093e-02j
  -7.51454041e-01-2.01471847e-01j -3.61268485e-02+3.92534185e-02j
   4.58968750e-03-1.54974352e-01j  5.49859810e-01+1.47436340e-01j
   1.18760208e-01+2.61468124e-02j  5.36355228e-03-6.38461801e-03j
   3.78862925e-04+2.42309567e-02j -8.69002429e-02-1.91345025e-02j]
 [-7.76146779e-03+2.11545215e-02j -4.84483591e-04-1.66157777e-03j
   1.39349020e-01+1.00591629e-02j  9.14618723e-04-7.50286086e-03j
  -2.63312210e-03-9.37858071e-04j  2.05531749e-04-6.20485970e-05j
  -1.08390486e-03+1.72966148e-02j  9.31726712e-04+1.04627964e-04j
   7.29927735e-02-1.37271368e-01j  1.74488908e-03+1.18134534e-02j
  -9.42950921e-01-2.00128530e-01j -1.33248522e-02+5.04189058e-02j
  -1.04270986e-02+2.19502642e-02j -3.55966030e-04-1.83228017e-03j
   1.48652044e-01+2.45833594e-02j  1.72419905e-03-7.96686767e-03j]
 [ 7.32488680e-04-7.16610217e-03j  1.40241278e-01+1.81295397e-02j
   2.05170484e-03-2.04058849e-03j  5.17544840e-03+1.96739899e-03j
   8.89741194e-04+8.24325558e-05j -2.08390168e-03+1.74167782e-02j
   2.55525797e-04+2.52093459e-04j -2.37950626e-04+6.44273266e-04j
  -1.17625254e-02+4.82889074e-02j -9.41440822e-01-2.56129827e-01j
  -1.59469898e-02+1.20128831e-02j -3.35187710e-02-1.83262487e-02j
   1.49530617e-03-7.62323433e-03j  1.48812125e-01+3.33383720e-02j
   2.40512740e-03-1.98848489e-03j  5.36334666e-03+2.62461130e-03j]
 [-8.23381051e-02-5.77606684e-03j  3.94838188e-03+3.54257334e-03j
  -2.78966879e-03-6.83875387e-03j -1.14634766e-01-7.10414636e-03j
   6.19657866e-04-1.02199716e-02j -4.34777160e-04+4.93920390e-04j
   8.44996149e-04-3.54069386e-04j  7.46421879e-04-1.42275959e-02j
   5.57325902e-01+1.17105377e-01j -2.36468717e-02-2.79355314e-02j
   1.26196320e-02+4.93721351e-02j  7.76817770e-01+1.56631256e-01j
  -8.78516270e-02-1.43456879e-02j  3.88982474e-03+4.19484026e-03j
  -2.31950977e-03-7.62001660e-03j -1.22403654e-01-1.89658688e-02j]
 [-4.17376008e-01-1.08759313e-01j -1.98747675e-02+2.19022178e-02j
   1.93968487e-03-8.59323303e-02j  3.05405681e-01+7.95898564e-02j
   2.36687705e-01+9.69738115e-02j  1.34153473e-02-1.12984397e-02j
  -7.94531261e-03+5.03506521e-02j -1.73190399e-01-7.09629304e-02j
  -1.42091917e-01-6.27691165e-02j -8.33029723e-03+6.63814846e-03j
   5.65268499e-03-3.04361513e-02j  1.03972183e-01+4.59326279e-02j
  -5.64010551e-01-1.98186087e-01j -2.99691418e-02+2.79690316e-02j
   1.25536431e-02-1.18472665e-01j  4.12701394e-01+1.45028834e-01j]
 [ 3.99299530e-02-7.63851015e-02j  1.01342694e-03+6.54231357e-03j
  -5.23532485e-01-1.07267351e-01j -7.19026534e-03+2.80031443e-02j
  -2.95169209e-02+4.17309437e-02j -7.75011424e-05-3.92531448e-03j
   2.99196285e-01+1.04503902e-01j  6.44355117e-03-1.58886198e-02j
   1.86064743e-02-2.48480142e-02j -1.75963663e-05+2.38426631e-03j
  -1.79915772e-01-6.83699559e-02j -4.17343702e-03+9.53958518e-03j
   6.39313087e-02-1.00919953e-01j  6.48041600e-04+9.15313857e-03j
  -7.10812503e-01-2.08323649e-01j -1.31495014e-02+3.78536109e-02j]
 [-6.33245687e-03+2.68162228e-02j -5.22913846e-01-1.38319148e-01j
  -8.79378892e-03+6.72191002e-03j -1.86535923e-02-1.00288786e-02j
   5.84540188e-03-1.52589740e-02j  2.96373584e-01+1.22704713e-01j
   5.70063173e-03-3.25419523e-03j  1.01688878e-02+7.37143700e-03j
  -3.79994138e-03+9.16718910e-03j -1.77902411e-01-7.93728639e-02j
  -3.51434739e-03+1.88168153e-03j -6.05195430e-03-4.64254212e-03j
  -1.18282500e-02+3.63127247e-02j -7.06389859e-01-2.51143407e-01j
  -1.29189862e-02+8.27426959e-03j -2.46131938e-02-1.59960362e-02j]
 [ 3.09426364e-01+6.27458938e-02j -1.32183226e-02-1.53945785e-02j
   7.18870950e-03+2.73215971e-02j  4.31262134e-01+8.38016871e-02j
  -1.76887380e-01-6.13817880e-02j  6.54953301e-03+1.00945330e-02j
  -2.06125341e-03-1.66267875e-02j -2.46825370e-01-8.34053795e-02j
   1.06374347e-01+4.01769690e-02j -3.80986050e-03-6.23607906e-03j
   9.77524622e-04+1.01277794e-02j  1.48469774e-01+5.46989152e-02j
   4.20190560e-01+1.22224826e-01j -1.64890627e-02-2.27829416e-02j
   6.79002822e-03+3.85644889e-02j  5.86058869e-01+1.65308569e-01j]]

********* Summary *****************
Final fidelity error 0.2878059374363918
Final penalized l2 error 0.004759714274849873
Final penalized TV regularizer 0.053873008435091074
Final objective value 0.3416789369936703
Final norm value 5.387300843509108
Final l2 value 0.04759714274849872
Final error 1.239878406862325e-06
Terminate reason Exceed the maximum number of iteration of ADMM
Number of iterations 100
Completed in 0:15:40.132771 HH:MM:SS.US
Computational time 940.1327705839999
Time for each iteration [56.20256725, 35.219343292000005, 103.57075099999999, 116.41846604200002, 207.69945095799994, 176.08345045900006, 276.79406508299996, 222.154301292, 302.45609991699996, 250.08714662499995, 327.351667875, 278.068322417, 353.916872625, 292.18673012499994, 367.193797, 300.128452834, 375.75740704099996, 305.977435418, 382.4081248319999, 310.91065075200004, 387.5608172479999, 316.39405762700005, 391.52348933199994, 320.99851216800005, 395.3601930409999, 324.7217535840001, 399.1935337079998, 328.4512310010001, 404.8726617489998, 331.63683312600017, 408.2742032079998, 336.1026914170002, 411.2044179579998, 339.49429862600016, 414.47779120799976, 342.34045641700015, 417.8418937499998, 345.28940016700017, 421.33740495799975, 348.1627295420002, 424.2988117499998, 351.43688350000014, 427.56317529199976, 354.7000380000002, 430.39669995899976, 357.6483184580002, 433.2432824169998, 360.5975063330002, 436.9567307919998, 364.0852305420001, 439.8076834579998, 366.9199142090001, 443.07231791599986, 369.8677530840001, 445.79377804099977, 372.60736800100017, 448.8416841659998, 375.25361125100017, 451.5751607489998, 378.19240083500017, 454.40881412399983, 380.92943241800015, 457.1470909159998, 383.6690144180002, 459.77814320699974, 386.4039683770002, 462.63406395699974, 389.1339199180002, 465.15627504099973, 391.98139775100026, 467.7922024579997, 394.7304391670002, 471.07858262499974, 398.16931208400024, 474.0182495409997, 400.9349215430002, 476.7000839569997, 403.7157481270002, 479.45524995699975, 406.26975037700015, 482.2404589979998, 409.1712329190002, 485.1019449559998, 412.0462749190002, 487.97915124799977, 414.9272907520002, 490.7747797899998, 417.7179762940001, 493.7452448309998, 420.3792575860001, 496.52199637299987, 423.1653111270001, 499.1553741229999, 425.7790060860001, 501.6969361229999, 428.3319160860001, 504.2523153729999, 430.85453904400003, 506.65738628999986, 433.47538429400004]
