Final evolution
[[ 4.81606163e-03-4.09823872e-04j -1.40452417e-02-9.99889678e-01j
   4.23869352e-07-5.54212452e-07j  6.57594546e-07-1.72072579e-06j]
 [-1.40095074e-02-9.99890180e-01j  4.82566281e-03+2.74560907e-04j
   9.44298363e-07-2.91452767e-06j  3.87143510e-07-6.03619185e-07j]
 [ 3.81795892e-07+6.02779409e-07j  6.98535351e-07+1.70618662e-06j
   4.81645171e-03-4.05213512e-04j -1.30880914e-02-9.99902665e-01j]
 [ 1.01731630e-06+2.89184335e-06j  4.15991341e-07+5.49251242e-07j
  -1.30523566e-02-9.99903132e-01j  4.82539775e-03+2.79180146e-04j]]

********* Summary *****************
Final fidelity error 1.1795973404504778e-05
Final penalized l2 error 7.102550104997582e-08
Final penalized TV regularizer 0.002865504411846414
Final objective value 0.0028773003852516957
Final norm value 2.865504411846414
Final l2 value 7.102550104997582e-08
Final error 4.0868938988112487e-05
Terminate reason Exceed the maximum number of iteration of ADMM
Number of iterations 50
Completed in 0:05:04.299880 HH:MM:SS.US
Computational time 304.299880208
Time for each iteration [49.604015083, 32.71671358300001, 69.21343108299999, 40.94109400000002, 74.97471016599998, 47.91196662500002, 89.65308616599998, 53.07183812500003, 97.23191370799998, 57.184929167000035, 103.18769083299998, 59.983054125000024, 109.99535758299999, 63.94207850000001, 111.66644333299999, 69.25499687500002, 114.06711616599998, 70.91964237500002, 117.57984824999997, 73.40398979100004, 119.97465124999997, 75.47032116600005, 121.54755370899997, 76.72161749900005, 122.60709862599995, 82.47822333200006, 136.52426179299994, 87.66010999800008, 141.46475737699993, 90.44422174800007, 144.25049620999994, 96.72454312300007, 146.32057716799994, 102.84253258200008, 150.5166623759999, 104.26898970700009, 154.7976077509999, 106.8364059990001, 156.55252675099987, 108.10139995700015, 157.49019941799983, 109.03957295700016, 158.51063837599983, 109.9758941650002, 159.44709866799982, 110.91283329000018, 171.7402075429998, 117.93453462300019, 182.4818905019998, 121.81798970600019]
