Final evolution
[[3.37605716e-04+9.72803643e-04j 9.44858316e-04-9.99999023e-01j
  2.50912737e-07-5.45216570e-07j 3.34364613e-07+3.34144629e-07j]
 [8.26059349e-04-9.99999129e-01j 3.39327942e-04-9.72204245e-04j
  3.54827044e-07+2.81017708e-07j 6.80483301e-08-7.63470824e-08j]
 [6.74456256e-08+7.73022030e-08j 3.34626081e-07-3.33841278e-07j
  3.37550540e-04+9.72822790e-04j 1.00157632e-03-9.99998968e-01j]
 [3.54918409e-07-2.80759010e-07j 2.50794724e-07+5.45310393e-07j
  8.82777361e-04-9.99999080e-01j 3.39383083e-04-9.72184998e-04j]]

********* Summary *****************
Final fidelity error 5.323288820857641e-07
Final penalized l2 error 2.1659867889608563e-09
Final penalized TV regularizer 0.00020513060721944704
Final objective value 0.0002056629243135178
Final norm value 2.0513060721944703
Final l2 value 2.1659867889608563e-09
Final error 5.7149437236603203e-08
Terminate reason Exceed the maximum number of iteration of ADMM
Number of iterations 100
Completed in 0:00:54.194839 HH:MM:SS.US
Computational time 54.194839333000004
Time for each iteration [2.308786542, 1.9957534580000003, 3.7965002090000004, 3.4287916239999996, 5.004265543, 4.540776499000001, 5.937985834, 5.285970873999999, 6.671153668000001, 6.121273706999999, 7.37278121, 6.586323623000001, 8.267381043999997, 7.032782206000004, 8.618234418999997, 7.746232289000002, 9.965057919, 8.474348081000002, 10.354295835999999, 9.189829997, 10.639919670000001, 9.60704183, 11.802959253000001, 10.053567704999999, 12.18643642, 10.670005413000002, 13.047150419999998, 11.125395122000004, 13.970124460999997, 11.498343081000002, 14.666268210999998, 11.877504414, 15.320197793999998, 12.230750331000003, 15.991396960999996, 12.503311372000002, 16.73165967, 12.850792372000004, 17.121030252999994, 13.249542455000007, 18.22170366999999, 13.688398247000013, 18.57325016999999, 14.264946622000014, 18.88081133599999, 14.625113497000005, 19.180528045, 15.265629121999996, 19.522388961, 15.596470288999999, 19.839871919, 16.164252163999993, 20.240550294000013, 16.893788830999984, 20.589552502000014, 17.19648670599999, 20.961553711000004, 17.582759913999997, 21.377070461, 17.901436164000007, 21.71936500299999, 18.511889747000016, 22.04252754499998, 18.841172913000026, 22.612707919999973, 19.143462413000027, 23.273570169999967, 19.46001637200003, 23.566547252999964, 19.801100664000035, 23.89158879399997, 20.43863153900003, 24.180839585999973, 20.773168456000025, 24.340446126999975, 21.126099581000023, 24.969982460999983, 21.421047581000014, 25.30023191899998, 21.78924583100002, 25.52713900199998, 22.080515956000017, 25.869626710999977, 22.65786599700002, 26.162636710999987, 22.95536895600002, 26.44831662699998, 23.288503040000027, 27.02248370999997, 23.567115415000035, 27.27533012699997, 24.16621979000003, 27.541060376999962, 24.43144262300004, 27.88383225199996, 24.977589456000036, 28.16163566899996, 25.24354578900004, 28.44062133599996, 25.754217997000044]
