Final evolution
[[0.46446712-0.04011591j 0.        +0.j         0.        +0.j
  0.06547019-0.88225544j 0.        +0.j         0.        +0.j
  0.        +0.j         0.        +0.j         0.        +0.j
  0.        +0.j         0.        +0.j         0.        +0.j
  0.        +0.j         0.        +0.j         0.        +0.j
  0.        +0.j        ]
 [0.        +0.j         0.46011316+0.03449585j 0.06627547-0.88471096j
  0.        +0.j         0.        +0.j         0.        +0.j
  0.        +0.j         0.        +0.j         0.        +0.j
  0.        +0.j         0.        +0.j         0.        +0.j
  0.        +0.j         0.        +0.j         0.        +0.j
  0.        +0.j        ]
 [0.        +0.j         0.06627169-0.88471124j 0.46011746+0.03443849j
  0.        +0.j         0.        +0.j         0.        +0.j
  0.        +0.j         0.        +0.j         0.        +0.j
  0.        +0.j         0.        +0.j         0.        +0.j
  0.        +0.j         0.        +0.j         0.        +0.j
  0.        +0.j        ]
 [0.06670215-0.88216315j 0.        +0.j         0.        +0.j
  0.45330689+0.10886623j 0.        +0.j         0.        +0.j
  0.        +0.j         0.        +0.j         0.        +0.j
  0.        +0.j         0.        +0.j         0.        +0.j
  0.        +0.j         0.        +0.j         0.        +0.j
  0.        +0.j        ]
 [0.        +0.j         0.        +0.j         0.        +0.j
  0.        +0.j         0.46613041-0.00783817j 0.        +0.j
  0.        +0.j         0.12644132-0.87559899j 0.        +0.j
  0.        +0.j         0.        +0.j         0.        +0.j
  0.        +0.j         0.        +0.j         0.        +0.j
  0.        +0.j        ]
 [0.        +0.j         0.        +0.j         0.        +0.j
  0.        +0.j         0.        +0.j         0.45661732+0.06629262j
  0.12741479-0.87799281j 0.        +0.j         0.        +0.j
  0.        +0.j         0.        +0.j         0.        +0.j
  0.        +0.j         0.        +0.j         0.        +0.j
  0.        +0.j        ]
 [0.        +0.j         0.        +0.j         0.        +0.j
  0.        +0.j         0.        +0.j         0.12741105-0.87799336j
  0.45662558+0.06623569j 0.        +0.j         0.        +0.j
  0.        +0.j         0.        +0.j         0.        +0.j
  0.        +0.j         0.        +0.j         0.        +0.j
  0.        +0.j        ]
 [0.        +0.j         0.        +0.j         0.        +0.j
  0.        +0.j         0.12766393-0.87542157j 0.        +0.j
  0.        +0.j         0.44467453+0.14001269j 0.        +0.j
  0.        +0.j         0.        +0.j         0.        +0.j
  0.        +0.j         0.        +0.j         0.        +0.j
  0.        +0.j        ]
 [0.        +0.j         0.        +0.j         0.        +0.j
  0.        +0.j         0.        +0.j         0.        +0.j
  0.        +0.j         0.        +0.j         0.46612896-0.00792372j
  0.        +0.j         0.        +0.j         0.12628061-0.87562219j
  0.        +0.j         0.        +0.j         0.        +0.j
  0.        +0.j        ]
 [0.        +0.j         0.        +0.j         0.        +0.j
  0.        +0.j         0.        +0.j         0.        +0.j
  0.        +0.j         0.        +0.j         0.        +0.j
  0.45662948+0.06620882j 0.12725365-0.87801618j 0.        +0.j
  0.        +0.j         0.        +0.j         0.        +0.j
  0.        +0.j        ]
 [0.        +0.j         0.        +0.j         0.        +0.j
  0.        +0.j         0.        +0.j         0.        +0.j
  0.        +0.j         0.        +0.j         0.        +0.j
  0.12724991-0.87801673j 0.45663773+0.06615189j 0.        +0.j
  0.        +0.j         0.        +0.j         0.        +0.j
  0.        +0.j        ]
 [0.        +0.j         0.        +0.j         0.        +0.j
  0.        +0.j         0.        +0.j         0.        +0.j
  0.        +0.j         0.        +0.j         0.12750326-0.87544499j
  0.        +0.j         0.        +0.j         0.44470022+0.13993108j
  0.        +0.j         0.        +0.j         0.        +0.j
  0.        +0.j        ]
 [0.        +0.j         0.        +0.j         0.        +0.j
  0.        +0.j         0.        +0.j         0.        +0.j
  0.        +0.j         0.        +0.j         0.        +0.j
  0.        +0.j         0.        +0.j         0.        +0.j
  0.46555777+0.02439181j 0.        +0.j         0.        +0.j
  0.18664601-0.86476834j]
 [0.        +0.j         0.        +0.j         0.        +0.j
  0.        +0.j         0.        +0.j         0.        +0.j
  0.        +0.j         0.        +0.j         0.        +0.j
  0.        +0.j         0.        +0.j         0.        +0.j
  0.        +0.j         0.45094472+0.097688j   0.18778258-0.86708916j
  0.        +0.j        ]
 [0.        +0.j         0.        +0.j         0.        +0.j
  0.        +0.j         0.        +0.j         0.        +0.j
  0.        +0.j         0.        +0.j         0.        +0.j
  0.        +0.j         0.        +0.j         0.        +0.j
  0.        +0.j         0.18777888-0.86708996j 0.4509569 +0.09763178j
  0.        +0.j        ]
 [0.        +0.j         0.        +0.j         0.        +0.j
  0.        +0.j         0.        +0.j         0.        +0.j
  0.        +0.j         0.        +0.j         0.        +0.j
  0.        +0.j         0.        +0.j         0.        +0.j
  0.18785343-0.86450685j 0.        +0.j         0.        +0.j
  0.43393617+0.17040655j]]

********* Summary *****************
Final fidelity error 0.11640795072306354
Final penalized l2 error 0.10409741281780337
Final penalized TV regularizer 0.00036981015138942783
Final objective value 0.11677771474241921
Final norm value 3.698101513894278
Final l2 value 1.0409741281780336
Final error 1.545199212485976e-09
Terminate reason Exceed the maximum number of iteration of ADMM
Number of iterations 100
Completed in 0:04:31.659384 HH:MM:SS.US
Computational time 271.659384084
Time for each iteration [43.0042985, 12.943874459, 54.02750679100001, 19.725746668, 58.97568020700001, 24.95077004299999, 63.21236045700002, 28.981658792999994, 66.24809704100001, 32.910260750999996, 68.96729945800001, 35.64821300099999, 71.38621570800002, 38.08775500099998, 74.01222904100003, 40.39274083399998, 76.64771937500002, 42.602195291999976, 78.95612566700004, 44.81219237499997, 81.07848025000004, 47.338893749999954, 83.30644604200006, 49.54475341699995, 85.73090279200005, 51.66920749999994, 87.85306995900007, 53.889266790999926, 90.07123275100008, 56.00056049899993, 92.19314241800006, 58.22079212399993, 94.40903529300007, 60.33709716599992, 96.74301187600008, 62.456047998999935, 98.95706587600006, 64.62295958299995, 101.17294841700004, 66.74271195799997, 103.40856383400003, 68.85984512499996, 105.63080075000005, 71.06988804199995, 107.84836820800007, 73.31910808399994, 109.86891775000007, 75.03651691699994, 112.01245883300007, 77.16797458399995, 114.03062570800006, 79.08112970899995, 116.04210820800006, 81.10752316699995, 117.87131720800005, 83.12905316699997, 119.78548929200005, 84.95250716699996, 121.99645929200005, 86.87168474999996, 123.91048870900005, 88.88331812499996, 126.03004908400004, 90.89472237499996, 127.83740108400005, 92.71417670799997, 129.32016779200003, 94.18653033299998, 130.80101854200004, 95.66684329199998, 132.289162792, 97.145487833, 133.768899209, 98.641071958, 135.583144917, 100.12088395800001, 137.059549751, 101.60411020800001, 138.549131792, 103.09052591700001, 140.04792908299999, 104.58085816700003, 141.53951466699996, 106.06907516700005, 143.02489483299996, 107.77664295900007, 144.51216262499992, 109.26940358400009, 145.99445574999993, 110.75982095900008, 147.4737658329999, 112.25159970900012, 148.9605713329999, 113.7391465010001, 150.43971462399992, 115.21952500100008, 151.96402174899993, 116.71418596000007, 153.45811728999996, 118.20126679400005]
Final evolution
[[ 8.02798105e-04-4.78205617e-03j  9.67518112e-04-1.60719928e-03j
   3.13867612e-04-8.86023964e-04j  1.42563095e-01-9.89665831e-01j
  -2.23477085e-05+6.89269961e-05j -1.52756540e-03-8.20127419e-04j
   1.40955779e-03-7.11774580e-04j -1.95950094e-03+1.32098115e-02j
  -6.34932262e-05-1.77332882e-04j -2.79267662e-04-4.58059067e-05j
   6.90305540e-06-1.22168380e-04j -1.97985196e-04+8.37977985e-04j
  -4.23782732e-06+2.53229363e-05j  1.02741407e-05-7.55236211e-06j
   9.39622604e-07+3.90825696e-06j -8.99130251e-04+4.88530673e-03j]
 [ 6.24615927e-04-7.55694872e-04j  9.97458245e-06+4.14558520e-05j
   1.42694592e-01-9.89636353e-01j  3.18009122e-05+8.34026487e-04j
   1.41249219e-03+1.18066530e-03j -1.12054687e-05-1.37884379e-05j
  -1.96232140e-03+1.32068508e-02j -3.97022218e-05-7.02106843e-03j
  -2.07603716e-04+4.46583110e-06j  6.61649713e-05+1.79902281e-04j
  -2.03816292e-04+8.23382372e-04j -1.32919399e-04+4.14434682e-05j
   7.30965307e-06-1.47093613e-05j -2.27187992e-06-1.75340305e-06j
  -8.99006103e-04+4.88842744e-03j  5.26184629e-06-2.79765522e-06j]
 [ 3.78482843e-03-2.32040490e-02j  1.42677381e-01-9.89382080e-01j
   4.05791472e-05-2.44073021e-06j  4.63322958e-04+1.90748425e-03j
   1.35342671e-03-4.24158094e-04j -1.95287967e-03+1.32370025e-02j
   1.24055082e-05+3.72807093e-05j -1.34816691e-03-1.12071380e-03j
  -4.91688857e-05+2.73255016e-04j -2.22222031e-04+7.78944490e-04j
   6.53679166e-05+1.82272582e-04j  1.94231614e-05-1.90716356e-04j
  -2.06710467e-05+1.09370430e-04j -8.98920935e-04+4.88981095e-03j
  -7.85438016e-07-2.92386906e-06j  9.42054848e-06-2.33327701e-05j]
 [ 1.42482711e-01-9.89378560e-01j -2.94115471e-03+2.32278295e-02j
   3.78119301e-04+9.34514806e-04j -6.06010525e-04+4.77472439e-03j
  -1.99623019e-03+1.30338658e-02j  7.38148135e-06-7.30869474e-03j
   1.23260550e-03+1.45292882e-03j  3.47962588e-05-2.02994190e-05j
  -2.04480992e-04+7.88773297e-04j  1.71309065e-04-1.46063240e-04j
   8.73194661e-05-1.25153170e-04j -6.73983397e-05-1.83499378e-04j
  -8.97760713e-04+4.88535035e-03j  1.95902928e-05-1.12150953e-04j
   7.25626259e-06-1.94510061e-05j  4.86883965e-06-2.25043117e-05j]
 [-2.88931812e-06-7.01908687e-05j -1.57915263e-03+6.55907052e-04j
  -2.01308270e-03+6.69317685e-03j  1.84967983e-03-1.32352753e-02j
   7.94749426e-04-4.79270119e-03j  1.00516761e-03-1.60892946e-03j
  -3.54301282e-04-1.17998538e-03j  1.42484690e-01-9.89665809e-01j
   1.65639516e-07-4.84947274e-06j  1.08899949e-05+2.36229269e-05j
   4.39595772e-06-7.26203616e-06j -2.36572207e-04-5.97244725e-04j
  -6.19497000e-05-1.80298483e-04j -2.00326094e-04-9.31085617e-07j
   5.59842257e-05-2.89350314e-04j  1.72099128e-04-9.31551550e-06j]
 [ 1.61308532e-03-1.06178399e-03j -9.95993095e-06-9.08638917e-07j
   1.85570401e-03-1.32271773e-02j  1.13442356e-03+1.11161556e-03j
   6.18113334e-04-7.48444414e-04j  2.64476074e-05+3.39698852e-05j
   1.42621308e-01-9.89682586e-01j -6.92064225e-04+9.27511736e-04j
   9.43153036e-06+2.22814868e-05j  1.39090512e-06+1.77270971e-06j
  -2.33385903e-04-5.93790696e-04j -2.50425864e-06-6.69494393e-07j
  -2.92369714e-04-4.11592117e-05j  6.63325093e-05+1.81188537e-04j
   1.65798716e-04-2.40527142e-05j -1.73250956e-04+1.17674902e-04j]
 [-1.97485258e-03+6.39276721e-03j  1.93688324e-03-1.33860286e-02j
   2.18012834e-05-2.78843216e-05j -1.67424763e-03+3.72218774e-04j
   3.11547937e-03-2.34976842e-02j  1.42587592e-01-9.89379521e-01j
   3.66473917e-05-1.49104781e-05j  5.02079882e-04+1.92100382e-03j
  -2.01925679e-06-1.52691618e-05j -2.35195098e-04-5.92879701e-04j
   3.40216329e-08+3.39527622e-06j  1.51599762e-05+2.74294602e-05j
   8.83001876e-06+8.74539543e-05j  1.51611085e-04-6.24067589e-05j
   6.30303846e-05+1.81706483e-04j  8.82255100e-05-1.26300345e-04j]
 [ 1.83921169e-03-1.31983751e-02j  1.10133477e-03+1.40875416e-03j
   1.70749404e-03-7.42912198e-04j  1.68740964e-05+4.58815011e-05j
   1.42419815e-01-9.89419209e-01j -3.66362938e-03+2.33222580e-02j
   3.76724394e-04+9.27333572e-04j -5.87148465e-04+4.76951710e-03j
  -2.37853830e-04-5.98422194e-04j  6.43972560e-06+1.10997700e-05j
   1.36228151e-05+2.09747248e-05j  2.07315741e-07+2.92456428e-07j
   1.59268370e-04-5.89263389e-05j  1.22407379e-04-5.09193854e-05j
   1.06331215e-05-1.85657487e-04j -7.05837735e-05-1.79982604e-04j]
 [-1.16617913e-04+1.53680949e-04j -3.91707824e-05+1.74437337e-04j
  -1.06385692e-04-8.67640478e-05j  3.54666783e-05-7.95473615e-04j
  -3.23578723e-07+2.95476619e-07j  2.02055165e-05-2.31701687e-05j
   7.99679484e-07+2.85824749e-06j -3.99342341e-04+5.16304112e-04j
   7.94822691e-04-4.78376977e-03j -1.85416631e-03-2.02036926e-03j
   3.17128302e-04-8.69721053e-04j  1.42850777e-01-9.89657243e-01j
  -2.31020471e-05+5.05603334e-05j -1.39830286e-03-1.18242446e-03j
   1.40838714e-03-7.17827368e-04j -1.54795576e-03+1.14413194e-02j]
 [ 5.63724942e-05+1.43452827e-04j  1.12249333e-04-1.59752642e-04j
   2.62764898e-05-7.83023739e-04j -2.95569888e-05+8.48666503e-05j
   1.96278208e-05-1.65144439e-05j -9.91630695e-07+3.18162143e-06j
  -3.95187895e-04+5.11718342e-04j  3.93993494e-06-2.87067648e-06j
  -2.20691211e-03-1.17259323e-03j  2.58221748e-05+4.58342415e-05j
   1.42982046e-01-9.89627611e-01j  5.59573335e-05+8.35870128e-04j
   1.54015227e-03+8.20600823e-04j -3.09877691e-05-7.85214168e-06j
  -1.54488177e-03+1.14300768e-02j -4.13192932e-05-7.01376498e-03j]
 [ 1.33606367e-04+1.44376985e-04j -5.83987743e-06-7.56274649e-04j
   1.09180230e-04-1.54874179e-04j -2.90496822e-04-3.64130890e-05j
  -1.11291198e-05+1.21303766e-05j -3.93370308e-04+5.12668964e-04j
  -1.73118074e-06+1.27625038e-06j  2.48263904e-05-2.17294436e-05j
   3.79858606e-03-2.32119438e-02j  1.42972911e-01-9.89371978e-01j
  -1.33444142e-05-1.10101341e-05j -2.35976450e-03+1.49963071e-03j
   1.36364059e-03-4.63008768e-04j -1.54262045e-03+1.14683851e-02j
   1.40671148e-05+3.03481535e-05j -1.21497713e-03-1.47942482e-03j]
 [ 1.37039554e-05-7.61714089e-04j  2.78440534e-05-2.75755664e-04j
  -1.95575969e-04-5.28675171e-05j -1.03764457e-04+1.61475521e-04j
  -3.97643264e-04+5.15554896e-04j  1.21248589e-05-9.09329187e-06j
   2.40351656e-05-1.76836994e-05j  1.06120739e-06-4.67256628e-06j
   1.42772561e-01-9.89368941e-01j -2.92680783e-03+2.32541254e-02j
  -2.45379897e-03+5.21828985e-04j -5.47226253e-04+4.78487396e-03j
  -1.57884630e-03+1.12572236e-02j -9.25863494e-07-7.26983496e-03j
   1.36446199e-03+1.09305727e-03j  8.55678928e-06-8.57894759e-06j]
 [ 1.23962607e-06-2.32878391e-05j -4.59511126e-06+1.20767301e-05j
  -2.44437410e-06-3.81450829e-06j  5.20480026e-04-4.94911413e-03j
  -1.15736596e-04+1.57333828e-04j  4.64953543e-05+1.37602292e-04j
  -1.23978668e-04-1.69664035e-04j  1.50096560e-04+1.30034852e-04j
   1.28345332e-05-5.02664002e-05j -1.62227260e-03+1.03270927e-03j
  -2.01549415e-03+6.69130199e-03j  1.75360138e-03-1.14074972e-02j
   7.77839523e-04-4.79169726e-03j -1.86134665e-03-2.02724857e-03j
  -3.82204804e-04-1.16072715e-03j  1.42635897e-01-9.89652321e-01j]
 [-6.61124264e-06+1.57878641e-05j  1.94219225e-06-2.39259048e-06j
   5.21723391e-04-4.95338716e-03j -1.49813157e-06+1.13961635e-05j
  -3.26364933e-05+1.83597612e-04j  1.12279825e-04-1.60425013e-04j
   1.40226769e-04+1.42820446e-04j -2.96406110e-05+2.57046366e-04j
   1.57153796e-03-6.85296340e-04j -4.42526030e-06-9.73435691e-06j
   1.75471039e-03-1.14085799e-02j  1.13218948e-03+1.11175363e-03j
  -2.23874415e-03-1.16952574e-03j  3.62717781e-05+3.78968075e-05j
   1.42776463e-01-9.89668374e-01j -6.96647045e-04+9.17453186e-04j]
 [ 1.42075922e-05-1.12463439e-04j  5.21122775e-04-4.94955147e-03j
   2.79230395e-06-8.73209409e-07j -7.19838308e-06+2.55988599e-05j
   1.18925305e-04+8.23415668e-05j  1.13978570e-04+1.70098550e-04j
   1.07263667e-04-1.55052378e-04j -2.01531228e-04-5.84214087e-05j
  -1.98029105e-03+6.44022448e-03j  1.83934448e-03-1.15588225e-02j
   4.22650635e-05-1.84144989e-05j -1.72162134e-03+7.38274832e-04j
   3.09506072e-03-2.35029694e-02j  1.42746320e-01-9.89364863e-01j
  -2.54165411e-05-2.08402712e-05j -2.36502801e-03+1.50619009e-03j]
 [ 5.18559025e-04-4.94685533e-03j -1.07286258e-05+1.18686628e-04j
  -1.11767718e-05+2.16712975e-05j -3.25940760e-06+2.51769599e-05j
   1.22569472e-04+1.68142893e-04j  2.44840022e-05-1.24297434e-04j
  -2.88536083e-04-3.26635855e-05j -1.06046919e-04+1.56365380e-04j
   1.73901069e-03-1.13802008e-02j  1.10425317e-03+1.36166946e-03j
   1.66165875e-03-3.73478211e-04j  1.87993697e-05+3.00486130e-05j
   1.42577807e-01-9.89404098e-01j -3.67497254e-03+2.33369274e-02j
  -2.48030213e-03+5.12206684e-04j -5.33270808e-04+4.77918581e-03j]]

********* Summary *****************
Final fidelity error 0.0013848879727448304
Final penalized l2 error 1.4103807240047956e-08
Final penalized TV regularizer 0.00012961755928604592
Final objective value 0.0015145055278534402
Final norm value 1.296175592860459
Final l2 value 1.4103807240047955e-07
Final error 3.2459386144535654e-08
Terminate reason Exceed the maximum number of iteration of ADMM
Number of iterations 100
Completed in 0:06:28.924991 HH:MM:SS.US
Computational time 388.92499075
Time for each iteration [140.6039445, 6.3346067079999955, 145.43748145900003, 9.681924832999982, 148.57253395900003, 12.35161654099997, 152.57938483400005, 16.19513562399996, 155.58818566800005, 18.876977206999953, 157.94050421000006, 21.56588437299996, 160.29041762700004, 23.55707687299997, 162.97676271000003, 26.073384206999975, 164.96418454300004, 29.071521623999956, 167.48323691800005, 31.423513164999974, 169.47312879300003, 33.73699841499999, 171.46273862700002, 36.08532753999998, 174.64375483500004, 38.767139456999956, 176.96771312600006, 40.73513420699996, 179.31394025100005, 43.75336558199996, 181.99109687600006, 46.10292758199995, 184.34089496000007, 48.62060083199995, 187.52614512600005, 51.26524799899997, 190.00117233400005, 53.57605629099996, 192.99351866700005, 56.217442499999976, 194.983219917, 58.86368266600002, 197.65559954199998, 61.211468791000044, 199.61851704199998, 63.69693658300005, 201.60415741699998, 66.04434754100001, 203.588188751, 68.01022079100002, 205.53750462599996, 69.96536674900003, 208.54412200099998, 72.62140074900006, 211.51990162599995, 75.11297633200004, 213.86392183499996, 77.58984487300003, 215.846672294, 79.55789128900003, 217.82557383599996, 82.56975266400005, 220.83752854399998, 85.25241283100004, 223.18604958599994, 87.76715320600007, 225.16307283599994, 90.73480716400005, 227.63485791899998, 93.07336378900001, 229.62190816900002, 95.58916549799997, 231.96680321000005, 97.93392649799998, 234.61078146000003, 99.919806207, 236.59736483500004, 101.88768991499998, 238.54935712700004, 103.869449081, 241.05982825200002, 105.85594291499999, 243.048058918, 107.940168124, 245.39538608400002, 110.28909416600001, 248.736367542, 113.13213870799999, 251.88861854200005, 115.47869179099999, 253.87245754200003, 117.82483262499997, 256.38358333300005, 119.80834991699999, 258.368524125, 121.773894708, 260.675793709, 124.27691283299998, 262.66329095900005, 126.26169979099996]
