Final evolution
[[ 2.41647949e-04-1.56095396e-03j  8.62607762e-04+1.65648883e-02j
   2.58574278e-02+4.45907165e-02j -2.51071540e-03+3.49375314e-02j
   2.95090350e-04+1.56968841e-01j  1.59802005e-03-3.69028244e-01j
  -1.14929739e-02+4.57635412e-02j  7.20617075e-02-9.07621757e-01j
  -3.04849829e-03-4.46698442e-03j  7.04790127e-03+1.11949001e-02j
   2.67822285e-04+9.39223260e-04j  1.52532154e-02+2.85341930e-02j
  -1.52136289e-03+7.75537536e-03j  3.72961275e-03-1.84486077e-02j
  -1.23427161e-03+1.22245210e-03j  1.25774942e-02-4.45899347e-02j]
 [ 3.09287665e-04-8.94856135e-03j -2.21826391e-03+2.36067048e-02j
  -6.82268971e-03+1.00876133e-02j -6.71606097e-03+5.02162777e-02j
   6.98991012e-03-3.90542597e-02j -2.18772622e-03-5.01320062e-02j
   6.67399115e-02-9.91545720e-01j -5.13079319e-03-3.46576405e-02j
   6.69360390e-04+7.93107402e-04j  7.02525459e-04+2.50264077e-03j
   1.70714851e-02+2.95161982e-02j  2.84157319e-06+3.27773957e-03j
   6.71591328e-04-1.70069017e-03j  5.38669061e-04-2.89142036e-03j
   1.30771501e-02-4.83178028e-02j  4.55833778e-04-2.60635241e-03j]
 [-1.65702353e-03+2.28760933e-02j -2.37116218e-02-3.69830521e-02j
   8.07096293e-04+2.55339033e-04j  9.53826081e-03+2.21148447e-02j
   7.68615722e-02-9.47649656e-01j  2.29762324e-02-2.89848620e-01j
  -2.28986586e-03+5.37719080e-02j  8.76699367e-03-4.24052118e-02j
   1.60605888e-02+2.91643893e-02j  4.21162045e-03+6.51913507e-03j
  -9.49432814e-04-1.53111486e-03j  8.37825963e-04+2.54082631e-03j
   1.31247338e-02-4.63102698e-02j  4.16491831e-03-1.32867629e-02j
  -6.47278946e-04+2.61654664e-03j  7.90137517e-04-2.43840630e-03j]
 [-8.39436187e-03+6.22980052e-02j  9.96458131e-04-1.65743253e-02j
  -1.35397488e-03-4.65011358e-03j -3.30613744e-03+1.69659125e-02j
   1.94412288e-02-2.47804858e-01j -6.64476631e-02+8.74845376e-01j
   3.44815397e-03-2.05905754e-02j  6.02103957e-02-3.94986325e-01j
   3.27946477e-03+1.03087784e-02j -1.50233737e-02-2.66173669e-02j
   2.84179591e-04+4.02115304e-04j  5.70375694e-03+1.30468136e-02j
   3.82977314e-03-1.30531002e-02j -1.18629098e-02+4.27158523e-02j
   3.68946278e-04-8.95155962e-04j  6.94182554e-03-1.91447970e-02j]
 [-8.23475268e-04+1.55945368e-01j -1.25999969e-03-3.69233565e-01j
  -3.19162805e-02+4.63845024e-02j  6.75815442e-02-9.07887965e-01j
   2.14211670e-03+2.03100839e-03j -6.71408368e-05-1.80218360e-02j
  -4.38958074e-04-5.37720288e-02j  1.65491184e-03-3.79170489e-02j
  -1.65344498e-03+7.65708633e-03j  3.87609906e-03-1.76875372e-02j
  -9.57177342e-04+3.47854193e-03j  1.28358089e-02-4.29463813e-02j
   9.01619758e-04-2.60221432e-03j -1.70413651e-03+5.57550322e-03j
   1.29655037e-03-3.29940057e-03j -5.39890466e-03+1.36782695e-02j]
 [ 1.07350313e-02-3.84412132e-02j -1.03646838e-02-5.19340822e-02j
   7.39429615e-02-9.91121608e-01j -2.31232956e-02-3.78385931e-02j
  -4.98897860e-03+6.94800318e-03j  1.16499987e-02-1.91495622e-02j
  -7.31359841e-03-1.39484850e-02j  2.75765911e-02-3.82640084e-02j
   9.05936583e-04-2.08012328e-03j  4.17744854e-05-1.89294802e-03j
   1.37402091e-02-4.78285349e-02j -7.92751256e-04-4.69966090e-04j
  -6.98325709e-04+9.10641042e-04j  6.73780844e-04+1.31618420e-04j
  -6.61176534e-03+1.61943372e-02j  1.93889327e-03-8.36068021e-04j]
 [ 7.78159340e-02-9.47250635e-01j  4.26648135e-02-2.89752341e-01j
  -3.00390378e-03+5.36752957e-02j -3.21834058e-04-4.20570511e-02j
  -4.77494693e-03-2.86519744e-02j -2.28234820e-03+4.39622644e-02j
   4.32385061e-04-1.95227962e-04j  1.43384989e-03-2.53978617e-02j
   1.37211946e-02-4.51675421e-02j  4.12145439e-03-1.51210027e-02j
  -6.77209418e-04+2.62755738e-03j  8.48384964e-04-1.33437421e-03j
  -6.18639783e-03+1.47085345e-02j -2.77435063e-03+6.99023226e-03j
   3.51543711e-04-9.28823719e-04j  1.06514280e-04-4.99558032e-04j]
 [-8.96433088e-04-2.51696686e-01j -6.87389563e-02+8.74345233e-01j
   5.60251741e-03-2.12909464e-02j  5.77705871e-02-3.95715567e-01j
   3.05905228e-02-5.02638021e-02j  7.40909223e-03+2.24000492e-02j
  -1.10268653e-03+4.10667966e-03j  3.61280843e-03-1.72234357e-02j
   2.52317734e-03-1.04005582e-02j -1.25169196e-02+4.18967990e-02j
   4.33568212e-04-1.12741466e-03j  6.92126625e-03-1.83675083e-02j
   7.16085668e-04+2.22816524e-03j  5.84339049e-03-1.37626205e-02j
  -3.01517250e-04+5.34898740e-04j -2.69909479e-03+5.81026517e-03j]
 [-1.50569495e-03-7.71231979e-03j  3.34290919e-03+1.79340010e-02j
  -5.25630991e-04-3.01519115e-03j  4.97025042e-03+4.48328756e-02j
  -3.07430273e-03+4.33339670e-03j  7.47996490e-03-9.52165820e-03j
   4.57300342e-04+3.01730635e-03j  2.00293884e-02-2.23242891e-02j
  -3.19594642e-04+1.56977992e-01j  3.03340295e-03-3.69129554e-01j
  -1.18466792e-02+4.54099779e-02j  7.56211355e-02-9.07564945e-01j
  -2.68966182e-04+1.14104236e-03j -6.23635019e-04-1.55920238e-02j
  -2.51667328e-02-4.50940423e-02j  2.82181666e-03-3.24791681e-02j]
 [ 6.53398617e-05+2.14792509e-03j  5.10352501e-04+2.03386823e-03j
   6.22649805e-03+4.93276717e-02j  4.59597902e-04+7.55924726e-04j
   8.96446485e-04-1.40210499e-03j  1.02803768e-03-2.68977288e-04j
   2.10887240e-02-2.59680428e-02j  6.63284547e-04+1.45769471e-03j
   7.13906938e-03-3.89648763e-02j -1.97516336e-03-5.03015177e-02j
   7.06549929e-02-9.91337643e-01j -4.94646319e-03-3.50220657e-02j
  -4.65271267e-04+9.04694383e-03j  2.57858566e-03-2.34370239e-02j
   6.76780432e-03-7.34363565e-03j  7.46778944e-03-5.00233366e-02j]
 [ 5.15952170e-03+4.70625842e-02j  2.21753893e-03+1.50291783e-02j
  -4.14371470e-04-2.67434759e-03j -2.99051828e-04+1.84012468e-03j
   2.08823124e-02-2.39556696e-02j  4.83165354e-03-9.28948064e-03j
  -1.07754667e-03+1.47001671e-03j  1.74853836e-03-1.72875925e-05j
   8.05721606e-02-9.47491857e-01j  2.42669454e-02-2.89499663e-01j
  -2.50556768e-03+5.37605600e-02j  8.86827169e-03-4.25225882e-02j
   1.76514342e-03-2.03250269e-02j  2.30616605e-02+3.81011789e-02j
  -7.96408867e-04-4.10598309e-04j -9.22620718e-03-2.21432468e-02j]
 [ 1.24407512e-03+1.12973762e-02j -4.99651564e-03-4.34880336e-02j
   7.36084021e-05+1.11973655e-03j  7.69975080e-04+1.97443816e-02j
   5.56169726e-03-3.43422830e-03j -1.91360098e-02+2.24321317e-02j
   3.92341409e-04-7.26829410e-04j  9.43362469e-03-9.04248363e-03j
   2.04697851e-02-2.48151469e-01j -6.98699299e-02+8.74684683e-01j
   3.53714997e-03-2.05449592e-02j  6.17747624e-02-3.94861067e-01j
   9.29435444e-03-6.15074565e-02j -1.04995283e-03+1.42269632e-02j
   1.26546988e-03+4.72578242e-03j  3.39027295e-03-1.58636161e-02j]
 [-8.61387936e-04-2.76978521e-03j  1.97331504e-03+7.24206971e-03j
   8.59893652e-04+1.69526476e-03j  3.48363890e-03+1.78486935e-02j
   1.39930046e-03+7.77524831e-03j -3.06765090e-03-1.86572200e-02j
  -1.00722305e-04+1.04859402e-03j -4.13990418e-03-4.63048267e-02j
   2.15690574e-03+9.67154700e-04j -1.42969405e-05-1.54889618e-02j
   1.13281644e-05-5.40929616e-02j  1.28170832e-03-3.16851201e-02j
   3.17525858e-03-1.55919172e-01j -4.32314489e-03+3.69254958e-01j
   3.26126860e-02-4.57533014e-02j -8.13067490e-02+9.06854433e-01j]
 [ 1.79936615e-04+3.23568855e-04j  3.62792915e-05+1.90012560e-03j
   3.98852534e-03+1.80457642e-02j -4.16065124e-04+2.69004136e-03j
  -9.76549428e-05-1.89174000e-03j -2.78980789e-04-2.76957780e-03j
  -5.30554180e-03-4.99605505e-02j  4.67731368e-05-2.19046061e-03j
  -5.09109331e-03+7.19102446e-03j  1.17931248e-02-1.87463060e-02j
  -7.82768150e-03-7.18094362e-03j  2.79010135e-02-3.78872245e-02j
  -1.13019027e-02+3.82556055e-02j  9.54671054e-03+5.21351384e-02j
  -8.89011113e-02+9.89917917e-01j  2.24734767e-02+3.82841757e-02j]
 [ 3.72491504e-03+1.80584836e-02j  3.51765213e-04+3.00609298e-03j
  -2.25901714e-04-9.25377508e-04j  3.79263549e-04+1.98908586e-03j
  -4.35490338e-03-4.82018947e-02j -1.45955634e-03-1.34574187e-02j
   3.56413546e-04+2.67030612e-03j  1.40307770e-04-2.75036491e-03j
  -5.25014451e-03-2.21756355e-02j -2.74641113e-03+4.59455183e-02j
   4.57944388e-04-5.61931186e-04j  1.53148514e-03-2.51036096e-02j
  -9.21155450e-02+9.46032914e-01j -4.70337469e-02+2.88953733e-01j
   3.81339291e-03-5.36226181e-02j -3.18635882e-04+4.21243251e-02j]
 [ 1.97583854e-04+7.10120402e-03j -3.60126666e-03-1.64255798e-02j
   2.08648654e-05+1.80746061e-04j  8.94622502e-04+7.97791992e-03j
  -4.91670153e-04-1.31786112e-02j  4.33741243e-03+4.44062317e-02j
  -2.74049171e-05-1.00664651e-03j -3.16584272e-04-2.04030568e-02j
   3.07587870e-02-4.84127872e-02j  7.85283558e-03+1.64345161e-02j
  -1.15023739e-03+4.24696817e-03j  3.25922644e-03-1.44969789e-02j
  -2.99189837e-03+2.51812328e-01j  8.19303166e-02-8.73258625e-01j
  -5.92096221e-03+2.11924755e-02j -6.37565366e-02+3.94838901e-01j]]

********* Summary *****************
Final fidelity error 0.08814019208606194
Final penalized l2 error 0.00031256520908577625
Final penalized TV regularizer 0.05370270905299242
Final objective value 0.14184289813032797
Final norm value 5.3702709052992414
Final l2 value 0.0031256520908577623
Final error 2.4227907813447545e-08
Terminate reason Exceed the maximum number of iteration of ADMM
Number of iterations 100
Completed in 0:09:23.517177 HH:MM:SS.US
Computational time 563.517177417
Time for each iteration [41.49214775, 19.483271875, 56.474295125, 32.328259875, 68.200210709, 41.689455249999995, 77.323072209, 49.583809833000004, 85.30652250099999, 57.427862249000015, 92.71387396, 64.38065316500001, 99.35053879399999, 71.79384583100003, 105.53952929399998, 78.58578016500002, 111.56659925199997, 85.22408541500002, 117.76578383499998, 92.00840474900002, 124.392091293, 98.323479499, 131.16530496000001, 104.335859457, 137.319280835, 111.05115787400001, 143.310147543, 117.32862566599997, 150.041261543, 123.29533408199998, 155.40930471, 128.80807566499996, 161.354241335, 134.15153166499996, 166.699042127, 138.90316174799997, 172.64389746100002, 143.03671008099994, 177.40267116900006, 148.8074364149999, 181.52415050200008, 154.2985032899999, 186.24267162700008, 159.16041612299992, 191.67047154400004, 163.70431187299997, 195.777471044, 169.01050866499995, 199.89080446000006, 174.4785722899999, 203.55145704400005, 178.5914337899999, 208.26020079400004, 183.58724887299994, 211.76875141900004, 187.56340662299996, 216.03194604400002, 191.68776237299997, 220.137674461, 195.78279533099996, 224.23721558600002, 199.28329616399995, 228.77100079500005, 203.21702045499993, 232.70438662900003, 207.14999920499994, 236.64589296200003, 211.09364553799995, 240.58999429600001, 214.59525212099996, 244.24973150400004, 218.25398562099994, 248.06960633800006, 222.06439407899992, 251.72967538000003, 226.03035999499994, 255.24369950500002, 229.98088832899995, 258.754367213, 233.35243866199994, 262.778609505, 236.87465161999995, 266.138916922, 240.69487695299995, 269.657496464, 244.35454728599996, 273.155931464, 248.122665245, 276.616099589, 252.160611078, 280.07877075600004, 255.77007370299998, 283.54398725600004, 259.256285328, 287.338370672, 262.16493461999994, 290.688593672, 265.666678995, 294.34695133900004, 269.1702260779999]
