Final evolution
[[ 2.86440491e-01+1.04863241e-02j  1.55455147e-01-7.03161166e-02j
   1.52661935e-02-1.67844413e-02j  2.36643482e-01-5.88945198e-02j
  -3.57081492e-02-1.76999458e-02j -2.70444011e-02-7.12719087e-03j
   1.66811902e-02-1.38923337e-02j -3.27042024e-02-2.06590924e-03j
  -6.02180030e-03+1.22152006e-02j -1.22728570e-02+1.86429227e-02j
  -3.67481520e-03+1.60967400e-02j -4.40175846e-03+2.19412133e-03j
  -6.26910271e-01-3.26364073e-02j -3.45973028e-01+1.49027098e-01j
  -2.40127298e-02+3.33084606e-02j -5.21608957e-01+1.18750332e-01j]
 [-2.26033359e-02+1.45389495e-02j  3.47313399e-02-1.65542006e-03j
  -2.54356301e-01+3.20206582e-01j  3.10293866e-02-4.46457755e-02j
   1.48331839e-02-2.36705165e-02j  5.01227143e-04-1.03957302e-02j
   9.39658251e-03-4.86928191e-02j  2.09104700e-02-8.16366672e-03j
   3.42879277e-04+2.77234962e-03j -1.22363633e-03-2.31989862e-03j
   6.08547395e-03-3.90698290e-03j -1.36589707e-02-2.47433165e-02j
   5.57670121e-02-4.03643628e-02j -7.53838240e-02-3.93148531e-03j
   5.53889377e-01-7.02791097e-01j -6.62032423e-02+8.73876185e-02j]
 [-1.89107982e-01-1.31319488e-01j  3.22943571e-01+1.03195277e-01j
   4.49740775e-02-1.38122325e-02j  4.06314157e-02-2.56017093e-02j
   1.96656458e-02+1.88422175e-03j -2.97755466e-02-2.89894730e-02j
  -8.50371890e-03-5.50739313e-04j -1.34127774e-02+2.22189322e-02j
  -1.23425547e-02+1.92842217e-02j  7.23311594e-03-9.92425819e-03j
  -5.40556800e-04+4.68317979e-03j -1.17278973e-03+2.87150910e-03j
   4.08298111e-01+2.90612767e-01j -6.99725455e-01-2.44212228e-01j
  -9.88524175e-02+3.09269640e-02j -9.32235424e-02+6.42187539e-02j]
 [ 3.48107715e-03+1.90625788e-01j  6.28754900e-03+1.60757014e-01j
   2.36095554e-03-4.68528645e-02j -5.26718799e-02-3.23920040e-01j
  -2.29947656e-02-1.71953428e-02j  2.29739329e-02-3.33705941e-02j
  -7.16690922e-03+7.24484847e-03j  1.93503195e-02+2.92914567e-02j
  -1.13329818e-02-8.39778001e-03j -1.38072615e-02-8.34575350e-03j
   2.28735560e-02+6.63469113e-03j  5.26085628e-03+7.56803056e-03j
  -1.84687277e-02-4.16246828e-01j -5.18864871e-03-3.56503630e-01j
  -2.01644197e-03+1.00046404e-01j  1.16919541e-01+7.06078407e-01j]
 [-2.49855404e-02-1.34486825e-01j -6.36790501e-02-7.62612871e-02j
  -2.82124501e-02-1.97699910e-02j -4.24005151e-02-1.05254878e-01j
  -3.64163574e-02-6.73815360e-01j -2.02025802e-01-3.52391830e-01j
  -4.09581347e-02-1.88792497e-02j -1.85998011e-01-5.45703546e-01j
   2.39837443e-04-4.00549129e-03j -1.49019644e-03-2.85620396e-03j
  -1.30215236e-03-1.55648913e-04j  4.78753519e-04-2.79281994e-03j
   9.90846346e-03-2.39773175e-02j -8.08256163e-04-1.84669195e-02j
   6.31502659e-04+2.91641901e-02j  1.56723954e-03-2.61014900e-02j]
 [ 2.90876527e-03+3.76617598e-03j -1.51106917e-03-1.92258327e-02j
   1.53365874e-01+1.11580957e-01j  1.52879860e-03-3.49054207e-02j
   4.87659638e-02+5.57484107e-02j -4.39077617e-03-8.14356284e-02j
   8.16188161e-01+5.16711756e-01j -1.00337578e-01-6.68604621e-02j
   9.30670501e-04-8.73568855e-05j  6.43310115e-04-5.73738735e-04j
   4.27668559e-03+3.86123040e-03j  3.25123363e-04-1.56349232e-03j
   1.37114170e-02+1.35021670e-02j  5.71833084e-03+2.17599527e-03j
   4.44913408e-02+6.45045567e-03j  4.50313217e-03+9.88357118e-03j]
 [-7.47481389e-02+7.61865238e-02j  3.65052702e-02-1.46574362e-01j
  -1.24229763e-02-1.76582802e-02j -1.10557679e-02-1.16523424e-02j
  -2.70693632e-01+4.71943955e-01j  1.87040479e-01-7.77120228e-01j
  -4.44552746e-02-1.02267300e-01j -7.99515377e-02-9.28219624e-02j
  -2.29913455e-03+1.19962309e-03j  2.82521920e-03-3.44075466e-03j
  -6.09786427e-04-1.18229828e-04j -1.25642783e-03-7.94351775e-04j
  -7.94750212e-03+2.22049331e-02j  2.95307059e-02-1.74890489e-02j
  -1.29504375e-04-7.09354221e-03j -2.35174144e-02-1.87520040e-02j]
 [ 9.22624902e-02-1.45895666e-02j  7.79656995e-02-2.83900605e-02j
  -2.64141878e-02+2.46466715e-02j -1.51573183e-01+3.64509566e-02j
   4.43627847e-01-6.82483831e-02j  3.80498316e-01-4.80523852e-02j
  -1.04867809e-01+1.28473079e-02j -7.44514784e-01+2.05359713e-01j
   3.16194451e-03-2.45770971e-04j  1.76122621e-03+9.21487890e-05j
  -3.56173871e-04+6.57942993e-04j -4.45602945e-03+8.84077236e-05j
   1.76256079e-02-2.39326133e-02j  1.90661447e-02+1.29354801e-02j
  -2.38963611e-03+2.24092697e-03j -2.53096425e-02+2.22258565e-02j]
 [ 1.27820863e-02+2.54729915e-02j  1.32338456e-02+1.41469078e-02j
  -2.17578490e-02-4.16278808e-03j  1.96236396e-02+2.02628551e-02j
   6.69775846e-04-4.21986279e-03j -3.41272211e-04-3.38548923e-03j
   5.05001220e-03+3.44667893e-04j -1.00317952e-03-2.72475297e-03j
  -4.89855602e-01-4.86148388e-01j -3.91891002e-01-1.31353177e-01j
  -4.55670548e-02+8.41510196e-03j -5.14474228e-01-2.84495958e-01j
   1.11515977e-02+2.98826823e-02j  2.47886358e-03+2.82741896e-02j
  -1.06396311e-02+1.57400439e-02j  1.42592364e-02+1.32351837e-02j]
 [-2.34176336e-02+1.61182186e-05j -6.39226350e-03+7.66535464e-03j
  -3.28780393e-02+2.82274178e-02j -1.32360587e-02+2.67257424e-03j
   5.08024051e-03-5.27554063e-04j  2.09854924e-03-6.92727805e-04j
   2.58928775e-03-3.57142681e-03j  4.69309413e-03-2.60106379e-04j
   7.34191997e-02+8.54786011e-03j -5.99057040e-02-5.75420719e-02j
   9.69545281e-01-1.66725983e-01j -1.19768632e-01+2.44132128e-02j
  -1.26286651e-02+3.89519413e-03j -3.28186877e-03+1.74774889e-03j
  -2.20225593e-02+1.69249018e-02j -2.26684856e-02-2.50246461e-02j]
 [-8.52007661e-03-1.85215527e-02j -1.72736160e-03+3.85127615e-02j
   7.98994578e-03+2.20930465e-03j  1.82873774e-02-5.21320076e-03j
   1.53258069e-03+9.58301704e-04j  3.00379809e-03-4.69067753e-03j
  -1.19510444e-03-9.78634261e-04j -3.73532350e-03+1.18414149e-03j
   1.21761911e-01+5.37741996e-01j -3.96251329e-01-7.12432033e-01j
  -1.03484629e-01-4.73428689e-02j -1.21465841e-01-1.66886424e-02j
  -1.98380016e-02+7.27048787e-03j  1.59697545e-02+1.39623996e-02j
   4.92397398e-03+5.68139619e-03j  1.06141209e-02+6.34228057e-04j]
 [ 1.22827088e-02+2.69975899e-02j -2.51093478e-02+1.37604266e-02j
  -3.25267617e-03-3.20403439e-03j -2.62624845e-03-3.23465771e-02j
  -2.91647136e-03-3.01793033e-03j  5.49162369e-03-1.39041401e-03j
  -1.60853580e-04+4.94602959e-04j  1.56331480e-03+3.00461778e-03j
   2.92622441e-01-3.52483556e-01j  2.55951925e-01-2.95754979e-01j
  -7.61217319e-02+8.00001181e-02j -4.23896693e-01+6.63538255e-01j
  -9.43020196e-03+1.18941340e-02j -2.93298992e-02+3.87665329e-03j
   2.47942100e-02+1.80976598e-03j  7.23178196e-03-1.91844432e-02j]
 [-3.87041895e-01+4.75771704e-01j -8.25271272e-02+3.55180980e-01j
   1.03732322e-02+3.50081315e-02j -2.05308922e-01+4.80591474e-01j
   9.51712438e-02-1.06432301e-01j  3.70398570e-02-7.27012011e-02j
   1.48931360e-02-8.28976715e-03j  4.59223955e-02-1.05553133e-01j
  -1.03814818e-02+3.70075963e-02j  1.05445368e-02+3.05941287e-02j
  -1.02404655e-02+3.61377988e-02j  1.04612221e-03+2.69901434e-02j
  -1.81381585e-01+2.21143649e-01j -3.83071721e-02+1.67270600e-01j
   6.34641674e-03+1.68747829e-02j -9.70080878e-02+2.24026011e-01j]
 [-5.75027098e-05-6.76967473e-02j -4.56217890e-02+5.77838786e-02j
  -2.39328630e-01-8.41576162e-01j  3.76536035e-02+1.03326578e-01j
   8.03587542e-04+1.51441505e-02j  8.20235210e-03-1.17078145e-02j
   5.46029908e-02+1.80825997e-01j -2.82095693e-02-4.26158059e-03j
  -4.56306686e-03+1.57131531e-02j -1.89608957e-03+1.10849289e-02j
   1.29485065e-02-4.72396052e-02j -1.34820065e-02+2.01745277e-02j
   1.45328648e-03-3.17103963e-02j -2.13602642e-02+2.66077643e-02j
  -1.07926736e-01-3.94666107e-01j  1.28395578e-02+4.81427590e-02j]
 [ 4.62786127e-01-1.61727568e-01j -5.94552739e-01+4.16870159e-01j
  -3.28498063e-02+9.55845331e-02j -3.08636628e-03+1.10390009e-01j
  -8.08275224e-02+4.62226343e-02j  1.18548841e-01-1.01735945e-01j
   9.80348571e-03-2.29513192e-02j  4.70083746e-03-2.35291487e-02j
   2.70702525e-02+1.00598291e-02j -2.29202671e-02+3.89173150e-02j
   9.28895847e-04+1.08684713e-03j -1.01014151e-03-1.68660277e-02j
   2.19023050e-01-7.15820154e-02j -2.79862944e-01+1.90133228e-01j
  -1.57227932e-02+4.54147610e-02j -2.07507901e-03+5.16898922e-02j]
 [-3.38030231e-01-2.25658746e-01j -2.82554557e-01-2.01583342e-01j
   7.41783698e-02+6.22440803e-02j  6.25563331e-01+3.12698349e-01j
   7.20908449e-02+5.96684938e-02j  6.08079971e-02+5.53594304e-02j
  -1.63886871e-02-3.46179591e-02j -1.35870460e-01-7.03529169e-02j
  -4.94575000e-03-2.86196791e-02j -2.32695948e-02+2.41789165e-03j
   1.10905356e-02+2.63837283e-03j  2.45407440e-02+3.57438226e-02j
  -1.58213643e-01-1.05468244e-01j -1.33749035e-01-9.38719383e-02j
   3.71428270e-02+2.64507320e-02j  2.92029998e-01+1.47783530e-01j]]

********* Summary *****************
Final fidelity error 0.3777909448450729
Final penalized l2 error 0.00023578043075798123
Final penalized TV regularizer 0.0011777475288101556
Final objective value 0.37896869056374183
Final norm value 11.777475288101556
Final l2 value 0.002357804307579812
Final error 1.7479285131296947e-07
Terminate reason Exceed the maximum number of iteration of ADMM
Number of iterations 100
Completed in 0:07:05.895661 HH:MM:SS.US
Computational time 425.895661417
Time for each iteration [29.430471167, 14.302402625, 40.254086667, 24.196325374999994, 49.508256417000005, 31.530454749999997, 56.30511779200001, 37.782150083, 63.251508042000005, 44.13426816599999, 68.558426126, 50.045143791, 74.687463209, 55.73524291599999, 80.77834462600002, 61.705745790999984, 86.73551466700003, 68.29775912499996, 92.81431300000004, 73.79735412499996, 97.79016029200004, 77.89632216599996, 101.56512695900004, 81.88207229099997, 105.00700204200002, 85.54448766599997, 108.77889637600005, 89.42184404099994, 112.65200187600006, 93.18369004099993, 116.52561741700008, 96.61911595799994, 120.28290679200008, 100.26082945799992, 123.71028100000008, 104.12719566699992, 126.92320508300007, 107.77113170899993, 130.25956399900008, 111.08733754299993, 133.63753458200006, 114.07091629299995, 136.95922004000005, 117.17068345999994, 139.94616512300004, 120.15908450199996, 143.04413024800002, 122.81832900199996, 146.25164379000003, 126.13221962699996, 149.56050933100002, 129.33759875199993, 152.54749999800006, 132.2129609599999, 155.2057803320001, 135.55449833499986, 158.09181791500012, 138.98768070999986, 161.07558274800013, 141.75030204399982, 164.39073258100015, 144.5147605019998, 167.48024791500015, 147.28707645999984, 170.69571229000016, 150.2734677519998, 173.5672045810002, 153.15886146099976, 176.4501102470002, 156.04122983599976, 179.32870058100022, 159.25151204399978, 182.3183532480002, 162.45990112699977, 185.0816374560002, 165.69706741899975, 187.97812303900022, 168.57768904399975, 190.85859691400023, 171.67615958599973, 193.84828916400025, 174.55407000299974, 196.7408084140002, 177.44412762799973, 199.62796070500022, 180.65367454499975, 202.50944312200025, 183.7528554609997, 205.82745378900026, 186.8458495029997, 208.81167916400025, 190.1554638359997, 212.23487133100028, 193.46144596099967, 215.7890384970003, 196.65695812799967, 218.98157603900032, 200.18958062799967, 222.50835495500027, 203.3873064619997]
