Final evolution
[[ 1.09777242e-03-3.50266063e-03j  1.33312555e-03-5.44688104e-04j
  -1.00963754e-03-3.51334227e-03j  2.97569881e-01-9.54604838e-01j
  -1.36365694e-05+4.28010531e-05j -1.74265934e-05+5.44464572e-06j
   1.14439078e-05-2.11122872e-04j -3.77074100e-03+1.17255169e-02j
   2.70295108e-06+3.38857068e-06j  2.46116240e-04+2.38051939e-04j
  -1.46951189e-05-3.50661277e-05j -1.43225381e-04+7.05570203e-04j
  -5.60779270e-07+2.46649357e-06j -3.88710674e-06-2.52462018e-06j
   1.04128182e-06+3.00149488e-06j -1.62173470e-04+6.64299365e-04j]
 [-2.65116707e-04-3.98977032e-03j  3.58080004e-04-1.43002239e-04j
   2.97831568e-01-9.54522735e-01j -2.82505069e-03+2.32632754e-03j
   9.11252326e-07+4.95837952e-05j -4.77451987e-06+7.80070006e-07j
  -3.77395612e-03+1.17260537e-02j  3.82452183e-05-2.84902479e-04j
   2.48096053e-04+2.42102517e-04j -5.80721869e-07-4.30480644e-06j
  -1.45394581e-04+7.05410765e-04j  1.74390217e-04+4.57776579e-04j
  -2.65623116e-06-2.64896446e-07j -1.56552228e-07+2.09634322e-07j
  -1.62248793e-04+6.64361888e-04j -2.35283887e-07-7.19987060e-06j]
 [ 6.50062865e-03-1.56679396e-02j  2.97718359e-01-9.54421875e-01j
   1.71293030e-04+3.72558516e-04j  7.63356894e-04+1.26175722e-03j
  -8.22458627e-05-6.21520391e-05j -3.77159084e-03+1.17197933e-02j
  -1.80754849e-06-4.38267825e-06j -1.18666632e-05-1.57365513e-05j
   9.74913870e-06+4.69578109e-05j -1.32301352e-04+6.97104880e-04j
   2.89159219e-07+5.68174384e-06j -4.73474959e-06-1.23559938e-04j
  -3.91067969e-06+1.07162908e-05j -1.62407979e-04+6.64299868e-04j
  -1.47978298e-07-3.49589687e-07j -5.19500744e-07+6.87581863e-07j]
 [ 2.97660811e-01-9.54425381e-01j -3.56406580e-03+1.65815926e-02j
  -2.48686746e-03+3.13870332e-03j -1.08847222e-03+3.48150451e-03j
  -3.77097169e-03+1.17284488e-02j  5.15958885e-05-4.57265516e-04j
   3.05613975e-05-3.76441493e-05j  1.34816579e-05-4.18236022e-05j
  -1.28968703e-04+7.01212427e-04j -1.74816313e-04-4.74321031e-04j
  -2.14408939e-06-1.25004422e-04j -6.65511622e-06-4.72616740e-06j
  -1.62492483e-04+6.64136708e-04j  3.84988998e-06-5.58289958e-06j
   1.60956591e-06-7.36436109e-07j  6.72434957e-07-2.42598272e-06j]
 [ 1.27907899e-05-4.32098789e-05j  1.35566402e-05-7.30568616e-06j
  -1.55794533e-04+1.69914146e-04j  3.56071964e-03-1.17904260e-02j
   1.09756178e-03-3.50274588e-03j  1.33332277e-03-5.44697423e-04j
  -1.02671295e-03-3.51857946e-03j  2.97514030e-01-9.54621884e-01j
   3.92193109e-06-4.48979384e-07j  4.28900491e-06+3.92173047e-06j
   2.88215936e-06-3.01204205e-06j  1.06904116e-03-1.05530436e-04j
   2.71491628e-06+3.22561348e-06j  2.46181985e-04+2.38005532e-04j
  -1.19418522e-05-3.36676937e-05j -1.41423508e-04+6.61205907e-04j]
 [-4.21302572e-06-4.90474629e-05j  4.14597355e-06-7.95525994e-07j
   3.56483842e-03-1.17907439e-02j -1.79850737e-04+2.38258396e-04j
  -2.65068685e-04-3.98969517e-03j  3.58003513e-04-1.43017025e-04j
   2.97775825e-01-9.54539765e-01j -2.84181037e-03+2.32124193e-03j
   7.03412773e-06+9.19245186e-07j  2.44351675e-07+1.62306329e-07j
   1.06903734e-03-1.05371994e-04j -1.28544285e-06+3.74071547e-06j
   2.48050709e-04+2.41917826e-04j -5.50201477e-07-4.31795345e-06j
  -1.43589054e-04+6.61034262e-04j  1.77133774e-04+4.59420582e-04j]
 [-6.15144220e-05+1.77881970e-05j  3.55980948e-03-1.17858452e-02j
   2.03456834e-06+4.17541117e-06j  8.83172781e-06+1.51875585e-05j
   6.48280254e-03-1.56736013e-02j  2.97662303e-01-9.54439062e-01j
   1.71345695e-04+3.72538201e-04j  7.63739066e-04+1.26180206e-03j
   1.83981885e-05+2.16120304e-07j  1.06905981e-03-1.05430555e-04j
  -2.96374249e-07+4.28299410e-07j -8.71253185e-07-2.85745086e-07j
   1.26867328e-05+4.77480813e-05j -1.30456910e-04+6.52776572e-04j
   2.94233000e-07+5.69724998e-06j -4.69546677e-06-1.23508223e-04j]
 [ 3.56392655e-03-1.17930017e-02j -1.87354445e-04+4.13350501e-04j
  -3.09317025e-05+3.68669724e-05j -1.21780754e-05+4.24265181e-05j
   2.97605327e-01-9.54442388e-01j -3.58001308e-03+1.65765552e-02j
  -2.48633969e-03+3.13897370e-03j -1.08821414e-03+3.48161101e-03j
   1.06908738e-03-1.05300527e-04j -2.01028568e-05-2.33296147e-06j
  -4.08344360e-06-2.70977380e-06j -3.99864062e-06+3.87576368e-07j
  -1.27230561e-04+6.56836157e-04j -1.71996628e-04-4.72039229e-04j
  -2.24848343e-06-1.24851655e-04j -6.67260188e-06-4.57370922e-06j]
 [-7.00148705e-06-4.43988603e-06j -7.17342407e-05+9.83184722e-05j
   4.03957244e-04-2.83234053e-04j  2.88654041e-04-6.45125530e-04j
   3.06866627e-06+2.66596554e-06j  9.60949339e-07+4.26054638e-07j
  -1.12052981e-06+3.65958599e-06j  8.12881947e-04+7.09813396e-04j
   1.09799252e-03-3.50238048e-03j  1.29120704e-03-5.59649322e-04j
  -1.01175656e-03-3.51224587e-03j  2.97657582e-01-9.54577092e-01j
  -1.36141030e-05+4.28016165e-05j -1.42555215e-05+5.41852956e-06j
   1.14014719e-05-2.10878068e-04j -3.76807156e-03+1.17286035e-02j]
 [-7.27728623e-05+9.58680029e-05j  5.52521817e-06-6.77893343e-06j
   2.88366313e-04-6.47186154e-04j -3.61497189e-05+2.26753946e-05j
   5.06395313e-06+3.47827602e-07j -9.20903615e-08+5.25393501e-07j
   8.12609407e-04+7.10171164e-04j -6.50378531e-07-4.35033510e-06j
  -3.06718912e-04-4.00489934e-03j  3.58192929e-04-1.42667201e-04j
   2.97919202e-01-9.54495111e-01j -2.82642169e-03+2.32377877e-03j
   4.10567184e-06+4.95713088e-05j -4.79531786e-06+7.47788428e-07j
  -3.77128740e-03+1.17291356e-02j  4.04863126e-05-2.81809098e-04j]
 [-4.00346655e-04+2.69285917e-04j  3.01916396e-04-6.37695113e-04j
   5.86379085e-06+2.70120491e-06j  3.40151058e-04-5.51049542e-05j
   1.76537147e-05+9.55546368e-06j  8.12320185e-04+7.09979750e-04j
  -4.33253055e-07-6.09185139e-08j -5.67698865e-06+9.46759141e-07j
   6.50443971e-03-1.56685599e-02j  2.97805731e-01-9.54394066e-01j
   1.70584372e-04+3.72248629e-04j  7.20147757e-04+1.25036730e-03j
  -8.20908606e-05-6.23306778e-05j -3.76889540e-03+1.17227511e-02j
  -1.74358175e-06-4.33529111e-06j -8.36519846e-06-1.51168694e-05j]
 [ 3.08212791e-04-6.40300250e-04j  2.68632992e-05-1.10739803e-05j
   3.36159415e-04-5.30700382e-05j -4.62998469e-06+4.47846926e-06j
   8.12353816e-04+7.09859995e-04j -1.52205430e-05-1.07669963e-05j
  -6.09497042e-06-3.09072930e-06j -2.84182147e-06-2.65675613e-06j
   2.97748228e-01-9.54397692e-01j -3.56420410e-03+1.65836116e-02j
  -2.53024214e-03+3.12701201e-03j -1.08814617e-03+3.48169896e-03j
  -3.76825384e-03+1.17314532e-02j  4.93358587e-05-4.60413652e-04j
   3.40661339e-05-3.70410760e-05j  1.33497459e-05-4.18411654e-05j]
 [ 8.48513727e-07-2.44491222e-06j  5.95335775e-08+8.97064041e-07j
   4.32093913e-06-5.88094772e-06j  2.50546025e-04-6.54441713e-04j
  -7.08497820e-06-4.29674792e-06j -7.17788801e-05+9.83311016e-05j
   4.07098097e-04-2.82756724e-04j  2.64842445e-04-6.07646426e-04j
   1.27964360e-05-4.32459630e-05j  1.57585154e-05-6.17787506e-06j
  -1.52255776e-04+1.68632552e-04j  3.56671649e-03-1.17907850e-02j
   1.09775671e-03-3.50247511e-03j  1.29081603e-03-5.59823333e-04j
  -1.02894373e-03-3.51750535e-03j  2.97597410e-01-9.54596202e-01j]
 [-9.09818963e-07-1.58192686e-06j  3.46171056e-07-1.84841998e-07j
   2.50848970e-04-6.54439583e-04j -2.58460806e-06+1.88841968e-06j
  -7.28199186e-05+9.60459820e-05j  5.52188618e-06-6.77936131e-06j
   2.64530188e-04-6.09707725e-04j -3.28139337e-05+2.29489253e-05j
  -1.99650695e-06-4.79363600e-05j  4.18563661e-06-8.05935434e-07j
   3.57083584e-03-1.17911087e-02j -1.79860233e-04+2.37932072e-04j
  -3.07276189e-04-4.00498373e-03j  3.58109837e-04-1.42684856e-04j
   2.97859137e-01-9.54514206e-01j -2.84326142e-03+2.31867272e-03j]
 [ 1.76435386e-07-7.05557956e-06j  2.51041947e-04-6.54292169e-04j
   8.67269856e-08+2.87065409e-07j  4.63901861e-06+1.89464610e-07j
  -3.97636040e-04+2.70241387e-04j  2.78153694e-04-6.00195848e-04j
   5.85619088e-06+2.67984142e-06j  3.40118479e-04-5.51930843e-05j
  -6.49665848e-05+1.90418377e-05j  3.56581652e-03-1.17861034e-02j
   2.06591513e-06+4.23691358e-06j  1.03594004e-05+1.67436576e-05j
   6.48650551e-03-1.56742831e-02j  2.97745353e-01-9.54413321e-01j
   1.70621509e-04+3.72223015e-04j  7.19962958e-04+1.25021097e-03j]
 [ 2.50954140e-04-6.54293306e-04j -2.94739724e-06+1.12820958e-05j
   2.26526321e-06+1.36958369e-06j -1.04588805e-06+2.40057072e-06j
   2.84340103e-04-6.02819583e-04j  3.03943062e-05-1.14059386e-05j
   3.36280816e-04-5.31949635e-05j -4.55510489e-06+4.33017097e-06j
   3.56998583e-03-1.17932962e-02j -1.87510635e-04+4.13651063e-04j
  -2.94349399e-05+3.84124709e-05j -1.22094277e-05+4.24229001e-05j
   2.97688424e-01-9.54416763e-01j -3.58011490e-03+1.65785948e-02j
  -2.53027405e-03+3.12709814e-03j -1.08786974e-03+3.48181518e-03j]]

********* Summary *****************
Final fidelity error 0.0014366676901268471
Final penalized l2 error 4.933880585879925e-07
Final penalized TV regularizer 0.0006620613506861738
Final objective value 0.0020987290273336923
Final norm value 0.6620613506861738
Final l2 value 4.933880585879925e-06
Final error 2.8467781168079567e-07
Terminate reason Exceed the maximum number of iteration of ADMM
Number of iterations 100
Completed in 0:11:48.544174 HH:MM:SS.US
Computational time 708.544173625
Time for each iteration [183.71589866600002, 31.450855708999995, 205.37058416600001, 45.42283450000002, 214.137640916, 62.56816837500003, 221.753741666, 72.2971905, 227.98005262500004, 85.65902924999995, 235.8607202080001, 90.71455179199995, 247.40183312400006, 96.00809758399993, 252.13706816600006, 105.86385237499996, 258.17659950000007, 111.56229691599992, 262.5813321250001, 115.93456841599993, 266.9749520000001, 120.01176279099991, 270.4123443340001, 128.38172054099988, 275.7489650420001, 136.48432170799987, 281.26379025000017, 140.57422512499983, 285.0094458330002, 144.0011688749998, 292.6331750000002, 148.73651949999982, 298.6500131250002, 152.9589889579998, 302.25564250000025, 156.24909479099978, 305.37246275000024, 158.7291126249998, 308.0051927080002, 161.2047272919998, 310.47580120800023, 163.5572064169998, 320.2244659580002, 171.3232543329998, 324.1371615000002, 176.19100758299982, 328.3757736670002, 185.84509595799977, 334.5464394170002, 193.9250791239997, 338.60931829200024, 197.36697962399967, 344.4481901260003, 201.74698837399967, 348.19544900100027, 204.8388511239997, 351.62555654200025, 207.4620175829997, 354.2543299580003, 209.9294854579996, 356.22607495800037, 211.88887983299958, 364.6644254580003, 219.10023137499968, 369.28865879100033, 223.0469862919996, 372.4181871240004, 226.83874270899958, 375.8746861240004, 229.4850512089996, 378.51794991600036, 231.9627027499996, 380.49503025000035, 236.88835137499962, 385.09080887500033, 240.19391524999958, 388.06321100000036, 243.01119279099964, 390.6979770420003, 248.5689901659997, 394.9518370000003, 252.3526150829997, 400.5227601250002, 254.99550437499977, 406.22302133300013, 259.0782516249998, 409.8268520830002, 261.71226449999983, 412.3028934580001, 264.1764989579999, 414.26617125000007, 268.2546430409999, 417.7080097500001, 271.3790069579999, 422.41679150000004, 274.80537049999987, 425.69065645800003, 277.59719329199993, 428.32318795800006, 280.2209856669999]
