Final evolution
[[ 5.78800344e-01+8.25654872e-03j -2.64266377e-02+3.70998044e-03j
  -6.97514648e-02+5.16431383e-02j -6.06283384e-01-3.10855469e-02j
   9.71204616e-02-4.89208328e-02j -8.49901960e-03+5.04795683e-03j
  -1.48523950e-02+2.87419636e-02j -1.03762583e-01+4.74673864e-02j
  -3.16914554e-02+1.73441399e-04j  1.34881111e-03-1.75261517e-04j
   3.61963885e-03-2.57401926e-03j  3.32186214e-02+1.04577585e-03j
  -3.49767225e-01-1.74765803e-03j  1.62001840e-02-2.52215194e-03j
   4.22795418e-02-3.24289027e-02j  3.66505563e-01+1.53895706e-02j]
 [ 6.05319629e-02+2.40107920e-02j  2.33545374e-01+7.84061299e-02j
   7.70763630e-01-2.35847335e-01j -6.09868694e-02-2.32124535e-02j
   8.14017666e-03+2.12426935e-02j  2.35260948e-02+2.98254343e-02j
   1.19537838e-01+3.44164123e-02j -7.88008776e-03-2.18861744e-02j
  -3.38282043e-03-7.41293193e-04j -1.32852784e-02-3.17175228e-03j
  -4.13896309e-02+1.68406963e-02j  3.41110680e-03+6.78450213e-04j
  -3.65160982e-02-1.54873610e-02j -1.40327562e-01-4.82670605e-02j
  -4.65328854e-01+1.38644735e-01j  3.67724837e-02+1.50504803e-02j]
 [ 4.89899074e-02-4.15444391e-02j  8.01854555e-01-2.32913934e-02j
  -1.95199375e-01+1.48350425e-01j  4.83660954e-02-4.21803401e-02j
   9.52099629e-03-2.22619573e-02j  1.31596111e-01-7.35191530e-02j
  -1.95867689e-02+4.17038912e-02j  9.51478948e-03-2.16248463e-02j
  -2.54903602e-03+2.07085511e-03j -4.38654289e-02+2.14205984e-03j
   1.05254022e-02-8.33069719e-03j -2.50940236e-03+2.11996294e-03j
  -2.96369046e-02+2.60312893e-02j -4.84367620e-01+1.85610273e-02j
   1.17110034e-01-9.07307507e-02j -2.92666196e-02+2.63721716e-02j]
 [-5.67105327e-01+2.24680457e-01j  8.42518646e-02+2.58596313e-02j
  -2.65056181e-02+5.40443310e-03j -5.48294705e-01+1.94099609e-01j
  -9.22990711e-02-1.87116528e-02j  1.27383841e-02+2.83467297e-02j
  -8.06069976e-03-5.27603256e-03j -8.71922732e-02-2.10969391e-02j
   3.01990188e-02-1.52152130e-02j -4.65432209e-03-6.21302939e-04j
   1.33639237e-03-5.04239892e-04j  2.93140366e-02-1.34340258e-02j
   3.42604686e-01-1.32822146e-01j -5.09032742e-02-1.69867694e-02j
   1.62404528e-02-2.92751175e-03j  3.31132328e-01-1.14483738e-01j]
 [ 1.05632984e-01+4.65981775e-03j -1.23230631e-02-6.53965485e-03j
  -4.63724240e-02+4.40929548e-03j -1.10509219e-01-9.16491980e-03j
  -6.07228965e-01+2.44604272e-01j  7.03792848e-02+2.78473160e-02j
   2.50747311e-01-5.34907690e-02j  6.45756059e-01-2.31691182e-01j
  -1.91455620e-02+6.74985443e-03j  2.35847111e-03+8.14036142e-04j
   8.14204726e-03-2.11101399e-03j  2.03260573e-02-6.29580685e-03j
  -2.78957467e-02-1.81287371e-02j  3.17745150e-03+2.39479074e-03j
   1.30662146e-02+9.50709415e-04j  2.85278563e-02+2.01261021e-02j]
 [-2.89626296e-02+8.45456216e-03j -3.71580394e-02-5.84807142e-03j
  -1.09650174e-01+5.53193514e-02j  3.03248991e-02-8.35111860e-03j
   1.83766718e-01-1.88334081e-02j  2.18004319e-01+1.74309455e-01j
   9.09510404e-01+4.78637685e-02j -1.93258684e-01+1.78143393e-02j
   5.69859298e-03-1.38256086e-03j  7.37794328e-03+3.63948121e-03j
   2.64837881e-02-4.38418800e-03j -5.99102275e-03+1.37785604e-03j
   6.54998500e-03-3.59486202e-03j  9.07248236e-03-6.28033669e-03j
   1.21151566e-02-3.40170648e-02j -6.80520290e-03+3.57535470e-03j]
 [ 3.46070605e-02-5.83879101e-03j  1.46502684e-01+2.72343252e-04j
  -3.64871823e-02+2.61132036e-02j  3.32605034e-02-5.14464370e-03j
  -1.86065681e-01+5.36136430e-02j -8.25864271e-01+3.74137575e-01j
   1.38914793e-01-2.40648953e-01j -1.77616882e-01+4.92095149e-02j
  -6.01620779e-03+2.02559597e-03j -2.60992828e-02+1.04631273e-02j
   4.62973013e-03-7.26738402e-03j -5.76158325e-03+1.86566816e-03j
  -9.83799747e-03+9.98145240e-06j -3.97021125e-02-2.34642283e-02j
   1.40467867e-02-1.25793784e-03j -9.52143020e-03-1.30793995e-04j]
 [ 7.93423451e-02-4.84461944e-02j -3.93315707e-02+1.39877412e-02j
   7.52890166e-03-1.00170106e-02j  7.73825432e-02-4.32205005e-02j
  -6.88896334e-01+1.95033290e-02j  2.53600791e-01-4.15160603e-02j
  -5.55485657e-02+5.16583561e-02j -6.57576426e-01-6.66999020e-03j
  -1.97078865e-02+4.92696395e-03j  7.78755613e-03-2.38553428e-03j
  -1.53233477e-03+1.86853502e-03j -1.89695995e-02+3.97121308e-03j
  -7.07213619e-03+2.64087612e-02j  8.68847925e-03-5.43610617e-03j
  -1.33482214e-03+2.84545464e-03j -7.68388633e-03+2.48839385e-02j]
 [-7.85934606e-02+2.20831896e-02j  5.70313448e-03-2.62724419e-03j
   1.14063965e-02-1.69474716e-02j  8.32658257e-02-2.00772942e-02j
   1.10449735e-02+4.08750568e-03j -3.09449630e-04-2.04088642e-04j
  -1.27743445e-03-1.61137188e-04j -1.14132017e-02-4.70980636e-03j
  -6.76037356e-01-1.59050063e-02j  3.10459604e-02-4.11695049e-03j
   8.22689027e-02-6.00136968e-02j  7.07897337e-01+4.28711537e-02j
  -6.60077079e-02+4.25252108e-02j  6.52415306e-03-4.19195446e-03j
   1.07746928e-02-2.30868964e-02j  7.08956323e-02-4.19751212e-02j]
 [-6.94385828e-03-1.23297702e-02j -2.31218672e-02-2.00994795e-02j
  -9.98732037e-02-9.39108377e-03j  6.83175455e-03+1.26201778e-02j
   1.24459074e-03-2.30135997e-04j  5.12033882e-03+1.30814120e-03j
   1.61081893e-02-6.25568478e-03j -1.27361795e-03+2.82045933e-04j
  -7.03406613e-02-2.94025483e-02j -2.71305329e-01-9.52784648e-02j
  -9.03372049e-01+2.62819665e-01j  7.08729714e-02+2.85003336e-02j
  -4.95807227e-03-1.74552173e-02j -1.28485140e-02-2.29324698e-02j
  -7.79812989e-02-3.64220053e-02j  4.71255028e-03+1.80290452e-02j]
 [-7.57543688e-03+1.32322415e-02j -1.07522789e-01+3.52690885e-02j
   2.04305799e-02-2.79003123e-02j -7.53975008e-03+1.29392248e-02j
   9.52769272e-04+7.20474918e-05j  1.55340031e-02+4.99456467e-03j
  -4.75246292e-03+1.51847235e-03j  9.39042575e-04+2.13105429e-05j
  -5.78237661e-02+4.83469202e-02j -9.36941810e-01+1.85341382e-02j
   2.29625938e-01-1.71185603e-01j -5.71071208e-02+4.90752609e-02j
  -6.79504241e-03+1.78431521e-02j -8.88939451e-02+6.28026625e-02j
   1.08846753e-02-3.14440532e-02j -6.80135277e-03+1.72750331e-02j]
 [ 7.59278615e-02+1.02573648e-03j -1.04202001e-02-1.61718249e-02j
   5.42455846e-03+2.57833919e-03j  7.22631935e-02+3.66028386e-03j
  -1.17695328e-02+5.69665785e-03j  1.68180898e-03-4.71636514e-04j
  -3.60065793e-04+3.50786943e-04j -1.14203795e-02+5.01373907e-03j
   6.65501485e-01-2.53073611e-01j -9.80499354e-02-3.20928361e-02j
   3.11540105e-02-5.76656321e-03j  6.43050816e-01-2.17685490e-01j
   6.10675776e-02+2.27461336e-02j -8.10678441e-03-2.34951868e-02j
   6.03922754e-03+4.72288747e-03j  5.73041747e-02+2.38374468e-02j]
 [ 3.07550185e-01-1.22222168e-01j -3.53161179e-02-1.43421295e-02j
  -1.26548573e-01+2.58131413e-02j -3.26992701e-01+1.15605007e-01j
   3.33764127e-02-1.03439949e-02j -3.73385589e-03-1.73912656e-03j
  -1.37752275e-02+2.09422587e-03j -3.53711560e-02+9.48678180e-03j
  -1.04144224e-01-1.48277547e-02j  1.20454047e-02+6.95687963e-03j
   4.62618851e-02-2.67744618e-03j  1.08552532e-01+1.97588455e-02j
   5.27214863e-01-2.03689698e-01j -6.05375852e-02-2.48438663e-02j
  -2.17333450e-01+4.34918110e-02j -5.60317744e-01+1.92067068e-01j]
 [-9.28486560e-02+8.20305752e-03j -1.08851851e-01-9.02700641e-02j
  -4.60278561e-01-3.24892182e-02j  9.76406705e-02-7.63201231e-03j
  -9.92856985e-03+6.88388901e-04j -1.13916399e-02-9.33043523e-03j
  -4.79480406e-02-3.08456220e-03j  1.04319324e-02-6.11168478e-04j
   2.81205828e-02-8.73620736e-03j  3.62717914e-02+2.05013687e-03j
   1.00080885e-01-6.37386568e-02j -2.94089100e-02+8.62275511e-03j
  -1.58931926e-01+1.45522838e-02j -1.86644114e-01-1.52131239e-01j
  -7.84182132e-01-4.86539586e-02j  1.67116078e-01-1.35767713e-02j]
 [ 9.39719684e-02-2.61638746e-02j  4.18379762e-01-1.87191059e-01j
  -7.07951010e-02+1.21326235e-01j  8.96831705e-02-2.39882114e-02j
   1.02642199e-02-2.31099607e-03j  4.55775291e-02-1.62729934e-02j
  -8.44606372e-03+1.21919400e-02j  9.79893032e-03-2.09641756e-03j
  -3.46010802e-02+4.53836374e-03j -1.45049795e-01-1.44351627e-02j
   3.86455145e-02-2.23305466e-02j -3.32843401e-02+3.89125770e-03j
   1.61420749e-01-4.43082465e-02j  7.17552760e-01-3.12821496e-01j
  -1.22881462e-01+2.06037939e-01j  1.54077525e-01-4.05908919e-02j]
 [ 3.49135891e-01-3.63433730e-03j -1.28251663e-01+1.91614357e-02j
   2.83841872e-02-2.56670881e-02j  3.33036120e-01+9.33684577e-03j
   3.63526259e-02-6.05354408e-04j -1.37236709e-02+1.78171123e-03j
   3.08652507e-03-2.68492933e-03j  3.46828726e-02+7.57684945e-04j
  -7.16144776e-02+5.42140756e-02j  3.81072881e-02-1.42825503e-02j
  -7.20590291e-03+9.91174579e-03j -7.02170587e-02+4.89939902e-02j
   5.94420444e-01-1.12459454e-02j -2.19467657e-01+3.34899872e-02j
   4.84755086e-02-4.41104517e-02j  5.67189436e-01+1.10801782e-02j]]

********* Summary *****************
Final fidelity error 0.24512938279022034
Final penalized l2 error 0.004041066370816012
Final penalized TV regularizer 1.6289132868282253e-05
Final objective value 0.2451456644527507
Final norm value 16.289132868282255
Final l2 value 0.04041066370816012
Final error 1.7450507225516513e-11
Terminate reason Exceed the maximum number of iteration of ADMM
Number of iterations 100
Completed in 0:07:56.643133 HH:MM:SS.US
Computational time 476.643132625
Time for each iteration [42.759491249999996, 69.7419345, 57.44217999999999, 79.64570954100002, 66.50205758399999, 87.94378945700002, 74.40749712599997, 96.21088120700004, 81.95844108399994, 102.98196724900005, 88.80836579199995, 109.67406774900006, 95.05355750099993, 116.39618570700007, 101.64300716799993, 122.92155433200007, 108.48741808399994, 129.00388879100007, 113.92932704199993, 134.07586574900006, 118.99793875099996, 139.05944083200004, 123.986190043, 143.59961779000005, 128.70915883499995, 147.70922558100008, 133.10226104399996, 152.30586703900005, 136.51663304399997, 155.37027262200004, 139.69393358599999, 158.32546166400002, 142.96145604400002, 161.194583456, 146.33321362700005, 164.04389820599997, 149.49379071000007, 166.90590337299997, 152.34877350200006, 169.86020224799998, 155.30899854300006, 172.62914433199998, 158.07660775100007, 175.27282495699998, 160.62739195900005, 178.346668166, 163.38783654200003, 181.32651541599998, 166.36845387500003, 184.192036833, 169.11944316700001, 186.94462524900004, 171.87509608399998, 189.70276116600004, 174.849092792, 192.56626004100005, 177.805069875, 195.32767900000002, 180.46259404100002, 198.190021917, 183.443254166, 200.99461900000003, 186.211486958, 203.866487083, 188.98412950000002, 206.63759387500002, 191.744081416, 209.08559229200003, 194.297790333, 211.44837375000006, 196.74212587499997, 213.90579154100007, 199.29999270899995, 216.25149112400007, 201.74528925099995, 218.4943639150001, 203.98692666799994, 220.84268254000008, 206.22945679299997, 223.38457770700003, 208.679111543, 225.63972137300001, 210.811731085, 228.08970579, 213.27182371, 230.65751554000005, 215.51398808499997, 233.11137637300007, 217.96440225199999, 235.35078066400004, 220.52700700199998, 237.80238962300004, 222.98293508499998, 240.24964245600003, 225.23347625199997, 242.40749441400007, 227.48802825199996, 244.76375212300005, 229.734516168, 246.90861645700002]
