Final evolution
[[ 6.20853656e-03-4.03289755e-04j  2.62035561e-04-9.99980611e-01j
  -5.35477096e-08-5.25664225e-08j  1.15945996e-06+2.01753028e-07j]
 [ 2.73807813e-04-9.99980608e-01j  6.20831957e-03+4.06616564e-04j
   1.07256460e-06-2.29339848e-07j -5.96354667e-08-8.60066295e-09j]
 [-5.89380519e-08+2.23630786e-08j  1.15934679e-06-2.00421925e-07j
   6.20902237e-03-3.95739920e-04j  1.47800468e-03-9.99979553e-01j]
 [ 1.07169600e-06+2.30544332e-07j -5.47346728e-08+6.63144821e-08j
   1.48977692e-03-9.99979536e-01j  6.20782053e-03+4.14165536e-04j]]

********* Summary *****************
Final fidelity error 1.953931605958026e-05
Final penalized l2 error 7.70536294306915e-08
Final penalized TV regularizer 0.0027722450607399517
Final objective value 0.002791783631811905
Final norm value 2.7722450607399516
Final l2 value 7.70536294306915e-08
Final error 9.542414956069906e-07
Terminate reason Exceed the maximum number of iteration of ADMM
Number of iterations 100
Completed in 0:04:42.207610 HH:MM:SS.US
Computational time 282.207610166
Time for each iteration [43.792892666, 23.129581584000007, 55.65727174899999, 30.18706804200002, 65.05165049899998, 37.244364209000025, 72.75890162399998, 41.41561695900003, 78.35366162399997, 44.01802183400004, 79.90181779099996, 48.26102345900003, 82.57572716599995, 50.17725829200003, 83.81848112399996, 51.04486095900003, 84.68473824899996, 51.91228266700003, 85.54968699899996, 52.77667262600002, 86.34323378999997, 53.361058043000014, 86.96887983199997, 59.33726412600001, 92.80491174899998, 61.56531833400001, 93.74897479099997, 62.96778587500003, 95.29807295799995, 64.21620795800004, 96.31981116699995, 65.08765441600002, 97.19359249999997, 65.95988762500002, 98.07014491599998, 70.45559725000001, 100.89310608299999, 75.77519966700001, 104.23955145799997, 77.01850091700001, 106.37863387399997, 79.00999895900003, 108.06914937399995, 80.25163012600004, 109.23779878999994, 81.12123583500005, 110.23570520599995, 81.99034916900004, 111.10344841399996, 82.78129275200004, 112.04354778899994, 83.64722941900004, 112.91003374699994, 84.58854516900004, 113.85054574699996, 85.52852246100002, 114.78941820499998, 86.46384733600001, 115.72325816399999, 87.323986461, 116.65955203899998, 88.18711987700001, 117.52407245599997, 89.05169291900003, 118.38760949699994, 89.91633704400004, 119.25423216399994, 90.77963666900004, 120.11653874699994, 91.71669162800006, 121.05357462199993, 92.65682596100007, 122.06797157999992, 93.59471283600007, 123.00544612199991, 94.17390354400007, 123.94155158099991, 103.78492287700007, 130.04152045599992, 113.35347446000009, 133.7737496649999, 116.40793408500008, 135.0202062479999, 118.48052921000007, 140.55780291499994, 122.66096296000009, 143.30422524799994, 123.90942800200006, 145.45824591399995, 125.83589583600005, 146.32758470499996, 127.80629558600006, 147.87155312199994, 129.04620879400008, 149.11083566399995, 129.62767654400008, 149.9751067889999, 130.49503229400008, 150.84403533099996, 131.36357483500004]
