Final evolution
[[ 0.44534492+0.00290457j -0.16054353-0.18205822j  0.00458917-0.75671106j
  -0.30921984+0.27292939j  0.        +0.j          0.        +0.j
   0.        +0.j          0.        +0.j          0.        +0.j
   0.        +0.j          0.        +0.j          0.        +0.j
   0.        +0.j          0.        +0.j          0.        +0.j
   0.        +0.j        ]
 [ 0.1746186 +0.16860535j -0.01722001+0.44502135j  0.28635043-0.29683463j
   0.7561724 +0.02891355j  0.        +0.j          0.        +0.j
   0.        +0.j          0.        +0.j          0.        +0.j
   0.        +0.j          0.        +0.j          0.        +0.j
   0.        +0.j          0.        +0.j          0.        +0.j
   0.        +0.j        ]
 [-0.31017595-0.69023443j -0.1678966 +0.37672018j  0.40613925-0.18273325j
  -0.22175582-0.09871055j  0.        +0.j          0.        +0.j
   0.        +0.j          0.        +0.j          0.        +0.j
   0.        +0.j          0.        +0.j          0.        +0.j
   0.        +0.j          0.        +0.j          0.        +0.j
   0.        +0.j        ]
 [ 0.13716324-0.38896479j  0.6998492 -0.28782597j  0.22895386+0.08061979j
   0.16958224+0.41180383j  0.        +0.j          0.        +0.j
   0.        +0.j          0.        +0.j          0.        +0.j
   0.        +0.j          0.        +0.j          0.        +0.j
   0.        +0.j          0.        +0.j          0.        +0.j
   0.        +0.j        ]
 [ 0.        +0.j          0.        +0.j          0.        +0.j
   0.        +0.j         -0.33242056+0.29637325j  0.24117256+0.02748114j
   0.50384164+0.56460277j  0.04650719-0.40981026j  0.        +0.j
   0.        +0.j          0.        +0.j          0.        +0.j
   0.        +0.j          0.        +0.j          0.        +0.j
   0.        +0.j        ]
 [ 0.        +0.j          0.        +0.j          0.        +0.j
   0.        +0.j         -0.24259926-0.00806331j -0.28553341-0.34177654j
  -0.01351224+0.41221934j -0.58050845+0.48543036j  0.        +0.j
   0.        +0.j          0.        +0.j          0.        +0.j
   0.        +0.j          0.        +0.j          0.        +0.j
   0.        +0.j        ]
 [ 0.        +0.j          0.        +0.j          0.        +0.j
   0.        +0.j          0.6928555 +0.30427609j -0.12793763-0.39209607j
  -0.17888869+0.40784724j  0.23072534-0.07540052j  0.        +0.j
   0.        +0.j          0.        +0.j          0.        +0.j
   0.        +0.j          0.        +0.j          0.        +0.j
   0.        +0.j        ]
 [ 0.        +0.j          0.        +0.j          0.        +0.j
   0.        +0.j          0.15895164+0.38058079j -0.32639274+0.68271551j
  -0.22393992+0.09365005j -0.40188552-0.1919077j   0.        +0.j
   0.        +0.j          0.        +0.j          0.        +0.j
   0.        +0.j          0.        +0.j          0.        +0.j
   0.        +0.j        ]
 [ 0.        +0.j          0.        +0.j          0.        +0.j
   0.        +0.j          0.        +0.j          0.        +0.j
   0.        +0.j          0.        +0.j         -0.43788657+0.08121505j
   0.19202418+0.14847941j  0.13833707+0.74397281j  0.25213987-0.3263937j
   0.        +0.j          0.        +0.j          0.        +0.j
   0.        +0.j        ]
 [ 0.        +0.j          0.        +0.j          0.        +0.j
   0.        +0.j          0.        +0.j          0.        +0.j
   0.        +0.j          0.        +0.j         -0.20330671-0.13261146j
  -0.06709589-0.44027113j -0.22516904+0.34555212j -0.74803553+0.11434833j
   0.        +0.j          0.        +0.j          0.        +0.j
   0.        +0.j        ]
 [ 0.        +0.j          0.        +0.j          0.        +0.j
   0.        +0.j          0.        +0.j          0.        +0.j
   0.        +0.j          0.        +0.j          0.43489444+0.61927337j
   0.09376491-0.40164102j -0.36434306+0.25611456j  0.23640249+0.05507521j
   0.        +0.j          0.        +0.j          0.        +0.j
   0.        +0.j        ]
 [ 0.        +0.j          0.        +0.j          0.        +0.j
   0.        +0.j          0.        +0.j          0.        +0.j
   0.        +0.j          0.        +0.j         -0.06127268+0.40786398j
  -0.63293427+0.41476125j -0.24005614-0.03595093j -0.24426927-0.37238831j
   0.        +0.j          0.        +0.j          0.        +0.j
   0.        +0.j        ]
 [ 0.        +0.j          0.        +0.j          0.        +0.j
   0.        +0.j          0.        +0.j          0.        +0.j
   0.        +0.j          0.        +0.j          0.        +0.j
   0.        +0.j          0.        +0.j          0.        +0.j
   0.27049799-0.35379566j -0.24202423+0.01853888j -0.60136292-0.45934228j
   0.03168849+0.4112216j ]
 [ 0.        +0.j          0.        +0.j          0.        +0.j
   0.        +0.j          0.        +0.j          0.        +0.j
   0.        +0.j          0.        +0.j          0.        +0.j
   0.        +0.j          0.        +0.j          0.        +0.j
   0.23975979-0.03787692j  0.34491682+0.281732j   -0.064545  -0.40735894j
   0.47843747-0.58628515j]
 [ 0.        +0.j          0.        +0.j          0.        +0.j
   0.        +0.j          0.        +0.j          0.        +0.j
   0.        +0.j          0.        +0.j          0.        +0.j
   0.        +0.j          0.        +0.j          0.        +0.j
  -0.73783694-0.16801589j  0.19965316+0.36089608j  0.09868354-0.43428342j
  -0.21234394+0.11759876j]
 [ 0.        +0.j          0.        +0.j          0.        +0.j
   0.        +0.j          0.        +0.j          0.        +0.j
   0.        +0.j          0.        +0.j          0.        +0.j
   0.        +0.j          0.        +0.j          0.        +0.j
  -0.22793585-0.34373334j  0.19164903-0.73205419j  0.20223557-0.13423932j
   0.43088647+0.11259388j]]

********* Summary *****************
Final fidelity error 0.6882167436631026
Final penalized l2 error 0.005069111686950498
Final penalized TV regularizer 0.00022509264570562642
Final objective value 0.6884418101791393
Final norm value 2.250926457056264
Final l2 value 0.005069111686950498
Final error 9.140009394205532e-10
Terminate reason Exceed the maximum number of iteration of ADMM
Number of iterations 100
Completed in 0:02:57.111771 HH:MM:SS.US
Computational time 177.11177116599998
Time for each iteration [10.054797624999999, 6.862432541000004, 15.052332333999999, 10.800671249000004, 18.399821916999997, 13.615891083000001, 21.146353749999996, 15.764751041000004, 23.022177874999997, 17.719835832999998, 24.912439, 19.726849541, 26.797907959, 21.749890582, 28.714757251, 23.60462054, 30.646001292999998, 25.305505332000003, 32.193997708999994, 26.846195582000007, 33.659597625999986, 28.244909082000007, 35.173230500999985, 29.836953332000014, 36.721666208999984, 31.31231837400002, 38.10447050099999, 32.81114120700001, 39.58411725099999, 34.283145165000015, 41.105544585, 35.80706474800001, 42.615633752, 37.266925456, 44.102052293999996, 38.82731966400001, 45.665391127, 40.30557187300001, 47.001693167999996, 41.86098229, 48.516341793, 43.391459082000004, 49.886661834, 44.869821499000004, 51.211093751, 46.73064770700001, 52.71435695899999, 48.205018582000015, 54.15752008399999, 49.54885733200002, 55.589860708999986, 50.85613354100001, 57.303984459, 52.28535537400001, 58.780423250999995, 53.61739041500001, 60.33994079299999, 55.092089498000014, 61.828467417999995, 56.74145274800001, 63.267675543, 58.35278612300001, 64.84429496000001, 59.672594580999984, 66.60438683500001, 61.149554831, 68.12416329399998, 62.56838649700002, 69.77205925299997, 63.96999474700003, 71.27590396099997, 65.32113920500002, 72.70809037799997, 66.64153158000003, 74.25864091999996, 67.99210928800004, 75.80803896199994, 69.35031012100005, 77.29662208699993, 70.72761924600006, 78.83500862899994, 72.22651112100006, 80.33268516999992, 73.72480787100007, 81.92662641999992, 75.04532408000007, 83.2559755859999, 76.54654399700009, 84.6303370029999, 78.07021774700009, 86.0357601279999, 79.61203270500009, 87.4709348359999, 81.0963672050001, 88.80140537799987, 82.42455278800013, 90.14201729499986, 84.01773678800014, 91.53820904499985, 85.57356212100014]
