Final evolution
[[ 5.53138746e-05+3.43780997e-07j -8.33634137e-03-9.99965251e-01j
  -1.25909227e-06-1.37199533e-07j  1.94530985e-06+4.65531926e-07j]
 [-8.32983010e-03-9.99965305e-01j  5.53004617e-05-1.26557637e-06j
   1.83659925e-06-1.91996474e-07j -1.25065687e-06+2.24686831e-07j]
 [-1.25421090e-06-2.03611155e-07j  1.93728362e-06-4.98027006e-07j
   5.53138739e-05+3.44117830e-07j -8.33025728e-03-9.99965301e-01j]
 [ 1.83954440e-06+1.61245801e-07j -1.25661020e-06+1.58364974e-07j
  -8.32374601e-03-9.99965355e-01j  5.53004725e-05-1.26524046e-06j]]

********* Summary *****************
Final fidelity error 1.5424561627952471e-09
Final penalized l2 error 5.294187789863197e-11
Final penalized TV regularizer 3.834803435223782e-06
Final objective value 3.836344181088008e-06
Final norm value 3.8348034352237823
Final l2 value 5.294187789863197e-11
Final error 3.5416047925580866e-13
Terminate reason Exceed the maximum number of iteration of ADMM
Number of iterations 100
Completed in 0:00:19.610967 HH:MM:SS.US
Computational time 19.610967249999998
Time for each iteration [4.257116332999999, 1.5645222499999996, 4.561756582999999, 1.7064343750000006, 4.701753541999999, 1.8457134160000006, 4.843251500999999, 1.9875263319999998, 4.983953585, 2.128096081999999, 5.125661293, 2.266765081999999, 5.264385001000001, 2.4075627489999984, 5.4050069180000015, 2.5470779149999974, 5.545391043000002, 2.689111956999998, 5.686227293000002, 2.829605414999998, 5.8274458350000025, 2.9723693729999976, 5.968241335000002, 3.1144349569999967, 6.109363126000003, 3.2541056239999957, 6.247760126000005, 3.3934590409999945, 6.390113376000006, 3.5343840819999937, 6.530460293000006, 3.6749180819999925, 6.671697001000007, 3.816256790999992, 6.814190917000008, 3.955839457999991, 6.953842209000008, 4.094429582999991, 7.092208750000008, 4.235245916999991, 7.231620708000008, 4.374629708999992, 7.370761541000007, 4.516317458999993, 7.511194916000006, 4.656819291999993, 7.652117000000008, 4.798096916999992, 7.792671250000009, 4.925494666999992, 7.931544083000009, 5.05121987499999, 8.06949208300001, 5.175265249999988, 8.20750270800001, 5.312899874999989, 8.34476870800001, 5.45050045899999, 8.48441329100001, 5.58937625099999, 8.62308662400001, 5.727773542999991, 8.762176749000009, 5.866392625999989, 8.901106624000011, 6.005979875999987, 9.038310582000012, 6.143614625999987, 9.176426999000011, 6.28344912599999, 9.313272166000008, 6.4202907089999925, 9.450481499000006, 6.5592756259999945, 9.589580166000005, 6.697628000999995, 9.728904582000006, 6.8359927929999955, 9.866700624000003, 6.9739990839999955, 10.006391291000003, 7.112676208999996, 10.144526708000004, 7.250801874999993, 10.283891417000007, 7.388908207999993, 10.422176542000006, 7.528319249999992, 10.558429542000006, 7.665402124999993, 10.695092333000005, 7.803994124999996, 10.833850542000004, 7.942613415999997, 10.972275792000001, 8.081476874999996, 11.109208000000002, 8.218213416999998, 11.248053291000002, 8.362913958999997]
