Final evolution
[[ 0.4453392 +0.00291018j -0.16054668-0.18205687j  0.00459169-0.75671038j
  -0.30921867+0.27294088j  0.        +0.j          0.        +0.j
   0.        +0.j          0.        +0.j          0.        +0.j
   0.        +0.j          0.        +0.j          0.        +0.j
   0.        +0.j          0.        +0.j          0.        +0.j
   0.        +0.j        ]
 [ 0.17461641+0.16860916j -0.01721599+0.44501582j  0.28635754-0.29683711j
   0.75617225+0.02889998j  0.        +0.j          0.        +0.j
   0.        +0.j          0.        +0.j          0.        +0.j
   0.        +0.j          0.        +0.j          0.        +0.j
   0.        +0.j          0.        +0.j          0.        +0.j
   0.        +0.j        ]
 [-0.31016881-0.69023691j -0.16789325+0.37672904j  0.40613418-0.18273068j
  -0.22175932-0.09870533j  0.        +0.j          0.        +0.j
   0.        +0.j          0.        +0.j          0.        +0.j
   0.        +0.j          0.        +0.j          0.        +0.j
   0.        +0.j          0.        +0.j          0.        +0.j
   0.        +0.j        ]
 [ 0.13717123-0.3889691j   0.69984533-0.28783363j  0.22895443+0.08062139j
   0.16958858+0.41179508j  0.        +0.j          0.        +0.j
   0.        +0.j          0.        +0.j          0.        +0.j
   0.        +0.j          0.        +0.j          0.        +0.j
   0.        +0.j          0.        +0.j          0.        +0.j
   0.        +0.j        ]
 [ 0.        +0.j          0.        +0.j          0.        +0.j
   0.        +0.j         -0.33241024+0.29637629j  0.24117491+0.02747001j
   0.50385805+0.56458723j  0.046485  -0.40981954j  0.        +0.j
   0.        +0.j          0.        +0.j          0.        +0.j
   0.        +0.j          0.        +0.j          0.        +0.j
   0.        +0.j        ]
 [ 0.        +0.j          0.        +0.j          0.        +0.j
   0.        +0.j         -0.24260046-0.00805955j -0.28554404-0.34176026j
  -0.01350216+0.4122264j  -0.58048312+0.4854596j   0.        +0.j
   0.        +0.j          0.        +0.j          0.        +0.j
   0.        +0.j          0.        +0.j          0.        +0.j
   0.        +0.j        ]
 [ 0.        +0.j          0.        +0.j          0.        +0.j
   0.        +0.j          0.69286197+0.30425971j -0.12795908-0.39209614j
  -0.1788731 +0.40784787j  0.23072193-0.0754144j   0.        +0.j
   0.        +0.j          0.        +0.j          0.        +0.j
   0.        +0.j          0.        +0.j          0.        +0.j
   0.        +0.j        ]
 [ 0.        +0.j          0.        +0.j          0.        +0.j
   0.        +0.j          0.15896123+0.38058407j -0.32636206+0.68272944j
  -0.22393831+0.09365668j -0.40189072-0.1918836j   0.        +0.j
   0.        +0.j          0.        +0.j          0.        +0.j
   0.        +0.j          0.        +0.j          0.        +0.j
   0.        +0.j        ]
 [ 0.        +0.j          0.        +0.j          0.        +0.j
   0.        +0.j          0.        +0.j          0.        +0.j
   0.        +0.j          0.        +0.j         -0.43788   +0.08121931j
   0.1920307 +0.14847273j  0.1383529 +0.74396919j  0.25212846-0.32641102j
   0.        +0.j          0.        +0.j          0.        +0.j
   0.        +0.j        ]
 [ 0.        +0.j          0.        +0.j          0.        +0.j
   0.        +0.j          0.        +0.j          0.        +0.j
   0.        +0.j          0.        +0.j         -0.20330857-0.13261058j
  -0.06710972-0.44026328j -0.22516699+0.34556148j -0.74802998+0.11438016j
   0.        +0.j          0.        +0.j          0.        +0.j
   0.        +0.j        ]
 [ 0.        +0.j          0.        +0.j          0.        +0.j
   0.        +0.j          0.        +0.j          0.        +0.j
   0.        +0.j          0.        +0.j          0.43490325+0.61926637j
   0.09374998-0.4016514j  -0.36433222+0.2561201j   0.23640631+0.05506356j
   0.        +0.j          0.        +0.j          0.        +0.j
   0.        +0.j        ]
 [ 0.        +0.j          0.        +0.j          0.        +0.j
   0.        +0.j          0.        +0.j          0.        +0.j
   0.        +0.j          0.        +0.j         -0.06126961+0.40787124j
  -0.63291874+0.41478373j -0.24005789-0.03594645j -0.24428308-0.37237246j
   0.        +0.j          0.        +0.j          0.        +0.j
   0.        +0.j        ]
 [ 0.        +0.j          0.        +0.j          0.        +0.j
   0.        +0.j          0.        +0.j          0.        +0.j
   0.        +0.j          0.        +0.j          0.        +0.j
   0.        +0.j          0.        +0.j          0.        +0.j
   0.27047851-0.3538034j  -0.24202398+0.01855625j -0.60138749-0.45930901j
   0.03172222+0.41122574j]
 [ 0.        +0.j          0.        +0.j          0.        +0.j
   0.        +0.j          0.        +0.j          0.        +0.j
   0.        +0.j          0.        +0.j          0.        +0.j
   0.        +0.j          0.        +0.j          0.        +0.j
   0.23975932-0.03788678j  0.34493117+0.28170545j -0.06456633-0.40736237j
   0.47839255-0.58632094j]
 [ 0.        +0.j          0.        +0.j          0.        +0.j
   0.        +0.j          0.        +0.j          0.        +0.j
   0.        +0.j          0.        +0.j          0.        +0.j
   0.        +0.j          0.        +0.j          0.        +0.j
  -0.73784436-0.16798029j  0.19968318+0.36088715j  0.09865735-0.43428355j
  -0.21233506+0.11761702j]
 [ 0.        +0.j          0.        +0.j          0.        +0.j
   0.        +0.j          0.        +0.j          0.        +0.j
   0.        +0.j          0.        +0.j          0.        +0.j
   0.        +0.j          0.        +0.j          0.        +0.j
  -0.22795441-0.3437291j   0.19159813-0.73206683j  0.20222941-0.13425053j
   0.43088983+0.11255855j]]

********* Summary *****************
Final fidelity error 0.6882134916446889
Final penalized l2 error 0.005072116450948586
Final penalized TV regularizer 0.00022580780513096576
Final objective value 0.6884392733235994
Final norm value 2.2580780513096577
Final l2 value 0.005072116450948586
Final error 1.6589696631650717e-08
Terminate reason Exceed the maximum number of iteration of ADMM
Number of iterations 100
Completed in 0:03:35.244671 HH:MM:SS.US
Computational time 215.24467079200002
Time for each iteration [52.304896209, 7.169569791000001, 57.942692750999996, 11.383586874000002, 61.48079991799999, 13.882422082000005, 64.037578043, 16.405629665999996, 66.591333876, 18.299886083000004, 68.59895737599999, 20.239054624000005, 70.63339316799998, 22.269272332000014, 72.52485516799999, 23.903791041000005, 74.15337287599999, 25.425818124000003, 75.617990876, 26.966221833000006, 76.97246333399998, 28.432424833000013, 78.38218095899998, 29.900730458000012, 79.84899683399998, 31.356839791000013, 81.36081754299998, 32.73637854100001, 82.91399958399998, 34.19994820800001, 84.53501416699999, 35.60349254200001, 86.01821629199998, 37.00362775000002, 87.41965204199998, 38.54250520800002, 88.88111958399996, 40.06205295800005, 90.36281391699997, 41.640168125000045, 91.86336395899995, 43.02325233300006, 93.31990750099995, 44.40491870800007, 95.31352345899994, 45.909761583000076, 96.80975687599992, 47.33603649900009, 98.30233120999993, 48.68633833200006, 99.76780958499994, 50.132028540000064, 101.23152166899995, 51.589595540000076, 102.69109625199992, 53.219655623000094, 104.2403799609999, 54.69153533100011, 105.80124166899991, 56.199938290000105, 107.1285793769999, 57.87132462300012, 108.6269930859999, 59.36528203900012, 110.15461391999987, 60.88040795500014, 111.79140471199987, 62.692310872000135, 113.14691004499987, 63.910592414000135, 114.31223862799986, 65.13960870600015, 115.51180096099985, 66.35871545600016, 116.70416658599986, 67.51268299800016, 118.28153996099984, 68.96049395600018, 119.64920229399983, 70.11322074800019, 120.98585358599983, 71.44549433100018, 122.13036612799984, 72.59592437200017, 123.26798221199984, 73.75397420500018, 124.42365004499983, 75.02206120500018, 125.94585562899984, 76.42871345500016, 127.10054846199985, 77.91222237200016, 128.56541691999985, 79.11617374700018, 129.71308958699984, 80.31087199700016, 131.23462025299986, 81.54180737200014, 132.55540816999988, 82.68926262200014]
