Final evolution
[[ 7.82701159e-04-2.86905509e-03j  1.36523983e-03-2.63470327e-04j
  -3.31329325e-04-2.99146112e-03j  2.98298381e-01-9.54381958e-01j
  -9.29576896e-06+3.50227482e-05j -1.83634164e-05+1.70900949e-06j
   4.01269726e-05-4.28688929e-04j -3.75541702e-03+1.17319996e-02j
   5.31608213e-06+1.47681496e-06j  6.21364269e-04+4.77851895e-04j
  -2.81918780e-05-9.44052527e-05j -4.56400401e-05+8.22699948e-04j
   2.31956740e-07+1.02983923e-06j -7.93083696e-06-5.77525547e-06j
   7.06388942e-07+2.40053671e-06j -2.24080569e-05+2.90416013e-04j]
 [-1.40517578e-03-2.83982821e-03j  2.56623957e-04-6.26892268e-05j
   2.98508240e-01-9.54316524e-01j -1.96914464e-03+2.26844710e-03j
   1.55799897e-05+3.49477075e-05j -4.09687150e-06-3.94543787e-07j
  -3.75819528e-03+1.17337466e-02j  6.08460533e-05-4.93802071e-04j
   6.24742236e-04+4.80568374e-04j -2.41333966e-06-4.05184959e-07j
  -4.76536212e-05+8.22923675e-04j  2.57041330e-04+4.07080044e-04j
  -6.98754624e-06-5.23966073e-06j  2.92657375e-07+1.95240666e-07j
  -2.22670537e-05+2.90606746e-04j -2.64291478e-06-5.45383586e-06j]
 [ 6.52379152e-03-1.76476266e-02j  2.98353024e-01-9.54189163e-01j
   1.25577408e-04+2.25711806e-04j  9.50228676e-04+1.04508287e-03j
  -4.54290907e-05-2.48791862e-04j -3.75448783e-03+1.17222445e-02j
  -1.02016332e-06-2.42094712e-06j -1.31605879e-05-1.26887713e-05j
   2.76013596e-05+1.11097284e-04j -3.58089635e-05+8.10669286e-04j
   1.26325289e-05+9.22643864e-06j  3.24809163e-04-1.45197630e-04j
  -9.83132139e-07+4.62862970e-06j -2.25117083e-05+2.90597360e-04j
  -7.31203852e-08-2.72426040e-07j -4.29053398e-06+1.51343329e-06j]
 [ 2.98223811e-01-9.54220401e-01j -4.69061955e-03+1.82105829e-02j
  -2.77531663e-03+1.53882491e-03j -9.99791226e-04+2.78469677e-03j
  -3.75427065e-03+1.17401363e-02j  9.58133631e-05-6.89027596e-04j
   3.26187045e-05-1.71201401e-05j  1.14824226e-05-3.32342134e-05j
  -2.84165450e-05+8.11439529e-04j -2.58790878e-04-4.26487930e-04j
   3.28020229e-04-1.46243291e-04j -1.27829546e-05-6.49472885e-06j
  -2.27493847e-05+2.90372681e-04j  3.37123778e-06-2.27223895e-08j
  -3.28236944e-06+1.12419924e-06j  3.95278820e-07-9.05828512e-07j]
 [ 8.75001879e-06-3.54385586e-05j  1.52116335e-05-2.79360545e-06j
  -2.39915076e-04+3.66627503e-04j  3.59449915e-03-1.17824053e-02j
   7.82478809e-04-2.86915646e-03j  1.36532231e-03-2.63545828e-04j
  -3.62620107e-04-3.00114331e-03j  2.98225712e-01-9.54404360e-01j
   3.66311972e-07-2.48286890e-06j  8.67452953e-06+5.46330490e-06j
  -5.82103783e-07-3.78385272e-06j  2.06227566e-04-7.28429078e-04j
   5.29954200e-06+1.47591193e-06j  6.21384873e-04+4.77794887e-04j
  -2.72702318e-05-9.43374861e-05j -5.67799511e-05+8.28605746e-04j]
 [-1.85041951e-05-3.55244863e-05j  3.50092106e-06+6.49631188e-07j
   3.59838113e-03-1.17838401e-02j -2.59818842e-04+4.31526430e-04j
  -1.40519778e-03-2.83967462e-03j  2.56530012e-04-6.26614657e-05j
   2.98435747e-01-9.54338889e-01j -2.00002750e-03+2.25888530e-03j
   6.53616850e-06+3.58656114e-06j -6.91747439e-08-3.42334028e-07j
   2.06287353e-04-7.28639086e-04j  1.83718653e-06+6.44028456e-06j
   6.24762263e-04+4.80559476e-04j -2.39839838e-06-4.29260849e-07j
  -5.87835870e-05+8.28817706e-04j  2.58063220e-04+4.07093752e-04j]
 [-1.56678851e-04+1.85154443e-04j  3.59053967e-03-1.17740789e-02j
   1.23224229e-06+2.18171432e-06j  1.11521924e-05+1.17434238e-05j
   6.49139198e-03-1.76578226e-02j  2.98279892e-01-9.54211792e-01j
   1.25636577e-04+2.25674124e-04j  9.50501219e-04+1.04506333e-03j
   5.03362476e-06-1.26474060e-05j  2.06390829e-04-7.28529967e-04j
   9.37941936e-08+3.12220028e-07j  4.68385547e-06-1.17580906e-06j
   2.83457921e-05+1.11231011e-04j -4.69272202e-05+8.16572901e-04j
   1.26285272e-05+9.21266755e-06j  3.24794573e-04-1.45239886e-04j]
 [ 3.59780061e-03-1.17896002e-02j -2.91876649e-04+6.27979257e-04j
  -3.39860879e-05+1.71324521e-05j -1.06475489e-05+3.39979808e-05j
   2.98151844e-01-9.54242656e-01j -4.72029926e-03+1.82012259e-02j
  -2.77492267e-03+1.53912363e-03j -9.99528570e-04+2.78486306e-03j
   2.06456397e-04-7.28268222e-04j -6.31136170e-06+8.50554074e-06j
   1.88824394e-06-7.14853058e-07j -1.02322388e-06+2.11388527e-06j
  -3.95861446e-05+8.17352059e-04j -2.57666920e-04-4.26554554e-04j
   3.28040228e-04-1.46256526e-04j -1.27565231e-05-6.52275959e-06j]
 [-7.58861160e-06-1.30311445e-06j  1.86901078e-04+3.04191496e-04j
   4.46324673e-04-1.93609447e-04j  4.24610829e-04-6.89103108e-04j
  -4.55680270e-07+2.31759056e-06j -3.23305102e-06-3.43462410e-06j
  -5.18747549e-06+4.25511082e-06j -2.55718156e-04+7.33329043e-04j
   7.81950258e-04-2.86857639e-03j  1.07458594e-03-3.54641841e-04j
  -3.33275905e-04-2.99092714e-03j  2.98351590e-01-9.54365614e-01j
  -9.40294714e-06+3.49876403e-05j -1.21417217e-05+2.53711905e-06j
   4.01727412e-05-4.28729441e-04j -3.75136804e-03+1.17278831e-02j]
 [ 1.84997781e-04+3.01947819e-04j  1.20264879e-05-7.42336852e-06j
   4.25233126e-04-6.94114824e-04j -8.11472525e-05+6.31660587e-05j
  -1.13619900e-06-1.37247007e-06j -2.31468558e-07+2.50143531e-07j
  -2.56098544e-04+7.33507844e-04j  2.70852468e-06-2.86065545e-06j
  -1.69566486e-03-2.93122403e-03j  2.57442168e-04-6.20625971e-05j
   2.98560746e-01-9.54299531e-01j -1.96984630e-03+2.26691536e-03j
   2.17948813e-05+3.57580788e-05j -4.25915798e-06-4.12361802e-07j
  -3.75413415e-03+1.17296135e-02j  6.09128351e-05-4.93233418e-04j]
 [-4.35358904e-04+1.77670178e-04j  4.37388912e-04-6.78724435e-04j
   1.61232245e-05-5.84148449e-07j  7.85014151e-04-3.74105644e-05j
   1.18907404e-07+1.08409404e-05j -2.56275196e-04+7.33310389e-04j
   6.59255962e-08-2.65347524e-07j -1.02744351e-05-2.72851727e-07j
   6.52611779e-03-1.76480886e-02j  2.98406299e-01-9.54172252e-01j
   1.20103978e-04+2.23552064e-04j  6.59338527e-04+9.54548064e-04j
  -4.53209984e-05-2.48833896e-04j -3.75043421e-03+1.17181052e-02j
  -1.04022873e-06-2.39545303e-06j -6.90840901e-06-1.17856529e-05j]
 [ 4.45609701e-04-6.79094636e-04j  7.05924478e-05-5.03559467e-05j
   7.80519275e-04-3.73376431e-05j -1.40671336e-05+6.61832197e-06j
  -2.56072031e-04+7.33185633e-04j  3.29106722e-06-1.36357517e-05j
  -7.36388478e-06-5.60057780e-07j  1.35385174e-06-2.29425291e-06j
   2.98277227e-01-9.54202600e-01j -4.69019625e-03+1.82119945e-02j
  -3.06624066e-03+1.44811950e-03j -9.94603320e-04+2.78640716e-03j
  -3.75022348e-03+1.17359849e-02j  9.56904721e-05-6.89504917e-04j
   3.88560336e-05-1.62244385e-05j  1.12070345e-05-3.32551500e-05j]
 [ 2.76976347e-07-9.64202094e-07j  2.71927473e-06+3.74570344e-06j
   5.32520203e-06-3.04791137e-06j  1.57130312e-04-2.68812601e-04j
  -7.59754353e-06-1.34014615e-06j  1.86927586e-04+3.04161511e-04j
   4.47037515e-04-1.93181584e-04j  4.18703605e-04-7.00384343e-04j
   8.86813863e-06-3.53406017e-05j  1.36779058e-05-2.16280277e-06j
  -2.39593696e-04+3.66224054e-04j  3.59677747e-03-1.17763227e-02j
   7.81712909e-04-2.86867334e-03j  1.07428088e-03-3.54810273e-04j
  -3.64601639e-04-3.00061786e-03j  2.98278072e-01-9.54388807e-01j]
 [ 2.04605423e-06+2.77449170e-06j  1.74722949e-07-2.50202990e-07j
   1.57461872e-04-2.68902569e-04j -1.98881600e-06+1.59772166e-06j
   1.84973531e-04+3.01917773e-04j  1.20403459e-05-7.43386239e-06j
   4.19332025e-04-7.05382949e-04j -8.03826128e-05+6.36957278e-05j
  -2.00143622e-05-3.48920011e-05j  3.63815351e-06+7.17447718e-07j
   3.60065754e-03-1.17777536e-02j -2.59873896e-04+4.31480902e-04j
  -1.69607834e-03-2.93116187e-03j  2.57337690e-04-6.20280832e-05j
   2.98487404e-01-9.54322687e-01j -2.00075610e-03+2.25734194e-03j]
 [-2.50428023e-06-2.24825493e-06j  1.57731901e-04-2.68702924e-04j
  -1.41902969e-07+1.71914409e-09j  9.83690322e-06-1.58753419e-07j
  -4.34686837e-04+1.77971381e-04j  4.31508277e-04-6.89966873e-04j
   1.61237012e-05-6.09719447e-07j  7.85020095e-04-3.74726880e-05j
  -1.56998304e-04+1.85663629e-04j  3.59281834e-03-1.17679837e-02j
   1.32199440e-06+2.25709186e-06j  9.54091955e-06+1.24174799e-05j
   6.49368493e-03-1.76583120e-02j  2.98332319e-01-9.54195673e-01j
   1.20144570e-04+2.23519310e-04j  6.59227800e-04+9.54426875e-04j]
 [ 1.57542941e-04-2.68675513e-04j -2.01415863e-06+4.67950476e-06j
   8.66766903e-06-2.64321936e-07j -1.01357704e-06+7.68816800e-07j
   4.39690876e-04-6.90372024e-04j  7.14670067e-05-4.96710860e-05j
   7.80494475e-04-3.73623309e-05j -1.40524935e-05+6.62499203e-06j
   3.60009091e-03-1.17835094e-02j -2.91908872e-04+6.27864076e-04j
  -3.55857825e-05+1.77876519e-05j -1.05003958e-05+3.40458489e-05j
   2.98204413e-01-9.54225645e-01j -4.71987852e-03+1.82026478e-02j
  -3.06623081e-03+1.44832053e-03j -9.94342315e-04+2.78658477e-03j]]

********* Summary *****************
Final fidelity error 0.0014276932894525807
Final penalized l2 error 5.929741321431751e-07
Final penalized TV regularizer 0.0006771413962699773
Final objective value 0.0021048346873139517
Final norm value 0.6771413962699773
Final l2 value 5.92974132143175e-06
Final error 8.686455262752652e-08
Terminate reason Exceed the maximum number of iteration of ADMM
Number of iterations 100
Completed in 0:09:24.945564 HH:MM:SS.US
Computational time 564.945564208
Time for each iteration [107.616788791, 18.614652084000014, 122.43842162399999, 28.371023917000016, 132.68806454099996, 34.349506167000044, 143.69435574899995, 40.18390350100003, 150.69855958199997, 51.51882391800001, 156.367631623, 56.82812658500001, 162.34798212299998, 63.014953418000005, 167.031383415, 68.36884737599999, 171.695727165, 72.868389001, 178.51373353999998, 76.69903875100002, 182.172298374, 80.03458970900002, 187.151346207, 83.70690220900005, 194.81542458199996, 88.19467350100004, 199.286374457, 92.00378516800001, 203.27401558200003, 95.67326195899997, 208.44636624900002, 99.18038766700002, 212.10786545800002, 103.35616270799997, 215.61683054200003, 106.180419833, 220.789966625, 111.36095279100002, 225.1300795, 114.862872458, 233.97625050000002, 119.84476637499998, 237.14080491600006, 124.32676949999993, 240.78240683300007, 128.14435870799994, 243.77882545800006, 133.15495699999994, 246.61924150000007, 136.99453979099994, 249.9572141670001, 141.33602854099993, 252.7934094170001, 144.1776424579999, 255.2943308750001, 146.6817623329999, 263.29577304200006, 151.98906470799994, 266.6202395420001, 156.32021233299992, 270.4618769580001, 160.15428924999992, 276.4591290830001, 163.82419670799993, 279.9626876250001, 167.16259270799992, 284.7899442080001, 171.9875733329999, 288.4378835420001, 174.80856566599988, 292.24847904200016, 178.78699799899988, 295.39186062600015, 181.7666094149999, 299.52011483500013, 185.2223496649999, 302.3187708760001, 187.69389091499994, 304.62814179300005, 190.00597249799995, 309.49353708500007, 194.64503524799994, 313.3093960430001, 197.79890766499994, 316.12314604299996, 200.11068878999998, 318.601412668, 202.4306954149999, 320.56570846000005, 204.74931753999994, 322.52925346, 211.71912345599998, 327.99363087699993, 216.70495370600003, 331.8041824189999, 220.32526541400006, 335.41903412699986, 223.44370341400014, 338.54371437699984, 226.4018498310001]
