Final evolution
[[ 1.54779503e-02+1.43886073e-03j  3.11556281e-03+5.25390485e-04j
   3.26485701e-03-5.78277938e-04j -6.44478698e-02-6.74154051e-03j
  -1.02219739e-02-8.02341920e-04j -2.08738854e-03-6.59413452e-04j
   1.98506412e-03+5.80346154e-04j  4.21324027e-02+4.54458326e-03j
  -7.47051430e-03-3.20088752e-04j  1.52004924e-02+1.55060224e-03j
  -7.93528440e-04-8.15956644e-05j -1.84154272e-03-1.57463652e-03j
  -2.29424564e-01-1.98759564e-02j -5.51779532e-02-8.22468430e-03j
   2.19139607e-04+1.05551548e-02j  9.63301311e-01+9.55443717e-02j]
 [-3.70176849e-03-5.12443373e-04j  2.23912359e-03+4.67755063e-04j
   6.60816086e-02+8.30134421e-03j  2.38950530e-03+1.01820137e-03j
   1.64926856e-03+5.43998832e-04j -1.56553477e-03-1.74678190e-04j
  -4.32314477e-02-5.43235977e-03j  2.45211676e-03-4.94889247e-05j
  -1.47226052e-02-1.62111071e-03j -7.67602838e-03-8.36620184e-04j
   2.93312474e-04+1.36912491e-03j -3.83320518e-03-4.69280201e-04j
   5.40278855e-02+7.01851029e-03j -3.15851124e-02-6.78462933e-03j
  -9.87562376e-01-1.17371563e-01j  1.35514407e-02-9.02273390e-03j]
 [-3.28037235e-02-3.57635059e-03j  5.73666816e-02+7.34772779e-03j
  -3.68088336e-03-2.87388230e-04j -3.69795471e-03-6.77876632e-04j
   1.78532902e-02+2.09649799e-03j -3.94125922e-02-5.01215634e-03j
   2.22676228e-03+1.72362197e-04j  1.70145249e-03+7.44523417e-04j
   3.44443897e-03-4.88572346e-04j  1.69037469e-03+1.41205576e-03j
  -6.02689149e-05-2.60515053e-04j -1.66538994e-02-1.26085778e-03j
   4.46079482e-01+4.86358113e-02j -8.80194338e-01-1.05855158e-01j
   5.38330622e-02+3.86629925e-03j  5.49752089e-02+9.87245288e-03j]
 [-5.54258048e-02-7.48698599e-03j -3.27446435e-02-4.76019288e-03j
  -2.87380807e-03-5.70233356e-04j -1.50149435e-02-2.15286671e-03j
   3.81265060e-02+5.23401626e-03j  1.77838538e-02+2.56675792e-03j
   1.86943206e-03+2.72616398e-05j  1.00251316e-02+1.46840976e-03j
  -1.63676708e-03-1.35242671e-03j  6.22308838e-05-6.41234511e-04j
   1.69903796e-02+1.47168094e-03j -4.17231911e-04-1.79755849e-04j
   8.50852271e-01+1.09646271e-01j  4.46534426e-01+6.19812935e-02j
   3.44683281e-02+7.64433734e-03j  2.27819104e-01+3.12693598e-02j]
 [-1.91661795e-01-1.15967449e-02j -5.50608654e-02-6.44343614e-03j
   5.37360778e-04+8.99843701e-03j  8.22425697e-01+6.02519050e-02j
  -1.27971651e-01-9.33638815e-03j -1.63373781e-02-2.67921380e-03j
  -4.92092117e-04+5.51639727e-03j  5.09167130e-01+4.31113370e-02j
  -6.65099506e-03-9.32456667e-04j -2.12107152e-03-6.77710010e-04j
   3.31801111e-06+3.35574485e-04j  2.92218960e-02+4.97104631e-03j
  -7.45362142e-03-2.36469169e-04j -2.82648940e-03-4.81751360e-04j
   3.86517513e-03+6.18711224e-04j  3.27426469e-02+2.00124421e-03j]
 [ 5.38666659e-02+5.49043284e-03j -2.29920180e-02-4.67252088e-03j
  -8.42741306e-01-7.81781028e-02j  1.30308287e-02-7.80033033e-03j
   1.61273833e-02+1.98823163e-03j -2.32955188e-02-4.10480679e-03j
  -5.23470208e-01-5.46906125e-02j  3.85682871e-03-5.26714338e-03j
   2.07331784e-03+6.31404362e-04j -6.47143372e-04-1.01291194e-04j
  -2.98565437e-02-5.65206286e-03j  5.40192978e-04-1.69970582e-04j
   2.00256240e-03+3.36962853e-04j -7.44474322e-04-6.86555335e-05j
  -3.35379761e-02-2.57881741e-03j  4.36401341e-03+3.21968593e-04j]
 [ 3.78960497e-01+3.15554177e-02j -7.51755703e-01-7.08150687e-02j
   4.59165011e-02+2.20607213e-03j  5.57411363e-02+7.69014397e-03j
   2.39465286e-01+2.24972085e-02j -4.65350739e-01-4.92389469e-02j
   2.84758714e-02+1.48223238e-03j  1.50068326e-02+3.79971494e-03j
   1.33756886e-02+2.35553826e-03j -2.66528601e-02-5.10492875e-03j
   1.56546018e-03+2.35826739e-04j  2.20358807e-03+7.45161897e-04j
   1.16151011e-02+7.41026285e-04j -3.17084920e-02-2.56529770e-03j
   1.69215816e-03+4.98465486e-05j  2.18123370e-03+4.82088177e-04j]
 [ 7.26859316e-01+7.46633706e-02j  3.81420100e-01+4.29777021e-02j
   2.06037707e-02+5.07724567e-03j  1.94670083e-01+2.15233088e-02j
   4.49883324e-01+5.14846101e-02j  2.36913632e-01+2.94305861e-02j
   3.27565493e-02+5.08559389e-03j  1.20482664e-01+1.49518611e-02j
   2.57628039e-02+5.15894994e-03j  1.34749124e-02+2.82754579e-03j
   4.80077228e-04-4.21517397e-05j  6.82942794e-03+1.42493855e-03j
   3.06965081e-02+2.85286875e-03j  1.18253922e-02+8.97013310e-04j
   1.72938843e-04-8.72673764e-05j  7.97740425e-03+7.89651913e-04j]
 [ 9.65388522e-03-2.04248337e-04j  3.40440286e-03-6.27971729e-05j
  -2.11635830e-03-5.54103738e-04j -4.26044024e-02+6.34733220e-04j
  -2.85818548e-03+2.45734910e-04j -1.30369945e-03+7.77601528e-07j
   3.28740038e-03+3.38754493e-04j  1.25693958e-02-8.55412232e-04j
  -2.29969863e-01-1.93845645e-02j -5.53024300e-02-7.83517651e-03j
  -7.34870129e-06+1.05357160e-02j  9.65639974e-01+9.29708636e-02j
   8.17087072e-03+1.30460006e-03j -1.49109810e-02-2.15849346e-03j
   6.52488523e-04+9.30109486e-05j -1.30376879e-03-9.40325331e-04j]
 [-2.92253250e-03+1.48777812e-04j  9.43066194e-04+2.08380161e-04j
   4.36826619e-02+1.54470506e-04j -2.73394052e-03+2.20190837e-04j
   6.27644505e-04-9.61268047e-05j -2.90060626e-04-3.68935383e-05j
  -1.29116134e-02+7.13107565e-04j  3.43480497e-03+3.40005997e-04j
   5.41995902e-02+6.64650997e-03j -3.16659172e-02-6.83094875e-03j
  -9.90011824e-01-1.14806745e-01j  1.33042163e-02-9.19334320e-03j
   1.44636122e-02+2.21224912e-03j  7.70587550e-03+1.31866974e-03j
   2.86879764e-03+1.35091929e-03j  3.57545769e-03+6.55125574e-04j]
 [-1.77597974e-02+1.65980774e-04j  3.99345760e-02+2.70715008e-04j
  -2.24886428e-03+1.03045754e-04j -3.11895934e-03+5.32212709e-05j
   2.88184673e-03-5.57557524e-04j -1.30324756e-02+4.53477006e-04j
   6.21283690e-04-7.77236459e-05j  7.10014844e-04-4.00129687e-05j
   4.47404872e-01+4.75512076e-02j -8.82263597e-01-1.03529816e-01j
   5.39686208e-02+3.71994602e-03j  5.51459270e-02+9.47101666e-03j
  -4.72421784e-03-9.12112496e-04j  1.21332810e-03+9.44673125e-04j
  -1.17590741e-04+1.25028926e-04j  1.64051521e-02+1.93518690e-03j]
 [-3.86702554e-02-6.47357994e-04j -1.80380467e-02-1.90644390e-04j
  -4.92485681e-04-3.31980571e-04j -1.01745116e-02-2.24433419e-04j
   1.26370629e-02-2.38413792e-04j  3.00852275e-03-6.84878222e-04j
  -1.13160523e-04+1.55937150e-05j  3.21291834e-03-6.37293752e-05j
   8.52871717e-01+1.07405600e-01j  4.47893757e-01+6.08923531e-02j
   3.45804058e-02+7.83990039e-03j  2.28376402e-01+3.06750118e-02j
  -1.15510395e-03-9.56277317e-04j -1.32708024e-03-6.20897125e-04j
  -1.69649216e-02-2.43438252e-03j -3.01733234e-04-4.42623461e-04j]
 [ 1.27005028e-01+9.57966530e-03j  1.61517180e-02+2.25602459e-03j
   4.95952441e-04-5.42738220e-03j -5.05166666e-01-4.31822125e-02j
  -1.91312639e-01-1.61802713e-02j -5.49436890e-02-7.77243761e-03j
   6.29007815e-04+9.02832308e-03j  8.20742078e-01+7.99437246e-02j
   7.75246279e-03+1.52536884e-03j  1.48647490e-03+6.17746139e-04j
   3.86641484e-03-1.31200386e-04j -3.23816044e-02-7.06250396e-03j
   1.68312020e-02+1.32263492e-03j  3.49197210e-03+2.60926834e-04j
  -4.91519985e-06-7.52680724e-04j -6.98675181e-02-5.86850117e-03j]
 [-1.59486002e-02-1.58746128e-03j  2.31419817e-02+4.30225651e-03j
   5.19351988e-01+5.47259814e-02j -3.82188691e-03+5.35092682e-03j
   5.37105492e-02+6.78294276e-03j -2.28581517e-02-5.21790230e-03j
  -8.40620086e-01-9.83423433e-02j  1.35228695e-02-7.43764071e-03j
  -2.21836721e-03-6.67882128e-04j  1.08101453e-03+2.70246024e-04j
   3.31162485e-02+7.98581901e-03j  3.29464519e-03+7.84353540e-04j
  -3.42463826e-03-1.76861892e-04j  2.48215572e-03+5.88825530e-04j
   7.16846143e-02+7.45387566e-03j -8.49209839e-04+7.38319135e-04j]
 [-2.37599822e-01-2.26499860e-02j  4.61687384e-01+4.92154674e-02j
  -2.82630776e-02-1.49209003e-03j -1.48131318e-02-3.33552448e-03j
   3.77819205e-01+4.06049115e-02j -7.49979461e-01-8.88183943e-02j
   4.58396740e-02+3.30440552e-03j  5.55372708e-02+9.03024504e-03j
  -1.83624863e-02-3.63790387e-03j  2.77481212e-02+6.98042027e-03j
  -1.94585572e-03-3.63724961e-04j -2.19156379e-03-7.46415129e-04j
  -3.25048811e-02-3.10540975e-03j  6.38417712e-02+6.70637199e-03j
  -3.84134183e-03-2.10138928e-04j -3.45039684e-03-3.70535392e-04j]
 [-4.46337517e-01-5.14317048e-02j -2.35042261e-01-2.94354440e-02j
  -3.25637097e-02-5.53861675e-03j -1.19532675e-01-1.49300022e-02j
   7.24996253e-01+9.20786609e-02j  3.80012637e-01+5.20573425e-02j
   2.04247689e-02+5.55743315e-03j  1.94115124e-01+2.61841837e-02j
  -2.67591159e-02-6.87030062e-03j -1.82880949e-02-4.46950943e-03j
  -1.46671849e-03-2.58229463e-04j -7.40525859e-03-1.93557343e-03j
  -6.17334403e-02-7.01537174e-03j -3.24393596e-02-4.01811812e-03j
  -3.05874330e-03-8.18348884e-04j -1.64633224e-02-2.01146421e-03j]]

********* Summary *****************
Final fidelity error 0.2551280899303464
Final penalized l2 error 0.00011079317308712057
Final penalized TV regularizer 9.858229464472726e-05
Final objective value 0.2552266710026893
Final norm value 9.858229464472725
Final l2 value 0.0011079317308712057
Final error 4.9828199692393305e-09
Terminate reason Exceed the maximum number of iteration of ADMM
Number of iterations 100
Completed in 0:06:50.058693 HH:MM:SS.US
Computational time 410.058693459
Time for each iteration [83.86436341699999, 16.230054417000005, 97.26555566699999, 27.837052083000003, 107.750322251, 34.829551166000016, 113.72845558399999, 39.031033500000035, 118.16730024999998, 43.14383275000003, 122.169744125, 46.83336166700002, 126.08300708299998, 51.42351983400002, 129.751362583, 55.108026126, 133.700179291, 58.78426979299999, 137.150633166, 62.42788470900001, 140.814046958, 65.637537167, 143.968626333, 68.631203417, 147.307814083, 71.43810454199999, 150.08922300000003, 74.72445479199999, 153.12212458300002, 77.43734558399998, 155.70195025000004, 80.12642291699999, 158.45592220800003, 83.14523466699998, 160.95845066700002, 86.18913591699999, 163.55508783300002, 88.99643054200001, 166.19930595800002, 91.71106750099995, 168.87983083300003, 94.46763645899995, 171.49671645800004, 97.33167575099992, 174.27236566600004, 100.05467858399993, 176.97207616600008, 102.75151858399988, 179.6868929160001, 105.33699716799987, 182.61364729100012, 108.16306366799984, 185.40716624900017, 110.74563041799979, 188.0723924570002, 113.10586912699978, 190.88409095700018, 115.68934875199977, 193.7427747070002, 118.24984862699978, 196.53684487300018, 120.80267383599983, 199.18942212300016, 123.35027104399984, 201.84488783100016, 125.94482846099982, 204.4267786230002, 128.67701562699978, 206.9164006650002, 131.2740314189998, 209.34375708100015, 133.69008529399986, 211.75682920600013, 136.12335358599984, 214.06469533100017, 138.8391991689998, 216.61503508100014, 141.16015966899982, 219.05455274800016, 143.62691941899982, 221.36293445600018, 146.15793675299983, 223.82055512200014, 148.64428525299985, 226.26972612200012, 151.08033483699984, 228.8522756630001, 153.65921721199987, 231.36376928800013, 156.46758954599983, 233.22850470400016, 158.89572912999984, 235.53318353700013, 161.08256787999983, 237.94025878700018, 162.90658917199983, 240.36611091200018, 165.0868699629998, 242.66141087100016, 167.39728258799983]
