Final evolution
[[0.15256239+0.0193274j  0.04961291-0.98685851j 0.        +0.j
  0.        +0.j        ]
 [0.00741594-0.98807701j 0.15342346-0.01049166j 0.        +0.j
  0.        +0.j        ]
 [0.        +0.j         0.        +0.j         0.15196029+0.02359876j
  0.07727211-0.98507877j]
 [0.        +0.j         0.        +0.j         0.03512592-0.9874803j
  0.15365736-0.00618441j]]

********* Summary *****************
Final fidelity error 0.01221779276624435
Final penalized l2 error 0.00022154720341091978
Final penalized TV regularizer 0.10233699523575313
Final objective value 0.11455478256704632
Final norm value 1.0233699523575313
Final l2 value 0.00022154720341091978
Final error 2.00384745846834e-08
Terminate reason Exceed the maximum number of iteration of ADMM
Number of iterations 100
Completed in 0:01:02.681024 HH:MM:SS.US
Computational time 62.681023833999994
Time for each iteration [2.347068542, 2.01421525, 4.170730750000001, 3.564627542, 5.299906375000001, 4.9766805000000005, 6.8521275, 6.464998500000002, 8.020905999999998, 7.4705593340000025, 9.518822374999997, 8.833139292000004, 10.802848749999997, 9.465943417000004, 11.439412541999998, 10.232727375000001, 12.361851959000001, 10.890153582999998, 13.013613251, 11.559915374000001, 13.652874042999999, 12.222871666000001, 14.413513792999998, 13.257469707000004, 15.005186084999997, 13.858262915000003, 15.621331668999998, 14.47651804, 16.266722710000003, 15.138084873999997, 16.764366460000005, 15.74387612399999, 17.240385376000006, 16.338220040999992, 17.730705668000006, 17.109781623999993, 18.650014335, 17.534123081999994, 19.113888502000002, 17.895985456999995, 19.514311585, 18.376604623999995, 19.976400835, 18.881126789999996, 20.369099877000004, 19.295153956999997, 20.786957960000002, 19.723643873999997, 21.215093126, 20.152998124, 21.654803875999995, 20.766518333, 22.093251458999994, 21.339156791, 22.522022792999998, 21.893955581999997, 22.961317918, 22.462556999, 23.349446375999996, 22.953047416000004, 23.901530542999993, 23.367768374000008, 24.32961095999999, 23.93219804000001, 24.782176459999988, 24.344232874000006, 25.59672520999999, 24.77071687400001, 25.976855875999988, 25.156666791000006, 26.831842042999988, 25.471486082000013, 27.170598459999987, 25.85925987400001, 27.823620709999986, 26.288616874000013, 28.429929084999984, 26.65238854000001, 28.80707429399999, 27.006556081000006, 29.183306335999994, 27.332863123000003, 29.514670585999994, 27.683543914000005, 29.80552575299999, 28.073106831000004, 30.156502335999996, 28.428599456, 30.506001127999994, 28.782058081000002, 30.865910668999994, 29.131950831000005, 31.230581127999997, 29.480897831, 31.541679877999997, 29.843742913999996, 31.827513503000006, 30.143247996999996, 32.189870045000006, 30.491153788999988]
Final evolution
[[0.15256239+0.0193274j  0.04961291-0.98685851j 0.        +0.j
  0.        +0.j        ]
 [0.00741594-0.98807701j 0.15342346-0.01049166j 0.        +0.j
  0.        +0.j        ]
 [0.        +0.j         0.        +0.j         0.15196029+0.02359876j
  0.07727211-0.98507877j]
 [0.        +0.j         0.        +0.j         0.03512592-0.9874803j
  0.15365736-0.00618441j]]

********* Summary *****************
Final fidelity error 0.01221779276624435
Final penalized l2 error 0.00022154720341091978
Final penalized TV regularizer 0.10233699523575313
Final objective value 0.11455478256704632
Final norm value 1.0233699523575313
Final l2 value 0.00022154720341091978
Final error 2.00384745846834e-08
Terminate reason Exceed the maximum number of iteration of ADMM
Number of iterations 100
Completed in 0:01:04.165484 HH:MM:SS.US
Computational time 64.165484292
Time for each iteration [2.0781515420000005, 2.012461707999999, 3.879411417000002, 3.661656249999999, 5.080728458, 5.148785750000001, 6.6096738749999995, 6.638819750000002, 7.713637457999998, 7.975896667000003, 9.120338040999997, 9.397416959000005, 10.439467957999998, 10.055759000000002, 11.111961791999999, 10.873131083, 12.094214375, 11.508145208000002, 12.760215416999998, 12.202292416000002, 13.370847501, 12.885248332, 14.131135668000002, 13.905045499, 14.781144293000004, 14.56986204, 15.376408085000001, 15.177159247999999, 15.939030294000005, 15.850043955999997, 16.440309252000002, 16.464752289999996, 16.934266127000004, 17.084486664999996, 17.431155793, 17.865978957, 18.38765071, 18.317049207, 18.900985292999994, 18.676341665000006, 19.312425417999993, 19.156933499, 19.770312042999993, 19.682244415000003, 20.188499417999996, 20.114965999000002, 20.634689250999994, 20.560698416000005, 21.08442391699999, 20.999383541000004, 21.546562750999993, 21.665423832000005, 22.001823250999994, 22.257132082000002, 22.464281125999992, 22.824877749000006, 22.94323870899999, 23.44340837400001, 23.36913783399999, 23.97735495800001, 23.97142516699999, 24.39826925000001, 24.416694207999985, 24.987992375000015, 24.88282654199998, 25.41367170800002, 25.777151874999976, 25.855635625000023, 26.163884749999976, 26.27121662500002, 27.080869457999977, 26.594810167000023, 27.43458899999997, 27.004067167000027, 28.150304165999973, 27.441558959000023, 28.755012582999978, 27.804553792000018, 29.130369165999976, 28.15298825100002, 29.504908081999975, 28.47684254300002, 29.815899331999976, 28.825279210000023, 30.101582747999974, 29.210727835000025, 30.448990831999975, 29.558279793000022, 30.796745914999978, 29.907108543000017, 31.146116914999983, 30.257545418000017, 31.510822039999983, 30.606715210000015, 31.821845206999985, 30.987780876000013, 32.11231995699998, 31.287599876000016, 32.49788966599998, 31.667594626000025]
