Final evolution
[[ 2.78414952e-01+5.86471976e-02j -5.51596926e-01+5.27024244e-02j
   2.55979925e-02+1.21234597e-02j -2.23132107e-01+1.19512732e-02j
   2.74534409e-02+1.28452976e-02j -6.11982763e-02-3.20051805e-03j
  -1.79855756e-02+1.15642447e-02j -2.57861575e-02-3.84640356e-03j
  -6.98125105e-03+1.36134364e-03j  1.22467602e-02-6.54606940e-03j
  -5.08970400e-04-1.92522025e-04j  5.05803686e-03-2.42347007e-03j
   3.10586634e-01+7.64221180e-02j -6.22168756e-01+3.94647349e-02j
   2.41740502e-02+1.72848168e-02j -2.51643201e-01+5.13323602e-03j]
 [-4.89841886e-02+2.79666563e-02j -1.51084592e-02+5.61894261e-02j
  -6.03982856e-01+2.55555467e-01j -3.88865983e-02-2.34009607e-02j
   3.98217086e-03+3.68180480e-03j -2.19336563e-02+8.50172483e-03j
  -6.94478522e-02+1.63098681e-02j -1.15477859e-02-2.40268903e-03j
   7.37429156e-04-1.05763750e-03j -1.06917222e-06-1.61486489e-03j
   1.14122411e-02-1.17002310e-02j  1.14994570e-03+8.12733582e-05j
  -5.39234841e-02+2.97147337e-02j -2.31322547e-02+6.37644825e-02j
  -6.88254533e-01+2.65272916e-01j -4.45352024e-02-2.73214730e-02j]
 [ 4.50252842e-01+3.82518999e-01j  2.66904591e-01+1.09193908e-01j
  -4.34917575e-02-6.15168056e-02j  2.10590824e-02+2.01777190e-02j
   4.37141041e-02+4.96587548e-02j  2.09045316e-02+2.14055977e-02j
  -3.19922633e-03-5.83089972e-03j  2.01255675e-02-8.83364650e-03j
  -1.40513315e-02-4.45711999e-03j -7.15539714e-03+3.80854558e-05j
   1.58763049e-03+9.76745722e-04j -8.56900719e-04-7.99279739e-05j
   4.92751143e-01+4.46401587e-01j  2.94954380e-01+1.33678921e-01j
  -4.65308401e-02-7.04049125e-02j  2.65592878e-02+2.04458354e-02j]
 [ 7.10400872e-02-1.07295365e-02j -1.77459398e-01+1.18706134e-01j
   7.05281848e-03+4.88147102e-02j  5.39560852e-01-3.07270686e-01j
   2.42737118e-02+1.28774672e-02j -1.20534382e-02+1.27604602e-02j
  -1.92854655e-03+3.35134206e-03j  6.52680645e-02-2.20129549e-02j
  -1.80804940e-03+9.27614520e-04j  2.82633369e-03-4.42010587e-03j
  -5.91774098e-04-1.09907444e-03j -9.51236788e-03+1.23081974e-02j
   8.41805166e-02-7.18781078e-03j -2.01727512e-01+1.27422756e-01j
   5.70598562e-03+5.47399558e-02j  6.18129523e-01-3.25579337e-01j]
 [ 4.49657460e-02+4.86601692e-02j -1.15834933e-01-6.37969975e-02j
  -1.13138194e-02-4.41359920e-04j -4.53262359e-02-2.89724569e-02j
  -2.33911606e-01-3.53158305e-01j  6.40670730e-01+5.20011312e-01j
  -1.06550819e-02-3.96970225e-02j  2.49455500e-01+2.20622649e-01j
   2.66409958e-03+1.63063169e-03j -5.82077985e-03-1.53323612e-03j
   5.56341003e-04+2.34951860e-04j -2.31568682e-03-6.87876535e-04j
  -1.33050212e-02-1.46465531e-02j  2.89328285e-02+1.99653200e-02j
  -1.58900184e-02-9.09893406e-03j  1.16869279e-02+7.15041834e-03j]
 [-9.63249296e-03+4.58037452e-03j -2.07680094e-02+2.94920619e-04j
  -1.51913027e-01-3.14393781e-02j -8.27163897e-03-1.34271261e-02j
   7.98003215e-02+2.05443985e-02j  7.78979603e-02-4.29102874e-02j
   9.07900839e-01+3.59570619e-01j  1.81177233e-02+6.58822016e-02j
  -7.19228147e-04+1.41739193e-05j -9.88259724e-05+6.23005769e-04j
  -7.13677163e-03+3.66996487e-04j -2.06096324e-04-3.33312572e-04j
   7.10188246e-03+6.84758228e-03j -7.13634326e-03-1.20179842e-02j
   4.13122965e-02+1.16470912e-02j -2.79248278e-03-1.38490962e-03j]
 [ 3.71483687e-02+1.36506422e-01j  3.21053210e-02+5.62201454e-02j
  -8.69557620e-04-1.69120945e-02j  1.58568126e-02+1.10312740e-02j
  -7.87169030e-02-8.76413925e-01j -1.67999200e-01-3.94998317e-01j
  -1.80355732e-02+1.10438189e-01j -4.88454510e-03-4.29054322e-02j
   3.15146031e-03+5.57091795e-03j  2.43938865e-03+2.09096391e-03j
  -2.08398378e-04-8.15795800e-04j -1.80758995e-04+3.07230048e-04j
  -6.44764106e-03-3.62890788e-02j -1.46228492e-02-1.77433982e-02j
  -1.05254571e-03+5.83915845e-03j  1.47152566e-02+3.45146725e-03j]
 [ 1.62986372e-02+2.17084187e-02j -4.80214290e-02+5.51435183e-03j
  -4.92907778e-03+8.77120584e-03j  1.46715634e-01+1.39291978e-02j
  -8.82359016e-02-6.59487143e-02j  3.11123328e-01+5.82035367e-02j
   4.36258000e-02-5.87122594e-02j -8.93720702e-01-2.37701999e-01j
   6.51085911e-04-1.24349462e-04j -2.35473844e-03+4.45884270e-04j
  -1.07089075e-04+5.64927900e-04j  6.65930363e-03-1.15785811e-03j
  -3.98462464e-03+1.27062614e-02j  1.61280083e-02+7.96263613e-03j
   2.09660178e-03-4.56998542e-03j -3.99022033e-02-5.09279567e-03j]
 [ 1.33927186e-02+1.18307663e-02j -3.49462305e-02-1.16561650e-02j
  -1.55806561e-02+2.44065819e-03j -1.42693898e-02-6.66145652e-03j
   8.61805694e-04+4.01083954e-04j -2.53483291e-03+1.43319382e-04j
  -3.19075476e-03-2.89868716e-04j -1.05322301e-03-2.64254545e-04j
  -3.46300254e-01-2.51691926e-01j  7.90526782e-01+2.66048224e-01j
  -2.40957530e-02-3.31537657e-02j  3.14164557e-01+1.20786082e-01j
  -1.63608745e-02-1.91691139e-02j  4.45008083e-02+2.40483679e-02j
   1.40590690e-02-2.54565670e-03j  1.78293143e-02+1.17003204e-02j]
 [ 2.54932102e-03+4.08781074e-03j -1.63742035e-02-6.34162213e-04j
  -4.26076571e-02-1.79622861e-03j -7.21031368e-03-4.10967393e-03j
   8.76600560e-04+1.04351138e-03j -2.67974548e-03-9.05532846e-04j
  -2.57919232e-03+8.88953089e-04j -1.18722921e-03-6.07322301e-04j
   8.29887356e-02-8.98187869e-03j  5.84288476e-02-6.76328256e-02j
   9.86827837e-01+1.96333625e-02j  4.03449289e-02+5.62003496e-02j
  -5.26218639e-04-3.19688140e-03j  1.66674065e-02+2.24667341e-04j
   5.77423155e-02+1.22128462e-02j  6.68951516e-03+5.33613035e-03j]
 [ 1.74038261e-02+3.59542204e-02j  7.38476726e-03+1.55610093e-02j
  -1.04623054e-03-3.66315577e-03j  1.63020172e-02-9.60177782e-04j
   2.04073939e-03+1.94969660e-03j -4.85190292e-07+6.90007162e-04j
  -2.41661946e-04-4.70126000e-05j  3.21531200e-03+6.64697163e-05j
  -3.84243729e-01-8.02191917e-01j -2.98627302e-01-3.14449606e-01j
   2.20032053e-02+1.10968217e-01j -1.98858874e-02-3.95355597e-02j
  -1.49523543e-02-5.23301151e-02j -9.27575497e-03-2.31494035e-02j
   2.75390621e-04+5.72662460e-03j -1.48974658e-02-6.33921697e-04j]
 [ 1.21365018e-02+1.46370116e-02j -8.39500785e-03+6.84279661e-03j
  -1.57629211e-03+1.16622859e-03j  4.11441967e-02-1.84056702e-03j
   1.36319294e-03+2.81176048e-03j  1.14643534e-04+1.55002703e-03j
  -4.91752560e-05-1.83812840e-04j  2.46411001e-03-8.59878502e-04j
  -1.06331842e-01-3.15240971e-02j  3.15392626e-01-5.50432657e-02j
   2.04817624e-02-7.10143141e-02j -9.30292236e-01+9.07465214e-02j
  -1.24685996e-02-1.52320794e-02j  1.44827696e-02-4.17564101e-03j
   2.57198087e-03-2.26201043e-03j -5.65117466e-02-6.20239281e-03j]
 [-6.11389674e-02-3.07852627e-01j  2.93179770e-01+5.36588742e-01j
   3.88978130e-03-2.99503095e-02j  1.09033692e-01+2.21380500e-01j
  -1.93829134e-03-6.25587667e-02j  4.00214798e-02+1.15252096e-01j
   1.76161803e-03-5.57242555e-03j  1.41547336e-02+4.71569955e-02j
  -7.72813222e-03-2.82109048e-02j  3.64276802e-02+4.96033978e-02j
   1.52938269e-02+1.41268762e-02j  1.26758612e-02+2.21768038e-02j
   4.65848224e-02+2.80663802e-01j -2.50167735e-01-4.94461827e-01j
  -4.23656591e-03+2.74864498e-02j -9.24477317e-02-2.03639233e-01j]
 [ 4.89941292e-02+3.64068534e-02j  6.54325140e-02-7.30933664e-03j
   5.21477483e-01+5.01655282e-01j -6.10940689e-03+5.03544342e-02j
   8.42951274e-03+8.69998265e-03j  1.31659909e-02+8.48539827e-04j
   8.60525196e-02+1.15803662e-01j -2.83194848e-03+9.70318284e-03j
   3.97332033e-03-6.68661882e-03j  1.42771683e-02+1.60614103e-02j
   5.64191178e-02+4.29736761e-02j  2.69926737e-03+1.21312097e-02j
  -4.32729613e-02-3.45845993e-02j -5.94910257e-02+5.16210347e-03j
  -4.58008257e-01-4.69383282e-01j  6.96434492e-03-4.52689052e-02j]
 [ 1.92301606e-01-6.23070644e-01j -4.16530179e-03-3.17959879e-01j
  -4.33787260e-02+7.06570317e-02j  8.63950635e-03-3.10337121e-02j
   5.83372649e-02-1.16212149e-01j  9.61492324e-03-6.26179230e-02j
  -1.08400341e-02+1.24730465e-02j  2.67844731e-03-6.00530339e-03j
   1.14292642e-02-6.53978927e-02j  2.22714641e-03-2.65551996e-02j
  -2.00027813e-03+6.59781254e-03j -1.56958441e-02-1.75163345e-02j
  -1.92049613e-01+5.58851638e-01j -5.25657909e-03+2.88289412e-01j
   4.13573752e-02-6.27645215e-02j -8.90404276e-03+2.74409771e-02j]
 [-4.17704361e-02-7.01493663e-02j  1.97038725e-01+1.27239595e-01j
   4.63803407e-02-2.79872969e-02j -5.45981504e-01-4.14123846e-01j
  -5.85935842e-03-1.53098956e-02j  3.45869375e-02+3.14493838e-02j
   1.00865406e-02-3.96450615e-03j -9.37946040e-02-9.94571326e-02j
   2.63047166e-03-2.54613753e-02j  2.12600962e-02+5.05523120e-04j
   2.76579516e-03-1.22893805e-03j -5.75218999e-02-3.59427056e-02j
   3.61525267e-02+6.44425349e-02j -1.74743833e-01-1.21094815e-01j
  -4.28688820e-02+2.40499346e-02j  4.82742240e-01+3.90765932e-01j]]

********* Summary *****************
Final fidelity error 0.35206617450696487
Final penalized l2 error 6.592405245445449e-06
Final penalized TV regularizer 0.008792727911625739
Final objective value 0.3608588988730281
Final norm value 8.792727911625738
Final l2 value 6.592405245445449e-07
Final error 3.1032848925333726e-07
Terminate reason Exceed the maximum number of iteration of ADMM
Number of iterations 100
Completed in 0:39:22.995977 HH:MM:SS.US
Computational time 2362.995977333
Time for each iteration [600.738926875, 77.79676304200007, 655.6758422909999, 126.57865508400016, 694.3066520409998, 170.37496008400024, 739.3482803739997, 209.69940379300022, 793.4128413739998, 258.6277127510002, 839.2139889159998, 301.4020327920002, 886.2500472499999, 346.2547068330002, 929.1862669589998, 388.1269583740002, 958.3560292929999, 415.48865954000007, 983.8586505019998, 439.44534712300015, 1006.8763328769999, 463.0196046230001, 1027.614236835, 485.459133498, 1048.66997096, 501.2016905400001, 1070.2801871269999, 523.3960958730001, 1086.0012872519999, 544.8243660810001, 1103.173877711, 560.243399664, 1122.443071044, 573.420989664, 1137.480554711, 585.250720497, 1153.930558753, 601.173505747, 1169.24613817, 617.4980034969999, 1180.528003336, 631.1634436219999, 1194.0749345450001, 644.1497904969999, 1207.7305143780002, 654.2931773719997, 1217.0659566700003, 664.6821424549996, 1230.9953809200003, 677.6598339129996, 1239.1460280040003, 687.8802079539996, 1257.2152755460004, 696.1309765789997, 1266.2497989210003, 707.3826953289997, 1275.8078345040003, 716.6778164539996, 1287.7546366290003, 725.2198836209998, 1297.7330990870003, 733.4575553299996, 1311.2810450030004, 743.9314734550001, 1320.170369962, 754.884853538, 1330.8682372540004, 772.0872326629999, 1339.3741090870005, 780.3174135379998, 1348.6329772950005, 789.5832383299996, 1355.3996647950005, 801.3468597049998, 1363.0757049620004, 809.9404399549996, 1371.1466953780007, 818.2712097049996, 1380.7779460030008, 823.4447727049994, 1386.7699975030007, 833.1841767889994, 1392.0744780440007, 845.6412939559993, 1397.905244919001, 853.4170497479993, 1407.616249294001, 863.1191724559992, 1413.5914441270008, 871.0428717899993, 1420.5665662930007, 880.8673929149993, 1431.2963342100009, 886.4270619149995, 1438.6810787520005, 896.6719559979995, 1446.3106915440005, 902.7299506229995, 1452.7798315850007, 910.2161457479995]
