Final evolution
[[ 6.05080014e-04-2.97134718e-05j -7.24737834e-03-9.99973554e-01j
  -3.88164454e-07-1.91333945e-07j  1.62039057e-07-1.78286812e-07j]
 [-7.28453810e-03-9.99973284e-01j  6.05447906e-04+2.09175928e-05j
   2.63625336e-07-9.52055983e-07j -4.04077440e-07-1.37121931e-07j]
 [-4.02724486e-07+1.43237478e-07j  1.64384268e-07+1.75459191e-07j
   6.05082794e-04-2.96567822e-05j -7.15369158e-03-9.99974229e-01j]
 [ 2.77173280e-07+9.47664607e-07j -3.86052821e-07+1.97157201e-07j
  -7.19085136e-03-9.99973962e-01j  6.05445944e-04+2.09743166e-05j]]

********* Summary *****************
Final fidelity error 1.8477254759563522e-07
Final penalized l2 error 5.9331226863962384e-09
Final penalized TV regularizer 0.00037561281152015326
Final objective value 0.00037579756323252646
Final norm value 3.7561281152015327
Final l2 value 5.9331226863962384e-09
Final error 2.528862429099919e-08
Terminate reason Exceed the maximum number of iteration of ADMM
Number of iterations 100
Completed in 0:00:17.489424 HH:MM:SS.US
Computational time 17.48942375
Time for each iteration [1.2065579169999996, 1.1548305829999999, 2.041558417, 1.461064125, 2.320753, 1.6260404169999996, 2.4723982500000004, 1.7840437499999995, 2.614156459, 2.0241111249999992, 2.7641598750000007, 2.1609198749999994, 2.914258125, 2.2981314170000005, 3.0525059169999995, 2.453641458, 3.262697833999999, 2.595254583000001, 3.4015021669999985, 2.733066000000001, 3.5043405839999995, 2.8355039160000004, 3.6072652929999993, 2.977692457, 3.7129097929999997, 3.0840171660000006, 3.8160424589999984, 3.186501625000002, 3.919500208999999, 3.291126041, 4.076054376, 3.3970766660000002, 4.181631167999999, 3.500090999000001, 4.325944750999998, 3.604400666000002, 4.437580333999998, 3.708507250000002, 4.541050583999997, 3.8607417500000025, 4.692696749999998, 4.002269000000002, 4.907275333999998, 4.106800916000003, 5.061700417999997, 4.335940457000003, 5.164425376999997, 4.508810582000002, 5.323704584999998, 4.667031665000001, 5.475840334999999, 4.806388582, 5.5817747099999995, 4.909387665000001, 5.685250002, 5.015057539999999, 5.842447752, 5.159649164999999, 5.951091794, 5.266172956, 6.161804753, 5.421280247, 6.3056805869999994, 5.572438455, 6.411958837, 5.680982622, 6.566490628, 5.836982788999999, 6.720022045000002, 5.976016663999998, 6.871683920000001, 6.138947663999998, 7.0250710450000025, 6.307304871999998, 7.203347920000001, 6.463116704999999, 7.374705504, 6.660585705000001, 7.531199294999999, 6.800067289000003, 7.666462335999997, 6.924918206000003, 7.772350502999997, 7.116914081000003, 7.942252835999996, 7.332163664000005, 8.095218502999996, 7.474242706000004, 8.246716502999996, 7.626080497000002, 8.367065627999997, 7.837374331000001, 8.514641585999998, 7.998920414000002, 8.662730127999998, 8.183263747000003, 8.773196919999995, 8.375331622000006, 8.946989086999993, 8.542434663000007]
Final evolution
[[ 6.05080014e-04-2.97134718e-05j -7.24737834e-03-9.99973554e-01j
  -3.88164454e-07-1.91333945e-07j  1.62039057e-07-1.78286812e-07j]
 [-7.28453810e-03-9.99973284e-01j  6.05447906e-04+2.09175928e-05j
   2.63625336e-07-9.52055983e-07j -4.04077440e-07-1.37121931e-07j]
 [-4.02724486e-07+1.43237478e-07j  1.64384268e-07+1.75459191e-07j
   6.05082794e-04-2.96567822e-05j -7.15369158e-03-9.99974229e-01j]
 [ 2.77173280e-07+9.47664607e-07j -3.86052821e-07+1.97157201e-07j
  -7.19085136e-03-9.99973962e-01j  6.05445944e-04+2.09743166e-05j]]

********* Summary *****************
Final fidelity error 1.8477254759563522e-07
Final penalized l2 error 5.9331226863962384e-09
Final penalized TV regularizer 0.00037561281152015326
Final objective value 0.00037579756323252646
Final norm value 3.7561281152015327
Final l2 value 5.9331226863962384e-09
Final error 2.528862429099919e-08
Terminate reason Exceed the maximum number of iteration of ADMM
Number of iterations 100
Completed in 0:00:17.236952 HH:MM:SS.US
Computational time 17.236951791
Time for each iteration [1.2129397910000002, 1.1427672919999994, 2.0455347490000007, 1.4501272089999988, 2.3262290410000013, 1.6140771669999987, 2.4782420410000014, 1.7660028339999991, 2.6169486660000008, 2.0093419999999993, 2.769413041, 2.1474610420000007, 2.9208086239999993, 2.2861842510000008, 3.060286206999999, 2.4247439180000017, 3.264865956999998, 2.562600126000002, 3.4025138739999985, 2.700997626000002, 3.505869248999998, 2.803623209000002, 3.607933790999997, 2.941856834000002, 3.7103847069999976, 3.0454823340000017, 3.812310040999998, 3.147811917000001, 3.9145809159999985, 3.250201417000002, 4.067070540999998, 3.3525725420000017, 4.169302873999998, 3.454676709000002, 4.308579498999999, 3.5566994170000017, 4.411391332999997, 3.659098625000002, 4.513866999999998, 3.812314125000004, 4.665207290999994, 3.950045625000005, 4.8682132909999964, 4.051816375000005, 5.018730165999994, 4.280198459000005, 5.129025248999994, 4.458413251000007, 5.283537039999992, 4.611300626000009, 5.44221912399999, 4.75512370900001, 5.5484284159999895, 4.85932587500001, 5.652182582999991, 4.962966125000008, 5.808750457999992, 5.102422833000009, 5.914556416999989, 5.207385083000009, 6.120784957999991, 5.364707208000009, 6.263597332999989, 5.505678750000008, 6.36758108299999, 5.610127708000007, 6.520249791999991, 5.765633083000008, 6.67806766699999, 5.905378499000008, 6.830292125999989, 6.058688915000008, 6.98384975099999, 6.215422540000009, 7.13999862599999, 6.370801957000008, 7.2933289589999895, 6.50985304100001, 7.458327708999988, 6.655663207000011, 7.5654352929999895, 6.766432623000011, 7.6763613769999886, 6.97165024800001, 7.83344095999999, 7.19360024800001, 7.984456709999989, 7.344820290000008, 8.15010587599999, 7.51264212400001, 8.260543083999988, 7.7186999570000125, 8.407016708999986, 7.884985207000014, 8.550433667999986, 8.060675998000011, 8.661763251999986, 8.239618164000014, 8.818896335999984, 8.418055455000015]
