Final evolution
[[ 2.91566632e-02+2.90644119e-01j -7.04604172e-03-3.93590361e-02j
  -7.61103693e-03+5.17954642e-02j  1.28631782e-02+2.49185553e-01j
  -4.42346401e-02+2.21175445e-02j  4.84165966e-03-3.66441485e-03j
  -4.94906824e-03+6.13932020e-03j -3.84798744e-02+1.75357976e-02j
  -3.12076767e-03-5.78479028e-02j  1.03431872e-03+7.85630464e-03j
   1.96911362e-03-1.01584799e-02j -2.74421666e-04-4.94816073e-02j
  -5.95693519e-02-6.83510700e-01j  1.51721393e-02+9.25703749e-02j
   1.99203705e-02-1.20413141e-01j -2.25693244e-02-5.85516436e-01j]
 [ 6.64217227e-03+6.09453834e-02j  3.31633873e-02+4.79205405e-02j
   4.12137604e-02-3.75217902e-01j  7.13040721e-03+1.56593708e-02j
   8.01839152e-03+4.82177522e-03j  5.65731820e-03-3.47961294e-03j
  -4.00527343e-02-9.22035520e-03j  2.69580150e-03+3.47054534e-03j
  -6.64088923e-04-1.21344257e-02j -6.05234096e-03-9.87544417e-03j
  -1.22916659e-02+7.39999037e-02j -1.25663183e-03-3.15959008e-03j
  -1.05306626e-02-1.44138766e-01j -7.44963312e-02-1.16414949e-01j
  -1.29264507e-01+8.85432541e-01j -1.55537276e-02-3.70206549e-02j]
 [ 5.13837595e-03-6.96171343e-02j -2.82481657e-02-3.74733702e-01j
   3.66164698e-02-5.63676479e-02j -1.21359427e-02+3.40716920e-02j
   8.83650218e-03-6.09954332e-03j  5.77016059e-02-2.71918941e-02j
   1.10343937e-02+2.01625625e-03j -3.32595429e-03+3.47870732e-03j
  -1.64670032e-03+1.37232810e-02j  2.17405185e-03+7.44986624e-02j
  -7.76678010e-03+1.08300046e-02j  2.70567427e-03-6.61343131e-03j
  -1.45156769e-02+1.62698160e-01j  5.48890976e-02+8.80944868e-01j
  -8.77179433e-02+1.31168029e-01j  2.98834923e-02-7.88624659e-02j]
 [-2.19138838e-02+2.38071709e-01j -1.29004708e-02-7.36894031e-02j
   2.39541131e-03+1.64992928e-02j  3.73677188e-02-2.92418423e-01j
   2.55373338e-02+4.82933212e-03j -9.70276314e-03-5.70235319e-03j
   2.28133806e-03-1.03625830e-03j -3.11516207e-02-7.83366895e-03j
   6.96151378e-03-4.70019308e-02j  1.77129939e-03+1.47232092e-02j
  -2.87385972e-04-3.30334743e-03j -1.06203532e-02+5.76119111e-02j
   7.20167503e-02-5.62253463e-01j  2.42908793e-02+1.74625270e-01j
  -4.17706536e-03-3.94349689e-02j -1.13169824e-01+6.89581173e-01j]
 [-2.51093609e-02+4.34698695e-02j  2.27617424e-03-5.58253455e-03j
  -9.35565142e-04+6.18615737e-03j -2.26792552e-02+3.62771061e-02j
  -9.63687485e-02+7.41158939e-01j -6.25154852e-03-8.95792863e-02j
   4.85669387e-02+1.09562890e-01j -1.02548188e-01+6.30946980e-01j
   2.65689552e-03-3.44111297e-03j -2.67560410e-04+3.96303218e-04j
  -1.95202692e-05-2.36277452e-04j  2.33586002e-03-2.82595666e-03j
   3.51453622e-02+4.48435180e-02j -6.02081802e-03-4.78290353e-03j
   1.10597244e-02+7.65791464e-03j  2.88840529e-02+3.97598640e-02j]
 [-1.13932080e-04-8.38010890e-03j -9.30934225e-03-6.25258098e-03j
   1.81880836e-02+6.63134638e-02j  1.94662192e-03-6.85983722e-04j
   3.11469517e-02-1.35760352e-01j -1.12344059e-01-1.12293322e-01j
   5.88801942e-02+9.70727149e-01j  3.68557071e-02-1.96555105e-02j
   7.15599681e-04+1.15876228e-03j  1.53273111e-03+4.40665128e-04j
  -5.47059023e-03-8.36134265e-03j  3.42647209e-05+1.99695318e-04j
   7.38622815e-03-6.76752722e-03j  5.32996760e-04-8.07896464e-03j
  -3.74322921e-02+3.51129884e-02j  2.89610756e-03-2.01116062e-03j]
 [ 4.21900536e-03-8.93869396e-03j  3.35935336e-02-5.53175214e-02j
   1.03717879e-02-4.41429764e-03j -9.71999903e-04+3.42319185e-03j
  -1.04660860e-02-1.59223675e-01j  1.45599469e-01-9.53543317e-01j
   1.16329923e-01-1.22063369e-01j  2.60880646e-02+6.79819964e-02j
  -3.57429690e-04+5.30274073e-04j -3.50827673e-03+4.35991053e-03j
  -9.16011975e-04+2.41099171e-04j -1.56328905e-05-6.51282506e-05j
  -1.09177114e-02-1.08172089e-02j -4.39367022e-02-5.89849465e-02j
  -4.26094252e-04-1.32027292e-02j  6.95622390e-03+5.71050532e-03j]
 [-1.27680376e-02-4.22022996e-02j  6.25739366e-04+9.52276646e-03j
  -2.14809991e-03-3.62941091e-03j  1.31842437e-02+5.19788201e-02j
  -5.58309335e-02-6.19740409e-01j -3.04260731e-02+1.58274729e-01j
  -2.34308290e-02-5.45037395e-02j  3.10326101e-02+7.57957884e-01j
   3.60977887e-03+5.25537460e-03j -9.29938021e-04-1.30567895e-03j
   4.05080846e-04+3.58365316e-04j -4.14609540e-03-6.60129074e-03j
   2.30207032e-02-2.28546231e-02j -8.62941587e-03+8.50520840e-03j
   7.76260471e-04-2.33914063e-03j -2.97721424e-02+2.68494288e-02j]
 [ 3.72563435e-02-4.34510365e-02j -3.74255019e-03+6.47680037e-03j
   4.92947609e-03-9.75840399e-03j  3.34167387e-02-3.59824903e-02j
  -2.53255915e-03-3.51381965e-03j  3.10557622e-04+4.22968445e-04j
  -6.92996639e-05-3.25107499e-04j -2.01022345e-03-3.05225620e-03j
  -7.11362470e-02-7.42280519e-01j  1.73840876e-02+1.00477683e-01j
   2.04448804e-02-1.31220215e-01j -3.00082833e-02-6.36147718e-01j
   2.38688438e-02+4.42295141e-02j -3.34159646e-03-5.70455678e-03j
   7.77244128e-04+7.00965979e-03j  1.84716569e-02+3.85238443e-02j]
 [-8.06707170e-03-9.12739344e-03j -7.88026933e-03-4.57907257e-04j
   3.44376287e-02+3.77556624e-02j -3.10663155e-03-4.36838424e-03j
   7.34831658e-04-1.14600237e-03j -8.61255032e-05-1.58019696e-03j
  -6.07497651e-03+7.94367640e-03j  7.97019252e-05-1.75651140e-04j
  -1.33337826e-02-1.56415099e-01j -8.23753160e-02-1.25340090e-01j
  -1.28660424e-01+9.62566175e-01j -1.73706047e-02-4.00840430e-02j
  -1.83965111e-03+9.13544677e-03j  3.86760968e-03+1.00498370e-02j
   2.27640479e-02-6.47044919e-02j  2.81650583e-04+1.43480220e-03j]
 [-8.25266036e-03+1.11545923e-02j -4.93949325e-02+5.48396767e-02j
  -1.28566801e-02+2.78434066e-03j  3.87184308e-03-5.92541642e-03j
   3.02911631e-04+6.75397895e-04j  3.15692974e-03+4.58512306e-03j
  -5.09767955e-05+9.55662232e-04j  6.43578204e-05-2.15411614e-04j
  -1.41997825e-02+1.77065418e-01j  6.78921509e-02+9.56901064e-01j
  -9.41055881e-02+1.43390336e-01j  3.16821485e-02-8.61200624e-02j
  -2.82202712e-03-1.02881109e-02j -2.93347440e-02-5.75834705e-02j
   2.11627824e-03-1.12210013e-02j -7.59290345e-04+4.85270499e-03j]
 [-2.22878543e-02-2.30093797e-02j  1.01442328e-02+1.09069745e-02j
  -2.30761108e-03-3.24390020e-04j  2.63731810e-02+3.00307974e-02j
   3.76968151e-03-5.13972246e-03j -7.70735747e-04+1.42543973e-03j
   2.11386502e-04-4.69587796e-04j -4.85243146e-03+6.11047027e-03j
   7.07701146e-02-6.11084858e-01j  2.86659546e-02+1.89357335e-01j
  -5.06763137e-03-4.27151625e-02j -1.13764733e-01+7.49820770e-01j
  -1.37267068e-02+4.14549961e-02j  1.33768959e-03-1.10866486e-02j
  -4.51475262e-04+3.41134378e-03j  1.86705511e-02-5.01770431e-02j]
 [ 8.27940809e-02-6.82681903e-01j  6.44532712e-03+8.23426676e-02j
  -4.55776227e-02-1.00240003e-01j  8.93427836e-02-5.81310360e-01j
  -5.08944509e-03+5.78445162e-02j -7.78433100e-04-6.93759032e-03j
   4.12761541e-03+8.38113598e-03j -5.92608115e-03+4.93119689e-02j
   4.27978905e-02+2.37210526e-02j -6.49531050e-03-2.13303036e-03j
   1.06177276e-02+4.48298643e-03j  3.60115353e-02+2.19519926e-02j
   3.90380632e-02-2.90153397e-01j  2.32934236e-03+3.51635350e-02j
  -1.87684944e-02-4.34189034e-02j  4.12908390e-02-2.47011871e-01j]
 [-2.70749307e-02+1.25338388e-01j  1.04742324e-01+1.02216729e-01j
  -6.50537204e-02-8.93725288e-01j -3.36407222e-02+1.84483655e-02j
   2.09809467e-03-1.05886389e-02j -8.95186985e-03-8.39200846e-03j
   6.92315327e-03+7.47972654e-02j  2.82037491e-03-1.63286000e-03j
   6.73341205e-03-2.95518573e-03j  4.08443387e-03-4.90568712e-03j
  -4.10045695e-02+6.20087321e-03j  1.86659682e-03-1.60777727e-03j
  -1.36013407e-02+5.26791243e-02j  4.26718076e-02+4.46478147e-02j
  -1.40447187e-02-3.77761555e-01j -1.47301645e-02+7.46356824e-03j]
 [ 1.09045153e-02+1.46295334e-01j -1.26400067e-01+8.78478453e-01j
  -1.06055370e-01+1.13215626e-01j -2.45640100e-02-6.22015277e-02j
  -1.32929047e-03-1.23476811e-02j  8.22711932e-03-7.44903218e-02j
   8.63780249e-03-9.85270483e-03j  2.24696595e-03+5.21861245e-03j
  -1.18286511e-02-6.30647226e-03j -5.44070816e-02-3.19619850e-02j
  -4.63933716e-03-1.04088434e-02j  6.83636218e-03+3.82737525e-03j
   3.78603701e-03+6.26622571e-02j -5.87082900e-02+3.73265786e-01j
  -4.58022552e-02+4.76408154e-02j -1.00421494e-02-2.69977647e-02j]
 [ 5.83203371e-02+5.70382495e-01j  2.61253567e-02-1.46051653e-01j
   2.21626145e-02+4.99553812e-02j -3.70310950e-02-6.97998423e-01j
  -5.83231410e-03-4.77058864e-02j -1.99573532e-03+1.23331033e-02j
  -1.95131852e-03-4.14891277e-03j  4.25160368e-03+5.84398120e-02j
   2.58283116e-02-4.40129831e-03j -8.05784773e-03+4.10641226e-03j
   1.52933694e-03-7.06744565e-04j -3.21176870e-02+4.25032715e-03j
   1.60951778e-02+2.41328457e-01j  1.36077223e-02-6.14849356e-02j
   8.68323598e-03+2.13970931e-02j -5.15299687e-03-2.94829261e-01j]]

********* Summary *****************
Final fidelity error 0.1906577847776253
Final penalized l2 error 0.0025788694925454082
Final penalized TV regularizer 0.0015751259603479287
Final objective value 0.19223290386190106
Final norm value 15.751259603479287
Final l2 value 0.025788694925454082
Final error 9.995172512907363e-09
Terminate reason Exceed the maximum number of iteration of ADMM
Number of iterations 100
Completed in 0:10:03.843089 HH:MM:SS.US
Computational time 603.8430885
Time for each iteration [64.81520816700001, 33.122019208, 91.970009917, 53.04397029199998, 107.66180316700002, 68.10841058299997, 121.38320258400003, 78.69963316599996, 130.18211658400003, 87.09838149999996, 138.57385520900004, 95.05037774999994, 146.76618070900005, 102.27617012499994, 154.54294741700008, 109.42615283299992, 162.42867129200008, 116.24863470799991, 170.42045816700008, 122.42349829199989, 176.7542665000001, 128.83083679199987, 182.89122862500014, 135.50281870899985, 189.26755395800015, 141.82401870899983, 195.47691566600017, 147.4170710009998, 201.78349366600017, 153.13962787599982, 206.2062977910002, 157.97842670899982, 210.62964350000018, 162.6763584999998, 215.03392725000018, 167.5196962919998, 219.00223904200018, 171.63576758299982, 223.13360808400014, 175.47640570799987, 227.50644775100014, 179.90033908299986, 231.47349916700014, 184.15721962499984, 235.45598670900014, 188.56671254099987, 239.28281275100014, 192.68454979099985, 243.54062233400012, 197.2135992909999, 247.5259743760001, 201.6006879579999, 251.77838004200012, 205.5764431669999, 256.02940479200015, 210.12248695799985, 260.43469620900015, 214.50268066599983, 264.02847712600015, 217.66422491599985, 267.39194691800014, 220.88663387399987, 270.6149506680001, 223.98076437399988, 273.8487398350001, 227.07348387399986, 276.7969519180001, 230.15253708199987, 280.02371358500017, 233.09819008199992, 282.96521587700016, 236.32795812299986, 286.0482408770002, 239.4127248319998, 289.13144366800026, 242.35368087399974, 292.0736604180003, 245.29267979099978, 295.29603679300027, 248.23650724899977, 298.2826952100003, 251.1854376649997, 301.22527891900035, 254.1314395809997, 304.3241870030003, 256.93112374699973, 307.26613750300027, 260.3054546639998, 310.2047865450002, 263.24761862199983, 313.14149712800025, 266.1861192889998, 316.0776221280002, 269.12809353899985, 319.0235119200002, 272.3520344549998, 322.2581827120003, 275.2853850379998, 325.4796864620003, 278.3634020379997]
