Final evolution
[[ 3.84389122e-03+9.37976137e-03j  2.22460485e-03-9.99946146e-01j
  -7.15043000e-09-4.78833147e-07j -8.93529779e-08+5.34999738e-07j]
 [ 1.58541675e-03-9.99947364e-01j  3.87960219e-03-9.36504725e-03j
  -8.06127944e-08+4.62060410e-07j  1.06472258e-07-4.34617098e-07j]
 [ 1.09929640e-07+4.43798443e-07j -8.90322589e-08-5.35394621e-07j
   3.83715052e-03+9.38252093e-03j  2.94310296e-03-9.99944290e-01j]
 [-8.12602798e-08-4.62309152e-07j -7.03899483e-09+4.68795622e-07j
   2.30391590e-03-9.99945967e-01j  3.88633032e-03-9.36225719e-03j]]

********* Summary *****************
Final fidelity error 5.1494638374394164e-05
Final penalized l2 error 2.1800304639472617e-07
Final penalized TV regularizer 0.0015066851006693411
Final objective value 0.001558179613765503
Final norm value 1.5066851006693411
Final l2 value 2.1800304639472617e-07
Final error 1.0885605897875421e-07
Terminate reason Exceed the maximum number of iteration of ADMM
Number of iterations 100
Completed in 0:01:29.083784 HH:MM:SS.US
Computational time 89.08378350000001
Time for each iteration [1.947516625, 1.9646790840000001, 3.4501920829999992, 3.7907831670000007, 5.318837374999999, 5.572173417, 7.1398407079999995, 7.205362000999999, 8.872990415999999, 8.958766543000001, 10.311224873999999, 10.367152793, 11.768586748999999, 11.387179585, 13.319216999, 12.368798584999999, 14.856392249, 13.37629146, 16.243703665000005, 14.380886959999991, 17.259292290000012, 15.676679626999984, 18.434974707000016, 16.78428420999998, 19.79130116500002, 17.77646166899998, 20.809874581000024, 19.008632960999975, 21.62999945600002, 20.02928329399998, 22.813592831000015, 20.87099996099998, 23.81280870600002, 21.891270960999982, 24.816159956000014, 22.542251668999988, 25.864478123000012, 23.119792751999988, 26.633372873000013, 24.147458710999985, 27.201348123000017, 25.12716925199998, 27.75395408200002, 26.098844292999978, 28.45060345700002, 27.04971058499998, 29.14594562400002, 27.755461459999978, 30.069297290000023, 28.222467834999975, 31.018019207000023, 28.74968583499998, 31.802262832000018, 29.691914959999977, 32.46601141500002, 30.520346709999984, 33.40969937400002, 31.28238316799999, 34.10257962400002, 32.12677879299998, 34.913097499000024, 32.82389670999998, 35.776957290000034, 33.22246120999997, 36.33296299900004, 34.02083025099997, 36.78098354100003, 34.59050308399997, 37.10119879100004, 35.584053375999964, 37.59428670800005, 36.06157500099996, 38.18720312400004, 36.744675667999964, 38.602599457000046, 37.37455054299996, 39.42537520700004, 37.777875501999965, 39.90463333200004, 38.41279745999997, 40.24550641500003, 39.18558545999998, 40.637313832000025, 39.74368208499998, 41.348408707000026, 40.137947209999986, 41.71300499900003, 41.088445167999986, 42.164576541000024, 41.65530266799998, 42.592358332000025, 42.32561950199999, 42.91966112300002, 43.16027321099998, 43.33424062300002, 43.676483793999985, 43.97633079000003, 44.01898233499998, 44.686666790000025, 44.397116709999985]
