Final evolution
[[ 8.60906358e-03+1.04263982e-03j  6.25520152e-03-2.26959735e-02j
  -2.42355822e-02-3.93197551e-02j -4.03759012e-01+5.32000168e-01j
  -7.25537243e-03-3.84088633e-03j -7.20187288e-03+2.23739911e-02j
  -2.69791847e-02+1.32083724e-02j  6.21881939e-01-3.84773988e-01j
  -3.58232129e-03-6.55539230e-05j  1.32617434e-02+4.25090061e-02j
   2.99341818e-03-2.11110107e-03j -1.18529240e-02+1.28961052e-02j
   1.05820693e-03+2.21144274e-03j  3.63275916e-03-5.26532650e-02j
  -1.58222430e-03-2.73903589e-03j -4.87727604e-02+8.59358434e-02j]
 [-1.11051566e-02+1.85632975e-02j -8.32796128e-04+8.72490613e-03j
   4.73067013e-01-4.72941555e-01j  3.00499249e-02-3.02806042e-02j
   1.06995979e-02-1.70362238e-02j  4.26006090e-03-7.09546137e-03j
  -6.67239850e-01+2.97008269e-01j -2.00325489e-02-3.19252649e-02j
  -7.42088035e-03-4.39842783e-02j -6.31166412e-04-3.28907469e-03j
   1.31305699e-02-1.10726467e-02j  2.66962870e-03+2.49962547e-03j
  -1.10011163e-02+5.11222963e-02j -2.77409823e-03+1.22452543e-03j
   6.02003262e-02-7.85259417e-02j  2.69930503e-03-1.37170816e-03j]
 [-3.47278569e-01-5.70239032e-01j -3.38274653e-02+1.46501781e-02j
  -4.94955184e-03-2.15262382e-02j -9.07979998e-03-7.23904585e-04j
   1.22803727e-01+7.19624873e-01j  1.53052973e-02-4.62244394e-02j
  -5.63647991e-03+2.90990592e-02j  9.24006789e-03+2.28317137e-03j
  -1.15083897e-02+7.76563379e-03j  3.02954692e-03+9.69258422e-04j
  -5.13786966e-02+3.81399005e-03j  9.18055747e-05+2.60310767e-03j
  -5.45364835e-02-8.47979601e-02j -2.08405555e-03+6.14433402e-03j
   5.23327256e-02+1.34740023e-02j -4.08772905e-03-2.55625408e-03j]
 [ 2.73669966e-02-2.28611623e-02j  5.75391960e-01-3.37470525e-01j
   8.54753694e-03+1.35247605e-03j  2.40822249e-02-2.01960603e-03j
   2.06200063e-03+5.17464190e-02j -7.21809809e-01+1.11006968e-01j
  -7.74512061e-03-2.62282694e-03j -3.04763152e-02-9.96527270e-03j
  -2.97364969e-03-3.22306598e-04j -7.22243507e-03-1.17079251e-02j
  -9.27192973e-04-2.45667982e-03j -2.86537800e-03-5.13487487e-02j
  -2.75031160e-04-6.74899099e-03j  8.54443969e-02-5.31579242e-02j
   4.92408445e-03+1.69720853e-03j -1.39497026e-02+5.24835143e-02j]
 [-4.94007014e-03+6.35211238e-03j  1.77334230e-02+1.38568523e-02j
   1.49407196e-02+3.59191623e-02j -3.02513022e-01-6.68985396e-01j
  -6.85307689e-03+5.20246905e-03j  1.32729766e-02+2.14208403e-02j
   3.29937813e-02-4.10082067e-03j -3.79043669e-02-6.68511888e-01j
   2.67855591e-03-2.44907715e-04j -5.02401969e-02-8.93956934e-03j
  -9.68879374e-04+2.10054666e-03j  5.42256097e-02+2.51373554e-03j
   1.64205626e-03-2.37913534e-03j -3.78211573e-02-2.54121156e-02j
   4.03158322e-04+2.19099963e-03j -2.13452008e-02+2.43299281e-02j]
 [-1.15075832e-02-1.62367929e-02j -6.49252352e-03-5.42070444e-03j
   2.09349298e-01+7.02811998e-01j -3.33187873e-02+2.48908697e-02j
  -6.92236994e-03-2.17423269e-02j -5.06581362e-03-6.64441074e-03j
  -5.19073792e-02+6.68877969e-01j  8.16941500e-03+2.45462654e-02j
   4.83417305e-02+1.58371501e-02j  8.91769703e-04+2.92999134e-03j
  -5.32902102e-02-1.01114525e-02j -2.24647529e-03-6.36262272e-04j
   3.40135600e-02+3.00667924e-02j  2.04465952e-03+1.04935703e-03j
   2.45071508e-02-2.14725546e-02j -1.92649011e-03+1.66975003e-03j]
 [ 7.34136201e-01-3.05871008e-02j -4.10208104e-02-1.28410994e-02j
   2.52144406e-02+5.87536198e-03j  3.33318526e-03-8.26589829e-03j
   6.32467449e-01+2.08398979e-01j  1.04486584e-02-5.36307701e-02j
   1.76070951e-02+1.53217336e-02j  7.65945950e-03-6.24232858e-03j
  -2.88465963e-02+3.43980440e-02j  3.35202492e-03-1.72248335e-04j
   2.21781775e-02-5.02044859e-02j -2.13061304e-03+3.23187027e-03j
  -2.96371241e-02-4.22381690e-02j -1.97172851e-03+4.83584955e-03j
   3.57028625e-02-3.74267658e-02j -3.77488386e-03-2.17631242e-03j]
 [ 4.31794960e-02+2.32343674e-03j  1.74551146e-02+7.34937792e-01j
  -3.89058310e-03+6.95906191e-03j -1.03477577e-02+2.61860627e-02j
   6.47324520e-03+5.23612248e-02j -2.19349554e-01+6.28313513e-01j
  -7.30881665e-03+5.44205751e-03j -1.91675911e-02+1.68797828e-02j
  -3.40131759e-03+1.05304018e-03j -3.39287064e-02-2.91871531e-02j
   1.59941901e-03-3.69777444e-03j  4.98927362e-02+2.28355048e-02j
  -9.66311840e-05-5.30185955e-03j  4.25962697e-02-2.87504007e-02j
   4.22254653e-03+9.85267579e-04j  3.68851679e-02+3.65146633e-02j]
 [ 2.86904912e-03-1.24649070e-03j -7.21485017e-02-1.76166218e-02j
  -1.53126938e-03-8.34484627e-04j  3.57247751e-02+7.96697230e-04j
  -1.82748067e-04-2.66906010e-03j  1.33545414e-02-1.27513913e-02j
  -9.83596961e-04+1.86084907e-03j  3.90749583e-02+3.51454961e-02j
  -8.35571484e-03-4.68541568e-04j -7.61557760e-03+3.18001801e-02j
   6.86112188e-05+3.95729923e-02j  6.35232052e-01-7.20153827e-01j
   2.51248619e-04-1.54031494e-03j -3.12553986e-03-7.23264886e-03j
   2.42884369e-02+8.75810187e-03j  5.21685383e-02+2.48557093e-01j]
 [ 6.91460825e-02+2.74395374e-02j  1.66029154e-03+2.59892253e-03j
  -3.50788513e-02-5.90149971e-03j  6.50868007e-05-2.05590983e-03j
  -1.51183111e-02+1.10033426e-02j  2.51961691e-03-1.13945187e-03j
  -3.40553219e-02-4.00114858e-02j -1.16660099e-03-2.64057018e-04j
   1.46136766e-02-2.59175416e-02j  4.58645712e-04-8.59217732e-03j
  -7.26822692e-01+6.28019623e-01j -3.86328986e-02+6.15017538e-03j
   7.09142115e-04+7.30340630e-03j  1.12658988e-03+2.45857692e-04j
  -1.95713255e-02-2.52252021e-01j  2.95542520e-03+2.86331900e-02j]
 [ 1.40198085e-02+3.59114248e-02j  9.83018733e-04-4.40634696e-03j
   2.19221417e-02-5.95940873e-02j -3.61998150e-03+8.53164821e-04j
  -5.08271921e-02+2.36070679e-02j  4.52994751e-03+3.51840131e-03j
   7.49350389e-03+1.41495885e-02j  2.40456197e-04-2.46844476e-03j
   5.45798119e-01+7.90995442e-01j  1.96113397e-02-4.75897586e-02j
   1.16688472e-02+3.09244532e-02j  8.87575322e-03+1.65297412e-04j
  -2.47263609e-01-7.83211421e-03j  3.73807979e-02+3.06949945e-02j
  -8.51662472e-03+1.15348868e-03j -4.54061302e-04+2.68073727e-03j]
 [ 2.16172082e-06+4.34955329e-03j -3.62783390e-02+1.37080639e-02j
   3.32971466e-03-1.66949548e-03j  5.91834954e-02+2.27797675e-02j
  -5.51823549e-03-1.84115101e-03j -2.27833981e-02-5.13439619e-02j
   7.22302164e-04+2.60282139e-03j -1.40995608e-02+7.07974261e-03j
  -5.91126943e-03+5.08921877e-02j -8.00107340e-01+5.31746608e-01j
  -7.74574900e-03-9.40030830e-04j -3.46668259e-02+7.18765150e-03j
  -4.60891129e-02-1.97736348e-02j  1.23561986e-02-2.47760803e-01j
   1.36182326e-04-1.95901887e-03j  3.97741689e-04-8.56877486e-03j]
 [-4.10985730e-03+1.27454074e-03j  2.04965033e-02+1.19257868e-03j
   3.14003949e-03+3.22790696e-04j -8.48507911e-03-6.38209371e-02j
   7.03136933e-04+2.35935270e-03j  4.01752182e-02-6.22877779e-02j
  -8.31340406e-04-2.28968425e-03j  1.05966112e-02+7.73195733e-02j
   2.40346273e-03+6.15635452e-04j -3.59032879e-03-1.00765051e-02j
   8.32728613e-03-4.48646362e-02j -1.07801927e-01+2.28623637e-01j
   3.12002672e-03-7.66780606e-03j -2.33502064e-02-1.79051409e-02j
  -3.54345876e-02-9.33515250e-03j  4.49848457e-01+8.44437647e-01j]
 [-1.97759968e-02-3.95621229e-03j -2.20783715e-03-3.61153420e-03j
  -2.25343952e-04+6.45690971e-02j  1.83105808e-04+2.96153222e-03j
  -4.87284099e-02+5.62933103e-02j -2.31040617e-03+6.23055230e-04j
   1.49256991e-04-7.77078977e-02j  2.86527891e-03-9.31083133e-04j
   1.05652454e-03+9.54392299e-03j -4.44656486e-04+2.88856883e-03j
   1.38236550e-01-2.10611317e-01j  4.46739527e-02-5.47090562e-03j
   1.54832005e-02+2.18375860e-02j  7.58944577e-03+3.18087879e-03j
  -3.32162445e-01-8.97679420e-01j  1.00432945e-02-3.40917233e-02j]
 [ 4.99429880e-02+1.42140075e-02j  4.05712533e-04-4.47997577e-03j
   1.99629089e-04+1.80172349e-02j -7.63732130e-04-5.05831995e-04j
  -8.87978032e-02+7.89261312e-03j  5.61573208e-03+4.16048261e-03j
   4.63183484e-02+4.09038571e-02j  4.50220090e-04-3.34779825e-03j
  -1.95166806e-01-1.65217664e-01j  1.41285566e-02-1.96227684e-02j
  -2.25865164e-03-9.88027055e-03j -1.68971320e-03-4.01550280e-04j
  -9.27596162e-01+2.33071466e-01j  3.85941362e-02+3.94235826e-02j
  -3.40260788e-02+4.13199638e-03j -3.10404708e-03+8.32398625e-03j]
 [ 7.25630113e-04+4.12320210e-03j -1.50373163e-02+4.94815187e-02j
   6.82841573e-04+3.96374223e-05j -1.84048457e-02-1.03757311e-04j
  -6.88847253e-03-2.48318822e-03j -6.69596292e-03-8.92400178e-02j
   8.54780687e-04+3.39536713e-03j -4.12525532e-02+4.55749359e-02j
  -9.19705028e-03+2.12891188e-02j  1.68663802e-01-1.93144641e-01j
   1.76509117e-03+7.57125883e-04j  1.12070739e-02-1.41771605e-03j
  -4.98261846e-02-2.21866103e-02j -2.17358700e-01-9.31194800e-01j
   3.22969821e-03-6.67633730e-03j  1.34711726e-03-3.59674804e-02j]]

********* Summary *****************
Final fidelity error 0.33303632720521237
Final penalized l2 error 9.94566160726572e-05
Final penalized TV regularizer 0.001138165279846379
Final objective value 0.33417449131245996
Final norm value 11.381652798463788
Final l2 value 0.000994566160726572
Final error 1.4771946399794014e-07
Terminate reason Exceed the maximum number of iteration of ADMM
Number of iterations 100
Completed in 0:07:34.745261 HH:MM:SS.US
Computational time 454.745260542
Time for each iteration [59.369224458, 15.371770375000004, 71.77534979200001, 27.16048149999999, 81.32725150000002, 34.28787970799999, 87.72904387500002, 39.757149832999986, 93.19151645900003, 44.64119933299999, 98.06199716700003, 50.00554524999997, 102.69994845800004, 54.75086920899996, 106.85073466600004, 59.26224166699997, 110.76056500000003, 63.66111395799997, 115.16048133400004, 67.33055458299997, 119.92855041700004, 71.36807062499996, 123.96581195800006, 75.15237683399995, 127.01385237400005, 78.81357483399997, 131.03375766600004, 82.47570687599998, 134.70414504100003, 86.39199929199998, 138.61084887500002, 90.30817308299999, 143.00990125, 94.10402870799999, 146.80243816700002, 97.77761308299998, 150.46949925000004, 101.81841445799995, 154.74821675000004, 105.96922399999994, 157.92751154200005, 109.75570370799994, 161.09626362500006, 113.66403974999992, 164.38794837500006, 116.8392008749999, 167.4296214580001, 120.73565729199987, 170.71497220800012, 124.26872354199986, 173.75175604100014, 127.43435862599983, 177.40054787400015, 131.20887212599985, 180.43898849900012, 134.24804341799984, 183.60799924900016, 137.7802000429998, 186.78189829000019, 141.3130682099998, 190.43859154000017, 144.96280537699982, 193.85803920600017, 148.09111946099983, 197.53486258100014, 151.38945029399986, 200.87711178900014, 154.92528196099983, 204.40962695600012, 158.10120625199983, 207.69700891500014, 161.6338207929998, 211.22759858200016, 165.05238320999985, 214.3996069150001, 168.20946362699988, 217.9227037060001, 171.4848543359999, 221.2036069140001, 175.1256846689999, 224.35942012300006, 178.27514583499993, 227.75921233200006, 180.81561779299994, 231.02657879000003, 183.36380462699992, 233.58566104000005, 186.2864863769999, 236.86342408100006, 189.44467225199992, 239.89796133100003, 192.48302433599997, 243.06143324700002, 195.03113846099995, 246.097318497, 197.70719887799999, 248.64728474700001, 200.63012641999995, 251.19891083000005, 203.54634971199994]
Final evolution
[[ 2.44689160e-02+7.23263073e-03j -2.08419014e-02+6.16145872e-03j
  -1.07264470e-02-3.69104800e-02j -8.13228735e-02+5.63792809e-01j
  -2.76710960e-02+2.25179646e-04j  1.99386564e-02-2.15661583e-02j
   2.94716206e-02+3.58624010e-02j -1.78993894e-01-6.61252640e-01j
  -2.29082155e-03-1.50509795e-04j  3.18147246e-03-5.04262204e-03j
   4.57578821e-03+4.43983234e-03j -3.55134925e-02-8.67137534e-02j
   2.05836903e-02+1.04487335e-02j -1.27149487e-02+1.78550051e-03j
  -3.76925588e-03-2.90964079e-02j -1.30054915e-01+4.15345304e-01j]
 [-2.83149093e-02+1.43078907e-02j -7.37996554e-03-2.12558446e-02j
  -1.13985859e-01+5.57725601e-01j -2.08271845e-02+3.23896285e-02j
   2.61032301e-02-3.20109350e-02j  1.42763217e-02+2.00819351e-02j
  -1.40154232e-01-6.70126018e-01j  7.65968670e-03-4.58546604e-02j
   4.11751936e-03-5.57958404e-03j  9.91945527e-04+1.89182822e-03j
  -3.04263087e-02-8.85972591e-02j  3.19427369e-04-6.38145405e-03j
  -2.09601239e-02+8.60635205e-03j -3.38762862e-03-2.01971148e-02j
  -1.53964924e-01+4.06691167e-01j -1.95068833e-02+2.19609221e-02j]
 [-2.16675847e-01-4.88000897e-01j -1.58581093e-01-2.27609294e-01j
   2.87503681e-02-3.45042709e-03j -5.36285929e-03+1.20348342e-02j
   3.63677913e-01+3.63767639e-01j  2.21571645e-01+1.49879587e-01j
  -2.26370513e-02+1.42896619e-02j  6.36754464e-03-1.44392080e-02j
   2.75858833e-02-2.42459735e-03j  1.39503779e-02-3.84362310e-03j
   4.48225479e-04+2.53431996e-03j  2.88022103e-03-5.43822782e-04j
  -5.11480226e-02-4.81722513e-01j -7.36085862e-02-2.40540152e-01j
   2.49974279e-02+6.65477952e-03j -6.55643515e-03+1.32097465e-02j]
 [ 1.65521187e-01-2.20786153e-01j -2.36640602e-01+4.78555797e-01j
  -9.93665014e-03+2.78580525e-02j -2.45063594e-02-2.13557712e-02j
  -7.22150503e-02+2.55887753e-01j  4.71971727e-02-5.12141135e-01j
   3.67127332e-03-2.89526500e-02j  2.95372225e-02+8.28214746e-03j
   8.14815104e-03+1.19316275e-02j -1.94796351e-02-1.96488658e-02j
   1.26374797e-03-6.42250447e-04j  2.03844486e-03-2.07309947e-03j
   2.04346533e-01-1.44391435e-01j -3.37636626e-01+3.47323316e-01j
  -1.60018457e-02+2.46452022e-02j -1.33580748e-02-2.53553760e-02j]
 [-2.96381060e-02+1.38634430e-03j  2.23307627e-02-1.97945317e-02j
   2.95817090e-02+3.83514947e-02j -1.65555202e-01-6.97044643e-01j
  -2.63722080e-02+9.79689098e-03j  1.35640540e-02-1.71251060e-02j
   3.22938885e-02+2.46734863e-02j -2.84170918e-01-5.31506688e-01j
   1.60500475e-02-1.96401877e-04j -2.15002739e-03+1.08355473e-02j
  -1.66021893e-02-1.31561476e-02j  1.40192093e-01+2.77197919e-01j
   3.39765187e-03-3.73031509e-03j  1.33132131e-03+6.62286800e-03j
  -9.34143265e-03+1.28942879e-04j  1.26395349e-01+5.45487982e-02j]
 [ 2.79544962e-02-3.12015304e-02j  1.61015163e-02+2.07231692e-02j
  -1.24612224e-01-7.05075519e-01j  9.48242527e-03-4.75849400e-02j
   1.45625235e-02-2.94208356e-02j  2.06191975e-02+1.37992794e-02j
  -2.52498445e-01-5.46804450e-01j -2.59798642e-03-4.06303448e-02j
  -5.88595520e-03+1.80545424e-02j -8.75032601e-03-1.16499552e-02j
   1.23745611e-01+2.84584065e-01j  9.93142503e-04+2.11526071e-02j
   1.75867856e-03+8.81270025e-03j -4.51122005e-03-6.43217232e-04j
   1.22943901e-01+6.17601507e-02j  6.25621438e-03+6.95911689e-03j]
 [ 4.26347622e-01+4.08347298e-01j  2.57828443e-01+1.66442208e-01j
  -2.69483275e-02+1.67511466e-02j  4.23125879e-03-1.47123169e-02j
   5.11391113e-01+3.05748831e-01j  2.90933634e-01+1.05579456e-01j
  -2.44415544e-02+2.11853149e-02j -4.30680070e-03-1.44007096e-02j
  -1.33124539e-01-2.40350050e-01j -9.17829234e-02-1.09309279e-01j
   1.25860606e-02-1.32140184e-03j -2.43960253e-03+1.30940033e-02j
  -7.70162573e-02+1.32873446e-02j -3.81015230e-02+1.43787536e-02j
  -3.41078038e-04-4.19642596e-03j  9.86560003e-05+3.31803339e-03j]
 [-7.66123386e-02+2.95390795e-01j  4.13857985e-02-5.88813106e-01j
   1.21154995e-03-3.22773782e-02j  3.45662735e-02+1.00700183e-02j
  -9.03535735e-03+3.07755112e-01j -9.18932479e-02-5.88614938e-01j
  -9.87976868e-03-3.20060298e-02j  3.58981336e-02+4.33551260e-03j
   7.46833520e-02-1.20493866e-01j -9.96862841e-02+2.56045397e-01j
  -5.00587229e-03+1.95319008e-02j -1.09627053e-02-8.90382359e-03j
  -2.55187537e-02-3.13829988e-02j  5.94395407e-02+5.07229727e-02j
   2.29746219e-03+3.85636197e-03j -3.45540774e-03+3.51502773e-03j]
 [ 8.00705304e-03-5.67279958e-04j -1.84540507e-02+5.70126906e-03j
  -7.43068706e-03-2.02790035e-02j -1.86390855e-02+3.19618551e-01j
   1.89407509e-03-4.26874027e-03j -4.95560702e-03+3.87422821e-03j
  -6.31350226e-03-3.27447857e-03j  6.73309570e-02+8.35027543e-02j
   3.61114193e-02-7.47243606e-03j -3.41662741e-02+2.39304009e-02j
  -3.92021287e-02-4.92756991e-02j  2.32081037e-01+9.05502757e-01j
  -3.30579438e-03+1.48261108e-03j  3.88903543e-03+2.71764095e-03j
   1.27485152e-04+4.15915757e-03j  2.34410485e-02-5.92489535e-02j]
 [-1.93917974e-02+7.38005008e-03j -3.93670224e-03-5.34349028e-03j
  -3.71872346e-02+3.17963895e-01j -1.04143985e-02+1.90144995e-02j
  -3.44113942e-03+4.78946701e-03j -3.81445068e-03+8.90074241e-04j
   6.23044704e-02+8.73086579e-02j  1.68694191e-03+6.95007518e-03j
  -3.78736806e-02+3.79896449e-02j -2.33913642e-02-2.19877370e-02j
   1.78795976e-01+9.17061904e-01j -1.14123470e-02+6.20904035e-02j
   3.25873667e-03+1.19610318e-03j  2.73494409e-03+1.37633271e-03j
   2.69139538e-02-5.77750297e-02j  3.07975776e-03-2.84887371e-03j]
 [-2.29415891e-01-8.95941660e-02j -1.25726472e-01-2.34477108e-02j
   9.54127610e-03-1.36821246e-02j -1.32431982e-03-2.20235200e-03j
  -1.38090354e-01+3.87541091e-02j -6.65793709e-02+3.32125754e-02j
   9.49395210e-04-9.24682080e-03j  1.54743348e-03-1.57067328e-03j
  -7.04653605e-01-4.39784721e-01j -4.02687752e-01-1.55294235e-01j
   3.51175090e-02-3.26622673e-02j -2.64898471e-04+1.31943286e-02j
   9.47813031e-02+7.06902948e-02j  5.51545339e-02+2.67359842e-02j
  -6.79162773e-03+3.71699365e-03j -2.95514524e-03-3.08760344e-04j]
 [-1.73098888e-02-1.26365342e-01j  7.77839569e-02+2.33581135e-01j
   4.52882314e-03+6.09774446e-03j -1.84751970e-02+1.42613892e-03j
  -5.22562725e-02-5.26573653e-02j  1.18076583e-01+8.13561887e-02j
   6.50305188e-03+1.11633012e-03j -8.31902019e-03+5.74776419e-03j
   2.08076429e-02-4.29050697e-01j  1.12386765e-01+8.22815538e-01j
   9.78441873e-03+3.90300671e-02j -5.35637180e-02-5.55628394e-03j
  -8.12749997e-03+6.05857002e-02j -6.27645203e-03-1.18047877e-01j
  -3.38945105e-03-5.05362194e-03j  7.78792490e-03+2.94589553e-03j]
 [ 2.41962301e-03-1.19030755e-02j -2.63528075e-03+7.97459323e-03j
  -1.50588349e-02+1.72777521e-03j  2.16186350e-01+7.02739461e-02j
  -5.45379633e-03+1.29356413e-02j  6.36216718e-03-1.84068877e-02j
   2.55189372e-02+3.78647100e-03j -3.25108950e-01-2.05414441e-01j
  -1.01935575e-03+6.85450581e-03j -2.15741008e-03-1.36764405e-03j
   6.26915650e-03-4.43920711e-03j -1.11549594e-01+1.98850259e-02j
  -2.69691687e-02+1.84192725e-02j  2.05287373e-02-3.60187558e-02j
   5.25819838e-02+2.79297470e-02j -5.43369179e-01-6.95853213e-01j]
 [ 1.96703135e-03+1.05196365e-02j -9.54347116e-03+4.51341900e-03j
   2.11557710e-01+8.27988188e-02j  1.12136459e-02+1.02705581e-02j
   2.75726503e-03-2.17503467e-02j  1.16135545e-02-2.56518574e-03j
  -3.12476243e-01-2.23992416e-01j -1.39656775e-02-2.18035243e-02j
  -5.09281535e-03-3.19919978e-03j  5.47978979e-03-2.95641485e-03j
  -1.12388504e-01+1.33308018e-02j -7.46106572e-03-1.81991879e-03j
   1.92878120e-02-4.84929106e-02j  2.65293621e-02+1.01932966e-02j
  -5.01687776e-01-7.26013502e-01j -1.35547302e-02-5.81364495e-02j]
 [-2.76054747e-01+1.21086558e-01j -1.28804528e-01+8.87964156e-02j
  -6.42012533e-04-1.77150428e-02j  6.17170808e-03-1.23007444e-03j
   3.47256194e-01-1.56184098e-01j  1.61815860e-01-1.13583687e-01j
   3.05812488e-03+2.32513825e-02j -2.89697509e-03+2.89862699e-04j
   1.30380956e-01-4.39907572e-02j  6.20846095e-02-3.53178482e-02j
  -7.85236468e-04+7.09320300e-03j -5.32320743e-03-7.15277934e-04j
   7.24241417e-01+7.64786565e-02j  3.77149065e-01-3.19231399e-02j
  -1.42605005e-02+4.00767128e-02j -1.80502458e-03-1.06895636e-02j]
 [-1.24142299e-01-9.41382814e-02j  2.69581105e-01+1.34780273e-01j
   1.59201885e-02+2.61927820e-03j -1.40528984e-02+1.34120372e-02j
   1.58048130e-01+1.17518851e-01j -3.42041317e-01-1.67068167e-01j
  -1.64305939e-02-3.11982771e-03j  1.73871647e-02-1.93576865e-02j
   5.26379224e-02+4.76919405e-02j -1.17192206e-01-7.21091627e-02j
  -8.77116101e-03-2.94099373e-03j  6.21776499e-03-4.71449900e-03j
   1.48233498e-01+3.46329078e-01j -4.04166100e-01-6.05619170e-01j
  -2.04711626e-02-2.66959406e-02j  4.46868220e-02-1.73978925e-02j]]

********* Summary *****************
Final fidelity error 0.3224937543124399
Final penalized l2 error 0.0005933640879527544
Final penalized TV regularizer 0.001119031177623564
Final objective value 0.3236127826416051
Final norm value 11.190311776235639
Final l2 value 0.005933640879527544
Final error 9.091122214586738e-08
Terminate reason Exceed the maximum number of iteration of ADMM
Number of iterations 100
Completed in 0:06:16.526924 HH:MM:SS.US
Computational time 376.52692441700003
Time for each iteration [40.942247333, 13.655286666999999, 52.359120375, 23.80577600000001, 61.14992649999999, 32.05044795800001, 68.207213792, 38.983933416, 75.604727709, 44.808571083000004, 81.665387042, 49.45057191599999, 86.182878417, 54.58544466599999, 91.04378420900001, 59.04350979099998, 95.35231595900002, 63.38839070799996, 99.36004091700003, 67.51103633299995, 103.65935283400005, 71.08094937399996, 107.18148900100003, 75.31907187399996, 110.86598850100002, 79.54071204099996, 113.96895904200004, 82.72036904099996, 117.36915979200005, 86.13334491599996, 120.64815887600004, 88.95287258199996, 123.58595379300003, 91.77142920699997, 126.64262558500003, 95.16498358199995, 129.58016758500003, 98.33058078999997, 132.85303629300003, 101.49041424899997, 136.11609191800002, 104.76487787399998, 139.66082520900002, 107.80277141599996, 143.03898891700004, 110.72455024999996, 146.19567066700003, 113.302922333, 148.660917167, 115.78736141600004, 151.124198792, 118.25168812500002, 153.47230512500002, 121.404091583, 155.939211959, 124.55276983300004, 158.40267099999997, 127.92821133300006, 160.87598262499998, 129.81570183300002, 163.677836584, 131.61509012400003, 166.22702566799998, 133.93707645700002, 168.465506418, 136.29548658200005, 170.47531479299997, 138.63830354000007, 172.47457237699993, 140.86728120600011, 174.82065112699988, 143.20388024800016, 176.70214741899989, 145.42803141400012, 178.92482441899992, 147.31249383100013, 181.49421746099992, 149.53641137200012, 183.71333283599992, 151.8692995810001, 185.9414224189999, 154.09092649800013, 187.7088319599999, 155.97651087300008, 190.04063620999992, 157.7381091650001, 191.8073900019999, 159.50665874800015, 193.90750833499985, 161.7187301230002, 196.1143809599998, 163.5934369570002, 198.32429433499985, 165.91955874800018, 200.20021508499983, 168.1318323320002, 202.41073033499984, 169.89232999800018, 204.28592958499982, 172.2409948320002]
