Final evolution
[[-4.71458645e-02-2.39642911e-02j  2.53306095e-01+3.69799813e-02j
   7.06830739e-02+2.71013945e-02j  1.29061603e-01+1.72372471e-02j
   5.15307140e-02+1.18802750e-01j -4.20127498e-01-4.65173522e-01j
  -9.10358343e-02-1.61462487e-01j -2.16562946e-01-2.33983269e-01j
  -1.26267785e-02-2.55946556e-02j  9.75063660e-02+9.78569256e-02j
   2.17837446e-02+3.45582854e-02j  5.01989050e-02+4.91656484e-02j
   5.66973137e-02+8.44773089e-02j -3.90724396e-01-2.99747386e-01j
  -9.32840173e-02-1.11827556e-01j -2.00582540e-01-1.50029364e-01j]
 [-8.36376322e-02+5.16829179e-02j  3.79254119e-02-2.78143185e-02j
  -2.56230948e-01+1.11378214e-01j  3.09626510e-02-1.08017394e-02j
   2.38456863e-01+3.30606597e-02j -1.14963299e-01-6.73097399e-03j
   6.57232990e-01+1.89866487e-01j -7.52715667e-02-2.79557290e-02j
  -5.28474400e-02-4.70107400e-03j  2.53789825e-02+2.39539399e-04j
  -1.46724596e-01-3.46932635e-02j  1.68711747e-02+5.34047852e-03j
   1.88952765e-01-8.33412613e-03j -8.97884190e-02+1.11330277e-02j
   5.34819908e-01+5.33297130e-02j -6.21342639e-02-1.09067518e-02j]
 [-2.52449994e-01-5.17536861e-02j -1.10802356e-01-1.32995506e-02j
   7.58428201e-02+2.75990430e-02j  6.78189429e-02+3.21929515e-02j
   3.95450668e-01+4.91707241e-01j  1.88264254e-01+1.98052164e-01j
  -9.99926900e-02-1.70455673e-01j -7.76848024e-02-1.66596616e-01j
  -9.23610688e-02-1.03964271e-01j -4.35814493e-02-4.15620774e-02j
   2.38525359e-02+3.64411337e-02j  1.89003245e-02+3.58326843e-02j
   3.75426547e-01+3.23756074e-01j  1.73611046e-01+1.26286113e-01j
  -1.01482732e-01-1.17503991e-01j -8.36971420e-02-1.17691616e-01j]
 [ 8.82984516e-02-6.59064630e-02j -9.41954619e-02+4.40774771e-02j
  -2.61938192e-02+4.81402175e-03j  2.23266123e-01-1.32288242e-01j
  -2.69452364e-01-1.35039820e-02j  2.46501724e-01+6.38888908e-02j
   5.69284698e-02+3.18071875e-02j -6.27686612e-01-9.89621713e-02j
   5.94590155e-02+6.12777595e-05j -5.49513941e-02-1.14002080e-02j
  -1.28750194e-02-6.38646642e-03j  1.39238539e-01+1.50022131e-02j
  -2.10124349e-01+2.78494180e-02j  1.99549117e-01+1.43438131e-02j
   4.85077802e-02+1.64889688e-02j -4.99073704e-01+1.27140370e-02j]
 [-3.95700659e-02-1.51365552e-01j  4.15642978e-01+6.33025359e-01j
   7.88532877e-02+2.09598942e-01j  2.15323044e-01+3.19381047e-01j
   5.50105112e-03-4.55483097e-02j  4.52303497e-02+2.17417212e-01j
  -1.05453266e-03+6.56617404e-02j  2.43526174e-02+1.10298575e-01j
  -1.21715699e-02-5.00074526e-02j  1.33183910e-01+2.10530427e-01j
   2.47679300e-02+6.93804458e-02j  6.90433640e-02+1.06250487e-01j
   1.87707507e-02-3.38908065e-02j -3.36647062e-02+1.84477615e-01j
  -2.16799278e-02+5.10402553e-02j -1.59779301e-02+9.40346632e-02j]
 [-2.78592724e-01-8.35382444e-02j  1.36014951e-01+2.92811389e-02j
  -7.49607447e-01-3.48142612e-01j  8.47033118e-02+4.72872524e-02j
  -6.69997408e-02-5.27779453e-02j  3.39491376e-02+2.26293311e-02j
  -1.66995101e-01-1.75660467e-01j  1.80142900e-02+2.20171517e-02j
  -9.11685494e-02-2.90301820e-02j  4.45745697e-02+1.03892750e-02j
  -2.44618890e-01-1.18688904e-01j  2.75968693e-02+1.60257910e-02j
  -3.56592529e-02-6.25744227e-02j  1.93752434e-02+2.84882772e-02j
  -7.48690734e-02-1.90479949e-01j  7.10190366e-03+2.29482245e-02j]
 [-3.81277092e-01-6.60144732e-01j -1.88176153e-01-2.71252119e-01j
   8.78852922e-02+2.21991423e-01j  6.19642436e-02+2.13261542e-01j
  -3.29368013e-02-2.21115125e-01j -2.21288102e-02-9.42478688e-02j
   7.50915710e-05+7.00143911e-02j -6.05570315e-03+6.48426709e-02j
  -1.21729177e-01-2.19258918e-01j -6.03825392e-02-9.02686853e-02j
   2.76696421e-02+7.35069043e-02j  1.91924004e-02+7.04909984e-02j
   4.44579428e-02-1.83466387e-01j  1.26200178e-02-8.07699351e-02j
  -2.21785313e-02+5.48046448e-02j -2.53328084e-02+4.88109746e-02j]
 [ 3.19213366e-01+6.59166774e-02j -2.82500830e-01-1.21831837e-01j
  -6.20910948e-02-4.84959113e-02j  7.31129743e-01+2.34148626e-01j
   7.99769693e-02+5.23441175e-02j -6.39434083e-02-6.36441416e-02j
  -1.17161591e-02-1.99126038e-02j  1.74226489e-01+1.42576760e-01j
   1.04627643e-01+2.34605565e-02j -9.22405400e-02-4.16474249e-02j
  -2.01525628e-02-1.62972955e-02j  2.39176664e-01+8.10912114e-02j
   4.59507091e-02+6.63566864e-02j -2.98166965e-02-7.01056506e-02j
  -2.84253378e-03-1.93012295e-02j  9.10347929e-02+1.66891293e-01j]
 [-2.00377725e-02-5.12971165e-02j  1.71257301e-01+2.04276855e-01j
   3.61582579e-02+7.00460681e-02j  8.83688273e-02+1.02833787e-01j
   5.79196711e-03+3.30206794e-02j -7.76461793e-02-1.42489497e-01j
  -1.31584738e-02-4.61469958e-02j -4.03747426e-02-7.19890772e-02j
   5.23447494e-02+1.51511634e-01j -4.74460058e-01-6.13933576e-01j
  -9.70612579e-02-2.07906241e-01j -2.45119196e-01-3.09306151e-01j
   9.24122498e-03-2.81794943e-02j  1.20736192e-03+1.43540983e-01j
  -8.96329907e-03+4.14917050e-02j  1.50424253e-03+7.29979043e-02j]
 [-1.00822559e-01-1.77877247e-02j  4.87522485e-02+4.66242833e-03j
  -2.76338705e-01-9.09915716e-02j  3.15511710e-02+1.30605405e-02j
   5.80290348e-02+2.27337223e-02j -2.85330809e-02-8.64228914e-03j
   1.53971460e-01+8.75157166e-02j -1.72586919e-02-1.15864274e-02j
   2.91177353e-01+6.33965690e-02j -1.41252965e-01-1.91995719e-02j
   7.93185359e-01+2.96606714e-01j -9.02534929e-02-4.16351794e-02j
  -3.58058798e-02-4.19213254e-02j  1.86626850e-02+1.86340689e-02j
  -8.36726126e-02-1.32452228e-01j  8.63844788e-03+1.62330011e-02j]
 [-1.60354131e-01-2.15166534e-01j -7.69054521e-02-8.71200499e-02j
   3.98238391e-02+7.40084265e-02j  3.04037927e-02+7.20187433e-02j
   6.98306614e-02+1.47677505e-01j  3.54225960e-02+6.12338377e-02j
  -1.48696858e-02-4.89521772e-02j -9.48731495e-03-4.66325378e-02j
   4.41489376e-01+6.44344209e-01j  2.13596457e-01+2.62277933e-01j
  -1.07263995e-01-2.19854468e-01j -8.00966430e-02-2.12977992e-01j
   7.05302550e-03-1.44332202e-01j -2.12213033e-03-6.25419618e-02j
  -8.79705077e-03+4.43936803e-02j -1.20302191e-02+4.03406937e-02j]
 [ 1.14301720e-01+9.96222215e-03j -1.03758327e-01-3.10153687e-02j
  -2.36952539e-02-1.44098569e-02j  2.65206696e-01+5.18954562e-02j
  -6.70134980e-02-1.96839284e-02j  5.81910521e-02+3.09803532e-02j
   1.24083927e-02+1.14473819e-02j -1.52027578e-01-6.28465888e-02j
  -3.31285673e-01-4.21958342e-02j  2.98185754e-01+1.02207769e-01j
   6.72490668e-02+4.46508593e-02j -7.65331050e-01-1.81610925e-01j
   4.40873327e-02+4.32856734e-02j -3.24956946e-02-4.84236338e-02j
  -4.91173591e-03-1.41032469e-02j  9.24361433e-02+1.12393001e-01j]
 [-8.43775753e-03-1.88044762e-02j  6.77893540e-02+7.31939643e-02j
   1.48099216e-02+2.55149399e-02j  3.49317918e-02+3.68062805e-02j
   8.46318315e-02-5.97592980e-02j -2.95719370e-01+4.05007228e-01j
  -1.11591963e-01+9.76660955e-02j -1.47892127e-01+2.07821853e-01j
  -2.18169214e-02+3.31196371e-02j  4.88289309e-02-1.85652917e-01j
   2.61312406e-02-5.03956274e-02j  2.36832134e-02-9.47264672e-02j
  -9.60880257e-02+9.36361520e-02j  2.95857440e-01-5.78105602e-01j
   1.22860852e-01-1.47598201e-01j  1.46888874e-01-2.95861083e-01j]
 [-3.80157285e-02-4.78629352e-03j  1.83095490e-02+8.42102847e-04j
  -1.04975455e-01-2.89069686e-02j  1.20350044e-02+4.29907541e-03j
  -1.30463562e-02-1.92158943e-01j  1.35015773e-02+9.11387885e-02j
   4.13790997e-02-5.45751887e-01j -9.60330833e-03+6.35180579e-02j
   3.14892885e-02+6.66652682e-02j -1.75417397e-02-3.05970277e-02j
   6.14788864e-02+2.00291327e-01j -5.44904042e-03-2.39798354e-02j
   5.57563860e-02+2.43106228e-01j -3.57985455e-02-1.13815408e-01j
   5.80444301e-02+7.06394915e-01j -6.32870167e-04-8.31881028e-02j]
 [-6.39149755e-02-7.74659219e-02j -3.03565138e-02-3.11443287e-02j
   1.62533068e-02+2.69283334e-02j  1.26953688e-02+2.63586321e-02j
   3.20530347e-01-3.90013162e-01j  1.24371894e-01-1.79790741e-01j
  -1.17172817e-01+1.06149705e-01j -1.17793229e-01+8.80479175e-02j
  -5.97660945e-02+1.83774298e-01j -1.92155432e-02+8.14507372e-02j
   2.69353848e-02-5.41987712e-02j  2.96848382e-02-4.78337561e-02j
  -3.30637765e-01+5.63973879e-01j -1.22507471e-01+2.55228819e-01j
   1.28273465e-01-1.59582924e-01j  1.32747498e-01-1.36558051e-01j]
 [ 4.29096132e-02+1.61212261e-03j -3.93574880e-02-9.67649994e-03j
  -9.12342006e-03-4.94858262e-03j  1.00092052e-01+1.44986481e-02j
   3.34247196e-02+2.13241151e-01j  9.78470429e-03-2.03493899e-01j
   1.56151777e-02-4.97806204e-02j  2.49925885e-02+5.07766557e-01j
  -4.16969707e-02-7.13328832e-02j  2.49352435e-02+7.38940512e-02j
   1.38759621e-03+1.99233627e-02j -7.98289351e-02-1.77482614e-01j
  -8.61055625e-02-2.65925559e-01j  2.88616252e-02+2.62245057e-01j
  -9.84910323e-03+6.68411766e-02j -1.35206127e-01-6.44319028e-01j]]

********* Summary *****************
Final fidelity error 0.4092677898179913
Final penalized l2 error 0.005293083043723378
Final penalized TV regularizer 0.0012451557746210257
Final objective value 0.41051293701067526
Final norm value 12.451557746210256
Final l2 value 0.052930830437233775
Final error 4.243322833533921e-08
Terminate reason Exceed the maximum number of iteration of ADMM
Number of iterations 100
Completed in 0:05:06.048857 HH:MM:SS.US
Computational time 306.048857208
Time for each iteration [35.023577583, 11.680228333999999, 45.580495624, 20.46035854299999, 51.473828832, 25.75323625100001, 56.64224437399999, 30.554384500999994, 60.72385929100002, 34.40349183399997, 64.45285279100003, 38.24803579199997, 68.40906562500004, 42.08716149999995, 71.88759695800005, 45.56916545899995, 75.24459979100004, 49.03833520899994, 78.63978224900006, 52.38833533399992, 81.87872029100006, 55.502526583999924, 84.99323941600008, 58.263795875999904, 87.7623536240001, 61.02411154299989, 90.63490545700012, 63.78750854299989, 93.3895469150001, 66.3166071679999, 96.13634458200008, 69.17931975099992, 98.64930037400006, 71.91024512599992, 101.15948987400006, 74.30722708399995, 103.66234083300006, 76.58282945899992, 105.93773641600006, 78.88202104199993, 108.29453358300006, 81.15792337499994, 110.56995191700005, 83.54266370799994, 112.83901275000005, 85.92380804199993, 114.99958275000006, 88.19751216699993, 117.26935479100007, 90.46346045899992, 119.54308237400008, 92.61703920899993, 121.81114145800007, 94.76956629199992, 123.96178233300006, 96.91705183399992, 126.11203495800007, 99.06619658399993, 128.26357374900007, 101.21605991799993, 130.19017229000008, 103.3642177099999, 131.89677041500008, 105.1818742099999, 134.0490221230001, 106.8891639599999, 135.8655545400001, 109.0725276679999, 137.68734116500008, 111.22023295999992, 139.83358079000007, 113.03649987699993, 141.98167662300008, 114.74354004399996, 144.1286652480001, 116.45007308499996, 145.83231691500006, 118.59753091799993, 147.53793066500006, 120.63367095999993, 149.5779263730001, 122.33970545999992, 151.5046353320001, 124.15510625099992, 153.43577766600012, 126.19136554199989, 155.36378320800011, 128.2268817919999, 157.17905912500012, 130.15347654199988, 158.99383383300014, 131.98367187499989, 160.77163050000016, 133.80641858299984, 162.92111650000018, 135.51200762499982, 164.84302887500021, 137.4379074999998, 166.88074795800023, 139.1681092499998]
Final evolution
[[ 2.41630533e-02+6.25379893e-03j  6.07639871e-02+2.19278109e-02j
  -1.08644204e-03+1.10258651e-03j  3.85362798e-01+1.30202112e-01j
  -2.09914297e-02-6.04324206e-03j -5.46657184e-02-2.22959406e-02j
   3.00817065e-03+2.42160531e-03j -3.45184804e-01-1.32583705e-01j
   1.60108000e-02+3.43820457e-03j -6.58331881e-03-2.48091768e-03j
  -2.80104850e-03-7.74034333e-04j  8.76314431e-03-3.54324693e-03j
   4.64805309e-02+1.38185773e-02j  1.21217835e-01+4.84973544e-02j
  -4.09964858e-03-1.46790204e-03j  7.65041137e-01+2.89683370e-01j]
 [ 6.16943415e-02+1.89829374e-02j -1.53236177e-02-3.33192317e-03j
   3.86680675e-01+1.27747887e-01j -1.44291263e-03-6.40875356e-04j
  -5.58016459e-02-1.95763832e-02j  1.27055743e-02+3.41607863e-03j
  -3.46446676e-01-1.30401410e-01j -3.07734239e-03-3.69417695e-04j
  -6.55456400e-03-2.48212951e-03j -1.57852687e-02-3.58904368e-03j
   9.09404113e-03-3.46224013e-03j  3.01254182e-03+7.14696603e-04j
   1.23444373e-01+4.26233183e-02j -2.85123010e-02-7.69297998e-03j
   7.67827564e-01+2.84832560e-01j  1.52986434e-03-2.10894777e-04j]
 [-3.44700219e-01-1.10620477e-01j  1.77195350e-01+5.97190769e-02j
   6.07668454e-02+2.16603102e-02j -8.58060213e-03-6.55744633e-04j
   3.09902311e-01+1.14813950e-01j -1.56969941e-01-5.78238035e-02j
  -5.44792445e-02-2.20631301e-02j  6.98497960e-03+3.34733865e-04j
  -8.52012711e-03+3.04681711e-03j  1.06353356e-03-2.43889308e-03j
   1.43906662e-03-5.17565958e-04j -1.74926009e-02-4.26256579e-03j
  -6.85629386e-01-2.49001441e-01j  3.50181009e-01+1.29687802e-01j
   1.20583865e-01+4.80100410e-02j -1.54277478e-02-1.42171244e-03j]
 [ 1.77152475e-01+5.70568569e-02j  3.43433293e-01+1.12477349e-01j
  -1.63321392e-02-4.27431730e-03j -6.55017328e-02-2.10918845e-02j
  -1.54893685e-01-5.75658135e-02j -3.09784982e-01-1.15373722e-01j
   1.35402765e-02+4.31042484e-03j  5.88043721e-02+2.15873392e-02j
   9.51712328e-04-2.29359583e-03j  8.14049600e-03-3.11355547e-03j
  -1.77193514e-02-4.10608196e-03j -1.44745865e-03+6.28815933e-04j
   3.47999693e-01+1.26536697e-01j  6.84160113e-01+2.51524440e-01j
  -3.03665373e-02-9.67517216e-03j -1.30101099e-01-4.71336004e-02j]
 [ 3.01815230e-02+9.50754761e-03j  1.05727848e-01+4.19023946e-02j
  -6.29123577e-04-8.76358004e-05j  6.38783384e-01+2.43370072e-01j
   4.94390196e-02+1.43479858e-02j  1.00133825e-01+4.14924979e-02j
  -6.30208893e-03-2.31215510e-03j  6.62140271e-01+2.54806045e-01j
  -5.42473047e-04-3.38842034e-04j -2.53312438e-03-1.99972924e-03j
   4.43568167e-05-7.44615174e-07j -1.45096299e-02-1.12292301e-02j
   8.11751441e-03+1.42495082e-03j -6.55926772e-03-4.20441104e-03j
   9.91666824e-04+1.03349829e-03j -1.31551975e-02-1.84468295e-02j]
 [ 1.07558320e-01+3.69923289e-02j -1.51869576e-02-4.16064617e-03j
   6.40927178e-01+2.39237488e-01j -1.59232189e-03-2.59399001e-04j
   1.02154046e-01+3.63903880e-02j -3.38948610e-02-9.11940524e-03j
   6.64784976e-01+2.50704515e-01j  4.11466259e-03-1.08372565e-04j
  -2.61180682e-03-1.84411443e-03j  1.97868437e-04+7.01035349e-05j
  -1.45950374e-02-1.11428954e-02j  2.54341111e-05+7.23009515e-05j
  -6.71494989e-03-3.97339372e-03j -8.40652496e-03-1.56029653e-03j
  -1.30965578e-02-1.82975819e-02j -7.38606393e-04+1.09507974e-03j]
 [-5.71509727e-01-2.08809132e-01j  2.95152352e-01+1.10038092e-01j
   1.00620763e-01+4.03067521e-02j -3.21081617e-03+1.31053002e-03j
  -5.94408178e-01-2.19525950e-01j  3.00358666e-01+1.13154448e-01j
   1.04438285e-01+4.22541931e-02j -2.36612643e-02-3.84750761e-03j
   1.30682864e-02+9.81796472e-03j -6.70716635e-03-5.13978600e-03j
  -2.33004756e-03-1.84423050e-03j -1.11780035e-04-1.81220259e-04j
   1.26518176e-02+1.67882289e-02j -5.50828688e-03-7.60308925e-03j
  -2.11400616e-03-3.00002317e-03j -9.67826509e-03-2.61200492e-03j]
 [ 2.93313593e-01+1.06389742e-01j  5.70525015e-01+2.11443286e-01j
  -1.56358414e-02-5.50907953e-03j -1.08655339e-01-3.96294832e-02j
   2.98546886e-01+1.11327331e-01j  5.92837393e-01+2.21236382e-01j
  -3.66291729e-02-1.11556282e-02j -1.12643879e-01-4.14726125e-02j
  -6.69902771e-03-5.07108017e-03j -1.30233674e-02-9.86901065e-03j
   1.55260785e-04+9.90001889e-05j  2.53347993e-03+1.84411067e-03j
  -5.62763560e-03-9.28948788e-03j -1.27600195e-02-1.59382727e-02j
  -9.44400641e-03-1.79599334e-03j  2.32493081e-03+3.06871488e-03j]
 [-4.41751041e-03-3.08266464e-03j  7.67197918e-03+1.12324920e-03j
  -1.11246162e-05-9.60892000e-04j  2.85492724e-02-2.51926047e-03j
   5.32463176e-03+3.21874451e-03j -3.20468898e-03-7.40970912e-04j
  -1.33449459e-06+9.11720903e-04j -2.78308240e-03+4.38183044e-03j
   5.43982611e-02+2.18702192e-02j  1.46563974e-01+5.63479648e-02j
  -4.61806691e-03-2.49763358e-03j  9.19927797e-01+3.52013236e-01j
  -1.29036222e-02-6.20126853e-03j  2.78377730e-03+1.86291167e-03j
   3.01769215e-03+2.57930595e-03j -2.05669572e-02-7.39465837e-03j]
 [ 7.74285159e-03+8.26556426e-04j  5.21061723e-03+2.87377198e-03j
   2.84230351e-02-2.79514523e-03j  8.53509286e-04-9.67330487e-05j
  -3.21839147e-03-6.80563084e-04j -5.53790826e-03-2.96443388e-03j
  -2.63896465e-03+4.49273365e-03j -9.19371652e-04+1.25522721e-04j
   1.49254529e-01+4.92789560e-02j -3.27997471e-02-1.43940956e-02j
   9.23247180e-01+3.46298625e-01j  1.40367472e-03+5.79100072e-04j
   2.61416532e-03+1.98304679e-03j  1.22466009e-02+6.23868538e-03j
  -2.08812421e-02-7.44784171e-03j -4.11070231e-03-1.56362905e-03j]
 [-2.55557195e-02+2.06114351e-03j  1.33300060e-02-2.03993815e-03j
   4.56879196e-03-2.37300059e-04j  6.28443921e-03+3.44258239e-03j
   2.59633639e-03-3.42370323e-03j -1.42964874e-03+2.76822368e-03j
  -4.54658429e-04+6.73077662e-04j -6.04448825e-03-3.45587342e-03j
  -8.24396959e-01-3.02858080e-01j  4.21406578e-01+1.56838977e-01j
   1.45001124e-01+5.83475728e-02j -1.67893169e-02-7.39090450e-03j
   1.93757718e-02+7.27966162e-03j -6.45697043e-03-8.84647994e-04j
  -3.29809971e-03-1.31322011e-03j  1.34194391e-02+6.78576532e-03j]
 [ 1.23089294e-02-1.20705237e-03j  2.61722498e-02-2.36618105e-03j
   5.86392632e-03+3.19277629e-03j -4.91060191e-03+4.66887904e-04j
  -5.26914675e-04+1.85088587e-03j -3.21584628e-03+3.82369125e-03j
  -6.14714355e-03-3.32559273e-03j  4.62661494e-04-7.48732267e-04j
   4.18871856e-01+1.52980193e-01j  8.22589424e-01+3.05783483e-01j
  -3.47987483e-02-1.73985802e-02j -1.56489981e-01-5.72930587e-02j
  -5.46129635e-03-1.79318769e-03j -1.94780537e-02-6.74997418e-03j
   1.37332113e-02+7.07987203e-03j  3.51302299e-03+1.20048894e-03j]
 [-4.18713119e-02-1.82747164e-02j -8.09325504e-02-3.17503160e-02j
   4.55875426e-03+2.50639990e-03j -5.40264582e-01-2.14624764e-01j
   2.16443852e-02+7.51381572e-03j  9.08671589e-02+3.56225798e-02j
  -9.44193708e-04-5.07716181e-04j  5.37688756e-01+2.05551971e-01j
   1.99463966e-03+1.68786801e-03j  3.29693501e-03+3.07235353e-03j
   2.78381484e-03+1.51423353e-03j  2.20849674e-02+2.03328902e-02j
   3.02964083e-02+1.31692430e-02j  8.08490513e-02+3.31262481e-02j
  -2.66027300e-03-1.58969983e-03j  5.08063620e-01+2.07758208e-01j]
 [-8.26029051e-02-2.76653281e-02j  2.91584884e-02+1.37586768e-02j
  -5.42479073e-01-2.11427762e-01j -2.82995675e-03-1.27216941e-03j
   9.24136942e-02+3.14504755e-02j -9.03882581e-03-3.12207064e-03j
   5.39413792e-01+2.02049621e-01j -1.05763000e-03-6.38554709e-04j
   3.38790225e-03+3.01665583e-03j -1.43774799e-03-8.55575751e-04j
   2.22587238e-02+2.02090329e-02j -2.73203074e-03+8.90959448e-04j
   8.24444724e-02+2.91876959e-02j -1.83528651e-02-8.72526903e-03j
   5.09991173e-01+2.04630935e-01j  9.33059631e-04+4.09570883e-04j]
 [ 4.84778002e-01+1.85177952e-01j -2.45563055e-01-9.46896832e-02j
  -8.51421791e-02-3.55277253e-02j  2.09372132e-02+1.02123894e-02j
  -4.81377022e-01-1.76595918e-01j  2.48181562e-01+9.25681254e-02j
   8.47106483e-02+3.40395900e-02j  1.49092337e-03+1.73035051e-03j
  -1.86106713e-02-1.71264054e-02j  1.27307213e-02+1.06313597e-02j
   3.34071824e-03+3.20846727e-03j -1.13725847e-03-9.14009840e-04j
  -4.55507821e-01-1.79215902e-01j  2.32681719e-01+9.25821080e-02j
   8.00911006e-02+3.43782848e-02j -9.53458454e-03-4.65129084e-03j]
 [-2.44048359e-01-9.25534561e-02j -4.83432287e-01-1.86725975e-01j
   3.15369807e-02+1.61959317e-02j  9.18888584e-02+3.49776725e-02j
   2.46721896e-01+9.02439812e-02j  4.80601505e-01+1.78426752e-01j
  -8.98371167e-03-4.18993503e-03j -9.14646130e-02-3.34673647e-02j
   1.25864809e-02+8.24821759e-03j  1.85716972e-02+1.83153923e-02j
  -1.48731000e-03-9.97168080e-04j -3.73198160e-03-3.39743569e-03j
   2.31283777e-01+9.04686410e-02j  4.54474005e-01+1.80789277e-01j
  -1.94392775e-02-1.04650616e-02j -8.65071764e-02-3.38937391e-02j]]

********* Summary *****************
Final fidelity error 0.2496291530911724
Final penalized l2 error 0.00017808732292136912
Final penalized TV regularizer 0.001443662712723133
Final objective value 0.2510728142364137
Final norm value 14.43662712723133
Final l2 value 0.001780873229213691
Final error 1.3276021314579377e-08
Terminate reason Exceed the maximum number of iteration of ADMM
Number of iterations 100
Completed in 0:08:45.663767 HH:MM:SS.US
Computational time 525.663767083
Time for each iteration [49.255709708, 13.149767624999996, 59.11894650000001, 22.734128582999986, 68.12995500000001, 31.60243262499999, 76.01076483300001, 39.40655066699999, 83.28356704100001, 47.35534462599999, 90.49933741600002, 54.422533876, 98.654761832, 62.598664793, 106.593523665, 70.53255195999999, 114.28626116500003, 78.07120866799998, 121.70852062400003, 85.48397045899999, 129.111091999, 92.98853304300002, 135.878938415, 99.996988877, 143.055816873, 107.576515919, 149.805378789, 114.43612371099996, 156.42532916400003, 120.84165754399996, 162.933495873, 127.339488794, 168.994295456, 133.24890883599997, 174.89314624700003, 139.02595129499994, 180.31420320500004, 145.02225591999994, 185.72967078800005, 149.83406683699994, 190.58861345500006, 154.50425262799993, 195.01142716400003, 158.82801816899993, 199.57706570600007, 163.35776658599994, 203.87302353900006, 167.4218500439999, 207.80367541400008, 171.46789004399992, 211.85269166400005, 175.85921341899993, 215.77669866400007, 179.8057670439999, 219.25324374800007, 183.5336244189999, 222.7686303730001, 187.3359305019999, 225.89638445600005, 190.72117608599993, 229.81847828900007, 194.29677033599992, 232.69759887200004, 197.06091546099995, 235.57265678900004, 199.81544358599993, 238.34123803900005, 202.69398933599993, 241.23098862200007, 205.45538541999994, 243.98608433000007, 208.1021423369999, 246.86329691300008, 210.9719999619999, 249.6124528710001, 213.7318252119999, 252.3598314550001, 216.4939315029999, 254.77399866400006, 219.1660071279999, 257.5279386640001, 222.02964650299987, 259.9281636220001, 224.20385558599986, 262.3361367060001, 226.60360175199986, 264.8484359560001, 229.34294133599985, 267.3729803310001, 231.86117541899984, 270.23815566400015, 234.36852691899986, 272.9854968730001, 236.88732779399987, 275.50789966400015, 239.63803366899987, 278.1295914560001, 242.2650601269999, 280.76771674800017, 244.89605033499987]
