Final evolution
[[-4.71844648e-02-1.32067369e-01j  1.64966737e-01+4.28605997e-01j
   5.99276192e-04-7.29041391e-04j -3.00588208e-01-7.87260945e-01j
   9.49827685e-03+2.25899548e-02j -2.22798417e-02-5.55039983e-02j
  -3.31694272e-03+5.65309675e-04j  4.72682643e-02+1.26518839e-01j
  -2.42364020e-03-7.13567672e-03j  1.95779125e-03+6.17167859e-03j
   1.38844037e-03+1.69967608e-04j -2.68737750e-03-1.08013445e-02j
   9.59873300e-03+2.68413658e-02j -3.20959758e-02-8.38950906e-02j
  -2.47742418e-04+3.97395368e-04j  5.91901539e-02+1.55695633e-01j]
 [ 6.39732018e-04+2.16328558e-03j  4.15800855e-04+6.65827823e-04j
   3.47853365e-01+9.02659775e-01j -1.88305334e-03-9.89754205e-04j
   4.86726331e-03+1.69896871e-02j -3.15167256e-04-5.92122368e-05j
  -5.74727160e-02-1.53645218e-01j -3.18697293e-03-1.04933699e-02j
   1.97648894e-03+4.63782557e-03j -8.68418499e-04-4.14984857e-03j
   2.31361894e-03+1.07078082e-02j -3.14222828e-03-2.93085568e-03j
   1.77841021e-04+4.24386465e-05j  6.38646811e-05+5.09807299e-04j
  -6.87108856e-02-1.78735901e-01j  5.45594435e-04+5.40797142e-04j]
 [ 3.29087617e-01+8.49043378e-01j  1.19318481e-01+3.00052817e-01j
   1.08692720e-03+2.95136935e-03j  6.64168458e-03+2.22262392e-02j
  -5.38374463e-02-1.46234726e-01j -2.35677947e-02-6.27947310e-02j
   5.10364178e-03+1.55533588e-02j -2.79785201e-03-9.63170285e-03j
   1.57452371e-03+8.17760365e-03j  8.95687395e-04+6.61896940e-03j
   1.62161896e-03+2.79893433e-03j -4.07020809e-03-4.97876953e-03j
  -6.50180145e-02-1.68136246e-01j -2.38702919e-02-6.00808781e-02j
   1.33658234e-04+3.95489111e-05j -9.06903113e-04-4.07133932e-03j]
 [-1.03616754e-01-2.75554943e-01j  2.82254659e-01+7.35578255e-01j
  -1.28149143e-03-2.25222981e-03j  1.69386673e-01+4.43035910e-01j
   1.92407055e-02+4.37265398e-02j -4.78001966e-02-1.30386889e-01j
  -1.01100774e-03-8.45850829e-03j -3.25160948e-02-8.97245965e-02j
  -2.85314621e-03-5.18053815e-03j  7.57380836e-04+7.23626865e-03j
   2.43301338e-03+3.16926482e-03j -4.05739233e-04+2.74641357e-03j
   2.06354875e-02+5.44260637e-02j -5.57521042e-02-1.45956796e-01j
  -5.67885706e-04-8.73100683e-04j -3.37894416e-02-8.83646875e-02j]
 [ 6.91177637e-03+1.91073586e-02j -2.34704100e-02-6.19409262e-02j
   2.89072159e-03+7.10204032e-03j  5.27629593e-02+1.34016933e-01j
   4.76669450e-02+1.34036403e-01j -1.67339233e-01-4.36151888e-01j
   3.16615674e-04+1.65510778e-03j  3.05961804e-01+8.00295344e-01j
   9.18548157e-04+2.55330287e-03j -1.82631794e-03-5.16688157e-03j
  -4.32411102e-05+4.03953111e-04j  4.08901765e-03+1.09358381e-02j
   4.35234324e-03+1.01189654e-02j -8.06025403e-03-1.53939277e-02j
  -8.25139969e-04+1.07839699e-03j  1.61778739e-02+3.12846780e-02j]
 [ 7.73299093e-03+1.65549113e-02j -3.72215675e-04-9.89718262e-04j
  -6.53085162e-02-1.61839949e-01j -4.00358480e-03-6.71588036e-04j
   1.25104189e-04-2.70333473e-03j -4.12307631e-04-6.89244964e-04j
  -3.54503737e-01-9.17419692e-01j  1.76644209e-03+2.82566052e-03j
   3.23105888e-04+4.26098611e-04j  1.70287213e-04+7.29476779e-04j
  -4.88561409e-03-1.27202463e-02j  2.77664306e-04+5.63726996e-04j
  -1.96242618e-04-1.82057471e-03j  7.85068008e-04+4.06644796e-03j
  -1.88225053e-02-3.55693223e-02j  2.27863138e-03+2.86789113e-03j]
 [-6.37653157e-02-1.56672597e-01j -2.67428792e-02-5.50481464e-02j
   7.62058740e-03+1.45992209e-02j -4.34589411e-03-1.02768783e-02j
  -3.35836522e-01-8.63231621e-01j -1.21819892e-01-3.03367639e-01j
  -4.45867646e-04-3.51514971e-03j -6.97895085e-03-2.24985491e-02j
  -4.72762761e-03-1.20454291e-02j -1.97092761e-03-4.79984758e-03j
   3.96157836e-04+5.87967589e-04j  3.54445547e-04+9.21144996e-05j
  -1.75950418e-02-3.22997851e-02j -7.45038604e-03-1.51117283e-02j
   9.72873566e-05-3.02524650e-04j  3.03005495e-03+3.31874154e-03j]
 [ 1.53283387e-02+3.99857343e-02j -5.55114474e-02-1.39881428e-01j
  -5.14895638e-03-1.10279208e-02j -3.87271442e-02-9.31616856e-02j
   1.04533434e-01+2.79193498e-01j -2.87925932e-01-7.47820144e-01j
   2.10058424e-04+1.69865461e-03j -1.73250212e-01-4.49785792e-01j
   1.58399295e-03+3.65256353e-03j -4.01961391e-03-1.07492510e-02j
  -9.05481557e-04-1.35969017e-03j -2.72758218e-03-6.82222166e-03j
   6.96705785e-03+1.11612512e-02j -1.47679744e-02-2.88812231e-02j
  -3.57788000e-03-5.12856831e-03j -9.22351997e-03-1.72839086e-02j]
 [ 1.48241385e-03-2.92968247e-04j -8.51960933e-03-2.04057720e-02j
   9.53156730e-04-1.22807400e-03j  1.51935183e-02+3.35375699e-02j
   1.47323868e-04+9.43317633e-04j -2.55541652e-04-1.39633239e-04j
  -2.86781285e-05+7.48458691e-05j  2.85747849e-04+9.09559475e-05j
  -4.83396603e-02-1.34173935e-01j  1.69158650e-01+4.36501351e-01j
   5.75325562e-04-7.26392375e-04j -3.08204113e-01-8.01781731e-01j
   9.66911086e-03+2.06325111e-02j -2.35929337e-02-5.23682444e-02j
  -3.17891767e-03+3.93721140e-04j  4.96343438e-02+1.20521833e-01j]
 [ 2.84677908e-04+1.85425685e-03j -1.78245226e-04-5.09227862e-03j
  -1.75709057e-02-3.86530875e-02j -1.66929758e-03-3.32691994e-03j
  -2.65889814e-04-1.04584574e-03j  7.66020402e-05+8.96011479e-04j
  -2.35705914e-04+4.20670012e-04j  4.53574377e-04+1.10458865e-03j
   6.48573637e-04+1.92507057e-03j  4.42188970e-04+9.40818680e-04j
   3.56636796e-01+9.19377492e-01j -1.78414988e-03-8.22445335e-04j
   5.00612454e-03+1.76175881e-02j -4.22664591e-04-8.75316293e-04j
  -6.02090474e-02-1.46949380e-01j -3.67300296e-03-1.12810667e-02j]
 [-1.66302902e-02-3.74745731e-02j -5.91475082e-03-9.49349095e-03j
   1.64012998e-04-9.56054591e-05j -2.71613005e-03-4.83729236e-03j
  -2.21189974e-04+6.04171898e-04j  9.83607277e-05+1.36860782e-04j
  -2.48534449e-04-6.88476569e-04j  4.69653192e-04+8.45907060e-04j
   3.37399654e-01+8.64895341e-01j  1.22305495e-01+3.05448602e-01j
   1.10326486e-03+2.84643954e-03j  6.97860857e-03+2.29150380e-02j
  -5.64217050e-02-1.40183892e-01j -2.44003113e-02-6.00609122e-02j
   5.20146474e-03+1.58564936e-02j -3.53940122e-03-1.04662273e-02j]
 [ 3.96541993e-03+1.16338263e-02j -1.48909788e-02-3.15574857e-02j
   2.02866468e-03+5.20309809e-03j -8.85609224e-03-1.90156904e-02j
   2.18790064e-04+1.63457854e-04j -2.58485778e-05+5.22640263e-04j
  -3.32219410e-04-4.82785173e-04j  9.97488457e-05+7.27803231e-04j
  -1.06202657e-01-2.80593593e-01j  2.89414286e-01+7.49300314e-01j
  -1.45928760e-03-2.44000774e-03j  1.73688112e-01+4.51395793e-01j
   1.98455969e-02+4.15492595e-02j -5.01797502e-02-1.25046912e-01j
  -4.12162241e-04-7.50626883e-03j -3.39764870e-02-8.66940733e-02j]
 [ 9.06782189e-03+2.53286926e-02j -3.10535732e-02-7.86206221e-02j
  -3.98098334e-04-7.93288597e-05j  5.63868570e-02+1.44256711e-01j
  -2.28159685e-03-4.08691922e-03j  9.93810051e-03+3.19598900e-02j
  -3.77560032e-04+1.00262430e-03j -1.85218291e-02-5.93072300e-02j
   5.91068078e-03+1.89398916e-02j -1.92390276e-02-5.78579460e-02j
   2.72361240e-03+7.20805241e-03j  4.50190683e-02+1.26805528e-01j
   4.71986606e-02+1.31040507e-01j -1.66008084e-01-4.28601976e-01j
   4.02155449e-04+1.53548996e-03j  3.03598986e-01+7.86147443e-01j]
 [-4.00866339e-04-1.39128761e-03j -2.92808418e-05+8.02522579e-04j
  -6.50591785e-02-1.64861860e-01j  8.09617359e-04+8.82859675e-04j
  -8.77141983e-04-5.11046735e-03j  2.25483548e-04+5.20688863e-03j
   2.18553770e-02+6.98739084e-02j  2.17168933e-03+5.16894313e-03j
   7.57924228e-03+1.59393669e-02j -2.54091162e-04-1.06514301e-04j
  -5.63432825e-02-1.53417719e-01j -3.62054438e-03-1.08654427e-04j
   2.63309032e-04-2.33865386e-03j -4.66913706e-04-1.22905640e-03j
  -3.51788984e-01-9.01294418e-01j  1.43607482e-03+2.34051819e-03j]
 [-6.15099493e-02-1.54802893e-01j -2.20943919e-02-5.52319638e-02j
  -4.58510074e-04-1.18879585e-03j -7.87039673e-04-3.20674392e-03j
   2.05843909e-02+6.72543466e-02j  8.02381806e-03+2.18745961e-02j
  -8.31110617e-04-2.86423855e-03j  2.99268209e-03+6.78616842e-03j
  -5.52687210e-02-1.48486796e-01j -2.37129393e-02-5.27996461e-02j
   7.51817723e-03+1.43508471e-02j -3.67838848e-03-9.33813076e-03j
  -3.33267465e-01-8.48198722e-01j -1.20882730e-01-2.97717648e-01j
  -3.27513253e-04-3.34955492e-03j -7.31522461e-03-2.25803276e-02j]
 [ 1.97913403e-02+5.09004335e-02j -5.26461076e-02-1.34066950e-01j
   7.40567798e-05+6.80983101e-05j -3.14474158e-02-8.03508760e-02j
  -5.58919168e-03-2.03942416e-02j  1.84438099e-02+5.80269449e-02j
  -1.99809547e-03-3.59165242e-03j  1.14898066e-02+3.70677973e-02j
   1.28713533e-02+3.75630675e-02j -4.80932069e-02-1.32869413e-01j
  -5.49600861e-03-1.16595271e-02j -3.42114349e-02-8.87695106e-02j
   1.03605468e-01+2.74216263e-01j -2.85835013e-01-7.34722563e-01j
   4.88500621e-04+2.17888250e-03j -1.72046063e-01-4.41968782e-01j]]

********* Summary *****************
Final fidelity error 0.26910785517266167
Final penalized l2 error 1.4313926939739323e-07
Final penalized TV regularizer 0.0005354135705760368
Final objective value 0.2696432687004044
Final norm value 5.354135705760368
Final l2 value 1.4313926939739323e-06
Final error 2.9698295214277647e-08
Terminate reason Exceed the maximum number of iteration of ADMM
Number of iterations 100
Completed in 0:04:11.724048 HH:MM:SS.US
Computational time 251.72404808299999
Time for each iteration [35.753038874999994, 16.717546958000007, 46.43817529199999, 22.873275166000006, 52.36775041699999, 26.350651041000013, 55.26049816699999, 28.232452541000008, 57.834869833999996, 30.680713998999998, 59.70834266799999, 32.55515712400001, 61.58236904299999, 35.56126116500001, 64.364219835, 37.875186832, 66.227266126, 40.42536604099999, 68.538951084, 43.88529774899999, 70.404764376, 45.64225779099999, 72.157044751, 47.509701999, 74.02818808399999, 49.38093174900001, 75.66668637599997, 50.772765874000015, 77.066796168, 52.410098874, 78.46304012600001, 53.80234737399999, 80.907692126, 56.117012249, 82.77922079300001, 57.866315832, 84.17581766800001, 59.744848039999994, 85.833120377, 61.138364623, 87.226524127, 62.584672165, 89.894860752, 64.46118858099999, 92.21981921100002, 66.213591372, 94.53832300299999, 68.19206145500002, 96.41727216999999, 70.06533153800001, 98.290034295, 71.695746663, 99.937988254, 73.095300246, 101.33522254600001, 74.49593078699999, 103.430150838, 76.69797587, 105.29839229699999, 78.338043911, 106.936362922, 79.72566907800001, 108.572385672, 81.120810036, 109.97386254700001, 82.76166370299998, 111.36723750500002, 84.96770620299998, 113.223121047, 86.71373557799998, 114.86172550500001, 89.05506099499999, 116.74727354700002, 91.03340028599999, 119.054891631, 93.23282661900001, 120.92241617299999, 94.98328691, 122.56812883999999, 96.375769327, 124.32098842299999, 97.771643869, 125.71831125599999, 99.406607869, 127.700751798, 101.03557511899999, 129.44629558900002, 102.67396149399997, 131.31343250600003, 104.52877424399998, 133.16130013100002, 106.26673245199999, 134.90671804800002, 107.88968553499998, 136.29813779800003, 109.26508970199998, 138.042199715, 110.898111368, 139.435296757, 112.28875132599998]
