Final evolution
[[ 4.87431455e-03-4.92928029e-04j -5.79326633e-03-9.99971218e-01j
  -6.51183249e-08-1.30563097e-07j -1.31324155e-07-2.56357417e-07j]
 [-5.80313772e-03-9.99971160e-01j  4.87970297e-03+4.36370636e-04j
  -1.45790847e-07-2.65158270e-07j -6.67824143e-08-1.29282337e-07j]
 [-6.80832561e-08+1.28899034e-07j -1.29855980e-07+2.57098362e-07j
   4.87477922e-03-4.88311290e-04j -4.84617966e-03-9.99976256e-01j]
 [-1.44222958e-07+2.66055469e-07j -6.61520906e-08+1.29675223e-07j
  -4.85605111e-03-9.99976208e-01j  4.87928749e-03+4.40992062e-04j]]

********* Summary *****************
Final fidelity error 1.2113170611782742e-05
Final penalized l2 error 9.232155279971214e-08
Final penalized TV regularizer 0.002753263176486385
Final objective value 0.002765375729972595
Final norm value 2.753263176486385
Final l2 value 9.232155279971214e-08
Final error 5.506013566929762e-06
Terminate reason Exceed the maximum number of iteration of ADMM
Number of iterations 100
Completed in 0:02:21.529807 HH:MM:SS.US
Computational time 141.529806667
Time for each iteration [12.500554083, 7.229461666999999, 16.67056775, 12.547725874999998, 21.519161124999997, 15.114428875000002, 25.932388292, 17.702944040999995, 27.661390001, 21.588235874, 29.809526876, 25.322963582, 31.567641001, 27.409300248999998, 34.052221126, 29.022411624, 35.436667293, 33.21334654, 37.232744917999995, 34.97473395700001, 38.930707668, 37.57564937400001, 40.200750126, 39.525623374000006, 41.125972084, 43.018536458000014, 42.566591458999994, 44.63314387400001, 43.96167020899999, 45.75125470800002, 44.77574729199999, 46.338149500000014, 46.388274207999984, 47.41536554200002, 47.01322837499998, 48.00098458300002, 47.60078145899999, 48.47734945800002, 49.05945870899998, 49.406333416000024, 49.875460666999984, 50.82722308300002, 50.35168245899999, 51.56857316600002, 51.81182287599998, 52.15898345700002, 52.59263879299999, 53.42834083200002, 53.332764375999986, 53.867400957000015, 54.640885125999986, 54.49378004100002, 55.56881025099999, 55.12227945700002, 56.00685129299998, 55.59900654000002, 56.97626875199998, 56.30326499800002, 57.676495334999984, 56.89257179000002, 58.112955417999984, 57.29264899900002, 58.55046979299998, 57.76959749900003, 59.02630229299997, 58.20874295700003, 59.42516258499998, 58.64543020700002, 59.86407025099999, 59.08464320700001, 60.303057792999994, 59.522786374000006, 60.73990491799999, 59.817961040000014, 61.17989329299999, 60.25640587400001, 61.47360091799999, 60.55128787400001, 61.87382316799999, 60.95113449900002, 62.16856050099999, 63.09743366600003, 63.59031387599997, 63.87583108200005, 64.21941754299993, 65.56817449900007, 64.99754466799993, 67.14054224900005, 65.62606416799994, 68.26247808200006, 66.40457329299994, 68.85307924900005, 67.03124195899994, 70.00932662400004, 67.96167904299995, 70.44743612400003, 68.59006925099996, 71.03960999900002, 69.21881904299997, 72.31098762400003]
