Final evolution
[[ 0.4455862 +0.00345641j -0.1604496 -0.18255843j  0.0049605 -0.7563916j
  -0.30956723+0.27273542j  0.        +0.j          0.        +0.j
   0.        +0.j          0.        +0.j          0.        +0.j
   0.        +0.j          0.        +0.j          0.        +0.j
   0.        +0.j          0.        +0.j          0.        +0.j
   0.        +0.j        ]
 [ 0.17450726+0.16917113j -0.01830211+0.44522359j  0.28681362-0.29657111j
   0.75580627+0.03016188j  0.        +0.j          0.        +0.j
   0.        +0.j          0.        +0.j          0.        +0.j
   0.        +0.j          0.        +0.j          0.        +0.j
   0.        +0.j          0.        +0.j          0.        +0.j
   0.        +0.j        ]
 [-0.30996998-0.68997932j -0.16814876+0.37675253j  0.40624738-0.18309036j
  -0.22206338-0.09879023j  0.        +0.j          0.        +0.j
   0.        +0.j          0.        +0.j          0.        +0.j
   0.        +0.j          0.        +0.j          0.        +0.j
   0.        +0.j          0.        +0.j          0.        +0.j
   0.        +0.j        ]
 [ 0.13754494-0.38897026j  0.69992484-0.28680668j  0.22923922+0.08075292j
   0.1694519 +0.41212263j  0.        +0.j          0.        +0.j
   0.        +0.j          0.        +0.j          0.        +0.j
   0.        +0.j          0.        +0.j          0.        +0.j
   0.        +0.j          0.        +0.j          0.        +0.j
   0.        +0.j        ]
 [ 0.        +0.j          0.        +0.j          0.        +0.j
   0.        +0.j         -0.33300461+0.29608604j  0.24143486+0.02794389j
   0.50328504+0.56467426j  0.04694355-0.40989362j  0.        +0.j
   0.        +0.j          0.        +0.j          0.        +0.j
   0.        +0.j          0.        +0.j          0.        +0.j
   0.        +0.j        ]
 [ 0.        +0.j          0.        +0.j          0.        +0.j
   0.        +0.j         -0.24289488-0.00858657j -0.28482539-0.34268573j
  -0.01408145+0.41233262j -0.58113093+0.48418974j  0.        +0.j
   0.        +0.j          0.        +0.j          0.        +0.j
   0.        +0.j          0.        +0.j          0.        +0.j
   0.        +0.j        ]
 [ 0.        +0.j          0.        +0.j          0.        +0.j
   0.        +0.j          0.69249561+0.3043069j  -0.12772572-0.39230424j
  -0.1787779 +0.40816354j  0.23101592-0.07552018j  0.        +0.j
   0.        +0.j          0.        +0.j          0.        +0.j
   0.        +0.j          0.        +0.j          0.        +0.j
   0.        +0.j        ]
 [ 0.        +0.j          0.        +0.j          0.        +0.j
   0.        +0.j          0.15862694+0.38085952j -0.32721294+0.68197108j
  -0.22425202+0.09371598j -0.40197972-0.19227926j  0.        +0.j
   0.        +0.j          0.        +0.j          0.        +0.j
   0.        +0.j          0.        +0.j          0.        +0.j
   0.        +0.j        ]
 [ 0.        +0.j          0.        +0.j          0.        +0.j
   0.        +0.j          0.        +0.j          0.        +0.j
   0.        +0.j          0.        +0.j         -0.43821513+0.08078681j
   0.19204952+0.1489585j   0.13802774+0.74370774j  0.25246689-0.32630805j
   0.        +0.j          0.        +0.j          0.        +0.j
   0.        +0.j        ]
 [ 0.        +0.j          0.        +0.j          0.        +0.j
   0.        +0.j          0.        +0.j          0.        +0.j
   0.        +0.j          0.        +0.j         -0.20332488-0.13315648j
  -0.06613994-0.44066373j -0.22561995+0.34541586j -0.74789404+0.1131696j
   0.        +0.j          0.        +0.j          0.        +0.j
   0.        +0.j        ]
 [ 0.        +0.j          0.        +0.j          0.        +0.j
   0.        +0.j          0.        +0.j          0.        +0.j
   0.        +0.j          0.        +0.j          0.43474027+0.61899415j
   0.09394396-0.401735j   -0.36434195+0.25654231j  0.23672812+0.0550586j
   0.        +0.j          0.        +0.j          0.        +0.j
   0.        +0.j        ]
 [ 0.        +0.j          0.        +0.j          0.        +0.j
   0.        +0.j          0.        +0.j          0.        +0.j
   0.        +0.j          0.        +0.j         -0.06158306+0.40795098j
  -0.63313663+0.41387301j -0.2403671 -0.03599043j -0.24425941-0.37268801j
   0.        +0.j          0.        +0.j          0.        +0.j
   0.        +0.j        ]
 [ 0.        +0.j          0.        +0.j          0.        +0.j
   0.        +0.j          0.        +0.j          0.        +0.j
   0.        +0.j          0.        +0.j          0.        +0.j
   0.        +0.j          0.        +0.j          0.        +0.j
   0.27107077-0.35366601j -0.24236634+0.01817165j -0.60090126-0.45942413j
   0.03133967+0.41138097j]
 [ 0.        +0.j          0.        +0.j          0.        +0.j
   0.        +0.j          0.        +0.j          0.        +0.j
   0.        +0.j          0.        +0.j          0.        +0.j
   0.        +0.j          0.        +0.j          0.        +0.j
   0.24014305-0.03745621j  0.34443712+0.28270494j -0.06407078-0.40756768j
   0.47919196-0.58525885j]
 [ 0.        +0.j          0.        +0.j          0.        +0.j
   0.        +0.j          0.        +0.j          0.        +0.j
   0.        +0.j          0.        +0.j          0.        +0.j
   0.        +0.j          0.        +0.j          0.        +0.j
  -0.73751546-0.16799941j  0.1995405 +0.36110949j  0.09844747-0.43458843j
  -0.2125884 +0.11780418j]
 [ 0.        +0.j          0.        +0.j          0.        +0.j
   0.        +0.j          0.        +0.j          0.        +0.j
   0.        +0.j          0.        +0.j          0.        +0.j
   0.        +0.j          0.        +0.j          0.        +0.j
  -0.22772309-0.34403295j  0.19248127-0.73150791j  0.20250872-0.13439446j
   0.43106668+0.11287396j]]

********* Summary *****************
Final fidelity error 0.688242181052877
Final penalized l2 error 0.0050582798928104
Final penalized TV regularizer 0.0016157791713224934
Final objective value 0.6898579340860818
Final norm value 1.6157791713224934
Final l2 value 0.0050582798928104
Final error 2.123648174977611e-06
Terminate reason Exceed the maximum number of iteration of ADMM
Number of iterations 100
Completed in 0:06:29.200517 HH:MM:SS.US
Computational time 389.200517417
Time for each iteration [54.955139834, 11.805344708, 64.05976962599999, 19.173291833000008, 70.357850667, 25.426923916999996, 75.1617735, 31.676246917, 78.969865417, 36.581041416999994, 84.872166292, 40.47507037499999, 88.75045645900003, 45.52247408299998, 92.39084866700004, 50.535799832999956, 96.72835254200005, 55.61675549999997, 99.58593104200004, 61.031963249999976, 102.44394525000003, 65.27305854199999, 105.37062125000001, 70.63352450000001, 108.487275209, 74.52343066600001, 110.394090209, 77.62661445800002, 112.30456016699999, 80.61523270800002, 114.77363170899999, 82.41783629100003, 116.71049587599997, 84.85848729100003, 118.54262316799996, 90.04666520700003, 121.18612675199996, 92.48974729000004, 123.91488316899996, 94.77476283100005, 126.29915121099997, 96.77548653900006, 128.30557112799994, 100.39785216400006, 130.69224100299996, 103.09808266400003, 132.51900541999998, 105.72024141400001, 134.956519545, 107.53265808, 136.854771504, 109.26536307999999, 142.87052712900004, 112.39372145499999, 146.92406496200005, 115.51841349699998, 150.16049517000005, 118.19922945499997, 152.53549175400002, 120.46854516299999, 154.39286279600003, 125.05110124599997, 156.85660342100005, 127.41006182899997, 158.76236108800003, 128.85579995399996, 165.43856208800003, 133.067629787, 168.027827463, 135.05542124600004, 172.052234296, 139.05488957900002, 175.016044421, 141.24065707900002, 177.00203496299997, 143.00635370400005, 178.59039417099996, 144.59277612100004, 180.15044225399998, 150.32994124600003, 183.63949033799997, 152.363786537, 188.95446700500003, 154.677185287, 192.42959529700005, 157.27995136999994, 194.57418167200007, 159.67164303699997, 196.59498729700005, 161.262077703, 201.18077233900004, 165.02096341099997, 204.12804329800002, 167.427911952, 208.41514659, 170.229816077, 210.42825250700002, 173.655354118, 213.287278507, 175.91323891000002]
Final evolution
[[ 1.20791039e-02+1.75853169e-03j  7.01252338e-03-2.15096635e-02j
  -3.16975117e-05-2.70649406e-02j -4.41641053e-01+3.55733453e-01j
  -1.68453731e-02-2.18910767e-03j -3.09029870e-03+2.70726393e-02j
  -2.55315830e-02+3.64260357e-02j  6.20930187e-01-5.26205142e-01j
  -4.96063920e-04-1.73622412e-03j -1.75979491e-02+3.14450847e-02j
   2.04324914e-03-1.21214555e-03j -8.41595023e-03+1.57851467e-02j
   1.18363008e-03+2.70158260e-03j  2.38916685e-02-4.96970372e-02j
  -2.53104347e-04-3.53735462e-03j -5.19616173e-02+6.45628240e-02j]
 [-1.11655640e-02+1.65351125e-02j  9.41056002e-04+1.27381111e-02j
   4.65541115e-01-3.23151659e-01j  3.31324748e-02-1.57106399e-02j
   8.76147650e-03-2.07643084e-02j -1.87950312e-03-1.73525782e-02j
  -6.57230965e-01+4.80917770e-01j -3.65629334e-02-1.95443017e-03j
   1.96645350e-02-3.01253209e-02j  1.76709429e-03-1.61557271e-03j
   9.29193662e-03-1.53754359e-02j  8.33815641e-04+1.49700137e-03j
  -2.78957462e-02+4.73397087e-02j -1.70338207e-03+2.58139069e-03j
   5.68089256e-02-6.04338506e-02j  3.22299888e-03-2.58272888e-03j]
 [-1.37471690e-01-5.50203058e-01j -2.13087698e-02+7.37419953e-03j
   3.68322923e-03-1.79365753e-02j -1.08898171e-02-6.66781442e-03j
   2.14996038e-01+7.86436057e-01j  4.72133536e-03-1.74222203e-02j
  -3.72836263e-03+3.17701845e-02j  1.52035368e-02+8.31727528e-03j
  -1.29243938e-02-8.01850963e-03j  5.53562774e-04+3.61246679e-04j
  -2.21726375e-02-2.96545523e-02j -1.41958233e-03+9.37915425e-04j
  -3.60661196e-02-7.47443699e-02j -8.53791251e-05+2.11989678e-03j
   3.23141485e-02+3.83237586e-02j -1.83674237e-03-1.73972025e-03j]
 [ 9.86288794e-03-4.69174708e-03j  5.07557099e-01-2.53365613e-01j
   9.77105474e-03+7.13604879e-03j  2.09147504e-02+4.14271351e-03j
   4.59994911e-03+2.72491902e-02j -7.20975573e-01+3.79925309e-01j
  -1.39902671e-02-8.73213545e-03j -3.56103022e-02-2.76141398e-03j
  -5.65355894e-04-9.67907666e-04j  5.26954952e-03-1.41377243e-02j
   8.04484401e-04-4.81588607e-04j  2.42945474e-02-2.80109174e-02j
  -1.05832110e-03-2.39461983e-03j  6.47820153e-02-5.16446724e-02j
   2.51310638e-03+2.16562217e-03j -2.99251071e-02+4.03623895e-02j]
 [-1.53859643e-02+7.44209138e-03j  1.24808639e-02+2.41539774e-02j
   1.61962593e-03+4.97557020e-02j  2.24085580e-01-7.82173897e-01j
  -1.07514285e-02+5.77701374e-03j  7.47513115e-03+2.13808276e-02j
   1.59292858e-02+2.12317009e-02j  1.42650089e-01-5.48549115e-01j
   2.83214890e-03+1.83805806e-03j -7.71458345e-03-5.46757607e-02j
  -2.38637485e-03-3.20234654e-03j -8.99583604e-03+8.43562468e-02j
   1.48296070e-03+1.08621763e-03j -4.56170553e-03-3.58844446e-02j
  -5.03434223e-04+2.26955821e-03j -6.36271601e-03-1.50807608e-02j]
 [-4.27454332e-03-2.20341324e-02j -1.11200581e-02-1.35625789e-02j
  -2.79303170e-01+7.64719879e-01j -3.67251804e-02+2.13977690e-02j
  -1.18329753e-03-1.98841665e-02j -8.33865962e-03-9.66455124e-03j
  -1.81251606e-01+5.36657352e-01j -1.67980364e-02+3.20755735e-02j
   3.06241927e-03+5.49199846e-02j -2.14513630e-04+3.44544382e-03j
   1.54371860e-02-8.34941932e-02j  1.66444572e-03-4.21806859e-03j
   2.08594133e-03+3.60223943e-02j -4.27642878e-04+2.40070598e-03j
   5.60040245e-03+1.55425114e-02j -1.61734906e-03-4.09915942e-04j]
 [ 6.15680256e-01+5.34651319e-01j -3.91795221e-03-1.14929285e-02j
   1.44764216e-02+2.87337281e-02j  1.72183127e-02-1.29618702e-03j
   4.37934273e-01+3.59771630e-01j  1.25797828e-02-1.91021268e-02j
   7.69441518e-03+1.68592844e-02j  1.27150680e-02-1.17725157e-03j
  -7.26598531e-02-4.42242546e-02j  8.83096077e-04+1.53045609e-03j
   4.81670779e-02+1.38332670e-02j -2.29242130e-03-1.73762478e-04j
   1.40200185e-02-5.47504798e-03j -4.68854934e-04+4.08718097e-04j
   3.54819158e-02+1.04566320e-02j  4.85258754e-04-1.66531861e-03j]
 [ 1.86974165e-02+1.42048251e-02j -3.88657083e-01+7.16455328e-01j
  -1.63929034e-02+3.01165482e-04j -3.13865917e-02+1.74455611e-02j
  -5.07718692e-03+1.01470266e-02j -2.56548355e-01+5.05591144e-01j
  -1.21018801e-02+1.38948202e-04j -1.95247219e-02+9.15943856e-03j
  -2.13529345e-03-1.07064612e-03j  2.69934015e-02-8.05105338e-02j
   3.17009884e-03+9.75799518e-05j -2.36989276e-03+5.01935305e-02j
   8.63959598e-04-2.71581880e-05j  8.05482107e-03+1.24702518e-02j
  -2.72283703e-04+9.38023750e-04j -2.65634857e-03+3.69795488e-02j]
 [ 8.07684509e-04-2.44291441e-03j -5.95113574e-02+2.64299573e-02j
  -9.61636722e-04+2.92511868e-03j  4.78664788e-02-3.90059533e-02j
  -2.20155757e-03-5.58965278e-04j  9.92369476e-04+2.23239355e-03j
  -6.37165388e-04+2.62579739e-03j  5.08114540e-02-3.43971713e-02j
  -2.05386671e-02+7.55279352e-04j -2.81631515e-03+3.48854858e-02j
  -1.62909532e-02+4.67642510e-02j  6.99458216e-01-7.02721200e-01j
   8.04562370e-05+7.18519932e-04j  2.62026970e-03-3.85847200e-03j
   1.59910890e-02-2.07117637e-03j -2.50942664e-02+8.78531487e-03j]
 [ 6.15648762e-02-2.16512159e-02j  2.90158080e-03-8.87797817e-04j
  -5.07295472e-02+3.49777051e-02j -2.63942744e-03+9.31171299e-04j
  -6.26827159e-04-1.81179920e-03j  5.30960195e-04-2.15824288e-03j
  -5.31216696e-02+3.06778488e-02j -3.31145865e-03+1.08069615e-03j
   1.09016866e-02-2.78530882e-02j -5.52755137e-03-2.05390887e-02j
  -7.47850913e-01+6.51207662e-01j -4.78171237e-02+1.23404064e-02j
  -2.80798334e-03+3.53324701e-03j -5.34785573e-04+1.60242725e-04j
   2.61250307e-02-7.34673534e-03j -2.19908466e-03+1.55886333e-02j]
 [ 2.21948224e-02+6.05705167e-02j -7.03369330e-04-2.63612625e-03j
  -2.33947843e-03-6.15741511e-02j -2.46160777e-04+1.55498137e-03j
   9.91193450e-03+5.66844751e-02j  2.02177628e-03-9.37007954e-04j
  -1.22748819e-03+3.56433365e-03j  2.35078011e-04+4.35710094e-04j
   4.12466249e-01+9.02867799e-01j  1.30684623e-02-2.13463952e-02j
   1.30155276e-03+3.69140847e-02j  1.91098994e-02+8.66992572e-03j
   1.89455460e-03-2.71976742e-02j  1.46412458e-02+2.72933692e-04j
   2.59083495e-03+2.58024296e-03j  2.14695048e-04-2.26486849e-04j]
 [ 1.26997022e-03+3.41152737e-03j -5.41524245e-02+3.53097622e-02j
  -4.60357494e-04-2.17672521e-03j  5.93132199e-02-1.60488937e-02j
  -1.08483031e-03+8.09269725e-04j -5.31994293e-02+2.19490661e-02j
  -4.40866636e-04+2.06822635e-05j -3.96404908e-03-9.16072598e-04j
   1.84355729e-03+2.51340845e-02j -7.92071174e-01+5.97987494e-01j
  -1.75272544e-02-9.39505532e-03j -4.12117504e-02+2.39749376e-03j
  -1.29761079e-02-9.32887087e-03j  2.66737014e-02-3.85599237e-03j
   1.37341674e-05+3.22910552e-05j -1.99571180e-03+3.17910444e-03j]
 [-1.98697423e-03+8.94536927e-04j  5.09180925e-04+3.67969523e-04j
   8.53881240e-04+2.55088442e-03j  2.39103017e-02-5.33497786e-02j
   1.02382939e-03+2.66107775e-03j  2.87084338e-02-5.83771410e-02j
  -1.45128950e-03-3.30669476e-03j -9.48561167e-03+6.14399940e-02j
   2.18629571e-04+1.80568239e-04j -6.51219074e-04-3.96880771e-03j
   9.26214558e-03-1.27745948e-02j  9.97704513e-03+2.45902998e-02j
   1.54255640e-02-1.36892146e-02j -1.99224160e-02-2.86313937e-02j
  -2.04701239e-02-5.01791759e-02j -8.72481175e-02+9.87568208e-01j]
 [-7.09144768e-05-1.07985906e-04j -8.30445462e-04-1.93606132e-03j
  -2.76365733e-02+5.14869708e-02j -2.26290862e-03+2.58314091e-03j
  -3.33479376e-02+5.60483315e-02j -1.93151213e-03+2.60569995e-03j
   1.43206519e-02-6.03440624e-02j  1.79017538e-03-2.70516920e-03j
   3.10997741e-04+4.07237060e-03j -5.02276187e-05+8.84332903e-05j
  -8.06628268e-03-2.57944193e-02j  8.16783277e-03+1.14271688e-02j
   9.20693500e-03+2.83654339e-02j  1.73569984e-02+1.23843694e-02j
   1.57303472e-01-9.79025188e-01j  3.26985903e-02-4.30781692e-02j]
 [ 3.63260324e-02+4.10377852e-02j  1.18482024e-03-1.75350981e-03j
   2.17282585e-03+2.52063749e-03j  3.49689373e-04+4.57447660e-04j
  -5.74698634e-02-3.06610611e-02j  2.12150211e-03+1.11961218e-03j
   4.11726489e-02+4.58283442e-02j -7.39328398e-04-1.01025185e-03j
  -2.60181092e-02-5.57625245e-04j  1.15239854e-02-1.06503959e-02j
   2.67137974e-03+1.21609647e-03j  1.91449287e-04+1.32330966e-04j
  -8.95214616e-01-4.29373389e-01j  8.73940331e-04+2.07435845e-02j
  -2.46458159e-02-2.74698311e-02j -2.02488326e-02+5.37107595e-03j]
 [-4.59287266e-04+1.16613976e-03j -3.22152780e-02+4.43649187e-02j
  -2.34013871e-04+1.62024098e-05j -2.41321169e-03+2.37592971e-03j
  -3.17475363e-03-1.30251665e-03j  1.70243609e-02-6.30356503e-02j
   1.77596494e-03+1.03071682e-03j -3.53191461e-02+5.02443221e-02j
  -1.54720990e-02+2.78419061e-03j -5.19680736e-03-2.51817465e-02j
  -7.94207289e-05-4.04888845e-04j -5.34557606e-04+2.75006465e-03j
  -1.60921552e-02-1.34584331e-02j  2.25486935e-01-9.66766076e-01j
   1.94509284e-02-3.80883240e-03j  3.00624263e-02-2.82067044e-02j]]

********* Summary *****************
Final fidelity error 0.2903887497444846
Final penalized l2 error 2.7703042737686558e-05
Final penalized TV regularizer 0.008158450681595255
Final objective value 0.298547198368475
Final norm value 8.158450681595255
Final l2 value 2.7703042737686558e-05
Final error 2.7940495947343233e-06
Terminate reason Exceed the maximum number of iteration of ADMM
Number of iterations 100
Completed in 0:09:07.466834 HH:MM:SS.US
Computational time 547.4668337920001
Time for each iteration [91.28320358399999, 22.170063916000004, 109.36824004299999, 34.889808082, 120.29375204299998, 44.323994457000026, 127.74606475199997, 51.542474457000026, 134.85666291799998, 58.52438316600001, 141.24256458399998, 64.33358554100002, 147.51079629299997, 70.52158866600001, 153.841796376, 75.51675437400002, 159.87278995999998, 82.25206287400002, 165.194524251, 87.68972699899999, 170.154230001, 94.39080766599997, 175.10647979300003, 100.73258566599995, 179.48064612600004, 105.33725945799998, 185.474150126, 111.20760812399996, 190.778472751, 116.74629008299999, 195.731109126, 119.94853599899997, 201.38903621, 125.48581662400002, 206.34566683499995, 130.79869762400003, 211.65589795999998, 133.89467329000004, 216.23563887699996, 138.95633691500004, 219.31208233499999, 144.123498457, 222.395297877, 147.19140229, 226.858988252, 151.88389124800003, 229.93842858599996, 154.95593658100003, 235.23006250299997, 158.027691997, 239.38189392, 161.10457532999996, 244.18962300400003, 164.292793413, 247.259844379, 167.01448678800003, 252.65901412899998, 169.967365705, 255.617544379, 172.918221788, 259.85227571199994, 175.98704995500003, 262.80375975399994, 180.80714245500008, 265.76175296199995, 183.29717812200005, 268.8943996699999, 186.9548207050001, 271.2609697119999, 189.4397787050001, 273.6301936699999, 193.6703213300001, 276.0076981289999, 196.1511849960001, 278.4823613789999, 199.20136508000013, 280.83652691999987, 203.4091417890001, 283.3314835449999, 205.7710797470001, 285.6979550029999, 209.06026103900012, 287.59155191999986, 211.78824420500013, 292.0380430869999, 214.27266274700008, 294.9851152529999, 216.62827603900013, 298.617913753, 219.11999508100013, 301.5524274609999, 224.00963345600013, 304.0290459189999, 227.07410712300015, 306.3849234189999, 229.66090191500012, 308.7475209189999, 232.1442269980002, 311.10330887699985, 236.36352491500026]
