Final evolution
[[ 0.44560095+0.00349838j -0.16043379-0.1826224j   0.00494218-0.75635458j
  -0.30961804+0.27272257j  0.        +0.j          0.        +0.j
   0.        +0.j          0.        +0.j          0.        +0.j
   0.        +0.j          0.        +0.j          0.        +0.j
   0.        +0.j          0.        +0.j          0.        +0.j
   0.        +0.j        ]
 [ 0.17452789+0.16920388j -0.01837679+0.4452356j   0.28681045-0.29661541j
   0.7557677 +0.03019707j  0.        +0.j          0.        +0.j
   0.        +0.j          0.        +0.j          0.        +0.j
   0.        +0.j          0.        +0.j          0.        +0.j
   0.        +0.j          0.        +0.j          0.        +0.j
   0.        +0.j        ]
 [-0.30981879-0.69000652j -0.16828357+0.3767248j   0.40627563-0.18306435j
  -0.22207719-0.0988517j   0.        +0.j          0.        +0.j
   0.        +0.j          0.        +0.j          0.        +0.j
   0.        +0.j          0.        +0.j          0.        +0.j
   0.        +0.j          0.        +0.j          0.        +0.j
   0.        +0.j        ]
 [ 0.1376096 -0.38897883j  0.69996775-0.28660397j  0.22927284+0.08077069j
   0.16939512+0.41216227j  0.        +0.j          0.        +0.j
   0.        +0.j          0.        +0.j          0.        +0.j
   0.        +0.j          0.        +0.j          0.        +0.j
   0.        +0.j          0.        +0.j          0.        +0.j
   0.        +0.j        ]
 [ 0.        +0.j          0.        +0.j          0.        +0.j
   0.        +0.j         -0.33298693+0.29612861j  0.24147136+0.02795568j
   0.50338204+0.56453805j  0.04691131-0.40992714j  0.        +0.j
   0.        +0.j          0.        +0.j          0.        +0.j
   0.        +0.j          0.        +0.j          0.        +0.j
   0.        +0.j        ]
 [ 0.        +0.j          0.        +0.j          0.        +0.j
   0.        +0.j         -0.24293379-0.00855048j -0.28484371-0.3426901j
  -0.01397037+0.41236605j -0.58103308+0.48424915j  0.        +0.j
   0.        +0.j          0.        +0.j          0.        +0.j
   0.        +0.j          0.        +0.j          0.        +0.j
   0.        +0.j        ]
 [ 0.        +0.j          0.        +0.j          0.        +0.j
   0.        +0.j          0.69245997+0.30429571j -0.12768229-0.39234954j
  -0.17873807+0.40819744j  0.2310529 -0.07552811j  0.        +0.j
   0.        +0.j          0.        +0.j          0.        +0.j
   0.        +0.j          0.        +0.j          0.        +0.j
   0.        +0.j        ]
 [ 0.        +0.j          0.        +0.j          0.        +0.j
   0.        +0.j          0.1586577 +0.38087881j -0.32724994+0.68191213j
  -0.22427091+0.09376831j -0.40200101-0.19226969j  0.        +0.j
   0.        +0.j          0.        +0.j          0.        +0.j
   0.        +0.j          0.        +0.j          0.        +0.j
   0.        +0.j        ]
 [ 0.        +0.j          0.        +0.j          0.        +0.j
   0.        +0.j          0.        +0.j          0.        +0.j
   0.        +0.j          0.        +0.j         -0.43822609+0.08081052j
   0.19206721+0.14899707j  0.13814418+0.74364835j  0.25247295-0.32634084j
   0.        +0.j          0.        +0.j          0.        +0.j
   0.        +0.j        ]
 [ 0.        +0.j          0.        +0.j          0.        +0.j
   0.        +0.j          0.        +0.j          0.        +0.j
   0.        +0.j          0.        +0.j         -0.20337021-0.13315591j
  -0.06613137-0.44068026j -0.22555948+0.34549075j -0.74784677+0.11323381j
   0.        +0.j          0.        +0.j          0.        +0.j
   0.        +0.j        ]
 [ 0.        +0.j          0.        +0.j          0.        +0.j
   0.        +0.j          0.        +0.j          0.        +0.j
   0.        +0.j          0.        +0.j          0.43468471+0.61898779j
   0.09402462-0.40174657j -0.36433823+0.25657377j  0.23676112+0.05508278j
   0.        +0.j          0.        +0.j          0.        +0.j
   0.        +0.j        ]
 [ 0.        +0.j          0.        +0.j          0.        +0.j
   0.        +0.j          0.        +0.j          0.        +0.j
   0.        +0.j          0.        +0.j         -0.06158708+0.40798035j
  -0.63315839+0.41377184j -0.24040857-0.03596744j -0.24426399-0.37270303j
   0.        +0.j          0.        +0.j          0.        +0.j
   0.        +0.j        ]
 [ 0.        +0.j          0.        +0.j          0.        +0.j
   0.        +0.j          0.        +0.j          0.        +0.j
   0.        +0.j          0.        +0.j          0.        +0.j
   0.        +0.j          0.        +0.j          0.        +0.j
   0.27099521-0.3537429j  -0.24240184+0.01820133j -0.6010359 -0.45918682j
   0.031436  +0.41140334j]
 [ 0.        +0.j          0.        +0.j          0.        +0.j
   0.        +0.j          0.        +0.j          0.        +0.j
   0.        +0.j          0.        +0.j          0.        +0.j
   0.        +0.j          0.        +0.j          0.        +0.j
   0.24016913-0.03753305j  0.34449602+0.28265693j -0.06424397-0.40757042j
   0.47900166-0.58536663j]
 [ 0.        +0.j          0.        +0.j          0.        +0.j
   0.        +0.j          0.        +0.j          0.        +0.j
   0.        +0.j          0.        +0.j          0.        +0.j
   0.        +0.j          0.        +0.j          0.        +0.j
  -0.73750216-0.16789058j  0.19955762+0.36113389j  0.09834032-0.43462815j
  -0.21260651+0.1178491j ]
 [ 0.        +0.j          0.        +0.j          0.        +0.j
   0.        +0.j          0.        +0.j          0.        +0.j
   0.        +0.j          0.        +0.j          0.        +0.j
   0.        +0.j          0.        +0.j          0.        +0.j
  -0.22780573-0.34401378j  0.19242503-0.73148431j  0.20249832-0.13447814j
   0.43110177+0.11279941j]]

********* Summary *****************
Final fidelity error 0.6882382370923852
Final penalized l2 error 0.005061249991698839
Final penalized TV regularizer 0.001631318500188006
Final objective value 0.6898695294642957
Final norm value 1.631318500188006
Final l2 value 0.005061249991698839
Final error 1.9824777138258483e-07
Terminate reason Exceed the maximum number of iteration of ADMM
Number of iterations 100
Completed in 0:05:03.989769 HH:MM:SS.US
Computational time 303.9897685
Time for each iteration [8.687655833, 12.248730709, 16.115927958, 19.871623084, 22.341383624000002, 25.969794418, 28.00656679, 31.732760668000005, 32.394996623999994, 36.84810770900001, 39.75878441599999, 40.37773612600001, 43.91709108199999, 44.16806746000001, 48.95704162299999, 49.64096887700001, 52.35396870599998, 53.30924046100002, 55.141668746999976, 56.70184358600003, 60.192227288999966, 59.825030086000034, 63.51604466399997, 62.687759586000034, 67.36899824699995, 64.97251829500004, 69.36682028799996, 67.86383404500003, 71.40544662199994, 71.99602854500003, 73.98437866299994, 73.91994104500003, 76.86078116299996, 75.89022404500002, 80.13768466299996, 78.80557558700002, 82.60302620499996, 84.25128558700001, 85.40596987099997, 87.91147900400003, 87.51684603799995, 90.52485675400004, 91.70240487099994, 92.94104529600006, 94.49908853699992, 95.04204233800007, 97.23016399499991, 97.27534317200008, 98.9900783279999, 99.0551372140001, 100.54370611899989, 100.6037369230001, 104.33021803499989, 103.8431257980001, 106.76809049399989, 106.29751283900009, 108.72916699399988, 108.26093892300011, 110.30536611899987, 109.83617938100011, 111.79747670199987, 113.53802946500011, 114.33667124299987, 116.17555550700013, 116.27294661799985, 117.78751825700013, 119.62593928499984, 121.08394959000015, 121.44377582699985, 122.90914346500014, 124.17576620199983, 124.41076063100016, 127.04654241099985, 126.78247642200014, 128.46764695299981, 130.2406098800002, 129.93251211999984, 133.19419979700018, 132.2349453279998, 134.71866538000023, 133.72834582799976, 136.14552754700026, 137.01198870299976, 139.02471392200027, 139.0685568279997, 140.9071800890003, 140.7821224109997, 142.4960350470003, 142.27922324499968, 143.9288894630003, 144.6449105789997, 146.25408721300028, 146.15775099499973, 148.3959934220003, 148.12202782799972, 149.9083008800003, 149.67577628699974, 151.2958966300003, 151.2080850369997, 152.78168346300032]
