Final evolution
[[-2.60030357e-01-5.94222292e-02j  3.57675321e-02+2.67677744e-01j
  -7.20626072e-02+1.04306593e-02j -1.48664205e-01-7.80619372e-02j
   1.16565950e-02-6.98902492e-04j -4.79269601e-03-1.08080476e-02j
   2.89983053e-03-1.32393922e-03j  7.20614993e-03+1.45301939e-03j
   1.34782232e-02-6.17153256e-03j -1.06285816e-02-1.05968622e-02j
   2.82572167e-03-2.89671626e-03j  9.19654111e-03-1.58377178e-03j
   5.40126053e-01+1.93444728e-01j -7.88963239e-03-5.80816586e-01j
   1.56569089e-01-3.83579715e-03j  2.97518009e-01+2.04754591e-01j]
 [-7.79706769e-02-5.97593311e-04j  1.12427098e-04+1.34784762e-02j
   3.82317026e-01-1.54368592e-01j -3.62349869e-02+1.89695870e-03j
   3.28361982e-03-9.33150559e-04j -1.70374404e-04-5.64976794e-04j
  -1.41674983e-02+1.11851508e-02j  1.49925612e-03-5.25036995e-04j
   3.45920387e-03-2.61007095e-03j -4.60707513e-04-5.90684096e-04j
  -1.16429089e-02+1.97359415e-02j  1.53404888e-03-1.30888425e-03j
   1.66364553e-01+2.12284426e-02j  3.20895166e-03-2.88139730e-02j
  -8.55994334e-01+2.31843610e-01j  7.78703892e-02+5.22107600e-03j]
 [-9.54076779e-02+2.49462668e-01j -3.08175867e-01+4.09196754e-02j
   9.47700859e-04+4.76001948e-02j  2.69156959e-02+8.12517369e-02j
   9.43060316e-04-1.16548108e-02j  1.24464298e-02-5.50690911e-03j
  -6.24829855e-04-1.98847970e-03j -2.12956894e-03-3.08334670e-03j
  -4.22702179e-03-1.42289004e-02j  1.22088744e-02-1.22251897e-02j
  -1.65130866e-03-2.06742338e-03j -3.93452284e-03-2.67361026e-03j
   2.67592570e-01-5.08348805e-01j  6.68624489e-01-8.52955691e-03j
   1.01566351e-02-1.01899498e-01j -3.66904986e-02-1.80412198e-01j]
 [ 1.23317291e-01-1.17499084e-01j -7.91490887e-02+3.93735066e-02j
  -2.78251339e-03-1.34208314e-03j -2.58420802e-01+2.71946895e-01j
  -3.73763678e-03+6.45280175e-03j  2.84189035e-03-2.62719166e-03j
   1.33413684e-04+2.21958048e-05j  7.51642456e-03-1.46030205e-02j
  -1.46606270e-03+9.35218604e-03j  2.15963333e-03-4.41289367e-03j
   1.68106308e-04-3.48910326e-05j  2.20262165e-03-2.07325717e-02j
  -2.93428883e-01+2.19379906e-01j  1.79109568e-01-6.38339798e-02j
   5.59902272e-03+3.57823682e-03j  6.21483857e-01-5.14653055e-01j]
 [-1.54598923e-02-5.94046966e-03j -1.56922674e-04+1.67675409e-02j
  -4.52110885e-03+7.02049913e-06j -8.45075561e-03-6.10621622e-03j
  -4.03159934e-01-4.87607258e-01j -3.19633753e-01+5.55130568e-01j
  -1.50607492e-01-8.45424118e-02j -1.66767325e-01-3.61694325e-01j
  -3.43426089e-04+5.24986736e-04j  6.19594774e-04+1.39723460e-04j
  -3.58477284e-05+1.67458289e-04j -2.93585044e-04+2.64137263e-04j
  -3.14578006e-03+8.74995309e-03j  9.41338713e-03-1.16421881e-04j
   5.90778493e-05+2.53757394e-03j -3.32429765e-03+4.81780775e-03j]
 [-4.78720809e-03-7.22817653e-04j -1.11691066e-04+8.29442835e-04j
   2.48574494e-02-6.12414713e-03j -2.24387466e-03-2.02245426e-04j
  -1.45778720e-01-1.13823238e-01j -1.92704307e-02+2.55119976e-02j
   9.42163865e-01+2.62276485e-01j -7.08904259e-02-4.88066004e-02j
  -6.49964579e-05+1.71482223e-04j  2.98196696e-05+1.07598868e-05j
  -2.82346775e-05-9.69301456e-04j -2.54091322e-05+8.14682648e-05j
  -3.47327378e-04+2.69583382e-03j  4.66922290e-04+5.25770471e-05j
  -3.74059806e-03-1.38775758e-02j -8.61531023e-05+1.26193362e-03j]
 [-8.05932641e-03+1.44937023e-02j -1.93020934e-02-1.96600821e-04j
  -3.60597471e-04+2.93408497e-03j  9.39414430e-04+5.23097762e-03j
  -5.40011886e-01+3.31271271e-01j -6.38743905e-01-3.68480165e-01j
  -6.70192514e-02+9.08933510e-02j -6.68203894e-02+1.91717423e-01j
   4.72289701e-04+4.14164180e-04j -1.61434682e-04+7.13124178e-04j
   1.05759823e-04+3.67846847e-05j  2.01188847e-04+6.99332318e-06j
   8.23348009e-03+4.34686110e-03j  1.25063489e-04+1.08364928e-02j
   1.65127404e-03+1.66615374e-04j  2.92464675e-03-5.91085361e-04j]
 [ 8.61360564e-03-6.13697747e-03j -5.21135636e-03+1.72363632e-03j
  -1.59217851e-04-1.06975454e-04j -1.82767737e-02+1.44412957e-02j
   4.01761563e-01-4.27414890e-02j -2.05769491e-01-4.03513190e-02j
  -3.29332555e-03-6.54597079e-03j -8.79095856e-01+1.37938007e-01j
  -1.58440314e-04-3.67946673e-04j  2.22004391e-05+2.06725576e-04j
  -5.23252686e-06+5.04097583e-06j  3.88748157e-04+7.92064745e-04j
  -3.54968510e-03-4.75989080e-03j  1.03101869e-03+2.90406787e-03j
  -5.81023648e-05+9.06726375e-05j  8.32868078e-03+1.00824633e-02j]
 [-6.80401219e-03+6.18828075e-03j  8.27985459e-03+4.26079406e-03j
  -1.12438518e-03+2.24484114e-03j -5.13770104e-03+2.66943861e-03j
   3.49761467e-04-5.18402951e-04j -6.15594946e-04-1.48064799e-04j
   3.81083461e-05-1.66404298e-04j  2.96379478e-04-2.59109877e-04j
   6.06070649e-01+1.81613268e-01j -4.24747082e-02-6.39169759e-01j
   1.72199776e-01-1.33318489e-02j  3.39554585e-01+2.08180888e-01j
  -1.14222185e-02-1.18093324e-02j -7.15373824e-03+1.50173062e-02j
  -4.06981979e-03-1.88452061e-03j -5.04795882e-03-9.02704048e-03j]
 [-1.55286666e-03+2.19479276e-03j  3.83654386e-04+2.62334481e-04j
   3.16268171e-03-1.38604756e-02j -6.60114099e-04+1.06281558e-03j
   6.72193477e-05-1.70001385e-04j -2.95697821e-05-1.11482060e-05j
   1.43822013e-05+9.66548050e-04j  2.64829689e-05-8.08423854e-05j
   1.84445096e-01+1.37005328e-02j  1.85776928e-03-3.19182729e-02j
  -9.29183917e-01+3.05112868e-01j  8.60590714e-02+1.22001727e-03j
  -4.00394786e-03-2.65232190e-03j -4.47362633e-04+6.99400305e-04j
   2.49213267e-02+4.88710736e-03j -1.93385350e-03-1.12036845e-03j]
 [ 5.18033251e-03+7.61422472e-03j -4.91276507e-03+9.52744214e-03j
   1.36575186e-03+9.10861627e-04j  2.82963820e-03+8.38874279e-04j
  -4.64873142e-04-4.19521178e-04j  1.71033153e-04-7.08511796e-04j
  -1.04893452e-04-3.81663913e-05j -2.00434893e-04-9.82685742e-06j
   2.65117632e-01-5.75388903e-01j  7.35831658e-01-4.82872292e-02j
   5.25756242e-03-1.12808414e-01j -5.09002970e-02-1.96546018e-01j
  -1.33112295e-02+9.66694444e-03j -1.72806217e-02-8.24943952e-03j
  -1.55147245e-03+2.48849216e-03j -1.34268239e-03+5.09831565e-03j]
 [-8.95978387e-04-5.80449856e-03j -4.44900981e-04+3.01553749e-03j
  -9.27940486e-05+5.23075086e-05j  2.60542280e-03+1.26704076e-02j
   1.52701289e-04+3.68998643e-04j -1.91934335e-05-2.06367912e-04j
   5.28708026e-06-4.95028693e-06j -3.76238605e-04-7.95006071e-04j
  -3.10379435e-01+2.58662599e-01j  1.93532546e-01-8.07164888e-02j
   6.37411311e-03+3.61486460e-03j  6.54476394e-01-6.02917418e-01j
   1.03148391e-02-1.91799118e-03j -5.40864807e-03-6.29047152e-04j
  -9.84819583e-05-1.62816135e-04j -2.24802285e-02+5.34662607e-03j]
 [ 3.88397672e-01+4.22257614e-01j  2.62883218e-01-5.17976568e-01j
   1.40423554e-01+6.93513650e-02j  1.68314235e-01+3.19547537e-01j
   4.83320080e-04-1.49719487e-02j -1.43713347e-02+4.84602024e-03j
  -1.34880049e-03-3.86035803e-03j  2.70668396e-03-9.03318048e-03j
   3.91651508e-03+1.09281721e-02j  8.97720608e-03-7.58635693e-03j
   2.07174215e-03+2.39800093e-03j  6.22410926e-04+7.28135628e-03j
   1.55931051e-01+2.16407082e-01j  1.50005697e-01-2.24563365e-01j
   6.09851866e-02+3.97819675e-02j  6.00190209e-02+1.56819393e-01j]
 [ 1.37451600e-01+9.60969930e-02j  1.62295804e-02-2.40236560e-02j
  -8.65702883e-01-1.92430911e-01j  6.65280054e-02+4.08047834e-02j
  -8.04323372e-04-4.30445689e-03j -7.41777529e-04+1.50932028e-04j
   1.26147810e-02+1.94171250e-02j -4.93666225e-04-1.97704015e-03j
   1.80583535e-03+2.87316648e-03j  4.91616415e-04-3.20076321e-04j
  -1.46227370e-02-1.04007998e-02j  9.18962600e-04+1.28425654e-03j
   5.81337076e-02+5.19637620e-02j  8.82082804e-03-1.01918726e-02j
  -3.88976769e-01-1.36720147e-01j  2.84530420e-02+2.25164859e-02j]
 [ 4.73150312e-01-3.25807142e-01j  5.96027446e-01+3.03115455e-01j
   5.63400383e-02-8.55124365e-02j  5.13370736e-02-1.76802074e-01j
  -1.47758367e-02-2.58045266e-03j -5.56490302e-03-1.65484203e-02j
  -2.61372689e-03+5.63381441e-04j -4.18987808e-03+2.35619304e-03j
   1.13842106e-02-2.34921692e-03j  8.72462257e-03+1.03414842e-02j
   1.72326735e-03-1.15057284e-03j  2.34853156e-03-2.89165535e-03j
   2.36437424e-01-1.24222871e-01j  2.58367220e-01+1.72895336e-01j
   3.07380304e-02-3.63571390e-02j  3.34787591e-02-7.87746425e-02j]
 [-3.61762333e-01+5.79218136e-02j  1.88260493e-01+2.66963789e-02j
   3.29532726e-03+5.77003298e-03j  7.89448814e-01-1.66958191e-01j
   7.80120189e-03+5.53598834e-03j -3.02033622e-03-3.94019762e-03j
   4.41015244e-05-1.67794266e-04j -1.77657207e-02-1.13249149e-02j
  -7.19939669e-03-1.76764322e-03j  3.29918543e-03+1.97939601e-03j
   1.60127045e-05+1.33494711e-04j  1.60299769e-02+3.10135417e-03j
  -1.70199460e-01+6.72479853e-03j  8.54271619e-02+2.27381095e-02j
   1.20197475e-03+2.84583702e-03j  3.73658224e-01-3.33979387e-02j]]

********* Summary *****************
Final fidelity error 0.42237937574763407
Final penalized l2 error 0.0008756477454471078
Final penalized TV regularizer 0.008865808479108086
Final objective value 0.43124518066010503
Final norm value 8.865808479108086
Final l2 value 0.008756477454471077
Final error 2.9016428424283977e-07
Terminate reason Exceed the maximum number of iteration of ADMM
Number of iterations 100
Completed in 0:08:04.036251 HH:MM:SS.US
Computational time 484.03625145800004
Time for each iteration [33.0131375, 13.101638375, 44.750329083, 23.45920587500001, 57.37972045799998, 40.27376587500001, 66.523922167, 48.94955300000001, 74.72153366699999, 55.086418374999994, 81.159295792, 61.72655983300001, 89.02304449999997, 68.15488750000003, 95.66892437499996, 75.06030837500003, 102.99493783299997, 82.00041533400002, 110.33795312399997, 89.41388029300003, 117.91705591499996, 96.84100262700002, 124.99213787299996, 103.44677737700002, 130.94197504, 109.088846502, 136.478098873, 114.351039627, 141.592682373, 118.69293629399999, 146.05894249800002, 123.394992919, 150.387352873, 127.61980700200002, 154.47978379, 131.59713625200004, 158.34766162299996, 135.78355954400007, 160.98656812299993, 139.5195770850001, 164.92512670699995, 143.38315850100008, 167.90106212399996, 147.25227454300006, 171.66610212399996, 151.00624341800005, 175.30835920699997, 154.95971687600007, 178.90655487399994, 158.34207800100006, 182.06607445699996, 161.06701191800005, 185.78392512399995, 164.24632850100005, 189.184493832, 168.180092585, 192.480474415, 171.397560085, 195.76843699800003, 174.57382079399997, 198.51154224800007, 178.30119050199994, 200.93060812300007, 181.04520820999994, 203.8994139570001, 184.24006016799996, 207.2167792900001, 187.4372643769999, 210.31008224800013, 190.4209787939999, 212.94783733100013, 193.72037541899988, 215.70745274800015, 196.91727058499987, 219.01603316500012, 199.6738913349999, 222.2208827070001, 202.88282104299992, 224.4331779570001, 206.20041137599992, 226.86185820700013, 209.1690051259999, 228.95287049900014, 212.3693074179999, 231.1515165820001, 214.79467904299992, 234.2396180400001, 216.8880082519999, 237.66060674800013, 219.09622495999986, 240.42025220700015, 222.2852092099999, 243.16894191500012, 225.0366782519999, 246.4618268310001, 227.2262565019999, 248.76901133100012, 229.9738013359999, 251.18439516400014, 232.8518562939999]
