Final evolution
[[ 0.0078862 -2.66945626e-04j -0.00280278-9.99964940e-01j
   0.        +0.00000000e+00j  0.        +0.00000000e+00j]
 [-0.00279474-9.99964962e-01j  0.00788757+2.22797020e-04j
   0.        +0.00000000e+00j  0.        +0.00000000e+00j]
 [ 0.        +0.00000000e+00j  0.        +0.00000000e+00j
   0.00788661-2.54480906e-04j -0.0012223 -9.99968121e-01j]
 [ 0.        +0.00000000e+00j  0.        +0.00000000e+00j
  -0.00121426-9.99968131e-01j  0.00788721+2.35263294e-04j]]

********* Summary *****************
Final fidelity error 3.144444094160814e-05
Final penalized l2 error 1.7765624810459679e-06
Final penalized TV regularizer 0.0029832043705567603
Final objective value 0.003014648811497036
Final norm value 2.98320437055676
Final l2 value 1.7765624810459679e-06
Final error 1.2958470954798935e-07
Terminate reason Exceed the maximum number of iteration of ADMM
Number of iterations 50
Completed in 0:00:08.984720 HH:MM:SS.US
Computational time 8.98471975
Time for each iteration [0.4912416669999997, 0.34046770800000026, 0.8132265839999997, 0.602088374, 0.9546500839999998, 0.7783761240000002, 1.1314907509999994, 0.9857573740000003, 1.3194963759999991, 1.175283416000001, 1.5058514589999987, 1.349903416000001, 1.688617000999999, 1.5266642910000012, 1.852400875999999, 1.7086295820000013, 2.0183399599999987, 1.8790487070000008, 2.197453959999999, 2.044834165000001, 2.355826167999999, 2.206162207, 2.516971000999999, 2.4008068320000007, 2.6938826259999997, 2.5786295409999997, 2.8769384590000007, 2.8269376239999993, 3.109874959, 2.9939469160000005, 3.2740333339999994, 3.1404703740000013, 3.442828292999999, 3.2966861240000007, 3.6211330429999995, 3.4111776240000005, 3.783340458999999, 3.524458749000001, 3.951079792999999, 3.6414870400000012, 4.1200112519999985, 3.7564461230000017, 4.2827584189999985, 3.8794912060000026, 4.4509981689999965, 3.996185664000004, 4.566426585999997, 4.144937581000002, 4.690481501999999, 4.294238248000001]
