Final evolution
[[ 2.28470005e-03-7.77251684e-04j -7.59061423e-04+5.16347720e-04j
   2.54592080e-03-1.04258809e-02j  3.18877129e-01-9.47673618e-01j
  -2.37716344e-05+6.58649980e-06j -6.99173945e-05-9.76047548e-05j
   7.36042457e-05-1.51419078e-05j -3.98666898e-03+9.71231676e-03j
  -1.66837390e-09-3.40326274e-09j -1.31861291e-07-2.66376145e-07j
   3.11476674e-08-2.20947456e-08j -2.34918145e-07-1.53509246e-07j
  -8.01940813e-10+1.14662899e-09j  1.34975663e-09+2.39010624e-09j
   2.01360276e-09+5.98020596e-09j  1.77357228e-07+5.59964633e-07j]
 [ 7.32263538e-04-5.04891244e-04j -1.63780351e-04+4.99662114e-04j
   3.18826802e-01-9.47689092e-01j -4.28786395e-03+9.81787476e-03j
   7.36273115e-05+9.14413340e-05j  6.09715276e-08-4.36601364e-06j
  -3.97387436e-03+9.70690643e-03j -1.09025523e-03-2.79159078e-03j
  -1.32150453e-07-2.66924684e-07j  1.31707054e-09+3.02772122e-09j
  -2.35159012e-07-1.53891121e-07j -1.16804379e-08+4.34683105e-08j
   1.06210430e-09+3.35772895e-09j -9.08920988e-10-6.47944612e-10j
   1.77480223e-07+5.59793947e-07j -2.04031337e-09-6.45778392e-09j]
 [ 2.54881211e-03-1.04281204e-02j  3.19031127e-01-9.47624694e-01j
   1.72123079e-04-4.97370269e-04j -2.77317233e-04-8.43002074e-04j
   7.32107392e-05-1.48186247e-05j -3.98815528e-03+9.71169283e-03j
  -2.05432833e-06+5.27933640e-06j -2.66598956e-05+2.07977091e-04j
  -3.69761250e-08+1.78202613e-08j -2.34710608e-07-1.54485851e-07j
  -3.09935711e-09-7.35848229e-10j -2.72849208e-07-8.13465151e-08j
   2.75405716e-09+5.61071859e-09j  1.77336248e-07+5.60019159e-07j
   7.97186038e-11+2.80240106e-10j  3.27818600e-09+1.36541803e-09j]
 [ 3.18979018e-01-9.47634923e-01j -4.29017232e-03+9.81477246e-03j
   2.90933206e-04+8.68213183e-04j  1.34966677e-03+2.00076256e-03j
  -3.97533806e-03+9.70623209e-03j -1.08952275e-03-2.79165952e-03j
   2.60003595e-05-2.09274826e-04j -1.33590619e-05-2.14950311e-05j
  -2.34323795e-07-1.54251030e-07j  1.66481281e-08-3.80918543e-08j
  -2.72437292e-07-8.11995443e-08j  3.46124774e-09+8.60907942e-10j
   1.77246843e-07+5.60018218e-07j -2.38838571e-09-5.62293141e-09j
   2.30737521e-09+6.98511822e-10j -2.11787404e-09-1.34038346e-10j]
 [ 2.32335044e-05-1.02934565e-05j  9.06256189e-05-1.70551919e-04j
  -2.51627959e-03+1.34276701e-03j  2.72501492e-03-1.01581666e-02j
   2.28476866e-03-7.77470777e-04j -7.59355580e-04+5.19005089e-04j
   2.57307455e-03-1.04379139e-02j  3.18935872e-01-9.47649134e-01j
  -6.27780864e-10+3.04700056e-10j -1.41328805e-09-2.60335643e-09j
  -2.24458454e-09+7.38067294e-10j -2.61541798e-07-5.65912995e-09j
  -1.65973804e-09-3.41845992e-09j -1.31867999e-07-2.66337474e-07j
   3.20038439e-08-2.30944284e-08j -2.36030842e-07-1.56932642e-07j]
 [-8.98549202e-05+1.70197295e-04j -1.21021782e-06+5.25835889e-06j
   2.73088830e-03-1.01464960e-02j -2.71993982e-05+2.68170528e-04j
   7.32519572e-04-5.07476730e-04j -1.63647725e-04+5.00226735e-04j
   3.18888078e-01-9.47672749e-01j -4.27471363e-03+9.84335070e-03j
  -1.69986694e-09-2.81524621e-09j  1.84397784e-10+7.11828054e-11j
  -2.61553338e-07-5.52907044e-09j  2.71707213e-09+7.41678922e-10j
  -1.32108399e-07-2.66980987e-07j  1.32503807e-09+3.03219205e-09j
  -2.36270083e-07-1.57321042e-07j -1.16906079e-08+4.24558772e-08j]
 [-2.51675429e-03+1.34223022e-03j  2.72673583e-03-1.01576929e-02j
   3.48576055e-07-7.13299916e-06j -1.20862476e-04+1.09614889e-05j
   2.57597414e-03-1.04401513e-02j  3.19089871e-01-9.47600227e-01j
   1.71695231e-04-4.96964975e-04j -2.75848176e-04-8.45252006e-04j
  -2.93472136e-09+1.20251054e-09j -2.61728255e-07-5.53112573e-09j
   2.64673694e-10+6.95647327e-10j -3.10788216e-09-5.05527708e-10j
  -3.61219561e-08+1.68164243e-08j -2.35821373e-07-1.57911307e-07j
  -3.10295181e-09-7.44492775e-10j -2.72832564e-07-8.13328986e-08j]
 [ 2.73259420e-03-1.01459639e-02j -2.71201093e-05+2.68598534e-04j
   1.21961839e-04-1.76017263e-05j  1.60069786e-05+2.05308673e-05j
   3.19040298e-01-9.47618596e-01j -4.27703053e-03+9.84024500e-03j
   2.89460906e-04+8.70546829e-04j  1.34974493e-03+2.00052771e-03j
  -2.61567917e-07-5.64240734e-09j  2.96114154e-09-1.31307644e-10j
  -2.71662155e-09-8.50595474e-10j  4.65648953e-10-4.87741117e-10j
  -2.35432811e-07-1.57682490e-07j  1.66431471e-08-3.91029821e-08j
  -2.72442842e-07-8.12451462e-08j  3.47614788e-09+8.59488923e-10j]
 [-3.29498028e-09-1.42727663e-09j -2.66114832e-07-1.00033034e-07j
   1.03399920e-08-4.12072176e-08j -2.87424944e-07-1.70542677e-08j
  -8.80899211e-12-6.35843931e-10j  2.76823668e-09+1.48565858e-09j
  -2.55075726e-09-1.04542153e-09j -2.05783599e-07-1.52941337e-07j
   2.28473367e-03-7.77152851e-04j -7.59083759e-04+5.16314883e-04j
   2.54637180e-03-1.04257708e-02j  3.18918124e-01-9.47659823e-01j
  -2.37719193e-05+6.58547146e-06j -6.99131723e-05-9.76077791e-05j
   7.36049007e-05-1.51387238e-05j -3.98708911e-03+9.71214430e-03j]
 [-2.66483905e-07-1.00205493e-07j  2.90810600e-09+1.29059772e-09j
  -2.87873996e-07-1.71107993e-08j  1.86361271e-08+3.52549993e-08j
   2.67328676e-09+9.78578346e-10j -6.90862998e-10+3.63152511e-10j
  -2.05834652e-07-1.53125209e-07j  1.26149553e-09+1.96267114e-09j
   7.32285378e-04-5.04859566e-04j -1.63801966e-04+4.99655028e-04j
   3.18867797e-01-9.47675299e-01j -4.28828865e-03+9.81768926e-03j
   7.36233557e-05+9.14445190e-05j  6.11603957e-08-4.36601100e-06j
  -3.97429426e-03+9.70673452e-03j -1.09013447e-03-2.79163794e-03j]
 [-1.64118747e-08+4.08845168e-08j -2.87871998e-07-1.78500595e-08j
  -2.89235409e-09+1.61413677e-09j -2.66662947e-07+1.32755813e-07j
  -2.21463348e-09-1.88805294e-09j -2.05695119e-07-1.53005526e-07j
  -1.27157832e-10-8.48068856e-11j  2.71119928e-09-1.21411783e-09j
   2.54926321e-03-1.04280101e-02j  3.19072119e-01-9.47610893e-01j
   1.72144594e-04-4.97362823e-04j -2.77280766e-04-8.43014070e-04j
   7.32113802e-05-1.48154577e-05j -3.98857539e-03+9.71152030e-03j
  -2.05455671e-06+5.27924753e-06j -2.66688924e-05+2.07975938e-04j]
 [-2.87447791e-07-1.80123079e-08j -1.14890531e-08-3.77273059e-08j
  -2.66077914e-07+1.32384524e-07j  3.39082341e-09-1.70979293e-09j
  -2.05773674e-07-1.52892121e-07j  1.52731967e-09+2.74603237e-09j
   3.05466409e-09-1.20367203e-09j  2.42396474e-10+6.53737856e-10j
   3.19020011e-01-9.47621124e-01j -4.29059688e-03+9.81458686e-03j
   2.90895648e-04+8.68225768e-04j  1.34958022e-03+2.00082094e-03j
  -3.97575793e-03+9.70606011e-03j -1.08940199e-03-2.79170664e-03j
   2.60094123e-05-2.09273701e-04j -1.33581321e-05-2.14956089e-05j]
 [ 1.69693362e-09+1.14845794e-09j -3.45185278e-09-9.05244894e-10j
   5.45753456e-09-3.89929422e-09j  4.73808934e-07-3.38826284e-07j
  -3.30683688e-09-1.43801737e-09j -2.66074599e-07-1.00065991e-07j
   9.65454989e-09-4.03686202e-08j -2.90368598e-07-1.50296676e-08j
   2.32339497e-05-1.02924515e-05j  9.06329967e-05-1.70547998e-04j
  -2.51633767e-03+1.34265816e-03j  2.72545434e-03-1.01580487e-02j
   2.28480229e-03-7.77371940e-04j -7.59378031e-04+5.18972240e-04j
   2.57352608e-03-1.04378026e-02j  3.18976865e-01-9.47635337e-01j]
 [-2.28432993e-09-8.52684660e-10j -1.70110063e-10+1.98102746e-10j
   4.73871174e-07-3.38773384e-07j -5.14474632e-09+3.54422597e-09j
  -2.66513181e-07-1.00204580e-07j  2.91788681e-09+1.28564422e-09j
  -2.90820087e-07-1.50777775e-08j  1.87884334e-08+3.65212366e-08j
  -8.98622826e-05+1.70193407e-04j -1.21044528e-06+5.25830653e-06j
   2.73132722e-03-1.01463779e-02j -2.72109989e-05+2.68169352e-04j
   7.32541524e-04-5.07445042e-04j -1.63669364e-04+5.00219655e-04j
   3.18929072e-01-9.47658954e-01j -4.27513944e-03+9.84316577e-03j]
 [ 5.23324548e-09-3.01884686e-09j  4.73848754e-07-3.38522601e-07j
   1.05725334e-09+7.12263555e-11j -2.53823192e-09+1.10398271e-09j
  -1.71022844e-08+4.17209461e-08j -2.90816284e-07-1.58279658e-08j
  -2.90259051e-09+1.61130066e-09j -2.66665794e-07+1.32691041e-07j
  -2.51681235e-03+1.34212135e-03j  2.72717523e-03-1.01575749e-02j
   3.48884617e-07-7.13298408e-06j -1.20862950e-04+1.09562605e-05j
   2.57642576e-03-1.04400398e-02j  3.19130863e-01-9.47586423e-01j
   1.71716729e-04-4.96957547e-04j -2.75811611e-04-8.45263938e-04j]
 [ 4.73862625e-07-3.38736789e-07j -5.50775310e-09+2.79578476e-09j
  -2.88325406e-09+2.04250393e-09j  1.41595312e-11+1.35772652e-09j
  -2.90394090e-07-1.59820292e-08j -1.13326548e-08-3.64630734e-08j
  -2.66092275e-07+1.32413560e-07j  3.39431728e-09-1.72660607e-09j
   2.73303310e-03-1.01458457e-02j -2.71317284e-05+2.68597361e-04j
   1.21962600e-04-1.75964504e-05j  1.60060904e-05+2.05315597e-05j
   3.19081291e-01-9.47604793e-01j -4.27745620e-03+9.84005997e-03j
   2.89423247e-04+8.70559350e-04j  1.34965839e-03+2.00058609e-03j]]

********* Summary *****************
Final fidelity error 0.0014939808284286649
Final penalized l2 error 6.6654189985306325e-06
Final penalized TV regularizer 0.0014848123361094693
Final objective value 0.002978793108802829
Final norm value 1.4848123361094694
Final l2 value 0.0006665418998530633
Final error 4.4967167822290425e-08
Terminate reason Exceed the maximum number of iteration of ADMM
Number of iterations 100
Completed in 0:09:41.818726 HH:MM:SS.US
Computational time 581.8187263340001
Time for each iteration [85.607880917, 25.034385999999998, 97.886478167, 37.53253624999999, 107.339384, 45.19567375, 115.96544424999999, 54.336349584000004, 124.30975662499998, 62.04399258400002, 132.53984295799998, 70.64910662600002, 140.00277554099998, 78.444601543, 146.95033674899997, 86.73624171000003, 153.41507133199997, 95.81612362700002, 159.78916287299995, 104.46625250200003, 166.28387612299997, 110.12771204400002, 173.193050331, 114.76268475299997, 179.97439433100004, 118.77964987799993, 185.21311220600006, 124.34634316899991, 188.6292483310001, 129.3389309189999, 192.36022024800008, 135.5761030019999, 195.93798658200006, 140.19870787699995, 199.83436145700006, 146.6878637929999, 203.68836629100008, 151.5261402509999, 209.92824470800008, 155.70145691699992, 213.99495833300006, 159.98369525099992, 219.99655612400005, 163.49090950099992, 223.74478599900004, 166.88740741799995, 228.11038862400005, 170.46222512599996, 234.158612333, 173.930875834, 237.598155458, 177.320955084, 242.109038708, 180.51381887599996, 247.66936891600005, 183.8757335429999, 251.3814434570001, 187.3119097099999, 255.68890979000008, 192.06985695999992, 258.7606137900001, 195.4228397519999, 262.1141319570001, 198.87825562699987, 265.01679083200014, 203.06309958499986, 269.3622457490001, 205.99028745999988, 272.9693688740001, 208.87184037599985, 276.55845262400015, 211.75162287599983, 279.59555124900015, 216.99793091799984, 282.82569487400013, 220.48647337599988, 286.26492933300017, 224.06068891699982, 289.98160745800027, 227.65189595899977, 293.1475865000003, 230.53627287499972, 296.1774416670003, 233.28849337499975, 300.6519475420003, 236.37741729199973, 303.59363462500033, 239.18429770899974, 306.95258950000033, 241.91354920899977, 309.8508696660003, 244.50824045899975, 313.15570454100026, 246.97793366799982, 318.9475738320003, 250.20162466799974, 322.2243857490003, 253.30372258499978, 325.09107908200025, 256.7276472519998]
