Final evolution
[[ 1.42455954e-03-4.63869352e-03j -5.92610797e-04-1.88316670e-04j
   1.13140471e-03-3.52236780e-03j  2.71283432e-01-9.62386663e-01j
  -2.27125644e-05+5.45024052e-05j  1.20970413e-03+5.98864944e-04j
   2.58442712e-03-1.88334200e-03j -3.35011029e-03+1.20852763e-02j
  -3.58658999e-06+2.11687302e-06j -4.80935058e-04+3.61361043e-04j
   3.42585673e-05-2.53324463e-04j -1.63994685e-04+4.35912670e-04j
  -8.03864513e-06+1.37473139e-05j  8.00373058e-06-4.52087316e-06j
  -5.58643502e-06+1.47190300e-05j -1.12887086e-03+2.88804605e-03j]
 [ 1.07434873e-03-2.24413763e-04j  2.95808868e-05-2.35612049e-05j
   2.71563993e-01-9.62317179e-01j -8.84537010e-04+3.51271381e-03j
  -1.19398593e-03-5.91307491e-04j -1.89531663e-06-2.94328115e-06j
  -3.37379298e-03+1.21124163e-02j  9.38946279e-04-3.65311039e-03j
  -4.92948783e-04+3.69076244e-04j  1.53719396e-06-2.08411308e-06j
  -1.60801516e-04+4.35482271e-04j  3.06942576e-05+1.10609765e-04j
   3.49877967e-06-4.90738343e-06j -2.07533723e-06+1.52407956e-06j
  -1.12993996e-03+2.88743583e-03j  2.92227097e-06-1.11207842e-05j]
 [ 5.73039795e-03-1.93322447e-02j  2.71532572e-01-9.62125525e-01j
   2.72104446e-05+5.24174214e-05j -6.56749601e-04-7.06438259e-05j
   2.53374346e-03-1.68238404e-03j -3.34274046e-03+1.20276521e-02j
   1.51032364e-05+2.24100533e-05j -8.80517475e-04-1.13161977e-03j
  -3.56651367e-05+2.28237832e-04j -1.64444142e-04+4.29495297e-04j
   9.72232155e-06-1.12303741e-05j  4.84937758e-04-5.02890591e-04j
  -2.34252990e-05+5.53911825e-05j -1.12914498e-03+2.88906186e-03j
   1.83236593e-06-5.88225722e-07j -2.96823729e-06+6.73664395e-06j]
 [ 2.71365049e-01-9.62156838e-01j -5.21962546e-03+1.93950241e-02j
   8.21025155e-04+7.85080625e-04j -1.19821239e-03+4.69824096e-03j
  -3.40698348e-03+1.21346161e-02j  9.80680720e-04-3.84297940e-03j
   8.61548013e-04+1.15798355e-03j  3.62931861e-05-3.41635408e-05j
  -1.64434974e-04+4.28362856e-04j -4.67690719e-05-1.49583460e-04j
   4.98326552e-04-5.02633263e-04j -1.00023693e-05+7.58989052e-06j
  -1.12952415e-03+2.88621766e-03j  2.29558150e-05-5.56278492e-05j
  -8.01468702e-06+3.30993621e-06j  6.83161921e-06-1.62378733e-05j]
 [ 2.53213083e-05-5.84108352e-05j -1.35273425e-03+5.10514935e-04j
  -1.09627789e-03+3.50861097e-03j  3.46733761e-03-1.20568368e-02j
   1.42482822e-03-4.63537721e-03j -5.90642564e-04-6.14143912e-04j
   3.59220327e-04-4.11014467e-03j  2.71376227e-01-9.62360168e-01j
   2.63757655e-06-9.71101671e-06j -8.36259755e-06+3.05405554e-06j
  -2.22400538e-07-1.01198707e-05j  6.65775631e-05-1.70003701e-03j
  -3.51883460e-06+2.93480331e-06j -4.85718735e-04+3.68149309e-04j
   4.22823720e-05-2.34816307e-04j -1.91804752e-04+4.77882954e-04j]
 [ 1.37193474e-03-5.20184224e-04j  3.05725336e-06-7.07102297e-07j
   3.46775585e-03-1.20903119e-02j  1.17816592e-03+3.05020610e-03j
   1.06933357e-03+2.01578833e-04j  3.01183711e-05-2.43860296e-05j
   2.71666736e-01-9.62291518e-01j -1.85082926e-03+3.60794251e-03j
  -5.27719610e-06+4.07109479e-06j  7.09723804e-07-2.12918288e-06j
   6.76626645e-05-1.70002185e-03j -1.30895304e-06+8.91014819e-06j
  -4.88258502e-04+3.62198361e-04j  2.07262655e-06-1.74262083e-06j
  -1.88877391e-04+4.77444388e-04j  5.06742230e-05+1.21333670e-04j]
 [-1.03074414e-03+3.29893373e-03j  3.48829784e-03-1.20106142e-02j
  -2.44523221e-05-2.34368857e-06j  1.33105033e-03+1.03424122e-04j
   4.95985885e-03-1.99183444e-02j  2.71611457e-01-9.62097268e-01j
   3.15942927e-05+4.46579859e-05j -8.73731894e-04+2.95951681e-04j
  -8.33013958e-07-3.24974152e-05j  6.57422958e-05-1.70064585e-03j
  -1.37403472e-06+1.69316654e-06j  4.56199833e-06-6.32966633e-06j
  -2.81728879e-05+2.47400485e-04j -1.91586236e-04+4.71315469e-04j
   9.26875014e-06-1.17235975e-05j  4.93329076e-04-5.05823954e-04j]
 [ 3.48471918e-03-1.21363935e-02j  1.14152039e-03+3.24409800e-03j
  -1.29807919e-03-1.25163637e-04j -4.57308367e-05+5.69011428e-05j
   2.71477670e-01-9.62122813e-01j -6.18675228e-03+1.94927310e-02j
   1.04312638e-03+4.22301541e-04j -1.19396634e-03+4.69062771e-03j
   6.81840491e-05-1.69929373e-03j -3.12977431e-06+3.25572505e-05j
   7.85873823e-06-7.32732964e-06j -3.58360417e-07+1.05545113e-05j
  -1.92761238e-04+4.70209226e-04j -2.62935554e-05-1.39644358e-04j
   4.89957581e-04-4.99811503e-04j -1.06848633e-05+7.22649917e-06j]
 [-2.86788820e-07+8.82229231e-07j  1.56708159e-04+6.82318115e-04j
   9.44750333e-05-9.65309286e-05j  6.92889546e-05-3.99013673e-04j
  -5.25983653e-06+9.04553935e-06j  8.52656228e-07-6.85645795e-06j
  -2.93295093e-06+3.99447217e-06j -8.31500169e-04+1.49624436e-03j
   1.42102370e-03-4.64079325e-03j -1.46530444e-03-4.38659294e-05j
   1.54824955e-03-3.68641797e-03j  2.71103924e-01-9.62439469e-01j
  -2.54760391e-05+5.21059039e-05j  1.20475602e-03+5.74154820e-04j
   2.58839836e-03-1.87477436e-03j -3.38218546e-03+1.20082379e-02j]
 [ 1.55966339e-04+6.88816418e-04j -1.73720352e-06-1.75006539e-06j
   7.16675490e-05-3.97469759e-04j -1.03380474e-04+2.16958260e-04j
  -4.37320354e-06-8.00132729e-06j  3.36994801e-07+2.39509510e-06j
  -8.34951758e-04+1.49577288e-03j  4.46623976e-06-1.19661860e-05j
   2.02964329e-04-7.96407355e-05j  3.45145061e-05-2.60965183e-05j
   2.71383506e-01-9.62371817e-01j -6.09398007e-04+3.87025963e-03j
  -1.19902660e-03-6.15580805e-04j -5.60174538e-06-1.91334241e-06j
  -3.40617553e-03+1.20351629e-02j  9.29943707e-04-3.64623010e-03j]
 [-1.05238367e-04+7.10610871e-05j  7.15849777e-05-4.01451490e-04j
  -5.10694078e-06-1.10318267e-05j -2.26918019e-04-5.63995976e-04j
  -1.34579631e-05+2.71437948e-05j -8.32772943e-04+1.49568380e-03j
   5.85526006e-07-2.00941283e-06j  2.56797563e-06+7.74609695e-06j
   5.30757132e-03-1.91711840e-02j  2.71343167e-01-9.62188128e-01j
   1.39128897e-05+4.22279691e-05j -1.32305175e-03-6.50379664e-04j
   2.52821927e-03-1.69387682e-03j -3.37614986e-03+1.19497824e-02j
   1.49213733e-05+1.86509168e-05j -8.68185910e-04-1.14738363e-03j]
 [ 7.04219274e-05-4.00557059e-04j  8.59107412e-05-2.16429189e-04j
  -2.22173469e-04-5.67344584e-04j  2.58033620e-06+1.36732870e-05j
  -8.33003387e-04+1.49561433e-03j  1.50634739e-05-3.00823630e-05j
   2.47050447e-06+7.50703034e-06j  2.78586788e-06-9.89392659e-06j
   2.71190410e-01-9.62216701e-01j -5.48418818e-03+1.90381316e-02j
   1.52267526e-04+2.06624225e-04j -1.18484460e-03+4.71245513e-03j
  -3.44072464e-03+1.20564789e-02j  9.89077527e-04-3.84817377e-03j
   8.74497433e-04+1.14187944e-03j  3.29413455e-05-3.55754104e-05j]
 [ 2.66318680e-06-1.72780331e-05j -2.91884326e-06+8.73198737e-06j
   1.92414542e-06-1.22918593e-05j  5.46323532e-04-3.06307556e-03j
   3.20542741e-07+7.48631050e-07j  1.62223530e-04+6.88825045e-04j
   1.16301867e-04-9.60381988e-05j  6.77223356e-05-4.49597020e-04j
   2.86555089e-05-5.82885666e-05j -1.37198072e-03+5.34661923e-04j
  -1.08917032e-03+3.49477762e-03j  3.39308911e-03-1.20092656e-02j
   1.42011242e-03-4.63678874e-03j -1.46519423e-03-4.70460586e-04j
   7.75155423e-04-4.27552483e-03j  2.71190168e-01-9.62408130e-01j]
 [ 4.07388667e-06+9.54509588e-06j -1.34356474e-06-1.64056857e-06j
   5.49578128e-04-3.06502999e-03j -3.37954097e-06+1.67830503e-05j
   1.50417597e-04+6.82428123e-04j -1.19294204e-06-2.03671210e-06j
   7.01942271e-05-4.47167478e-04j -8.77677980e-05+2.05921868e-04j
   1.35237872e-03-4.96622663e-04j  5.24776029e-06-3.59617915e-06j
   3.39399770e-03-1.20431727e-02j  1.19453548e-03+3.05298530e-03j
   1.96269205e-04+3.47326534e-04j  3.49216024e-05-2.55816978e-05j
   2.71479600e-01-9.62341220e-01j -1.57715440e-03+3.96658396e-03j]
 [ 7.10630102e-06-5.88466927e-05j  5.47859288e-04-3.06293701e-03j
   8.97083794e-07+2.22214696e-06j -6.62698173e-06-6.83690869e-06j
  -8.34302614e-05+7.07521459e-05j  7.03246997e-05-4.51979094e-04j
  -5.74647986e-06-1.08696994e-05j -2.27693827e-04-5.71884000e-04j
  -1.03834659e-03+3.31422517e-03j  3.41537382e-03-1.19631953e-02j
  -2.23441938e-05+4.90371172e-07j  1.29743120e-03+1.06918991e-04j
   4.53428172e-03-1.97579725e-02j  2.71414958e-01-9.62154716e-01j
   1.69531444e-05+3.40546630e-05j -1.54176438e-03-2.84119962e-04j]
 [ 5.47754393e-04-3.06321594e-03j -1.15733033e-05+6.05601135e-05j
  -2.61041689e-06-6.72889608e-06j -2.07829441e-07+1.61480266e-05j
   6.84694766e-05-4.50701269e-04j  1.01497656e-04-2.26602732e-04j
  -2.21478678e-04-5.59354996e-04j  2.10700085e-06+1.45884467e-05j
   3.41263977e-03-1.20891973e-02j  1.12809251e-03+3.23950565e-03j
  -1.33190958e-03-1.21260341e-04j -4.14189014e-05+5.64097045e-05j
   2.71295918e-01-9.62177392e-01j -6.45369084e-03+1.91353808e-02j
   3.73461922e-04-1.58086087e-04j -1.18158905e-03+4.70564425e-03j]]

********* Summary *****************
Final fidelity error 0.0014107690443305732
Final penalized l2 error 4.416823898505092e-09
Final penalized TV regularizer 0.00012512148266271243
Final objective value 0.0015358905256129454
Final norm value 1.2512148266271244
Final l2 value 4.416823898505092e-09
Final error 1.5478325691414968e-08
Terminate reason Exceed the maximum number of iteration of ADMM
Number of iterations 100
Completed in 0:07:33.189987 HH:MM:SS.US
Computational time 453.18998716699997
Time for each iteration [197.094137708, 10.567155584000005, 203.22240187399998, 14.47366287600002, 206.313367874, 17.418064626000017, 208.61435308199998, 20.363819335000017, 211.07339004, 22.673514085000022, 213.04012028999998, 25.61707833500003, 215.99153108199997, 28.241619835000023, 218.28838928999997, 30.71056479300003, 220.76522712399998, 32.67448108400001, 222.72653791599998, 34.977950083999986, 224.68710279099997, 36.93937591700001, 228.78596120799995, 39.86872062500004, 231.41908754199994, 42.82408716600003, 234.04321791699994, 44.79090525000004, 236.02107645799992, 47.255713042000025, 238.49223049999995, 49.581777708000004, 242.41880508399998, 52.868792790999976, 245.367487417, 55.49649249999999, 247.99886466699996, 57.454468416, 250.630897501, 59.40765312399998, 253.094177876, 63.33380479099998, 256.980903917, 66.42069587499998, 259.920415167, 69.652508291, 262.535904626, 72.59824433199998, 264.994096501, 74.55010037399995, 267.920937793, 77.16841266499995, 269.868258543, 79.76981137399997, 272.778846459, 81.73642712399993, 275.07344029300003, 84.66896591499994, 277.663590585, 86.62233937299999, 279.630834044, 89.25283166399998, 281.915188169, 92.190463539, 284.382179378, 94.16072982999998, 286.69909416999997, 96.63255174699998, 288.65597517, 98.59771432999997, 290.62427417, 100.56827383000001, 292.59174871199997, 102.54260870500002, 294.55294275299997, 104.50667562199999, 296.862651711, 106.47066445599995, 298.83076408600004, 109.41981024699993, 301.42622096100007, 112.1854289559999, 303.3553839610001, 114.79061566399992, 305.95762604400005, 116.7361029139999, 308.25344412800007, 119.6590298719999, 310.83812196100007, 121.60622824699988, 313.2898853360001, 123.56661362199986, 315.2453652950001, 125.51519220499983, 317.20506496200016, 127.47420916299978, 319.1561798370002, 129.4217922049998, 321.46120871200014, 131.72877845499983]
