Final evolution
[[ 1.54270092e-02+2.92512897e-01j -5.37236340e-03-3.74583992e-02j
  -1.05027690e-02+5.57824376e-02j  1.14524266e-03+2.51184897e-01j
  -4.60580025e-02+1.97778736e-02j  4.54814455e-03-2.91383796e-03j
  -3.60455674e-03+5.09753426e-03j -3.96784324e-02+1.54014220e-02j
  -5.91609981e-04-5.74782401e-02j  7.41828852e-04+7.38232355e-03j
   2.49890826e-03-1.08195950e-02j  1.86223123e-03-4.92537942e-02j
  -2.88469846e-02-6.83067812e-01j  1.14407844e-02+8.74955711e-02j
   2.65031767e-02-1.28985405e-01j  3.53394722e-03-5.86167787e-01j]
 [ 2.98625141e-03+6.49892531e-02j  3.08902434e-02+4.87038184e-02j
   5.90708310e-02-3.72484697e-01j  6.88387147e-03+1.75368293e-02j
   9.93404806e-03+6.36699582e-03j  5.46031492e-03-3.33583004e-03j
  -3.99733528e-02-1.12658290e-02j  4.13048782e-03+4.48027029e-03j
   5.56669392e-05-1.28054145e-02j -5.59664805e-03-9.91923609e-03j
  -1.54147462e-02+7.28455342e-02j -1.19212779e-03-3.49536813e-03j
  -1.87210500e-03-1.53269174e-01j -6.94003142e-02-1.17753640e-01j
  -1.68481330e-01+8.77248840e-01j -1.48096520e-02-4.13579616e-02j]
 [ 8.44636006e-03-6.55063602e-02j -1.04580774e-02-3.78586888e-01j
   3.93726708e-02-5.41932448e-02j -1.36497117e-02+3.28279902e-02j
   7.06660615e-03-4.72225067e-03j  6.00148171e-02-2.42872840e-02j
   1.05697211e-02+2.80275885e-03j -1.50288853e-03+2.55329104e-03j
  -2.18536613e-03+1.27531411e-02j -1.09720174e-03+7.43118502e-02j
  -8.16802328e-03+1.02953581e-02j  2.92990672e-03-6.30005509e-03j
  -2.17371522e-02+1.52065694e-01j  1.51362625e-02+8.83789299e-01j
  -9.32622645e-02+1.25437356e-01j  3.31298079e-02-7.55373561e-02j]
 [-3.33928179e-02+2.37986643e-01j -9.90063023e-03-7.13646299e-02j
   1.70038860e-03+1.86510896e-02j  5.10724994e-02-2.90250100e-01j
   2.53982543e-02+6.11204808e-03j -1.13562869e-02-7.44863496e-03j
   2.42292242e-03-1.28658185e-03j -3.12634780e-02-9.50166115e-03j
   8.99310546e-03-4.65898381e-02j  1.24793604e-03+1.41216426e-02j
  -1.39112314e-04-3.69916004e-03j -1.30059699e-02+5.67106250e-02j
   9.73420808e-02-5.60905303e-01j  1.77157087e-02+1.68655463e-01j
  -2.51088921e-03-4.44437233e-02j -1.43241687e-01+6.83161825e-01j]
 [-2.69873372e-02+4.20180502e-02j  2.41733273e-03-5.29905897e-03j
  -2.79864439e-03+6.81746748e-03j -2.44297707e-02+3.49004718e-02j
  -1.29164959e-01+7.36324154e-01j -3.55876572e-03-8.46605421e-02j
   3.91831346e-02+1.21772273e-01j -1.31287761e-01+6.24489974e-01j
   2.93626972e-03-2.48833392e-03j -2.88174497e-04+2.59907507e-04j
   3.40638258e-05-1.18764418e-04j  2.55407166e-03-1.99018323e-03j
   3.31381989e-02+4.62085571e-02j -5.83597273e-03-4.35035787e-03j
   1.34475297e-02+8.39945332e-03j  2.74121160e-02+4.07862783e-02j]
 [ 7.52188633e-04-8.71035614e-03j -9.09634212e-03-6.26680438e-03j
   1.56689401e-02+6.66126525e-02j  2.35789742e-03-5.90224414e-04j
   3.64792368e-02-1.43234462e-01j -1.07245422e-01-1.12065970e-01j
   1.56142634e-02+9.71738664e-01j  3.51095922e-02-2.17158197e-02j
   7.67821499e-04+1.42452608e-03j  1.58426248e-03+5.61939305e-04j
  -5.13271117e-03-9.42477119e-03j  1.01054193e-04+2.69567261e-04j
   6.41637821e-03-7.31052263e-03j  1.11611066e-03-7.81852639e-03j
  -3.98188033e-02+3.32975815e-02j  1.59335725e-03-2.66131279e-03j]
 [ 4.93595356e-03-8.26535582e-03j  3.60970234e-02-5.35057990e-02j
   1.05064734e-02-3.61548367e-03j -1.89502190e-03+3.36588163e-03j
  -4.95357410e-03-1.49692823e-01j  1.87192455e-01-9.48664301e-01j
   1.21069967e-01-1.11899756e-01j  2.28776770e-02+6.69671268e-02j
  -3.40987802e-04+2.84062844e-04j -3.85009161e-03+3.12325995e-03j
  -8.27798597e-04+5.63822895e-06j -4.26422458e-05+3.78873061e-05j
  -1.15529157e-02-1.02857752e-02j -4.16946462e-02-6.08807081e-02j
   3.98638237e-06-1.28873791e-02j  8.46958481e-03+5.54049209e-03j]
 [-1.12762692e-02-4.25313495e-02j -7.35979587e-04+8.57389693e-03j
  -2.21944703e-03-4.13687576e-03j  1.11304521e-02+5.22596556e-02j
  -2.79026706e-02-6.21873923e-01j -3.64292357e-02+1.48464724e-01j
  -2.16394149e-02-6.00628209e-02j -3.52692072e-03+7.59716039e-01j
   3.41949184e-03+5.95065162e-03j -9.11595559e-04-1.43948064e-03j
   4.33139228e-04+4.48816688e-04j -3.87066176e-03-7.43781174e-03j
   2.49027714e-02-2.16494258e-02j -6.52705589e-03+8.65922485e-03j
   1.33098364e-03-2.15805167e-03j -3.15773041e-02+2.55125650e-02j]
 [ 3.99952115e-02-4.13199008e-02j -3.61526817e-03+5.61588204e-03j
   3.90368060e-03-9.07592988e-03j  3.54186146e-02-3.40666339e-02j
  -2.61247132e-03-2.79720454e-03j  2.86537140e-04+3.04940750e-04j
  -7.22177381e-05-2.27540849e-04j -2.09415176e-03-2.46124965e-03j
  -3.76666886e-02-7.42820387e-01j  1.32820240e-02+9.50882087e-02j
   2.75379334e-02-1.40724117e-01j -1.55931605e-03-6.37720505e-01j
   2.22069279e-02+4.49044438e-02j -2.92060705e-03-5.57680173e-03j
  -2.17884341e-04+8.04490859e-03j  1.69381335e-02+3.92308406e-02j]
 [-9.55385207e-03-1.08296111e-02j -7.51239572e-03-6.47384028e-04j
   3.29638375e-02+3.93510039e-02j -4.41312402e-03-5.41979038e-03j
   9.10844911e-04-1.29896430e-03j -1.07669225e-04-1.67613216e-03j
  -6.60355617e-03+8.47491611e-03j  1.32277804e-04-2.24894481e-04j
  -4.04453001e-03-1.66458798e-01j -7.68366758e-02-1.26893293e-01j
  -1.71549397e-01+9.54275183e-01j -1.66325182e-02-4.48109433e-02j
  -3.23789108e-03+9.17141790e-03j  3.52058252e-03+1.00699373e-02j
   2.57497251e-02-6.30141271e-02j -3.33711716e-04+1.33940509e-03j]
 [-6.89685713e-03+9.51950930e-03j -5.28872871e-02+5.23082450e-02j
  -1.26284326e-02+1.86641273e-03j  2.31448684e-03-4.94585616e-03j
   2.70031645e-04+4.56106252e-04j  3.28219366e-03+3.68079435e-03j
   4.03641553e-05+8.37752123e-04j  7.97802210e-05-1.13351971e-04j
  -2.21757908e-02+1.65731302e-01j  2.45994582e-02+9.61311900e-01j
  -1.00294903e-01+1.37330687e-01j  3.52653366e-02-8.26063885e-02j
  -1.55442876e-03-9.95658152e-03j -2.71867648e-02-5.86739532e-02j
   2.69969331e-03-1.10474116e-02j -1.71579560e-03+4.93298100e-03j]
 [-2.12624438e-02-2.41391157e-02j  1.14270355e-02+1.22892784e-02j
  -2.38306610e-03-2.60747268e-04j  2.54024463e-02+3.13361524e-02j
   4.10654739e-03-5.51140543e-03j -8.41962688e-04+1.44670885e-03j
   2.50323737e-04-5.60124684e-04j -5.27963007e-03+6.52266098e-03j
   9.84196389e-02-6.10007665e-01j  2.14451998e-02+1.82993603e-01j
  -3.31089236e-03-4.81764822e-02j -1.46654796e-01+7.43305965e-01j
  -1.56125758e-02+4.06867723e-02j  2.52965614e-03-9.86728846e-03j
  -6.25020284e-04+3.88397663e-03j  2.10222662e-02-4.88240801e-02j]
 [ 1.12994295e-01-6.77817722e-01j  3.91990919e-03+7.77575695e-02j
  -3.70377729e-02-1.11434593e-01j  1.15808202e-01-5.75019960e-01j
  -7.69371061e-03+5.72645923e-02j -5.41834774e-04-6.52752447e-03j
   3.42361083e-03+9.30217299e-03j -8.20216465e-03+4.86364898e-02j
   4.17006117e-02+2.54900387e-02j -6.37414693e-03-1.84110884e-03j
   1.35517681e-02+4.88759461e-03j  3.53558093e-02+2.33874200e-02j
   5.14680554e-02-2.89858775e-01j  1.35428876e-03+3.34182226e-02j
  -1.51529548e-02-4.84228551e-02j  5.22311657e-02-2.45859898e-01j]
 [-3.18956731e-02+1.32283346e-01j  1.00009202e-01+1.02074395e-01j
  -2.50042801e-02-8.95036001e-01j -3.19829697e-02+2.03367222e-02j
   2.49169616e-03-1.11175298e-02j -8.49763926e-03-8.34500878e-03j
   3.48432643e-03+7.45441061e-02j  2.66915365e-03-1.78047834e-03j
   5.50262887e-03-3.30341124e-03j  4.55621262e-03-4.66690857e-03j
  -4.22972516e-02+4.36760302e-03j  5.00907511e-04-2.22860223e-03j
  -1.56677648e-02+5.55671636e-02j  4.08484566e-02+4.44249941e-02j
   1.68151434e-03-3.78044409e-01j -1.41162224e-02+8.28114340e-03j]
 [ 5.76416121e-03+1.37429987e-01j -1.64673518e-01+8.73441958e-01j
  -1.10406766e-01+1.03783119e-01j -2.16102599e-02-6.12298728e-02j
  -8.59877630e-04-1.15574859e-02j  1.15167054e-02-7.38438619e-02j
   9.00169337e-03-9.01851750e-03j  1.98969878e-03+5.11621947e-03j
  -1.26850945e-02-6.06652597e-03j -5.33462381e-02-3.43404052e-02j
  -4.30244388e-03-1.04247824e-02j  8.58686686e-03+3.67775517e-03j
   1.71744740e-03+5.92410962e-02j -7.45062331e-02+3.73443619e-01j
  -4.77857589e-02+4.40011615e-02j -8.80925186e-03-2.67262893e-02j]
 [ 3.24862090e-02+5.72596428e-01j  3.17489247e-02-1.37085425e-01j
   2.05583133e-02+5.50869265e-02j -5.05775528e-03-6.99916541e-01j
  -3.60776272e-03-4.76597180e-02j -2.48489924e-03+1.15290583e-02j
  -1.81217220e-03-4.55666401e-03j  1.51597105e-03+5.83181956e-02j
   2.70303919e-02-3.13780414e-03j -5.59972673e-03+4.59648304e-03j
   2.07343651e-03-3.40633998e-04j -3.30369811e-02+2.87259370e-03j
   5.92444946e-03+2.42065629e-01j  1.57910670e-02-5.76360457e-02j
   8.01276264e-03+2.35538954e-02j  7.44387888e-03-2.95443856e-01j]]

********* Summary *****************
Final fidelity error 0.1917537322708932
Final penalized l2 error 0.002436863720513547
Final penalized TV regularizer 0.012363117793566874
Final objective value 0.20411684323394683
Final norm value 12.363117793566873
Final l2 value 0.024368637205135466
Final error 7.819388326831897e-07
Terminate reason Exceed the maximum number of iteration of ADMM
Number of iterations 100
Completed in 0:10:04.597306 HH:MM:SS.US
Computational time 604.597306042
Time for each iteration [48.121966167, 23.77735687500001, 66.476036458, 40.230254042, 81.159113041, 53.417606209, 93.30259158300002, 61.80657349999997, 102.74969312500001, 70.49814658300001, 111.432684084, 78.74703087399998, 120.28203433400004, 87.16259899899997, 128.36668295900006, 94.51485604099992, 136.59312441700007, 101.23175812499994, 144.80424083300005, 109.90146620899998, 152.692671291, 115.09748329199999, 158.618515875, 120.86324825000003, 164.51046116699996, 126.25629345800007, 170.45172783399994, 132.1720119580001, 176.07451741699992, 138.23699204100006, 181.09963166699993, 144.4371313750001, 186.57167991699993, 151.0776148750001, 192.03925741699993, 156.2501356250001, 198.0916642919999, 160.09697741600013, 203.2404606259999, 165.8274180410001, 206.9361245419999, 171.96733691600014, 210.76033079199988, 177.96834616600012, 214.4413255839999, 182.0729101240001, 220.3010185839999, 185.7401304990001, 224.12256100099995, 191.43334020700007, 227.49868995999992, 196.69781937300007, 231.17560270999996, 201.10257816500007, 236.75498158499994, 204.7841384570001, 240.5792299599999, 209.9030103730001, 244.25104679399993, 213.57252370600008, 248.1910415019999, 217.6740684560001, 253.30162516899992, 221.19355158100012, 256.9719493769999, 225.00608966500016, 261.50194283499985, 228.8150909980002, 264.88141287699983, 232.91494374800016, 269.26330666899986, 236.13788712300016, 272.62901654399985, 240.23864824800006, 277.72893379399994, 243.59688716400007, 281.54794233599983, 248.26331333100012, 285.5046012939999, 251.7766248310001, 288.61885604399987, 254.7182134140001, 292.71244512799984, 258.22741528900013, 297.05959158599984, 261.15883124700014, 300.41629991999986, 264.80209978800013, 303.3412941289998, 269.7338245380002, 306.2623618369998, 273.3720679960002, 309.3303744209997, 276.7293019960003, 312.1157329209996, 280.21929478700036, 314.89666800499964, 283.13994257800033, 318.67771754699965, 285.91958849500037]
