Final evolution
[[ 2.31093340e-01+2.55735918e-02j  1.94428136e-01+8.64615703e-02j
  -1.63966797e-02-3.24543204e-03j -2.68895858e-01-7.56015489e-02j
  -3.18737321e-01-4.15978920e-02j -2.66410415e-01-1.24768886e-01j
   2.25765583e-02+4.92936724e-03j  3.69637102e-01+1.11771234e-01j
   4.06545503e-02+1.91561231e-02j  3.01349635e-02+2.79925259e-02j
  -2.79488882e-03-1.62083013e-03j -4.44323427e-02-3.06726906e-02j
  -3.79259036e-01-3.28718164e-02j -3.21611919e-01-1.33962172e-01j
   2.69650799e-02+4.67453595e-03j  4.43081769e-01+1.13289606e-01j]
 [ 2.66164244e-02-1.92119522e-02j -5.51346596e-02+2.48386445e-02j
  -3.46807437e-01+2.29284390e-01j  7.39202105e-03+5.56848947e-04j
  -3.73100532e-02+2.58360155e-02j  7.68815381e-02-3.28423765e-02j
   4.85574550e-01-3.07550704e-01j -1.02025659e-02-9.69585619e-04j
   6.07076893e-03-1.84530260e-03j -1.16380726e-02+1.08728757e-03j
  -7.77825005e-02+2.01959335e-02j  1.31678870e-03+5.64992014e-04j
  -4.28197690e-02+3.24822496e-02j  8.92809009e-02-4.28014814e-02j
   5.58752729e-01-3.88792254e-01j -1.21212634e-02-6.23968265e-04j]
 [ 2.92951118e-01-2.52133848e-02j -2.90980028e-01-1.61315498e-02j
   6.60356732e-02-5.16326268e-03j  1.89129723e-02+3.87976599e-02j
  -4.05613537e-01+2.69297799e-02j  4.01771027e-01+3.01659690e-02j
  -9.14174429e-02+5.35130991e-03j -2.50933686e-02-5.41394849e-02j
   5.51478573e-02+1.37452687e-02j -5.21968438e-02-2.11819577e-02j
   1.23985766e-02+3.19352009e-03j  1.02738152e-03+8.27945454e-03j
  -4.78535407e-01+5.26645978e-02j  4.76917121e-01+1.50873856e-02j
  -1.07889451e-01+1.10198861e-02j -3.24666470e-02-6.27702125e-02j]
 [-1.45749526e-01+1.21660734e-01j -1.51683829e-01+1.44096234e-01j
   5.46341099e-03-9.62662708e-03j -2.35145541e-01+2.05922536e-01j
   2.04752042e-01-1.64224502e-01j  2.13561391e-01-1.95075513e-01j
  -7.81210635e-03+1.31586768e-02j  3.30598156e-01-2.78278124e-01j
  -3.42742661e-02+1.31141065e-02j -3.67651537e-02+1.68447542e-02j
   1.60220489e-03-1.41796624e-03j -5.59005833e-02+2.29205648e-02j
   2.33837709e-01-2.04808807e-01j  2.42678638e-01-2.41763091e-01j
  -8.56834445e-03+1.59698086e-02j  3.76887969e-01-3.46209461e-01j]
 [ 2.84545956e-01+3.77523211e-01j  1.43328496e-01+4.08224659e-01j
  -1.80725777e-02-2.87824003e-02j -2.63276071e-01-5.03232279e-01j
   1.66736927e-01+1.99192650e-01j  9.01023575e-02+2.20000936e-01j
  -1.07248236e-02-1.52880182e-02j -1.58590110e-01-2.68774209e-01j
   4.93496531e-02+6.69309039e-02j  2.44536706e-02+7.20692824e-02j
  -3.12547503e-03-5.09610496e-03j -4.53754189e-02-8.90027408e-02j
   3.94792265e-02+6.98347564e-02j  1.50398099e-02+7.18612464e-02j
  -2.40069774e-03-5.24372886e-03j -3.31072063e-02-9.05101690e-02j]
 [ 6.55495486e-02+1.25719647e-02j -1.13655950e-01-4.69086950e-02j
  -8.22969665e-01-1.93167060e-01j  9.48816954e-03+1.17115537e-02j
   3.63240387e-02+5.06080399e-03j -6.36862182e-02-2.25545848e-02j
  -4.57036297e-01-8.29243201e-02j  5.53524084e-03+6.16083334e-03j
   1.15063603e-02+2.33282018e-03j -1.99042594e-02-8.46156235e-03j
  -1.44396005e-01-3.55021293e-02j  1.64718708e-03+2.07756079e-03j
   1.07480417e-02+3.57177091e-03j -1.80779088e-02-1.04173837e-02j
  -1.34155746e-01-5.07863975e-02j  1.33592184e-03+2.18110844e-03j]
 [ 4.45965102e-01+3.98179153e-01j -3.82055370e-01-4.52939725e-01j
   9.97578275e-02+9.04813956e-02j -3.10083005e-02+8.21001457e-02j
   2.55897803e-01+2.06001095e-01j -2.22361928e-01-2.37844218e-01j
   5.72813393e-02+4.68556324e-02j -1.47139199e-02+4.59235019e-02j
   7.77037579e-02+7.08633453e-02j -6.63610160e-02-8.03768433e-02j
   1.73789162e-02+1.60999048e-02j -5.60631022e-03+1.43833088e-02j
   6.61758129e-02+7.68971178e-02j -5.42072319e-02-8.46891861e-02j
   1.47714537e-02+1.74387735e-02j -7.04115002e-03+1.31226279e-02j]
 [-3.83289404e-01-4.58848027e-02j -4.24755794e-01-2.33655984e-02j
   2.18617967e-02-5.34735450e-03j -6.32642580e-01-6.05795549e-02j
  -2.11623607e-01-1.44310588e-02j -2.33747486e-01-9.10358482e-04j
   1.18470835e-02-3.54755088e-03j -3.48872652e-01-1.55021591e-02j
  -6.73326213e-02-8.78128079e-03j -7.46679859e-02-4.89719013e-03j
   3.85523523e-03-9.00034086e-04j -1.11164700e-01-1.18281956e-02j
  -6.34612729e-02-1.62375006e-02j -7.09376599e-02-1.33706346e-02j
   3.79666435e-03-4.13729621e-04j -1.05083540e-01-2.42512639e-02j]
 [ 1.06074931e-01+2.47672713e-02j  8.56278947e-02+5.10488389e-02j
  -7.44659836e-03-2.42293321e-03j -1.20873421e-01-5.01445790e-02j
  -3.85790375e-02+1.39548593e-03j -3.40308421e-02-9.49396278e-03j
   2.77193574e-03+1.36031421e-04j  4.60000314e-02+5.90674130e-03j
  -5.15474868e-01-1.54448929e-01j -4.06646756e-01-2.77803617e-01j
   3.59784681e-02+1.42162886e-02j  5.80707357e-01+2.84086953e-01j
   3.42184305e-02+1.49805385e-02j  2.56815437e-02+2.25642508e-02j
  -2.35941460e-03-1.28236485e-03j -3.76221448e-02-2.44621404e-02j]
 [ 1.34513791e-02-7.45452201e-03j -2.70307889e-02+8.48357121e-03j
  -1.74097085e-01+8.73419368e-02j  3.40758307e-03+6.70740948e-04j
  -3.90680992e-03+3.80033727e-03j  8.45499983e-03-5.41519437e-03j
   5.14146725e-02-4.60610151e-02j -1.22770930e-03+8.75390935e-05j
  -6.85966261e-02+3.26563388e-02j  1.35866207e-01-3.35915989e-02j
   8.85039603e-01-3.77596105e-01j -1.65973335e-02-4.34576756e-03j
   5.00143136e-03-1.67282642e-03j -9.64445054e-03+1.17111026e-03j
  -6.41607821e-02+1.85691697e-02j  1.10704862e-03+4.39128810e-04j]
 [ 1.37678384e-01+4.58758761e-03j -1.34458722e-01-2.37105140e-02j
   3.10058441e-02+1.27610728e-03j  6.63699462e-03+1.91011564e-02j
  -4.75100123e-02+1.12358017e-02j  4.81874625e-02-4.39668823e-03j
  -1.07220830e-02+2.44726971e-03j -4.04621172e-03-5.91495809e-03j
  -6.77452179e-01-6.45809815e-02j  6.55748805e-01+1.57889059e-01j
  -1.52491490e-01-1.57419151e-02j -2.69034463e-02-9.62048027e-02j
   4.61356796e-02+1.01515171e-02j -4.38549222e-02-1.63981617e-02j
   1.03747956e-02+2.36809252e-03j  1.04407067e-03+6.85532910e-03j]
 [-7.45753568e-02+4.84760649e-02j -7.85854300e-02+5.85820227e-02j
   3.07761940e-03-4.17379319e-03j -1.20853383e-01+8.26936882e-02j
   2.09948536e-02-2.35136991e-02j  2.14263246e-02-2.73426951e-02j
  -6.64306079e-04+1.71358817e-03j  3.36386617e-02-3.95195160e-02j
   3.82482781e-01-2.16292046e-01j  4.05335283e-01-2.64899288e-01j
  -1.64468773e-02+1.96417261e-02j  6.21094382e-01-3.70904369e-01j
  -2.81749932e-02+1.16843210e-02j -3.01587155e-02+1.48412248e-02j
   1.29856695e-03-1.21497336e-03j -4.59175632e-02+2.03295178e-02j]
 [-4.37172120e-02-1.13995208e-01j -6.47509029e-03-1.11548620e-01j
   2.43413158e-03+8.43284650e-03j  2.94757395e-02+1.43682755e-01j
   1.79319040e-01+3.16024272e-01j  6.86381467e-02+3.25378879e-01j
  -1.09114113e-02-2.37335812e-02j -1.50606494e-01-4.09716983e-01j
  -2.87184999e-02-7.06489911e-02j -5.42970264e-03-6.95837501e-02j
   1.62493091e-03+5.23622835e-03j  2.01932744e-02+8.93663556e-02j
  -1.97244849e-01-3.35656676e-01j -7.88199513e-02-3.47476443e-01j
   1.20753370e-02+2.52494945e-02j  1.68005819e-01+4.36499787e-01j]
 [-1.53746476e-02-7.79367714e-03j  2.48678956e-02+1.97463470e-02j
   1.90509087e-01+1.06618001e-01j -1.52026493e-03-3.58348806e-03j
   4.87076976e-02+1.61005788e-02j -8.19567307e-02-4.70542369e-02j
  -6.08008184e-01-2.29065701e-01j  6.06659604e-03+9.86946243e-03j
  -9.69858383e-03-4.67628127e-03j  1.57757953e-02+1.20230021e-02j
   1.20301113e-01+6.42180352e-02j -9.93955353e-04-2.21906736e-03j
  -5.24440187e-02-1.64580251e-02j  8.85678155e-02+4.90798423e-02j
   6.55104109e-01+2.35531242e-01j -6.65969678e-03-1.04750073e-02j]
 [-8.23125881e-02-1.30630057e-01j  6.25448445e-02+1.39666763e-01j
  -1.83117650e-02-2.95712946e-02j  1.35498909e-02-1.81685596e-02j
   3.00288920e-01+3.47820311e-01j -2.46134704e-01-3.83199694e-01j
   6.70310531e-02+7.88805919e-02j -3.17976385e-02+5.94880721e-02j
  -5.30287058e-02-8.05582534e-02j  4.07956533e-02+8.64474413e-02j
  -1.18034351e-02-1.82403192e-02j  8.23643256e-03-1.15149496e-02j
  -3.27361163e-01-3.67756108e-01j  2.69918268e-01+4.06539083e-01j
  -7.30943029e-02-8.34191228e-02j  3.30998028e-02-6.42484324e-02j]
 [ 9.18701027e-02+3.87143605e-02j  1.03768407e-01+3.60807157e-02j
  -5.80781272e-03-2.31191181e-04j  1.52717697e-01+6.01383216e-02j
  -2.87557243e-01-7.30892120e-02j -3.21400034e-01-6.00502805e-02j
   1.71935695e-02-1.90125937e-03j -4.76138091e-01-1.09087114e-01j
   5.78555852e-02+2.30364408e-02j  6.52535777e-02+2.12438551e-02j
  -3.62995987e-03-7.22265434e-05j  9.61222173e-02+3.56601300e-02j
   3.09258716e-01+7.36325502e-02j  3.45304052e-01+5.91137110e-02j
  -1.83892728e-02+2.31617230e-03j  5.11877602e-01+1.09135391e-01j]]

********* Summary *****************
Final fidelity error 0.40654671052448677
Final penalized l2 error 0.0010102295432212669
Final penalized TV regularizer 0.0001243698487251766
Final objective value 0.4066710766637485
Final norm value 12.436984872517659
Final l2 value 0.010102295432212667
Final error 8.806703147794154e-10
Terminate reason Exceed the maximum number of iteration of ADMM
Number of iterations 100
Completed in 0:06:41.906065 HH:MM:SS.US
Computational time 401.906065417
Time for each iteration [41.429792875000004, 16.222527209, 54.864939541000005, 25.62110712599999, 62.067018333000014, 32.722487708999985, 68.55725554100002, 38.66923462599998, 74.62304649900003, 43.574028000999974, 79.41560429100002, 48.13572129299999, 83.61678612400001, 52.69191041799999, 87.93042420700002, 56.90849945999997, 92.11784708200003, 60.862113292999965, 96.07961170700003, 64.82245579299996, 99.82383845700005, 68.38415079299995, 103.34584162400006, 71.89934425099995, 106.96966162400005, 75.74141262599994, 110.59114674900005, 78.92746200099995, 114.12111733300006, 82.44210183399994, 117.87284383300005, 85.76075158399996, 121.40483479100004, 89.28357079299997, 124.93330974900005, 92.58867850099995, 128.46058070800007, 95.66388875099994, 131.64982641600005, 99.08339762599994, 134.66531483300005, 102.04059466699994, 137.63237929200005, 105.34129641699994, 140.70720304200006, 108.29829599999994, 143.89403762500007, 111.25728362499996, 146.84959358400005, 114.44929070799998, 149.80883500100003, 117.40604266599996, 152.53178750100005, 120.35931054099996, 155.48922508400005, 123.20924516599996, 158.34448095900007, 126.28018158299994, 161.19579437600004, 129.01016708299994, 163.92630787600007, 131.86533324899995, 166.77754083500008, 134.82340349899994, 169.8436124600001, 137.66993366499992, 172.8044482520001, 140.4114160819999, 175.53940441800012, 143.2642036239999, 178.26774462600014, 146.0178543329999, 181.1060889590001, 148.75269074999989, 183.83446966700012, 151.70221087499988, 186.67480100000012, 154.4336576249999, 189.7412601250001, 157.38905991699988, 192.69655091700014, 160.11177245799985, 195.42728558400017, 162.94884795799982, 198.1631180840002, 165.68187095799982, 200.89912312600018, 168.4156688329998, 203.8548778340002, 171.03358762499977, 206.47948508400026, 173.75731862499975, 209.10443254200027, 176.3945152919997, 211.95174270800027, 179.1292106669997, 214.57636375000027, 181.85693849999973, 217.19870820900024, 184.70735720799973]
