Final evolution
[[ 7.38377212e-02+3.85919772e-02j -2.44170770e-02-5.32482076e-04j
   1.51669914e-01+4.71337035e-02j -7.88921238e-02-4.62018375e-02j
  -1.23566119e-01-7.22214924e-02j  3.00760615e-01+1.74908204e-01j
   4.47886378e-04-1.97981205e-03j  7.78092622e-01+4.59098136e-01j
   2.14598694e-03+1.39623980e-04j  3.33956702e-04+3.40331681e-03j
   5.65245075e-03+2.20150785e-03j  2.49283750e-04+7.17656450e-03j
  -3.63530162e-03-2.67551205e-03j  9.68396990e-03+6.37403829e-03j
   6.20927152e-04+2.00283654e-05j  2.47158050e-02+1.64263021e-02j]
 [ 2.38304124e-02+1.07215563e-02j -8.46315739e-02-3.80834721e-02j
  -8.72053798e-02-5.28229719e-02j -2.02829358e-01-1.80734958e-01j
   2.43822977e-02+2.60104928e-02j  8.43985461e-04+5.15561234e-03j
   8.01340857e-01+5.11677577e-01j -6.06569722e-03-8.22735196e-03j
   7.77021349e-04+1.15535425e-03j -2.31937686e-03-1.89986622e-03j
   1.14000937e-04+7.66437009e-03j -5.88594731e-03-8.41807042e-03j
   4.18671252e-04+6.12565425e-04j  4.03111910e-04+8.93395389e-04j
   2.51737521e-02+1.81565946e-02j  5.14973605e-04+3.33435721e-04j]
 [-4.42414139e-02-3.64921734e-02j -2.39257179e-03-7.12733825e-02j
  -4.32864880e-03+7.08368796e-03j  4.64556092e-03-4.38011473e-03j
   8.09697556e-01+4.92659625e-01j  2.51879800e-01+1.59943332e-01j
  -3.26544789e-02-1.63856425e-02j  3.75684281e-02+1.68043333e-02j
   1.52521707e-03+7.87536614e-03j  4.35124702e-05+4.08478083e-05j
  -2.88510113e-04-1.07447248e-04j  3.76353477e-04+2.79067574e-04j
   2.59791703e-02+1.78745860e-02j  7.80335037e-03+3.89853447e-03j
  -9.91832910e-04-5.00245499e-04j  1.16326747e-03+6.61434364e-04j]
 [-3.86725329e-01-1.85546474e-01j  1.04473367e-02-1.18826192e-02j
   6.01791067e-02+2.77498072e-02j -5.60585251e-02-1.93241463e-02j
   1.80037103e-01+1.05970109e-01j -6.83826895e-01-4.05746195e-01j
   1.12183204e-03+2.96721289e-03j  3.11113215e-01+1.84449625e-01j
  -1.09670557e-02-6.51333971e-03j -1.73767270e-03-9.36301147e-03j
   2.13637672e-03+1.27169910e-03j -6.90776299e-04+2.73226867e-03j
   5.98266251e-03+6.18909892e-03j -2.15421606e-02-1.38500164e-02j
   3.03314555e-04+5.56418759e-05j  9.95049286e-03+6.79296384e-03j]
 [-1.20804309e-01-7.55184213e-02j  2.92334531e-01+1.75694954e-01j
  -2.25858098e-02-2.00054053e-02j  7.62433102e-01+4.32533609e-01j
   8.42348437e-03-2.52961020e-02j  4.72579114e-02+2.37619672e-02j
   2.61739036e-01+1.10152121e-01j  7.87856649e-02+5.04572834e-02j
  -3.33537214e-03-4.19315548e-03j  7.64904296e-03+8.44717372e-03j
  -7.98326676e-04+3.73707483e-04j  1.96778925e-02+2.13406479e-02j
   1.11453808e-03+9.23575813e-04j  5.02292840e-04-2.21571717e-03j
   9.33606822e-03+5.09370501e-03j -2.32136666e-04-7.07598913e-03j]
 [ 2.37187997e-02+1.76711466e-02j  1.41782007e-02+7.51229403e-03j
   8.30142662e-01+5.17956181e-01j  1.69095144e-02+2.06742613e-03j
   6.35145561e-03+1.84530137e-02j -1.18275391e-03-9.08871223e-03j
   9.09800854e-02+5.67934599e-02j -1.19664671e-01-1.17032376e-01j
   5.85530953e-04+8.91507024e-04j  3.98863649e-04+3.50092748e-04j
   2.12204089e-02+2.49891234e-02j -6.06784454e-05+6.90234342e-04j
   2.79948801e-05+3.43061503e-04j -3.71355632e-05-5.08251503e-04j
  -2.78284089e-05-7.59243341e-03j -3.49033800e-03-5.58857862e-03j]
 [ 7.19416487e-01+4.53067029e-01j  2.67845397e-01+1.62222803e-01j
  -1.87663709e-02-6.27620688e-03j  2.23459753e-02+1.01798928e-02j
   1.58248296e-01+7.64610109e-02j -2.91411345e-01-2.24074168e-01j
   7.18418849e-03+4.04976659e-03j  8.19889101e-02+6.43007598e-02j
   1.79452151e-02+2.22375137e-02j  5.81469222e-03+5.66225640e-03j
  -2.92823505e-04-4.11550965e-04j  6.71079794e-04+1.58753337e-03j
   2.45822221e-03-5.74444131e-03j -9.64112467e-03-1.21246526e-02j
   4.00074648e-04+5.67537672e-04j  2.43683693e-03+1.94922349e-03j]
 [ 2.12575911e-01+1.21432912e-01j -7.47831400e-01-4.58685375e-01j
   4.02198718e-03+4.27124368e-03j  3.23507248e-01+1.97921353e-01j
  -1.14793069e-02+5.49226138e-02j -1.06836060e-01-8.41110324e-02j
   3.07947008e-02-1.95235817e-02j  4.06534798e-02+2.76105229e-02j
   6.28849285e-03+7.64813813e-03j -1.94838462e-02-2.21318270e-02j
  -6.69452706e-05-4.31808729e-04j  8.47537200e-03+9.69346056e-03j
  -2.26873163e-03-1.51074025e-03j -6.38331284e-04+5.04809972e-03j
   1.42409725e-03-2.02422434e-04j  4.47513166e-05-2.64026890e-03j]
 [ 4.12569343e-03+1.52787462e-03j -1.14050973e-02-2.92791772e-03j
  -9.45461148e-04+9.35394350e-04j -2.91957880e-02-7.52183624e-03j
   1.40638509e-03+7.59290806e-04j -3.88779903e-03+1.17391990e-03j
  -3.67355145e-04+1.97347993e-03j -8.93847023e-03+2.53522139e-03j
  -1.29698001e-01-8.08716919e-02j  3.02955434e-01+1.81793379e-01j
  -1.66396001e-02-1.04661108e-02j  7.86997603e-01+4.75317345e-01j
   1.83041817e-02-2.58320203e-02j  1.25325950e-02+8.15113573e-05j
   5.04729903e-02-3.38778977e-02j -9.22737348e-03-3.34881509e-03j]
 [-1.68966526e-03-3.92374289e-04j  2.85834374e-04-4.99088619e-04j
  -3.11860060e-02-8.62200643e-03j  2.18803798e-03-1.16752429e-04j
   5.62072424e-04+5.40992742e-05j -2.74968738e-03-9.06867114e-04j
  -9.65027636e-03+2.26353752e-03j -2.97781458e-03-1.28523701e-03j
   4.02693368e-02+2.35342726e-02j  1.69580489e-02+1.15478440e-02j
   8.42163777e-01+5.19524652e-01j  1.88759174e-02+1.06462885e-02j
  -3.00269312e-02-1.54169083e-03j  8.02022061e-02+2.95178539e-02j
  -4.82007167e-03-5.02305551e-04j  9.15458849e-02-1.97751373e-03j]
 [-3.00299789e-02-7.96035929e-03j -9.21163480e-03-2.29683449e-03j
   1.18463677e-03+9.16502116e-05j -1.31189254e-03-1.01827269e-04j
  -9.84399961e-03+3.00204749e-03j  1.61961626e-03+2.94307441e-03j
  -6.20920803e-06-1.81883645e-04j -3.24152864e-04-1.78783255e-06j
   7.89302925e-01+4.96554159e-01j  2.53366958e-01+1.68708860e-01j
  -3.24758151e-02-1.55205304e-02j  3.48671876e-02+1.64606619e-02j
   1.40728733e-02-8.61948057e-03j -1.35124640e-01-1.22966051e-01j
   1.03108794e-02+4.95718622e-03j -2.14045339e-03+5.67603252e-03j]
 [-4.52522805e-03-3.21371059e-03j  2.73771150e-02+7.70739586e-03j
  -5.71331409e-04+1.26401593e-04j -1.15848611e-02-3.23105461e-03j
  -9.63311526e-03-4.92006326e-03j  6.80700476e-03-2.64735783e-03j
  -1.50157844e-04+9.86024098e-04j -4.26665961e-03+7.48024903e-04j
   2.34402901e-01+1.31048053e-01j -7.16695994e-01-4.63121644e-01j
  -3.73258951e-03+2.37524723e-03j  3.17053271e-01+1.92558074e-01j
   1.82627211e-01+1.57769464e-01j  4.09238873e-02+3.83935068e-03j
   1.91282686e-02-1.91934474e-02j  1.40633741e-02+9.25431520e-03j]
 [ 2.91041491e-03+2.54867077e-04j -3.21959874e-03+1.08149648e-03j
  -3.89841662e-03-1.70730831e-03j -8.40597227e-03+1.88497544e-03j
  -4.04127513e-03-2.09026589e-03j  9.56166517e-03+5.33047385e-03j
  -2.67848640e-03+8.59863194e-04j  2.61202009e-02+1.40471887e-02j
  -5.33953228e-02-2.09576507e-02j -7.26637449e-03-1.53124422e-02j
   6.39848707e-02+1.01293383e-01j -7.07940868e-03-1.54452831e-03j
   1.18994420e-01+7.71979435e-02j -2.93802149e-01-1.72781737e-01j
  -7.56475645e-03+6.11335485e-03j -7.86952874e-01-4.74545298e-01j]
 [-5.95827150e-04-1.47431343e-04j -9.46765301e-05+1.77178051e-04j
  -9.63665494e-03+1.83715725e-03j  8.58960059e-04-1.70733410e-03j
   7.16758706e-04+5.14437247e-04j  5.46446096e-04+3.26172312e-04j
   2.80587399e-02+1.57607879e-02j  1.81667503e-03-1.72584067e-04j
   7.04329062e-03+4.91624309e-03j  3.19815510e-04-3.53401174e-03j
  -1.78267477e-03-6.02702886e-03j -6.99997447e-03+6.87136934e-02j
  -2.57899364e-02-2.02977383e-02j -1.35602756e-02-9.06687032e-03j
  -8.49602778e-01-5.20294404e-01j -1.80924428e-03+9.24165681e-03j]
 [-9.47974826e-03+1.29798006e-03j  5.88823699e-03+1.37522710e-03j
  -7.25908934e-05+1.07258137e-04j -3.22233172e-03-1.14918510e-03j
   2.52922193e-02+1.41618664e-02j  1.20197982e-02+4.02729037e-03j
  -1.26460332e-03-1.88851452e-04j  6.89435508e-05+5.84800299e-04j
   1.59023528e-02+1.57339311e-02j -2.14546771e-01-7.67624360e-02j
   7.28398226e-03-5.02118270e-03j  7.22607346e-02+6.13868220e-02j
  -7.99987006e-01-4.64786835e-01j -2.36437147e-01-1.49549796e-01j
   3.83990460e-02+1.16218267e-02j -3.52752262e-02-1.54339826e-02j]
 [-6.91736450e-03-5.97737911e-04j  8.76928178e-03-2.12761434e-03j
   1.40547448e-03+7.56491119e-04j -4.09299779e-03+8.86882787e-04j
   7.11968458e-03+3.28174808e-03j -2.43022809e-02-1.36739150e-02j
   8.40524409e-05+3.97782094e-04j  1.06969759e-02+5.90546415e-03j
   1.57195059e-01+5.50131111e-02j  4.22242169e-03+2.32085974e-02j
  -5.15377655e-02-2.90966321e-02j  1.12175676e-02-5.87362424e-03j
  -2.13495042e-01-1.25127313e-01j  7.47450848e-01+4.50490879e-01j
  -6.21454851e-03-1.94737350e-03j -3.26141607e-01-1.93992142e-01j]]

********* Summary *****************
Final fidelity error 0.06124339112185184
Final penalized l2 error 5.825353645416039e-05
Final penalized TV regularizer 0.008662529325913607
Final objective value 0.06990591930179668
Final norm value 8.662529325913606
Final l2 value 0.0005825353645416038
Final error 2.7694864620666573e-07
Terminate reason Exceed the maximum number of iteration of ADMM
Number of iterations 100
Completed in 0:12:46.117629 HH:MM:SS.US
Computational time 766.1176292499999
Time for each iteration [94.243682041, 21.122534042000012, 111.78988637399999, 38.76159675100001, 128.32592029, 55.589848918, 143.169890748, 70.077126918, 157.67932404, 86.95691454299998, 168.86258916500003, 102.27317370999998, 177.642148706, 113.04588762700001, 190.43762091399998, 122.00483079400004, 204.57317820599997, 129.28225758500002, 216.083116373, 136.91141654300003, 230.690270415, 144.423902876, 238.36489795699998, 152.56217091800005, 249.89998945699995, 159.55369137600007, 261.66482599899996, 165.85797720900007, 274.84434987399993, 172.44437070900005, 281.56726079099997, 181.62769741700004, 286.25949395799995, 193.42808079200006, 291.88447670799997, 198.90379058300005, 297.823296375, 204.99709762500004, 307.74683879099996, 209.82889241700002, 311.963552458, 214.52962679199993, 316.17587549899997, 218.74185962599995, 325.172706165, 223.26512987599995, 329.37977508200004, 227.78777154299996, 333.43933241499997, 232.77339945999995, 336.88254762300005, 238.99851220999994, 340.640207165, 243.83143304299995, 344.83674079, 251.11231970999995, 348.73005470600003, 255.77281858499987, 352.16054049800005, 259.98144683499993, 356.36412154000004, 264.18584841799986, 360.10325820700007, 268.0842017929999, 363.54189487300005, 277.6407778769999, 368.027998248, 282.374283668, 371.932420082, 286.5806387089999, 375.67796958200006, 290.16854258399985, 379.26236120700014, 295.00328466799976, 381.7671293320002, 298.58983833399975, 385.1961673740002, 304.02452279199974, 388.47421983300023, 306.68599920799977, 392.41733041700013, 309.6483727909998, 398.1570153750001, 313.08015858299984, 401.58839925000007, 317.59243620799987, 404.3974900830001, 320.5632089579999, 408.14228512500006, 323.0656594579999, 412.1873394170001, 326.49528729099984, 415.61531437500014, 330.53955933299983, 417.96120354200013, 334.1238464579998, 421.7177541670002, 337.70688274899976, 425.1412280010002, 340.97640124899976]
Final evolution
[[-6.32691961e-02-3.00607804e-02j  1.06062568e-02+6.32649809e-03j
  -1.48551951e-01-8.02190518e-02j  3.15171042e-02+1.84979416e-02j
   1.34608299e-01+6.21012597e-02j -3.04619159e-01-1.47091623e-01j
   3.18118476e-02+2.69371933e-02j -8.03140222e-01-4.24252861e-01j
  -1.28705746e-03-4.51461198e-03j -1.36559096e-03+6.29943831e-03j
  -4.07245398e-03-5.65939248e-03j -4.13230390e-03+1.67878646e-02j
   4.10171829e-03+4.45037074e-03j -9.46327352e-03-9.32647701e-03j
   6.17776567e-04+2.19189629e-03j -2.41569532e-02-2.68791969e-02j]
 [-3.59276707e-02-1.67409659e-02j  7.36783430e-02+3.75494932e-02j
   1.57717877e-02+7.78601768e-03j  2.01092487e-01+1.07736045e-01j
  -4.22169805e-02-2.69457656e-02j -3.00345799e-02-1.12687233e-02j
  -8.57104339e-01-4.45254688e-01j -2.92051489e-02-7.42549953e-03j
  -1.52362714e-03-1.64635112e-04j  2.07363911e-03+3.10294775e-03j
  -4.82601463e-03+1.71400564e-02j  5.94507358e-03+7.34148735e-03j
  -1.04601960e-03-1.76892721e-03j -1.27010693e-03-5.04206296e-04j
  -2.57216987e-02-2.85577945e-02j -1.02639285e-03-1.97638428e-03j]
 [-1.41528437e-02-4.35811252e-03j  1.52787655e-02+7.86139021e-03j
  -9.11263846e-03-5.86745899e-03j  3.19709857e-03+9.97503809e-04j
  -8.46194700e-01-4.42032436e-01j -2.50741406e-01-1.31320350e-01j
   5.68866322e-02+2.62814404e-02j -3.65528015e-02-2.50081186e-02j
  -5.51768885e-03+1.56778680e-02j -1.04800261e-03+5.29518157e-03j
   2.01895568e-05-1.40643722e-03j -2.28846688e-04+8.19715220e-04j
  -2.55140215e-02-2.80165102e-02j -6.54808743e-03-1.08688709e-02j
   1.74562796e-03+1.80399256e-03j -1.07766323e-03-1.25908229e-03j]
 [ 3.43587858e-01+1.83954428e-01j  3.42385001e-02+1.80759747e-02j
  -7.18158638e-02-3.93489580e-02j  1.94765141e-02+1.24882310e-02j
  -2.01782362e-01-1.09097453e-01j  7.18598621e-01+3.78251231e-01j
  -1.07380226e-02-7.49004070e-03j -3.06019955e-01-1.77645115e-01j
   8.88905658e-03+1.56168016e-02j  5.76765161e-03-1.34718381e-02j
  -2.24291830e-03-2.23307461e-03j -1.67065587e-03+6.80007108e-03j
  -6.91555378e-03-6.24973657e-03j  2.14867586e-02+2.38768455e-02j
  -3.14124603e-04-2.46315645e-04j -8.98393851e-03-1.08623071e-02j]
 [ 1.24649034e-01+5.79232798e-02j -3.02513902e-01-1.45025688e-01j
   2.82581192e-02+2.72353142e-02j -7.92561908e-01-4.16709727e-01j
  -7.81114063e-03-7.21778346e-03j -4.60689323e-02-2.00011901e-02j
  -2.15534916e-01-1.08526638e-01j -4.73308372e-02-2.21780656e-02j
   4.05805778e-03+3.44750335e-03j -9.29101866e-03-9.19576435e-03j
   4.12501606e-04+3.82626601e-03j -2.37930003e-02-2.59432417e-02j
  -8.30316804e-04+5.17181651e-04j  6.05860043e-05-3.35682851e-03j
  -6.77899100e-03-6.83438259e-03j  2.92329139e-03-7.15447950e-03j]
 [-4.27528384e-02-2.77057354e-02j -4.03449594e-02-1.57062599e-02j
  -8.70243210e-01-4.49164371e-01j -3.48925275e-02-7.84216808e-03j
  -1.34247436e-03-3.66018802e-04j  5.32001081e-03+2.90921327e-03j
  -3.07449916e-02-1.34904151e-02j  1.60057187e-01+8.23087303e-02j
  -1.16556372e-03-1.69758875e-03j -1.31298281e-03-1.12820429e-03j
  -2.61775698e-02-2.85516226e-02j -1.28403997e-03-1.21557365e-03j
   2.21552237e-04-3.06635828e-04j  3.28583235e-04-8.36871773e-05j
   3.70624644e-03-6.79231206e-03j  4.93362058e-03+5.00467913e-03j]
 [-7.75397237e-01-4.01948154e-01j -2.48325491e-01-1.26929367e-01j
   3.96909039e-02+1.72374238e-02j -3.40867894e-02-2.34901974e-02j
  -8.76788918e-02-4.17702636e-02j  3.26616382e-01+1.68229002e-01j
  -5.69824207e-04-1.35802406e-03j -8.71142150e-02-4.67002462e-02j
  -2.33538453e-02-2.48221159e-02j -6.46992682e-03-1.21031658e-02j
   1.26581362e-03+1.14743817e-03j -1.43859796e-03+1.76754479e-04j
   1.70844242e-03-8.39514030e-03j  1.11457088e-02+9.05300456e-03j
  -2.89990347e-04+3.79558287e-04j -2.36328236e-03-3.18244159e-03j]
 [-2.07067375e-01-1.12240805e-01j  7.90848497e-01+4.14648856e-01j
  -1.29682869e-02-8.15629051e-03j -3.24026200e-01-1.86129234e-01j
  -3.17534359e-03-1.03725079e-03j  6.61284303e-02+3.40506063e-02j
  -3.23505775e-03-3.28136129e-03j -9.15919836e-03-4.88202681e-03j
  -7.08546766e-03-5.40445486e-03j  2.37157546e-02+2.60112737e-02j
   1.05942773e-05-1.09587122e-03j -9.51097462e-03-1.13079963e-02j
   1.07673242e-03-1.52725975e-03j -2.12579545e-03+7.20260628e-03j
  -8.24103630e-06-2.29044061e-04j  1.53525021e-03-2.34932837e-03j]
 [-6.24837695e-03+4.57057025e-04j  1.36708007e-02+1.20864998e-03j
  -2.82549437e-03+1.58781999e-03j  3.65900468e-02+4.35325214e-03j
   1.54592063e-03-2.13166609e-03j -2.21422278e-03+5.06365261e-03j
   1.13175633e-03-3.91284933e-04j -9.06894891e-03+1.31126024e-02j
   1.31386767e-01+6.00123702e-02j -3.11604520e-01-1.49568409e-01j
   2.83860694e-02+2.43923126e-02j -8.18092465e-01-4.30317489e-01j
  -8.40089609e-04-1.33580554e-03j -3.02482186e-02-1.50356680e-02j
  -1.28442797e-02-6.89607279e-03j -1.92575191e-02-1.42437119e-02j]
 [ 2.40857246e-03+8.13332264e-04j  1.84078043e-03-5.92610292e-04j
   3.92294830e-02+4.62551019e-03j  2.24615547e-03-2.24975111e-03j
  -1.97648296e-03+5.43914268e-04j  2.44286757e-03+8.56896782e-04j
  -1.04883228e-02+1.37058727e-02j  1.01658142e-03+9.31270519e-04j
  -5.50082440e-02-3.36138143e-02j -3.82444954e-02-1.50894273e-02j
  -8.80498386e-01-4.56954963e-01j -3.00456694e-02-8.17630078e-03j
   3.00784781e-02+1.50637729e-02j -6.27693884e-02-3.21003323e-02j
  -2.16145097e-03+5.81345307e-04j -2.54575840e-02-2.12733982e-02j]
 [ 3.67843746e-02+4.88053777e-03j  1.16194842e-02+7.18300043e-04j
  -2.50909793e-03-6.53496402e-05j  1.73854043e-03+4.35139156e-04j
  -9.55450989e-03+1.37309482e-02j -1.00721146e-02+3.18022862e-03j
   6.12232054e-04-9.16639727e-04j  2.48627133e-05+5.87124576e-04j
  -8.32851982e-01-4.33193023e-01j -2.49103850e-01-1.29247138e-01j
   5.53797997e-02+2.55783218e-02j -3.77538865e-02-2.56081901e-02j
  -1.64443249e-02-1.24802099e-02j  1.58314684e-01+8.07560627e-02j
   4.90326099e-04+1.98917503e-04j -1.35804274e-02-5.53742151e-03j]
 [ 1.13612103e-02-2.32031737e-03j -3.42481070e-02-4.67723414e-03j
  -1.16653488e-05+1.07399342e-03j  1.43535904e-02+2.19177305e-03j
   5.93454915e-03+4.49720054e-03j  9.60320485e-03-1.16306710e-02j
  -6.10081112e-04+1.88329666e-04j -3.63281299e-03+4.98542252e-03j
  -2.12397408e-01-1.14435247e-01j  7.72308483e-01+4.04665127e-01j
  -1.27289853e-02-8.96336100e-03j -3.14930822e-01-1.81467135e-01j
  -1.89935791e-01-1.04399130e-01j -9.24249300e-03-5.36463786e-03j
   1.04825511e-02+3.38568664e-03j -1.00611795e-02-7.02391551e-03j]
 [-1.88204797e-03-1.08428168e-03j -7.09506990e-05+2.42796796e-03j
   2.57388119e-03-2.12331320e-04j -9.27491526e-04+6.24635761e-03j
   5.75111378e-03+4.91092436e-04j -1.34159650e-02-7.69592590e-04j
  -4.27576276e-04+3.74481467e-03j -3.68507486e-02-4.33596956e-03j
   4.86342546e-02+2.12786491e-02j -1.36309130e-02-4.98022519e-03j
  -5.72825861e-02-2.16109967e-02j -2.27964072e-02-6.75388094e-03j
  -1.30368785e-01-6.20460404e-02j  2.97500912e-01+1.47244212e-01j
  -3.18605363e-02-2.90894967e-02j  8.16014309e-01+4.38430871e-01j]
 [-4.75696580e-04+3.26487112e-04j  5.71141343e-05+3.68623008e-04j
  -1.89409087e-03+6.97082308e-03j  6.29270419e-04+3.00471103e-04j
  -1.96087454e-03-4.59262305e-04j -1.68470169e-03-8.98530615e-05j
  -3.94538314e-02-4.76673918e-03j -7.26623705e-04-1.49345053e-03j
   7.55419503e-03+3.51934657e-03j -2.34360041e-03-2.18548443e-03j
  -3.53034724e-03-1.17477793e-03j -1.45958308e-02-6.49361138e-03j
   4.26719178e-02+2.82136993e-02j  3.95154050e-02+1.58286243e-02j
   8.80000931e-01+4.66650351e-01j  3.65895491e-02+8.78655723e-03j]
 [-7.77473864e-04+5.94323692e-03j -8.23957600e-03+1.05614938e-03j
  -2.67114038e-04-2.68758283e-04j  3.32347470e-03+7.64884392e-04j
  -3.73934450e-02-3.66746854e-03j -8.31066788e-03-5.82142185e-03j
   2.44307941e-03+2.22504969e-04j -2.67292461e-03+8.99862576e-04j
  -1.98591713e-02-5.62486558e-03j  1.72444730e-01+8.92901812e-02j
   5.16841833e-03+3.02304011e-03j -7.68348183e-02-4.17424611e-02j
   8.21361009e-01+4.37529487e-01j  2.52084615e-01+1.31349565e-01j
  -5.57122343e-02-2.68065786e-02j  3.51988827e-02+2.47001306e-02j]
 [ 6.34675623e-03+2.61191352e-03j  1.73270570e-03-6.41400726e-03j
  -2.78353612e-03-3.43591319e-04j -7.43261326e-04+2.67194816e-03j
  -1.01959270e-02-1.07927442e-03j  3.49064942e-02+3.99068862e-03j
  -3.38859180e-04-2.07537928e-04j -1.44632912e-02-2.43119840e-03j
  -1.52883441e-01-8.30034128e-02j  5.87641477e-03+1.95595402e-03j
   6.03512664e-02+3.48294005e-02j -4.19880659e-03-2.08182490e-03j
   2.14689053e-01+1.19177691e-01j -7.71461567e-01-4.15442082e-01j
   1.09163590e-02+7.21954708e-03j  3.16405148e-01+1.86645501e-01j]]

********* Summary *****************
Final fidelity error 0.0623998359302278
Final penalized l2 error 0.00035810779826751424
Final penalized TV regularizer 0.009761172129901697
Final objective value 0.07216100538378424
Final norm value 9.761172129901697
Final l2 value 0.0035810779826751424
Final error 2.6760006660919755e-07
Terminate reason Exceed the maximum number of iteration of ADMM
Number of iterations 100
Completed in 0:10:47.678599 HH:MM:SS.US
Computational time 647.678598667
Time for each iteration [141.831689917, 19.435072624999975, 159.05691600000003, 33.69344208399997, 172.98073770800002, 45.45006587599997, 183.92915987400002, 55.72519895999997, 193.75369537400002, 66.443097835, 202.60599574900004, 74.68417875099999, 211.03037445800004, 83.04379650099997, 218.58968537400006, 90.30989370999998, 225.70237366500004, 97.27131845999997, 232.80993045700006, 102.68391391799997, 238.06831529100003, 107.78530525100001, 244.527407874, 114.39825058500003, 250.35681224899997, 119.71829925100008, 257.26431283299996, 124.19929725100008, 262.17216433299996, 128.80218516700006, 266.929091875, 135.94213895900003, 270.770366791, 140.526264668, 275.817047249, 147.05102212600002, 279.650799916, 152.51807366800006, 282.579586249, 157.09693166800002, 287.444762541, 160.32660145900002, 291.7182575, 163.254394084, 296.444517333, 166.929242542, 300.85654975, 171.48183779200002, 303.921321083, 174.70420741700002, 308.487374083, 177.62681104199999, 312.74305637500004, 180.53891329199996, 317.29314833300003, 183.89496929199998, 321.832450917, 186.80272558299998, 324.895710584, 191.35754170799993, 327.96485008400003, 194.56756408299992, 332.36831483400005, 197.33377149999995, 336.17799470899996, 201.432118666, 339.679014418, 204.646509666, 343.0432135429999, 209.64962079100002, 345.9616977509999, 212.56826774900009, 349.6228046259999, 216.37199499900004, 352.98339979299993, 219.43896170700003, 356.483125585, 222.94260229000002, 359.6925198349999, 227.7830779150001, 362.65843225199984, 230.54600816500016, 365.69707800199984, 233.29842474800017, 368.4497775859998, 236.49096028900016, 371.74004283599976, 239.67723187300015, 375.36827446099977, 242.57278845600018, 378.41228350299974, 245.02813720600017, 381.16017258599976, 248.52076566400018, 384.9422243779998, 251.12604920600012, 387.6993873359998, 253.88253899800014, 390.4543393769998, 257.22425929000013]
