Final evolution
[[ 1.41232108e-01+3.48673809e-02j  3.92822709e-01+3.07389712e-01j
   6.74534240e-02+4.21496947e-02j  2.83083995e-01+2.94702723e-01j
   6.01154207e-02+1.87272136e-02j  1.61748200e-01+1.42995816e-01j
   2.80503097e-02+1.99601955e-02j  1.14664353e-01+1.34668435e-01j
   7.11950300e-03+5.89460295e-03j  1.39929676e-02+2.84361524e-02j
   2.69638199e-03+4.27438392e-03j  8.06332857e-03+2.46803476e-02j
   1.45991768e-01+3.48570869e-02j  4.07725730e-01+3.14041156e-01j
   6.99283706e-02+4.29542492e-02j  2.94402672e-01+3.01819504e-01j]
 [-7.48939313e-02+5.35260288e-02j  8.50350283e-02-5.50700334e-03j
  -6.49924157e-01-4.26962205e-02j  4.96443386e-02+2.91342610e-02j
  -3.37462298e-02+2.11837647e-02j  3.68824005e-02-1.74035422e-04j
  -2.79693981e-01-3.53019812e-02j  2.06933918e-02+1.38749902e-02j
  -5.76368587e-03+9.95335741e-04j  5.01826267e-03+2.03258968e-03j
  -3.60137986e-02-2.03871055e-02j  2.03658155e-03+3.03787053e-03j
  -7.68482254e-02+5.58178430e-02j  8.76911513e-02-6.35453624e-03j
  -6.70895680e-01-3.89103048e-02j  5.14509205e-02+2.96664866e-02j]
 [ 6.37961080e-01+4.87544222e-02j -1.30048349e-01-3.52896188e-02j
  -8.52769028e-02-7.26888800e-02j -1.90161512e-02-5.31644747e-02j
   2.74368194e-01+3.76091938e-02j -5.52725013e-02-1.86196055e-02j
  -3.49589895e-02-3.36169519e-02j -6.83721780e-03-2.34629962e-02j
   3.51619378e-02+2.04035037e-02j -6.46784295e-03-5.60999333e-03j
  -2.87319250e-03-6.51410998e-03j  3.79599615e-04-3.56741076e-03j
   6.58600725e-01+4.52554797e-02j -1.34456287e-01-3.53812027e-02j
  -8.85592984e-02-7.43219927e-02j -2.00404497e-02-5.47019045e-02j]
 [ 6.35603191e-02+1.50178435e-02j  4.07915799e-01-5.15803722e-02j
   6.14653162e-03+1.13411159e-02j -5.18709916e-01-2.69351356e-02j
   2.70719156e-02+8.13685274e-03j  1.77578650e-01-1.17066290e-02j
   2.36150557e-03+5.05935837e-03j -2.23411305e-01-2.50894885e-02j
   3.22267875e-03+2.61425015e-03j  2.47674979e-02+8.31041390e-03j
   3.86246986e-05+8.18707100e-04j -2.89400725e-02-1.58624641e-02j
   6.56970325e-02+1.49918150e-02j  4.20458246e-01-5.64448920e-02j
   6.43138893e-03+1.16525489e-02j -5.35390972e-01-2.36868500e-02j]
 [ 9.19444763e-02+7.00833636e-02j  1.89196124e-01+3.48336864e-01j
   3.58504349e-02+5.20617003e-02j  1.13198972e-01+3.04384145e-01j
  -1.43692676e-01-1.05696796e-01j -3.01058950e-01-5.32404537e-01j
  -5.66796450e-02-7.93724787e-02j -1.82657368e-01-4.66600062e-01j
   2.57919311e-02+1.82635719e-02j  5.50328545e-02+9.33475311e-02j
   1.02941704e-02+1.38787968e-02j  3.38486136e-02+8.20696151e-02j
  -2.84153017e-02-2.73822505e-02j -5.04342536e-02-1.25555238e-01j
  -1.01056817e-02-1.90634002e-02j -2.63972432e-02-1.07660653e-01j]
 [-7.15308531e-02+1.53413951e-02j  6.37394978e-02+2.28756263e-02j
  -4.60349985e-01-2.36655495e-01j  2.69819300e-02+3.69405190e-02j
   1.09948660e-01-2.55527696e-02j -9.89358441e-02-3.36111975e-02j
   7.16433573e-01+3.52964166e-01j -4.25994163e-02-5.62782608e-02j
  -1.93946528e-02+4.87813788e-03j  1.76330861e-02+5.63744029e-03j
  -1.28038646e-01-6.02326373e-02j  7.72611468e-03+9.83290866e-03j
   2.48571221e-02-2.38541089e-03j -2.07107711e-02-1.02656327e-02j
   1.46768157e-01+9.83642533e-02j -7.69407288e-03-1.35872812e-02j]
 [ 4.49712059e-01+2.37289360e-01j -8.36570079e-02-6.68545604e-02j
  -3.91878796e-02-7.99637889e-02j  2.94781121e-03-4.47750740e-02j
  -7.00038804e-01-3.54222400e-01j  1.30822239e-01+1.00934023e-01j
   6.25637523e-02+1.22329980e-01j -3.36769482e-03+6.91536418e-02j
   1.25138489e-01+6.05079648e-02j -2.34968171e-02-1.74610601e-02j
  -1.14738969e-02-2.14694997e-02j  3.75349384e-04-1.22607018e-02j
  -1.43136326e-01-9.81603487e-02j  2.57324876e-02+2.59612155e-02j
   1.01387468e-02+2.86552292e-02j -2.76230243e-03+1.50652984e-02j]
 [ 4.15919528e-02+3.10490746e-02j  3.13717798e-01+9.13890131e-02j
   8.94949054e-04+1.02123948e-02j -3.69667410e-01-1.83670261e-01j
  -6.49835101e-02-4.68043105e-02j -4.86391042e-01-1.32721164e-01j
  -1.64980129e-03-1.57314068e-02j  5.75138272e-01+2.73611953e-01j
   1.16609453e-02+8.08308424e-03j  8.65842284e-02+2.19544755e-02j
   3.42568239e-04+2.78139617e-03j -1.02755658e-01-4.66280964e-02j
  -1.28796707e-02-1.21649445e-02j -1.02770546e-01-4.33374610e-02j
   9.86286119e-05-3.49783081e-03j  1.18107550e-01+7.68289457e-02j]
 [-4.78969611e-02-1.51213104e-02j -1.28591466e-01-1.14558791e-01j
  -2.23149835e-02-1.60074182e-02j -9.10581445e-02-1.07772992e-01j
  -5.12616895e-03+2.51077577e-03j -1.95607338e-02+6.55585328e-04j
  -3.09087260e-03+4.32370510e-04j -1.59406985e-02-1.72853830e-03j
   1.95231368e-01+7.47364192e-02j  5.05751180e-01+5.07930234e-01j
   8.87281873e-02+7.20547939e-02j  3.51503243e-01+4.70402258e-01j
   3.57876830e-02+1.42803762e-02j  9.18936145e-02+9.49241088e-02j
   1.61659028e-02+1.35099413e-02j  6.35627576e-02+8.76076048e-02j]
 [ 2.69836257e-02-1.67956715e-02j -2.94214953e-02+2.67513522e-05j
   2.23003671e-01+2.90101892e-02j -1.64648863e-02-1.11309148e-02j
   9.03386133e-04-3.49725038e-03j -2.41856281e-03+2.30870072e-03j
   2.06219314e-02-1.50955654e-02j -2.22726081e-03+3.74967211e-04j
  -1.16283672e-01+6.30675475e-02j  1.22241076e-01+7.20691349e-03j
  -9.19274374e-01-1.75993663e-01j  6.56363381e-02+5.03397890e-02j
  -2.15948576e-02+1.13218954e-02j  2.25105677e-02+1.64526872e-03j
  -1.68967558e-01-3.48200149e-02j  1.19663478e-02+9.44793886e-03j]
 [-2.18748298e-01-3.08344613e-02j  4.40341076e-02+1.50207554e-02j
   2.77845147e-02+2.69223604e-02j  5.38272756e-03+1.87371295e-02j
  -2.04148335e-02+1.46118728e-02j  4.80046882e-03-2.21622034e-03j
   4.39655698e-03+3.68745577e-05j  1.91176339e-03+1.11962222e-03j
   9.01141263e-01+1.82514331e-01j -1.79207784e-01-7.33578403e-02j
  -1.08736988e-01-1.18762412e-01j -1.77025420e-02-7.91840542e-02j
   1.65608680e-01+3.59747594e-02j -3.28380818e-02-1.39847458e-02j
  -1.97324301e-02-2.21701335e-02j -3.05725484e-03-1.46396788e-02j]
 [-2.15704499e-02-6.57300455e-03j -1.41689463e-01+8.79872268e-03j
  -1.86839094e-03-4.04300911e-03j  1.78138204e-01+2.06926897e-02j
  -2.29000456e-03+1.15022122e-03j -1.09677553e-02+1.18316701e-02j
  -4.70674197e-04-1.86166851e-04j  1.62785644e-02-1.22626587e-02j
   8.79815877e-02+3.26734291e-02j  5.90850973e-01-1.31249487e-03j
   6.75678524e-03+1.72617966e-02j -7.34945314e-01-1.30278357e-01j
   1.61304351e-02+6.24994615e-03j  1.08898340e-01+1.29042308e-03j
   1.20052122e-03+3.19890441e-03j -1.35113927e-01-2.59165579e-02j]
 [ 7.23675572e-02+7.38465836e-02j  1.22673663e-01+3.32618049e-01j
   2.50376063e-02+5.06859219e-02j  6.10615309e-02+2.83948509e-01j
   8.11396401e-02+7.30798756e-02j  1.51190016e-01+3.42537728e-01j
   2.97261834e-02+5.17801854e-02j  8.30438019e-02+2.95289058e-01j
   3.68498848e-02+3.99738973e-02j  5.91367170e-02+1.76786908e-01j
   1.23458316e-02+2.70414488e-02j  2.75356114e-02+1.50218230e-01j
  -1.09839835e-01-1.00526388e-01j -2.02425199e-01-4.68694038e-01j
  -3.99689655e-02-7.09254547e-02j -1.10021193e-01-4.03529765e-01j]
 [-6.52809823e-02+4.38330827e-03j  5.34726868e-02+2.84394637e-02j
  -3.77016360e-01-2.68628198e-01j  1.91321702e-02+3.61628209e-02j
  -6.85233834e-02+8.91493058e-03j  5.82356951e-02+2.64598958e-02j
  -4.15079375e-01-2.58354863e-01j  2.25459375e-02+3.68600867e-02j
  -3.43808587e-02+1.25606119e-03j  2.76478424e-02+1.58054796e-02j
  -1.93841664e-01-1.47237066e-01j  9.47512920e-03+1.93135892e-02j
   9.35286631e-02-1.14108138e-02j -7.91169250e-02-3.67110288e-02j
   5.63153788e-01+3.56778477e-01j -3.03408370e-02-5.05038342e-02j]
 [ 3.67519698e-01+2.67821786e-01j -6.54477021e-02-6.99236170e-02j
  -2.44048486e-02-7.58098963e-02j  8.36446233e-03-3.92496291e-02j
   4.05016030e-01+2.58129578e-01j -7.35874460e-02-6.93999599e-02j
  -3.07119984e-02-7.83046307e-02j  6.23479874e-03-4.19227292e-02j
   1.88863332e-01+1.46660813e-01j -3.32758952e-02-3.78009965e-02j
  -1.16100386e-02-4.02360019e-02j  5.02614747e-03-2.04946530e-02j
  -5.49434844e-01-3.56361933e-01j  9.95823963e-02+9.54267383e-02j
   4.10248585e-02+1.07102305e-01j -8.95677749e-03+5.70939685e-02j]
 [ 3.28201889e-02+3.28265513e-02j  2.65911185e-01+1.21210511e-01j
  -5.20639702e-04+9.15360234e-03j -3.03567832e-01-2.10076663e-01j
   3.67548021e-02+3.24428985e-02j  2.88267051e-01+1.10273125e-01j
   5.33764139e-05+9.68293081e-03j -3.33806492e-01-2.01468389e-01j
   1.67228508e-02+1.77797917e-02j  1.37812764e-01+6.79738021e-02j
  -4.20549536e-04+4.80261257e-03j -1.56178162e-01-1.15284621e-01j
  -4.97626594e-02-4.46354110e-02j -3.91854275e-01-1.53490523e-01j
   3.24552959e-05-1.32032764e-02j  4.52956286e-01+2.78330377e-01j]]

********* Summary *****************
Final fidelity error 0.36060408812512634
Final penalized l2 error 3.7668097817481246e-05
Final penalized TV regularizer 0.00017910614449056557
Final objective value 0.360783186106703
Final norm value 17.910614449056556
Final l2 value 3.766809781748125e-06
Final error 1.6213259335935554e-09
Terminate reason Exceed the maximum number of iteration of ADMM
Number of iterations 100
Completed in 0:49:38.853553 HH:MM:SS.US
Computational time 2978.853553292
Time for each iteration [411.034717792, 70.56014733299997, 468.99538891700007, 117.27147733299995, 512.3214961250001, 151.402855917, 541.188657208, 181.65572866700006, 568.446354708, 209.78841654200005, 595.819740625, 234.57162566700003, 620.626579541, 260.0681577920001, 645.4361510829999, 291.37880095900016, 669.1163724159999, 318.6247080420002, 696.9140905829998, 344.68171233400005, 726.4296147909998, 369.28282308400014, 750.0075945409998, 391.0709353760002, 776.6465871659997, 417.94216129200015, 799.8387462499999, 444.56924508300006, 826.5591422089998, 471.04201066600024, 852.6246021259998, 499.3298221660001, 882.5432980839997, 526.1453159580002, 907.4277854589997, 550.7068311660001, 934.8339774589998, 577.4055769580001, 963.2742274999997, 601.9815003750001, 990.3378001669997, 626.0953464160001, 1017.7739293759997, 653.6904251240002, 1043.9626776259997, 679.7211593740001, 1070.2723188339999, 707.012201708, 1095.1265327499998, 730.4621604170002, 1119.1290686249997, 755.7866887920002, 1145.5853538329998, 782.393513875, 1175.0059468749998, 806.1122224170001, 1200.3323483329998, 831.7906887500001, 1226.0833204579997, 857.7738500000003, 1251.9013779169998, 882.471872541, 1278.4990867089998, 906.808797291, 1304.9501055009998, 930.6993462910002, 1328.7468576259996, 958.3922621240001, 1352.4842420009998, 983.0800960410004, 1377.1700185419998, 1006.7621410000004, 1401.3888689999997, 1034.1875862500003, 1422.1106740829998, 1055.5815020000002, 1445.2569135419997, 1079.853779666, 1470.349119542, 1102.669551541, 1488.499151417, 1124.4427705, 1510.3686180419998, 1145.046343791, 1536.348616251, 1167.2706408319998, 1557.8509420430003, 1187.7961764989998, 1581.563634293, 1206.069097665, 1602.4594032929997, 1226.307442124, 1621.0240860839997, 1245.438016541, 1647.640748001, 1263.582217541, 1663.2184797089997, 1281.5829892080003, 1679.4921058749994, 1299.3614474170006]
