Final evolution
[[6.36636234e-03-2.18668299e-04j 3.38997948e-04-9.99979652e-01j
  1.69784116e-05-9.34077150e-07j 3.16749046e-05+5.92262266e-08j]
 [3.14570393e-04-9.99979660e-01j 6.36621815e-03+2.22830320e-04j
  3.45879423e-05-5.45043439e-06j 1.69938698e-05-8.01850241e-07j]
 [1.69705541e-05+1.25554364e-06j 3.16608232e-05+2.14875414e-07j
  6.36660823e-03-2.11318396e-04j 1.49344146e-03-9.99978595e-01j]
 [3.45640343e-05+5.72817584e-06j 1.69256118e-05+1.38521386e-06j
  1.46901364e-03-9.99978631e-01j 6.36595416e-03+2.30179752e-04j]]

********* Summary *****************
Final fidelity error 2.0456763749288065e-05
Final penalized l2 error 5.366555085718176e-08
Final penalized TV regularizer 0.0032043125316620915
Final objective value 0.003224769295377851
Final norm value 3.2043125316620915
Final l2 value 5.366555085718176e-08
Final error 9.583208418877882e-05
Terminate reason Exceed the maximum number of iteration of ADMM
Number of iterations 50
Completed in 0:31:17.015536 HH:MM:SS.US
Computational time 1877.015535834
Time for each iteration [264.817265459, 6.337410250000005, 370.694447792, 191.01697583299995, 407.04892462600003, 212.09095379099995, 494.47187675099997, 258.182531166, 520.526693293, 406.22464270699993, 581.396358877, 441.73314095700005, 684.818325585, 465.35764120700003, 746.596582085, 508.99424579000004, 774.537060002, 525.2166906650001, 787.0291552099999, 586.8279537070001, 827.609974377, 609.3324887480002, 840.9174692519999, 661.1434071230002, 848.3364783359999, 688.1376611640002, 869.6622056699999, 723.6628896640001, 888.676743586, 736.2397394139999, 897.5353735030002, 755.1851647889999, 917.6085446700002, 766.6584408719999, 926.2494119200002, 772.9852142049998, 931.7337663790003, 776.8579791629999, 935.6028412960003, 780.7456602459998, 939.7774197540003, 813.8511742879997, 971.3467191710005, 819.4401200789997, 975.2083612130003, 823.5723031209997, 1004.3967928790004, 841.7708194959997, 1011.8026604210003, 865.2128754129998]
