Final evolution
[[0.46440827-0.04009023j 0.        +0.j         0.        +0.j
  0.06541911-0.88229138j 0.        +0.j         0.        +0.j
  0.        +0.j         0.        +0.j         0.        +0.j
  0.        +0.j         0.        +0.j         0.        +0.j
  0.        +0.j         0.        +0.j         0.        +0.j
  0.        +0.j        ]
 [0.        +0.j         0.46008297+0.03445672j 0.06622886-0.88473167j
  0.        +0.j         0.        +0.j         0.        +0.j
  0.        +0.j         0.        +0.j         0.        +0.j
  0.        +0.j         0.        +0.j         0.        +0.j
  0.        +0.j         0.        +0.j         0.        +0.j
  0.        +0.j        ]
 [0.        +0.j         0.06622483-0.88473197j 0.46008551+0.03442275j
  0.        +0.j         0.        +0.j         0.        +0.j
  0.        +0.j         0.        +0.j         0.        +0.j
  0.        +0.j         0.        +0.j         0.        +0.j
  0.        +0.j         0.        +0.j         0.        +0.j
  0.        +0.j        ]
 [0.06666226-0.88219832j 0.        +0.j         0.        +0.j
  0.45326433+0.10878286j 0.        +0.j         0.        +0.j
  0.        +0.j         0.        +0.j         0.        +0.j
  0.        +0.j         0.        +0.j         0.        +0.j
  0.        +0.j         0.        +0.j         0.        +0.j
  0.        +0.j        ]
 [0.        +0.j         0.        +0.j         0.        +0.j
  0.        +0.j         0.46606998-0.00781314j 0.        +0.j
  0.        +0.j         0.12639939-0.87563744j 0.        +0.j
  0.        +0.j         0.        +0.j         0.        +0.j
  0.        +0.j         0.        +0.j         0.        +0.j
  0.        +0.j        ]
 [0.        +0.j         0.        +0.j         0.        +0.j
  0.        +0.j         0.        +0.j         0.45658941+0.0662549j
  0.12737629-0.87801576j 0.        +0.j         0.        +0.j
  0.        +0.j         0.        +0.j         0.        +0.j
  0.        +0.j         0.        +0.j         0.        +0.j
  0.        +0.j        ]
 [0.        +0.j         0.        +0.j         0.        +0.j
  0.        +0.j         0.        +0.j         0.1273723 -0.87801634j
  0.4565943 +0.06622119j 0.        +0.j         0.        +0.j
  0.        +0.j         0.        +0.j         0.        +0.j
  0.        +0.j         0.        +0.j         0.        +0.j
  0.        +0.j        ]
 [0.        +0.j         0.        +0.j         0.        +0.j
  0.        +0.j         0.12763311-0.87545846j 0.        +0.j
  0.        +0.j         0.44463681+0.1399299j  0.        +0.j
  0.        +0.j         0.        +0.j         0.        +0.j
  0.        +0.j         0.        +0.j         0.        +0.j
  0.        +0.j        ]
 [0.        +0.j         0.        +0.j         0.        +0.j
  0.        +0.j         0.        +0.j         0.        +0.j
  0.        +0.j         0.        +0.j         0.46606852-0.00789961j
  0.        +0.j         0.        +0.j         0.12623692-0.87566088j
  0.        +0.j         0.        +0.j         0.        +0.j
  0.        +0.j        ]
 [0.        +0.j         0.        +0.j         0.        +0.j
  0.        +0.j         0.        +0.j         0.        +0.j
  0.        +0.j         0.        +0.j         0.        +0.j
  0.4566017 +0.06617018j 0.12721338-0.87803938j 0.        +0.j
  0.        +0.j         0.        +0.j         0.        +0.j
  0.        +0.j        ]
 [0.        +0.j         0.        +0.j         0.        +0.j
  0.        +0.j         0.        +0.j         0.        +0.j
  0.        +0.j         0.        +0.j         0.        +0.j
  0.12720939-0.87803996j 0.45660658+0.06613647j 0.        +0.j
  0.        +0.j         0.        +0.j         0.        +0.j
  0.        +0.j        ]
 [0.        +0.j         0.        +0.j         0.        +0.j
  0.        +0.j         0.        +0.j         0.        +0.j
  0.        +0.j         0.        +0.j         0.12747067-0.87548213j
  0.        +0.j         0.        +0.j         0.44466276+0.1398474j
  0.        +0.j         0.        +0.j         0.        +0.j
  0.        +0.j        ]
 [0.        +0.j         0.        +0.j         0.        +0.j
  0.        +0.j         0.        +0.j         0.        +0.j
  0.        +0.j         0.        +0.j         0.        +0.j
  0.        +0.j         0.        +0.j         0.        +0.j
  0.46549561+0.02441515j 0.        +0.j         0.        +0.j
  0.18661157-0.86480857j]
 [0.        +0.j         0.        +0.j         0.        +0.j
  0.        +0.j         0.        +0.j         0.        +0.j
  0.        +0.j         0.        +0.j         0.        +0.j
  0.        +0.j         0.        +0.j         0.        +0.j
  0.        +0.j         0.45091896+0.09765091j 0.1877505 -0.86711369j
  0.        +0.j        ]
 [0.        +0.j         0.        +0.j         0.        +0.j
  0.        +0.j         0.        +0.j         0.        +0.j
  0.        +0.j         0.        +0.j         0.        +0.j
  0.        +0.j         0.        +0.j         0.        +0.j
  0.        +0.j         0.18774655-0.86711454j 0.45092616+0.09761761j
  0.        +0.j        ]
 [0.        +0.j         0.        +0.j         0.        +0.j
  0.        +0.j         0.        +0.j         0.        +0.j
  0.        +0.j         0.        +0.j         0.        +0.j
  0.        +0.j         0.        +0.j         0.        +0.j
  0.18782996-0.86454476j 0.        +0.j         0.        +0.j
  0.43390333+0.17032372j]]

********* Summary *****************
Final fidelity error 0.11638374307910493
Final penalized l2 error 0.10411592380682969
Final penalized TV regularizer 3.91274880617211e-05
Final objective value 0.11642282445336642
Final norm value 3.912748806172109
Final l2 value 1.0411592380682968
Final error 7.553584353364975e-37
Terminate reason Exceed the maximum number of iteration of ADMM
Number of iterations 100
Completed in 0:04:40.711650 HH:MM:SS.US
Computational time 280.711650208
Time for each iteration [43.300303708, 14.677930292, 53.930873625000004, 22.228141749999992, 60.31804758300001, 26.781526916999994, 64.47568795800001, 31.342899666999998, 68.61742475, 34.67629087500001, 71.841814917, 37.605354000000005, 74.0510255, 40.12370225000001, 76.56692983299999, 42.65502783400001, 79.08855299899999, 45.277390959000016, 81.60483091599998, 47.798189126000025, 83.72473008199997, 50.01283829300003, 86.33405228999997, 52.666722293000035, 88.44602228999996, 54.78176487700004, 90.55767345599996, 56.99893404400005, 92.66908987299995, 59.20587687700005, 94.68088591499996, 61.21581675200004, 96.69707024799997, 63.42908554400002, 99.00950587299998, 65.63645871000001, 101.13772262299999, 67.651332377, 103.15597741500001, 69.56612891799999, 104.958763749, 71.97355391800001, 106.97825374899999, 73.89563025100001, 108.88370974899998, 75.90606783400001, 110.793896041, 77.708795876, 112.802649666, 79.61562570900001, 114.71617820799999, 81.52403141700002, 116.53163245799998, 83.43253962500002, 118.33574012499999, 85.23790154200002, 120.44765245799998, 87.36066612500001, 122.354302167, 89.280723291, 124.256017167, 91.19056004100001, 126.16618604199998, 93.10141416600003, 128.07749158399997, 95.00531099900002, 129.89381675099997, 97.01327270700003, 131.91149729299997, 99.12847324900002, 133.83000041799997, 100.93399516500003, 135.84100891799997, 102.84082620700002, 137.75298850099998, 104.77625749900002, 139.66267658399997, 106.77838387400004, 141.67740050099997, 108.68488220700004, 143.48071054299993, 110.59091391500004, 144.96221920999994, 112.07648483200006, 146.44119000099994, 113.56131562400009, 147.91802987599993, 115.04732137400009, 149.3937625009999, 116.52107245700012, 150.87519358499986, 118.00180320700014, 152.35548054299989, 119.48059445700011, 153.8341901679999, 120.96361287400009, 155.3105485839999, 122.44325820800009, 156.7913835419999, 123.92026666600009]
