Final evolution
[[ 3.08135139e-02-6.05950467e-03j  1.30816781e-02-4.89967359e-02j
  -6.41638243e-02+6.20024867e-02j  6.79442675e-01-3.32813129e-01j
   4.53761267e-03+2.35989864e-04j  6.59515684e-04-8.53821600e-03j
  -9.48509009e-03+1.13003352e-02j  1.05700270e-01-7.68553359e-02j
   7.60265748e-05+1.84783335e-03j  2.68587139e-03+1.29660007e-03j
  -2.89784478e-03-4.36450468e-03j  1.16864900e-02+4.28323382e-02j
   2.54962185e-02-5.09912825e-03j  1.05408558e-02-4.04406372e-02j
  -5.26403017e-02+5.14453552e-02j  5.58271895e-01-2.77784337e-01j]
 [-1.24917693e-02+4.50196513e-02j -3.06946147e-02+1.65630321e-02j
   7.16739304e-01-2.47467506e-01j  9.15737068e-02-2.87499537e-03j
  -2.74433223e-03+5.07283506e-03j -5.06534204e-03+3.39904532e-03j
   9.62006341e-02-1.15766794e-02j  1.21412528e-02+1.04431470e-03j
  -2.53440970e-03-1.14505525e-03j -6.24164223e-04-1.94040821e-03j
   7.96876252e-03+4.43326346e-02j -7.03274082e-04+5.38793197e-03j
  -1.02674072e-02+3.72630434e-02j -2.52366618e-02+1.38262870e-02j
   5.92517975e-01-2.06004221e-01j  7.56929434e-02-2.59032484e-03j]
 [-6.76233392e-02+6.15577103e-02j  6.85227838e-01-3.20366131e-01j
   3.36305412e-02-9.50155801e-03j -4.01890092e-02-2.35768165e-02j
  -1.00197883e-02+1.11551458e-02j  1.07063545e-01-7.49231792e-02j
   4.93375402e-03-5.15809922e-04j -7.64401035e-03-2.64292759e-03j
  -2.83943583e-03-4.56014268e-03j  1.09048175e-02+4.30282907e-02j
   2.40825061e-04+2.04799726e-03j  1.80796557e-03-2.05420675e-03j
  -5.55039844e-02+5.10907357e-02j  5.63103015e-01-2.67556164e-01j
   2.77953154e-02-7.95241708e-03j -3.32340270e-02-1.92170829e-02j]
 [ 7.21258381e-01-2.34471337e-01j  8.94049749e-02-1.46960502e-04j
   4.35869636e-02+2.61516123e-02j -2.62636090e-02+1.70726704e-02j
   9.64137810e-02-9.84825038e-03j  1.17583140e-02+1.50864356e-03j
   4.76837693e-03+4.21155854e-03j -4.52201172e-03+3.67291805e-03j
   7.16413952e-03+4.44790892e-02j -8.38019479e-04+5.23594244e-03j
  -1.94042748e-03+2.31918353e-03j -6.91961271e-04-1.68553202e-03j
   5.96278661e-01-1.95260645e-01j  7.39146204e-02-3.25467843e-04j
   3.60918621e-02+2.15536996e-02j -2.15642873e-02+1.42406499e-02j]
 [-1.43723090e-03+4.39614083e-03j  1.17273139e-03-6.37369465e-03j
  -7.17809056e-03+4.84260743e-03j  9.32833342e-02-4.55217580e-02j
   3.38503083e-02-3.28850889e-02j -1.72772002e-02+5.94612329e-02j
   6.25268437e-02-3.71988618e-02j -9.31260211e-01+3.17345414e-01j
  -1.39009818e-03-9.68114009e-04j  2.21773819e-03+3.55490460e-04j
  -1.62857286e-03-2.15308498e-03j  1.57647007e-02+3.21025748e-02j
  -2.94924760e-03+1.19338534e-03j  4.55806846e-03-3.61259703e-03j
  -7.68654900e-03-3.04079883e-04j  8.83031800e-02+2.41718175e-02j]
 [-1.60503579e-03-5.61781869e-03j -4.40477564e-03+4.29085335e-04j
  -4.94248222e-02+7.45490373e-02j -3.76110565e-03+5.27405135e-03j
  -1.56062624e-02+6.38875881e-02j  3.82294384e-02+2.36612727e-03j
   8.91295667e-01-4.26585141e-01j  6.79891195e-02-1.68706662e-02j
   2.31859663e-03+1.04585649e-04j -9.93969031e-05-1.41415848e-03j
  -2.10079320e-02-2.79359226e-02j -1.11625677e-03-2.20172491e-03j
   2.55625943e-03-3.06899097e-03j -3.12897098e-03-2.03873114e-03j
  -5.95123395e-02+1.48958196e-03j -3.55050595e-03-8.01639122e-05j]
 [-7.14415534e-03+4.42958088e-03j  9.41265930e-02-4.38342205e-02j
  -7.92892115e-04+3.76011452e-03j -6.09331102e-03-2.92699508e-03j
   6.05989527e-02-3.41066477e-02j -9.37265763e-01+3.00387566e-01j
   2.63335127e-02-2.80405093e-02j  5.50136353e-02+3.55941006e-02j
  -1.50295522e-03-2.10526707e-03j  1.51817731e-02+3.23973112e-02j
  -1.17795217e-03-7.24215484e-04j  1.02219658e-03-2.14094484e-03j
  -7.48094843e-03-4.95029460e-04j  8.78727961e-02+2.57848610e-02j
  -2.18180773e-03+1.18775425e-03j -2.26857795e-03-5.55369420e-03j]
 [-5.07479053e-02+7.36100422e-02j -4.19906550e-03+5.28938283e-03j
  -5.46379672e-03+1.19417171e-04j -5.09029075e-03+9.38236087e-04j
   8.98599117e-01-4.10066902e-01j  7.15025996e-02-1.59330945e-02j
   5.36231379e-02+3.14933620e-02j  4.70396559e-02+7.30924147e-04j
  -2.04864211e-02-2.83036807e-02j -1.10241069e-03-2.33699209e-03j
   7.12105075e-04-2.06956242e-03j -2.15109424e-04-1.71285285e-03j
  -5.94971763e-02+4.05641781e-04j -3.82025147e-03-2.80871081e-04j
  -2.03600471e-03-2.99034825e-03j -3.71697378e-03-2.18879438e-03j]
 [ 2.32631213e-03-1.32410278e-03j -2.12542771e-03-5.64512748e-03j
  -2.39510008e-03+9.82502120e-03j  4.46992760e-02-7.96404743e-02j
  -7.53951401e-07+1.46760599e-03j  2.20679726e-03+8.83640578e-04j
  -2.48447853e-03-3.37833239e-03j  1.17341732e-02+3.36346731e-02j
  -3.99239765e-02+8.13455117e-03j -1.64429131e-02+6.35793837e-02j
   8.24995784e-02-8.09639723e-02j -8.76436843e-01+4.37981794e-01j
  -3.88119810e-03-1.35530239e-03j -2.47153711e-03+6.30383487e-03j
   1.00227303e-02-6.51061079e-03j -9.75889527e-02+3.44419187e-02j]
 [ 5.83188410e-04+3.46258630e-03j -2.12972599e-03+3.54032256e-03j
   4.28965153e-02-4.06743860e-02j  6.79801699e-03-3.83760790e-03j
  -1.90706925e-03-9.57648150e-04j -5.88201863e-04-1.54722534e-03j
   4.85801417e-03+3.44456891e-02j -6.16465857e-04+4.17017887e-03j
   1.58372698e-02-5.84927191e-02j  3.95927811e-02-2.17766148e-02j
  -9.27572840e-01+3.26908563e-01j -1.18709606e-01+4.51666388e-03j
   3.93181435e-03-3.63454139e-03j  4.69314032e-03-1.50681065e-03j
  -8.71958023e-02-1.78839792e-02j -9.90242283e-03-4.36191971e-03j]
 [-2.72772482e-03+9.90802420e-03j  4.61324712e-02-7.88088509e-02j
   2.38203590e-03-1.91155307e-03j -5.67387010e-03+5.21970369e-04j
  -2.43526400e-03-3.53575314e-03j  1.11204840e-02+3.38353532e-02j
   1.48458749e-04+1.61890049e-03j  1.31909444e-03-1.74959271e-03j
   8.69906455e-02-8.04202663e-02j -8.84056173e-01+4.21923154e-01j
  -4.35333769e-02+1.26220398e-02j  5.22803496e-02+3.01128426e-02j
   1.04341141e-02-6.26181229e-03j -9.81839913e-02+3.26695322e-02j
  -4.33325457e-03-8.68684287e-04j  5.16618347e-03+3.70722785e-03j]
 [ 4.36357552e-02-3.99082478e-02j  6.70872098e-03-3.45820722e-03j
   3.95477185e-03+3.04314048e-04j -1.79592931e-03+3.49119443e-03j
   4.23396388e-03+3.45350358e-02j -7.29466804e-04+4.04827462e-03j
  -1.54839486e-03+1.73291218e-03j -6.54386965e-04-1.35121479e-03j
  -9.33541185e-01+3.10089790e-01j -1.15926312e-01+9.58120771e-04j
  -5.67408029e-02-3.35558374e-02j  3.38378928e-02-2.24011429e-02j
  -8.68741398e-02-1.94539788e-02j -9.49082031e-03-4.64856424e-03j
  -2.86026560e-03-5.07040739e-03j  4.27310877e-03-1.89347682e-03j]
 [ 2.15177232e-02-2.10521534e-02j -1.09275769e-02+3.78544350e-02j
   3.97687736e-02-2.36901411e-02j -5.92337482e-01+2.02998577e-01j
   1.72774649e-03+1.27322464e-03j -2.80027726e-03-2.35513669e-04j
   2.21237034e-03+2.40435238e-03j -2.23599715e-02-3.85729015e-02j
   2.99640385e-03-4.23432965e-03j -3.75918222e-03+7.33512508e-03j
   1.04816963e-02-3.68919527e-03j -1.29263432e-01+2.14211863e-02j
  -2.59235680e-02+2.55324270e-02j  1.29784577e-02-4.60257996e-02j
  -4.80428527e-02+2.91505646e-02j  7.17135552e-01-2.50753408e-01j]
 [-9.77963162e-03+4.07831807e-02j  2.43447058e-02+1.48029678e-03j
   5.67338832e-01-2.74489704e-01j  4.33524118e-02-1.09864921e-02j
  -3.00642257e-03-2.30740402e-04j  2.30326670e-04+1.70408361e-03j
   2.58331060e-02+3.71550911e-02j  1.22481054e-03+2.97109518e-03j
  -3.43768343e-04+6.39333639e-03j  5.45259641e-03+9.19504764e-04j
   7.68004620e-02-5.99845568e-02j  5.23303465e-03-4.10633718e-03j
   1.17191502e-02-4.93388263e-02j -2.95254090e-02-1.57870606e-03j
  -6.85062533e-01+3.33280631e-01j -5.23063245e-02+1.33096572e-02j]
 [ 3.85431795e-02-2.17133025e-02j -5.96178680e-01+1.92213142e-01j
   1.67383360e-02-1.79565233e-02j  3.50543869e-02+2.25854587e-02j
   2.06140833e-03+2.34171440e-03j -2.16591737e-02-3.89904412e-02j
   1.44761577e-03+9.79334012e-04j -1.09826380e-03+2.76507234e-03j
   1.03258254e-02-3.24257458e-03j -1.29671066e-01+1.90728952e-02j
   2.00505565e-03-3.72336674e-03j  6.27737532e-03+5.78170108e-03j
  -4.65751303e-02+2.67563141e-02j  7.21876537e-01-2.37695663e-01j
  -2.01499319e-02+2.17487365e-02j -4.26954515e-02-2.71525506e-02j]
 [ 5.72041831e-01-2.63974292e-01j  4.55933006e-02-1.03914257e-02j
   3.42892246e-02+1.99339369e-02j  2.99589900e-02+4.17539161e-04j
   2.51398162e-02+3.76070337e-02j  1.21219141e-03+3.13274253e-03j
  -1.03362568e-03+2.66116650e-03j  3.70697456e-04+2.08757005e-03j
   7.78389364e-02-5.85548576e-02j  5.74890299e-03-3.99371862e-03j
   5.61833020e-03+1.79993303e-03j  6.36636894e-03+6.10169470e-04j
  -6.90774602e-01+3.20581027e-01j -5.50221632e-02+1.26092267e-02j
  -4.14950955e-02-2.40229710e-02j -3.63105260e-02-2.71428443e-04j]]

********* Summary *****************
Final fidelity error 0.2077924489130637
Final penalized l2 error 0.00048310426701268723
Final penalized TV regularizer 0.06949273011345093
Final objective value 0.2772851752037724
Final norm value 6.949273011345093
Final l2 value 0.004831042670126872
Final error 1.0949745586701055e-06
Terminate reason Exceed the maximum number of iteration of ADMM
Number of iterations 100
Completed in 0:19:04.668140 HH:MM:SS.US
Computational time 1144.668139625
Time for each iteration [170.942524209, 108.19791562499995, 259.37256141700004, 195.84996954199994, 343.3162161250001, 288.951517084, 421.677951666, 312.76322179300007, 442.9267535409999, 326.63276904300005, 454.24054816599994, 336.46537279300014, 464.31461945699994, 343.06965641800014, 470.56653229099993, 351.48380158400005, 477.992567666, 357.690198043, 485.407133499, 363.80077746000006, 491.218593832, 370.80882066800007, 495.52009691599994, 376.8408616260001, 500.1215699989999, 383.02190429300015, 503.8297919569999, 388.4890256680002, 507.9612942489998, 393.9368149600002, 511.6620771239998, 399.57155041800024, 514.7938642909997, 403.4510449180003, 520.5751689569997, 406.76615841800026, 524.6537806239998, 411.3982796260003, 528.2305552079997, 415.12752370900034, 533.5188824159997, 418.85035729300034, 537.2538094159997, 423.73638154300033, 540.8928443739997, 427.41349733500033, 545.2898576649997, 431.19838633500035, 549.0821165399997, 434.71814229400036, 552.7196630809997, 438.2117952110003, 556.5253899559997, 442.0067744610003, 560.9276705389997, 445.2647760860003, 564.7136949979997, 448.7691474190003, 568.2211998309997, 452.64386683600037, 572.3274068309997, 455.97948900300025, 576.2172416639999, 459.6711177950001, 580.0049442889999, 464.07012667000004, 583.396054289, 468.05988454500016, 586.7087973719999, 471.306756337, 590.543426747, 474.56846071199993, 593.499948247, 478.567228378, 596.1933818310001, 481.60516546099984, 599.1520544980001, 484.547865086, 601.506692956, 487.3413204609999, 604.9120007060001, 490.068438003, 607.265913664, 493.16457629499996, 610.192085789, 496.102736628, 613.123059581, 498.45324616900007, 615.7670329559999, 501.37507108600016, 618.1680515389999, 503.7212825030001, 621.2518760809999, 506.06911916900026, 624.1935399559998, 509.14736800300034, 627.1304257889997, 512.2366090450003, 629.4731569549997, 515.1949826700004]
