Final evolution
[[ 3.27288172e-03+2.64347802e-02j -1.15967076e-02-6.44953220e-02j
  -2.91536481e-02-1.16583585e-02j -1.18736475e-02-1.58293191e-01j
  -2.15991922e-02-1.57811440e-01j  5.06124031e-02+3.59359998e-01j
   3.03869400e-02-6.03466482e-02j  4.68957054e-02+8.94606909e-01j
  -5.16097569e-03+6.32855787e-04j  1.15092495e-02-1.75143723e-03j
  -3.44765866e-03-2.34708897e-03j  2.88495324e-02-1.65081642e-03j
  -1.61962262e-03-9.66046639e-03j  3.80293589e-03+2.19540394e-02j
   1.87729210e-03-4.00120486e-03j  4.59610964e-03+5.48338074e-02j]
 [-9.08902530e-04+3.94915860e-03j  2.42462562e-03-3.86534115e-02j
  -1.36910266e-02-1.65737046e-01j  1.45868348e-02-7.42765122e-02j
  -1.05583936e-02+4.99871986e-02j  2.14446153e-02+5.65916823e-02j
   5.65445995e-02+9.73980075e-01j  3.91994042e-02+2.80083326e-02j
   1.46165668e-03+1.12834329e-03j  2.20510912e-03-2.47903457e-03j
   3.14250580e-02-1.56793204e-03j  2.19677678e-03-5.57537577e-03j
  -6.58571510e-04+3.09571827e-03j  1.66420204e-03+3.42348493e-03j
   5.28947461e-03+5.97035181e-02j  3.04965931e-03+1.66713687e-03j]
 [-1.72463082e-02-1.69546275e-01j  2.21314107e-02-2.98227167e-02j
   9.57760922e-04+1.06505288e-02j -1.00453970e-02-1.84769334e-02j
   5.08536324e-02+9.35129594e-01j -1.02039859e-02+2.83833603e-01j
  -7.90898332e-03-6.48940574e-02j  6.34793107e-03+4.82858028e-02j
   2.98751625e-02-2.03510475e-03j  1.04943001e-02+1.54056371e-03j
  -2.13587082e-03+2.15133175e-04j  1.01161487e-03-8.22388525e-04j
   4.93997862e-03+5.72692690e-02j -1.99494522e-04+1.76557330e-02j
  -6.05109755e-04-3.97626300e-03j  5.42334526e-04+2.86290172e-03j]
 [ 1.46698620e-02-1.11852270e-01j  1.43343215e-02+1.30023277e-01j
  -5.11498255e-04+1.19253344e-04j  3.06275174e-03-7.25671843e-02j
   4.33138656e-02+2.24589929e-01j -3.27513127e-02-8.66621775e-01j
  -3.94342120e-03+2.94537400e-02j -1.22985759e-02+3.93397497e-01j
   8.63444979e-03-5.90988195e-03j -2.76482048e-02-2.57354246e-04j
   8.86293505e-04+4.53988596e-04j  1.28415478e-02+1.59845465e-04j
   3.70506090e-03+1.37381930e-02j -3.48018177e-03-5.31521234e-02j
  -2.29194470e-04+1.81764653e-03j  2.72524950e-05+2.41891753e-02j]
 [-2.18684160e-02-1.58886166e-01j  4.35343322e-02+3.58861450e-01j
  -1.38979212e-02-7.00635612e-02j  3.48407384e-02+8.93479420e-01j
  -3.20015696e-03-2.37563032e-02j  1.06850101e-02+6.69305388e-02j
   2.84356664e-02+6.08101695e-02j  9.51386227e-03+1.58267344e-01j
  -2.24866102e-03-9.96116626e-03j  5.18526714e-03+2.25339963e-02j
   1.39024752e-03-4.59202797e-03j  7.90661301e-03+5.66118440e-02j
   9.91800712e-04-1.97217966e-03j -2.03118236e-03+5.22640426e-03j
   2.31126614e-03+3.48593084e-03j -6.27258471e-03+1.19263776e-02j]
 [-4.24691610e-03+4.71281131e-02j  5.10003836e-03+6.33861285e-02j
   4.82906450e-02+9.77145112e-01j -1.13137143e-03+4.15754165e-02j
   2.41022509e-03+3.88488315e-03j -6.31162518e-03+2.09721527e-02j
   1.01823969e-02+1.69623285e-01j -1.99882887e-02+2.98349114e-02j
  -8.40807964e-05+2.87917034e-03j  9.65733078e-04+4.34779275e-03j
   9.16150288e-03+6.18774125e-02j  7.11643243e-04+3.54563209e-03j
  -2.28019890e-04+3.04397864e-04j -8.66074083e-04+1.47267675e-03j
  -6.85388281e-03+1.29092246e-02j -1.54849291e-03+1.93268874e-03j]
 [ 2.89654649e-02+9.31488605e-01j  2.62365242e-02+2.92802836e-01j
  -8.39310979e-03-6.53423259e-02j -1.18921901e-02+4.26589314e-02j
   1.41430710e-02+1.79303753e-01j -2.15343685e-02-1.42455002e-02j
  -9.43649652e-04-9.09316809e-03j  7.62844488e-03+3.80143269e-02j
   8.29974610e-03+5.90416485e-02j  1.08761774e-03+1.86354349e-02j
  -8.61446355e-04-4.10199227e-03j  6.09771055e-04+2.80519533e-03j
  -6.28596930e-03+1.32576278e-02j -3.58368096e-03-4.77491952e-05j
   4.32506614e-04-7.64739883e-04j  1.31659820e-04+2.34132266e-03j]
 [-1.03463381e-03+2.39092766e-01j -3.59871970e-02-8.65685670e-01j
  -1.44247989e-03+2.80814559e-02j -1.89163042e-02+3.94867899e-01j
  -2.09490828e-02+6.55556034e-02j -1.28018696e-02-1.44892152e-01j
   1.08850351e-03+3.11911398e-03j -4.45301281e-03+7.03906186e-02j
   1.97980127e-03+1.61692527e-02j -7.56137802e-03-5.46412419e-02j
   3.89452777e-05+1.73578074e-03j  1.29424640e-03+2.53252070e-02j
  -3.13998083e-03+4.55697326e-03j  5.85559285e-03-1.10487544e-02j
  -1.54624168e-04+2.39679295e-04j -3.37895731e-03+5.03338241e-03j]
 [ 1.26770210e-03+9.89126834e-03j -3.06274290e-03-2.25565270e-02j
  -2.43280290e-03+3.63810669e-03j -2.60453063e-03-5.61098269e-02j
  -5.03572653e-03+2.18046887e-03j  1.12381401e-02-5.31557524e-03j
  -3.62553706e-03-1.99128781e-03j  2.89302193e-02-1.04476370e-02j
  -2.25295331e-02-1.59823523e-01j  5.35054951e-02+3.64768806e-01j
   3.51219319e-02-5.71108666e-02j  5.23275298e-02+9.07986433e-01j
   1.15136868e-03+4.50756972e-03j  1.17603359e-03-5.93543959e-03j
   2.26093196e-02+2.34740890e-02j  1.55903158e-03-1.71566132e-02j]
 [ 7.41555429e-04-2.93158747e-03j -1.44994443e-03-4.00637155e-03j
  -3.12752911e-03-6.10006635e-02j -2.67140757e-03-2.90555757e-03j
   1.48881021e-03+6.34846302e-04j  2.26637001e-03-3.01919805e-03j
   3.14050958e-02-1.11410748e-02j  2.40518037e-03-5.75447454e-03j
  -9.95337552e-03+4.83537566e-02j  2.08228521e-02+6.28246621e-02j
   6.25113665e-02+9.87270094e-01j  3.57862157e-02+4.14804500e-02j
   3.03726588e-03-1.34944156e-02j -6.93690277e-03+2.69574394e-02j
   1.48325657e-03-2.51552756e-02j -2.27062823e-02+6.71900397e-02j]
 [-2.93116486e-03-5.86760252e-02j  1.19864129e-03-1.76688315e-02j
   4.55521664e-04+4.06573435e-03j -5.76763241e-04-3.10302653e-03j
   2.99689163e-02-1.12729647e-02j  1.06137591e-02-1.04007614e-03j
  -2.09180554e-03+8.49442215e-04j  1.05157061e-03-1.37900254e-03j
   5.74211328e-02+9.49896288e-01j -1.29401080e-02+2.84271161e-01j
  -8.23587935e-03-6.56846892e-02j  8.36152371e-03+5.08941421e-02j
   5.99770841e-03-1.38499662e-02j -1.97527685e-02-2.58276900e-02j
   6.55085797e-04+2.06740898e-03j  8.44776281e-03+8.94040681e-03j]
 [-2.85225721e-03-1.52816360e-02j  1.62185442e-03+5.39853650e-02j
   2.83596091e-04-1.76291821e-03j  9.31679347e-04-2.47197929e-02j
   8.95387578e-03-8.00826792e-03j -2.76577942e-02+8.27882791e-03j
   8.96483127e-04+1.61628595e-04j  1.32242916e-02-3.67120042e-03j
   4.06708274e-02+2.41568091e-01j -3.87932417e-02-8.75196040e-01j
  -3.63124605e-03+2.89061503e-02j -1.08811107e-02+3.99995115e-01j
  -2.39874047e-02+6.61462798e-02j -7.01966090e-03+3.94364505e-02j
   1.32526591e-03-5.76094031e-03j -1.12403511e-03-4.71250876e-03j]
 [-1.35182456e-03-6.16595278e-04j  2.79021793e-03+6.34662591e-04j
  -2.32454279e-03-4.58477574e-03j  6.93548771e-03+2.66843379e-03j
  -9.32085783e-04-1.00501139e-02j  2.16360480e-03+2.25618852e-02j
   1.62230791e-03-5.32732199e-03j  4.90316392e-04+5.61529390e-02j
   8.19240423e-04+7.05179622e-03j  2.66386730e-03-2.97333167e-03j
   3.07348905e-02+7.28840127e-02j  3.85439662e-03-1.54803866e-02j
   2.00647277e-02+1.60781920e-01j -4.02109783e-02-3.65623974e-01j
   7.35077522e-03+5.71768762e-02j -2.46456592e-02-9.07771195e-01j]
 [ 1.58298259e-04+4.52464005e-04j  9.67169601e-04-4.05481117e-04j
   7.73525800e-03+3.05044324e-03j  1.55980792e-03-1.17703949e-03j
  -4.95118093e-04+2.85013416e-03j  5.00984729e-04+4.23693302e-03j
   1.06477183e-03+6.14902793e-02j  5.40660500e-04+3.26801092e-03j
   3.21282044e-03-5.20604595e-03j -7.04479508e-03+8.49866608e-03j
   2.02632656e-03-2.03303149e-02j -1.93156741e-02+2.14974231e-02j
   4.29913239e-03-4.69443124e-02j -2.96950457e-03-6.63055203e-02j
  -3.69134571e-02-9.92223844e-01j  5.53234923e-03-4.65314904e-02j]
 [ 6.90035424e-03+1.96901008e-03j  3.85306118e-03+4.78583195e-03j
  -5.69413522e-04-2.99882799e-04j -2.37065741e-04-1.61797978e-03j
   5.10122537e-04+5.83689833e-02j -1.03969771e-03+1.92191742e-02j
  -3.23937791e-04-4.13989284e-03j  1.49906800e-04+2.38675067e-03j
   9.60651922e-03-2.12932315e-03j -2.61387119e-02-6.97802167e-02j
   6.01028070e-04+3.56698736e-03j  9.95946413e-03+2.91206266e-02j
  -1.92795495e-02-9.49052727e-01j -1.79203010e-02-2.84902866e-01j
   7.59244888e-03+6.59839516e-02j  1.07730218e-02-4.90539444e-02j]
 [ 3.16387869e-03-5.68104929e-04j -6.51924522e-03-3.07219768e-03j
   1.33351771e-04+2.15189572e-04j  3.10843293e-03+1.42646149e-03j
   1.91872499e-04+1.57210132e-02j -3.50923139e-04-5.42986860e-02j
  -2.01821303e-04+1.71887614e-03j -1.93008851e-03+2.48333175e-02j
  -1.98712570e-02+1.88004086e-02j -6.80113028e-03+2.33214709e-02j
   1.34260279e-03-2.33783142e-03j -2.38239373e-04-6.34324638e-03j
   8.11356712e-03-2.47246249e-01j  2.67773202e-02+8.77925071e-01j
   1.56635810e-03-2.81363431e-02j  2.44504265e-02-4.00827821e-01j]]

********* Summary *****************
Final fidelity error 0.08806606209225576
Final penalized l2 error 5.076449396949294e-05
Final penalized TV regularizer 0.05390666082245702
Final objective value 0.14197271927569435
Final norm value 5.390666082245702
Final l2 value 5.076449396949294e-05
Final error 3.1898030637095423e-07
Terminate reason Exceed the maximum number of iteration of ADMM
Number of iterations 100
Completed in 0:13:52.464592 HH:MM:SS.US
Computational time 832.4645918340001
Time for each iteration [67.02520070899999, 24.341116, 87.392869709, 41.347134958, 102.88939504199999, 56.225271667000015, 117.51863620799998, 70.07360858400003, 131.35177941599997, 82.55492045900002, 143.20814899999996, 93.96897641700002, 153.69858820799996, 104.60411708400002, 163.738123125, 115.060947917, 174.944552958, 125.54446300099997, 183.93655124900002, 134.17729083499998, 194.94494166500002, 141.741073877, 204.87073329, 150.804797127, 212.000684123, 159.666414877, 217.87898278999998, 168.43931650200003, 224.851283457, 176.586673918, 233.33022383199997, 183.68368562700002, 240.41749841499998, 191.65793396, 245.70818408199997, 198.881116752, 254.406122082, 203.73683441799997, 261.772941541, 211.999801543, 267.370890124, 218.03113633499999, 273.575634082, 224.83252466799996, 278.28742649900005, 231.749693251, 285.78828362400003, 236.595356126, 291.18652274900006, 241.40795525100003, 298.65841304099996, 246.1006837930001, 303.763201832, 252.82764987700006, 311.531120082, 257.6547575020001, 317.3827945399999, 262.6279420020001, 324.556510707, 267.0185942100001, 329.3913177069999, 274.8181556680001, 334.086028291, 279.6545703340001, 339.6512435, 286.692990459, 343.7453284580001, 291.51994366699995, 350.4832612080001, 295.90142125099993, 358.1082671660001, 300.15476204299995, 362.78141845700014, 306.27974362699996, 366.85621779000013, 311.5139062939999, 374.7676329560001, 316.2013381279999, 379.5847585390001, 321.0105668359999, 388.8076004560001, 325.6861207939999, 395.24530345600016, 332.5769122939999, 400.8093893730001, 340.19903687699997, 405.4886694980001, 346.0494450439999, 412.83117308100014, 351.46538091899987, 420.60465258100015, 356.29107258599987, 428.80377399800017, 361.4023963769999, 437.88185299800017, 366.5131730859999, 446.67356128900013, 371.62495471099993, 455.7473057060001, 376.717286128]
