Final evolution
[[0.33884268+0.j         0.        -0.47335859j 0.        +0.j
  ... 0.        +0.j         0.        +0.j
  0.        +0.j        ]
 [0.        -0.47335859j 0.33884268+0.j         0.        +0.j
  ... 0.        +0.j         0.        +0.j
  0.        +0.j        ]
 [0.        +0.j         0.        +0.j         0.33884268+0.j
  ... 0.        +0.j         0.        +0.j
  0.        +0.j        ]
 ...
 [0.        +0.j         0.        +0.j         0.        +0.j
  ... 0.33884268+0.j         0.        +0.j
  0.        +0.j        ]
 [0.        +0.j         0.        +0.j         0.        +0.j
  ... 0.        +0.j         0.33884268+0.j
  0.        -0.47335859j]
 [0.        +0.j         0.        +0.j         0.        +0.j
  ... 0.        +0.j         0.        -0.47335859j
  0.33884268+0.j        ]]

********* Summary *****************
Final fidelity error 0.3388426835347631
Final penalized l2 error 0.0033166072854520045
Final penalized TV regularizer 4.5594093762990617e-07
Final objective value 0.33884312608233996
Final norm value 0.0004559409376299062
Final l2 value 0.0033166072854520045
Final error 2.7955419054798385e-09
Terminate reason Exceed the maximum number of iteration of ADMM
Number of iterations 100
Completed in 0:13:05.474626 HH:MM:SS.US
Computational time 785.474626417
Time for each iteration [7.2379848330000005, 12.32764275, 16.226984624999993, 24.330765000000007, 27.133207832999993, 32.753971292, 38.673292583000006, 46.019355167, 52.21261954100001, 58.653767417, 63.885025083000016, 69.92164895899998, 76.94104804100002, 81.31490154199997, 88.39045600000003, 92.25371649999997, 99.92792800000004, 106.17026754199995, 111.65547575000005, 118.21298141699995, 122.49607816600005, 128.38614962599996, 132.85570587400008, 139.79851075099992, 141.08773445700007, 148.15223845999998, 148.34547312300003, 156.05591820999996, 155.93924183200005, 162.82850825099996, 162.74425545700007, 169.53596854299997, 169.53886624900008, 176.30854158399995, 176.48189241600005, 183.13412837599998, 183.139724832, 189.95028721, 190.53189054, 196.949051252, 197.490396165, 202.44923858500005, 204.38610699799995, 209.32888654400006, 209.89838683099998, 214.81201137700003, 216.988051456, 222.10294754400002, 222.56346162300002, 227.60838516899997, 228.13752608100003, 234.42805975199997, 233.73948816500007, 241.26673562699995, 239.2299358310001, 248.04704933599993, 244.73315174700008, 253.65399858599994, 251.59862691400008, 259.1332928779999, 258.4073734550001, 264.6986973779999, 264.06511812200006, 271.56386141999997, 269.5404680380001, 277.05969725399996, 276.37507462100007, 283.44438900399996, 283.1284893290001, 288.90385529599996, 288.702846204, 295.649801671, 294.24682382900005, 302.46417817099996, 299.7259367460001, 309.5307139209999, 305.2071053710001, 316.4211601709999, 316.72319853700014, 322.9649196299998, 323.59299341200017, 330.0379403799999, 330.3528290370001, 336.9558220879999, 337.2674322040001, 343.8298197539999, 344.3073012880001, 350.72841179499994, 352.51401241300005, 363.271107754, 359.410084288, 370.126716462, 366.829634455, 376.961367212, 374.025115746, 383.83606708700006, 380.901833871, 390.718740754, 387.693916079, 397.78071033799995]
