Final evolution
[[ 5.09484816e-03-5.33451823e-04j -1.16346072e-03-9.99986202e-01j
  -9.70388311e-08+2.92354764e-09j -1.93834401e-07+7.33358740e-09j]
 [-1.33858938e-03-9.99985983e-01j  5.09616695e-03+5.20702431e-04j
  -1.93730591e-07+7.36336997e-09j -9.68331920e-08+2.94520247e-09j]
 [-9.69646313e-08-4.78635904e-09j -1.93805070e-07-8.07162806e-09j
   5.09540014e-03-5.28153387e-04j -1.23571352e-04-9.99986871e-01j]
 [-1.93703951e-07-8.03369076e-09j -9.67616979e-08-4.74846684e-09j
  -2.98700147e-04-9.99986834e-01j  5.09562271e-03+5.26001669e-04j]]

********* Summary *****************
Final fidelity error 1.3260117280755601e-05
Final penalized l2 error 3.063394161442232e-07
Final penalized TV regularizer 0.0027445571209948126
Final objective value 0.0027578170509582954
Final norm value 2.7445571209948127
Final l2 value 3.063394161442232e-07
Final error 3.4576658658436174e-07
Terminate reason Exceed the maximum number of iteration of ADMM
Number of iterations 100
Completed in 0:00:39.860856 HH:MM:SS.US
Computational time 39.860856167
Time for each iteration [1.253025708, 1.1564865420000006, 2.029470708, 1.9534860840000006, 3.1268396659999995, 2.8312792920000005, 3.914762875, 3.661684792, 4.72392525, 4.427587542, 5.511666540999999, 4.892054209, 6.290154041, 5.409259667, 7.116762041, 6.122053541999999, 7.707771791000002, 6.690959917, 8.406802916, 7.0546874169999985, 9.113790208000003, 7.483408499999998, 9.827287833000005, 7.822768874999996, 10.466129792000002, 8.144230291000001, 11.090805166999997, 8.551260416, 11.592214417, 9.236906041, 11.985267917, 9.626615707999997, 12.531118709000003, 9.954143582999999, 13.107587708999999, 10.241741708000001, 13.496197749999999, 10.759650082999999, 13.833195584, 11.132550916000001, 14.470772291999998, 11.481164583000004, 14.748716624999998, 11.903756250000002, 15.045679458, 12.209292333999999, 15.603622665999998, 12.532053042000003, 15.929926374999992, 12.822722167000004, 16.224075624999998, 13.072488874999998, 16.486420208, 13.309011750000003, 16.785606207999997, 13.583397083999998, 16.997731416, 14.248163376, 17.549705206999995, 14.522324501, 17.874452206999997, 14.720944459999998, 18.022111915000004, 15.007324876999995, 18.220299998, 15.281369043999995, 18.368548581000006, 15.43986558599999, 18.581589539000007, 15.60740479399999, 18.731462748000006, 15.858512084999994, 18.934218582000007, 16.14475012599999, 19.083609374000005, 16.35664329299999, 19.24508558200001, 16.568847709999993, 19.46916570700001, 16.72956704299999, 19.69369895700001, 16.929319042999992, 19.956288832000006, 17.085227167999996, 20.110165249000005, 17.23637120899999, 20.25925699900001, 17.385310792999988, 20.40828266500001, 17.645021417999992, 20.58142424900001, 17.83647129299999, 20.732916415000012, 18.049420001999984, 20.882353873000014, 18.260152293999987, 21.01761124800001, 18.47120812699999, 21.203234081000005, 18.657622085999996]
