Final evolution
[[ 2.34732954e-01+8.11501500e-03j -5.37632684e-02-7.63216758e-03j
  -7.49612342e-04-6.48859304e-02j -1.04807407e-02+1.93374819e-02j
  -4.36969581e-01+8.86720586e-02j  1.26596353e-01-2.83616271e-02j
   8.47367512e-03-3.33853073e-02j  1.85282856e-02+1.39918068e-03j
   7.71372539e-04+2.08596748e-02j -3.09397836e-02-1.52460910e-03j
  -1.94802004e-02+9.04092472e-03j  4.74008389e-03-3.57066512e-03j
   7.88196126e-01-2.12234575e-01j -2.15374439e-01+6.36147462e-02j
  -3.99076059e-03+2.92279612e-03j -3.51766994e-02+1.18432478e-02j]
 [-8.41140767e-02+2.62971475e-02j  1.60664857e-03+1.27642310e-02j
  -2.31644705e-01-1.89140171e-02j  5.05933123e-02+2.49608464e-03j
  -3.30510463e-02-4.60794858e-03j  3.97407248e-02-4.80026039e-02j
   4.34428527e-01-7.27032022e-02j -1.26686890e-01+1.98860088e-02j
   2.99100256e-02-2.17217526e-02j -1.08582601e-02+5.21054580e-03j
  -6.76497658e-04-1.96670733e-02j  2.85038274e-02+6.29148499e-03j
  -1.68788261e-02+1.77563712e-02j -5.03268520e-02+8.75129929e-02j
  -7.90641985e-01+1.77154013e-01j  2.16903567e-01-5.42310116e-02j]
 [ 7.64278901e-02+6.61246322e-04j  2.26117341e-01+1.94839137e-02j
  -2.04940435e-02-5.39503957e-03j -1.16534130e-03+7.07755713e-02j
  -1.13547024e-01+1.61600340e-02j -4.40564842e-01+7.33891308e-02j
   4.30418839e-02+4.36960775e-02j -1.76990922e-02+2.13041856e-02j
  -1.99706952e-02+2.03213623e-02j  1.38877041e-02+1.58976774e-02j
   7.67799155e-03-4.21393417e-03j  2.27840327e-02-6.26120664e-03j
   2.19800282e-01-4.54110655e-02j  7.89541117e-01-1.82957378e-01j
  -8.52720309e-02-5.56483152e-02j  1.80375159e-02+1.46557480e-02j]
 [-1.05658257e-02+5.45660606e-03j -8.05438104e-02+1.60678450e-02j
   8.50810083e-02+6.41002425e-03j  2.22697950e-01+2.74830241e-02j
  -3.26271153e-02+3.34065345e-03j -3.43836955e-02+4.78547475e-03j
  -1.09840363e-01+1.38700840e-02j -4.44629758e-01+5.67543714e-02j
   8.42073613e-03-3.50804236e-03j  2.91284484e-02-1.73249560e-02j
  -2.59683139e-02+1.85690963e-02j  1.48638113e-02+1.67191247e-02j
   3.51043712e-02-6.09694409e-03j -1.17459237e-02-4.26276679e-03j
   2.22769556e-01-3.55379865e-02j  8.01484401e-01-1.50283722e-01j]
 [-7.99311275e-01+2.66416632e-01j  2.37636367e-01-8.11286019e-02j
   4.09652826e-02-5.30868034e-03j  2.69092582e-02-1.33592715e-02j
  -4.19637616e-01+1.17165735e-01j  7.91817420e-02-2.90267149e-02j
  -5.43985681e-02+8.79288833e-03j  3.45631809e-02-9.30182929e-03j
   7.60546467e-02-8.18207008e-02j -2.08055332e-02+2.49001311e-02j
  -1.07410078e-03+4.00225481e-03j -5.31608952e-03+3.28873531e-03j
  -2.13053406e-02-6.35366454e-02j  1.48153191e-02+8.35782932e-03j
   6.33864916e-02-2.18826599e-02j -1.60414273e-02+9.27881219e-03j]
 [-3.32159653e-05-3.57597953e-02j  5.18098666e-02-9.09352809e-02j
   8.06417050e-01-2.32752482e-01j -2.36301461e-01+6.84850833e-02j
   4.41165385e-02+6.00853638e-03j  1.61733802e-02-5.09891011e-02j
   4.20445838e-01-9.78225209e-02j -8.60067203e-02+3.09588929e-02j
   1.25582414e-03+2.04533418e-03j  4.78695356e-04+1.69723313e-02j
  -8.02667522e-02+8.13295622e-02j  2.23075559e-02-2.44030657e-02j
  -2.33966442e-02-5.52258716e-02j  1.47338604e-02+1.87063626e-02j
   1.99776546e-02+6.26212712e-02j -9.49644956e-03-1.39329347e-02j]
 [-2.13185963e-01+5.34724344e-02j -8.10868422e-01+2.38754187e-01j
   7.98402863e-02+5.27222585e-02j -5.79058803e-02-1.46127343e-02j
  -1.37085815e-01+3.90965829e-02j -4.05338788e-01+9.66011220e-02j
   6.09987839e-02+2.72721313e-02j  5.14147720e-02-1.38460495e-02j
   2.24560845e-02-1.99845259e-02j  7.85409334e-02-7.96587394e-02j
  -1.21231291e-02-2.48038075e-03j  3.23987473e-03-2.69523369e-03j
  -4.84079482e-03-1.93816067e-02j -2.13827949e-02-6.10291729e-02j
  -2.18216222e-02+1.23364077e-02j -6.38441869e-02+1.82844205e-02j]
 [-4.04495908e-02+2.22610784e-03j -1.99115935e-03-1.39784501e-02j
  -2.15592480e-01+4.73584191e-02j -8.27136564e-01+2.06218327e-01j
  -9.67741185e-03+8.41136922e-03j  3.84815277e-02+2.22996681e-02j
  -1.43338537e-01+2.86597362e-02j -4.11503666e-01+8.18351862e-02j
   5.56786921e-03-2.16116096e-03j -8.15970420e-05-1.76230878e-03j
   2.35480461e-02-1.98149911e-02j  8.39882967e-02-8.00320886e-02j
  -6.62271636e-03-1.88067026e-02j -2.27874679e-02-5.64676845e-02j
  -4.32918608e-03-1.33579309e-02j -1.89967422e-02-6.40704584e-02j]
 [-1.16339438e-01-3.89052908e-02j  3.12149487e-02+6.36111355e-03j
  -2.19754868e-03-2.88325043e-02j  6.68832321e-03+7.34735049e-03j
  -1.57541179e-02+1.20411780e-02j  5.10424630e-03-4.09632611e-04j
  -1.03921965e-03+5.42911434e-02j  8.47683138e-04-1.65449779e-02j
  -9.21420193e-01+2.36042021e-01j  2.52446918e-01-7.00755078e-02j
   1.27768570e-02-9.68699142e-04j  3.91009438e-02-1.49395436e-02j
   1.50979967e-02-1.73811029e-02j -3.77254632e-02+8.11518883e-03j
  -2.31172093e-02+3.74368966e-02j  5.23881152e-03-9.46405855e-03j]
 [-2.54050557e-02+5.71350214e-03j  1.90222859e-02-9.10996693e-03j
   1.10960159e-01+4.07585916e-02j -3.15848091e-02-9.70680915e-03j
   6.11964652e-02-3.46696403e-03j -1.75804497e-02-1.36229072e-03j
   1.54444690e-02-1.07776537e-02j -2.85548526e-03+5.67104548e-03j
   2.05808567e-02-3.03006616e-02j  5.85322534e-02-9.86774177e-02j
   9.22774052e-01-1.96190539e-01j -2.52778993e-01+5.93647298e-02j
   6.79958511e-02-2.10884628e-02j -1.91656593e-02+9.93502055e-03j
  -1.60472394e-02+1.82593276e-02j  3.59828708e-02-3.11672539e-05j]
 [-3.01772284e-02-1.29310462e-02j -1.13946581e-01-4.14033878e-02j
   7.09440725e-03+2.35892577e-02j  4.86262931e-04+2.47910408e-02j
  -8.72813035e-03+7.74895192e-04j -1.49656092e-02+1.12508631e-02j
   3.96553590e-03-1.36175763e-02j  2.84887543e-03-5.48314511e-02j
  -2.56728170e-01+5.09707178e-02j -9.22621950e-01+2.01400356e-01j
   9.67443314e-02+6.61078659e-02j -2.87489274e-02-2.06818471e-02j
  -2.11322377e-02+8.36499297e-03j  3.18339089e-02-2.07777179e-02j
   4.19981411e-03-9.98882428e-03j  2.90631016e-02-3.39252164e-02j]
 [-1.44094561e-02-5.55697082e-05j -2.68025955e-02+6.56933325e-03j
  -2.61286665e-02-1.29371200e-02j -1.11265897e-01-4.45888830e-02j
   1.51382172e-02+1.03333880e-03j  6.09101669e-02-4.93409354e-04j
  -1.40732003e-02-2.35626186e-03j -1.28034756e-02+1.24712348e-02j
  -4.14110999e-02+4.35591484e-03j  1.53092405e-02-4.52807462e-03j
  -2.60417801e-01+4.05978079e-02j -9.34650029e-01+1.64016478e-01j
   1.93589160e-02-4.81975934e-03j  6.54029633e-02-1.57738541e-02j
  -3.00795726e-02+4.34966579e-03j  3.50518157e-02-1.85950821e-02j]
 [-3.51540787e-01+1.15566232e-01j  6.64534607e-02-3.23189949e-02j
  -2.76092119e-02-3.63343420e-03j  2.35486276e-02-5.69368058e-03j
   7.17723239e-01-1.27260395e-01j -2.11231000e-01+4.01417111e-02j
  -2.06881009e-02+3.27433637e-03j -2.80660212e-02+6.95309264e-03j
   2.36082801e-02-3.49209763e-02j -3.12480280e-02+2.07826205e-02j
  -8.57079712e-02+2.61102462e-02j  2.21389320e-02-5.81477250e-03j
   4.73021866e-01-1.51260861e-01j -1.28989827e-01+4.21051364e-02j
  -4.02939619e-03-9.71189752e-04j -2.32934238e-02+8.76121072e-03j]
 [ 2.66397088e-02-1.36984239e-02j  1.46386375e-02-3.87782145e-02j
   3.52693667e-01-9.92284163e-02j -7.11892628e-02+3.20230507e-02j
  -3.36488935e-03+1.49321962e-02j -5.61239130e-02+7.46435145e-02j
  -7.18621994e-01+9.63503473e-02j  2.10049460e-01-2.95133321e-02j
   4.05989617e-02+6.11788931e-02j -1.09283965e-02-1.02353943e-02j
  -2.70282964e-02+3.56707834e-02j  2.46448258e-02-1.22537044e-02j
  -9.66046773e-03+1.56542655e-02j -2.82841091e-02+5.66325782e-02j
  -4.77970172e-01+1.33432942e-01j  1.30368024e-01-3.77687915e-02j]
 [-1.16500697e-01+3.79705446e-02j -3.39855884e-01+9.89124579e-02j
   4.80502892e-02+2.40207814e-02j  2.39220615e-02-9.45173838e-04j
   1.89716627e-01-1.80734221e-02j  7.23292875e-01-1.02467841e-01j
  -6.62834878e-02-5.60469639e-02j  3.31285251e-02+1.49532144e-02j
  -2.68248479e-03-1.23175932e-03j  3.43112038e-02-3.87227066e-02j
   1.88237779e-02-5.20677997e-03j  9.05548813e-02-2.16118155e-02j
   1.31579567e-01-3.57660088e-02j  4.75024616e-01-1.32552363e-01j
  -5.09047927e-02-3.17381696e-02j  1.14275726e-02+1.18223565e-02j]
 [-1.05610924e-02+3.07348257e-03j  2.30440054e-02-2.82812814e-04j
  -1.21831413e-01+3.11125846e-02j -3.45188014e-01+8.56123880e-02j
   3.50042189e-02-1.54673366e-03j  1.98639459e-03-2.85024551e-03j
   1.89918110e-01-1.08018221e-02j  7.32843424e-01-7.18640246e-02j
   1.13690799e-02+1.60919403e-02j  3.62844597e-02+6.29706772e-02j
  -4.12307799e-03-9.47615965e-03j  3.67049595e-02-3.53418826e-02j
   2.23355968e-02-1.63086612e-03j -7.82383721e-03+4.66676504e-04j
   1.34751516e-01-3.12351183e-02j  4.85586120e-01-1.16361095e-01j]]

********* Summary *****************
Final fidelity error 0.422349074092382
Final penalized l2 error 0.0006012705181804136
Final penalized TV regularizer 0.00012354180052967138
Final objective value 0.42247261303153116
Final norm value 12.354180052967138
Final l2 value 0.006012705181804136
Final error 9.985494584027521e-09
Terminate reason Exceed the maximum number of iteration of ADMM
Number of iterations 100
Completed in 0:08:48.042792 HH:MM:SS.US
Computational time 528.04279175
Time for each iteration [80.342379292, 11.296793625000007, 89.464419708, 19.723539042000013, 97.655600666, 26.923086917000006, 104.95788391599999, 33.343609292000025, 112.12454104099999, 40.029142792000016, 117.70081166599999, 45.599886709, 123.473895124, 51.47695595900001, 129.120796583, 56.04066137500001, 134.76711295799998, 60.27852091700001, 138.47164729099998, 64.07287529200002, 141.41387312499998, 68.24276633300002, 145.971394625, 71.613234, 149.347513708, 75.0991855, 153.151854875, 79.45105883300002, 157.93161204199998, 84.12745333300003, 162.39583429199996, 88.48073216600005, 166.96538891699996, 93.04756054100002, 172.06707470899997, 98.393020124, 177.39801291799998, 104.384026874, 184.35162162599997, 109.38255091599999, 190.60393291699998, 115.24710837500001, 196.14595895799997, 120.99920779200002, 201.57775024999998, 126.19131591699997, 206.580362125, 131.71420154199998, 212.64618125, 137.76901529199998, 217.72730775, 143.17921125, 223.34445441699998, 147.61783975, 227.88637037499998, 152.0533005, 232.22823841699997, 156.41407412499998, 236.67134304200002, 160.74981704099994, 240.99091433400005, 165.09015341599994, 245.10084808400003, 169.31551591599995, 249.32494770900004, 173.6420271659999, 253.45843345900008, 177.53828141599988, 257.77583779200006, 181.31563899999992, 261.13625383300007, 185.0978626249999, 265.2610332080001, 188.65757087499992, 269.03805450000004, 192.44949699999995, 272.9250645, 195.80082520799994, 276.17195216700003, 198.93249062499996, 279.41057125000003, 202.07057883299996, 282.456406125, 205.21725429199995, 285.59698066600004, 207.81270250099993, 287.983381332, 210.30393145999994, 290.47839854000006, 212.80370679299995, 292.86698741500004, 215.31565179299997, 295.38735495699996, 217.69560908500011, 297.99126541499993, 220.40273958500006, 300.370583207, 222.7971164180001, 302.8660904569999, 225.17670129300006]
