Final evolution
[[ 5.22899917e-05+3.39821845e-04j  8.54168992e-05-9.99998783e-01j
   6.32027216e-04-1.38072437e-03j  5.20490990e-05+3.72477482e-06j]
 [ 5.26769789e-05-9.99999899e-01j  5.21779528e-05-3.39726479e-04j
   1.27579174e-04-1.27750063e-05j -1.73753887e-04-1.86525319e-04j]
 [-1.73842739e-04+1.86504786e-04j  5.17094806e-05-4.11245932e-06j
   3.89282916e-05+3.44596018e-04j  9.22877653e-05-9.99999902e-01j]
 [ 1.27223773e-04+1.24105769e-05j  6.31888682e-04+1.38082715e-03j
   5.88451183e-05-9.99998777e-01j  3.89322112e-05-3.44582553e-04j]]

********* Summary *****************
Final fidelity error 6.5725136888517e-07
Final penalized l2 error 6.063119589645874e-10
Final penalized TV regularizer 2.3931114956877788e-06
Final objective value 3.0503613433453604e-06
Final norm value 2.393111495687779
Final l2 value 6.063119589645874e-10
Final error 9.634669109766054e-14
Terminate reason Exceed the maximum number of iteration of ADMM
Number of iterations 100
Completed in 0:00:29.705472 HH:MM:SS.US
Computational time 29.705471874999997
Time for each iteration [7.347273833000001, 1.8946247920000001, 8.910307916, 3.2430485840000003, 10.055444166000001, 4.231243500999998, 10.883124082000002, 4.891204334999998, 11.444361040000004, 5.047783084999995, 11.969261665000005, 5.187748917999997, 12.108897749000004, 5.329469708999998, 12.250879124, 5.471590000999999, 12.393175124000003, 5.613284750999998, 12.532238874, 5.752334459, 12.671479124000001, 5.894226958999997, 12.815973541000002, 6.036514126, 12.959110123999999, 6.1766418340000016, 13.100504790999999, 6.316843459000001, 13.242272873999998, 6.4564716680000025, 13.381460789999998, 6.597478502000001, 13.522781915, 6.739152502, 13.664371748, 6.881915794000001, 13.804217456, 7.0213614610000015, 13.943875330999997, 7.163581502000003, 14.085040247999999, 7.304716752000001, 14.227213873, 7.44697021, 14.381545248000002, 7.604947918999997, 14.527245998000001, 7.746465876999999, 14.668545373, 7.889291918999998, 14.810611623000003, 8.030899418999997, 14.952494456000004, 8.174345043999995, 15.095021081000006, 8.316182126999994, 15.236955165000005, 8.457794917999994, 15.378711707000008, 8.599592750999992, 15.539252624000007, 8.748530333999994, 15.680264583000007, 8.894605249999994, 15.823726875000006, 9.037232916999994, 15.966343541000008, 9.181576083999992, 16.10872720800001, 9.321671916999993, 16.24954483300001, 9.464343208999992, 16.393379916000008, 9.606638791999991, 16.53598645800001, 9.75434241699999, 16.677877250000012, 9.896728874999987, 16.821665708000012, 10.03771024999999, 16.963066042000012, 10.181541082999988, 17.105234459000012, 10.32357433299999, 17.24694754200001, 10.467329040999989, 17.38812483400001, 10.609953498999989, 17.53115704300001, 10.752698039999988, 17.67275846000001, 10.894379039999986, 17.815537127000013, 11.03605112299999, 17.95693271000001, 11.177819539999991, 18.09989071000001, 11.31972241499999, 18.24194558500001, 11.463526289999987]
