Final evolution
[[ 4.90592054e-01+3.57803732e-01j  2.10325249e-02+3.14853153e-02j
  -1.99866077e-03-3.40695184e-03j -1.23220060e-01-9.06499808e-02j
  -3.51429695e-01-2.69237378e-01j -1.80873070e-02-1.39741123e-02j
  -3.17402455e-02-1.89181630e-02j  8.51335619e-02+6.48011113e-02j
  -1.05135991e-02-2.02622927e-02j  4.55834334e-02+3.82371093e-02j
   2.34572699e-02+1.00595776e-02j  5.19911119e-04+2.80154348e-03j
   4.82709890e-01+3.66311125e-01j  3.42903290e-02+3.25251279e-02j
  -2.30454633e-02-8.59514361e-03j -1.19617304e-01-8.97748364e-02j]
 [ 4.18160327e-02+3.80598803e-02j  1.36019771e-02+2.31211435e-02j
   5.06855923e-01+3.61770093e-01j -1.39286789e-02+2.34790393e-03j
   1.02352355e-02+1.48739717e-02j -6.09975090e-03-1.32645431e-02j
  -3.63091911e-01-2.71390773e-01j -3.25144464e-02-2.45195149e-02j
   1.67171012e-02+1.35772348e-03j -3.19874694e-03-1.76152630e-03j
  -7.04799659e-03-1.81211334e-02j -6.41278848e-02-4.26805021e-02j
  -3.10304145e-02-1.99588513e-02j  1.15133731e-02+2.11194858e-02j
   5.02504501e-01+3.72912819e-01j  1.07270838e-02+1.34400718e-02j]
 [ 3.92419611e-02+2.16688340e-02j -4.99922396e-01-3.68862846e-01j
   2.03740671e-02+1.01346659e-03j  3.21709779e-02+8.59784787e-03j
  -4.79212412e-02-1.48593887e-02j  3.56805063e-01+2.77553911e-01j
  -1.64702829e-02-4.23732050e-03j  1.43461471e-02+1.42718800e-02j
   5.02427004e-02+5.71482988e-02j  9.82217831e-03+2.26575561e-02j
   1.36258914e-04-1.02994956e-03j -4.26490786e-02-1.51227755e-02j
   3.84138688e-02+1.68955215e-02j -4.94656443e-01-3.80116506e-01j
   2.17643107e-02+5.73896060e-03j  5.25561765e-02+1.64035819e-02j]
 [ 1.16593931e-01+8.06028716e-02j -2.42063194e-02-1.10836786e-02j
  -3.91353019e-03-8.13450019e-03j  4.91497425e-01+3.53438662e-01j
  -7.63419620e-02-5.86836568e-02j -8.98186293e-02-8.90204007e-02j
   9.37952429e-03-6.70110967e-03j -3.49625636e-01-2.66162587e-01j
  -1.64040929e-03-3.98183082e-03j  2.60640944e-02+6.64391957e-03j
   7.69328476e-02+5.78356600e-02j -1.18173014e-02-2.00913027e-02j
   1.22508266e-01+9.12176448e-02j  9.68202500e-03+3.36507730e-02j
  -2.81927341e-02-9.89971294e-03j  4.78359410e-01+3.59622306e-01j]
 [-5.26247249e-01-4.04644270e-01j  8.81013333e-03+7.39984277e-03j
   5.15510591e-02+1.68832277e-02j  1.26969559e-01+9.90787235e-02j
  -5.36259762e-01-4.15617966e-01j -5.42868790e-02-5.17003000e-02j
  -2.79464968e-02-1.98812279e-02j  1.34088336e-01+1.03484537e-01j
   1.33227017e-02+1.38349954e-02j  1.20743031e-02+3.51867101e-03j
  -3.51386720e-02-1.54117836e-02j -7.69795759e-03-5.79807025e-03j
   1.26658914e-01+1.12958065e-01j -3.40997941e-02-1.15213190e-02j
   1.24562016e-02+2.20315937e-02j -3.05231216e-02-2.74643932e-02j]
 [-8.53886568e-03-2.04994899e-02j -1.38565235e-02-2.45055332e-02j
  -5.46239902e-01-4.11018755e-01j -2.17433957e-02-1.00145985e-02j
   5.61090826e-03-1.33824827e-03j -1.23998407e-02-2.43196707e-02j
  -5.59338085e-01-4.24788670e-01j  2.96604101e-02+1.62929330e-02j
  -3.42680014e-02-1.77605505e-02j -2.69031729e-03-1.43909867e-03j
   1.61260080e-02+1.71178723e-02j -3.92852286e-03-1.74584437e-03j
  -2.27228443e-02-2.32340524e-03j  4.56613658e-03+8.57420737e-03j
   1.30607242e-01+1.15085988e-01j  3.47728973e-02+3.74133647e-02j]
 [ 2.39325036e-03+1.64972766e-02j  5.38589462e-01+4.21779050e-01j
  -2.58765660e-02-7.63106969e-03j  1.81013014e-02+1.42163089e-02j
  -7.62361194e-02-5.48261871e-02j  5.42021491e-01+4.21339427e-01j
  -2.35616380e-02-4.40825403e-03j -4.70359302e-02-2.40542525e-02j
  -7.59202958e-03-6.10661074e-03j -1.29137091e-02-1.56837551e-02j
   9.97374767e-03+6.46462489e-03j  3.57027865e-02+1.49658081e-02j
  -3.09974244e-02-2.34718203e-02j -1.29579897e-01-1.16686344e-01j
   1.59805866e-03-4.74969882e-05j  9.74324871e-02+5.85580107e-02j]
 [-1.28547959e-01-9.82853985e-02j -2.39149403e-02-3.32525191e-02j
   1.79399549e-02+1.01944524e-02j -5.28201592e-01-4.02519128e-01j
  -1.30036107e-01-9.72458947e-02j -3.23390324e-02-3.10548397e-02j
  -2.31998650e-02-2.44041137e-02j -5.38769448e-01-4.14184641e-01j
   5.94206873e-03+5.54414443e-03j -3.19350141e-02-1.76178352e-02j
  -1.46169637e-02-7.63563466e-03j  1.51432632e-02+1.75120451e-02j
   3.05010521e-02+2.61507376e-02j -3.12864141e-02-1.50007086e-02j
  -5.41766534e-02-5.83633569e-02j  1.24937704e-01+1.11304653e-01j]
 [ 3.24284966e-02+7.18889961e-03j  6.34752334e-02+3.67789993e-02j
  -4.14562259e-02-4.06098050e-02j -1.25514549e-02-3.40527360e-03j
  -9.11787491e-03+3.51563559e-03j -3.91837310e-02-1.45519576e-02j
   4.42593857e-03+1.54739109e-03j  2.91554380e-03-1.21396308e-03j
   7.69372374e-01+5.81184345e-01j  2.19256113e-02+3.70521678e-02j
  -2.51090047e-03-8.12873263e-03j -1.86254587e-01-1.43097243e-01j
  -1.66066298e-02-4.20737903e-03j  2.71180102e-02+1.59809725e-02j
   3.39580954e-03-2.12323978e-03j -5.69099711e-04+3.75228560e-04j]
 [-6.75640201e-02-6.95594515e-02j  7.03383899e-04-3.06901930e-03j
   4.19071113e-02+1.34799123e-02j -3.81602205e-02-3.05424883e-02j
   4.26425526e-02+3.46180589e-02j  1.01882236e-02+1.08776169e-02j
  -1.64139112e-02-2.92457458e-04j  1.52623780e-02+1.25145168e-02j
   1.25958078e-02+5.00178504e-03j  1.81241287e-02+3.17085167e-02j
   7.91266378e-01+5.87747777e-01j  4.67395037e-03+2.28951410e-03j
   4.13249427e-02+4.08013944e-02j -2.57548121e-04-9.50428794e-05j
  -1.16532568e-02-3.50510130e-03j -6.34410039e-02-4.14934729e-02j]
 [ 3.55485624e-02+1.65789891e-02j -3.68631712e-02-8.46049812e-03j
   1.07776735e-03-4.11989489e-04j  2.60780872e-02+3.43048491e-02j
  -3.15840702e-02-1.64512684e-02j  1.25695648e-02-3.99558820e-03j
  -1.91150424e-03-1.02333163e-03j  8.89208713e-03+4.76564530e-03j
   5.23679367e-02+1.94635594e-02j -7.88102238e-01-6.03142259e-01j
   3.81902368e-02+9.32087838e-03j  2.85688377e-02+3.12984696e-02j
   2.33122005e-02+2.97879811e-02j  1.70102397e-02+5.70152704e-03j
  -1.89953098e-03-2.07524849e-04j -2.04436296e-02-1.00883079e-02j]
 [ 1.19569289e-02+6.65125038e-03j -7.23962488e-04-1.86916787e-02j
   1.93668234e-02+1.98428279e-02j  3.63060881e-02+1.10577021e-02j
   1.16726047e-05+2.46759495e-03j -3.88154579e-02-3.11752366e-02j
  -1.91264207e-02-2.62699670e-02j -1.29563242e-02+4.51156972e-03j
   1.87526228e-01+1.41032697e-01j  4.59902926e-02+2.83520788e-02j
  -4.53207346e-03-6.89543384e-03j  7.70127439e-01+5.78471620e-01j
  -1.17338383e-03-6.23783078e-04j -3.75293668e-02-4.36813013e-02j
   5.58999494e-02+3.30141447e-02j -1.44903326e-02-3.58953712e-03j]
 [ 2.70406002e-01+2.12205275e-01j -3.28148451e-02-1.16400151e-02j
   1.94964603e-04-3.81843827e-03j -6.91293733e-02-5.60959365e-02j
  -4.11232293e-01-3.08895167e-01j -7.69761556e-02-7.39074958e-02j
   1.65939176e-02+3.55661744e-02j  1.07503953e-01+8.01468383e-02j
  -1.02865141e-02-2.97668075e-02j -5.66762858e-03+1.06103422e-02j
   9.52973901e-02+6.00814607e-02j  1.14929602e-03+6.88972105e-03j
  -5.75942991e-01-4.49300986e-01j -8.26275014e-03-2.11837528e-02j
  -2.66709588e-02-8.34110865e-03j  1.31800179e-01+1.05510668e-01j]
 [ 7.64010484e-03+4.56963843e-03j  9.05125554e-03+1.35935268e-02j
   2.84928487e-01+2.21110704e-01j  5.20913976e-02+2.91364560e-02j
   2.12287699e-02+4.39345774e-02j -6.93369078e-03-1.27212020e-02j
  -4.35522556e-01-3.20935456e-01j  4.32864073e-02+1.79729097e-02j
   1.87431898e-02+1.89688474e-02j  3.93790139e-03+1.52980754e-03j
  -1.54971984e-02-3.21446798e-02j  2.16060142e-03+1.51856314e-02j
  -3.19875012e-02-1.78209492e-02j -1.29623167e-02-2.66564995e-02j
  -5.96093100e-01-4.55563164e-01j -2.70067014e-02-2.23424277e-02j]
 [-1.29906411e-02-2.53913840e-02j -2.82319541e-01-2.27743551e-01j
   1.48869972e-02+3.24881968e-03j  2.83808628e-02+1.52429866e-02j
  -7.70159600e-02-4.91155779e-02j  4.24371124e-01+3.20784534e-01j
  -2.01394522e-02-5.81511120e-03j -3.97653777e-02-3.75711060e-02j
   2.66507352e-02+2.68226329e-02j  1.79883165e-02+3.43630627e-02j
  -3.61321302e-03-3.21323575e-03j  4.84915410e-02+2.74199047e-02j
  -4.69374108e-02-1.46672054e-02j  5.87811167e-01+4.65619827e-01j
  -2.55531100e-02-5.49757534e-03j -9.38905343e-03-1.12570879e-03j]
 [ 6.62057119e-02+5.20642830e-02j  1.30737722e-02+1.35464561e-02j
  -5.11704148e-02-3.57830765e-02j  2.74920107e-01+2.16288424e-01j
  -1.03194920e-01-7.79389894e-02j -2.07388014e-03+4.42699018e-03j
  -2.02359625e-02-1.06729340e-02j -4.20865741e-01-3.13002413e-01j
  -8.08891023e-03-1.00368027e-02j  1.85932271e-02+1.40758021e-02j
   3.62061311e-03-5.49396754e-03j -1.57360059e-02-3.11416726e-02j
  -1.40227344e-01-1.08643479e-01j -5.16886691e-02-5.26048290e-02j
   1.69319126e-02+1.16283237e-02j -5.78258539e-01-4.47481802e-01j]]

********* Summary *****************
Final fidelity error 0.28575934153505345
Final penalized l2 error 8.397961655044718e-06
Final penalized TV regularizer 1.351154004132556e-05
Final objective value 0.2857728520365314
Final norm value 13.511540041325562
Final l2 value 8.397961655044718e-06
Final error 6.080475425361704e-11
Terminate reason Exceed the maximum number of iteration of ADMM
Number of iterations 100
Completed in 0:14:31.131005 HH:MM:SS.US
Computational time 871.131005458
Time for each iteration [125.652585166, 22.98528537499999, 148.564821208, 43.68989474999998, 165.48679729100002, 59.98812166699997, 179.98729062400002, 72.232027209, 192.42651045700003, 83.88313766799999, 203.27866587300005, 96.32624850199997, 213.96126574800005, 107.22061941799998, 228.84723049800002, 117.835906252, 239.04281420600003, 127.91550979399997, 250.63984387200006, 138.059112044, 260.011385164, 148.34243541900003, 270.222954289, 158.22431196100007, 279.08662757999997, 168.13430200300007, 288.54305953799997, 178.08795362800004, 297.23986157999997, 186.29606696100007, 305.693628205, 193.94984637800002, 313.812512163, 201.245543587, 320.3059299960001, 209.0308204619999, 327.5036282460001, 215.7594552949999, 334.8039195380001, 222.37123496199996, 341.7084860380001, 228.74711500299992, 349.6041946220001, 236.64201037799995, 356.3694147050001, 242.55886121099996, 362.28754008000004, 248.82804616999994, 368.31727920500003, 255.66261950300003, 374.68970462199997, 261.4637947940001, 380.4692743309999, 267.2780101270001, 386.24431083099995, 273.0640268770001, 392.03026270599986, 278.6244369600002, 397.83126895599986, 283.9625120850001, 403.04742103999985, 289.9833357100002, 409.7622492059998, 297.51209175200023, 415.34406874799976, 303.0573667930003, 420.89792066499973, 308.61671700100027, 426.11120733199976, 313.7058734590002, 431.4379162489998, 318.7916819170003, 436.39663391599976, 322.46848020900023, 440.9986407909998, 326.50021920900025, 445.38092329099976, 330.5356899170003, 450.68597441599974, 335.73623470900026, 455.4100087489998, 340.9355351670002, 460.3923042489999, 345.3196459590002, 464.41767354099983, 350.2847215000002, 468.67328554099976, 354.65848204200023, 472.8080855409998, 359.0508336670002, 477.06378620799984, 363.17500000000024, 480.96183045799984, 366.72113862500015, 484.50523204099983, 370.3839467090002, 488.61497683199985, 374.62454595900016, 492.6234372909999, 378.5075681670001]
