Final evolution
[[ 4.02200467e-02+4.81974853e-02j -3.59252416e-02-1.37904013e-02j
   9.44291108e-02+5.70715821e-02j -8.18732862e-02-7.55978949e-02j
  -1.07072320e-01-9.18131490e-02j  2.52335472e-01+2.34881643e-01j
  -2.60499247e-02-2.25677894e-02j  6.49265860e-01+6.37246461e-01j
  -1.00162138e-03+7.59112779e-04j  5.65089989e-03+2.98016759e-03j
   3.96646236e-03+2.01487804e-03j  1.51909602e-02+6.32985835e-03j
  -4.31172256e-03-4.80953505e-03j  1.24368725e-02+1.06352649e-02j
   6.65640086e-04-1.81494399e-03j  3.10710553e-02+2.86488001e-02j]
 [ 2.86154474e-02+1.58726302e-02j -7.44128225e-02-4.91579784e-02j
  -8.59523956e-02-7.76768575e-02j -1.48631513e-01-2.30843683e-01j
   1.51059686e-02+4.01111143e-02j  1.65134701e-02+1.96018609e-02j
   6.60795200e-01+6.78624665e-01j  5.74421031e-03+4.80362662e-03j
   2.27121178e-03+1.35135308e-03j -2.81938931e-03-1.79088615e-03j
   1.62764981e-02+7.00676803e-03j -7.13571787e-03-1.05089156e-02j
   2.27271039e-04+1.67289640e-03j  2.17062852e-03+1.12526738e-03j
   3.14442234e-02+3.08057093e-02j  1.30842492e-03+4.37175180e-04j]
 [-7.28354637e-02-6.05881721e-02j -6.67209950e-03-9.77087581e-02j
   9.19866351e-03+6.35701008e-03j  7.08447496e-03-1.46172188e-02j
   6.70165539e-01+6.62650157e-01j  1.99127876e-01+2.16449885e-01j
  -4.04010708e-02-3.10860531e-02j  2.88678118e-02+2.12135104e-02j
   1.61633579e-02+7.41989978e-03j  5.18038814e-03-1.18830383e-03j
  -6.51793760e-04-6.63039378e-05j  1.12480375e-03-3.87035284e-04j
   3.27427205e-02+2.98008219e-02j  6.95373238e-03+8.24123712e-03j
  -1.85281518e-03-1.46245812e-03j  1.41125493e-03+1.32728794e-03j]
 [-2.77938242e-01-2.32500858e-01j  2.03577910e-02+9.42246787e-03j
   3.29891253e-02+4.34814730e-02j -3.53944933e-02-3.76219181e-02j
   1.59583967e-01+1.36368198e-01j -5.89301057e-01-5.82055442e-01j
   6.17658268e-03+1.82462008e-02j  2.55284071e-01+2.53835576e-01j
  -8.43212693e-03-8.20980253e-03j -1.70777381e-02-9.20925665e-03j
   1.97710381e-03+2.24187979e-03j  5.82296037e-03+2.29348899e-03j
   9.57441910e-03+8.75987075e-03j -2.75062483e-02-2.59431327e-02j
   9.71300735e-04+1.25582629e-04j  1.22476063e-02+1.14087712e-02j]
 [-9.50878414e-02-8.85763175e-02j  2.41365775e-01+2.34098421e-01j
  -4.33066630e-02-3.37219383e-02j  6.38569310e-01+5.99029259e-01j
   3.17140846e-02-2.16393360e-02j  5.08707339e-02+4.53031097e-02j
   2.27654647e-01+1.58819658e-01j  8.74119689e-02+8.47375639e-02j
  -5.25061639e-03-4.45650518e-03j  1.22320294e-02+1.07413473e-02j
   5.07301801e-04+8.52795514e-04j  3.18891508e-02+2.79305474e-02j
   3.74584000e-03-7.12993409e-05j -3.02780468e-03-5.94463873e-04j
   1.16619957e-02+7.16768753e-03j -1.06277857e-02-3.65640335e-03j]
 [ 2.43120984e-02+2.85733538e-02j  2.86728678e-02+3.42124580e-02j
   6.95074723e-01+6.93366250e-01j  1.72114188e-02+1.72106563e-02j
   1.51102165e-03+7.13899697e-03j  1.62502178e-02-1.06873720e-02j
   8.67645279e-02+9.67192954e-02j -6.49890529e-02-9.02015621e-02j
   1.03456595e-03+1.41499012e-03j  1.71009202e-03+1.30982793e-03j
   3.48391296e-02+3.21513698e-02j  1.50594069e-03+2.16960269e-03j
  -4.65363548e-04-1.15372060e-04j  4.93976064e-05-9.36965164e-04j
  -1.16347248e-02-3.69191694e-03j -3.81336240e-03-4.56490525e-03j]
 [ 6.21625945e-01+6.24093907e-01j  2.18050584e-01+2.00507714e-01j
  -3.39094392e-02-1.75787509e-02j  1.56014789e-02+1.46011359e-02j
   1.49045648e-01+1.29513762e-01j -1.89023345e-01-2.17470936e-01j
  -4.12622231e-04-1.04170324e-03j  5.46135128e-02+8.35429178e-02j
   3.19340214e-02+2.95539389e-02j  6.91810200e-03+8.14877662e-03j
  -1.67189279e-03-7.77562057e-04j  2.35707329e-03+2.02884692e-03j
  -7.97602118e-03-1.45858084e-03j -1.39087620e-02-1.22564945e-02j
   1.04128312e-03+1.16016144e-04j  2.15621926e-03+3.49807415e-03j]
 [ 1.69468806e-01+1.71491747e-01j -6.26722963e-01-6.18466117e-01j
   1.41954038e-02+1.92784441e-02j  2.60046269e-01+2.67586434e-01j
  -3.91979114e-02+3.75710589e-02j -9.00165078e-02-9.63901729e-02j
   4.50732834e-02-1.34248551e-02j  3.14059903e-02+2.83108901e-02j
   1.08937058e-02+8.33087794e-03j -3.10045562e-02-2.84437492e-02j
   3.40038345e-05+3.64649171e-04j  1.29998113e-02+1.24685162e-02j
  -6.05540048e-03-1.62255342e-04j  9.63250884e-03+2.69869515e-03j
   1.87928567e-03-9.24071291e-04j -4.46117528e-03-1.82972109e-03j]
 [ 4.19311211e-03+3.50900323e-03j -1.10817761e-02-1.16443276e-02j
  -6.74822506e-04-9.58040525e-04j -2.91652335e-02-3.03340692e-02j
  -2.91949632e-04+3.53216829e-03j -4.62636027e-03-7.35439455e-03j
  -3.53605896e-03+3.95189596e-04j -1.00050556e-02-1.83782821e-02j
  -1.01407225e-01-9.68674185e-02j  2.52675259e-01+2.41784917e-01j
  -1.70102133e-02-2.43839101e-02j  6.53354946e-01+6.47156873e-01j
   4.13175497e-02-1.59046023e-02j  1.34350402e-02+4.65477715e-03j
   8.07740323e-02+3.96473413e-03j -9.74999159e-04-1.25513302e-02j]
 [-1.68361515e-03-2.34457920e-03j -4.18984153e-04-2.36556100e-04j
  -3.10653037e-02-3.27978693e-02j -1.03595580e-04+4.60629414e-03j
   1.07044279e-03-5.69900955e-05j -3.54122821e-03-2.43249366e-03j
  -9.46154959e-03-1.95922658e-02j -3.94023919e-03-2.47240346e-03j
   2.82168103e-02+3.87758278e-02j  3.01953232e-02+3.03864443e-02j
   6.97482875e-01+6.99314480e-01j  1.97460102e-02+1.40779094e-02j
  -2.56638059e-02-1.87708264e-02j  7.06947012e-02+3.70650185e-02j
  -1.41798575e-02-7.69998033e-03j  8.47016417e-02+4.84926191e-02j]
 [-2.99027581e-02-3.19319195e-02j -9.50552365e-03-7.96244846e-03j
   1.74854882e-03+1.22445332e-03j -1.49001147e-03-1.04353231e-03j
  -1.14585371e-02-1.96786251e-02j  7.88575178e-04-8.37721789e-04j
   4.88755493e-04+1.02727725e-03j -1.73444738e-04-1.62384170e-03j
   6.68616880e-01+6.69961172e-01j  1.87839255e-01+2.06980743e-01j
  -4.03981613e-02-2.80245246e-02j  2.82115497e-02+2.45643041e-02j
   2.40449632e-02-1.32415496e-03j -7.97980203e-02-1.10280522e-01j
   3.87409161e-03-1.20729733e-03j -6.29987115e-03+1.99333505e-02j]
 [-4.96822409e-03-2.22157991e-03j  2.74166055e-02+3.10702721e-02j
  -8.94269218e-04-1.92491854e-03j -1.13667474e-02-1.21187807e-02j
  -6.63503339e-03-1.18789017e-02j  7.42921965e-03+1.56112316e-02j
  -1.69463211e-03+5.30300994e-04j -4.02436973e-03-7.36818786e-03j
   1.85511655e-01+1.67760046e-01j -6.03276185e-01-6.31528771e-01j
   1.13125948e-02+1.50806666e-02j  2.54866706e-01+2.62031932e-01j
   9.19753161e-02+1.58402406e-01j  3.91001923e-02+3.75646227e-02j
   3.36078339e-02-2.17592884e-02j  2.14851168e-03-3.86036096e-03j]
 [ 2.02176782e-03+3.36428946e-03j -3.10770118e-03-4.87854934e-03j
  -2.29802607e-03-4.60229838e-03j -7.20194975e-03-1.34202118e-02j
  -5.22974579e-03-4.35731832e-03j  1.05904621e-02+1.01770218e-02j
  -4.75235788e-03-6.31899687e-03j  2.86754908e-02+2.91023399e-02j
  -1.98361141e-02-2.84182522e-02j  5.63477486e-03-9.51511247e-03j
   6.31484778e-02+1.08268266e-01j -1.13151547e-02-3.35868788e-03j
   1.00483010e-01+9.34308574e-02j -2.46886570e-01-2.34486199e-01j
   3.12244412e-02+2.12342293e-02j -6.53920915e-01-6.45542515e-01j]
 [ 1.74558316e-04-5.68421798e-04j -9.64422963e-04-3.96331441e-04j
  -7.83449477e-03-1.50784454e-02j  1.13853941e-05-4.64561262e-03j
   1.03168575e-03+1.38998470e-03j  8.93463078e-04+1.73205238e-03j
   3.09663776e-02+3.15443687e-02j  1.01925764e-03+3.30419646e-03j
  -9.39425110e-03-8.54948528e-04j  1.34272863e-02-7.67066392e-03j
  -5.17784248e-03-1.11147382e-02j -3.16620824e-03+9.15856775e-02j
  -2.17809112e-02-3.21397020e-02j -2.96150219e-02-3.34624199e-02j
  -7.02892028e-01-7.00178553e-01j -1.58168606e-02-2.78848935e-02j]
 [-7.78271793e-03-1.46958251e-02j  4.74785899e-03-6.70357195e-04j
   4.87837052e-04+3.84175685e-04j -2.27630106e-03-3.92479650e-03j
   2.87144392e-02+2.78229809e-02j  1.14975238e-02+1.55329610e-02j
  -2.29401162e-03-1.35883758e-03j  3.92048467e-04-9.85212506e-04j
   1.35248575e-02+1.58930368e-02j -1.59162209e-01-7.38351680e-02j
  -7.83506861e-05+5.95635535e-04j  4.62918494e-02+7.33252198e-02j
  -6.73557612e-01-6.48185012e-01j -2.02090435e-01-1.99836378e-01j
   4.95804356e-02+2.74854157e-02j -2.17511989e-02-2.59606759e-02j]
 [-6.78624012e-03-7.08580369e-03j  6.48889213e-03+1.25731406e-02j
   1.04241069e-03+1.53812235e-03j -2.67585192e-03-5.87126106e-03j
   8.85220487e-03+8.41846448e-03j -2.75211159e-02-2.74447732e-02j
  -2.92622187e-04+6.58290016e-04j  1.15876500e-02+1.21884585e-02j
   1.04018187e-01+6.66220500e-02j  1.77685988e-02+2.98751241e-02j
  -2.63504698e-02-4.08682727e-02j -6.16241511e-03-2.11031155e-03j
  -1.82515489e-01-1.82041968e-01j  6.26311836e-01+6.15392425e-01j
  -1.17752739e-02-1.43111902e-02j -2.64016484e-01-2.67147956e-01j]]

********* Summary *****************
Final fidelity error 0.06598857463062213
Final penalized l2 error 2.1912587248727104e-05
Final penalized TV regularizer 0.009899548638137592
Final objective value 0.07588812115240041
Final norm value 9.899548638137592
Final l2 value 2.1912587248727104e-05
Final error 4.279950682037225e-07
Terminate reason Exceed the maximum number of iteration of ADMM
Number of iterations 100
Completed in 0:12:13.853496 HH:MM:SS.US
Computational time 733.853496208
Time for each iteration [107.755235041, 26.21927987499997, 129.55814966600002, 44.76315433399998, 145.241087666, 59.820787584000016, 159.403455249, 72.30802329200003, 172.37877295799996, 84.18609837500009, 183.3429952909999, 96.9615135840001, 192.7695379569999, 105.85786304300012, 201.59663774799986, 115.00974571000017, 210.90763237299984, 121.04233446000018, 220.50622687299983, 126.27909321000016, 227.29666599799987, 134.47930783500016, 232.26452324799988, 142.94455671000014, 237.24447216499988, 151.22472662600012, 242.5102491649999, 158.9270152510001, 248.3797175399999, 165.87727291800013, 254.2649835399999, 171.6057743760001, 261.9828064989999, 175.80306366700012, 268.3370615829999, 182.60752466700006, 272.63005458299995, 188.16409487500005, 278.03998075, 192.45413100000002, 284.954329916, 196.652379042, 291.15196316600003, 201.004077042, 297.944812958, 205.05002979200003, 302.14409141600004, 210.91688266699998, 305.42358612400005, 214.99520783399998, 311.163169457, 218.58056591800005, 315.5025627069999, 225.65823141800013, 319.5306334569999, 229.69542854300016, 323.71265603999984, 235.54312008500017, 327.1355084559998, 239.72729708500026, 331.3179363309997, 243.90984400200034, 337.3146476229997, 247.33241341800033, 341.4954064569997, 251.36688645900028, 347.50811966599974, 254.93727875000025, 351.6780695409998, 258.80800512500025, 357.52468470799977, 262.2201069580002, 361.7006716669998, 265.9448309160002, 367.23529279199977, 269.5220018330002, 371.2648067079998, 273.55937287500024, 378.0170445409998, 276.8258326670002, 381.9936808739998, 280.8522833760003, 387.0348522899998, 283.97364266800025, 390.6081566229998, 288.3088817520003, 395.2483326229998, 291.43347096000025, 398.67646149799975, 294.54508350200024, 403.6179145809998, 299.15985379400024, 406.71897083099975, 304.2367351270003, 410.1238014979997, 307.7996440430003, 414.60009116499975, 312.11909983500027, 418.31717341499973, 315.5363227930003]
