Final evolution
[[ 1.24098925e-07+6.51647939e-08j  1.21729784e-05-3.75347454e-04j
  -2.53804621e-10+1.85964911e-11j ...  4.05816994e-13-2.58383522e-13j
  -1.53900579e-19-1.67467205e-19j -3.36776692e-19-3.23234581e-19j]
 [ 1.21722003e-05-3.75347479e-04j  1.28060338e-07-5.69872606e-08j
   1.71180919e-07+2.93033361e-07j ...  5.39233866e-14-5.99296274e-14j
  -3.32392348e-19-3.23672815e-19j -1.69651867e-19-1.50037237e-19j]
 [-2.44242070e-10-6.28392853e-11j  6.20073683e-08+3.29262523e-07j
   1.24096924e-07+6.51684982e-08j ... -1.84541690e-19-4.32710712e-19j
   6.04656775e-14-5.44138321e-14j  4.05824848e-13-2.58371186e-13j]
 ...
 [ 4.08521165e-13-4.37037370e-14j  8.12372273e-14-6.76667606e-15j
  -1.15162403e-19-3.95340100e-19j ...  3.71060398e-08-1.35167013e-07j
   1.97950342e-07+2.70625145e-07j -1.21058368e-10+2.21348383e-10j]
 [ 2.81242554e-20-2.01388924e-19j  4.41359727e-20-4.06939851e-19j
   8.05166137e-14+1.83270562e-15j ...  9.67661334e-08+3.25506529e-07j
   1.29068775e-07-5.46648825e-08j -2.82569296e-04-2.47363063e-04j]
 [ 4.07552415e-20-4.05904071e-19j  6.45180732e-21-2.05158124e-19j
   4.08522493e-13-4.36913193e-14j ... -1.87067156e-10+1.72652925e-10j
  -2.82569809e-04-2.47362477e-04j  3.71101133e-08-1.35165946e-07j]]

********* Summary *****************
Final fidelity error 1.5132748265589413e-07
Final penalized l2 error 9.521022651713545e-07
Final penalized TV regularizer 0.0015067659041003263
Final objective value 0.0015069171787869924
Final norm value 1.5067659041003263
Final l2 value 9.521022651713544e-05
Final error 1.4536551476551111e-06
Terminate reason Exceed the maximum number of iteration of ADMM
Number of iterations 100
Completed in 2:19:28.991257 HH:MM:SS.US
Computational time 8368.99125725
Time for each iteration [929.697345333, 407.1683996669998, 1192.473871958, 725.4257781249999, 1417.3813887910005, 961.0775892919996, 1599.1436753330004, 1163.7727515419997, 1739.8967248330005, 1343.9197038749999, 1929.9261367910003, 1457.9557957499997, 2082.4630346250005, 1544.2699192909995, 2241.7775460000007, 1633.0549209159994, 2330.4372386670007, 1744.6510334989994, 2410.417873834, 1871.2571431239999, 2482.4312116670003, 1954.0214102489995, 2560.5738653760004, 2094.738845498999, 2619.5339649170005, 2166.2788943329992, 2716.7067315830004, 2222.945878791999, 2804.292937374001, 2288.2206030839984, 2925.884854374001, 2346.300247333999, 3005.505514666001, 2408.813787749999, 3089.354885250001, 2474.6569709579985, 3153.6811388750016, 2526.5997464999978, 3202.825362875002, 2587.5531716249975, 3253.8939935830026, 2632.1400510829967, 3340.142201125003, 2684.733840082997, 3393.8714457920028, 2725.584288540997, 3463.084630959003, 2783.1526109569973, 3546.8857664180027, 2860.1623694569967, 3615.1533840430034, 2924.204270081996, 3669.0857015840033, 2966.0119148739964, 3712.9241867090036, 2999.736352331996, 3743.334521334004, 3032.4644660819954, 3765.4983387930047, 3061.929019122995, 3786.8189635850044, 3083.356053414995, 3808.485873001004, 3104.6838080399953, 3829.7316141680044, 3131.6478294979956, 3850.9991791680045, 3157.959416456995, 3873.2018297510044, 3184.174004373995, 3899.835206584005, 3207.1035568319944, 3924.508412751005, 3228.3163681649944, 3945.269918668005, 3251.6639196649944, 3971.1547458760056, 3273.565228831994, 3991.8130225430054, 3294.321293664994, 4012.6092568760055, 3315.1195625399946, 4038.3548452510054, 3336.279787289994, 4059.0403662510057, 3357.0777745819937, 4079.839714251006, 3377.674235248993, 4195.573895251007, 3509.1456353319927, 4277.382771834007, 3572.908289956992, 4333.124426918008, 3625.7600071229917, 4403.600101835008, 3672.1744102479915, 4445.265704085008, 3708.7506095399913, 4573.8067907510085, 3795.1844664989912]
