Final evolution
[[ 6.55077299e-03-4.49880780e-04j  3.87504648e-04-9.99978367e-01j
  -1.00094692e-06-2.72923227e-08j  1.55221812e-05+3.95519130e-06j]
 [ 4.03649888e-04-9.99978361e-01j  6.55041499e-03+4.55063396e-04j
   1.48668934e-05-1.14129475e-06j -1.02877807e-06+5.45565709e-07j]
 [-9.95782837e-07-3.49834133e-07j  1.55324415e-05-3.93603281e-06j
   6.55134808e-03-4.41426914e-04j  1.67793312e-03-9.99977034e-01j]
 [ 1.48665908e-05+1.15956891e-06j -9.96652364e-07+2.25581502e-07j
   1.69407833e-03-9.99977007e-01j  6.54982231e-03+4.63516038e-04j]]

********* Summary *****************
Final fidelity error 2.1766050403160264e-05
Final penalized l2 error 5.991094057415949e-08
Final penalized TV regularizer 0.002961644399692247
Final objective value 0.0029834096600721382
Final norm value 2.961644399692247
Final l2 value 5.991094057415949e-08
Final error 3.995048162006635e-05
Terminate reason Exceed the maximum number of iteration of ADMM
Number of iterations 50
Completed in 0:09:11.674685 HH:MM:SS.US
Computational time 551.674684834
Time for each iteration [85.051972667, 20.859257416999995, 112.14114125000002, 35.68940120899997, 177.561206125, 67.67131624999999, 214.493323542, 85.56017566700004, 221.16166920799995, 89.96777070900006, 225.28708049999992, 93.92071995900014, 236.7884862499998, 107.48450745900024, 239.20156258299974, 114.57509479200027, 245.18906012499977, 117.15148220900025, 249.1563934579997, 120.91787225100026, 251.66896691599973, 123.27909225100026, 253.43622237399975, 125.27237921000025, 255.33973903999973, 127.32305837700025, 257.06788478999977, 129.04180396000027, 258.94456487399975, 143.69134916800022, 269.5908429159998, 149.92932000100018, 272.2064251659998, 154.93358708400024, 275.67616733299974, 157.6141137090002, 277.62732270799984, 179.14585350100015, 292.88570508299983, 198.8163457090002, 295.4368707079998, 209.70835454200017, 303.23979837499985, 220.86076033400013, 309.1615650409998, 225.2988150010002, 312.3029182079997, 227.50585737600022, 318.8017784579997, 232.8729063760003]
