Final evolution
[[ 2.84319389e-01+7.19057015e-03j -1.64190267e-01-1.65678640e-01j
   1.17902200e-02-7.17930104e-01j -4.14584330e-01+4.18208713e-01j
  -1.36795246e-02-2.08561659e-03j  6.91203146e-03+9.00093916e-03j
  -4.95905465e-03+3.45808673e-02j  2.25683485e-02-1.76509654e-02j
   0.00000000e+00+0.00000000e+00j  0.00000000e+00+0.00000000e+00j
   0.00000000e+00+0.00000000e+00j  0.00000000e+00+0.00000000e+00j
   0.00000000e+00+0.00000000e+00j  0.00000000e+00+0.00000000e+00j
   0.00000000e+00+0.00000000e+00j  0.00000000e+00+0.00000000e+00j]
 [ 1.74357564e-01+1.54942877e-01j  2.26328209e-02+2.83508332e-01j
   3.87254189e-01-4.43635985e-01j  7.15215190e-01-6.34812944e-02j
  -7.46843184e-03-8.54491723e-03j  6.41145427e-04-1.38227393e-02j
  -2.14046622e-02+1.90454029e-02j -3.49100909e-02-1.30925746e-03j
   0.00000000e+00+0.00000000e+00j  0.00000000e+00+0.00000000e+00j
   0.00000000e+00+0.00000000e+00j  0.00000000e+00+0.00000000e+00j
   0.00000000e+00+0.00000000e+00j  0.00000000e+00+0.00000000e+00j
   0.00000000e+00+0.00000000e+00j  0.00000000e+00+0.00000000e+00j]
 [-2.83535261e-01-6.59674464e-01j -2.06722947e-01+5.51402138e-01j
   2.60291153e-01-1.14619957e-01j -2.19127489e-01-7.99437258e-02j
   9.65189808e-03+3.35748338e-02j  1.33497659e-02-2.53509504e-02j
  -1.32645740e-02+3.94084563e-03j  1.00879823e-02+5.19862450e-03j
   0.00000000e+00+0.00000000e+00j  0.00000000e+00+0.00000000e+00j
   0.00000000e+00+0.00000000e+00j  0.00000000e+00+0.00000000e+00j
   0.00000000e+00+0.00000000e+00j  0.00000000e+00+0.00000000e+00j
   0.00000000e+00+0.00000000e+00j  0.00000000e+00+0.00000000e+00j]
 [ 1.71371473e-01-5.63391971e-01j  6.26343298e-01-3.51079358e-01j
   2.23752353e-01+6.58994689e-02j  1.41256082e-01+2.46852058e-01j
  -1.17167403e-02+2.61458397e-02j -3.23790248e-02+1.31159201e-02j
  -1.03970919e-02-4.54901796e-03j -5.30869160e-03-1.27787708e-02j
   0.00000000e+00+0.00000000e+00j  0.00000000e+00+0.00000000e+00j
   0.00000000e+00+0.00000000e+00j  0.00000000e+00+0.00000000e+00j
   0.00000000e+00+0.00000000e+00j  0.00000000e+00+0.00000000e+00j
   0.00000000e+00+0.00000000e+00j  0.00000000e+00+0.00000000e+00j]
 [-1.08215743e-02+8.62396192e-03j  1.13009569e-02+1.03993178e-03j
   2.20135055e-02+2.71262636e-02j  2.37243291e-03-2.85527319e-02j
  -2.42933901e-01+1.47892998e-01j  2.27745543e-01+5.03966584e-02j
   3.78794794e-01+6.09981268e-01j  1.22130743e-01-5.76075321e-01j
   0.00000000e+00+0.00000000e+00j  0.00000000e+00+0.00000000e+00j
   0.00000000e+00+0.00000000e+00j  0.00000000e+00+0.00000000e+00j
   0.00000000e+00+0.00000000e+00j  0.00000000e+00+0.00000000e+00j
   0.00000000e+00+0.00000000e+00j  0.00000000e+00+0.00000000e+00j]
 [-1.13441399e-02-3.21828296e-04j -9.71012572e-03-9.85863314e-03j
  -5.58601955e-04+2.86456785e-02j -2.46709960e-02+2.47339960e-02j
  -2.30481028e-01-3.58657382e-02j -1.72527801e-01-2.26104792e-01j
  -8.53859701e-02+5.82655928e-01j -5.66944614e-01+4.40609178e-01j
   0.00000000e+00+0.00000000e+00j  0.00000000e+00+0.00000000e+00j
   0.00000000e+00+0.00000000e+00j  0.00000000e+00+0.00000000e+00j
   0.00000000e+00+0.00000000e+00j  0.00000000e+00+0.00000000e+00j
   0.00000000e+00+0.00000000e+00j  0.00000000e+00+0.00000000e+00j]
 [ 3.11984812e-02+1.57188859e-02j -9.54020314e-03-2.70161333e-02j
  -6.11646490e-03+1.24124150e-02j  1.06671684e-02-3.87357746e-03j
   5.95547632e-01+4.01105548e-01j -1.24742766e-01-5.75515366e-01j
  -1.56780612e-01+2.37295299e-01j  2.27514583e-01-5.14292735e-02j
   0.00000000e+00+0.00000000e+00j  0.00000000e+00+0.00000000e+00j
   0.00000000e+00+0.00000000e+00j  0.00000000e+00+0.00000000e+00j
   0.00000000e+00+0.00000000e+00j  0.00000000e+00+0.00000000e+00j
   0.00000000e+00+0.00000000e+00j  0.00000000e+00+0.00000000e+00j]
 [ 1.12327425e-02+2.63573980e-02j -1.23642103e-02+3.26734588e-02j
  -1.04003113e-02+4.54165279e-03j -1.29848521e-02-4.78255216e-03j
   1.60956047e-01+5.66455510e-01j -3.36512206e-01+6.34288719e-01j
  -2.23798972e-01+6.57409736e-02j -2.52413245e-01-1.31060189e-01j
   0.00000000e+00+0.00000000e+00j  0.00000000e+00+0.00000000e+00j
   0.00000000e+00+0.00000000e+00j  0.00000000e+00+0.00000000e+00j
   0.00000000e+00+0.00000000e+00j  0.00000000e+00+0.00000000e+00j
   0.00000000e+00+0.00000000e+00j  0.00000000e+00+0.00000000e+00j]
 [ 0.00000000e+00+0.00000000e+00j  0.00000000e+00+0.00000000e+00j
   0.00000000e+00+0.00000000e+00j  0.00000000e+00+0.00000000e+00j
   0.00000000e+00+0.00000000e+00j  0.00000000e+00+0.00000000e+00j
   0.00000000e+00+0.00000000e+00j  0.00000000e+00+0.00000000e+00j
  -2.80346750e-01+4.79053103e-02j  1.93119889e-01+1.30814999e-01j
   1.27211379e-01+7.06668174e-01j  3.25923080e-01-4.90461864e-01j
   1.38246715e-02-5.98036265e-04j -8.52158546e-03-7.49504275e-03j
  -1.81912130e-03-3.48872384e-02j -1.87306685e-02+2.16806133e-02j]
 [ 0.00000000e+00+0.00000000e+00j  0.00000000e+00+0.00000000e+00j
   0.00000000e+00+0.00000000e+00j  0.00000000e+00+0.00000000e+00j
   0.00000000e+00+0.00000000e+00j  0.00000000e+00+0.00000000e+00j
   0.00000000e+00+0.00000000e+00j  0.00000000e+00+0.00000000e+00j
  -2.01020146e-01-1.18316340e-01j -7.70094149e-02-2.73785992e-01j
  -2.94193210e-01+5.10126504e-01j -6.89454134e-01+2.00538376e-01j
   8.97934030e-03+6.94006717e-03j  2.04294702e-03+1.36859620e-02j
   1.73193794e-02-2.28238040e-02j  3.45047297e-02-5.46371933e-03j]
 [ 0.00000000e+00+0.00000000e+00j  0.00000000e+00+0.00000000e+00j
   0.00000000e+00+0.00000000e+00j  0.00000000e+00+0.00000000e+00j
   0.00000000e+00+0.00000000e+00j  0.00000000e+00+0.00000000e+00j
   0.00000000e+00+0.00000000e+00j  0.00000000e+00+0.00000000e+00j
   4.05705578e-01+5.92423520e-01j  9.62353080e-02-5.80962529e-01j
  -2.33225176e-01+1.62773574e-01j  2.30447971e-01+3.60775294e-02j
  -1.59600228e-02-3.10758150e-02j -8.19751674e-03+2.74533724e-02j
   1.22526043e-02-6.43062023e-03j -1.09026290e-02-3.15051832e-03j]
 [ 0.00000000e+00+0.00000000e+00j  0.00000000e+00+0.00000000e+00j
   0.00000000e+00+0.00000000e+00j  0.00000000e+00+0.00000000e+00j
   0.00000000e+00+0.00000000e+00j  0.00000000e+00+0.00000000e+00j
   0.00000000e+00+0.00000000e+00j  0.00000000e+00+0.00000000e+00j
  -5.92329164e-02+5.85892615e-01j -5.46664433e-01+4.65532642e-01j
  -2.32270785e-01-2.14041565e-02j -1.86309470e-01-2.14890671e-01j
   6.44163613e-03-2.79175976e-02j  2.92329488e-02-1.91275537e-02j
   1.10803364e-02+2.45341183e-03j  7.67875893e-03+1.15115529e-02j]
 [ 0.00000000e+00+0.00000000e+00j  0.00000000e+00+0.00000000e+00j
   0.00000000e+00+0.00000000e+00j  0.00000000e+00+0.00000000e+00j
   0.00000000e+00+0.00000000e+00j  0.00000000e+00+0.00000000e+00j
   0.00000000e+00+0.00000000e+00j  0.00000000e+00+0.00000000e+00j
   8.95041436e-03-1.05531641e-02j -1.12888307e-02+1.16421002e-03j
  -2.68419367e-02-2.23593165e-02j  3.19168965e-03+2.84727949e-02j
   2.09763470e-01-1.92063807e-01j -2.33191893e-01-5.42184567e-03j
  -4.89562474e-01-5.25253488e-01j -8.46917545e-03+5.88818280e-01j]
 [ 0.00000000e+00+0.00000000e+00j  0.00000000e+00+0.00000000e+00j
   0.00000000e+00+0.00000000e+00j  0.00000000e+00+0.00000000e+00j
   0.00000000e+00+0.00000000e+00j  0.00000000e+00+0.00000000e+00j
   0.00000000e+00+0.00000000e+00j  0.00000000e+00+0.00000000e+00j
   1.11923866e-02-1.87711668e-03j  1.14327005e-02+7.79567497e-03j
  -4.98927658e-03-2.82133666e-02j  1.94244748e-02-2.90365009e-02j
   2.33066890e-01-9.36378575e-03j  2.12980823e-01+1.88489756e-01j
  -2.88546084e-02-5.88171834e-01j  4.71079551e-01-5.41891779e-01j]
 [ 0.00000000e+00+0.00000000e+00j  0.00000000e+00+0.00000000e+00j
   0.00000000e+00+0.00000000e+00j  0.00000000e+00+0.00000000e+00j
   0.00000000e+00+0.00000000e+00j  0.00000000e+00+0.00000000e+00j
   0.00000000e+00+0.00000000e+00j  0.00000000e+00+0.00000000e+00j
  -3.36485735e-02-9.39159743e-03j  1.45826073e-02+2.46624107e-02j
   3.60172351e-03-1.33606428e-02j -9.71719217e-03+5.86253025e-03j
  -6.61850445e-01-2.78418088e-01j  2.33639757e-01+5.40547091e-01j
   1.07953256e-01-2.63126041e-01j -2.13281864e-01+9.44388797e-02j]
 [ 0.00000000e+00+0.00000000e+00j  0.00000000e+00+0.00000000e+00j
   0.00000000e+00+0.00000000e+00j  0.00000000e+00+0.00000000e+00j
   0.00000000e+00+0.00000000e+00j  0.00000000e+00+0.00000000e+00j
   0.00000000e+00+0.00000000e+00j  0.00000000e+00+0.00000000e+00j
  -1.61158867e-02-2.36889242e-02j  5.81507501e-03-3.44472569e-02j
   9.32622620e-03-6.46642014e-03j  1.36644315e-02+2.18231524e-03j
  -2.67418700e-01-5.24657920e-01j  2.07554223e-01-6.87374634e-01j
   2.06869816e-01-1.07762399e-01j  2.72986967e-01+7.97955824e-02j]]

********* Summary *****************
Final fidelity error 0.6233805804697947
Final penalized l2 error 0.03326541319914736
Final penalized TV regularizer 0.0002926672236155546
Final objective value 0.6236732256034047
Final norm value 2.9266722361555457
Final l2 value 0.3326541319914736
Final error 2.0814070114392868e-08
Terminate reason Exceed the maximum number of iteration of ADMM
Number of iterations 100
Completed in 0:03:21.000084 HH:MM:SS.US
Computational time 201.00008416699998
Time for each iteration [44.348761417, 6.5162851669999995, 49.604403042, 10.960580083000004, 54.023627709, 13.984734332999984, 57.030170209000026, 16.89430495799997, 59.41398608400004, 19.28556124999995, 61.94623345900006, 21.15358808299994, 64.32839404200007, 22.907306707999936, 65.83748033400008, 24.75062716599993, 67.33576425100006, 26.599834332999933, 69.16644133400007, 28.13758295799994, 70.94526054200006, 29.993615916999943, 72.68915295800005, 31.544423750999954, 74.33957366600004, 33.05530116799997, 75.83345699900002, 34.57266200099997, 77.37310504100003, 36.07501208399998, 78.88673004100002, 37.57206733399997, 80.37556691600003, 39.08224183399997, 81.95647745800002, 40.607907583999975, 83.49016870800003, 42.13914920899995, 85.02822862500003, 43.57614683399996, 86.49661887500002, 44.77815074999998, 87.84606041700002, 45.932551666999984, 88.99105270800001, 47.080146583999976, 90.138704125, 48.228398958999975, 91.28445350000001, 49.382326208999984, 92.433079375, 50.62624749999998, 93.58562408400002, 51.77798874999996, 94.72945254200002, 53.107375874999974, 95.88631200000003, 54.25580104199997, 97.03538783300002, 55.39901383399999, 98.183650916, 56.54657662599999, 99.332129208, 57.690292376, 100.47378429099999, 58.836983293, 101.627058957, 59.985748459999996, 102.779442415, 61.31581966899998, 103.927485415, 62.472849669, 105.252316081, 63.61963837799999, 106.402149122, 64.94749850299999, 107.555343706, 66.09678854399999, 108.88271141499999, 67.27185162700002, 110.04883420699997, 68.68764471000003, 111.24123845699995, 69.87200196000003, 112.62326599899995, 71.02695146000005, 113.77462599899994, 72.38179079300005, 114.94732466599993, 73.54541325100007, 116.31538124899993, 74.73989871000006, 117.47521974899993, 76.08345096000005, 118.66921291499995, 77.23487471000004, 120.00594245699995, 78.41527746000006, 121.19307170699994, 79.80701246000004]
Final evolution
[[ 5.67490544e-01+0.09051386j  3.27625250e-01+0.05845386j
   2.71924708e-02-0.02397035j -1.59552342e-01-0.03471584j
   2.96808345e-01+0.05533478j  1.71269088e-01+0.03520136j
   1.46110576e-02-0.01221591j -8.33215950e-02-0.02042498j
   3.07691047e-02+0.0072465j   1.77387952e-02+0.00452361j
   1.58813797e-03-0.00120574j -8.61361476e-03-0.0025458j
   5.21631268e-01+0.09841046j  3.00987629e-01+0.06253772j
   2.57349638e-02-0.02142244j -1.46416570e-01-0.03622572j]
 [ 5.39678963e-02-0.01227187j -5.75925171e-02+0.08019658j
  -6.66328207e-01-0.11005625j  6.50575263e-04-0.00720968j
   2.85130732e-02-0.00570392j -3.13498859e-02+0.04132887j
  -3.48450422e-01-0.06695644j  4.40732658e-04-0.00377766j
   3.01003661e-03-0.00045634j -3.48188818e-03+0.00416816j
  -3.61128580e-02-0.00871586j  6.46680596e-05-0.00039291j
   5.01524924e-02-0.00992066j -5.52748104e-02+0.07254477j
  -6.12383044e-01-0.11903863j  7.89168956e-04-0.00664011j]
 [-3.31674431e-01-0.0489718j   5.78770488e-01+0.09422684j
  -4.85806842e-02-0.09563714j  2.64655091e-02-0.02241593j
  -1.73526019e-01-0.03027691j  3.02681678e-01+0.05743983j
  -2.42012397e-02-0.05089698j  1.42078958e-02-0.0114095j
  -1.79990462e-02-0.00401969j  3.13730065e-02+0.00749554j
  -2.28078353e-03-0.00544197j  1.54200884e-03-0.00112338j
  -3.04974327e-01-0.05388821j  5.31949646e-01+0.10213372j
  -4.23575152e-02-0.08957723j  2.50230861e-02-0.02000615j]
 [ 1.49214500e-01+0.03157596j  6.63904706e-02-0.01429564j
   2.39752171e-03+0.00613367j  6.53621812e-01+0.11760387j
   7.79351902e-02+0.01863387j  3.50653372e-02-0.00659617j
   1.17494060e-03+0.0032544j   3.41673208e-01+0.07074597j
   8.05909385e-03+0.002332j    3.69968101e-03-0.00051743j
   1.06877189e-04+0.00034613j  3.53854416e-02+0.00907886j
   1.36953110e-01+0.03305627j  6.16758819e-02-0.01146462j
   2.05344324e-03+0.00572624j  6.00453197e-01+0.12567565j]
 [-4.71077882e-01-0.07568706j -2.71958152e-01-0.04884193j
  -2.25994574e-02+0.01987584j  1.32436745e-01+0.02897414j
   6.42063937e-01+0.11859139j  3.70505805e-01+0.07550565j
   3.15530292e-02-0.02647038j -1.80261238e-01-0.04386889j
  -1.59962150e-01-0.0260929j  -9.23436333e-02-0.01681212j
  -7.69308790e-03+0.00673342j  4.49648042e-02+0.00994988j
   1.51996050e-01+0.02922343j  8.76977455e-02+0.01853992j
   7.52546521e-03-0.00622019j -4.26550121e-02-0.01071113j]
 [-4.48188946e-02+0.01013773j  4.78925643e-02-0.06652933j
   5.53120144e-01+0.09200585j -5.46970184e-04+0.00598528j
   6.16404221e-02-0.01243811j -6.76463899e-02+0.08948922j
  -7.53784700e-01-0.14353715j  9.39450921e-04-0.00817098j
  -1.52330537e-02+0.00340738j  1.63229285e-02-0.02256093j
   1.87818388e-01+0.03170291j -1.90660744e-04+0.00203273j
   1.46333965e-02-0.00284176j -1.61904769e-02+0.02109634j
  -1.78436290e-01-0.0353302j   2.36839801e-04-0.00193531j]
 [ 2.75328992e-01+0.0409732j  -4.80439631e-01-0.07878047j
   4.02439692e-02+0.07944949j -2.19944202e-02+0.01858595j
  -3.75368737e-01-0.0648481j   6.54772944e-01+0.12312245j
  -5.25204754e-02-0.10997995j  3.06840855e-02-0.02472501j
   9.34950816e-02+0.01414188j -1.63139795e-01-0.02715132j
   1.36062704e-02+0.02702138j -7.48651210e-03+0.00629574j
  -8.88689510e-02-0.01602196j  1.55000879e-01+0.03031951j
  -1.22596230e-02-0.02616166j  7.31646104e-03-0.00580796j]
 [-1.23856642e-01-0.02635745j -5.51347521e-02+0.01180623j
  -1.98475530e-03-0.0050948j  -5.42563413e-01-0.09826029j
   1.68606374e-01+0.04001499j  7.58068171e-02-0.01439134j
   2.55263708e-03+0.00703357j  7.39142312e-01+0.15175672j
  -4.20522954e-02-0.00905404j -1.87386696e-02+0.0039658j
  -6.70080450e-04-0.0017323j  -1.84227226e-01-0.03381896j
   3.98988962e-02+0.00977739j  1.79949226e-02-0.00328026j
   5.92928693e-04+0.00167173j  1.74951084e-01+0.0372533j ]
 [-2.20361528e-01-0.03684489j -1.27201662e-01-0.02368108j
  -1.06416510e-02+0.00923973j  6.19285313e-02+0.01396205j
  -1.79039628e-02-0.0014304j  -1.03515471e-02-0.00101893j
  -7.88574339e-04+0.00081349j  5.05647198e-03+0.00069093j
   7.69538396e-01+0.13966278j  4.44091846e-01+0.08906418j
   3.76971968e-02-0.03182511j -2.16089440e-01-0.05187682j
   2.01361466e-01+0.04120236j  1.16153802e-01+0.02600177j
   1.00906061e-02-0.00814049j -5.64689275e-02-0.01489565j]
 [-2.10171141e-02+0.00461355j  2.26244193e-02-0.03101034j
   2.58730034e-01+0.04473079j -2.73958489e-04+0.00280104j
  -1.65151411e-03+0.00051455j  1.59809162e-03-0.00263988j
   2.10314806e-02+0.00179724j -2.61316992e-06+0.00022624j
   7.37896712e-02-0.01512863j -8.06968723e-02+0.10744672j
  -9.03456099e-01-0.16912786j  1.09488114e-03-0.00979111j
   1.94753041e-02-0.00354237j -2.18309414e-02+0.02775651j
  -2.36372840e-01-0.04972834j  3.45025525e-04-0.00256599j]
 [ 1.28803538e-01+0.02000651j -2.24736046e-01-0.03832131j
   1.86079188e-02+0.03732295j -1.03544927e-02+0.00863753j
   1.04544909e-02+0.00071356j -1.82645252e-02-0.00151846j
   1.74794596e-03+0.00286095j -7.69730245e-04+0.00076327j
  -4.49877208e-01-0.07627991j  7.84778767e-01+0.14504296j
  -6.33214012e-02-0.13154387j  3.66628345e-02-0.02973118j
  -1.17748689e-01-0.02267688j  2.05334024e-01+0.04270518j
  -1.58655942e-02-0.03493136j  9.80658060e-03-0.00759642j]
 [-5.79186067e-02-0.0127112j  -2.58525917e-02+0.0053641j
  -9.14201258e-04-0.0023916j  -2.53768100e-01-0.04762804j
  -4.72666795e-03-0.00061841j -2.03362894e-03+0.00060804j
  -8.97262623e-05-0.00018525j -2.06540513e-02-0.00206354j
   2.02114299e-01+0.04730384j  9.07516175e-02-0.01752108j
   3.08388075e-03+0.00841565j  8.85947330e-01+0.17902822j
   5.28240518e-02+0.01361232j  2.39457115e-02-0.00407155j
   7.60914167e-04+0.0022291j   2.31714775e-01+0.05222686j]
 [-3.05512081e-01-0.05516245j -1.76310575e-01-0.03519428j
  -1.49522024e-02+0.01264622j  8.57935397e-02+0.0205147j
  -4.22984280e-01-0.08644657j -2.43996314e-01-0.05455967j
  -2.11914881e-02+0.01710427j  1.18621515e-01+0.03126063j
  -2.50771705e-01-0.04825966j -1.44688233e-01-0.03061437j
  -1.24181377e-02+0.01026061j  7.03739384e-02+0.01768465j
   5.84437667e-01+0.12093961j  3.37113935e-01+0.07625154j
   2.93530814e-02-0.02357289j -1.63875598e-01-0.04361734j]
 [-2.92847984e-02+0.00603161j  3.19934981e-02-0.04267901j
   3.58680186e-01+0.06681042j -4.31098158e-04+0.0038869j
  -4.09065164e-02+0.00745047j  4.58425772e-02-0.05831393j
   4.96530610e-01+0.10433821j -7.23461131e-04+0.00539009j
  -2.41446291e-02+0.00468446j  2.67189087e-02-0.03480246j
   2.94394018e-01+0.05834287j -3.91319710e-04+0.00319302j
   5.65742500e-02-0.01016059j -6.35705518e-02+0.0804572j
  -6.86046967e-01-0.14592267j  1.01841200e-03-0.00744877j]
 [ 1.78602450e-01+0.0301176j  -3.11563550e-01-0.05729261j
   2.51820248e-02+0.0521926j  -1.45423705e-02+0.01181468j
   2.47344758e-01+0.04757487j -4.31329464e-01-0.08960131j
   3.33433195e-02+0.07336617j -2.05951564e-02+0.01596129j
   1.46621341e-01+0.02646031j -2.55729093e-01-0.05006897j
   2.02197958e-02+0.04316795j -1.20731811e-02+0.00958052j
  -3.41766525e-01-0.06660716j  5.95963293e-01+0.12532905j
  -4.58444968e-02-0.10153423j  2.85248344e-02-0.02199486j]
 [-8.02445825e-02-0.0187045j  -3.60168496e-02+0.00698735j
  -1.22713519e-03-0.00333942j -3.51733767e-01-0.07074656j
  -1.10964743e-01-0.02856677j -5.02964358e-02+0.00856425j
  -1.59942069e-03-0.0046819j  -4.86747489e-01-0.10958871j
  -6.58268580e-02-0.01614328j -2.96909764e-02+0.00540697j
  -9.77800733e-04-0.00275837j -2.88643183e-01-0.06151483j
   1.53300066e-01+0.03986735j  6.95586067e-02-0.01166838j
   2.19513226e-03+0.00647766j  6.72505004e-01+0.1531477j ]]

********* Summary *****************
Final fidelity error 0.321917641111363
Final penalized l2 error 0.0012536980828711105
Final penalized TV regularizer 0.0008243066407195276
Final objective value 0.32274194364002107
Final norm value 8.243066407195276
Final l2 value 0.012536980828711105
Final error 2.0751255956531397e-07
Terminate reason Exceed the maximum number of iteration of ADMM
Number of iterations 100
Completed in 0:06:11.248720 HH:MM:SS.US
Computational time 371.24872037499995
Time for each iteration [48.919408625, 13.590073333999996, 63.17505258300001, 24.264300416999987, 70.93370895800001, 30.860883666999996, 78.16615129200001, 37.460476791999994, 84.000981083, 42.65656345900001, 89.39482325, 47.20487291699999, 94.047662, 52.16890916700001, 98.37516754199999, 56.180169542000016, 102.08213916699998, 59.68292450000001, 106.09530908399998, 63.390644166000016, 109.69340325099998, 66.98204454100002, 113.18650733399997, 70.68029095800003, 116.88086170899996, 74.38051425000003, 120.26941912499996, 78.07500079200005, 123.02481745799994, 81.14605300100007, 126.71007812399992, 83.89687883500008, 129.55739291499992, 87.47570537700008, 132.82505691499992, 90.22547396000007, 135.58325003999994, 93.69358333500006, 138.72973812399994, 96.53705137600005, 141.97978554099996, 99.59003675100004, 145.12921387399996, 102.73917358500003, 148.27814503999997, 105.89806191900001, 151.11114074799994, 109.14350612700011, 153.94263749799987, 111.66168412700014, 156.4649145399999, 114.28897275200003, 158.973276998, 116.69432150200007, 161.4944283319999, 119.20782975200015, 164.1052107899998, 121.72598325200019, 166.4129774149998, 123.93899504400017, 168.32400866499987, 126.04403725200015, 170.5218288319999, 128.21017175200015, 172.62715441499986, 130.3229685850001, 174.82863562399987, 132.33545204300012, 176.9432927909999, 134.44250887600012, 178.9560186659999, 136.55730725100008, 180.9655311239999, 138.66397537600014, 182.8780851659998, 140.77466279300015, 184.8804674569998, 142.87967987700014, 186.8976711229998, 144.78650854400016, 188.80290570599985, 146.79658946100014, 190.91613758099984, 148.8117179610002, 192.92651466399982, 150.71386171100013, 195.0334787479999, 152.82251687700008, 196.8370731229999, 154.8319494190001, 198.9419900809999, 156.63932596100014, 200.94675783099981, 158.64891566900016, 202.96079903999978, 160.55445696000024, 204.97038074899982, 162.46331271000017, 206.9762078739998, 164.27251250100014]
