Final evolution
[[ 5.72573384e-03-4.66353995e-04j -2.60692922e-03-9.99980101e-01j
   8.14260984e-08-7.57114040e-08j  1.60754877e-07-1.50188222e-07j]
 [-2.61226422e-03-9.99980087e-01j  5.72808987e-03+4.36463539e-04j
   1.61102893e-07-1.54745062e-07j  8.04876112e-08-7.63960476e-08j]
 [ 7.91991672e-08+7.80507097e-08j  1.60486363e-07+1.50454125e-07j
   5.72626631e-03-4.59769663e-04j -1.45704995e-03-9.99982438e-01j]
 [ 1.60854545e-07+1.55007792e-07j  7.98439503e-08+7.70873019e-08j
  -1.46238496e-03-9.99982430e-01j  5.72758420e-03+4.43049984e-04j]]

********* Summary *****************
Final fidelity error 1.666617795081926e-05
Final penalized l2 error 2.4314558081547124e-07
Final penalized TV regularizer 0.002753721844143312
Final objective value 0.002770388022094353
Final norm value 2.753721844143312
Final l2 value 2.4314558081547124e-07
Final error 1.3058686927681913e-06
Terminate reason Exceed the maximum number of iteration of ADMM
Number of iterations 50
Completed in 0:00:50.047122 HH:MM:SS.US
Computational time 50.047121709
Time for each iteration [3.712197292, 2.3173931250000006, 5.165164084, 4.229266625000002, 6.970848666999998, 5.935111083000003, 8.635733791999996, 7.496404667000004, 10.090450374999996, 9.119957959000004, 11.515435832999994, 10.559506501000005, 12.792589248999995, 11.920085168000004, 14.021520998999996, 13.180133210000005, 14.715708873999994, 13.890563668000002, 15.962184498999996, 14.586955501000002, 16.690987248999996, 15.802877710000004, 17.275522373999998, 17.231834168000006, 17.920551499, 17.944251585000004, 19.099000873999998, 18.517003710000004, 19.716883789999997, 19.792232002000006, 20.357857456999994, 20.43285037700001, 20.990870456999993, 21.03811121000001, 21.47693912399999, 21.45462941800001, 22.027743206999993, 21.89291162700001, 22.259937789999995, 22.971451335000005, 22.616757874, 23.449999876, 23.312003208, 23.789701459, 23.861906291000004, 24.377191333999995, 24.309007875000006, 24.878462209, 24.646111041000005, 25.401010667999998]
