Final evolution
[[ 7.17904072e-04-8.43493720e-05j -7.51571981e-03-9.99971495e-01j
  -9.49740030e-07-5.81127897e-08j -7.30400307e-08+1.93940218e-07j]
 [-7.59313068e-03-9.99970911e-01j  7.19096517e-04+7.34933462e-05j
  -1.99985388e-07+1.25048510e-07j -9.57474027e-07+9.12200578e-08j]
 [-9.58522847e-07-7.71527413e-08j -7.59054627e-08-1.94193688e-07j
   7.17920291e-04-8.42112212e-05j -7.32329108e-03-9.99972923e-01j]
 [-2.01833588e-07-1.23394624e-07j -9.48518419e-07+7.20980493e-08j
  -7.40070206e-03-9.99972353e-01j  7.19082362e-04+7.36317234e-05j]]

********* Summary *****************
Final fidelity error 2.6662900898255515e-07
Final penalized l2 error 1.5333162741468695e-08
Final penalized TV regularizer 3.8106432270330625e-05
Final objective value 3.8373032327472256e-05
Final norm value 3.810643227033062
Final l2 value 1.5333162741468695e-08
Final error 3.18126890864891e-14
Terminate reason Exceed the maximum number of iteration of ADMM
Number of iterations 100
Completed in 0:00:14.931665 HH:MM:SS.US
Computational time 14.931665417
Time for each iteration [2.2759520420000006, 1.2046262499999996, 3.1821727500000003, 1.5534404999999998, 3.4201419579999994, 1.6933363340000005, 3.5239129159999996, 1.7955169589999995, 3.627276083000001, 1.9022942919999997, 3.7323649580000007, 2.005817291999999, 3.835340500000002, 2.1090083749999975, 3.9380647080000015, 2.2123037919999975, 4.042403000000003, 2.3154884169999965, 4.144727458000003, 2.4188738339999967, 4.247571874000003, 2.5217298339999976, 4.3599927910000025, 2.630277708999997, 4.463403416000003, 2.7326460419999963, 4.567740875000003, 2.837306791999997, 4.674153416000002, 2.9423257919999974, 4.779176666000002, 3.053483041999997, 4.888445875000003, 3.1575100829999974, 4.993760625000003, 3.2608289999999966, 5.1037760420000025, 3.370253749999997, 5.207402625000003, 3.4783181669999967, 5.318846166000003, 3.5860775419999973, 5.429585000000002, 3.6891825419999984, 5.536004833000001, 3.7928989169999996, 5.6388384579999995, 3.9002620840000004, 5.7448672489999995, 4.003416584000001, 5.8495554159999985, 4.110080042000001, 5.952676082999999, 4.214252792000001, 6.058862874999998, 4.3199527500000015, 6.167012374999998, 4.424144458000002, 6.270197374999998, 4.526651208000001, 6.373734749999998, 4.629257208000001, 6.476120458999998, 4.732670083000001, 6.580494791999999, 4.837159416000001, 6.684464083999999, 4.941225333000001, 6.788724958999999, 5.045857208, 6.894575084, 5.150264790999999, 6.998594459, 5.254347166, 7.102815251, 5.358757290999999, 7.206560917, 5.461550625, 7.309633208, 5.564904167000001, 7.412807665999998, 5.667691876000002, 7.5160692489999965, 5.770612459000005, 7.619178165999993, 5.873677001000007, 7.722172706999994, 5.976953876000006, 7.8252815409999945, 6.079411876000004, 7.928454206999997, 6.182429210000001, 8.031297457, 6.285042292999998, 8.134165290000002, 6.387098042999996, 8.236577415000003, 6.489271542999996, 8.339427165000004, 6.592238251999996]
Final evolution
[[ 7.17904072e-04-8.43493720e-05j -7.51571981e-03-9.99971495e-01j
  -9.49740030e-07-5.81127897e-08j -7.30400307e-08+1.93940218e-07j]
 [-7.59313068e-03-9.99970911e-01j  7.19096517e-04+7.34933462e-05j
  -1.99985388e-07+1.25048510e-07j -9.57474027e-07+9.12200578e-08j]
 [-9.58522847e-07-7.71527413e-08j -7.59054627e-08-1.94193688e-07j
   7.17920291e-04-8.42112212e-05j -7.32329108e-03-9.99972923e-01j]
 [-2.01833588e-07-1.23394624e-07j -9.48518419e-07+7.20980493e-08j
  -7.40070206e-03-9.99972353e-01j  7.19082362e-04+7.36317234e-05j]]

********* Summary *****************
Final fidelity error 2.6662900898255515e-07
Final penalized l2 error 1.5333162741468695e-08
Final penalized TV regularizer 3.8106432270330625e-05
Final objective value 3.8373032327472256e-05
Final norm value 3.810643227033062
Final l2 value 1.5333162741468695e-08
Final error 3.18126890864891e-14
Terminate reason Exceed the maximum number of iteration of ADMM
Number of iterations 100
Completed in 0:00:14.661406 HH:MM:SS.US
Computational time 14.661405708
Time for each iteration [1.880522375, 1.126441625, 2.617523125, 1.4567282920000002, 2.844095041, 1.592039291999999, 2.9448230410000003, 1.6933071259999988, 3.0471209570000015, 1.793786042999999, 3.1471037490000002, 1.8948281260000002, 3.248000124, 1.9967907510000007, 3.349335374, 2.098452793, 3.4505040399999993, 2.200170793, 3.551585749, 2.301683959, 3.652594957999999, 2.4023143340000015, 3.753757123999999, 2.5038687510000006, 3.855521581999999, 2.6051265850000007, 3.9563456649999997, 2.7063035430000006, 4.057773373999999, 2.8061552090000017, 4.158321415999999, 2.907527334000001, 4.260167457999999, 3.0086224590000015, 4.361308540999999, 3.110814084000001, 4.462229373999999, 3.2113422930000013, 4.563705039999999, 3.312956002, 4.6634582060000005, 3.413160502000001, 4.7640765400000005, 3.5138061269999996, 4.865078748000001, 3.616822501999999, 4.971004331000002, 3.7185615019999974, 5.072560373000001, 3.8192882520000007, 5.1742922899999995, 3.9479427100000004, 5.324552581999998, 4.094303293, 5.516061664999998, 4.217118710000002, 5.6444220819999975, 4.355324126000004, 5.749459998999995, 4.463980209000007, 5.860243332999992, 4.570153584000008, 5.96498933299999, 4.674439792000009, 6.129052540999992, 4.789505709000008, 6.235682290999992, 4.903309751000006, 6.366119456999992, 5.022482751000006, 6.476088873999994, 5.1328619590000075, 6.607585498999991, 5.2457460010000085, 6.7130994569999904, 5.35026987600001, 6.821147123999988, 5.453514084000013, 6.9234700829999865, 5.5577796670000135, 7.029428624999986, 5.669051875000016, 7.146845207999983, 5.773669625000019, 7.253680957999982, 5.876255459000018, 7.357929415999982, 5.979783626000018, 7.461441290999981, 6.083690917000021, 7.564008540999981, 6.187249751000018, 7.6684269989999825, 6.290903001000019, 7.776840873999983, 6.435059126000017, 7.888894623999984, 6.558702668000017, 7.997457748999984, 6.663947959000017]
