Final evolution
[[0.46442544-0.03996383j 0.        +0.j         0.        +0.j
  0.06505421-0.88231505j 0.        +0.j         0.        +0.j
  0.        +0.j         0.        +0.j         0.        +0.j
  0.        +0.j         0.        +0.j         0.        +0.j
  0.        +0.j         0.        +0.j         0.        +0.j
  0.        +0.j        ]
 [0.        +0.j         0.46010441+0.0344165j  0.06602299-0.88473747j
  0.        +0.j         0.        +0.j         0.        +0.j
  0.        +0.j         0.        +0.j         0.        +0.j
  0.        +0.j         0.        +0.j         0.        +0.j
  0.        +0.j         0.        +0.j         0.        +0.j
  0.        +0.j        ]
 [0.        +0.j         0.06602092-0.88473763j 0.46011659+0.03425334j
  0.        +0.j         0.        +0.j         0.        +0.j
  0.        +0.j         0.        +0.j         0.        +0.j
  0.        +0.j         0.        +0.j         0.        +0.j
  0.        +0.j         0.        +0.j         0.        +0.j
  0.        +0.j        ]
 [0.06661943-0.88219825j 0.        +0.j         0.        +0.j
  0.45335023+0.10845119j 0.        +0.j         0.        +0.j
  0.        +0.j         0.        +0.j         0.        +0.j
  0.        +0.j         0.        +0.j         0.        +0.j
  0.        +0.j         0.        +0.j         0.        +0.j
  0.        +0.j        ]
 [0.        +0.j         0.        +0.j         0.        +0.j
  0.        +0.j         0.46607832-0.00768696j 0.        +0.j
  0.        +0.j         0.12603493-0.87568665j 0.        +0.j
  0.        +0.j         0.        +0.j         0.        +0.j
  0.        +0.j         0.        +0.j         0.        +0.j
  0.        +0.j        ]
 [0.        +0.j         0.        +0.j         0.        +0.j
  0.        +0.j         0.        +0.j         0.45661375+0.06621518j
  0.12716923-0.87803612j 0.        +0.j         0.        +0.j
  0.        +0.j         0.        +0.j         0.        +0.j
  0.        +0.j         0.        +0.j         0.        +0.j
  0.        +0.j        ]
 [0.        +0.j         0.        +0.j         0.        +0.j
  0.        +0.j         0.        +0.j         0.12716718-0.87803641j
  0.4566372 +0.06605326j 0.        +0.j         0.        +0.j
  0.        +0.j         0.        +0.j         0.        +0.j
  0.        +0.j         0.        +0.j         0.        +0.j
  0.        +0.j        ]
 [0.        +0.j         0.        +0.j         0.        +0.j
  0.        +0.j         0.12758829-0.87546167j 0.        +0.j
  0.        +0.j         0.44474582+0.13960392j 0.        +0.j
  0.        +0.j         0.        +0.j         0.        +0.j
  0.        +0.j         0.        +0.j         0.        +0.j
  0.        +0.j        ]
 [0.        +0.j         0.        +0.j         0.        +0.j
  0.        +0.j         0.        +0.j         0.        +0.j
  0.        +0.j         0.        +0.j         0.46607691-0.00777213j
  0.        +0.j         0.        +0.j         0.12587491-0.87570966j
  0.        +0.j         0.        +0.j         0.        +0.j
  0.        +0.j        ]
 [0.        +0.j         0.        +0.j         0.        +0.j
  0.        +0.j         0.        +0.j         0.        +0.j
  0.        +0.j         0.        +0.j         0.        +0.j
  0.45662584+0.06613174j 0.12700878-0.87805934j 0.        +0.j
  0.        +0.j         0.        +0.j         0.        +0.j
  0.        +0.j        ]
 [0.        +0.j         0.        +0.j         0.        +0.j
  0.        +0.j         0.        +0.j         0.        +0.j
  0.        +0.j         0.        +0.j         0.        +0.j
  0.12700673-0.87805964j 0.45664926+0.06596981j 0.        +0.j
  0.        +0.j         0.        +0.j         0.        +0.j
  0.        +0.j        ]
 [0.        +0.j         0.        +0.j         0.        +0.j
  0.        +0.j         0.        +0.j         0.        +0.j
  0.        +0.j         0.        +0.j         0.12742831-0.87548497j
  0.        +0.j         0.        +0.j         0.44477132+0.13952264j
  0.        +0.j         0.        +0.j         0.        +0.j
  0.        +0.j        ]
 [0.        +0.j         0.        +0.j         0.        +0.j
  0.        +0.j         0.        +0.j         0.        +0.j
  0.        +0.j         0.        +0.j         0.        +0.j
  0.        +0.j         0.        +0.j         0.        +0.j
  0.46549521+0.02454179j 0.        +0.j         0.        +0.j
  0.18625174-0.86488276j]
 [0.        +0.j         0.        +0.j         0.        +0.j
  0.        +0.j         0.        +0.j         0.        +0.j
  0.        +0.j         0.        +0.j         0.        +0.j
  0.        +0.j         0.        +0.j         0.        +0.j
  0.        +0.j         0.45094594+0.09761315j 0.1875457 -0.86714823j
  0.        +0.j        ]
 [0.        +0.j         0.        +0.j         0.        +0.j
  0.        +0.j         0.        +0.j         0.        +0.j
  0.        +0.j         0.        +0.j         0.        +0.j
  0.        +0.j         0.        +0.j         0.        +0.j
  0.        +0.j         0.18754367-0.86714866j 0.45098052+0.09745324j
  0.        +0.j        ]
 [0.        +0.j         0.        +0.j         0.        +0.j
  0.        +0.j         0.        +0.j         0.        +0.j
  0.        +0.j         0.        +0.j         0.        +0.j
  0.        +0.j         0.        +0.j         0.        +0.j
  0.18778584-0.86455097j 0.        +0.j         0.        +0.j
  0.43403453+0.17000624j]]

********* Summary *****************
Final fidelity error 0.11639076404767568
Final penalized l2 error 0.10411354804908401
Final penalized TV regularizer 0.00037035044200837405
Final objective value 0.11676106839884202
Final norm value 3.7035044200837404
Final l2 value 1.0411354804908401
Final error 8.633904445424722e-09
Terminate reason Exceed the maximum number of iteration of ADMM
Number of iterations 100
Completed in 0:04:23.611746 HH:MM:SS.US
Computational time 263.611745584
Time for each iteration [20.956025417, 12.977740542, 30.339342625, 20.122551083999994, 35.668562458000004, 25.620184625999997, 40.26110512400001, 29.643105500999994, 44.58958866600001, 32.65815912599999, 47.38579474900001, 35.47339850099999, 50.109584583000014, 37.875597875999986, 52.62079837400002, 39.87207600099998, 55.14057524900002, 42.30705662599998, 57.254991583000034, 44.50397329199997, 59.77843175000004, 47.024847374999965, 61.98625462500004, 49.43147724999996, 64.63700037500004, 51.83553179199997, 67.05594608300004, 54.22772054199997, 69.16110750000004, 56.33885441699995, 71.47372575000006, 58.570681916999945, 73.59231545800006, 60.77682854199992, 75.59736995800006, 62.871646666999936, 77.90288225000006, 64.88177324999992, 80.00432458400007, 66.91889754099992, 82.21416941800007, 68.92381899899993, 84.31336941800006, 71.12331274899992, 86.43555646000007, 73.23169608199993, 88.65698996000006, 75.43814183199993, 90.66280687700007, 77.34490408199991, 92.57488496000008, 79.25750516499991, 94.48816237700007, 81.25695549799991, 96.28812604400008, 83.1593480809999, 98.4125927530001, 85.07337133099989, 100.5165464190001, 86.97337020599988, 102.5369851690001, 88.98679687299989, 104.53300996100009, 90.98775141399989, 106.6466641700001, 92.9206097469999, 108.6569624200001, 95.03470816399988, 110.66256037800011, 97.23442603899989, 112.77173825300011, 99.24351558099988, 114.6851686280001, 101.2453406219999, 116.69384675300009, 103.2563593719999, 118.69777658700008, 105.06295512199992, 120.80240475300008, 106.97495266399991, 122.80659612800008, 109.12013666399992, 124.81142612800008, 111.13021983099992, 126.82299887800008, 113.12455803899991, 128.72398400300008, 115.13531987199991, 130.22103796200008, 116.95588870499992, 132.22753779500007, 118.4467394969999, 133.70814946200008, 120.3564025799999, 135.19368704500008, 122.16410453899996, 136.66245912800005, 123.65456837199994, 138.14363537800008, 125.46811020599992]
