Final evolution
[[0.46618731-0.03861215j 0.        +0.j         0.        +0.j
  0.06278982-0.88160985j 0.        +0.j         0.        +0.j
  0.        +0.j         0.        +0.j         0.        +0.j
  0.        +0.j         0.        +0.j         0.        +0.j
  0.        +0.j         0.        +0.j         0.        +0.j
  0.        +0.j        ]
 [0.        +0.j         0.46017831+0.03330693j 0.06376497-0.88490711j
  0.        +0.j         0.        +0.j         0.        +0.j
  0.        +0.j         0.        +0.j         0.        +0.j
  0.        +0.j         0.        +0.j         0.        +0.j
  0.        +0.j         0.        +0.j         0.        +0.j
  0.        +0.j        ]
 [0.        +0.j         0.06388135-0.88489872j 0.46019507+0.03307452j
  0.        +0.j         0.        +0.j         0.        +0.j
  0.        +0.j         0.        +0.j         0.        +0.j
  0.        +0.j         0.        +0.j         0.        +0.j
  0.        +0.j         0.        +0.j         0.        +0.j
  0.        +0.j        ]
 [0.06437325-0.88149565j 0.        +0.j         0.        +0.j
  0.45582132+0.10511154j 0.        +0.j         0.        +0.j
  0.        +0.j         0.        +0.j         0.        +0.j
  0.        +0.j         0.        +0.j         0.        +0.j
  0.        +0.j         0.        +0.j         0.        +0.j
  0.        +0.j        ]
 [0.        +0.j         0.        +0.j         0.        +0.j
  0.        +0.j         0.46774275-0.00618293j 0.        +0.j
  0.        +0.j         0.12378982-0.87513117j 0.        +0.j
  0.        +0.j         0.        +0.j         0.        +0.j
  0.        +0.j         0.        +0.j         0.        +0.j
  0.        +0.j        ]
 [0.        +0.j         0.        +0.j         0.        +0.j
  0.        +0.j         0.        +0.j         0.45675969+0.06514612j
  0.12499134-0.87835286j 0.        +0.j         0.        +0.j
  0.        +0.j         0.        +0.j         0.        +0.j
  0.        +0.j         0.        +0.j         0.        +0.j
  0.        +0.j        ]
 [0.        +0.j         0.        +0.j         0.        +0.j
  0.        +0.j         0.        +0.j         0.12510685-0.87833641j
  0.45679253+0.06491544j 0.        +0.j         0.        +0.j
  0.        +0.j         0.        +0.j         0.        +0.j
  0.        +0.j         0.        +0.j         0.        +0.j
  0.        +0.j        ]
 [0.        +0.j         0.        +0.j         0.        +0.j
  0.        +0.j         0.12536152-0.87490741j 0.        +0.j
  0.        +0.j         0.44743259+0.13647558j 0.        +0.j
  0.        +0.j         0.        +0.j         0.        +0.j
  0.        +0.j         0.        +0.j         0.        +0.j
  0.        +0.j        ]
 [0.        +0.j         0.        +0.j         0.        +0.j
  0.        +0.j         0.        +0.j         0.        +0.j
  0.        +0.j         0.        +0.j         0.46774157-0.00627123j
  0.        +0.j         0.        +0.j         0.12362461-0.87515453j
  0.        +0.j         0.        +0.j         0.        +0.j
  0.        +0.j        ]
 [0.        +0.j         0.        +0.j         0.        +0.j
  0.        +0.j         0.        +0.j         0.        +0.j
  0.        +0.j         0.        +0.j         0.        +0.j
  0.45677198+0.06505989j 0.12482552-0.87837644j 0.        +0.j
  0.        +0.j         0.        +0.j         0.        +0.j
  0.        +0.j        ]
 [0.        +0.j         0.        +0.j         0.        +0.j
  0.        +0.j         0.        +0.j         0.        +0.j
  0.        +0.j         0.        +0.j         0.        +0.j
  0.12494104-0.87836001j 0.45680477+0.06482921j 0.        +0.j
  0.        +0.j         0.        +0.j         0.        +0.j
  0.        +0.j        ]
 [0.        +0.j         0.        +0.j         0.        +0.j
  0.        +0.j         0.        +0.j         0.        +0.j
  0.        +0.j         0.        +0.j         0.12519635-0.87493106j
  0.        +0.j         0.        +0.j         0.44745835+0.13639111j
  0.        +0.j         0.        +0.j         0.        +0.j
  0.        +0.j        ]
 [0.        +0.j         0.        +0.j         0.        +0.j
  0.        +0.j         0.        +0.j         0.        +0.j
  0.        +0.j         0.        +0.j         0.        +0.j
  0.        +0.j         0.        +0.j         0.        +0.j
  0.46705   +0.0261879j  0.        +0.j         0.        +0.j
  0.18403033-0.8644717j ]
 [0.        +0.j         0.        +0.j         0.        +0.j
  0.        +0.j         0.        +0.j         0.        +0.j
  0.        +0.j         0.        +0.j         0.        +0.j
  0.        +0.j         0.        +0.j         0.        +0.j
  0.        +0.j         0.45115907+0.09658634j 0.18545183-0.86760255j
  0.        +0.j        ]
 [0.        +0.j         0.        +0.j         0.        +0.j
  0.        +0.j         0.        +0.j         0.        +0.j
  0.        +0.j         0.        +0.j         0.        +0.j
  0.        +0.j         0.        +0.j         0.        +0.j
  0.        +0.j         0.18556593-0.86757816j 0.45120779+0.09635848j
  0.        +0.j        ]
 [0.        +0.j         0.        +0.j         0.        +0.j
  0.        +0.j         0.        +0.j         0.        +0.j
  0.        +0.j         0.        +0.j         0.        +0.j
  0.        +0.j         0.        +0.j         0.        +0.j
  0.18558278-0.86413976j 0.        +0.j         0.        +0.j
  0.43692012+0.16709973j]]

********* Summary *****************
Final fidelity error 0.11682847237099125
Final penalized l2 error 0.10421833042830463
Final penalized TV regularizer 0.018106137256631964
Final objective value 0.13493456322130687
Final norm value 1.8106137256631962
Final l2 value 1.0421833042830462
Final error 1.6807652877796187e-08
Terminate reason Exceed the maximum number of iteration of ADMM
Number of iterations 100
Completed in 0:07:03.414804 HH:MM:SS.US
Computational time 423.414804
Time for each iteration [22.352789417, 9.194631374999997, 30.710865042000005, 17.86127008299999, 38.77263120900001, 26.049316290999982, 46.57817720900002, 33.714496082999986, 54.24962329200001, 41.267162957999986, 60.90826970900001, 48.22271295799999, 66.13701875100001, 53.56971858299998, 69.45886250100003, 59.30424087399999, 74.59555858500002, 63.53401387399998, 79.96144125100002, 67.82356862399999, 84.38815621000003, 72.46162803999997, 89.40965591900004, 76.67516878999996, 93.44173379400004, 80.90106783099998, 96.75914579400003, 85.62941733099998, 99.77031450300004, 90.15458695599997, 102.97611791900005, 94.37845070599997, 106.18427266900005, 98.80173649799997, 109.40575346100005, 102.61981353899998, 113.52966575300005, 106.03491724699995, 117.75402254500005, 108.96155291399995, 122.07999937800005, 111.78808008099995, 125.78729791900005, 116.15902195599995, 129.10614287800007, 120.18167849699995, 132.02255512800005, 124.41381403899996, 135.14209583600004, 128.55101103899997, 137.963132711, 132.27165083100002, 141.78741700299994, 135.48225341400004, 145.61797779499992, 139.1053294550001, 148.7349351699999, 142.1166521220001, 152.2482312529999, 144.9307375390001, 155.8619710859999, 147.54184637300008, 159.7745097519999, 150.76435433200012, 163.08948258499984, 153.57770887400014, 166.71133820999987, 156.1909242070001, 169.92677687699987, 159.62796266500013, 173.03731562699986, 162.84633387300013, 175.86039612699986, 166.5799564150001, 178.68063091899987, 169.79089408100012, 182.20627141899988, 172.60586208100008, 185.4207564609999, 176.11571683100007, 188.3432627939999, 179.4415460810001, 191.55211175299988, 182.6660387470001, 194.9691827529999, 185.4799356220001, 198.18603537799984, 188.70046020600014, 201.40810854399982, 192.18381483100015, 204.84493041899984, 194.89029945600012, 208.32005333599986, 197.55035820600014, 211.53556383599985, 200.06457658100013, 214.53979421099987, 203.27186374800013, 217.13565641899984, 206.27914758100016]
