Final evolution
[[ 0.04443805-0.00436302j -0.00749528-0.9989745j   0.        +0.j
   0.        +0.j        ]
 [-0.00750071-0.99897446j  0.04449854+0.00369549j  0.        +0.j
   0.        +0.j        ]
 [ 0.        +0.j          0.        +0.j          0.04447421-0.00397764j
   0.00116482-0.99900194j]
 [ 0.        +0.j          0.        +0.j          0.00115939-0.99900194j
   0.04446483+0.0040811j ]]

********* Summary *****************
Final fidelity error 0.0010067698492653987
Final penalized l2 error 2.1403868697292863e-05
Final penalized TV regularizer 0.02467536520112545
Final objective value 0.025682133462324282
Final norm value 2.467536520112545
Final l2 value 2.1403868697292863e-05
Final error 1.015369313947915e-06
Terminate reason Exceed the maximum number of iteration of ADMM
Number of iterations 100
Completed in 0:00:32.568255 HH:MM:SS.US
Computational time 32.568254625
Time for each iteration [1.4283649159999996, 1.4768022500000004, 2.5952159999999997, 2.2751621250000005, 3.4926443329999985, 2.802792042000001, 3.954501915999999, 3.6435871250000007, 4.810247541, 4.191524374999999, 5.305396916, 4.552233959, 5.7071390410000005, 4.962592625, 6.050899540999999, 5.333199167000001, 6.704762165999999, 5.676647959000001, 6.995297331999997, 6.023745084000002, 7.4309862069999975, 6.264118709000003, 7.749406831999996, 6.624699043000004, 8.084505706999995, 6.970892709000006, 8.427544623999992, 7.518061167000008, 8.747574915999989, 7.800335209000012, 9.07082399899999, 8.212885251000012, 9.30019203999999, 8.518780918000006, 9.606724372999997, 8.760115252, 9.929154455999997, 8.974950419000004, 10.248722371999994, 9.190137836000007, 10.465792121999995, 9.483042294000002, 10.694117331, 9.712365210000003, 10.923154873, 9.930162959999999, 11.151165248000003, 10.165279417999999, 11.368617247999998, 10.407876835000005, 11.586214205999992, 10.639841627000004, 11.804384413999996, 10.889300877000005, 12.025219788999996, 11.108599836000005, 12.266563163999995, 11.337455377000007, 12.492426163999992, 11.562658461000007, 12.707071704999995, 11.814833545000008, 12.932577412999995, 12.041690295000004, 13.162326745999996, 12.282459712000007, 13.390433203999995, 12.508474879000007, 13.57706687099999, 12.721984545000007, 13.803595245999992, 12.93613167000001, 14.016933370999991, 13.212391254000005, 14.203399078999992, 13.39987142100001, 14.416803078999989, 13.612724212000012, 14.591091703999984, 13.850907546000018, 14.817092036999986, 14.078229588000015, 15.016676786999986, 14.303022004000015, 15.20322412099999, 14.503058170000012, 15.39072370499999, 14.717566670000013, 15.631640704999986, 14.893960961000014, 15.805857288999986, 15.118809961000013, 15.98471870499999, 15.358804336000015, 16.18466524699999, 15.58420966900001, 16.384420246999994, 15.796852253000004, 16.609940871999996, 15.958313753000006]
