Final evolution
[[ 8.53381783e-09+2.80231571e-09j  1.17866121e-05-8.37752472e-05j
  -3.39683511e-09-6.78279916e-10j ...  1.34479330e-09+2.23281900e-13j
   1.23033683e-17-6.22134127e-14j -2.82600392e-18-1.34307252e-13j]
 [ 1.17870771e-05-8.37751818e-05j  9.04449662e-09-8.27436013e-10j
  -6.73866594e-10+2.02736198e-05j ...  1.66619768e-09-9.37016429e-14j
  -2.00160878e-18-1.34306874e-13j  8.95159167e-18-6.22185933e-14j]
 [-3.39683045e-09-6.78303252e-10j -7.00599840e-10+2.02736198e-05j
   8.53384594e-09+2.80222829e-09j ... -1.89425975e-18-1.34307252e-13j
   1.66613943e-09-2.13687179e-14j  1.34479330e-09+2.09446653e-13j]
 ...
 [ 1.34478468e-09+2.45504869e-13j  1.66619768e-09-7.34791382e-14j
  -1.61055291e-19-1.34307290e-13j ...  8.53349459e-09-2.80310579e-09j
   6.62071816e-10+2.02741144e-05j -3.39683173e-09+6.78420398e-10j]
 [ 1.34653319e-17-6.22138683e-14j -5.37007118e-20-1.34307667e-13j
   1.66613943e-09-1.14685231e-15j ...  6.35337759e-10+2.02741144e-05j
   9.04456306e-09+8.26470926e-10j -1.17967345e-05-8.37731601e-05j]
 [ 7.70688357e-19-1.34307290e-13j  1.01136389e-17-6.22190491e-14j
   1.34478469e-09+2.31669711e-13j ... -3.39683639e-09+6.78397061e-10j
  -1.17962695e-05-8.37732255e-05j  8.53346608e-09-2.80319320e-09j]]

********* Summary *****************
Final fidelity error 1.3768807982650344e-08
Final penalized l2 error 3.573137582902193e-08
Final penalized TV regularizer 1.6415654108858767e-05
Final objective value 1.642941899486756e-05
Final norm value 0.016415654108858767
Final l2 value 3.5731375829021933e-06
Final error 1.1107647131603775e-06
Terminate reason Exceed the maximum number of iteration of ADMM
Number of iterations 50
Completed in 0:20:59.617469 HH:MM:SS.US
Computational time 1259.617469084
Time for each iteration [29.839402125, 24.620359625, 53.63426775, 41.933121375000006, 73.92601529199999, 65.246588167, 89.646976, 79.218339584, 103.68694054099998, 93.18826245900001, 117.93915416599998, 111.31503016800002, 132.30689362399997, 125.74624979300003, 146.65023495699998, 140.256888835, 161.242392249, 156.28291566800002, 176.082932999, 173.075983293, 194.77096983200002, 187.67562258499996, 209.51339583200004, 202.54009633499996, 224.51082195700005, 217.46104583499996, 239.39829699900005, 232.18857295999996, 256.1404105820001, 270.8187906679999, 285.01445070700004, 286.7788240429999, 339.9536453740001, 319.5364416259998, 367.07169458300007, 342.9112793759999, 421.12530229100014, 366.10630112599995, 444.1297961660001, 420.9195283759999, 493.1825032490002, 488.5608005009998, 520.4799877910001, 512.8363082089999, 578.135700958, 547.3211650009999, 605.552788458, 598.159409084, 637.232242958, 622.385226126]
