Final evolution
[[ 3.88256807e-05+2.13367881e-04j  9.11840856e-05-9.99999137e-01j
   5.17255811e-04-1.18436061e-03j  2.74438240e-05-2.39789886e-05j]
 [ 7.81844266e-05-9.99999943e-01j  3.87754513e-05-2.13272902e-04j
   9.49536085e-05-3.55473248e-05j -1.93186832e-04-1.11136535e-04j]
 [-1.93233664e-04+1.11095233e-04j  2.72494838e-05+2.37562605e-05j
   2.69758027e-05+2.17672994e-04j  8.80412187e-05-9.99999947e-01j]
 [ 9.47468678e-05+3.53481756e-05j  5.17083844e-04+1.18446343e-03j
   7.44105913e-05-9.99999133e-01j  2.70085036e-05-2.17640584e-04j]]

********* Summary *****************
Final fidelity error 4.5668840609192074e-07
Final penalized l2 error 4.0950766989210797e-10
Final penalized TV regularizer 2.3754241305712523e-05
Final objective value 2.4210928988716188e-05
Final norm value 2.3754241305712522
Final l2 value 4.0950766989210797e-10
Final error 5.024385024568908e-10
Terminate reason Exceed the maximum number of iteration of ADMM
Number of iterations 100
Completed in 0:00:25.188965 HH:MM:SS.US
Computational time 25.188964583
Time for each iteration [2.3186628330000003, 1.976735209, 3.7637473330000004, 3.249752374999999, 4.853234208000001, 4.220222666999999, 5.663644083, 4.853783666999999, 6.267236041000001, 5.3982487919999995, 6.421200875000001, 5.550635541999999, 6.587891791000001, 5.722456208999998, 6.727750833000003, 5.917713124999998, 6.897386167000001, 6.086793165999999, 7.231333126000002, 6.241689206999999, 7.371283501, 6.382699873999999, 7.517769168, 6.525511999000002, 7.659731333999999, 6.673794458000002, 7.809135916999998, 6.822722541000004, 7.957925791999997, 6.974186333000005, 8.104430874999995, 7.135976667000007, 8.246877957999992, 7.276837667000008, 8.387518624999991, 7.416779792000009, 8.529916124999993, 7.556612458000011, 8.669590541999987, 7.697586625000014, 8.81139958299999, 7.838915750000012, 8.952691707999989, 7.9813750420000105, 9.093997165999987, 8.123008376000016, 9.234799290999987, 8.26503154200001, 9.374959332999993, 8.407690250000009, 9.516808749999988, 8.549064500000014, 9.658770832999984, 8.689977625000019, 9.80151916699998, 8.830623416000016, 9.942910083999983, 8.973292833000016, 10.084095624999982, 9.114286958000015, 10.225239958999985, 9.256110541000012, 10.366540500999989, 9.39753329100001, 10.508302708999992, 9.526484583000006, 10.663219458999997, 9.747582249000004, 10.805448333999998, 9.888114333000004, 10.945937584, 10.030368498999998, 11.087133543, 10.184959581999998, 11.235257168000004, 10.332524039999996, 11.383962502000003, 10.474635622999998, 11.536180502, 10.627194914999997, 11.68926321, 10.779508915000001, 11.841184042999998, 10.931007249000004, 11.985905583999994, 11.07347912400001, 12.127668667999991, 11.215430374000007, 12.268554167999994, 11.357778457000009, 12.39613391799999, 11.52069545700001, 12.636975084999989, 11.661813165000012, 12.77729679299999, 11.80389099900001, 12.926143167999989, 11.95685412400001, 13.078879292999993, 12.110085290000008]
