Final evolution
[[ 1.04722064e-03-3.37189246e-03j  1.07768014e-03-2.61705332e-04j
  -9.01442156e-04-2.72572859e-03j  2.95893897e-01-9.55129713e-01j
  -1.25357959e-05+4.10433558e-05j -1.34389275e-05+2.16529327e-06j
   3.99478580e-05-4.83603773e-04j -3.68370355e-03+1.16993905e-02j
   3.19220303e-06+2.53374465e-06j  3.20838352e-04+3.54229028e-04j
   3.56522163e-05-7.42240330e-05j -1.45080843e-04+7.58474344e-04j
   1.16717045e-07+2.82673835e-06j -4.59572499e-06-3.94480364e-06j
   8.40178338e-07+3.13204797e-06j -1.18069403e-05+7.61070910e-04j]
 [-1.88462061e-04-3.44552278e-03j  3.08883084e-04-1.00565958e-04j
   2.96085292e-01-9.55071082e-01j -2.28035454e-03+1.73938507e-03j
  -3.13941023e-07+4.08807815e-05j -4.27522437e-06-5.01982413e-07j
  -3.68621567e-03+1.17010779e-02j  6.71218513e-05-5.36042886e-04j
   3.22810292e-04+3.58241171e-04j -1.86521131e-06-1.83490415e-06j
  -1.46077089e-04+7.58163310e-04j  2.37585434e-04+4.77299620e-04j
  -2.99960932e-06-1.91033762e-06j  1.79318739e-08+3.06866989e-07j
  -1.17819921e-05+7.61323220e-04j -1.55469166e-06-7.23738211e-06j]
 [ 6.64325862e-03-1.65781348e-02j  2.95946519e-01-9.54957433e-01j
   1.59748317e-04+3.04141399e-04j  7.17362868e-04+8.82623325e-04j
  -5.27400639e-05-3.14391266e-04j -3.68213959e-03+1.16894294e-02j
  -1.48771529e-06-3.40756440e-06j -1.23101412e-05-1.05534639e-05j
  -4.02929652e-05+8.70052707e-05j -1.39249982e-04+7.47051928e-04j
   7.69684061e-06+5.36771899e-06j  2.72472040e-04-1.91486269e-04j
  -8.27242406e-07+1.30255976e-05j -1.19761041e-05+7.61182433e-04j
  -1.63685551e-07-3.87282351e-07j -4.00450196e-06+1.82962966e-06j]
 [ 2.95803326e-01-9.54989397e-01j -3.89468867e-03+1.74191799e-02j
  -2.10427075e-03+2.74010420e-03j -1.04690652e-03+3.35618950e-03j
  -3.68164304e-03+1.17082715e-02j  8.86521538e-05-7.25354136e-04j
   2.50392494e-05-3.13262611e-05j  1.23628341e-05-3.94999786e-05j
  -1.34219937e-04+7.50661287e-04j -2.38611622e-04-4.95284144e-04j
   2.74633815e-04-1.92970749e-04j -1.02437169e-05-4.00513864e-06j
  -1.20948309e-05+7.60864185e-04j  2.05851866e-06-7.25524470e-06j
  -2.35473786e-06-1.35923864e-07j  2.93326883e-07-2.78704213e-06j]
 [ 1.20992485e-05-4.14108514e-05j  9.49967627e-06-3.26422679e-06j
  -2.70076058e-04+4.12994862e-04j  3.57826351e-03-1.17317613e-02j
   1.04751765e-03-3.37183773e-03j  1.07785566e-03-2.61580070e-04j
  -9.39057975e-04-2.73755129e-03j  2.95979240e-01-9.55102990e-01j
   2.03362157e-06-3.02171593e-06j  5.14738407e-06+4.29805337e-06j
   6.09643262e-07-4.03635075e-06j  5.96602513e-04-7.94572338e-04j
   3.10026792e-06+2.48317338e-06j  3.20802597e-04+3.54219814e-04j
   3.87618837e-05-7.32653507e-05j -1.75343528e-04+7.46756481e-04j]
 [-2.97067870e-06-4.23317159e-05j  3.44220291e-06+5.32278370e-07j
   3.58182881e-03-1.17331383e-02j -2.96813360e-04+4.64671074e-04j
  -1.87870909e-04-3.44547509e-03j  3.08760451e-04-1.00529002e-04j
   2.96170806e-01-9.55044285e-01j -2.31835654e-03+1.72744041e-03j
   5.03792652e-06+9.17378271e-07j  1.84589530e-07-2.34539167e-07j
   5.96718977e-04-7.94757059e-04j  3.23475955e-07+6.47251361e-06j
   3.22661109e-04+3.58275849e-04j -1.84211425e-06-1.85923770e-06j
  -1.76330237e-04+7.46427051e-04j  2.40761645e-04+4.78299621e-04j]
 [-1.76970296e-04+2.41017087e-04j  3.57335566e-03-1.17235878e-02j
   1.67488575e-06+3.20365938e-06j  9.71048162e-06+9.71139061e-06j
   6.60687000e-03-1.65892582e-02j  2.96031298e-01-9.54931006e-01j
   1.59768109e-04+3.04131365e-04j  7.17562026e-04+8.82761479e-04j
   1.14202103e-05-1.26265212e-05j  5.96727892e-04-7.94601254e-04j
  -1.25090155e-08+4.68700830e-07j  3.80011483e-06-1.42181447e-06j
  -3.76299943e-05+8.76841062e-05j -1.69454167e-04+7.35360036e-04j
   7.69575408e-06+5.35522422e-06j  2.72514226e-04-1.91479301e-04j]
 [ 3.58100500e-03-1.17398765e-02j -3.15405555e-04+6.56801592e-04j
  -2.68929364e-05+3.17521292e-05j -1.12775328e-05+4.01284844e-05j
   2.95889456e-01-9.54962562e-01j -3.93412830e-03+1.74070858e-02j
  -2.10411277e-03+2.74003264e-03j -1.04709621e-03+3.35618111e-03j
   5.96694782e-04-7.94324247e-04j -1.23351259e-05+8.85943548e-06j
   5.50257625e-07-6.20513552e-07j -2.39754922e-06+2.83786279e-06j
  -1.64560688e-04+7.38949502e-04j -2.34848946e-04-4.94241721e-04j
   2.74709813e-04-1.92877646e-04j -1.01541702e-05-3.98252628e-06j]
 [-5.38891705e-06-2.76484652e-06j  1.18426310e-04+3.11506085e-04j
   4.66767755e-04-2.64847839e-04j  3.03068187e-04-6.87181573e-04j
   3.00970533e-07+3.71133807e-06j -2.24883122e-06-3.06540836e-06j
  -3.89960308e-06+4.98048464e-06j  3.57865287e-05+1.00972268e-03j
   1.04709613e-03-3.37156607e-03j  9.64038649e-04-2.99673778e-04j
  -9.05340003e-04-2.72507869e-03j  2.95946986e-01-9.55113131e-01j
  -1.25646711e-05+4.10199295e-05j -9.69734823e-06+2.68345876e-06j
   4.03307500e-05-4.83631213e-04j -3.67937617e-03+1.16961378e-02j]
 [ 1.17596577e-04+3.09374863e-04j  7.41561879e-06-6.77178350e-06j
   3.03672186e-04-6.89745292e-04j -1.63745228e-05+8.17545452e-05j
   2.55251400e-08-4.57912094e-07j -2.55842639e-07+4.21161702e-07j
   3.53798389e-05+1.00999520e-03j  1.87308366e-06-3.92133689e-06j
  -3.01929447e-04-3.48359461e-03j  3.09208237e-04-1.00066278e-04j
   2.96138122e-01-9.55054585e-01j -2.28299595e-03+1.73651884e-03j
   3.43457037e-06+4.13900033e-05j -4.34713142e-06-5.25038364e-07j
  -3.68187725e-03+1.16978157e-02j  6.77583444e-05-5.33561504e-04j]
 [-4.61950710e-04+2.48650984e-04j  3.11307684e-04-6.81213721e-04j
   8.77598038e-06-1.15607998e-06j  4.67380856e-04-1.10245806e-04j
   5.01653013e-06+1.43406882e-05j  3.51745649e-05+1.00986733e-03j
  -1.36834923e-07-3.30820367e-07j -6.59537436e-06+8.89972550e-07j
   6.64795269e-03-1.65785740e-02j  2.95999330e-01-9.54940768e-01j
   1.57653515e-04+3.03229559e-04j  6.02097076e-04+8.49752967e-04j
  -5.29648520e-05-3.14422932e-04j -3.67778149e-03+1.16861119e-02j
  -1.44605512e-06-3.36964001e-06j -6.92117529e-06-1.02165637e-05j]
 [ 3.18667932e-04-6.83764810e-04j  6.73036919e-06-7.10085900e-05j
   4.63385406e-04-1.08223582e-04j -7.31703390e-06+6.53798553e-06j
   3.54242376e-05+1.00966913e-03j -2.14246681e-06-1.74147724e-05j
  -4.50500773e-06-1.82587972e-06j  1.76665703e-07-3.71144352e-06j
   2.95856239e-01-9.54972725e-01j -3.89262065e-03+1.74218368e-02j
  -2.21963162e-03+2.70709146e-03j -1.04512572e-03+3.35682829e-03j
  -3.67727971e-03+1.17049881e-02j  8.79669156e-05-7.27763654e-04j
   3.04119715e-05-3.09902804e-05j  1.21745410e-05-3.95072738e-05j]
 [ 1.40859913e-06-2.47365064e-06j  2.29550270e-06+3.84252376e-06j
   5.43392884e-06-5.17413667e-06j  4.27403851e-04-6.51589379e-04j
  -5.48691189e-06-2.79287133e-06j  1.18391519e-04+3.11482614e-04j
   4.69769101e-04-2.63743077e-04j  2.71593181e-04-6.94609804e-04j
   1.21504242e-05-4.13623440e-05j  1.13314416e-05-1.40644472e-06j
  -2.68256213e-04+4.11322185e-04j  3.58124262e-03-1.17262415e-02j
   1.04736600e-03-3.37151564e-03j  9.63664487e-04-2.99722910e-04j
  -9.43085840e-04-2.73692440e-03j  2.96029107e-01-9.55087832e-01j]
 [ 2.02640385e-06+1.19056701e-06j  3.20933809e-07-2.61621472e-07j
   4.27823478e-04-6.51650378e-04j -2.46443244e-06+2.11337685e-06j
   1.17439560e-04+3.09396034e-04j  7.43581999e-06-6.78619678e-06j
   2.72198080e-04-6.97165429e-04j -1.32159358e-05+8.28365934e-05j
  -1.11960343e-06-4.04646887e-05j  3.51198202e-06+5.48449052e-07j
   3.58480752e-03-1.17276196e-02j -2.96633622e-04+4.64772842e-04j
  -3.01899101e-04-3.48371843e-03j  3.09071458e-04-1.00029113e-04j
   2.96220413e-01-9.55029211e-01j -2.32110261e-03+1.72453205e-03j]
 [ 2.61530980e-06-7.44930369e-06j  4.28036261e-04-6.51520556e-04j
  -8.72035785e-08+2.47075265e-07j  6.03156241e-06-5.78130969e-07j
  -4.59458688e-04+2.49457159e-04j  2.79903268e-04-6.88580975e-04j
   8.77795140e-06-1.17794510e-06j  4.67399454e-04-1.10228744e-04j
  -1.78774519e-04+2.42773283e-04j  3.57634308e-03-1.17180395e-02j
   1.73614322e-06+3.25137576e-06j  1.02472872e-05+1.05955012e-05j
   6.61144513e-03-1.65897643e-02j  2.96080883e-01-9.54915766e-01j
   1.57650417e-04+3.03215781e-04j  6.01756294e-04+8.49698642e-04j]
 [ 4.27754140e-04-6.51504217e-04j -6.75620955e-06+1.14917204e-05j
   3.50274301e-06+2.13597055e-07j -1.83069704e-06+2.33544770e-06j
   2.87139681e-04-6.91181584e-04j  1.04136321e-05-6.99068418e-05j
   4.63470263e-04-1.08131152e-04j -7.21975750e-06+6.53802781e-06j
   3.58402602e-03-1.17343663e-02j -3.15697698e-04+6.56550257e-04j
  -2.63603647e-05+3.26197726e-05j -1.12399244e-05+4.01322487e-05j
   2.95939147e-01-9.54947313e-01j -3.93207161e-03+1.74097552e-02j
  -2.22000738e-03+2.70683847e-03j -1.04530801e-03+3.35682876e-03j]]

********* Summary *****************
Final fidelity error 0.0014297384765414867
Final penalized l2 error 5.12672887044171e-07
Final penalized TV regularizer 0.0006647244268403935
Final objective value 0.0020944628897981905
Final norm value 0.6647244268403936
Final l2 value 5.126728870441709e-06
Final error 2.8503715374296035e-07
Terminate reason Exceed the maximum number of iteration of ADMM
Number of iterations 100
Completed in 0:12:29.933793 HH:MM:SS.US
Computational time 749.933793458
Time for each iteration [164.1529695, 35.11946195799999, 189.63956733400002, 46.988580248999995, 199.06765566800001, 59.28911166499998, 205.54069258500002, 72.892477248, 211.01776808499997, 79.02074199800003, 219.28442991899996, 83.66002803900003, 227.412279003, 88.33412091400001, 231.74739129399998, 96.84064462300003, 238.74775020999996, 103.01863470700002, 243.418769168, 107.19775216499997, 247.09665179300006, 109.86106137399995, 250.60645920900006, 113.02425491599993, 253.6102696670001, 116.0352962499999, 256.2877527500001, 118.71242683299994, 258.96762970900005, 121.22600320799995, 261.48069745900006, 123.19032016599994, 263.44757608400005, 125.15903374899995, 265.43336287600005, 145.73199779099997, 277.687369292, 154.86326683299995, 294.80760733400007, 162.8275037909999, 299.96252195900007, 176.4234730409999, 306.9145646670001, 180.4090744579999, 318.2131369170001, 186.23841404099988, 322.70740937600016, 194.71749045699988, 326.8735343760001, 199.21764116599985, 330.54275279200016, 206.88161029099984, 334.7231180840002, 214.21883245799978, 340.2215676250002, 218.22707537499986, 343.56601391700013, 221.40044495799992, 346.7432468340001, 224.41097691599992, 353.58210641700003, 230.40820183299996, 358.4191620420001, 234.74773658299995, 362.0901236670001, 237.75788537499994, 370.440829833, 243.439716584, 375.27778462400005, 247.611888084, 379.281870374, 251.460370876, 382.79709087400005, 257.9830642089999, 386.80307583300015, 265.8102582919999, 391.97687583300007, 269.8126299169999, 395.8132221660001, 273.54505562599985, 399.1505874570002, 280.2117270429998, 403.6610963320002, 287.05855962599975, 407.49294233200027, 290.39144383499973, 412.9936315820003, 295.05701995999965, 416.6596320400003, 297.5572625019997, 419.3256217060003, 300.0631792939998, 424.98486408100024, 304.3968150859998, 429.32903987200024, 307.90566346099973, 433.1719523310002, 311.08096454399976, 436.17725295600025, 313.7565405019997]
