Final evolution
[[0.46461471-0.03964233j 0.        +0.j         0.        +0.j
  0.06426936-0.88228743j 0.        +0.j         0.        +0.j
  0.        +0.j         0.        +0.j         0.        +0.j
  0.        +0.j         0.        +0.j         0.        +0.j
  0.        +0.j         0.        +0.j         0.        +0.j
  0.        +0.j        ]
 [0.        +0.j         0.46010791+0.03407917j 0.06551182-0.88478671j
  0.        +0.j         0.        +0.j         0.        +0.j
  0.        +0.j         0.        +0.j         0.        +0.j
  0.        +0.j         0.        +0.j         0.        +0.j
  0.        +0.j         0.        +0.j         0.        +0.j
  0.        +0.j        ]
 [0.        +0.j         0.06548958-0.88478836j 0.46011048+0.03404447j
  0.        +0.j         0.        +0.j         0.        +0.j
  0.        +0.j         0.        +0.j         0.        +0.j
  0.        +0.j         0.        +0.j         0.        +0.j
  0.        +0.j         0.        +0.j         0.        +0.j
  0.        +0.j        ]
 [0.06635048-0.88213336j 0.        +0.j         0.        +0.j
  0.45371246+0.10762597j 0.        +0.j         0.        +0.j
  0.        +0.j         0.        +0.j         0.        +0.j
  0.        +0.j         0.        +0.j         0.        +0.j
  0.        +0.j         0.        +0.j         0.        +0.j
  0.        +0.j        ]
 [0.        +0.j         0.        +0.j         0.        +0.j
  0.        +0.j         0.46624481-0.00735718j 0.        +0.j
  0.        +0.j         0.12524242-0.87571456j 0.        +0.j
  0.        +0.j         0.        +0.j         0.        +0.j
  0.        +0.j         0.        +0.j         0.        +0.j
  0.        +0.j        ]
 [0.        +0.j         0.        +0.j         0.        +0.j
  0.        +0.j         0.        +0.j         0.45664119+0.06587493j
  0.12665506-0.87812175j 0.        +0.j         0.        +0.j
  0.        +0.j         0.        +0.j         0.        +0.j
  0.        +0.j         0.        +0.j         0.        +0.j
  0.        +0.j        ]
 [0.        +0.j         0.        +0.j         0.        +0.j
  0.        +0.j         0.        +0.j         0.12663299-0.87812494j
  0.45664615+0.06584049j 0.        +0.j         0.        +0.j
  0.        +0.j         0.        +0.j         0.        +0.j
  0.        +0.j         0.        +0.j         0.        +0.j
  0.        +0.j        ]
 [0.        +0.j         0.        +0.j         0.        +0.j
  0.        +0.j         0.12730787-0.87541668j 0.        +0.j
  0.        +0.j         0.44516557+0.1388019j  0.        +0.j
  0.        +0.j         0.        +0.j         0.        +0.j
  0.        +0.j         0.        +0.j         0.        +0.j
  0.        +0.j        ]
 [0.        +0.j         0.        +0.j         0.        +0.j
  0.        +0.j         0.        +0.j         0.        +0.j
  0.        +0.j         0.        +0.j         0.46624348-0.00744104j
  0.        +0.j         0.        +0.j         0.12508491-0.87573707j
  0.        +0.j         0.        +0.j         0.        +0.j
  0.        +0.j        ]
 [0.        +0.j         0.        +0.j         0.        +0.j
  0.        +0.j         0.        +0.j         0.        +0.j
  0.        +0.j         0.        +0.j         0.        +0.j
  0.45665303+0.06579279j 0.12649711-0.87814452j 0.        +0.j
  0.        +0.j         0.        +0.j         0.        +0.j
  0.        +0.j        ]
 [0.        +0.j         0.        +0.j         0.        +0.j
  0.        +0.j         0.        +0.j         0.        +0.j
  0.        +0.j         0.        +0.j         0.        +0.j
  0.12647504-0.8781477j  0.45665799+0.06575835j 0.        +0.j
  0.        +0.j         0.        +0.j         0.        +0.j
  0.        +0.j        ]
 [0.        +0.j         0.        +0.j         0.        +0.j
  0.        +0.j         0.        +0.j         0.        +0.j
  0.        +0.j         0.        +0.j         0.12715041-0.87543956j
  0.        +0.j         0.        +0.j         0.44519052+0.13872183j
  0.        +0.j         0.        +0.j         0.        +0.j
  0.        +0.j        ]
 [0.        +0.j         0.        +0.j         0.        +0.j
  0.        +0.j         0.        +0.j         0.        +0.j
  0.        +0.j         0.        +0.j         0.        +0.j
  0.        +0.j         0.        +0.j         0.        +0.j
  0.46563865+0.02487958j 0.        +0.j         0.        +0.j
  0.18545801-0.86496646j]
 [0.        +0.j         0.        +0.j         0.        +0.j
  0.        +0.j         0.        +0.j         0.        +0.j
  0.        +0.j         0.        +0.j         0.        +0.j
  0.        +0.j         0.        +0.j         0.        +0.j
  0.        +0.j         0.45099739+0.09727298j 0.18703362-0.86727028j
  0.        +0.j        ]
 [0.        +0.j         0.        +0.j         0.        +0.j
  0.        +0.j         0.        +0.j         0.        +0.j
  0.        +0.j         0.        +0.j         0.        +0.j
  0.        +0.j         0.        +0.j         0.        +0.j
  0.        +0.j         0.18701182-0.86727499j 0.45100473+0.09723896j
  0.        +0.j        ]
 [0.        +0.j         0.        +0.j         0.        +0.j
  0.        +0.j         0.        +0.j         0.        +0.j
  0.        +0.j         0.        +0.j         0.        +0.j
  0.        +0.j         0.        +0.j         0.        +0.j
  0.18749793-0.86452656j 0.        +0.j         0.        +0.j
  0.43450969+0.16923261j]]

********* Summary *****************
Final fidelity error 0.11642880684649504
Final penalized l2 error 0.10414392001196791
Final penalized TV regularizer 0.0018876290365270822
Final objective value 0.11831638974901151
Final norm value 1.8876290365270822
Final l2 value 1.041439200119679
Final error 1.5643861412647977e-07
Terminate reason Exceed the maximum number of iteration of ADMM
Number of iterations 100
Completed in 0:09:02.696901 HH:MM:SS.US
Computational time 542.6969010419999
Time for each iteration [16.187278375, 18.104356792, 30.350905708000003, 28.124041291999998, 43.503370165999996, 45.95380091700001, 64.70175724999999, 56.414315250000016, 74.27057858299997, 67.14196883400004, 84.45102362399996, 78.93776341800003, 92.13168841499996, 88.06125254300005, 103.69153928999995, 95.22101904300004, 111.49714228999997, 104.94947850200003, 127.30003549799997, 113.32068683500003, 136.63630278999997, 118.842177835, 144.67138879, 126.522001835, 152.03741241499998, 132.48333425200005, 158.83435058099994, 136.81494741900005, 165.35951770599993, 145.29940612700008, 169.46594891499993, 150.79412762700005, 173.30873858099997, 157.28686062700004, 177.59137199799997, 161.74516579400003, 183.07587058099998, 166.55395833600002, 187.07056983099997, 170.92711571100003, 190.78344733099996, 173.83646916900003, 193.44224862299998, 178.511136752, 197.04950479, 180.89080775200003, 199.73111374799996, 183.59332533500006, 202.42344591499992, 187.60979646000007, 205.01127699799994, 190.24329496000004, 207.86054474799997, 193.16179950200004, 213.20996628999998, 195.82384946, 217.36556445700003, 199.28700633499997, 220.15714754, 202.148431752, 222.80222137299998, 206.90903737700003, 225.76895133099995, 211.04643779400007, 228.65363670599996, 215.10389471100004, 231.94587049699996, 217.60126221100003, 235.92530187199995, 220.18623037800003, 239.23762420499995, 222.28572300300007, 241.89437974699993, 225.01579562800006, 244.47499520499994, 227.66175208700005, 247.04808620499998, 232.22121542000005, 249.55561524699996, 234.82771325300004, 253.07857982999994, 236.92601892000008, 255.37291607999995, 240.93143762800005, 258.07368387199995, 243.60540496100003, 261.88439328899995, 246.49939187800004, 265.088311247, 249.87681775299995, 267.681732205, 252.88052912799992, 270.74332383, 255.25613729499992, 274.208174872, 258.4746290449999, 276.666835913, 261.7132725869999, 278.835579413, 263.8613216289999]
