Final evolution
[[ 2.52362694e-03+3.45707370e-02j  2.82952656e-03-1.53856884e-01j
   1.38860884e-02-3.09380471e-02j -3.35990371e-01+8.90986050e-01j
   5.76256141e-03+7.12227138e-03j -9.49549710e-03-3.62999978e-02j
  -5.38061466e-02+1.08082583e-02j -3.23683903e-02+2.43656041e-01j
  -3.67237898e-04-7.10400791e-04j  5.26602583e-03+2.65626550e-02j
  -4.70073429e-04-2.79455114e-03j -1.17994428e-02+4.14998034e-03j
  -1.12131519e-03+2.32472430e-03j  2.72884933e-03+7.66258152e-04j
  -2.14724357e-04-1.23214590e-03j -1.34210055e-02+3.47619888e-02j]
 [-1.35785885e-02+3.60491679e-02j -2.84424672e-03-2.92639886e-02j
   3.53749219e-01-8.47510488e-01j  8.69135621e-03-1.32448010e-02j
  -4.30598552e-03+1.22073477e-02j -7.35110371e-03-5.45941325e-03j
   1.49427706e-01-3.52339316e-01j  5.86711669e-02-3.56399655e-02j
  -2.99949520e-03-2.63847195e-02j  2.01402430e-04-7.80027520e-04j
   1.22810448e-02+2.14650945e-03j  1.08804985e-03+2.93592758e-03j
  -1.96977844e-03-9.64609977e-03j  1.11348217e-03-2.95297086e-03j
   2.44964819e-02-3.11912124e-02j  1.29029717e-03-2.19260830e-05j]
 [-1.29702142e-02+3.12780666e-02j  3.28373694e-01-8.93818170e-01j
  -2.50515703e-02+2.39012684e-02j  9.80909438e-02-1.18655030e-01j
   5.39611947e-02-1.10666798e-02j  3.03338948e-02-2.43862053e-01j
  -1.62342885e-03+6.96745538e-03j  1.49641379e-02-3.49786320e-02j
   5.10384553e-04+2.81196667e-03j  1.24346272e-02-4.03030528e-03j
   4.33886708e-04-6.99827917e-04j -1.77844867e-02+1.98297618e-02j
   2.74714551e-04+1.28804599e-03j  1.33071562e-02-3.48560510e-02j
  -2.48046038e-03+5.33001352e-04j  6.11904149e-05+1.54811007e-03j]
 [-3.49735842e-01+8.49158452e-01j -9.40891950e-03+1.29717014e-02j
  -1.53087534e-02+3.57754500e-02j  2.18717958e-02-1.95641500e-02j
  -1.47809579e-01+3.52971014e-01j -5.87282131e-02+3.59664956e-02j
  -3.38362114e-03+1.43217779e-02j  1.29448531e-04-6.50506780e-03j
  -1.30045071e-02-2.35737379e-03j -1.16702099e-03-2.96190928e-03j
   1.88339901e-02-1.80381274e-02j  6.24902576e-04-3.19798073e-04j
  -2.46474630e-02+3.11891457e-02j -1.36928804e-03-4.11330949e-05j
   7.06219292e-03-6.14338578e-03j  3.00131819e-03-8.65376486e-04j]
 [ 4.96384156e-03-6.99469773e-03j -2.01844411e-02+3.45120709e-02j
  -2.29809084e-02-4.78224382e-03j  1.79019641e-01-1.63383112e-01j
  -5.82253443e-03+3.91046405e-02j  3.32523778e-02-1.52687630e-01j
   3.89094114e-02-1.49747719e-01j -5.07435119e-01+7.93137912e-01j
  -2.28170117e-03+8.26566417e-05j  8.72834333e-03-5.61830994e-03j
   5.85006592e-03+7.03027918e-04j -3.36651860e-02-1.99523416e-02j
  -8.94650479e-04-4.59248759e-03j -2.79145643e-03+2.84211539e-02j
  -5.25959870e-05-1.48274125e-03j  5.56261811e-03-2.52744864e-03j]
 [-6.79437171e-03+1.39057938e-02j  9.80055415e-04-2.07402177e-03j
   1.24320154e-01-3.65904070e-01j  1.21634211e-04-7.63022463e-02j
   1.06241179e-02-3.24710410e-02j  1.21999808e-02+9.73984746e-03j
  -3.01840241e-01+8.54509512e-01j -8.79985354e-02+1.08793435e-01j
  -4.87028735e-04-1.10373491e-02j -1.24422052e-03-1.23326200e-03j
  -3.57178318e-02-1.62958497e-04j -5.04238360e-03-2.43198356e-03j
   3.64649948e-03+2.61828002e-02j -6.55890313e-04+3.91019046e-03j
   6.97881474e-03-1.01374845e-02j  1.35806847e-04-2.97080922e-03j]
 [ 2.28908334e-02+4.51080314e-03j -1.77639438e-01+1.64944556e-01j
   9.09278165e-03-9.66225393e-04j -3.69770226e-02+1.41377507e-02j
  -3.75219907e-02+1.50365339e-01j  5.00522321e-01-7.97465876e-01j
  -3.03274343e-02+2.27301003e-02j  1.22103725e-01-9.81825274e-02j
  -5.88145254e-03-6.37689262e-04j  3.37063522e-02+1.95329282e-02j
  -1.56531730e-03-1.57913712e-03j  1.10473123e-02+2.66256347e-03j
  -2.46256902e-05+1.48054645e-03j -4.94225885e-03+2.92419046e-03j
   3.14351776e-03-3.48285331e-03j -2.42212348e-02+1.53045302e-02j]
 [-1.22647130e-01+3.66517536e-01j  1.42540152e-04+7.62101293e-02j
  -5.41293594e-03+1.27934347e-02j  4.93168286e-03+8.33339801e-04j
   2.97870972e-01-8.55858901e-01j  8.79104057e-02-1.09266602e-01j
   9.64248405e-03-3.43938041e-02j -2.67592606e-03+1.06339331e-02j
   3.54039035e-02-9.42298222e-05j  4.98604114e-03+2.42154565e-03j
   9.02258093e-03-8.22555083e-03j  3.94001871e-04-1.87016407e-03j
  -6.20779269e-03+1.03998650e-02j  9.95681196e-06+3.04091625e-03j
  -1.83292384e-02+1.91688409e-02j -3.39921118e-03+1.90735018e-03j]
 [ 3.82082432e-04+1.20474337e-03j -5.35514667e-03-2.84269967e-02j
  -2.11395129e-03+1.98143582e-03j  8.46573980e-04+5.77276124e-03j
   2.63448501e-03-1.24408386e-03j -9.20589649e-03-6.36633633e-03j
  -1.53512278e-03+3.50521041e-04j  3.76022755e-02+1.15639306e-02j
  -6.07363872e-03-3.41179986e-02j  1.25592903e-02+1.53746060e-01j
  -1.06919863e-02+3.21466836e-02j  2.44402261e-01-9.20124174e-01j
  -6.51027812e-03-6.50242659e-03j  1.44001316e-02+3.59955394e-02j
   5.24139821e-02-1.62204796e-02j  7.76623026e-03-2.45503033e-01j]
 [ 3.61912559e-03+2.66410373e-02j -3.86899710e-04+3.42118914e-04j
   1.00278936e-03-1.17529223e-02j  2.04314946e-03-2.32219155e-03j
   2.70032343e-03+1.17575882e-02j -2.15585288e-03+1.67966796e-03j
  -2.90152300e-02-2.10637731e-02j  7.13897421e-05-1.06934291e-03j
   1.00777176e-02-3.76770554e-02j  5.87172305e-03+2.87993246e-02j
  -2.66532283e-01+8.78965963e-01j -7.31975382e-03+1.40834791e-02j
   2.18475378e-03-1.38485286e-02j  7.88370240e-03+4.64208538e-03j
  -1.13239595e-01+3.65528586e-01j -5.47798177e-02+4.14184547e-02j]
 [ 2.08556712e-03-2.00074697e-03j -1.57260166e-03-5.96489595e-03j
  -7.49200067e-04+9.41922932e-04j  1.90834731e-02-2.16307555e-02j
   1.51722256e-03-4.34905368e-04j -3.78828835e-02-1.12560696e-02j
   2.60254950e-03+1.27832327e-03j -1.60863351e-03-1.00514613e-02j
   9.74681002e-03-3.23896911e-02j -2.36532222e-01+9.22179949e-01j
   2.24506384e-02-2.63527439e-02j -8.60260104e-02+1.28061700e-01j
  -5.25397479e-02+1.64930884e-02j -5.68897160e-03+2.45483414e-01j
   8.76186700e-04-7.14121330e-03j -1.12488430e-02+3.78459129e-02j]
 [-2.23741142e-04+1.19981284e-02j -1.97707037e-03+2.35659073e-03j
  -1.85983204e-02+1.92962601e-02j -4.64902400e-04+5.82942792e-06j
   2.94170090e-02+2.10316945e-02j -3.28387032e-05+1.14641975e-03j
  -6.56618966e-03+8.69772379e-03j -2.61200731e-03-6.72420334e-04j
   2.62363581e-01-8.80210628e-01j  8.06076087e-03-1.38872872e-02j
   1.20954967e-02-3.72468741e-02j -1.97103339e-02+2.17241502e-02j
   1.11522244e-01-3.65987543e-01j  5.47993152e-02-4.17493550e-02j
   2.40735509e-03-1.60519616e-02j  5.76241401e-04+6.47054197e-03j]
 [ 6.19838914e-04+1.29220990e-03j -1.47939913e-03+7.71300476e-04j
   3.03515517e-04-6.12110050e-03j -1.63620944e-02+3.30911164e-02j
   9.49860615e-04+4.09472970e-03j  2.37102529e-03-2.62185652e-02j
  -7.42994766e-04+1.52506284e-03j -5.20761418e-03-1.20779646e-02j
  -4.15404404e-03+7.22989118e-03j  1.55120348e-02-3.53045342e-02j
   2.34053202e-02+2.42646432e-03j -1.61836635e-01+1.80688180e-01j
   1.83107441e-03-3.94848560e-02j -1.78938883e-02+1.54905725e-01j
  -2.36239148e-02+1.52925350e-01j  4.24971498e-01-8.40437567e-01j]
 [ 2.14402912e-03+9.41914764e-03j  1.84243280e-03+2.16445848e-03j
   1.69278290e-03+3.92796798e-02j -2.01485642e-03+5.07451795e-03j
  -4.55983917e-03-2.53451149e-02j  5.70727152e-04-4.07439451e-03j
  -1.21717190e-02-5.64376841e-03j -2.78168008e-03+4.45755071e-04j
   5.04975971e-03-1.30288538e-02j -9.09930655e-04+2.33323645e-03j
  -8.68766773e-02+3.76621341e-01j  7.56331977e-03+7.58943196e-02j
  -7.65550466e-03+3.30404084e-02j -1.32237474e-02-8.48275389e-03j
   2.14107736e-01-8.80470968e-01j  7.65779139e-02-1.17100859e-01j]
 [-2.35074101e-04+6.12715243e-03j  1.62052851e-02-3.31059728e-02j
  -4.55054761e-04+1.38074267e-03j -2.40281112e-03-1.85255765e-03j
   8.07655705e-04-1.52922263e-03j  4.70254251e-03+1.16998499e-02j
  -2.70780577e-03+3.20496726e-03j  2.27703912e-02-1.40614611e-02j
  -2.32923094e-02-2.16709855e-03j  1.60316844e-01-1.82067126e-01j
  -8.71889402e-03+1.80333724e-03j  3.38546876e-02-1.80192499e-02j
   2.21802843e-02-1.53399192e-01j -4.17666335e-01+8.44046240e-01j
   2.78632882e-02-2.56831849e-02j -1.11419822e-01+1.09619932e-01j]
 [-1.55938295e-03-3.91884853e-02j  2.08793449e-03-5.09466734e-03j
  -7.46153673e-03+6.86942624e-03j -7.44893248e-04+2.62043837e-03j
   1.14655538e-02+5.38509651e-03j  2.63945705e-03-5.25701287e-04j
   1.77295837e-02-1.93386248e-02j  3.61937919e-03-2.12799436e-03j
   8.51847120e-02-3.77035370e-01j -7.81183572e-03-7.57690142e-02j
   2.72441462e-03-1.26169970e-02j -5.21265052e-03-3.42444856e-04j
  -2.10036148e-01+8.81416984e-01j -7.64450317e-02+1.17565099e-01j
  -6.07978116e-03+3.46981629e-02j  1.54473872e-03-1.09460224e-02j]]

********* Summary *****************
Final fidelity error 0.30510156782492115
Final penalized l2 error 0.00017919097788559766
Final penalized TV regularizer 0.010444694356141933
Final objective value 0.31554626048665024
Final norm value 10.444694356141932
Final l2 value 0.0017919097788559764
Final error 6.327481625543837e-07
Terminate reason Exceed the maximum number of iteration of ADMM
Number of iterations 100
Completed in 0:06:49.845950 HH:MM:SS.US
Computational time 409.84594975
Time for each iteration [56.248641625, 14.250591917000001, 72.424735833, 27.863239958999998, 79.899294791, 34.968858959, 86.505061083, 41.25946795899999, 93.24910720800001, 46.24161854199998, 98.33519158300003, 51.12468350099998, 103.05357712400003, 56.002608000999984, 107.51846558300001, 59.52205100099998, 112.07679020800002, 63.25305737599997, 115.90712662400001, 67.293237126, 119.555209583, 71.138113459, 123.08984174999999, 75.075482334, 126.926708, 78.399875959, 130.970694166, 81.34527320900003, 134.28695137499997, 84.24604091700002, 137.60511270799998, 87.46137229200002, 140.92148504199997, 91.14673762500004, 143.82098204199997, 94.25523550000003, 147.232110292, 97.467559542, 150.856797, 99.95173137500001, 154.03986195899998, 103.14276562500001, 157.34216379199998, 106.44628020799999, 160.440944959, 109.66896566599999, 163.638584334, 112.96312899999995, 166.723187292, 115.74315974999999, 169.809809667, 119.03574462499998, 173.19744645900002, 121.61290079099993, 176.69060016800003, 123.98397733199997, 179.988697627, 126.25103949799998, 182.76849750199997, 129.95219408199998, 185.138942877, 132.63732341499994, 187.61464841900002, 136.22765228999995, 189.875803585, 138.595523999, 193.308991126, 140.86028387399998, 195.78229187600002, 143.53424974899994, 198.15572146000002, 146.71842653999997, 200.516505669, 148.97444087299996, 202.67546721099998, 151.83834862299997, 204.926530836, 153.99699341399995, 207.16358596100005, 156.3392613309999, 209.50363779400007, 158.5808193729999, 211.84008983600003, 160.81959541399996, 214.27872321100003, 163.15889908099993, 216.61726762800006, 165.40023462199989, 218.84683742000007, 167.7449660799999, 221.0905209200001, 170.00437041399985, 224.06967400300013, 172.24627674699983, 226.30624229500015, 174.07809220499982, 228.65551162900013, 176.31405587099985, 231.4064503380001, 178.4394994119999]
