Final evolution
[[ 4.73416873e-03-5.35670642e-04j -7.09096946e-03-9.99963509e-01j
  -2.49694411e-07-7.54478058e-09j  1.76729517e-06+5.29266685e-07j]
 [-7.08321837e-03-9.99963564e-01j  4.74128574e-03+4.68514757e-04j
   7.44920848e-07+1.41588307e-07j -2.67799353e-07+8.08463750e-08j]
 [-2.64242510e-07-6.57862729e-08j  1.76039339e-06-5.55037572e-07j
   4.73466439e-03-5.31271775e-04j -6.16187509e-03-9.99969666e-01j]
 [ 7.43249000e-07-1.53832493e-07j -2.47482366e-07+2.30667830e-08j
  -6.15412394e-03-9.99969713e-01j  4.74084839e-03+4.72919803e-04j]]

********* Summary *****************
Final fidelity error 1.1457629258804225e-05
Final penalized l2 error 6.638402150887219e-08
Final penalized TV regularizer 0.002791912408443632
Final objective value 0.0028033702966621787
Final norm value 2.7919124084436318
Final l2 value 6.638402150887219e-08
Final error 1.9222725508793196e-05
Terminate reason Exceed the maximum number of iteration of ADMM
Number of iterations 100
Completed in 0:05:24.756696 HH:MM:SS.US
Computational time 324.756696292
Time for each iteration [32.583177, 18.171316042, 39.989208416, 23.949350876000004, 51.137129291, 28.868375084, 58.355332083, 33.1852515, 63.3712375, 37.339531083000004, 66.96904691699999, 40.298300500000025, 76.32806766699998, 44.16548191600002, 78.47342241699998, 48.42466875000004, 81.43245574999996, 50.196965417000044, 87.42948149999997, 52.53813916700004, 90.39419229099995, 57.08494716700004, 92.93922349999995, 58.66704541700004, 94.02706270799997, 59.383685459000034, 94.74290354099996, 66.77231400100005, 98.81882587399996, 69.17509183400004, 100.85642791599996, 72.97213170900004, 102.40773104099996, 74.00492620900003, 106.57729804099996, 76.50414445900005, 111.13905687399996, 79.14334491800004, 112.78114324899995, 82.08266037600005, 113.81205695699997, 83.36048950100003, 114.78721104099996, 84.09134416700003, 115.55852712499997, 89.16489012500004, 118.36804366699995, 91.02730145800005, 119.71095379199996, 91.99396891600004, 120.44719662599995, 92.73048699900006, 121.17777008399993, 93.38911670800006, 121.89732220899994, 99.68632074900007, 127.45507712599992, 103.39375495700007, 129.9733588759999, 108.37571341600011, 132.0532550839999, 110.28957008300011, 133.3855867499999, 115.9517749580001, 136.5327016669999, 119.2798455410001, 141.7419654589999, 120.30989087400008, 144.7026604589999, 124.46444612400012, 145.73656720899987, 127.16362916600013, 147.6021918759999, 128.58994266600013, 148.6386795009999, 129.30858416600012, 149.35787150099986, 130.02579374900012, 150.07319933399987, 130.80613483300016, 150.55275987499982, 131.5342906250002, 151.34735366699977, 135.79055225000025, 154.11660279199975, 137.68441050000024, 155.57737829199976, 142.31350533300025, 158.11708899999974, 145.20041450000025, 162.83837620799977, 146.3217658750002, 165.5916729999998, 148.41378466700024, 166.56730199999976, 149.31075370800022, 167.5738047919998, 153.5219510410002, 168.6865980839998, 156.07009820800022]
