Final evolution
[[ 1.03184478e-01+1.86463266e-02j -2.16980564e-02+9.04115906e-03j
   1.92926165e-01-6.45081012e-03j -9.32274383e-02-1.55820340e-02j
  -1.32230741e-01-1.67758719e-02j  3.32932675e-01+6.23398730e-02j
   8.26456309e-03+5.00933307e-03j  8.82984161e-01+1.69802572e-01j
   2.77430255e-03+1.39016704e-04j  1.45754766e-03+2.33976721e-03j
   7.25233479e-03+2.87348454e-04j  2.52120155e-03+4.61290947e-03j
  -4.33522400e-03-1.08583725e-03j  1.12199198e-02+2.81417845e-03j
   6.30871452e-04+8.31087161e-05j  2.94432905e-02+7.45466167e-03j]
 [ 2.55658821e-02-1.83027860e-04j -8.76203823e-02-3.90993453e-03j
  -8.51232734e-02-1.55631220e-02j -2.61652684e-01-1.00655906e-01j
   2.91163261e-02+1.60436322e-02j -5.98343373e-03+9.84811935e-03j
   9.25577334e-01+2.14688544e-01j -1.86820955e-02-5.13838063e-03j
   1.15832015e-03+4.73996021e-04j -2.93003983e-03-5.73775200e-04j
   3.12730123e-03+5.20176734e-03j -9.16154187e-03-5.13364556e-03j
   6.18951313e-04+5.20500464e-04j  3.94937998e-04+6.31807099e-04j
   3.05558513e-02+9.01634334e-03j  1.67628885e-04-2.68475507e-04j]
 [-5.67462283e-02-1.88390575e-02j -2.23811622e-02-5.94387731e-02j
   3.49432851e-03+3.55981315e-03j -1.48987106e-03-1.39458500e-02j
   9.31047219e-01+1.93878660e-01j  2.81076542e-01+7.11941312e-02j
  -3.25585760e-02-2.60941569e-03j  3.67720935e-02+8.31533531e-03j
   3.92311642e-03+4.72541440e-03j  2.42439930e-04-4.38792585e-04j
  -9.24866936e-05-2.39713492e-06j  2.88812075e-04-2.59628121e-04j
   3.13990504e-02+8.55342640e-03j  8.29507127e-03+1.42185893e-03j
  -1.03301634e-03-1.36724657e-04j  1.19996596e-03+4.95919278e-04j]
 [-4.63978927e-01-5.05476556e-02j -2.06218591e-02-2.16511843e-02j
   8.27559235e-02+1.28561141e-02j -4.55505659e-02-2.97619263e-03j
   1.89713469e-01+3.32289120e-02j -7.66498473e-01-1.45095133e-01j
   3.57330553e-03-3.28198819e-03j  3.48608971e-01+6.14976823e-02j
  -1.43713710e-02-2.46330232e-03j -5.81398784e-03-6.36715832e-03j
   3.00749906e-03+6.63058136e-04j  6.94548729e-04+1.90370411e-03j
   7.77827676e-03+3.14714925e-03j -2.50050697e-02-5.88568352e-03j
   2.77655124e-04-2.93645625e-04j  1.16837841e-02+2.79653896e-03j]
 [-1.31605918e-01-2.31907628e-02j  3.29464989e-01+7.06536724e-02j
  -2.73765879e-02-7.18658728e-03j  8.62634037e-01+1.55321898e-01j
   2.04423188e-03-3.01468346e-02j  5.73270851e-02+1.37184403e-02j
   2.90173135e-01+2.47766523e-02j  9.30742971e-02+2.18980266e-02j
  -4.72206438e-03-2.02264856e-03j  1.06556714e-02+4.33677918e-03j
  -7.94091399e-04+4.19914367e-04j  2.78019078e-02+1.05897744e-02j
   1.41888930e-03-1.60968166e-04j -2.48328472e-04-1.27724651e-03j
   1.06971646e-02+1.69983317e-03j -2.98931453e-03-4.53295549e-03j]
 [ 2.63281219e-02+6.12056015e-03j  1.10923375e-02+8.77448364e-03j
   9.47983865e-01+2.17593848e-01j  2.35995361e-02+1.07418140e-03j
   8.35223200e-03+1.01110682e-02j  7.20710699e-04-1.44574533e-02j
   8.82776684e-02+2.22567054e-02j -1.88706559e-01-8.37435993e-02j
   8.40876292e-04+3.95482857e-04j  4.01966712e-04+3.11154973e-04j
   3.03313536e-02+1.32246546e-02j  5.78789278e-04+7.51054347e-04j
   8.01303556e-05+1.99018679e-04j  1.00859239e-05-6.55452666e-04j
  -3.60638776e-03-5.01208788e-03j -6.68828617e-03-4.18580632e-03j]
 [ 8.05722113e-01+1.89953820e-01j  3.00338938e-01+6.84730899e-02j
  -1.20638776e-02+5.95897918e-03j  2.19404137e-02+4.59587438e-03j
   1.85541561e-01+2.26364507e-02j -3.97106904e-01-1.23735983e-01j
   7.08101095e-03-1.22032771e-03j  9.34869472e-02+3.49708181e-02j
   2.57211077e-02+1.18917585e-02j  7.86423376e-03+3.00731245e-03j
  -3.21451727e-04+4.77270204e-05j  1.13366315e-03+9.62590314e-04j
   3.44217356e-04-4.12451300e-03j -1.53318206e-02-7.64348064e-03j
   5.46501893e-04+1.22845989e-04j  2.89595335e-03+1.16272619e-03j]
 [ 2.45473252e-01+4.03758804e-02j -8.62479413e-01-1.82006678e-01j
   1.37599296e-03-2.77173163e-03j  3.66091293e-01+7.51495314e-02j
   1.21388051e-02+4.74716503e-02j -1.14184219e-01-3.99288462e-02j
   2.87314685e-02-2.96770393e-02j  3.72228594e-02+1.07026025e-02j
   9.49204974e-03+3.90745089e-03j -2.78121297e-02-1.12347331e-02j
  -3.54834648e-04-4.87080951e-04j  1.18690979e-02+4.81522066e-03j
  -2.32867336e-03-3.75650345e-05j  1.88378029e-03+3.24724831e-03j
   1.35914454e-03-7.83672152e-04j -1.29295040e-03-1.70136212e-03j]
 [ 4.08448714e-03+3.16018674e-04j -1.18472241e-02-4.10556287e-04j
  -1.05030822e-03+9.37930419e-04j -3.09122402e-02-8.97932308e-04j
   1.68549800e-03+7.16326129e-04j -3.15689496e-03+1.29252375e-03j
   9.45926781e-05+1.67296542e-03j -7.18561452e-03+3.04803665e-03j
  -1.42270448e-01-2.47808420e-02j  3.41458452e-01+7.12334400e-02j
  -1.26817272e-02+9.76655595e-04j  9.04477601e-01+1.84589882e-01j
  -6.09539174e-03-3.50844404e-02j  1.70035399e-02+1.17835332e-03j
   2.67223300e-02-4.10845071e-02j  2.27184546e-03+1.36688749e-03j]
 [-1.71709251e-03-3.99695307e-06j  3.12951750e-04-6.59969418e-04j
  -3.32603363e-02-1.53106504e-03j  2.10774612e-03-5.89804747e-04j
   6.25688442e-04-1.96479964e-04j -2.75504940e-03+1.36290882e-04j
  -7.24693667e-03+2.97677361e-03j -2.60920078e-03+4.49431595e-04j
   4.48072513e-02+9.25807195e-03j  1.03212586e-02+1.03471015e-02j
   9.68365687e-01+2.11674984e-01j  1.34688162e-02+5.78174857e-03j
  -2.70147849e-02+5.66313921e-03j  8.09497472e-02-3.39088569e-03j
  -1.09316584e-02-6.27336905e-04j  6.88570190e-02-3.94849180e-02j]
 [-3.15499668e-02-1.32425338e-03j -9.56981776e-03-5.34581457e-04j
   1.01972456e-03-2.22695733e-04j -1.19558945e-03+5.63254743e-05j
  -8.24802417e-03+3.56336299e-03j  3.96073334e-03+2.23761358e-03j
   4.65209488e-06-6.83098481e-05j -4.78632113e-04-3.70901444e-04j
   9.06019172e-01+2.05944998e-01j  2.85118722e-01+7.65421970e-02j
  -3.12127451e-02+7.90926054e-04j  3.57866201e-02+8.15183059e-03j
   2.83536832e-02-7.01129216e-03j -1.95643317e-01-8.12360737e-02j
   8.02757325e-03-6.44741354e-04j  5.01902275e-03+1.51805010e-02j]
 [-5.07404215e-03-1.62894239e-03j  2.92252004e-02+1.36892159e-03j
  -5.27610502e-04+4.08553228e-04j -1.21676895e-02-3.64475541e-04j
  -1.09202277e-02-1.92371672e-03j  4.28907684e-03-2.82884557e-03j
   3.23322966e-04+1.19027659e-03j -3.07975718e-03+1.17997900e-03j
   2.56942126e-01+4.03404339e-02j -8.30147502e-01-1.93159319e-01j
  -4.29479466e-03-3.20019721e-03j  3.57973635e-01+7.17315471e-02j
   2.45819992e-01+8.62533150e-02j  4.97817723e-02-1.03717224e-03j
   3.63737468e-03-3.07211139e-02j  8.20056216e-03+3.65172820e-03j]
 [ 3.11056060e-03-2.09429989e-04j -2.75125647e-03+1.26572685e-03j
  -3.51462791e-03-1.43216080e-03j -7.43020250e-03+2.63586966e-03j
  -4.46081065e-03-2.27022561e-04j  1.08430023e-02+1.76092976e-03j
  -2.23016970e-03+1.23614346e-03j  3.02281913e-02+4.52901471e-03j
  -6.57629845e-02-9.97928901e-03j -5.36290968e-03-1.06113258e-02j
   7.45732479e-02+7.43600253e-02j  3.77139864e-03+9.98106250e-04j
   1.32338522e-01+2.23640528e-02j -3.29859570e-01-6.59991602e-02j
  -3.57071891e-03+2.20640024e-03j -9.04137926e-01-1.85719638e-01j]
 [-3.78988041e-04-6.33463539e-05j -1.98998348e-04+3.88013986e-04j
  -7.87329993e-03+2.61603320e-03j  3.32380747e-04-1.66866109e-03j
   8.69184220e-04+1.87590570e-04j  4.64841887e-04+4.45571574e-04j
   3.26968166e-02+5.33661764e-03j  1.88192529e-03-4.49058763e-04j
   3.15432079e-03+3.80775121e-03j  5.12066500e-03-1.06550184e-02j
  -1.04267578e-02-4.48978085e-03j  6.52612103e-03+5.78730067e-02j
  -2.82470208e-02-8.75667860e-03j -1.09547896e-02-1.06961447e-02j
  -9.74785836e-01-2.09238920e-01j  1.12972803e-03+6.46973576e-03j]
 [-8.55213556e-03+2.11654375e-03j  6.85327690e-03-3.03391095e-04j
   2.05080298e-05+6.07262093e-05j -3.29626963e-03-5.73792061e-04j
   2.92204228e-02+4.63572815e-03j  1.28193381e-02+6.91042472e-04j
  -1.10355156e-03+3.41539000e-04j  2.89756867e-04+4.24862583e-04j
   3.57941931e-02+1.06978931e-02j -2.48707187e-01-8.42875774e-03j
   9.05924623e-04-4.14647218e-03j  8.45913877e-02+3.49365934e-02j
  -9.04685695e-01-1.71695510e-01j -2.68798165e-01-6.74812367e-02j
   3.41790714e-02-5.40246197e-03j -3.31500435e-02-8.25107356e-03j]
 [-7.99678269e-03+1.37468044e-03j  6.69392753e-03-2.89984008e-03j
   1.82151752e-03+2.94460984e-04j -3.17023004e-03+1.16341771e-03j
   8.20871317e-03+5.65158003e-04j -2.82764612e-02-4.34683098e-03j
   3.95235373e-05+1.31170081e-04j  1.22648934e-02+1.70173756e-03j
   1.97685622e-01-1.28201159e-03j  2.73376004e-02+1.90377011e-02j
  -6.11491889e-02-1.11537055e-02j  1.18237196e-03-3.88962849e-03j
  -2.43896407e-01-4.20227384e-02j  8.51763088e-01+1.70033128e-01j
  -5.33200568e-03+7.04161882e-03j -3.66464278e-01-6.86904792e-02j]]

********* Summary *****************
Final fidelity error 0.05932825414750187
Final penalized l2 error 2.9774668765861543e-05
Final penalized TV regularizer 0.0013272306829028935
Final objective value 0.06065548407318203
Final norm value 13.272306829028935
Final l2 value 0.0002977466876586154
Final error 2.2182508730836633e-07
Terminate reason Exceed the maximum number of iteration of ADMM
Number of iterations 100
Completed in 0:14:26.851330 HH:MM:SS.US
Computational time 866.851329959
Time for each iteration [89.611960334, 23.169267625000003, 111.94987624999999, 45.609678417, 129.3977395, 63.38775124999998, 147.830386584, 81.63656758299999, 167.026228792, 95.12913999999998, 180.57192262499998, 109.00607799999997, 195.47880025000003, 122.20554791699996, 207.30825608300003, 134.90784608399994, 217.42573908300002, 147.60470904199994, 229.21318337500006, 156.63944074999992, 241.87594641700005, 165.7905390829999, 250.7138135010001, 174.48262887399991, 259.85132791800004, 184.04456358199997, 270.47790741800003, 193.77765158199998, 279.60965471000003, 202.43958937399998, 289.322131085, 210.96089599899994, 298.73983946000004, 220.37410270699996, 308.31666854300005, 231.29431020700002, 313.809051418, 237.38719687400004, 320.20205954299996, 244.52405729100013, 324.77888291799997, 253.31016624900013, 329.51465554299995, 259.39559812400006, 336.194494626, 265.76452216600006, 340.01290291799995, 273.49296858200006, 345.63524725199994, 279.11521679000015, 352.0081086269999, 285.1894452070001, 357.195778085, 293.6667951240001, 361.3158198759999, 297.02481262400016, 368.1298122099999, 301.2814817490002, 372.9924301679999, 307.9382929160002, 375.8935206259999, 313.9917574160002, 380.6013275839999, 320.2036873330001, 384.40885066699997, 326.5598344580001, 388.3712297089999, 333.0669637910001, 392.782948751, 338.98228645800003, 398.85489450100005, 345.040578874, 404.15978887600005, 350.04500954099996, 410.8244855430001, 354.00554574899996, 416.28951312600003, 357.06131291599996, 423.5283644180001, 360.489162874, 426.6292462510001, 367.8891022489999, 430.4282536680002, 375.62260058199985, 433.0331263350002, 380.7662611649999, 436.3729375020002, 385.00690741499983, 439.7091182520002, 388.34730728999983, 443.1938448350002, 391.38503999899984, 450.41781829300015, 395.17837112399985, 454.5169875850002, 398.97547820699987, 457.4117749600002, 402.3155148739999, 461.6472062100001, 405.20412374899996]
