Final evolution
[[0.4662245 -0.03857238j 0.        +0.j         0.        +0.j
  0.06216523-0.88163619j 0.        +0.j         0.        +0.j
  0.        +0.j         0.        +0.j         0.        +0.j
  0.        +0.j         0.        +0.j         0.        +0.j
  0.        +0.j         0.        +0.j         0.        +0.j
  0.        +0.j        ]
 [0.        +0.j         0.4601574 +0.03326227j 0.0637765 -0.88491884j
  0.        +0.j         0.        +0.j         0.        +0.j
  0.        +0.j         0.        +0.j         0.        +0.j
  0.        +0.j         0.        +0.j         0.        +0.j
  0.        +0.j         0.        +0.j         0.        +0.j
  0.        +0.j        ]
 [0.        +0.j         0.06376643-0.88491956j 0.4601719 +0.03306101j
  0.        +0.j         0.        +0.j         0.        +0.j
  0.        +0.j         0.        +0.j         0.        +0.j
  0.        +0.j         0.        +0.j         0.        +0.j
  0.        +0.j         0.        +0.j         0.        +0.j
  0.        +0.j        ]
 [0.06489037-0.8814398j  0.        +0.j         0.        +0.j
  0.45587631+0.10502333j 0.        +0.j         0.        +0.j
  0.        +0.j         0.        +0.j         0.        +0.j
  0.        +0.j         0.        +0.j         0.        +0.j
  0.        +0.j         0.        +0.j         0.        +0.j
  0.        +0.j        ]
 [0.        +0.j         0.        +0.j         0.        +0.j
  0.        +0.j         0.46777666-0.0061733j  0.        +0.j
  0.        +0.j         0.12310753-0.87520936j 0.        +0.j
  0.        +0.j         0.        +0.j         0.        +0.j
  0.        +0.j         0.        +0.j         0.        +0.j
  0.        +0.j        ]
 [0.        +0.j         0.        +0.j         0.        +0.j
  0.        +0.j         0.        +0.j         0.45674646+0.06506827j
  0.12494239-0.87837247j 0.        +0.j         0.        +0.j
  0.        +0.j         0.        +0.j         0.        +0.j
  0.        +0.j         0.        +0.j         0.        +0.j
  0.        +0.j        ]
 [0.        +0.j         0.        +0.j         0.        +0.j
  0.        +0.j         0.        +0.j         0.1249324 -0.87837389j
  0.45677487+0.0648685j  0.        +0.j         0.        +0.j
  0.        +0.j         0.        +0.j         0.        +0.j
  0.        +0.j         0.        +0.j         0.        +0.j
  0.        +0.j        ]
 [0.        +0.j         0.        +0.j         0.        +0.j
  0.        +0.j         0.12581252-0.87482461j 0.        +0.j
  0.        +0.j         0.44750308+0.13636019j 0.        +0.j
  0.        +0.j         0.        +0.j         0.        +0.j
  0.        +0.j         0.        +0.j         0.        +0.j
  0.        +0.j        ]
 [0.        +0.j         0.        +0.j         0.        +0.j
  0.        +0.j         0.        +0.j         0.        +0.j
  0.        +0.j         0.        +0.j         0.46777625-0.00620426j
  0.        +0.j         0.        +0.j         0.12304961-0.87521751j
  0.        +0.j         0.        +0.j         0.        +0.j
  0.        +0.j        ]
 [0.        +0.j         0.        +0.j         0.        +0.j
  0.        +0.j         0.        +0.j         0.        +0.j
  0.        +0.j         0.        +0.j         0.        +0.j
  0.45675076+0.06503804j 0.12488427-0.87838073j 0.        +0.j
  0.        +0.j         0.        +0.j         0.        +0.j
  0.        +0.j        ]
 [0.        +0.j         0.        +0.j         0.        +0.j
  0.        +0.j         0.        +0.j         0.        +0.j
  0.        +0.j         0.        +0.j         0.        +0.j
  0.12487427-0.87838215j 0.45677916+0.06483828j 0.        +0.j
  0.        +0.j         0.        +0.j         0.        +0.j
  0.        +0.j        ]
 [0.        +0.j         0.        +0.j         0.        +0.j
  0.        +0.j         0.        +0.j         0.        +0.j
  0.        +0.j         0.        +0.j         0.12575462-0.87483293j
  0.        +0.j         0.        +0.j         0.44751211+0.13633057j
  0.        +0.j         0.        +0.j         0.        +0.j
  0.        +0.j        ]
 [0.        +0.j         0.        +0.j         0.        +0.j
  0.        +0.j         0.        +0.j         0.        +0.j
  0.        +0.j         0.        +0.j         0.        +0.j
  0.        +0.j         0.        +0.j         0.        +0.j
  0.46708178+0.02622455j 0.        +0.j         0.        +0.j
  0.18340079-0.86458721j]
 [0.        +0.j         0.        +0.j         0.        +0.j
  0.        +0.j         0.        +0.j         0.        +0.j
  0.        +0.j         0.        +0.j         0.        +0.j
  0.        +0.j         0.        +0.j         0.        +0.j
  0.        +0.j         0.45114616+0.09653161j 0.18545023-0.8676157j
  0.        +0.j        ]
 [0.        +0.j         0.        +0.j         0.        +0.j
  0.        +0.j         0.        +0.j         0.        +0.j
  0.        +0.j         0.        +0.j         0.        +0.j
  0.        +0.j         0.        +0.j         0.        +0.j
  0.        +0.j         0.18544036-0.86761781j 0.45118833+0.09633429j
  0.        +0.j        ]
 [0.        +0.j         0.        +0.j         0.        +0.j
  0.        +0.j         0.        +0.j         0.        +0.j
  0.        +0.j         0.        +0.j         0.        +0.j
  0.        +0.j         0.        +0.j         0.        +0.j
  0.18607266-0.86401612j 0.        +0.j         0.        +0.j
  0.43698959+0.16701259j]]

********* Summary *****************
Final fidelity error 0.11683141766437488
Final penalized l2 error 0.10423274021412057
Final penalized TV regularizer 0.01812360734620667
Final objective value 0.13495497859958405
Final norm value 1.8123607346206672
Final l2 value 1.0423274021412057
Final error 6.137060558995207e-08
Terminate reason Exceed the maximum number of iteration of ADMM
Number of iterations 100
Completed in 0:06:42.555578 HH:MM:SS.US
Computational time 402.555577917
Time for each iteration [17.803406083000002, 9.641650709, 25.923972791, 18.118674834, 34.015175541000005, 25.834707084, 42.257023583000006, 33.479572917, 49.592240165999996, 40.59655866700001, 56.978151707999984, 46.20598041700002, 62.704455915999986, 51.32873554200002, 67.73775033299998, 56.14604216700003, 71.35148862499997, 60.66250454200002, 76.07161183299996, 64.16928841700002, 80.37765570799996, 68.69296808400003, 84.19456595799997, 72.99991537500003, 88.40273149999996, 77.43058437500002, 92.67262945799996, 81.54795633400002, 96.91195120799998, 85.86405725, 100.22684891699998, 89.872069541, 103.24622129199997, 92.98391900000001, 107.15924995799998, 95.99529404200001, 111.67258254099997, 98.91237508400002, 114.77326429099998, 102.514541417, 117.47206304099998, 106.52469366700001, 120.40757787499999, 109.639938083, 124.03012974999999, 113.67234970800001, 127.13781720899996, 116.78898154100003, 130.85145962599995, 119.70493933200001, 134.373418835, 123.42310445700002, 137.584020876, 126.64591687400002, 141.306760918, 129.35364429000003, 145.326428668, 132.17854558200003, 149.038016793, 134.990106207, 152.27141566800003, 138.690883665, 155.374278668, 141.90394695700002, 158.89508312599997, 145.120124249, 162.219612251, 148.627791624, 165.43112087600002, 152.242160124, 169.043071001, 154.85330683200004, 172.19295316799997, 158.05572420700003, 174.697464335, 160.575210665, 177.815481002, 163.073036081, 180.52916891900003, 166.69228941399996, 183.04829787800008, 169.4118050799999, 185.75239304500013, 172.5197049969999, 188.1579046700001, 175.13747216299993, 191.1823459620001, 177.53612237099992, 193.59723867100007, 180.94150041199993, 196.19817904600006, 183.65842428699995, 199.41175846300007, 185.97256161999996, 202.72910279700005, 188.47857482799998, 205.45193421400006, 191.48568028599993, 207.7571100890001, 194.7984678279999]
