Final evolution
[[ 9.62697988e-03+1.07254837e-02j -2.79673681e-02-8.00209661e-03j
  -6.01139425e-03+2.31200071e-05j  2.43652142e-01+5.65081182e-02j
  -1.05835320e-03-2.20560591e-03j  7.23077940e-03+3.82635352e-03j
  -5.87190249e-03-1.03847339e-02j -6.13685493e-02-3.09783495e-02j
   2.54214326e-03-1.18261129e-04j -1.74779913e-03-2.78933911e-04j
  -2.26372111e-02+7.47003547e-03j  4.64583632e-03+1.03992172e-02j
  -2.82065116e-02-4.50955896e-02j  1.02421066e-01+4.45684137e-02j
  -2.28461172e-03+1.02377869e-03j -8.96224877e-01-3.34919246e-01j]
 [ 2.25893541e-02-1.67369546e-02j  8.24267861e-03-4.89249673e-03j
  -2.15891066e-01+1.27424738e-01j -3.37922406e-03+2.35532070e-03j
  -7.76644721e-03+2.63220450e-03j -2.18559060e-03+3.24701201e-04j
   6.61188833e-02-1.97528667e-02j -2.26667538e-03+3.24554461e-03j
   8.24911258e-04+1.12359844e-03j  2.19857260e-03+2.86608553e-03j
  -1.06028430e-02-4.34399424e-03j -1.35533194e-02-2.53911623e-02j
  -9.50480247e-02+5.23092462e-02j -3.17690974e-02+1.39313828e-02j
   8.81433785e-01-3.74836219e-01j -3.54300568e-03-4.04508077e-03j]
 [-2.36183491e-01+1.30654492e-03j -8.19935238e-02-2.70634516e-03j
  -2.96980659e-02-2.55426693e-03j  9.00347113e-04-7.90695471e-03j
   6.61249293e-02+1.80931012e-02j  1.72269126e-02+7.50580709e-03j
   7.53334451e-03+2.64673758e-03j -1.37137677e-03+2.26708310e-03j
  -1.25413232e-04-1.22451900e-02j -1.05959092e-03-3.02283403e-02j
  -4.39470880e-04-4.46266476e-04j  7.70246802e-04-3.55953252e-03j
   9.03085622e-01+1.12019871e-01j  2.93714009e-01+4.51705373e-02j
   1.11262991e-01+2.47903150e-02j -9.29786378e-03+2.88178452e-02j]
 [ 5.91735383e-02-5.90555470e-02j -1.77015415e-01+1.56906368e-01j
   8.63280352e-04-3.35576196e-04j -2.03550819e-02+2.38386431e-02j
  -7.24596941e-03+1.20157154e-02j  5.82683095e-02-3.16464077e-02j
   1.41922588e-03-8.07716673e-05j  7.09750895e-03-4.77236600e-03j
   1.01874164e-02-2.11308960e-02j -4.65567044e-03+4.55984509e-03j
   4.93199970e-04-2.91667740e-03j -1.45889789e-03-2.69327449e-05j
  -2.38366949e-01+1.75792277e-01j  7.54239688e-01-5.09738431e-01j
  -1.63757685e-03-1.66528120e-03j  8.93485498e-02-7.98742375e-02j]
 [-3.51565494e-03-2.54814195e-02j  3.93986887e-02+3.88593782e-02j
  -1.88338650e-02-6.68872136e-03j -3.67494235e-01-3.15955264e-01j
   1.03281204e-02-4.81453563e-02j  3.99140651e-02+9.28120231e-02j
  -1.26367740e-02+9.26564416e-03j -3.85853636e-01-7.70588414e-01j
  -4.63261635e-04-1.47249054e-03j  2.81629262e-03+1.78168749e-03j
  -1.67638730e-03+1.16412963e-04j -2.57767039e-02-1.36836409e-02j
  -2.37726718e-04-2.70019877e-03j  5.81227688e-03+5.62525448e-03j
  -5.57248371e-03-7.40846887e-03j -5.11183752e-02-4.23098018e-02j]
 [-5.49650670e-02+8.59011160e-03j -1.83498747e-02+3.98474154e-03j
   4.84679425e-01-2.40921788e-02j  8.72846797e-03-2.74767194e-02j
  -9.47991674e-02-2.32437938e-02j -2.83299122e-02-9.55564375e-03j
   8.11286855e-01+2.93158181e-01j -9.49761884e-03-1.23734684e-02j
  -3.09751131e-03+1.20631817e-03j -9.82325554e-04+5.05118212e-04j
   2.78737724e-02-7.47942584e-03j -2.74664451e-04-2.01921750e-03j
  -7.71967229e-03+9.32084791e-04j -1.26831075e-03+4.56638220e-04j
   6.62716047e-02-4.56065056e-03j -9.82695560e-03-3.66041506e-03j]
 [ 4.15614997e-01+2.12261964e-01j  1.51595575e-01+5.69906918e-02j
   4.83305274e-02+3.18815945e-02j -6.77673323e-03+1.03131737e-02j
   5.29703290e-01+6.23920298e-01j  1.61740362e-01+1.99147328e-01j
   5.85426420e-02+8.48932969e-02j -2.42185640e-02+1.19128873e-02j
   2.69593912e-02+7.01466243e-03j  9.44958677e-03+8.96486384e-04j
   3.21773720e-03+1.26099796e-03j -2.86737196e-04+6.33223001e-04j
   5.87751748e-02+2.97536658e-02j  1.18226858e-02+2.29738327e-03j
   6.72909330e-03+4.19572468e-03j -2.05249577e-03+7.32385256e-04j]
 [-1.29163665e-01+3.20029839e-02j  4.46606901e-01-1.02193402e-01j
   1.28677378e-03-2.65901942e-03j  5.63870116e-02-2.24183592e-02j
  -2.66998915e-01-4.38237027e-02j  8.13662858e-01+1.27846408e-01j
  -5.59489089e-04-3.84888621e-03j  1.07920362e-01+2.13119719e-03j
  -7.04102407e-03+2.94797666e-03j  2.50274608e-02-1.18695157e-02j
   4.41456560e-05-2.34520943e-04j  3.02022855e-03-2.06037242e-03j
  -1.08974556e-02+6.02830604e-03j  6.41755190e-02-1.59154057e-02j
   1.04356600e-03-2.22829584e-04j  7.59242559e-03-2.92410386e-03j]
 [-1.96475655e-04-3.05615187e-03j  6.13488029e-03+5.51871747e-03j
  -6.55320380e-03-4.99113490e-03j -5.30142448e-02-4.25883055e-02j
   1.05688822e-04-3.03296877e-04j -8.47395590e-04-5.44835967e-04j
   9.65830076e-04+5.68621450e-03j  6.60203609e-03+3.56973924e-03j
   1.66313456e-02+5.25531216e-02j -9.08260064e-02-7.11879795e-02j
   1.40909928e-03-1.24451316e-03j  8.09365751e-01+5.67936603e-01j
  -1.71252087e-03+2.07634880e-03j  6.10998868e-04+5.92784340e-04j
   1.72461685e-02-2.48823730e-02j -1.37551150e-03-1.51426247e-02j]
 [-7.95806504e-03+1.23144614e-03j -1.54109189e-03+6.89796612e-05j
   6.79988800e-02-5.83947204e-03j -8.27161265e-03+2.88013844e-04j
   9.23106999e-04-7.60578795e-05j -1.01869406e-04-1.10203245e-04j
  -7.09355882e-03+2.33140711e-03j  3.15846262e-03+7.11123414e-04j
   1.08630779e-01-2.76631399e-02j  3.54957453e-02-5.72049168e-03j
  -9.79387708e-01+1.45974776e-01j  1.56755868e-03+5.26487923e-03j
  -1.58248440e-03-2.16412450e-03j -2.64761587e-03-1.50722301e-03j
   1.15693278e-02+1.00377593e-02j  1.86121440e-02+1.20024590e-02j]
 [ 6.09401517e-02+2.87233587e-02j  1.18222651e-02+6.26262698e-03j
   6.97432780e-03+4.17305383e-03j -2.14791943e-03+1.30328530e-03j
  -7.58737418e-03-3.13351784e-03j  3.00777430e-05+1.38067850e-03j
  -7.83351927e-04-2.36556491e-04j  3.96016460e-04+4.75716424e-05j
  -8.74117488e-01-3.46628230e-01j -2.82940732e-01-1.21715978e-01j
  -1.04897357e-01-5.37180103e-02j  1.66731790e-02-2.64324896e-02j
   8.90810108e-04+2.23934345e-02j  1.08643534e-02+2.32970014e-02j
  -3.51429491e-04+1.21649553e-03j  4.64926161e-04+2.53451378e-03j]
 [-1.26516512e-02+4.45123411e-03j  6.46933824e-02-1.83229898e-02j
   8.60560309e-04-4.87701110e-04j  7.83615679e-03-3.15135229e-03j
  -2.95934242e-03-3.61657088e-03j -7.40568370e-03+3.14179453e-03j
  -6.54035676e-04-2.57806335e-04j -7.36358132e-04+3.86187311e-04j
   2.85460458e-01-1.14380919e-01j -8.86629750e-01+3.13655914e-01j
   1.36821873e-03+2.02603136e-03j -1.10114510e-01+5.67044098e-02j
   5.56766109e-03+2.48880956e-02j  5.99267870e-03+5.02267073e-03j
   1.76013243e-03+3.35242737e-03j  1.75093435e-03+7.48489171e-04j]
 [ 1.95648363e-02-4.24547883e-02j  1.46739940e-02+9.58331321e-02j
   3.61740122e-03+9.10616497e-03j -1.63764870e-01-8.08496885e-01j
  -1.75077070e-02+1.74534868e-02j  1.33539886e-02-5.43041982e-02j
  -2.40134339e-02+3.98840665e-03j -9.81476585e-02+4.75234982e-01j
   1.49107943e-03-3.79268741e-03j  1.16107900e-03+6.57927303e-03j
  -1.41151737e-03+4.78946475e-03j -1.66231133e-02-6.05567045e-02j
   8.12206148e-03-1.14912923e-02j -2.04300201e-04+2.93232073e-02j
  -2.23296274e-03-7.35307524e-05j -1.21912930e-02-2.50559318e-01j]
 [-8.12471359e-02-4.55621346e-02j -2.34622218e-02-1.79544086e-02j
   6.76510638e-01+4.74090265e-01j -1.03434234e-02+3.84299350e-03j
   3.30364206e-02+4.42534654e-02j  1.03500474e-02+1.69833642e-02j
  -2.56523001e-01-4.12627603e-01j -7.73342144e-03-1.75535702e-02j
  -6.44413632e-03-2.61368591e-03j -3.43695052e-03-9.48037653e-04j
   5.38254931e-02+3.25023596e-02j  1.32219374e-02-8.79874677e-04j
  -2.24856628e-02-1.73619238e-02j -6.58412499e-03-6.04231308e-03j
   1.81690383e-01+1.72987835e-01j  2.58798853e-04-2.81409251e-03j]
 [ 3.27798432e-01+7.09227139e-01j  8.73831564e-02+2.36727575e-01j
   3.29489009e-02+9.25523952e-02j -2.70311466e-02+6.33452683e-03j
  -6.76257927e-03-4.63741170e-01j  4.24610170e-03-1.69702532e-01j
   3.90742483e-03-5.69172696e-02j  1.59438994e-02+1.06066207e-04j
   2.87986701e-02+5.08315835e-02j  1.99570563e-02+2.31916742e-02j
   2.84859982e-03+6.99112854e-03j -4.88743039e-04+1.44387234e-03j
   6.73979146e-02+2.28554271e-01j  2.00028970e-02+7.39899598e-02j
   5.61135911e-03+2.93835628e-02j -7.82439929e-03+5.74410902e-04j]
 [-2.48393289e-01-9.57300292e-02j  7.19916991e-01+3.15964395e-01j
  -9.88274814e-04-1.95830265e-03j  9.92209895e-02+2.89544194e-02j
   1.18003773e-01+8.50268737e-02j -3.10893155e-01-3.32871928e-01j
   4.07491860e-04-1.95545297e-03j -4.70164407e-02-3.85246342e-02j
  -2.15768355e-02-9.61044687e-03j  5.21921075e-02+2.16089295e-02j
  -3.93291158e-04-6.60394465e-04j  7.81485756e-03+1.41934675e-03j
  -6.63546905e-02-4.06106553e-02j  2.01136019e-01+1.29286686e-01j
   2.83677831e-04-7.88462380e-04j  2.84885551e-02+1.32436877e-02j]]

********* Summary *****************
Final fidelity error 0.37815710245431655
Final penalized l2 error 0.00014142840493653607
Final penalized TV regularizer 1.1873306449383457e-05
Final objective value 0.3781689743645539
Final norm value 11.873306449383458
Final l2 value 0.0014142840493653608
Final error 3.727002624761335e-11
Terminate reason Exceed the maximum number of iteration of ADMM
Number of iterations 100
Completed in 0:06:14.916134 HH:MM:SS.US
Computational time 374.91613441600003
Time for each iteration [25.505181416, 17.387894584, 35.613977166, 25.998171667, 43.27638229100001, 32.28287824999999, 49.32397516600002, 38.117153374999994, 54.897565750000005, 43.558682499999996, 60.56501079100001, 47.90009316699999, 64.54609883300003, 52.266885582999976, 68.53889437500003, 55.791319874999985, 72.16063520800002, 59.33500812499999, 75.687629083, 62.99340779200001, 79.10418733299998, 66.66854675000003, 82.52077949999996, 70.07981575000004, 86.06883741599997, 73.50238154200004, 89.48346995799996, 76.79363054200006, 92.80596666599995, 80.19346875000006, 96.21890499999994, 83.47923725000008, 99.62842904099993, 86.75487050000008, 102.90415804099992, 90.03131795900008, 106.33062670699992, 93.31295095900008, 109.61325087399992, 96.58506737600008, 113.06121766499992, 99.7352290430001, 116.4660030399999, 103.0373387930001, 119.60077599799989, 106.18737591800011, 123.00194858199988, 109.47052591800012, 126.15816441499989, 112.74078633500012, 129.1886670809999, 116.00690633500011, 132.46223695599988, 119.16720754400015, 135.61782412199986, 121.82629596100017, 138.27900807999984, 124.97753921100016, 140.82547787199982, 127.63630400300016, 143.48720532999985, 130.30739108600014, 146.15510445499987, 132.97938079500014, 148.8425277459999, 136.2490671290001, 151.6240949959999, 138.9291913370001, 154.29294899599992, 141.47504162900006, 156.83417395399997, 144.01535108700003, 160.09459832899998, 147.15386025400002, 162.62983445399996, 150.06530150400002, 165.05375407900002, 152.610750046, 167.47241499500004, 155.147143296, 170.01449412000002, 157.56568975499997, 172.55605253600007, 160.10286804699993, 175.4546699530001, 162.6368911719999, 178.02221991100012, 165.67496525499988, 181.04937612000012, 168.5958941709999, 183.5890794950001, 171.0085981299999, 186.1197297030001, 173.41941096299988, 188.66869595300014, 175.83542829699988, 191.0826092440001, 178.3821329639999, 194.1123044110001, 180.80383000499992]
