Final evolution
[[-3.03600726e-02+3.59273116e-01j  1.50047576e-03-5.57628650e-02j
   4.49350834e-02+4.53730531e-02j -3.92244874e-02+2.84745141e-01j
  -7.22022533e-02+1.39233873e-02j  1.21241869e-02-5.48651155e-03j
  -9.41902516e-03-3.64287447e-03j -5.76102848e-02+9.57426615e-03j
  -1.18975562e-02-3.55391680e-02j  2.11440702e-03+5.41498476e-03j
  -6.23649387e-03-2.23116348e-03j -7.97662942e-03-2.88176979e-02j
   9.27449072e-02-6.67792242e-01j -8.45806120e-03+1.03796248e-01j
  -8.01170058e-02-8.98203923e-02j  1.01902030e-01-5.27689584e-01j]
 [-3.36279053e-02-1.14992258e-02j  7.71070896e-02-4.71883502e-02j
   1.68334025e-01-4.17741263e-01j -4.01433743e-02+3.45337402e-02j
  -1.11671852e-02-4.96655236e-04j -3.95383259e-03-1.17463004e-02j
  -6.01674484e-02-3.34677338e-02j -2.46549837e-03+2.16969557e-03j
   3.87614585e-03-3.26855725e-04j -5.36546375e-03+8.14541436e-03j
   2.83078702e-03+4.85486366e-02j  2.37445275e-03-5.13957639e-03j
   6.17238186e-02+2.60701253e-02j -1.52353476e-01+7.93885218e-02j
  -3.74214847e-01+7.70230748e-01j  8.02449251e-02-6.03708822e-02j]
 [-1.28490387e-02-7.30510639e-02j  5.68648718e-02-4.49136410e-01j
   4.23071876e-02+7.66174627e-02j  3.96187240e-02-1.08823395e-02j
   1.55464249e-02+2.87792702e-03j  9.11439050e-02-1.48181371e-02j
  -1.26427876e-02+1.14458736e-02j  2.33933658e-03-4.86225870e-03j
   4.28427820e-03+6.28574165e-03j  1.30617092e-02+4.52253511e-02j
  -7.20288443e-03-5.55413896e-03j -3.40319480e-03+2.86660252e-03j
   1.71456713e-02+1.38062055e-01j -1.51308325e-01+8.32879245e-01j
  -7.13503611e-02-1.47361791e-01j -7.56653493e-02+1.58519947e-02j]
 [-1.01611194e-01+2.66415836e-01j  5.61289922e-02-1.44239935e-02j
   1.12487772e-02-2.41264876e-02j  1.50209030e-01-3.27339832e-01j
   3.94169824e-02+2.14406130e-02j  9.74840463e-03-1.61567057e-03j
  -5.81323538e-03-2.07484482e-03j -4.56295231e-02-2.82553520e-02j
  -2.37079303e-03-3.07119970e-02j -4.88962794e-03+3.86615272e-03j
   3.93365351e-05+2.88573446e-03j  4.22996428e-04+3.88727811e-02j
   2.27825136e-01-4.91933781e-01j -1.07673862e-01+2.02084152e-02j
  -2.46342736e-02+4.43224925e-02j -3.27876643e-01+6.01165574e-01j]
 [-2.30602859e-02+1.21964987e-02j  2.96354848e-03-1.43565432e-03j
  -1.26321438e-03+8.78717330e-03j -1.88837804e-02+8.29973429e-03j
  -2.84737515e-01+7.13226757e-01j  2.97883830e-02-1.31300394e-01j
  -2.48651479e-02+6.15636655e-02j -2.46892133e-01+5.61074308e-01j
   1.04427390e-02-8.45751444e-03j -1.57862058e-03+1.69089400e-03j
   7.26195275e-04-9.83039971e-04j  8.58564927e-03-6.43293771e-03j
   4.87164273e-02+6.09184483e-02j -8.65514404e-03-1.16009156e-02j
   3.63269844e-03-9.35325226e-03j  3.73738635e-02+5.14491994e-02j]
 [-1.80122546e-03-4.06285452e-04j  3.47082274e-03+1.13681042e-02j
   4.64634176e-02+4.05593806e-02j -6.62637357e-03-4.11069406e-03j
  -9.39954150e-03+9.73604560e-03j -1.21357916e-01+1.37135762e-01j
  -1.35968735e-01+9.65135595e-01j -3.14401010e-03-9.32605342e-02j
  -3.58305799e-05+1.96064358e-05j  1.93516487e-03-2.02574756e-03j
   2.60037297e-03-1.44357062e-02j -1.58181870e-04+1.52892406e-03j
   2.81101720e-03+2.40047427e-03j -1.08673096e-02-3.36741023e-03j
  -5.37026556e-02+1.67901273e-02j  7.57997918e-03-2.38737656e-04j]
 [ 4.10029413e-03-6.33751671e-03j  2.95316348e-02-1.37790265e-02j
  -3.10430855e-03+5.86497424e-03j  1.88994258e-03+5.39501832e-03j
   7.49352246e-02-1.19894824e-01j  3.88157824e-01-8.84599105e-01j
   3.35457392e-02+1.76693442e-01j  1.85870512e-02-4.69038050e-02j
  -2.05505071e-03+1.35126623e-03j -1.34987625e-02+1.01708255e-02j
   9.89719886e-04-3.00576287e-03j -8.21106874e-04+3.48532116e-04j
  -6.45459867e-03-3.39723030e-03j -5.86508875e-02-7.97371756e-02j
   1.75085817e-02+4.86619211e-03j -3.25979365e-03-1.56952928e-02j]
 [-2.91709562e-02-2.54008802e-02j  5.55427995e-03+3.78430726e-03j
   2.13232051e-03+3.80775494e-03j  3.62403621e-02+3.36998287e-02j
   8.56421962e-02-6.10106925e-01j -1.55062346e-03+5.92909621e-02j
  -2.71336524e-02+6.80918192e-02j -1.33393542e-01+7.65603874e-01j
  -1.61077719e-03+9.11126569e-03j  2.95284172e-04-1.08587703e-03j
   4.32712519e-04-9.54316566e-04j  2.47178009e-03-1.14577762e-02j
   3.35777332e-02-1.10813394e-02j -7.50533842e-03-2.11373280e-03j
  -3.20527775e-03+3.24325403e-04j -4.37035781e-02+1.16214823e-02j]
 [ 7.20342181e-02-3.02587437e-02j -1.17413203e-02+7.72518552e-03j
   7.30745894e-03-6.41786209e-05j  5.81675580e-02-2.23937636e-02j
  -5.27822265e-03-1.23164624e-02j  1.05181184e-03+1.81413367e-03j
  -1.82912112e-03-1.25332489e-03j -3.72563967e-03-9.96542773e-03j
   7.97724403e-02-7.60265402e-01j -5.63409277e-03+1.17986425e-01j
  -9.40103736e-02-9.85996831e-02j  9.54423741e-02-6.01860551e-01j
   1.50971378e-02+2.18963186e-02j -3.06332570e-03-1.99622791e-03j
   5.95552013e-03+7.51854181e-03j  1.09026721e-02+1.73507383e-02j]
 [ 1.11400647e-02+1.29620714e-03j -6.42872559e-04+1.07920905e-02j
   3.77466892e-02+4.32166013e-02j  4.64048968e-03-2.74763372e-03j
   1.00540277e-03-2.52161930e-04j -2.45930231e-03+1.64818727e-03j
  -5.39015841e-03+1.35184497e-02j  1.24315063e-03-1.62279389e-03j
   7.09100323e-02+2.68959824e-02j -1.68713408e-01+9.59865777e-02j
  -3.90305139e-01+8.85203777e-01j  8.81815842e-02-7.14719193e-02j
   3.09211118e-03-2.13282406e-03j  1.01448106e-02+5.37676257e-03j
   6.10400889e-02-9.35091051e-03j -3.65392233e-03-8.30297601e-05j]
 [-1.47201173e-02+1.53131617e-03j -9.17714937e-02+3.51830800e-02j
   1.04469888e-02-1.48482045e-02j -3.94225920e-03+4.04637846e-03j
   1.42222574e-03+2.51959860e-03j  6.01264923e-03+1.56882399e-02j
  -2.68567448e-03-1.80537194e-03j -7.45597203e-04+6.21973488e-04j
   2.45485366e-02+1.55710401e-01j -1.39862650e-01+9.49576170e-01j
  -8.64333941e-02-1.64272028e-01j -8.49993163e-02+2.09557275e-02j
  -4.96689074e-03-7.99933007e-03j -1.77286969e-02-2.77310707e-02j
   5.96382836e-03+2.89866891e-03j  2.57120662e-03+3.17735182e-03j]
 [-2.52579027e-02-2.77304871e-02j -1.13838582e-02+1.24409216e-03j
   4.17087228e-03+2.51589737e-03j  2.74702787e-02+3.53243536e-02j
   3.24220917e-03-8.53959515e-03j -1.73412789e-03+1.25937792e-03j
  -4.55427915e-04+6.72794346e-04j -4.80552210e-03+1.06788267e-02j
   2.36643924e-01-5.64907933e-01j -1.20887507e-01+2.72539845e-02j
  -2.59286229e-02+5.10586868e-02j -3.45070950e-01+6.92391643e-01j
  -3.89579216e-02+6.17378132e-03j  5.73831064e-04+2.10462615e-03j
   4.75063694e-03-3.75879281e-04j  4.85664493e-02-5.53377926e-03j]
 [ 2.29926845e-01-6.37104357e-01j -2.23104645e-02+1.16623983e-01j
   2.04214911e-02-5.51789411e-02j  2.01028968e-01-5.01845902e-01j
  -2.72231999e-02+2.60404963e-02j  4.00922146e-03-5.29916355e-03j
  -2.45848234e-03+2.02355028e-03j -2.24257313e-02+2.00409251e-02j
   5.63704757e-02+4.65652283e-02j -9.49543873e-03-9.27543134e-03j
   3.63471698e-03-1.24771448e-02j  4.39638391e-02+4.03992736e-02j
   1.41110473e-01-3.33568036e-01j -1.54381580e-02+6.16054677e-02j
   1.16845133e-02-2.84960475e-02j  1.21866380e-01-2.62224546e-01j]
 [ 7.90178393e-03-8.70852591e-03j  1.02872770e-01-1.25306787e-01j
   8.87123490e-02-8.58118836e-01j  5.74850176e-03+8.25544439e-02j
  -5.81964972e-04+2.85405613e-04j -8.58136976e-03+3.34283529e-03j
  -2.81864385e-02+4.00519516e-02j  2.04318950e-03-4.18885219e-03j
   3.39438814e-03+2.22234598e-03j -1.10342663e-02-8.00710326e-03j
  -6.75218034e-02-3.54861513e-03j  9.67721888e-03+1.59755528e-03j
   4.72138927e-03-4.76729079e-03j  5.84943958e-02-6.19326765e-02j
   7.76925190e-02-4.47118313e-01j  2.42916199e-04+4.31494956e-02j]
 [-6.27156301e-02+1.08010472e-01j -3.16004117e-01+7.91208041e-01j
  -3.47625646e-02-1.54767797e-01j -1.47374211e-02+4.17607290e-02j
   5.84538964e-03-3.68898800e-03j  3.53204674e-02-3.16017123e-02j
  -2.10117929e-03+8.55240227e-03j  1.71351475e-03-1.89222684e-03j
  -7.88854159e-03+1.41199995e-04j -6.89230289e-02-6.21593208e-02j
   1.72003318e-02+9.24737721e-04j -4.23988625e-03-1.62745610e-02j
  -3.60874156e-02+5.56269882e-02j -1.91569493e-01+4.13400123e-01j
  -1.41698369e-02-8.36278054e-02j -9.72665954e-03+2.21551969e-02j]
 [-5.57862861e-02+5.42422977e-01j -4.39221817e-04-5.27561165e-02j
   2.17827128e-02-6.10628359e-02j  9.29710930e-02-6.81574645e-01j
   1.77984518e-02-2.53360565e-02j -1.50216761e-03+2.53123911e-03j
  -2.75304596e-03+2.42863899e-03j -2.35093576e-02+3.11778460e-02j
   4.22521395e-02+1.73109840e-03j -9.19819962e-03-3.47847206e-03j
  -3.72204611e-03-1.44970954e-03j -5.42653370e-02-4.96866804e-03j
  -4.90066213e-02+2.82689930e-01j  1.33633823e-03-2.71018240e-02j
   1.36349738e-02-3.13807227e-02j  7.34856195e-02-3.54249604e-01j]]

********* Summary *****************
Final fidelity error 0.2101985340522814
Final penalized l2 error 0.003386927850771421
Final penalized TV regularizer 0.08612310232071069
Final objective value 0.29632162756087105
Final norm value 8.612310232071069
Final l2 value 0.03386927850771421
Final error 0.001063213480028645
Terminate reason Exceed the maximum number of iteration of ADMM
Number of iterations 100
Completed in 0:57:49.464932 HH:MM:SS.US
Computational time 3469.464932459
Time for each iteration [64.61676779199999, 68.006914042, 130.005658375, 166.65352741700002, 201.321989417, 219.12905095800005, 236.647313334, 265.974258458, 267.94943662599997, 299.229997958, 304.19814233399995, 333.056895541, 327.75692445899995, 377.8432335, 363.71561604199997, 391.42283658300005, 371.84646404199987, 451.35903829200015, 403.4767294169998, 511.60560287500016, 429.7673902089998, 542.0437438750001, 450.7148253749998, 568.9868473340002, 501.53888099999995, 605.5482678340002, 524.145297541, 652.7302927090002, 550.6670972909999, 690.7053488340002, 575.9728274999998, 721.5045979590004, 587.8856104579997, 758.5271675010003, 620.3229277079997, 805.3311372920004, 647.8926624999997, 849.4682282090005, 673.2372255409996, 876.9524235010006, 688.7238071659995, 917.6177034590007, 719.9083028329994, 960.7585453340007, 748.2971354579993, 1005.0917950840008, 775.3503085829993, 1032.4459572920007, 793.7954702499994, 1069.2338427500006, 827.5121653749995, 1115.2591930000006, 854.6435248749995, 1159.4115197920007, 881.8863634579993, 1213.8933439590005, 920.4976379579994, 1235.3150958760007, 938.1871204989993, 1263.7379605430006, 964.8116718319993, 1309.4940737100005, 1015.6357399989993, 1335.9873594180008, 1057.587867540999, 1361.441833793001, 1099.598226915999, 1389.880860959001, 1143.3229003749989, 1428.688107667001, 1173.712774707999, 1445.811708001001, 1190.6746258329986, 1458.7004854590014, 1200.3339269579983, 1464.2760250010015, 1230.7134506659986, 1494.6921286680013, 1270.9852185409986, 1522.7075536260013, 1304.8042139989984, 1555.2539941260015, 1333.9882896239983, 1586.0813922930015, 1367.8275045819983, 1613.5667860020017, 1411.111162622998, 1639.8360417520016, 1447.5775983319982, 1664.7585961270015, 1498.6565273729984, 1699.1352844190014, 1520.4679022479986, 1739.304113127001, 1565.2916985819988, 1764.953639710001, 1605.633678789999, 1790.1446426270008, 1651.617878747999, 1817.847053711001]
