Final evolution
[[ 3.43371685e-08+6.61220513e-10j  2.12882804e-06-1.55147493e-04j
  -1.73271080e-08-2.37985372e-10j ...  8.70478010e-12+6.21238810e-14j
   6.95026661e-18-8.91810572e-16j -6.13005026e-19-2.26458701e-14j]
 [ 2.12882804e-06-1.55147493e-04j  3.43462505e-08-8.91234453e-13j
   6.29977704e-10+5.33974883e-05j ...  2.08199572e-10-8.61455121e-15j
  -6.13005025e-19-2.26458701e-14j  6.92887300e-18-8.91895829e-16j]
 [-1.73271080e-08-2.37985372e-10j  6.29977707e-10+5.33974883e-05j
   3.43371725e-08+6.61032419e-10j ... -6.13005026e-19-2.26458701e-14j
   2.08199535e-10-4.84958287e-15j  8.70478045e-12+6.20755502e-14j]
 ...
 [ 8.70478010e-12+6.21238810e-14j  2.08199572e-10-8.61455121e-15j
  -6.13005025e-19-2.26458701e-14j ...  3.43371266e-08-6.63436651e-10j
   2.78834975e-09+5.33974961e-05j -1.73270926e-08+2.39118341e-10j]
 [ 6.95026661e-18-8.91810572e-16j -6.13005027e-19-2.26458701e-14j
   2.08199535e-10-4.84958287e-15j ...  2.78834975e-09+5.33974961e-05j
   3.43462518e-08-1.51367813e-12j -2.13991980e-06-1.55147334e-04j]
 [-6.13005026e-19-2.26458701e-14j  6.92887300e-18-8.91895829e-16j
   8.70478045e-12+6.20755502e-14j ... -1.73270926e-08+2.39118341e-10j
  -2.13991980e-06-1.55147334e-04j  3.43371224e-08-6.63624745e-10j]]

********* Summary *****************
Final fidelity error 3.4415417959898775e-08
Final penalized l2 error 2.01419765972141e-08
Final penalized TV regularizer 6.302174668934685e-06
Final objective value 6.336582829699739e-06
Final norm value 0.006302174668934685
Final l2 value 2.01419765972141e-06
Final error 6.322417825073179e-08
Terminate reason Exceed the maximum number of iteration of ADMM
Number of iterations 30
Completed in 0:16:47.846605 HH:MM:SS.US
Computational time 1007.846605
Time for each iteration [61.07090912500001, 27.273683582999986, 88.449695792, 56.63039154100002, 129.783263042, 103.46129737500002, 166.62282575, 129.88867983300003, 208.637068834, 167.29735629100003, 240.15102900099998, 197.816141957, 268.008593251, 223.15043079100002, 293.27988666699997, 248.59004125000007, 341.0205164999999, 288.6132027500001, 385.26533549999994, 328.17089604200004, 419.16186862499995, 358.760291708, 446.9216515, 387.14733833300005, 475.469893334, 415.45531487399995, 507.011621293, 443.62397812399996, 535.436472334, 472.410132666]
