Final evolution
[[ 1.04130828e-09+2.90669524e-10j  6.91008788e-06-2.13278690e-05j
  -1.08409403e-09-3.58150192e-10j ...  3.48579380e-13+3.71352618e-16j
   1.92696927e-20-7.36411809e-18j -9.63380190e-21-5.52051450e-16j]
 [ 6.91008788e-06-2.13278690e-05j  1.13704784e-09-4.83002342e-12j
   4.93262741e-10+3.06339214e-05j ...  2.42948441e-14+6.77368366e-18j
  -9.63380139e-21-5.52051450e-16j  1.92586115e-20-7.37175971e-18j]
 [-1.08409403e-09-3.58150192e-10j  4.93262767e-10+3.06339214e-05j
   1.04130829e-09+2.90668976e-10j ... -9.63380185e-21-5.52051450e-16j
   2.42900145e-14+6.75722434e-18j  3.48579380e-13+3.71109555e-16j]
 ...
 [ 3.48579380e-13+3.71352618e-16j  2.42948441e-14+6.77368366e-18j
  -9.63380152e-21-5.52051450e-16j ...  1.04129863e-09-2.90705853e-10j
   6.05492441e-10+3.06339247e-05j -1.08408121e-09+3.58188632e-10j]
 [ 1.92696927e-20-7.36411809e-18j -9.63380199e-21-5.52051450e-16j
   2.42900145e-14+6.75722434e-18j ...  6.05492466e-10+3.06339247e-05j
   1.13704859e-09+4.78967947e-12j -6.91083086e-06-2.13276189e-05j]
 [-9.63380150e-21-5.52051450e-16j  1.92586115e-20-7.37175971e-18j
   3.48579380e-13+3.71109555e-16j ... -1.08408121e-09+3.58188632e-10j
  -6.91083086e-06-2.13276189e-05j  1.04129827e-09-2.90706402e-10j]]

********* Summary *****************
Final fidelity error 1.5569582290098083e-09
Final penalized l2 error 1.24014805298639e-09
Final penalized TV regularizer 8.135372103476561e-07
Final objective value 8.150931853631553e-07
Final norm value 0.0008135372103476561
Final l2 value 1.2401480529863899e-07
Final error 6.802125860362798e-09
Terminate reason Exceed the maximum number of iteration of ADMM
Number of iterations 100
Completed in 0:13:43.409968 HH:MM:SS.US
Computational time 823.409967958
Time for each iteration [13.867261625, 8.7546765, 25.077911915999998, 18.360915167, 34.17944974899999, 26.990690709, 42.77321258199999, 35.35755995900001, 51.191745248999986, 44.03966383400002, 60.104179623999975, 52.21184233400002, 68.718587749, 60.44759266700001, 76.850270666, 68.282284584, 84.203894916, 76.40295283399999, 92.271201832, 84.794162376, 100.34361904, 93.133112001, 108.21117712399999, 101.03739783400002, 116.43787266599998, 109.46024870900001, 124.61464662399999, 117.77520279200002, 131.06822783299998, 125.89214533300003, 139.24789887499998, 132.29500283300007, 145.81108029199993, 140.7519500830001, 154.2159000829999, 147.41486725000016, 161.31475404099984, 155.80798658400016, 169.57096858199986, 162.49793458400018, 176.32388916599984, 171.30759187500018, 184.72667108299981, 178.0034988330002, 193.2257853329998, 186.47935775000025, 199.61549479099978, 194.92219900000026, 210.43412141599975, 201.52782708400025, 219.34731766599975, 209.68858466700027, 225.95873458299974, 218.73990070800028, 234.97096383299976, 226.03931904200027, 243.28639116599976, 235.80492216700026, 250.42383883299976, 245.00912941700028, 259.3759080409997, 252.36954416700036, 268.2611493739997, 260.96550079200034, 276.2605986659997, 269.7078673750004, 285.6045916249996, 280.9493161660004, 294.9993344589996, 289.8264223320004, 303.29559037599967, 297.88831879000037, 311.4525792929997, 308.4948689570003, 320.58406416799977, 317.2194200400002, 330.33824841799986, 324.4762772070001, 339.99516083399993, 332.5340796660001, 346.0874394999999, 338.7122253750002, 353.2525424579998, 347.9648448330002, 362.11884712499983, 354.64473366600015, 368.60949529199985, 361.2329740830002, 374.9383860829998, 367.7114963750002, 383.5550500829998, 376.5937862920002, 390.52481304099985, 383.59588366700024, 398.7105732909998, 390.63723312500025, 407.6155477079997, 400.38501933300034, 414.47802954199966, 408.9319384160004]
