Final evolution
[[ 2.09291665e-02+2.92544729e-01j -6.84102213e-03-3.68592537e-02j
  -1.04799855e-02+5.55482771e-02j  5.49186907e-03+2.51152844e-01j
  -4.56894056e-02+2.08351726e-02j  4.35428158e-03-3.03805852e-03j
  -3.58024756e-03+5.35713289e-03j -3.94362065e-02+1.62694963e-02j
  -1.36685357e-03-5.73701537e-02j  9.94651825e-04+7.26056554e-03j
   2.53264320e-03-1.07327957e-02j  1.26124618e-03-4.91340652e-02j
  -4.10900812e-02-6.82855807e-01j  1.47941363e-02+8.60992990e-02j
   2.64969812e-02-1.28282117e-01j -6.13252805e-03-5.85804476e-01j]
 [ 5.44809592e-03+6.39710209e-02j  3.74188927e-02+4.40898896e-02j
   5.28523436e-02-3.73583315e-01j  7.84115113e-03+1.74798395e-02j
   1.03837134e-02+6.06353691e-03j  5.04110071e-03-4.02796897e-03j
  -3.99183894e-02-1.09301183e-02j  4.59264528e-03+4.34583571e-03j
  -3.86999209e-04-1.25988898e-02j -6.87387190e-03-9.07791067e-03j
  -1.44574377e-02+7.28606870e-02j -1.36302382e-03-3.49225164e-03j
  -7.57970484e-03-1.51047047e-01j -8.51074535e-02-1.07388909e-01j
  -1.54549848e-01+8.80068352e-01j -1.69851204e-02-4.13137995e-02j]
 [ 8.37273404e-03-6.50354557e-02j -1.73638737e-02-3.78743009e-01j
   4.39978660e-02-5.00252061e-02j -1.43437212e-02+3.22125060e-02j
   6.98489272e-03-4.89673882e-03j  5.96041182e-02-2.56488068e-02j
   1.02505698e-02+3.73066846e-03j -1.47047804e-03+2.60968172e-03j
  -2.22079476e-03+1.26151984e-02j -1.30596038e-04+7.41831937e-02j
  -9.06167335e-03+9.36534596e-03j  3.07741462e-03-6.14245160e-03j
  -2.16428180e-02+1.50817755e-01j  3.05007248e-02+8.83753499e-01j
  -1.03968153e-01+1.15424079e-01j  3.47430167e-02-7.39673457e-02j]
 [-2.92086083e-02+2.38697178e-01j -1.32596690e-02-6.98929435e-02j
   2.59666797e-03+1.85801074e-02j  4.61538286e-02-2.91236142e-01j
   2.53683337e-02+5.88698773e-03j -1.19290480e-02-7.04171655e-03j
   2.47956430e-03-1.38859916e-03j -3.12380909e-02-9.22808552e-03j
   8.34281347e-03-4.66065399e-02j  1.86273251e-03+1.38382524e-02j
  -3.00656979e-04-3.68379685e-03j -1.22439385e-02+5.67448443e-02j
   8.79453679e-02-5.62753417e-01j  2.55478731e-02+1.65443589e-01j
  -4.59465048e-03-4.43410475e-02j -1.32221048e-01+6.85660183e-01j]
 [-2.64527422e-02+4.21426625e-02j  2.21081354e-03-5.28049924e-03j
  -2.80992458e-03+6.96132694e-03j -2.40137064e-02+3.50331691e-02j
  -1.16858549e-01+7.37740009e-01j -6.69585513e-03-8.28435502e-02j
   4.10387415e-02+1.25265595e-01j -1.21538715e-01+6.26620459e-01j
   3.00709326e-03-3.02314018e-03j -2.73362600e-04+3.16248684e-04j
  -3.30818639e-05-2.24695620e-04j  2.62599539e-03-2.44758276e-03j
   3.37658333e-02+4.58076088e-02j -5.91316468e-03-4.01956665e-03j
   1.36866036e-02+8.73239880e-03j  2.78996518e-02+4.05419571e-02j]
 [ 6.98836901e-04-8.72365800e-03j -9.80143560e-03-5.03672375e-03j
   1.64911018e-02+6.59710065e-02j  2.42123966e-03-8.24121781e-04j
   3.32598813e-02-1.45225113e-01j -1.21685552e-01-9.74924725e-02j
   3.19465310e-02+9.70947282e-01j  3.50038578e-02-2.56404219e-02j
   7.72251240e-04+1.53480858e-03j  1.75277858e-03+4.46786652e-04j
  -5.22559505e-03-1.02407554e-02j  9.48627461e-05+3.08679023e-04j
   6.02405395e-03-7.58874614e-03j  1.03347905e-05-7.98624995e-03j
  -3.93116958e-02+3.41889965e-02j  1.45414917e-03-2.84746590e-03j]
 [ 4.91626038e-03-8.27193152e-03j  3.54423760e-02-5.37004659e-02j
   1.07132849e-02-2.54722687e-03j -1.94846868e-03+3.36212880e-03j
  -6.42710886e-03-1.50902727e-01j  1.71803208e-01-9.51439763e-01j
   1.30147018e-01-9.96536445e-02j  2.27917375e-02+6.83313316e-02j
  -3.10161285e-04+3.94344951e-04j -3.95553979e-03+3.81643259e-03j
  -9.07445665e-04-9.29277801e-06j -8.87936581e-05-1.52346546e-05j
  -1.16580153e-02-1.04468351e-02j -4.24946003e-02-6.04503859e-02j
   1.25324387e-03-1.27571178e-02j  8.49482673e-03+5.80059516e-03j]
 [-1.18326333e-02-4.21179009e-02j -6.47718236e-04+8.55483754e-03j
  -2.30563321e-03-4.09689879e-03j  1.17865740e-02+5.17700847e-02j
  -3.88660408e-02-6.21460443e-01j -3.19968286e-02+1.50371939e-01j
  -2.35154643e-02-6.00425563e-02j  9.31167718e-03+7.59306693e-01j
   3.49960006e-03+6.47141466e-03j -9.31181288e-04-1.54135540e-03j
   4.66188442e-04+4.89394086e-04j -3.93201099e-03-8.07596574e-03j
   2.45609621e-02-2.22617988e-02j -5.98683004e-03+9.00615178e-03j
   1.22569496e-03-2.24434007e-03j -3.11906446e-02+2.62107002e-02j]
 [ 3.91478176e-02-4.22261681e-02j -3.31539187e-03+5.67031063e-03j
   3.86238784e-03-9.29193018e-03j  3.47872220e-02-3.48086838e-02j
  -2.71911906e-03-3.25232651e-03j  3.06464783e-04+3.55211173e-04j
  -6.74930092e-05-2.99504365e-04j -2.16574644e-03-2.85098467e-03j
  -5.07508392e-02-7.42568011e-01j  1.68902073e-02+9.35513483e-02j
   2.75914247e-02-1.39973189e-01j -1.18664221e-02-6.37305864e-01j
   2.31949756e-02+4.42846620e-02j -3.12095884e-03-5.38739287e-03j
  -1.84173230e-04+7.86920344e-03j  1.77557423e-02+3.87115046e-02j]
 [-1.01676212e-02-1.04585062e-02j -7.63425185e-03+3.71551759e-04j
   3.34987986e-02+3.91176995e-02j -4.91244728e-03-5.28314764e-03j
   8.45818350e-04-1.46484555e-03j -4.30078708e-04-1.74985342e-03j
  -6.52476532e-03+9.48295005e-03j  1.13733095e-04-2.80590461e-04j
  -1.01715181e-02-1.63976387e-01j -9.37159033e-02-1.15472259e-01j
  -1.56694182e-01+9.57119800e-01j -1.89890839e-02-4.47400226e-02j
  -2.94715390e-03+9.05349046e-03j  4.85480434e-03+9.45002154e-03j
   2.43855631e-02-6.31165842e-02j -3.41537525e-04+1.36115504e-03j]
 [-6.79836437e-03+9.63590143e-03j -5.18664259e-02+5.34875097e-02j
  -1.26982271e-02+7.05250502e-04j  2.32999988e-03-4.95168179e-03j
   2.63101000e-04+5.49086354e-04j  3.40609722e-03+4.27095032e-03j
  -1.08237215e-04+9.19221779e-04j  1.04775983e-04-1.52537943e-04j
  -2.21432817e-02+1.64388077e-01j  4.10082695e-02+9.61242304e-01j
  -1.12087749e-01+1.26514432e-01j  3.70694298e-02-8.09164463e-02j
  -1.57557723e-03-9.76589169e-03j -2.84598090e-02-5.79011412e-02j
   3.62471240e-03-1.06744180e-02j -1.82715969e-03+4.78847863e-03j]
 [-2.16255643e-02-2.39793843e-02j  1.22225828e-02+1.17823136e-02j
  -2.50925754e-03-1.57950654e-04j  2.58413251e-02+3.11544994e-02j
   4.04057146e-03-6.15841411e-03j -7.38122274e-04+1.62709812e-03j
   2.20120948e-04-6.14339220e-04j -5.23012087e-03+7.31260026e-03j
   8.83895436e-02-6.11872841e-01j  2.98640086e-02+1.79415655e-01j
  -5.55727600e-03-4.80406241e-02j -1.34896585e-01+7.45843862e-01j
  -1.47079713e-02+4.07556225e-02j  2.12886017e-03-9.69744752e-03j
  -4.79265152e-04+3.89607840e-03j  1.99494521e-02-4.89340798e-02j]
 [ 1.01884123e-01-6.78920832e-01j  6.76171795e-03+7.60564716e-02j
  -3.87468148e-02-1.14629584e-01j  1.07005777e-01-5.76809309e-01j
  -6.49281829e-03+5.72284781e-02j -8.03149125e-04-6.35885754e-03j
   3.61147822e-03+9.53287449e-03j -7.22936972e-03+4.86865072e-02j
   4.20737744e-02+2.50334225e-02j -6.36043621e-03-1.54027750e-03j
   1.37764182e-02+5.13006294e-03j  3.56477741e-02+2.30781839e-02j
   4.69725933e-02-2.90541048e-01j  2.56059115e-03+3.27290809e-02j
  -1.57940981e-02-4.98500766e-02j  4.87032762e-02-2.46792448e-01j]
 [-2.89470154e-02+1.34060171e-01j  1.13123027e-01+8.85249417e-02j
  -3.97620753e-02-8.94130137e-01j -3.18469919e-02+2.39319945e-02j
   2.19850175e-03-1.12455599e-02j -9.56667321e-03-7.14483123e-03j
   4.94049007e-03+7.42298315e-02j  2.63682274e-03-2.08918940e-03j
   5.15728416e-03-3.53804603e-03j  3.83269650e-03-5.28712453e-03j
  -4.21361547e-02+5.34560401e-03j  3.43601939e-04-2.30421920e-03j
  -1.45034010e-02+5.63829623e-02j  4.65438156e-02+3.89310688e-02j
  -4.24511784e-03-3.77920219e-01j -1.41253759e-02+9.81335242e-03j]
 [ 7.09320399e-03+1.38516879e-01j -1.50776834e-01+8.75735416e-01j
  -1.18860814e-01+9.25498483e-02j -2.15331485e-02-6.24835582e-02j
  -1.02441354e-03-1.16173364e-02j  9.99827654e-03-7.38785805e-02j
   9.68540563e-03-8.12117713e-03j  2.00639291e-03+5.20436671e-03j
  -1.27750747e-02-6.20541656e-03j -5.38343316e-02-3.38181023e-02j
  -3.24008809e-03-1.07390471e-02j  8.63156588e-03+3.91632569e-03j
   2.20572277e-03+5.97587093e-02j -6.89082549e-02+3.74686046e-01j
  -5.14300502e-02+3.91343121e-02j -8.71728868e-03-2.72909230e-02j]
 [ 4.24017754e-02+5.72101677e-01j  2.76840247e-02-1.38769546e-01j
   2.22679980e-02+5.50513386e-02j -1.66628157e-02-6.99395772e-01j
  -4.57520534e-03-4.74602182e-02j -2.09741093e-03+1.16483993e-02j
  -1.96502811e-03-4.53251964e-03j  2.66373012e-03+5.80919105e-02j
   2.69245704e-02-3.80263601e-03j -5.13259551e-03+4.90528607e-03j
   2.01100349e-03-4.28897552e-04j -3.29239386e-02+3.63390926e-03j
   9.91777611e-03+2.42035603e-01j  1.41589991e-02-5.84363054e-02j
   8.71854114e-03+2.35801664e-02j  2.78686368e-03-2.95422079e-01j]]

********* Summary *****************
Final fidelity error 0.1918545145112649
Final penalized l2 error 0.002446600224299239
Final penalized TV regularizer 0.012269638466713298
Final objective value 0.2041241461268381
Final norm value 12.269638466713298
Final l2 value 0.02446600224299239
Final error 6.503606179506478e-07
Terminate reason Exceed the maximum number of iteration of ADMM
Number of iterations 100
Completed in 0:11:15.232382 HH:MM:SS.US
Computational time 675.232382084
Time for each iteration [65.473657042, 35.25763404200001, 85.855002625, 53.071540666999994, 100.77039458300001, 68.78980983399998, 114.02908854100002, 81.79117658399997, 124.90554295800004, 91.19738900099998, 135.20243620800002, 99.05787645899997, 143.50745525000002, 105.85825699999998, 150.75173037500002, 113.08933879199998, 157.29625475, 120.888283167, 164.559883083, 128.99066720899998, 171.97960691600002, 136.44834537599996, 179.01272295799998, 143.77695245899997, 185.884777833, 150.02283820899999, 192.455429166, 156.731565376, 199.754677083, 163.282474251, 207.21945745799997, 169.82554083400004, 214.21584370799997, 176.08271325100003, 221.38048124899996, 182.33457808500003, 225.10594966499997, 188.287105752, 228.83435504, 194.06475846, 233.87385945699998, 200.01046104300002, 237.89464204099994, 205.65258062600003, 241.48190087399996, 211.72354996, 245.21399466499997, 217.788862794, 249.06999316499997, 223.566554044, 252.93228654, 229.652970752, 256.658628207, 234.40546629299996, 262.149633624, 238.42440079299996, 267.186516332, 241.97973229299993, 271.4795358740001, 245.9956943759999, 275.34393824900013, 251.3423589599999, 279.0641612900002, 255.0589506689999, 283.22132087300014, 260.68672604399984, 287.22718224800025, 264.54891987699983, 292.1243354150002, 268.2628537939998, 296.13892362300027, 273.45314637699977, 299.7127327480003, 277.3179952519998, 304.6076643730002, 280.8918692109998, 308.7532580390003, 284.73606171099976, 314.07819908100026, 288.7361106279997, 317.9875094970003, 292.31038987799974, 321.2578302470003, 297.1791728369997, 324.3799627470003, 300.5933759199997, 328.38454774700034, 304.45158475299974, 332.0814177060003, 308.1530767939997, 335.0623950810004, 312.89372683599964, 337.8909936230004, 315.8511673359996, 341.7405552890004, 318.82366187799965, 346.46603999700034, 321.6529859619997, 349.7328818300003, 325.49950025399977]
