Final evolution
[[ 6.73907901e-03-2.92344293e-04j -1.84624841e-03-9.99975545e-01j
  -1.91084890e-07-3.24873286e-08j  4.45432221e-07+2.15958515e-08j]
 [-1.84374487e-03-9.99975550e-01j  6.74011190e-03+2.67474622e-04j
   3.65586835e-07+1.62681251e-08j -1.93853176e-07+1.90436683e-08j]
 [-1.93385242e-07-1.31321719e-08j  4.45246978e-07-2.52288112e-08j
   6.73946007e-03-2.83423915e-04j -5.22638125e-04-9.99977113e-01j]
 [ 3.65414530e-07-1.97101208e-08j -1.90948927e-07+3.84158448e-08j
  -5.20134581e-04-9.99977114e-01j  6.73975196e-03+2.76395877e-04j]]

********* Summary *****************
Final fidelity error 2.2969583583942743e-05
Final penalized l2 error 6.679098912951625e-07
Final penalized TV regularizer 0.0028238299126709743
Final objective value 0.002846799496255028
Final norm value 2.8238299126709743
Final l2 value 6.679098912951625e-07
Final error 2.37721060682927e-06
Terminate reason Exceed the maximum number of iteration of ADMM
Number of iterations 50
Completed in 0:00:21.192470 HH:MM:SS.US
Computational time 21.192469874999997
Time for each iteration [1.0782767500000001, 0.9018441670000001, 1.6717455419999996, 1.3555334170000002, 2.2796761249999995, 1.8811548750000004, 2.823244458999999, 2.4360129580000014, 3.3607474169999985, 2.9529999580000017, 3.9075322919999986, 3.441815750000002, 4.4445352499999995, 3.944003417000001, 4.974263499999999, 4.397276792000001, 5.490987624999999, 4.823100500000001, 6.001939625, 5.190675875, 6.483381791999999, 5.512716083000001, 6.970906750999999, 5.787991791, 7.449132334, 6.145012083000001, 7.893439959, 6.396770083, 8.165051084, 6.801902291000001, 8.414933876000001, 7.114859874, 8.851146000999998, 7.407366416, 9.099494375999997, 7.809060291, 9.317939792999999, 8.279405331999998, 9.53861721, 8.565480874, 9.964850251, 8.769134623999998, 10.183137668000002, 9.222654790999995, 10.448729043000005, 9.459541623999995, 10.823665710000006, 9.677494123999994, 11.130226918000004, 10.062242956999993]
