Final evolution
[[ 5.04304126e-01+3.36122451e-01j  3.74417742e-01+2.74137902e-01j
  -1.16827014e-02+1.28493170e-02j  3.84563706e-01+2.75273331e-01j
  -2.05555283e-01-1.34938000e-01j -1.53282736e-01-1.10612083e-01j
  -2.65285340e-03+7.47919096e-03j -1.56874797e-01-1.10678710e-01j
  -2.77172846e-02+5.05104174e-04j -2.12166636e-02-5.46429136e-04j
   1.53443431e-04-8.44991951e-04j -2.16299454e-02-3.27052163e-04j
   1.29988288e-01+9.88592273e-02j  9.62062317e-02+8.00860041e-02j
  -2.13865777e-03+9.47465633e-04j  9.88195823e-02+8.05003662e-02j]
 [-2.97555262e-02+2.08095672e-03j  1.71179558e-02-4.85957507e-02j
  -7.29626137e-01-5.16642148e-01j -1.43312798e-02-7.42417893e-03j
  -3.26766440e-02-3.14300004e-02j -4.00547794e-02-5.10280701e-03j
   2.98458097e-01+2.07029480e-01j -2.85251795e-02-2.21083061e-02j
   1.27373732e-03-6.55570497e-04j  7.76479838e-04+2.43168209e-03j
   4.08864864e-02+4.11751255e-04j  8.91607838e-04+6.64644149e-05j
   1.23734051e-04+5.16950688e-03j  1.14987998e-02-8.59439968e-03j
  -1.87727431e-01-1.51091960e-01j  2.54918207e-03+1.98068356e-03j]
 [-4.21796039e-01-2.93696380e-01j  5.97268996e-01+4.22746770e-01j
  -2.70609584e-02+4.33724022e-02j -6.44191831e-02-1.51521579e-02j
   1.68421599e-01+1.23750665e-01j -2.45241695e-01-1.66669231e-01j
   1.07810982e-02-1.77244475e-02j  3.25276906e-02-4.86862767e-03j
   2.35333186e-02+2.40055941e-05j -3.34578005e-02-3.43241863e-04j
  -1.12548515e-04-2.33535417e-03j  2.77438406e-03-1.06009984e-03j
  -1.07921659e-01-8.71182725e-02j  1.53821348e-01+1.23144407e-01j
  -7.99193736e-03+1.12191124e-02j -1.81238200e-02-3.18695596e-03j]
 [-3.19666602e-01-2.40462571e-01j -2.19888383e-01-1.28106471e-01j
   3.86680494e-03-6.72032857e-03j  6.16515980e-01+4.45146024e-01j
   1.67821632e-01+1.23617296e-01j  3.64876202e-02+1.31156248e-02j
   8.59352859e-04-1.36006311e-03j -2.45562182e-01-1.77974335e-01j
   1.81094410e-02+5.36707759e-04j  1.18512856e-02-6.68133079e-04j
   1.36262537e-05+3.72924117e-04j -3.48066404e-02-6.79053893e-04j
  -8.87771284e-02-7.45656194e-02j -4.72902475e-02-3.17173623e-02j
   7.53078818e-04-9.97761405e-04j  1.57295803e-01+1.29947352e-01j]
 [-2.19760433e-01-1.46674938e-01j -1.66465840e-01-1.15935742e-01j
   5.90728374e-02+3.45983652e-02j -1.68329412e-01-1.19498013e-01j
  -5.12075354e-01-3.42208719e-01j -3.79083487e-01-2.80754198e-01j
  -1.33230417e-02-2.36443968e-02j -3.90173662e-01-2.80499740e-01j
   1.49073952e-02+2.37464902e-03j  1.13529700e-02+2.09623691e-03j
  -3.18639063e-03+2.81295993e-04j  1.15769603e-02+2.19740830e-03j
   5.30364164e-02+2.39608060e-02j  3.88556564e-02+2.10861401e-02j
   1.34660597e-02+1.21105874e-02j  4.05292351e-02+2.02253239e-02j]
 [ 5.18222350e-04+6.60132831e-04j -1.70536936e-02+2.22037983e-02j
   3.21404746e-01+2.24985649e-01j -3.31387434e-03+4.13164537e-03j
   1.57910687e-02-1.60558973e-02j -2.83462287e-02+3.83952720e-02j
   7.44579938e-01+5.29254680e-01j  3.39017508e-03-3.71496968e-03j
  -1.33209280e-04+5.84943013e-05j  2.85284621e-04-1.49881039e-03j
  -2.20259252e-02-4.03612037e-03j  4.53426936e-06-2.32608496e-04j
  -2.60577644e-03+3.10471472e-03j  9.66557919e-04-2.98794859e-03j
  -7.72051638e-02-3.81230553e-02j -1.31218343e-03+1.43211369e-03j]
 [ 2.09498702e-01+1.46862774e-01j -2.46711108e-01-1.74278594e-01j
   1.14867988e-02-1.85969182e-02j -1.72074905e-02-2.81015704e-02j
   4.16256428e-01+2.93997778e-01j -6.12711341e-01-4.33069066e-01j
   2.76531754e-02-4.41685203e-02j  8.66781498e-02+2.47097337e-02j
  -1.40421871e-02-2.31616322e-03j  1.71415473e-02+3.33443754e-03j
  -1.58039635e-04+1.24312189e-03j  9.73218802e-04+4.73406928e-04j
  -3.77015971e-02-1.62265593e-02j  6.67953795e-02+3.34318376e-02j
  -1.97206508e-03+4.60882065e-03j -1.83950393e-02-9.67071101e-03j]
 [ 1.51443979e-01+1.03768527e-01j  8.17000066e-02+5.73360485e-02j
  -1.72364438e-03+2.01329132e-03j -2.70374290e-01-1.94826495e-01j
   3.38206468e-01+2.58590755e-01j  2.07077368e-01+1.14007760e-01j
  -2.89725873e-03+5.43598583e-03j -6.26697456e-01-4.55412679e-01j
  -1.02471609e-02-1.85076831e-03j -5.71246718e-03-9.38574013e-04j
   3.61931242e-05-1.50436034e-04j  1.86654854e-02+3.66982539e-03j
  -3.41522377e-02-2.01306577e-02j -2.26501432e-02-5.88893403e-03j
   9.71022784e-05-6.24156221e-04j  6.51891652e-02+3.27828476e-02j]
 [ 1.88324001e-02+3.58561206e-02j  1.33151675e-02+2.81481952e-02j
   2.55231261e-04-2.14818416e-03j  1.37689067e-02+2.84716008e-02j
  -1.48635357e-03-5.20635819e-03j -1.05459691e-03-4.11153866e-03j
  -1.14991931e-03+1.98127720e-03j -1.03464243e-03-4.11413842e-03j
   5.58791866e-01+3.73038691e-01j  4.15042562e-01+3.04384091e-01j
  -1.01607929e-02+1.01249352e-02j  4.26120555e-01+3.05514683e-01j
  -2.79587644e-02-3.66507553e-02j -2.06980643e-02-2.94051575e-02j
  -5.78216234e-03+1.10291138e-02j -2.09169463e-02-2.93944259e-02j]
 [ 7.10580708e-03+4.81630696e-03j  9.20067975e-03+2.32132372e-03j
  -2.64623902e-02-5.35513297e-02j  6.25644559e-03+3.76458381e-03j
  -6.78059950e-03-5.17427643e-03j -5.57679952e-03-4.08794041e-03j
   2.13759735e-03+7.66499281e-03j -5.30317030e-03-4.23013924e-03j
  -1.86478955e-02+1.36904101e-02j  2.96183227e-02-4.46385845e-02j
  -8.08775559e-01-5.73200088e-01j -4.90970096e-03+1.07751892e-03j
  -3.87672903e-02-2.80998275e-02j -3.28435704e-02-2.02777491e-02j
   4.06065683e-02+5.47507638e-02j -3.05882524e-02-2.26703984e-02j]
 [-1.46967136e-02-3.18789184e-02j  2.18306099e-02+4.32877961e-02j
  -2.96051202e-03+1.68823320e-03j -4.46228148e-03-7.97316437e-04j
   5.46063640e-04+5.34913808e-03j -1.92458424e-03-5.83785311e-03j
   4.23507850e-04-1.47449248e-04j  1.47467764e-03-1.22681093e-03j
  -4.66019471e-01-3.27803182e-01j  6.62441452e-01+4.68126828e-01j
  -3.00113777e-02+4.80792003e-02j -7.38161568e-02-1.33538280e-02j
   1.97387010e-02+3.68644440e-02j -3.41309911e-02-4.22929570e-02j
   2.95080619e-03-2.49824250e-03j  1.02471035e-02-7.24563489e-03j]
 [-1.85340649e-02-2.93418500e-02j  1.79308090e-03-7.45392842e-03j
  -3.22131071e-07+5.43629022e-04j  2.07861732e-02+4.57105705e-02j
   6.62582156e-03+8.18277375e-03j -7.52712365e-03-4.51399067e-03j
   3.60791821e-04-6.20565078e-04j -6.81345701e-04-6.40533905e-03j
  -3.66148979e-01-2.76871751e-01j -2.26697417e-01-1.27973448e-01j
   3.37718863e-03-6.12404054e-03j  6.81154426e-01+4.93552736e-01j
   5.13081625e-02+5.05395125e-02j -3.59264383e-02-2.12709689e-02j
   1.82794573e-03-3.36777368e-03j -2.79619027e-02-4.63900605e-02j]
 [ 1.11635938e-01+5.85304453e-02j  8.31592615e-02+4.86872649e-02j
   3.31482767e-04+5.89422604e-03j  8.54811772e-02+4.85714518e-02j
  -9.34840206e-02-6.79673561e-02j -6.92122910e-02-5.51864342e-02j
   1.62764074e-03-2.07132416e-03j -7.11330954e-02-5.54459984e-02j
  -5.04582926e-02-1.24494375e-02j -4.17701761e-02-7.07641039e-03j
   6.15912629e-02+4.14362370e-02j -3.98616031e-02-1.03317721e-02j
  -5.38702251e-01-3.61389852e-01j -3.99786221e-01-2.94993594e-01j
   6.64106179e-03-1.28498194e-02j -4.10674392e-01-2.95924228e-01j]
 [-3.00346504e-03+3.23600016e-03j  4.83402436e-03-8.71813456e-03j
  -1.62982710e-01-9.14470337e-02j -7.13583032e-04+5.44959603e-04j
   2.73399052e-03-2.43106473e-03j -5.87215859e-03+7.34068179e-03j
   1.35799429e-01+1.04650118e-01j  3.99295982e-04-3.20651095e-04j
  -5.21958474e-03+5.66268073e-03j -5.86295666e-03+9.46476251e-03j
   7.60650460e-02+1.87810058e-02j -4.42192155e-03+5.21162746e-03j
   1.49411821e-02-1.44528835e-02j -3.12815960e-02+4.22315746e-02j
   7.83756688e-01+5.58222673e-01j  2.26477317e-03-2.06446098e-03j]
 [-9.24515306e-02-5.01358599e-02j  1.33357581e-01+7.51785999e-02j
  -4.67438953e-03+9.56847292e-03j -1.57075583e-02-4.27649281e-03j
   7.77540895e-02+5.93613271e-02j -1.10690178e-01-8.51265709e-02j
   5.49242879e-03-8.05504366e-03j  1.27504596e-02+3.14390565e-03j
   7.16241926e-02+3.13729701e-02j -4.51753222e-02-5.87731603e-03j
   5.74270759e-04-3.94801547e-03j -4.55882227e-02-3.76582215e-02j
   4.47684782e-01+3.16045270e-01j -6.39352161e-01-4.54208427e-01j
   2.91059756e-02-4.63520939e-02j  7.39028881e-02+1.57081368e-02j]
 [-7.43173803e-02-4.49204415e-02j -4.47676994e-02-1.91331658e-02j
   4.92752914e-04-1.17956427e-03j  1.37434007e-01+7.90234897e-02j
   6.18512559e-02+5.05632424e-02j  3.75877873e-02+2.34338280e-02j
  -6.12859510e-04+9.80498107e-04j -1.14220509e-01-9.00182206e-02j
   4.03158390e-02+3.87623601e-03j  1.28162540e-02+1.13997250e-02j
  -5.44939737e-04+2.08209401e-04j -6.41743397e-02-1.77568379e-02j
   3.57475438e-01+2.70707689e-01j  2.15915357e-01+1.23196492e-01j
  -3.21494394e-03+5.63433770e-03j -6.59635436e-01-4.80688583e-01j]]

********* Summary *****************
Final fidelity error 0.2790892916236125
Final penalized l2 error 3.677417428659466e-06
Final penalized TV regularizer 0.0015360858950834143
Final objective value 0.28062537493068734
Final norm value 15.360858950834142
Final l2 value 3.6774174286594656e-07
Final error 2.3425529416178968e-07
Terminate reason Exceed the maximum number of iteration of ADMM
Number of iterations 100
Completed in 0:40:28.211676 HH:MM:SS.US
Computational time 2428.211675666
Time for each iteration [417.87316566600003, 136.84878216700002, 601.6231782909999, 226.9100719590001, 671.1118787909999, 282.1293286670002, 724.5727974579999, 338.3495637080001, 779.5165041249999, 389.57244183299997, 822.749973375, 422.275782583, 854.8290489169998, 448.7699146660001, 892.1393264169998, 472.86801612400006, 920.0068053759998, 499.8777966240001, 947.1221351669998, 521.4795643330002, 965.4203124169998, 545.8945329580002, 993.3786872919997, 568.9107215830003, 1021.3349832499997, 588.9052920000003, 1043.7427027909998, 608.308236375, 1065.7402165409999, 624.882177959, 1083.910180291, 642.0475689999998, 1100.164111166, 658.9272054169999, 1116.678734874, 674.128662417, 1134.184929333, 686.04091025, 1145.4231860829998, 698.792117875, 1157.8900027079999, 712.7524262080001, 1167.9850795829998, 724.4086477500002, 1182.7043900409997, 738.6910031670002, 1192.7489712909996, 748.2982741250003, 1207.6399407909996, 758.6024033340002, 1218.3842049569996, 769.1283653760004, 1229.6713168739996, 782.0597558760003, 1239.6744544989997, 793.6820057920002, 1251.0205416659999, 803.643461334, 1262.771451416, 813.6129563749998, 1273.2783632080002, 822.0642117919999, 1282.953830958, 830.767332875, 1291.4038981659999, 841.1423770419999, 1302.832530208, 850.9278375000001, 1313.1560411659996, 861.3801330420004, 1324.1420474989998, 869.526044209, 1335.390665791, 880.9512365839998, 1344.1051193320002, 892.7638914589995, 1355.7465064160003, 902.7126771669994, 1364.3065779580004, 911.2713312079993, 1372.8434843750008, 918.3179440829992, 1380.9804589580006, 926.4420912919993, 1388.2011750410004, 933.2132502499996, 1394.9692971250004, 939.8456172499993, 1402.0083528750004, 946.4607577909994, 1408.4733109590004, 955.7323759159997, 1417.6298359170003, 962.4550945829994, 1424.5018424170005, 972.0102228329995, 1433.7911962080004, 978.5783891669996, 1440.2311474160003, 987.9805282499995]
