Final evolution
[[0.46465767-0.0395754j  0.        +0.j         0.        +0.j
  0.06443441-0.88225577j 0.        +0.j         0.        +0.j
  0.        +0.j         0.        +0.j         0.        +0.j
  0.        +0.j         0.        +0.j         0.        +0.j
  0.        +0.j         0.        +0.j         0.        +0.j
  0.        +0.j        ]
 [0.        +0.j         0.46008502+0.03397184j 0.06537842-0.88481261j
  0.        +0.j         0.        +0.j         0.        +0.j
  0.        +0.j         0.        +0.j         0.        +0.j
  0.        +0.j         0.        +0.j         0.        +0.j
  0.        +0.j         0.        +0.j         0.        +0.j
  0.        +0.j        ]
 [0.        +0.j         0.06538898-0.88481183j 0.46008114+0.03402436j
  0.        +0.j         0.        +0.j         0.        +0.j
  0.        +0.j         0.        +0.j         0.        +0.j
  0.        +0.j         0.        +0.j         0.        +0.j
  0.        +0.j         0.        +0.j         0.        +0.j
  0.        +0.j        ]
 [0.06594691-0.88214401j 0.        +0.j         0.        +0.j
  0.45379352+0.10744487j 0.        +0.j         0.        +0.j
  0.        +0.j         0.        +0.j         0.        +0.j
  0.        +0.j         0.        +0.j         0.        +0.j
  0.        +0.j         0.        +0.j         0.        +0.j
  0.        +0.j        ]
 [0.        +0.j         0.        +0.j         0.        +0.j
  0.        +0.j         0.46628298-0.00728976j 0.        +0.j
  0.        +0.j         0.12540052-0.87567217j 0.        +0.j
  0.        +0.j         0.        +0.j         0.        +0.j
  0.        +0.j         0.        +0.j         0.        +0.j
  0.        +0.j        ]
 [0.        +0.j         0.        +0.j         0.        +0.j
  0.        +0.j         0.        +0.j         0.45662612+0.06576399j
  0.12651939-0.87815746j 0.        +0.j         0.        +0.j
  0.        +0.j         0.        +0.j         0.        +0.j
  0.        +0.j         0.        +0.j         0.        +0.j
  0.        +0.j        ]
 [0.        +0.j         0.        +0.j         0.        +0.j
  0.        +0.j         0.        +0.j         0.12652987-0.87815595j
  0.45661861+0.06581612j 0.        +0.j         0.        +0.j
  0.        +0.j         0.        +0.j         0.        +0.j
  0.        +0.j         0.        +0.j         0.        +0.j
  0.        +0.j        ]
 [0.        +0.j         0.        +0.j         0.        +0.j
  0.        +0.j         0.12690164-0.87545589j 0.        +0.j
  0.        +0.j         0.44525967+0.13862463j 0.        +0.j
  0.        +0.j         0.        +0.j         0.        +0.j
  0.        +0.j         0.        +0.j         0.        +0.j
  0.        +0.j        ]
 [0.        +0.j         0.        +0.j         0.        +0.j
  0.        +0.j         0.        +0.j         0.        +0.j
  0.        +0.j         0.        +0.j         0.46628176-0.00736747j
  0.        +0.j         0.        +0.j         0.12525458-0.87569306j
  0.        +0.j         0.        +0.j         0.        +0.j
  0.        +0.j        ]
 [0.        +0.j         0.        +0.j         0.        +0.j
  0.        +0.j         0.        +0.j         0.        +0.j
  0.        +0.j         0.        +0.j         0.        +0.j
  0.45663707+0.06568788j 0.12637303-0.87817854j 0.        +0.j
  0.        +0.j         0.        +0.j         0.        +0.j
  0.        +0.j        ]
 [0.        +0.j         0.        +0.j         0.        +0.j
  0.        +0.j         0.        +0.j         0.        +0.j
  0.        +0.j         0.        +0.j         0.        +0.j
  0.12638351-0.87817703j 0.45662957+0.06574002j 0.        +0.j
  0.        +0.j         0.        +0.j         0.        +0.j
  0.        +0.j        ]
 [0.        +0.j         0.        +0.j         0.        +0.j
  0.        +0.j         0.        +0.j         0.        +0.j
  0.        +0.j         0.        +0.j         0.12675573-0.87547703j
  0.        +0.j         0.        +0.j         0.44528276+0.13855042j
  0.        +0.j         0.        +0.j         0.        +0.j
  0.        +0.j        ]
 [0.        +0.j         0.        +0.j         0.        +0.j
  0.        +0.j         0.        +0.j         0.        +0.j
  0.        +0.j         0.        +0.j         0.        +0.j
  0.        +0.j         0.        +0.j         0.        +0.j
  0.46567187+0.0249533j  0.        +0.j         0.        +0.j
  0.1856199 -0.86491173j]
 [0.        +0.j         0.        +0.j         0.        +0.j
  0.        +0.j         0.        +0.j         0.        +0.j
  0.        +0.j         0.        +0.j         0.        +0.j
  0.        +0.j         0.        +0.j         0.        +0.j
  0.        +0.j         0.45098923+0.09716496j 0.18690786-0.86731375j
  0.        +0.j        ]
 [0.        +0.j         0.        +0.j         0.        +0.j
  0.        +0.j         0.        +0.j         0.        +0.j
  0.        +0.j         0.        +0.j         0.        +0.j
  0.        +0.j         0.        +0.j         0.        +0.j
  0.        +0.j         0.18691821-0.86731152j 0.45097813+0.09721645j
  0.        +0.j        ]
 [0.        +0.j         0.        +0.j         0.        +0.j
  0.        +0.j         0.        +0.j         0.        +0.j
  0.        +0.j         0.        +0.j         0.        +0.j
  0.        +0.j         0.        +0.j         0.        +0.j
  0.18710248-0.86459222j 0.        +0.j         0.        +0.j
  0.43461443+0.16906584j]]

********* Summary *****************
Final fidelity error 0.11643075998581887
Final penalized l2 error 0.10416410884183312
Final penalized TV regularizer 0.0018758522096055017
Final objective value 0.11830656604612587
Final norm value 1.8758522096055017
Final l2 value 1.0416410884183311
Final error 2.6367841323177866e-07
Terminate reason Exceed the maximum number of iteration of ADMM
Number of iterations 100
Completed in 0:08:45.111334 HH:MM:SS.US
Computational time 525.111333791
Time for each iteration [42.870371291, 17.604475167000004, 56.035636583, 28.564800082999994, 67.717695167, 39.75650170799999, 78.590551583, 49.81863983299999, 88.54108925000003, 60.38466679099997, 96.87897529200004, 69.12825445799999, 105.12571575000001, 77.781663458, 112.97913870800002, 86.12352049999998, 121.20104637500003, 93.63955974999999, 127.72466204100002, 99.453380584, 134.74517287400002, 104.77143404199998, 141.49100229100003, 111.59782737500001, 145.401852125, 117.32472254100003, 151.63868641699997, 122.63927358300003, 157.05773345799997, 128.36121883300007, 162.08442312499994, 134.19035850000006, 166.08779579099996, 138.50951491700005, 172.11073816599998, 142.72208737500006, 174.72122304099997, 147.92992650000002, 179.33863604099997, 152.51142254200005, 185.27557712399994, 156.4201227920001, 187.9912450829999, 160.72757687500012, 192.1971562079999, 165.7202735420001, 195.82370141599995, 169.52419412500007, 198.71039999999994, 172.1215960830001, 202.99016024999992, 174.8122706250001, 205.4835146659999, 178.3111076250001, 209.18407812499993, 181.71003137500009, 212.48501370799994, 184.20508116700006, 216.97696395799994, 186.70655791700005, 219.27514591599993, 189.40714800000006, 221.57005174999995, 192.3068059160001, 223.5647816249999, 195.21870454100008, 225.49199879199995, 197.20651266600004, 231.59996008399997, 200.30802712400003, 234.59816945899996, 203.10508083200006, 237.60450941799996, 206.20450949800005, 240.20802333499995, 211.28707687300005, 243.30010112699995, 215.67711258100007, 249.11417179399996, 218.60765753900006, 251.94061871099996, 221.44327224700004, 254.47212762799995, 223.76512274700008, 258.69568921099994, 226.35427866400005, 261.728967294, 228.52301853900002, 263.92671096099997, 232.91583233000006, 266.92196279499996, 235.10245816300005, 271.214215295, 238.193867163, 274.115106462, 241.096937288, 276.90172642, 243.39644874599998, 279.818419837, 245.29291395399997]
Final evolution
[[ 9.69617846e-04-2.67847472e-03j  1.64356972e-03-2.62466869e-03j
   1.48595691e-03-7.48602895e-03j  3.07856069e-01-9.51316344e-01j
  -1.75636479e-05+3.46585315e-05j  8.26885269e-05-1.26155777e-04j
  -1.08486325e-03+4.67912623e-04j -4.17097305e-03+1.11372408e-02j
  -1.81653921e-07+1.08598338e-06j  1.40276672e-06+3.77132253e-07j
   1.49501518e-05-1.20635362e-05j -8.84492498e-05+4.03299441e-04j
  -2.94739655e-06+3.83057609e-06j -4.04707084e-06+3.48651393e-06j
  -5.75418536e-06+1.13184070e-05j -9.86143207e-04+1.37932299e-03j]
 [ 1.07306838e-05-4.55594897e-03j  2.08921074e-04-1.57450862e-04j
   3.08069530e-01-9.51232845e-01j -3.17486453e-03+6.90264408e-03j
  -1.05044580e-04+1.96935666e-04j  7.20850114e-06-1.98237702e-05j
  -4.14529821e-03+1.11833900e-02j  3.65871841e-04-5.02026214e-03j
   1.91996034e-07-4.18208819e-06j -1.08640962e-07-1.28826358e-08j
  -8.92411648e-05+4.03758704e-04j  5.46928421e-05-1.13237389e-06j
  -2.33987254e-06+7.35531777e-06j -4.16457128e-07+1.32682440e-07j
  -9.86602870e-04+1.37910178e-03j  8.85462602e-06-7.34195239e-06j]
 [ 4.64717969e-03-1.37487573e-02j  3.07989297e-01-9.51197197e-01j
   3.39853979e-05+3.25745547e-04j -2.06628262e-04+3.12476335e-03j
  -1.12279424e-03+5.41048739e-04j -4.15524537e-03+1.10981124e-02j
  -8.48555989e-06+8.22259414e-06j  9.54372482e-04+1.70618728e-05j
   1.94151006e-05-1.13178946e-05j -8.84236638e-05+4.03266066e-04j
  -2.71311630e-07+2.56303856e-07j -2.18847417e-05+1.95832033e-05j
  -1.41480652e-05+1.98372832e-05j -9.86327305e-04+1.37907009e-03j
   1.29346696e-07-5.64583518e-07j  1.79830737e-06-5.07581084e-06j]
 [ 3.07928882e-01-9.51193600e-01j -4.28980078e-03+1.38242748e-02j
  -2.67737228e-03+3.71659542e-03j -7.58515238e-04+2.66963220e-03j
  -4.12954208e-03+1.11905297e-02j  3.81465647e-04-5.10139950e-03j
  -9.13361144e-04-9.69634168e-05j -1.25911773e-05-1.26188380e-05j
  -8.88443951e-05+4.03299594e-04j  1.61119235e-05-1.10733078e-05j
  -1.46749829e-05+1.81224683e-05j  1.59259668e-07-1.35001115e-06j
  -9.86292249e-04+1.37914494e-03j  1.46728721e-05-1.78563834e-05j
   6.84185139e-06-4.96239543e-06j  2.56109592e-06-3.80802088e-06j]
 [-9.40036067e-06-2.37890051e-05j  8.16959623e-04+4.78848749e-04j
  -2.62400252e-03+4.09999239e-03j  3.15957045e-03-1.15041429e-02j
   9.69031925e-04-2.68110654e-03j  1.63387034e-03-2.63331728e-03j
   1.01836097e-03-7.69593413e-03j  3.07839234e-01-9.51308874e-01j
   1.66084383e-06+2.86461851e-06j  7.61093939e-07+3.13514277e-06j
   3.38866078e-06+5.29726852e-06j  6.15434162e-04+9.68455969e-04j
  -6.63547754e-08+1.31234724e-06j -1.51521464e-06-5.77378710e-06j
  -1.34912286e-05+1.39821941e-05j -2.27244407e-05+4.45165505e-04j]
 [-8.03771418e-04-5.67974373e-04j  3.83307220e-06-2.08187332e-05j
   3.22100352e-03-1.15212456e-02j -6.77255187e-04-8.46215392e-04j
   1.88534296e-05-4.54774817e-03j  2.01785890e-04-1.58666978e-04j
   3.08066620e-01-9.51245341e-01j -3.67647999e-03+6.79859661e-03j
   4.38761422e-06+3.50179723e-06j -2.96479137e-08+2.95263821e-07j
   6.15398448e-04+9.68632296e-04j -6.42916030e-06-7.27578202e-06j
   3.42910310e-06+2.25452780e-06j -3.75236491e-07+1.60734650e-07j
  -2.27679681e-05+4.45176752e-04j -9.38928633e-06+7.57959066e-06j]
 [-2.58944033e-03+4.02328207e-03j  3.16337625e-03-1.15012368e-02j
   1.81173571e-05-3.39413255e-06j -1.41456254e-06+2.12870816e-04j
   4.17962170e-03-1.39588511e-02j  3.07969280e-01-9.51191849e-01j
   4.02013101e-05+3.26977318e-04j -2.17875605e-04+3.12663719e-03j
   6.67589227e-06+1.26500523e-05j  6.15290029e-04+9.68535442e-04j
  -2.16187634e-07-2.75875396e-07j -2.80197464e-06-2.30442953e-06j
  -8.60137872e-06+1.50793378e-05j -2.31057824e-05+4.45010201e-04j
  -2.83500599e-07+1.45067504e-07j -1.65030092e-05+1.88611269e-05j]
 [ 3.24554672e-03-1.15575787e-02j -6.89365194e-04-7.64363710e-04j
  -2.25625746e-05-1.41981384e-04j -5.50870898e-06+3.29183071e-05j
   3.07929372e-01-9.51206072e-01j -4.79125697e-03+1.37202044e-02j
  -2.66461107e-03+3.71520634e-03j -7.55774610e-04+2.66911689e-03j
   6.15578235e-04+9.68510311e-04j -1.21963270e-05-1.33930553e-05j
  -1.55244621e-06-4.74463902e-06j -1.77809064e-06-2.59169643e-06j
  -2.22537197e-05+4.44561853e-04j -4.84607015e-05-2.55390225e-06j
  -2.04248739e-05+1.84103956e-05j  1.82613435e-07-1.38916850e-06j]
 [ 4.86962175e-07-1.37368785e-06j -4.42006395e-06-2.98179607e-05j
   3.83764457e-05+2.89224877e-05j  1.75795955e-04-3.64044202e-04j
   3.02693719e-06-1.06609879e-06j  3.59619838e-06-1.65552114e-07j
   4.34505890e-06-6.77578070e-06j  1.06101825e-03-4.15577997e-04j
   9.69735921e-04-2.67843588e-03j  1.64366790e-03-2.62460284e-03j
   1.48637206e-03-7.48593071e-03j  3.07896381e-01-9.51304107e-01j
  -1.75574923e-05+3.46649603e-05j  8.29144779e-05-1.26213732e-04j
  -1.08492899e-03+4.67814765e-04j -4.16914777e-03+1.11397774e-02j]
 [-1.03873834e-06-2.77271655e-05j  2.42349781e-07+2.00633835e-07j
   1.75654180e-04-3.64645157e-04j  1.30746034e-07+1.44866533e-05j
   3.97336174e-06-2.92154726e-06j  2.43007969e-07-6.81078129e-08j
   1.06101107e-03-4.15369205e-04j -1.01156713e-05-2.36911527e-06j
   1.09046044e-05-4.55595166e-03j  2.08933667e-04-1.57440170e-04j
   3.08109839e-01-9.51220601e-01j -3.17503316e-03+6.90252778e-03j
  -1.04831226e-04+1.96867660e-04j  7.20700014e-06-1.98223089e-05j
  -4.14347535e-03+1.11859293e-02j  3.66061906e-04-5.02036385e-03j]
 [ 4.46828879e-06+9.58218404e-06j  1.76152083e-04-3.63712802e-04j
  -2.87812867e-07+1.75459872e-07j  2.27836003e-06+2.70474148e-06j
   1.25633999e-05-8.29171876e-06j  1.06091150e-03-4.15445479e-04j
  -2.42448603e-07+2.65814583e-07j -2.52275366e-06+2.18695549e-06j
   4.64788884e-03-1.37485342e-02j  3.08029607e-01-9.51184956e-01j
   3.39754442e-05+3.25749052e-04j -2.06768742e-04+3.12474903e-03j
  -1.12281280e-03+5.41007426e-04j -4.15342153e-03+1.11006489e-02j
  -8.48147095e-06+8.22026102e-06j  9.54704278e-04+1.70091766e-05j]
 [ 1.75918933e-04-3.63779554e-04j  2.62892449e-06+2.20162254e-05j
  -6.33646893e-06+6.44006603e-06j -4.30580151e-07+9.49984764e-07j
   1.06079816e-03-4.15462964e-04j -1.70580668e-05+1.59201481e-06j
  -5.54821942e-06+1.42784339e-07j -2.93809231e-06+1.31859526e-06j
   3.07969187e-01-9.51181363e-01j -4.29024262e-03+1.38241369e-02j
  -2.67754399e-03+3.71646856e-03j -7.58624550e-04+2.66960482e-03j
  -4.12772289e-03+1.11930663e-02j  3.81595392e-04-5.10144614e-03j
  -9.13014652e-04-9.71084354e-05j -1.26023936e-05-1.26245810e-05j]
 [ 1.53512557e-07-4.73213123e-06j  1.58798938e-06-5.18073631e-06j
  -3.33126784e-06-1.14793623e-05j  1.35415464e-05-1.70465103e-03j
   5.53165711e-07-1.55690803e-06j -5.35024467e-08-2.60663953e-05j
  -7.58087291e-06-1.60600843e-05j  2.53742998e-04-3.59354982e-04j
  -9.38754743e-06-2.37898783e-05j  8.17177751e-04+4.79162342e-04j
  -2.62410245e-03+4.09988101e-03j  3.16330333e-03-1.15048351e-02j
   9.69136421e-04-2.68106490e-03j  1.63394999e-03-2.63324822e-03j
   1.01846388e-03-7.69596669e-03j  3.07878243e-01-9.51295396e-01j]
 [-2.68321631e-06-7.99569380e-06j  2.45237504e-07-3.83273554e-07j
   1.39454456e-05-1.70457424e-03j -2.52284861e-06+1.23039089e-05j
  -4.85435282e-06-3.16170727e-05j  1.17406661e-07+6.52212246e-08j
   2.53999438e-04-3.59139313e-04j -9.21200482e-06-2.37038371e-05j
  -8.03508470e-04-5.67746754e-04j  3.83388793e-06-2.08208014e-05j
   3.22473866e-03-1.15219345e-02j -6.77204336e-04-8.46251893e-04j
   1.90233164e-05-4.54774937e-03j  2.01786955e-04-1.58658859e-04j
   3.08105629e-01-9.51231852e-01j -3.67695957e-03+6.79837413e-03j]
 [-1.83037210e-06-2.34675021e-05j  1.37388150e-05-1.70454363e-03j
   2.52474154e-07+4.88114580e-07j  1.20261670e-06+5.32958221e-06j
  -4.09585719e-05-3.52762720e-05j  2.54040706e-04-3.59133997e-04j
  -7.98614648e-08+2.42670302e-07j -4.03588192e-06+6.19917021e-06j
  -2.58950797e-03+4.02308613e-03j  3.16710750e-03-1.15019284e-02j
   1.81181457e-05-3.39006703e-06j -1.30719142e-06+2.13055751e-04j
   4.18001026e-03-1.39587535e-02j  3.08008283e-01-9.51178365e-01j
   4.01831847e-05+3.26977088e-04j -2.18022873e-04+3.12660914e-03j]
 [ 1.37906073e-05-1.70443433e-03j -7.49010314e-07+2.41867529e-05j
  -2.41054096e-06+7.34877990e-06j  1.42446981e-07+4.73128774e-06j
   2.54618724e-04-3.58089898e-04j -7.27314064e-06-1.61338776e-05j
  -4.54648915e-07+2.98905423e-06j -5.63900857e-07+1.07621150e-06j
   3.24927822e-03-1.15582660e-02j -6.89287010e-04-7.64399078e-04j
  -2.24390110e-05-1.41799240e-04j -5.52098638e-06+3.29178995e-05j
   3.07968381e-01-9.51192591e-01j -4.79200146e-03+1.37199531e-02j
  -2.66477782e-03+3.71508161e-03j -7.55886244e-04+2.66908164e-03j]]

********* Summary *****************
Final fidelity error 0.001447052986706554
Final penalized l2 error 1.1905094644825412e-06
Final penalized TV regularizer 0.0006628616839590706
Final objective value 0.0021099146608288266
Final norm value 0.6628616839590706
Final l2 value 1.1905094644825411e-05
Final error 3.1991022104985396e-06
Terminate reason Exceed the maximum number of iteration of ADMM
Number of iterations 100
Completed in 0:27:39.038361 HH:MM:SS.US
Computational time 1659.038361042
Time for each iteration [142.045963667, 126.532555083, 221.159110126, 210.41523549900003, 264.689807418, 239.79678166600002, 283.93242800099995, 253.14784866599996, 329.32777225100006, 280.32450770799994, 348.914856792, 286.53580458299996, 358.066874667, 292.4211705, 395.5018339999999, 320.37563991700006, 421.57601666699986, 332.68839804200013, 430.6867613329998, 345.3812411670001, 437.64922083299984, 361.9421560420001, 445.5395532499999, 371.68232650000004, 451.2865218339999, 419.590689666, 489.3696300009999, 431.16732437400003, 520.1265949599999, 451.27314912400004, 530.407998876, 466.94290254099997, 537.498121959, 476.34348829099997, 542.092846209, 479.109907875, 550.7671442919999, 485.31164983300016, 554.4726085419999, 490.119304167, 557.24471175, 494.2964492089999, 560.9656874580002, 497.3654819169998, 563.7130151250002, 500.2707383339997, 566.4580512500003, 503.1771734169996, 569.2348335830003, 505.7974172089997, 610.6149604580002, 535.0217949169997, 628.7514492500003, 587.7189917499996, 673.1727975840003, 602.6461019579998, 686.9462319590001, 610.5393525829999, 692.6579224590001, 634.1776271659998, 702.3409068760003, 642.7533183739996, 717.6800343350004, 648.6914929569995, 729.4762032520006, 655.6945352899994, 734.1263709190006, 660.2001476649995, 737.8404500850005, 662.9694687489995, 767.4173496260006, 682.6418805409993, 781.0623014180006, 700.2810535409993, 791.9171076260005, 706.5063669579994, 805.7183982920006, 714.1768232079993, 811.4900917090007, 725.7830016249992, 819.1073548750009, 731.211955249999, 824.862366292001, 736.323934707999, 829.660083584001, 740.0097734999989, 839.1589999170011, 749.1772805829988, 845.6660361670012, 753.9715138329988, 849.9922227090011, 765.315567290999, 857.0572507930011, 776.9549565819988, 862.5561987520013, 781.1574001229986, 866.7614953360013, 785.2447297889986, 870.5183652530014, 788.5199957889985]
