Final evolution
[[-1.34694845e-02-5.20238880e-02j -4.98806513e-01-4.76732596e-01j
   2.12293750e-03-5.58738791e-02j -2.59957424e-02+5.91101926e-02j
  -7.21628587e-04-3.84105764e-02j -2.73316874e-01-4.03741833e-01j
   9.87590684e-03-3.82272935e-02j -2.68273985e-02+3.68778420e-02j
  -3.20210130e-03+1.00304874e-02j  3.18982226e-02+9.68253256e-02j
  -4.38880578e-03+7.11944584e-03j  7.70586167e-03-5.80508453e-03j
   1.26856463e-02+3.74783621e-02j  3.96408085e-01+3.12475612e-01j
   2.27201691e-03+4.07992116e-02j  1.48706585e-02-4.47954939e-02j]
 [-5.50725408e-02-2.14488728e-02j -4.02606196e-02-3.40290800e-02j
   1.00886750e-02+6.91384069e-01j -4.19686502e-02-1.09083954e-02j
  -3.49003524e-02-2.30044147e-02j -2.28025070e-02-2.95019750e-02j
  -9.63234163e-02+4.78977476e-01j -2.78535659e-02-1.45950627e-02j
   5.80798861e-03+6.44776521e-03j  3.05809090e-03+7.09454167e-03j
   4.69210078e-02-9.08223133e-02j  7.06761681e-03+5.59609040e-03j
   4.16592121e-02+1.17507582e-02j  3.17599825e-02+2.19614124e-02j
  -5.53853439e-02-5.02754605e-01j  3.18767348e-02+5.74595507e-03j]
 [-6.64738367e-01-1.85506329e-01j  6.05941013e-02-1.05613633e-02j
  -6.51767726e-03-5.55553342e-02j -1.31641364e-02+5.35572067e-02j
  -4.31471248e-01-2.27517612e-01j  4.25004497e-02+1.81793164e-03j
   3.74836906e-03-3.93995732e-02j -1.70626467e-02+3.51043689e-02j
   7.41283415e-02+7.06308359e-02j -6.43566600e-03-4.30700887e-03j
  -2.81791702e-03+7.77124860e-03j  5.25902922e-03-6.22881752e-03j
   4.97063830e-01+8.89782315e-02j -4.25017744e-02+1.17569411e-02j
   8.66043673e-03+4.00543463e-02j  5.82789230e-03-3.99930946e-02j]
 [ 5.66027712e-02+1.55169721e-02j  5.12615023e-02+3.36016178e-02j
  -4.34708754e-02+1.11696914e-02j -1.60009809e-01+6.71881201e-01j
   3.67043937e-02+1.92124416e-02j  3.03133386e-02+3.08789287e-02j
  -3.10007676e-02+1.84271776e-03j -2.10989702e-01+4.40183243e-01j
  -6.18579508e-03-6.16624756e-03j -4.19124833e-03-8.09033505e-03j
   3.85847512e-03+1.01355421e-03j  6.78801762e-02-7.67824357e-02j
  -4.22340774e-02-7.41148685e-03j -3.95983150e-02-2.09276288e-02j
   3.01536319e-02-1.16923916e-02j  6.99310271e-02-5.00465810e-01j]
 [ 4.38491808e-02+1.60896188e-02j  5.69217464e-01-1.33816224e-01j
   3.86013655e-02+2.74547112e-02j -2.98293086e-02-4.58648871e-02j
  -5.55538746e-02-1.14215629e-02j -6.93857771e-01+2.58743755e-01j
  -5.29311895e-02-2.81190800e-02j  4.49155173e-02+5.26815661e-02j
  -8.21348692e-03-4.92678094e-03j -1.16452430e-01+4.43452006e-03j
  -6.50323511e-03-6.86787707e-03j  4.07618951e-03+1.01329154e-02j
   8.05349361e-03+2.20299290e-02j  2.13577142e-01+1.71657322e-01j
   9.49129225e-04+2.23240199e-02j  8.42881108e-03-2.43693933e-02j]
 [ 4.06526893e-02-2.93252822e-02j  4.27787663e-02-1.30036672e-02j
  -4.95603556e-01-3.12609248e-01j  2.87256396e-02-2.54913875e-02j
  -4.65645150e-02+4.31611280e-02j -5.17865705e-02+2.29434119e-02j
   6.72495307e-01+3.13680138e-01j -3.02988821e-02+3.44411322e-02j
  -9.05251546e-03+4.19309909e-03j -8.84790699e-03+9.25405752e-04j
   8.50029028e-02+8.00953001e-02j -6.68810734e-03+4.14316027e-03j
   2.24539576e-02+6.45698040e-03j  1.70697339e-02+1.19170593e-02j
  -2.74183320e-02-2.73324404e-01j  1.88423245e-02+1.86834883e-03j]
 [ 4.39377934e-01-3.86409776e-01j -2.04209819e-02+4.62015550e-02j
   4.25837013e-02+2.09882003e-02j -3.21031771e-02-3.40831682e-02j
  -4.90201381e-01+5.55115451e-01j  1.72228037e-02-6.38220021e-02j
  -5.67294804e-02-1.97732804e-02j  4.55614368e-02+3.78634786e-02j
  -1.00722452e-01+5.88409603e-02j  5.93667881e-03-8.05496888e-03j
  -7.53294949e-03-5.71128273e-03j  4.99163321e-03+7.87269078e-03j
   2.69639592e-01+5.06544759e-02j -2.36370148e-02+4.13119388e-03j
   4.60330347e-03+2.16631365e-02j  3.20074068e-03-2.15889493e-02j]
 [-3.72558108e-02+3.28827701e-02j -4.75812501e-02+2.07303667e-02j
   1.08705787e-02-3.49128165e-02j -4.03216196e-01-4.24593767e-01j
   4.13822484e-02-4.74025287e-02j  5.63613159e-02-3.38080917e-02j
  -9.15829290e-03+4.81244526e-02j  5.73942393e-01+4.68882024e-01j
   8.56593014e-03-5.00019510e-03j  1.01157252e-02-2.22378141e-03j
  -3.43835614e-03+6.14578127e-03j  6.26890787e-02+9.84809307e-02j
  -2.30124141e-02-4.38225203e-03j -2.14546055e-02-1.17195435e-02j
   1.53228816e-02-4.41537630e-03j  4.03899842e-02-2.71628257e-01j]
 [ 5.98865812e-03+1.44692959e-02j  1.47555640e-01+9.65314339e-02j
   1.92149063e-03+1.42271148e-02j  3.94707119e-03-1.60963633e-02j
   8.52837501e-04+2.94851488e-03j  2.29395274e-02+1.35871932e-02j
   3.18520115e-04+2.15446183e-03j  5.57392650e-04-2.45210214e-03j
   2.47724772e-02+7.15766873e-02j  7.56440111e-01+6.02296973e-01j
   4.02676635e-03+7.82280650e-02j  2.88704955e-02-8.57390074e-02j
  -1.20010594e-03+6.87380154e-03j  4.36989835e-02+1.01438600e-01j
  -3.67737030e-03+8.04540082e-03j  7.38672734e-03-7.07726634e-03j]
 [ 1.48338358e-02+2.66019062e-03j  1.17490480e-02+6.50966570e-03j
  -3.46441209e-02-1.73315238e-01j  1.30681966e-02+5.33565890e-04j
   2.27466170e-03+2.38885359e-04j  1.85435500e-03+8.45837726e-04j
  -6.34674621e-03-2.59593919e-02j  2.78429247e-03+1.12850317e-04j
   7.96260687e-02+2.29226007e-02j  6.05599524e-02+4.23688048e-02j
  -1.01432005e-01-9.63647180e-01j  6.06449311e-02+1.04968647e-02j
   6.76074757e-03+6.73339758e-03j  3.75106240e-03+7.65750026e-03j
   4.16357321e-02-1.02473883e-01j  3.86925040e-03+4.22222094e-03j]
 [ 1.75997819e-01+1.56163896e-02j -1.40125487e-02+3.60171203e-03j
   4.38067747e-03+1.36168619e-02j  6.28714904e-04-1.40918753e-02j
   2.68173597e-02+1.20594123e-03j -1.61125179e-03-9.73491032e-06j
   8.16858488e-04+2.02910650e-03j -6.81775077e-05-2.16078548e-03j
   9.51307223e-01+1.74968288e-01j -8.24050725e-02+2.20653137e-02j
   1.61791546e-02+7.67509112e-02j  1.15532586e-02-7.64780333e-02j
   8.60981886e-02+6.88676158e-02j -1.03593367e-02-8.09218392e-04j
  -2.63914561e-03+8.60885791e-03j  5.43157047e-03-7.03333630e-03j]
 [-1.49653532e-02-1.44036998e-03j -1.44134393e-02-6.21258947e-03j
   8.55523525e-03-4.04331919e-03j  8.94652676e-03-1.76607056e-01j
  -2.25851472e-03-1.88588881e-04j -2.18907511e-03-8.99428543e-04j
   4.65497192e-04-5.62275375e-04j  2.21514662e-04-2.68581475e-02j
  -8.09077944e-02-1.45615556e-02j -7.57302431e-02-4.04534644e-02j
   5.84413081e-02-2.14457955e-02j  1.38502680e-01-9.58031147e-01j
  -7.37385823e-03-5.67959729e-03j -5.49615517e-03-8.03271983e-03j
   8.66009879e-03+6.33576672e-04j  6.55012400e-02-8.87495886e-02j]
 [ 2.16670385e-02+1.57306567e-02j  3.59768038e-01+2.13269803e-02j
   1.80214453e-02+2.28567519e-02j -9.64676108e-03-3.22152918e-02j
   3.48232330e-02-9.09058163e-03j  2.86537954e-01-3.31830104e-01j
   3.55219521e-02-2.29601932e-04j -3.82679930e-02-1.48015603e-02j
  -1.02886576e-02+3.07937468e-04j -1.18213777e-01+7.77570865e-02j
  -1.10420516e-02-2.93753149e-03j  1.06118103e-02+7.85174163e-03j
   6.26153477e-02-1.17881358e-03j  6.70087835e-01-4.33385542e-01j
   6.23086405e-02+1.74055897e-02j -5.95357288e-02-4.51348673e-02j]
 [ 2.92822414e-02-1.00253634e-02j  2.76213022e-02+2.15848657e-05j
  -2.37639546e-01-2.71874955e-01j  2.00098700e-02-8.54690262e-03j
   1.16732819e-02-3.57377463e-02j  2.01622959e-02-2.67957104e-02j
  -4.38419095e-01+2.84027356e-02j  6.61959401e-03-2.92588945e-02j
  -6.87708658e-03+1.00149436e-02j -8.70881009e-03+6.45824811e-03j
   1.38613519e-01+2.97369334e-02j -4.12731056e-03+7.15932649e-03j
   3.88588435e-02-5.62151271e-02j  4.90428027e-02-3.61896017e-02j
  -7.80575481e-01-1.74036463e-01j  2.35354549e-02-4.47667633e-02j]
 [ 3.27363740e-01-1.50538879e-01j -1.96214757e-02+2.56258049e-02j
   2.13507887e-02+2.00283322e-02j -1.27924236e-02-2.58848075e-02j
   9.66108392e-02-4.28136774e-01j  7.14325716e-03+3.61415673e-02j
   3.51055121e-02-6.10316761e-03j -3.45499761e-02-6.45909026e-03j
  -6.76359818e-02+1.24195520e-01j  3.37414721e-05-1.29181603e-02j
  -1.14103336e-02-1.30852064e-03j  1.00835656e-02+5.15813661e-03j
   3.86931871e-01-6.98223145e-01j -4.77155526e-03+7.07728314e-02j
   6.42477754e-02+7.52450929e-03j -5.67379023e-02-2.91276969e-02j]
 [-2.76734033e-02+1.29831797e-02j -3.16839507e-02+4.00173090e-03j
   1.35594192e-02-2.04718379e-02j -1.63124590e-01-3.21550094e-01j
  -8.23389302e-03+3.63215628e-02j -1.98255541e-02+3.34698813e-02j
  -8.85130099e-03-2.47786497e-02j -4.31810213e-01-8.02765958e-02j
   5.63942621e-03-1.05973825e-02j  9.01714424e-03-8.71629965e-03j
   4.48363650e-04+9.88659314e-03j  1.26796993e-01+6.28443505e-02j
  -3.26750596e-02+5.95207052e-02j -5.15830471e-02+4.86514511e-02j
  -7.93881883e-04-5.14482602e-02j -7.13093180e-01-3.60177478e-01j]]

********* Summary *****************
Final fidelity error 0.3942989230140882
Final penalized l2 error 0.0005312912754328518
Final penalized TV regularizer 0.000846012702266268
Final objective value 0.3951449330299338
Final norm value 8.460127022662679
Final l2 value 0.0053129127543285175
Final error 1.5763453983489768e-07
Terminate reason Exceed the maximum number of iteration of ADMM
Number of iterations 50
Completed in 0:04:34.202717 HH:MM:SS.US
Computational time 274.202717292
Time for each iteration [45.524365917, 14.354301208000003, 59.817829999999994, 25.287607416999997, 68.07461537500001, 32.900649999999985, 74.375269, 39.42819458299999, 80.88653250000002, 44.651972374999986, 86.06372479200002, 49.34347224999999, 90.996354292, 54.036957833, 96.04248229200002, 58.73773404099998, 100.83913333400002, 63.41653183299999, 104.46887154200002, 68.09474245799998, 109.14395279200002, 72.66278079099999, 112.78299454200001, 77.43661558299999, 116.38172529200003, 81.73421799999997, 119.40316404200004, 85.69008374999996, 122.88491300000004, 88.48335449999996, 126.36796387500004, 91.49395179199996, 129.49330716600005, 94.38878641699995, 132.26856454100005, 98.44216258399996, 136.42995412400006, 101.21676595899996, 140.49002379100006, 103.64364500099995, 143.55349858200006, 106.40845162599996, 146.09921962400003, 108.83325333399998, 148.52600683300003, 112.98150358399997, 151.06771199900007, 115.63600862599995, 154.64749612400007, 119.55522116799992]
