Final evolution
[[ 1.81294061e-03-4.40294623e-03j  3.42333090e-04-1.05820974e-03j
   1.53674241e-03+2.06033163e-04j  3.68237283e-01-9.29628972e-01j
  -1.27954051e-05+3.91046639e-05j  2.94940748e-04-7.63993335e-04j
  -1.24381182e-04-5.24892111e-04j -4.63343195e-03+1.16158986e-02j
  -2.06493888e-06-3.44360518e-06j -2.30984476e-04+1.84020400e-04j
   3.17211488e-04-2.80026315e-04j  1.37402453e-03+5.74775635e-04j
  -5.13914436e-06+1.00487226e-05j  7.41933714e-07-4.17343706e-07j
  -2.64614065e-05-2.84210116e-06j -9.99064299e-04+2.02985106e-03j]
 [ 4.62786918e-05-2.01595801e-04j  2.81431625e-05+7.91170818e-06j
   3.68471518e-01-9.29513983e-01j  1.30084594e-03+8.05018385e-04j
  -2.84238722e-04+7.43176956e-04j  2.39515106e-05-3.85726955e-05j
  -4.64198377e-03+1.15939644e-02j  2.89825671e-03-7.58284401e-03j
  -2.35835520e-04+1.92097952e-04j -1.56019800e-07+1.09242132e-06j
   1.38547195e-03+5.79818541e-04j  4.39861570e-05+4.05981793e-04j
   3.86622646e-06-1.54122765e-06j -1.98101340e-06+1.82897037e-06j
  -1.00280672e-03+2.02191701e-03j -3.25712760e-05-1.69039519e-05j]
 [ 1.01323596e-02-2.17127564e-02j  3.68380229e-01-9.29277391e-01j
   2.69729895e-05+1.68155195e-05j -5.25945831e-04+1.09965260e-03j
  -2.35934025e-04-2.53517623e-04j -4.65941657e-03+1.15762649e-02j
   3.36500131e-07+2.75046140e-05j -6.82952343e-04-2.45531688e-06j
   4.49352219e-05+4.35158488e-04j  1.38609501e-03+5.69693816e-04j
   7.89082553e-08-8.00335557e-06j -4.64157697e-05-2.97280813e-04j
  -4.61657300e-05+3.61572158e-05j -1.00283605e-03+2.02453090e-03j
  -3.67410835e-07+6.52839812e-08j  1.98775922e-06+2.19818342e-06j]
 [ 3.67967507e-01-9.29396585e-01j -7.44592012e-03+2.26679169e-02j
  -1.06439846e-04+1.86175289e-04j -1.68576385e-03+4.43057449e-03j
  -4.53590048e-03+1.14456239e-02j  3.00556430e-03-7.84792711e-03j
   6.92320999e-04-9.34510934e-06j  1.13820715e-05-1.27185634e-05j
   1.31552179e-03+5.40993843e-04j  2.71499078e-04-3.27235662e-04j
  -4.16017662e-05-2.98925490e-04j -1.52295010e-05+3.48792935e-06j
  -1.00019294e-03+2.03200979e-03j -1.21577414e-05-5.55856742e-05j
   8.96958883e-07+2.42846670e-06j  4.15735633e-06-1.22882768e-05j]
 [ 3.10513579e-05-9.50453297e-05j -4.94277666e-04-4.89753710e-04j
  -3.07695051e-03+7.49270882e-03j  4.56813094e-03-1.16422795e-02j
   1.81129933e-03-4.40659604e-03j  3.26967736e-04-9.82498766e-04j
  -1.19582437e-03-1.25194107e-03j  3.68273709e-01-9.29579050e-01j
   5.40742939e-06-1.17525758e-05j -1.84532887e-06-5.13979988e-07j
  -3.02664110e-05-2.06761821e-05j  6.60360630e-04-2.16697231e-03j
  -1.56237644e-05-8.12251472e-06j -2.35928218e-04+1.89276026e-04j
  -8.08205301e-06-4.36501460e-04j -1.49984571e-03-5.63530272e-04j]
 [ 4.96215543e-04+4.76609336e-04j  6.24264276e-06-2.86844329e-05j
   4.57617162e-03-1.16263941e-02j -4.58383892e-04+3.07888475e-04j
   4.84613990e-05-2.79418956e-04j  2.95058387e-05+1.57894203e-05j
   3.68534450e-01-9.29523881e-01j -1.68658922e-03-3.38102063e-06j
  -3.40166965e-06+2.27172640e-06j  3.75669998e-07+3.17977060e-07j
   6.56351780e-04-2.16210375e-03j -2.52148509e-05-4.93918242e-06j
  -2.36452296e-04+1.85111995e-04j  3.29365661e-07+1.89941271e-06j
  -1.48568708e-03-5.58261863e-04j -2.97584760e-04+2.98821263e-04j]
 [-2.96939935e-03+7.22218503e-03j  4.59001874e-03-1.17984810e-02j
   1.31581984e-06+1.64243410e-05j -3.06450911e-04+7.47355666e-04j
   7.40373775e-03-2.31692724e-02j  3.68365184e-01-9.29238574e-01j
   2.46263713e-05+1.66436713e-05j -4.74089316e-04+1.04080718e-03j
  -1.81992365e-05-6.27027272e-05j  6.53546230e-04-2.15958912e-03j
   1.05863708e-07+2.59796694e-06j -2.30456916e-06-1.79302130e-06j
  -3.48067626e-04+2.51982718e-04j -1.49150232e-03-5.70387578e-04j
  -3.73336973e-07-8.06616979e-06j -3.85469056e-05-3.00812665e-04j]
 [ 4.60455921e-03-1.16184125e-02j -5.65218992e-04+5.81798109e-04j
   3.12698740e-04-7.68738212e-04j -1.41422572e-05+5.60248395e-05j
   3.68075318e-01-9.29379177e-01j -1.04361185e-02+2.18597344e-02j
  -1.47166081e-04+2.51476303e-04j -1.68198685e-03+4.42298999e-03j
   6.60076940e-04-2.16318485e-03j -3.77936709e-05+3.69939588e-05j
   3.02501436e-07-2.60500489e-06j -3.13752225e-06+1.08668594e-05j
  -1.55073809e-03-5.93346211e-04j -2.46620966e-06-4.07080219e-04j
  -4.39232265e-05-2.92723951e-04j -2.34221747e-06+8.80568567e-06j]
 [-2.06461100e-06-3.44419066e-06j -2.30999774e-04+1.84044095e-04j
   3.17223555e-04-2.80028142e-04j  1.37404771e-03+5.74727325e-04j
  -5.13742097e-06+1.00482837e-05j  7.42495793e-07-4.17730573e-07j
  -2.64620913e-05-2.84116183e-06j -9.98700748e-04+2.02974926e-03j
   1.81267432e-03-4.40305589e-03j  3.42269088e-04-1.05823046e-03j
   1.53675484e-03+2.05940240e-04j  3.68181058e-01-9.29651242e-01j
  -1.27930415e-05+3.91054408e-05j  2.94894572e-04-7.64011223e-04j
  -1.24413108e-04-5.24884622e-04j -4.63272962e-03+1.16161784e-02j]
 [-2.35850681e-04+1.92122185e-04j -1.56186730e-07+1.09246533e-06j
   1.38549501e-03+5.79770549e-04j  4.39770054e-05+4.05969506e-04j
   3.86650965e-06-1.54160716e-06j -1.98113770e-06+1.82917071e-06j
  -1.00244294e-03+2.02181525e-03j -3.25721559e-05-1.69023917e-05j
   4.62664987e-05-2.01598624e-04j  2.81436355e-05+7.91001310e-06j
   3.68415300e-01-9.29536267e-01j  1.30089463e-03+8.04939663e-04j
  -2.84193739e-04+7.43194094e-04j  2.39491787e-05-3.85741439e-05j
  -4.64128277e-03+1.15942447e-02j  2.89779822e-03-7.58301936e-03j]
 [ 4.49282592e-05+4.35146237e-04j  1.38611847e-03+5.69645531e-04j
   7.87721735e-08-8.00252911e-06j -4.64213255e-05-2.97252633e-04j
  -4.61576138e-05+3.61558381e-05j -1.00247242e-03+2.02442912e-03j
  -3.67395989e-07+6.52899536e-08j  1.98742546e-06+2.19792934e-06j
   1.01310464e-02-2.17133692e-02j  3.68324025e-01-9.29299669e-01j
   2.69739972e-05+1.68139014e-05j -5.25879341e-04+1.09968442e-03j
  -2.35949229e-04-2.53503431e-04j -4.65871665e-03+1.15765463e-02j
   3.38159699e-07+2.75045924e-05j -6.82952658e-04-2.41403014e-06j]
 [ 1.31554577e-03+5.40944057e-04j  2.71509982e-04-3.27240136e-04j
  -4.16069374e-05-2.98897716e-04j -1.52294837e-05+3.48709019e-06j
  -9.99829621e-04+2.03190797e-03j -1.21674491e-05-5.55818317e-05j
   8.96899717e-07+2.42813281e-06j  4.15559302e-06-1.22875401e-05j
   3.67911296e-01-9.29418839e-01j -7.44454917e-03+2.26683672e-02j
  -1.06428606e-04+1.86181741e-04j -1.68549588e-03+4.43067643e-03j
  -4.53520845e-03+1.14458978e-02j  3.00508947e-03-7.84810888e-03j
   6.92320263e-04-9.38699986e-06j  1.13813098e-05-1.27192452e-05j]
 [ 5.40664044e-06-1.17543239e-05j -1.84577071e-06-5.14028894e-07j
  -3.02667971e-05-2.06746633e-05j  6.60165480e-04-2.16729534e-03j
  -1.56235595e-05-8.12254551e-06j -2.35943489e-04+1.89299878e-04j
  -8.07756861e-06-4.36489463e-04j -1.49986312e-03-5.63476081e-04j
   3.10456161e-05-9.50472099e-05j -4.94307421e-04-4.89723917e-04j
  -3.07649719e-03+7.49289502e-03j  4.56742726e-03-1.16425560e-02j
   1.81103282e-03-4.40670559e-03j  3.26908315e-04-9.82518512e-04j
  -1.19590008e-03-1.25186878e-03j  3.68217487e-01-9.29601322e-01j]
 [-3.40189911e-06+2.27198096e-06j  3.75693067e-07+3.17974201e-07j
   6.56156573e-04-2.16242710e-03j -2.52150779e-05-4.93777889e-06j
  -2.36467549e-04+1.85136281e-04j  3.29286740e-07+1.89950679e-06j
  -1.48570466e-03-5.58207306e-04j -2.97597798e-04+2.98824143e-04j
   4.96244233e-04+4.76579222e-04j  6.24090739e-06-2.86848099e-05j
   4.57546889e-03-1.16266711e-02j -4.58365321e-04+3.07916057e-04j
   4.84445024e-05-2.79421861e-04j  2.95067912e-05+1.57876512e-05j
   3.68478231e-01-9.29546168e-01j -1.68658945e-03-3.27897803e-06j]
 [-1.82044947e-05-6.27089086e-05j  6.53351011e-04-2.15991233e-03j
   1.05908750e-07+2.59774860e-06j -2.30444666e-06-1.79223754e-06j
  -3.48083119e-04+2.51986701e-04j -1.49151956e-03-5.70333030e-04j
  -3.73395334e-07-8.06533505e-06j -3.85524501e-05-3.00784681e-04j
  -2.96896258e-03+7.22236446e-03j  4.58930562e-03-1.17987588e-02j
   1.31681367e-06+1.64242634e-05j -3.06405721e-04+7.47374260e-04j
   7.40233641e-03-2.31697201e-02j  3.68308983e-01-9.29260851e-01j
   2.46273774e-05+1.66421902e-05j -4.74026348e-04+1.04083583e-03j]
 [ 6.59881721e-04-2.16350787e-03j -3.77890686e-05+3.70030677e-05j
   3.02492678e-07-2.60460595e-06j -3.13657000e-06+1.08683428e-05j
  -1.55075452e-03-5.93293791e-04j -2.45822581e-06-4.07071941e-04j
  -4.39283080e-05-2.92696191e-04j -2.34193215e-06+8.80435357e-06j
   4.60385699e-03-1.16186912e-02j -5.65183660e-04+5.81832396e-04j
   3.12652235e-04-7.68757064e-04j -1.41388675e-05+5.60256900e-05j
   3.68019108e-01-9.29401436e-01j -1.04347963e-02+2.18603654e-02j
  -1.47150856e-04+2.51485184e-04j -1.68171933e-03+4.42309169e-03j]]

********* Summary *****************
Final fidelity error 0.001395831070899467
Final penalized l2 error 3.0103039237211263e-08
Final penalized TV regularizer 9.128700843744883e-05
Final objective value 0.0014871180783688014
Final norm value 0.9128700843744882
Final l2 value 3.010303923721126e-07
Final error 4.025312392972609e-08
Terminate reason Exceed the maximum number of iteration of ADMM
Number of iterations 100
Completed in 0:05:24.430621 HH:MM:SS.US
Computational time 324.430621041
Time for each iteration [125.282885125, 9.54076545800001, 128.624717167, 13.854579666000006, 131.109980417, 16.297256124, 133.634668667, 17.794587416000013, 136.02794766699998, 20.294433708000014, 137.542700583, 21.799386999999996, 139.569740583, 24.027274167, 141.504939291, 25.613281416999996, 143.01928758300002, 27.565103499999992, 144.94368100000003, 29.377590374999983, 146.93163487500001, 31.17512870799999, 148.409719958, 32.67299104200001, 149.907871124, 34.46778745900002, 151.447821791, 35.97978304200001, 152.952439041, 37.47393866700003, 154.806744999, 39.28229683400002, 156.609488874, 40.78245666700002, 158.419892291, 42.29198275000002, 159.946104, 43.795433333000005, 161.449636083, 45.310286125000005, 162.967370083, 46.81059216700001, 164.480965291, 48.332567834, 165.983049166, 50.707862167, 168.367904583, 52.65707495799998, 170.20366775000002, 55.201667707999974, 172.28670329200003, 57.132957498999986, 174.081252626, 58.638367373999984, 176.40492983400003, 60.74629645699997, 178.63183300100005, 62.54612674899997, 180.43588829200004, 64.04437449899996, 181.98123325100005, 65.56961966499995, 184.33111021000005, 67.91719162299995, 186.27062629300005, 69.44426587299995, 188.19873396000003, 71.94066403999994, 190.31030062600001, 73.58372974899999, 192.70450200099998, 75.61905741499999, 194.52802041799998, 77.163172998, 196.476285293, 78.66830899799999, 197.96413075200002, 80.20257024799997, 199.52290708499999, 82.97675853999999, 201.855525043, 84.97928779, 203.72065587599997, 87.628135999, 205.33142066699997, 89.87202929099999, 207.41813099999996, 92.46219716600001, 209.66447791699994, 94.01567958300001, 211.75953133299998, 96.44404908299998, 213.524186, 97.94567958300001, 215.174694, 100.43255133299999, 217.57055349999996, 101.96512008299999, 219.914349292, 104.516271749]
